Job array started at: Mon Nov 17 05:59:59 PM CET 2025
Job ID: 10802778
Array Job ID: 10802178
Array Task ID: 30
Node: th-ws-740m15
Loading Julia module...
Module loaded: /software/opt/el_9/x86_64/julia/1.11.3/bin/julia
Changing to project directory...
Current directory: /scratch/n/N.Pfaffenzeller/nikolas_nethive/nethive_multiverse
Running parameter combination 30, replicate 1
Starting Julia simulation...
Running simulation with the following configuration:
  dataset_names: [:car_evaluation]
  param_id: 30
  n_bees: 1
  batch_size: 32
  replicate_id: 1
  punishment: time_out
  lambda_sensitivity: 1
  punish_rate: 0.1
  save_nn_epochs: 0
  production_rate: 1
  interaction_rate: 1
  batches_per_step: 32
  learning_rate: 0.05
  max_output_dim: 4
  n_steps_per_epoch: 1
  dead_time: 1
  max_input_dim: 6
  n_epochs: 100
  seed: 677895647

Starting simulation with configuration:
  dataset_names: [:car_evaluation]
  param_id: 30
  n_bees: 1
  batch_size: 32
  replicate_id: 1
  punishment: time_out
  lambda_sensitivity: 1
  punish_rate: 0.1
  save_nn_epochs: 0
  production_rate: 1
  interaction_rate: 1
  batches_per_step: 32
  run_timestamp: 2025-11-17T18:00:23.502
  learning_rate: 0.05
  max_output_dim: 4
  n_steps_per_epoch: 1
  dead_time: 1
  max_input_dim: 6
  n_epochs: 100
  seed: 677895647
Random seed: 677895647

Job finished at: Mon Nov 17 06:00:34 PM CET 2025
