Job array started at: Mon Nov 17 05:55:27 PM CET 2025
Job ID: 10802716
Array Job ID: 10802178
Array Task ID: 19
Node: th-ws-740m35
Loading Julia module...
Module loaded: /software/opt/el_9/x86_64/julia/1.11.3/bin/julia
Changing to project directory...
Current directory: /scratch/n/N.Pfaffenzeller/nikolas_nethive/nethive_multiverse
Running parameter combination 19, replicate 1
Starting Julia simulation...
Running simulation with the following configuration:
  dataset_names: [:iris]
  param_id: 19
  n_bees: 1
  batch_size: 32
  replicate_id: 1
  punishment: time_out
  lambda_sensitivity: 1
  punish_rate: 0.1
  save_nn_epochs: 0
  production_rate: 1
  interaction_rate: 1
  batches_per_step: 32
  learning_rate: 0.05
  max_output_dim: 3
  n_steps_per_epoch: 1
  dead_time: 1
  max_input_dim: 4
  n_epochs: 100
  seed: 677884647

Starting simulation with configuration:
  dataset_names: [:iris]
  param_id: 19
  n_bees: 1
  batch_size: 32
  replicate_id: 1
  punishment: time_out
  lambda_sensitivity: 1
  punish_rate: 0.1
  save_nn_epochs: 0
  production_rate: 1
  interaction_rate: 1
  batches_per_step: 32
  run_timestamp: 2025-11-17T17:55:52.956
  learning_rate: 0.05
  max_output_dim: 3
  n_steps_per_epoch: 1
  dead_time: 1
  max_input_dim: 4
  n_epochs: 100
  seed: 677884647
Random seed: 677884647

Starting simulation...
time for a gillespie step at time 0.0
sum of production rates: 1.0
sum of interaction rates: 0.0
action executed: (type = :produce, bee1 = 1, bee2 = 1, task = 1)
current accuracies: [0.3333333333333333;;]
current suppressed tasks: Bool[0;;]

Time: 2.07, 
            Production Events: 1, 
            Suppression Events: 0
Time: 2.07, 
            Production Events: 0, 
            Suppression Events: 0
time for a gillespie step at time 2.068534075344946
sum of production rates: 1.0
sum of interaction rates: 0.0
action executed: (type = :produce, bee1 = 1, bee2 = 1, task = 1)
current accuracies: [0.3333333333333333;;]
current suppressed tasks: Bool[0;;]

time for a gillespie step at time 2.351485830585802
sum of production rates: 1.0
sum of interaction rates: 0.0
action executed: (type = :produce, bee1 = 1, bee2 = 1, task = 1)
current accuracies: [0.3333333333333333;;]
current suppressed tasks: Bool[0;;]

Time: 3.51, 
            Production Events: 2, 
            Suppression Events: 0
time for a gillespie step at time 3.507317282542881
sum of production rates: 1.0
sum of interaction rates: 0.0
action executed: (type = :produce, bee1 = 1, bee2 = 1, task = 1)
current accuracies: [0.3333333333333333;;]
current suppressed tasks: Bool[0;;]

Time: 5.81, 
            Production Events: 1, 
            Suppression Events: 0
Time: 5.81, 
            Production Events: 0, 
            Suppression Events: 0
time for a gillespie step at time 5.809486375548658
sum of production rates: 1.0
sum of interaction rates: 0.0
action executed: (type = :produce, bee1 = 1, bee2 = 1, task = 1)
current accuracies: [0.3333333333333333;;]
current suppressed tasks: Bool[0;;]

Time: 6.77, 
            Production Events: 1, 
            Suppression Events: 0
time for a gillespie step at time 6.7684650837200255
sum of production rates: 1.0
sum of interaction rates: 0.0
action executed: (type = :produce, bee1 = 1, bee2 = 1, task = 1)
current accuracies: [0.3333333333333333;;]
current suppressed tasks: Bool[0;;]

Time: 7.36, 
            Production Events: 1, 
            Suppression Events: 0
time for a gillespie step at time 7.3613263618356255
sum of production rates: 1.0
sum of interaction rates: 0.0
action executed: (type = :produce, bee1 = 1, bee2 = 1, task = 1)
current accuracies: [0.3333333333333333;;]
current suppressed tasks: Bool[0;;]

time for a gillespie step at time 7.394440297489144
sum of production rates: 1.0
sum of interaction rates: 0.0
action executed: (type = :produce, bee1 = 1, bee2 = 1, task = 1)
current accuracies: [0.3333333333333333;;]
current suppressed tasks: Bool[0;;]

time for a gillespie step at time 7.769488414694878
sum of production rates: 1.0
sum of interaction rates: 0.0
action executed: (type = :produce, bee1 = 1, bee2 = 1, task = 1)
current accuracies: [0.3333333333333333;;]
current suppressed tasks: Bool[0;;]

Time: 8.39, 
            Production Events: 3, 
            Suppression Events: 0
time for a gillespie step at time 8.391616161084931
sum of production rates: 1.0
sum of interaction rates: 0.0
action executed: (type = :produce, bee1 = 1, bee2 = 1, task = 1)
current accuracies: [0.3333333333333333;;]
current suppressed tasks: Bool[0;;]

time for a gillespie step at time 8.484742440993795
sum of production rates: 1.0
sum of interaction rates: 0.0
action executed: (type = :produce, bee1 = 1, bee2 = 1, task = 1)
current accuracies: [0.3333333333333333;;]
current suppressed tasks: Bool[0;;]

Time: 9.71, 
            Production Events: 2, 
            Suppression Events: 0
time for a gillespie step at time 9.709553344321202
sum of production rates: 1.0
sum of interaction rates: 0.0
action executed: (type = :produce, bee1 = 1, bee2 = 1, task = 1)
current accuracies: [0.3333333333333333;;]
current suppressed tasks: Bool[0;;]

Time: 10.27, 
            Production Events: 1, 
            Suppression Events: 0
time for a gillespie step at time 10.270957641278317
sum of production rates: 1.0
sum of interaction rates: 0.0
action executed: (type = :produce, bee1 = 1, bee2 = 1, task = 1)
current accuracies: [0.3333333333333333;;]
current suppressed tasks: Bool[0;;]

Time: 11.46, 
            Production Events: 1, 
            Suppression Events: 0
time for a gillespie step at time 11.458929019780168
sum of production rates: 1.0
sum of interaction rates: 0.0
action executed: (type = :produce, bee1 = 1, bee2 = 1, task = 1)
current accuracies: [0.3333333333333333;;]
current suppressed tasks: Bool[0;;]

Time: 12.67, 
            Production Events: 1, 
            Suppression Events: 0
time for a gillespie step at time 12.666618657211528
sum of production rates: 1.0
sum of interaction rates: 0.0
action executed: (type = :produce, bee1 = 1, bee2 = 1, task = 1)
current accuracies: [0.3333333333333333;;]
current suppressed tasks: Bool[0;;]

time for a gillespie step at time 12.95182446842956
sum of production rates: 1.0
sum of interaction rates: 0.0
action executed: (type = :produce, bee1 = 1, bee2 = 1, task = 1)
current accuracies: [0.3333333333333333;;]
current suppressed tasks: Bool[0;;]

Time: 14.55, 
            Production Events: 2, 
            Suppression Events: 0
Time: 14.55, 
            Production Events: 0, 
            Suppression Events: 0
time for a gillespie step at time 14.5547943778577
sum of production rates: 1.0
sum of interaction rates: 0.0
action executed: (type = :produce, bee1 = 1, bee2 = 1, task = 1)
current accuracies: [0.3333333333333333;;]
current suppressed tasks: Bool[0;;]

time for a gillespie step at time 14.874977837377909
sum of production rates: 1.0
sum of interaction rates: 0.0
action executed: (type = :produce, bee1 = 1, bee2 = 1, task = 1)
current accuracies: [0.3333333333333333;;]
current suppressed tasks: Bool[0;;]

Time: 15.33, 
            Production Events: 2, 
            Suppression Events: 0
time for a gillespie step at time 15.330109254030718
sum of production rates: 1.0
sum of interaction rates: 0.0
action executed: (type = :produce, bee1 = 1, bee2 = 1, task = 1)
current accuracies: [0.3333333333333333;;]
current suppressed tasks: Bool[0;;]

Time: 16.97, 
            Production Events: 1, 
            Suppression Events: 0
time for a gillespie step at time 16.974460947422223
sum of production rates: 1.0
sum of interaction rates: 0.0
action executed: (type = :produce, bee1 = 1, bee2 = 1, task = 1)
current accuracies: [0.3333333333333333;;]
current suppressed tasks: Bool[0;;]

Time: 18.46, 
            Production Events: 1, 
            Suppression Events: 0
Time: 18.46, 
            Production Events: 0, 
            Suppression Events: 0
time for a gillespie step at time 18.45509204769981
sum of production rates: 1.0
sum of interaction rates: 0.0
action executed: (type = :produce, bee1 = 1, bee2 = 1, task = 1)
current accuracies: [0.3333333333333333;;]
current suppressed tasks: Bool[0;;]

Time: 22.25, 
            Production Events: 1, 
            Suppression Events: 0
Time: 22.25, 
            Production Events: 0, 
            Suppression Events: 0
Time: 22.25, 
            Production Events: 0, 
            Suppression Events: 0
Time: 22.25, 
            Production Events: 0, 
            Suppression Events: 0
time for a gillespie step at time 22.24657600607834
sum of production rates: 1.0
sum of interaction rates: 0.0
action executed: (type = :produce, bee1 = 1, bee2 = 1, task = 1)
current accuracies: [0.3333333333333333;;]
current suppressed tasks: Bool[0;;]

time for a gillespie step at time 22.990206816310476
sum of production rates: 1.0
sum of interaction rates: 0.0
action executed: (type = :produce, bee1 = 1, bee2 = 1, task = 1)
current accuracies: [0.3333333333333333;;]
current suppressed tasks: Bool[0;;]

Time: 26.51, 
            Production Events: 2, 
            Suppression Events: 0
Time: 26.51, 
            Production Events: 0, 
            Suppression Events: 0
Time: 26.51, 
            Production Events: 0, 
            Suppression Events: 0
Time: 26.51, 
            Production Events: 0, 
            Suppression Events: 0
time for a gillespie step at time 26.507768826055113
sum of production rates: 1.0
sum of interaction rates: 0.0
action executed: (type = :produce, bee1 = 1, bee2 = 1, task = 1)
current accuracies: [0.3333333333333333;;]
current suppressed tasks: Bool[0;;]

time for a gillespie step at time 26.652956245572597
sum of production rates: 1.0
sum of interaction rates: 0.0
action executed: (type = :produce, bee1 = 1, bee2 = 1, task = 1)
current accuracies: [0.3333333333333333;;]
current suppressed tasks: Bool[0;;]

Time: 28.45, 
            Production Events: 2, 
            Suppression Events: 0
Time: 28.45, 
            Production Events: 0, 
            Suppression Events: 0
time for a gillespie step at time 28.446319627082538
sum of production rates: 1.0
sum of interaction rates: 0.0
action executed: (type = :produce, bee1 = 1, bee2 = 1, task = 1)
current accuracies: [0.3333333333333333;;]
current suppressed tasks: Bool[0;;]

Time: 29.12, 
            Production Events: 1, 
            Suppression Events: 0
time for a gillespie step at time 29.117875974360604
sum of production rates: 1.0
sum of interaction rates: 0.0
action executed: (type = :produce, bee1 = 1, bee2 = 1, task = 1)
current accuracies: [0.3333333333333333;;]
current suppressed tasks: Bool[0;;]

time for a gillespie step at time 29.13144490292997
sum of production rates: 1.0
sum of interaction rates: 0.0
action executed: (type = :produce, bee1 = 1, bee2 = 1, task = 1)
current accuracies: [0.3333333333333333;;]
current suppressed tasks: Bool[0;;]

Time: 31.86, 
            Production Events: 2, 
            Suppression Events: 0
Time: 31.86, 
            Production Events: 0, 
            Suppression Events: 0
time for a gillespie step at time 31.85682124330763
sum of production rates: 1.0
sum of interaction rates: 0.0
action executed: (type = :produce, bee1 = 1, bee2 = 1, task = 1)
current accuracies: [0.3333333333333333;;]
current suppressed tasks: Bool[0;;]

Time: 32.17, 
            Production Events: 1, 
            Suppression Events: 0
time for a gillespie step at time 32.16715955058129
sum of production rates: 1.0
sum of interaction rates: 0.0
action executed: (type = :produce, bee1 = 1, bee2 = 1, task = 1)
current accuracies: [0.3333333333333333;;]
current suppressed tasks: Bool[0;;]

Time: 33.98, 
            Production Events: 1, 
            Suppression Events: 0
time for a gillespie step at time 33.98188277733423
sum of production rates: 1.0
sum of interaction rates: 0.0
action executed: (type = :produce, bee1 = 1, bee2 = 1, task = 1)
current accuracies: [0.3333333333333333;;]
current suppressed tasks: Bool[0;;]

Time: 34.35, 
            Production Events: 1, 
            Suppression Events: 0
time for a gillespie step at time 34.348536462859464
sum of production rates: 1.0
sum of interaction rates: 0.0
action executed: (type = :produce, bee1 = 1, bee2 = 1, task = 1)
current accuracies: [0.3333333333333333;;]
current suppressed tasks: Bool[0;;]

time for a gillespie step at time 34.670168102626796
sum of production rates: 1.0
sum of interaction rates: 0.0
action executed: (type = :produce, bee1 = 1, bee2 = 1, task = 1)
current accuracies: [0.3333333333333333;;]
current suppressed tasks: Bool[0;;]

Time: 35.21, 
            Production Events: 2, 
            Suppression Events: 0
time for a gillespie step at time 35.21212339606159
sum of production rates: 1.0
sum of interaction rates: 0.0
action executed: (type = :produce, bee1 = 1, bee2 = 1, task = 1)
current accuracies: [0.3333333333333333;;]
current suppressed tasks: Bool[0;;]

Time: 36.31, 
            Production Events: 1, 
            Suppression Events: 0
time for a gillespie step at time 36.30928761164865
sum of production rates: 1.0
sum of interaction rates: 0.0
action executed: (type = :produce, bee1 = 1, bee2 = 1, task = 1)
current accuracies: [0.3333333333333333;;]
current suppressed tasks: Bool[0;;]

Time: 37.28, 
            Production Events: 1, 
            Suppression Events: 0
time for a gillespie step at time 37.27580361815128
sum of production rates: 1.0
sum of interaction rates: 0.0
action executed: (type = :produce, bee1 = 1, bee2 = 1, task = 1)
current accuracies: [0.3333333333333333;;]
current suppressed tasks: Bool[0;;]

time for a gillespie step at time 37.64695049744405
sum of production rates: 1.0
sum of interaction rates: 0.0
action executed: (type = :produce, bee1 = 1, bee2 = 1, task = 1)
current accuracies: [0.3333333333333333;;]
current suppressed tasks: Bool[0;;]

Time: 39.42, 
            Production Events: 2, 
            Suppression Events: 0
Time: 39.42, 
            Production Events: 0, 
            Suppression Events: 0
time for a gillespie step at time 39.415580115766794
sum of production rates: 1.0
sum of interaction rates: 0.0
action executed: (type = :produce, bee1 = 1, bee2 = 1, task = 1)
current accuracies: [0.3333333333333333;;]
current suppressed tasks: Bool[0;;]

Time: 40.76, 
            Production Events: 1, 
            Suppression Events: 0
time for a gillespie step at time 40.75521543852121
sum of production rates: 1.0
sum of interaction rates: 0.0
action executed: (type = :produce, bee1 = 1, bee2 = 1, task = 1)
current accuracies: [0.3333333333333333;;]
current suppressed tasks: Bool[0;;]

Time: 43.47, 
            Production Events: 1, 
            Suppression Events: 0
Time: 43.47, 
            Production Events: 0, 
            Suppression Events: 0
Time: 43.47, 
            Production Events: 0, 
            Suppression Events: 0
time for a gillespie step at time 43.47105096334248
sum of production rates: 1.0
sum of interaction rates: 0.0
action executed: (type = :produce, bee1 = 1, bee2 = 1, task = 1)
current accuracies: [0.3333333333333333;;]
current suppressed tasks: Bool[0;;]

Time: 44.22, 
            Production Events: 1, 
            Suppression Events: 0
time for a gillespie step at time 44.22130544239495
sum of production rates: 1.0
sum of interaction rates: 0.0
action executed: (type = :produce, bee1 = 1, bee2 = 1, task = 1)
current accuracies: [0.3333333333333333;;]
current suppressed tasks: Bool[0;;]

time for a gillespie step at time 44.49325242702413
sum of production rates: 1.0
sum of interaction rates: 0.0
action executed: (type = :produce, bee1 = 1, bee2 = 1, task = 1)
current accuracies: [0.3333333333333333;;]
current suppressed tasks: Bool[0;;]

Time: 45.45, 
            Production Events: 2, 
            Suppression Events: 0
time for a gillespie step at time 45.451896836216754
sum of production rates: 1.0
sum of interaction rates: 0.0
action executed: (type = :produce, bee1 = 1, bee2 = 1, task = 1)
current accuracies: [0.3333333333333333;;]
current suppressed tasks: Bool[0;;]

time for a gillespie step at time 45.59769157368664
sum of production rates: 1.0
sum of interaction rates: 0.0
action executed: (type = :produce, bee1 = 1, bee2 = 1, task = 1)
current accuracies: [0.3333333333333333;;]
current suppressed tasks: Bool[0;;]

time for a gillespie step at time 45.96385058731864
sum of production rates: 1.0
sum of interaction rates: 0.0
action executed: (type = :produce, bee1 = 1, bee2 = 1, task = 1)
current accuracies: [0.3333333333333333;;]
current suppressed tasks: Bool[0;;]

Time: 46.87, 
            Production Events: 3, 
            Suppression Events: 0
time for a gillespie step at time 46.86919413101508
sum of production rates: 1.0
sum of interaction rates: 0.0
action executed: (type = :produce, bee1 = 1, bee2 = 1, task = 1)
current accuracies: [0.3333333333333333;;]
current suppressed tasks: Bool[0;;]

Time: 47.63, 
            Production Events: 1, 
            Suppression Events: 0
time for a gillespie step at time 47.63307174241334
sum of production rates: 1.0
sum of interaction rates: 0.0
action executed: (type = :produce, bee1 = 1, bee2 = 1, task = 1)
current accuracies: [0.3333333333333333;;]
current suppressed tasks: Bool[0;;]

Time: 49.34, 
            Production Events: 1, 
            Suppression Events: 0
Time: 49.34, 
            Production Events: 0, 
            Suppression Events: 0
time for a gillespie step at time 49.336075711399616
sum of production rates: 1.0
sum of interaction rates: 0.0
action executed: (type = :produce, bee1 = 1, bee2 = 1, task = 1)
current accuracies: [0.3333333333333333;;]
current suppressed tasks: Bool[0;;]

Time: 50.39, 
            Production Events: 1, 
            Suppression Events: 0
time for a gillespie step at time 50.390578079125596
sum of production rates: 1.0
sum of interaction rates: 0.0
action executed: (type = :produce, bee1 = 1, bee2 = 1, task = 1)
current accuracies: [0.3333333333333333;;]
current suppressed tasks: Bool[0;;]

Time: 55.4, 
            Production Events: 1, 
            Suppression Events: 0
Time: 55.4, 
            Production Events: 0, 
            Suppression Events: 0
Time: 55.4, 
            Production Events: 0, 
            Suppression Events: 0
Time: 55.4, 
            Production Events: 0, 
            Suppression Events: 0
Time: 55.4, 
            Production Events: 0, 
            Suppression Events: 0
time for a gillespie step at time 55.40322191951374
sum of production rates: 1.0
sum of interaction rates: 0.0
action executed: (type = :produce, bee1 = 1, bee2 = 1, task = 1)
current accuracies: [0.3333333333333333;;]
current suppressed tasks: Bool[0;;]

time for a gillespie step at time 55.97806182433983
sum of production rates: 1.0
sum of interaction rates: 0.0
action executed: (type = :produce, bee1 = 1, bee2 = 1, task = 1)
current accuracies: [0.3333333333333333;;]
current suppressed tasks: Bool[0;;]

Time: 56.77, 
            Production Events: 2, 
            Suppression Events: 0
time for a gillespie step at time 56.76996560030552
sum of production rates: 1.0
sum of interaction rates: 0.0
action executed: (type = :produce, bee1 = 1, bee2 = 1, task = 1)
current accuracies: [0.3333333333333333;;]
current suppressed tasks: Bool[0;;]

Time: 57.87, 
            Production Events: 1, 
            Suppression Events: 0
time for a gillespie step at time 57.873874906824604
sum of production rates: 1.0
sum of interaction rates: 0.0
action executed: (type = :produce, bee1 = 1, bee2 = 1, task = 1)
current accuracies: [0.3333333333333333;;]
current suppressed tasks: Bool[0;;]

Time: 59.43, 
            Production Events: 1, 
            Suppression Events: 0
Time: 59.43, 
            Production Events: 0, 
            Suppression Events: 0
time for a gillespie step at time 59.429027354391195
sum of production rates: 1.0
sum of interaction rates: 0.0
action executed: (type = :produce, bee1 = 1, bee2 = 1, task = 1)
current accuracies: [0.3333333333333333;;]
current suppressed tasks: Bool[0;;]

time for a gillespie step at time 59.62378358661374
sum of production rates: 1.0
sum of interaction rates: 0.0
action executed: (type = :produce, bee1 = 1, bee2 = 1, task = 1)
current accuracies: [0.3333333333333333;;]
current suppressed tasks: Bool[0;;]

Time: 61.83, 
            Production Events: 2, 
            Suppression Events: 0
Time: 61.83, 
            Production Events: 0, 
            Suppression Events: 0
time for a gillespie step at time 61.83421824964846
sum of production rates: 1.0
sum of interaction rates: 0.0
action executed: (type = :produce, bee1 = 1, bee2 = 1, task = 1)
current accuracies: [0.3333333333333333;;]
current suppressed tasks: Bool[0;;]

Time: 62.02, 
            Production Events: 1, 
            Suppression Events: 0
time for a gillespie step at time 62.01618178810153
sum of production rates: 1.0
sum of interaction rates: 0.0
action executed: (type = :produce, bee1 = 1, bee2 = 1, task = 1)
current accuracies: [0.3333333333333333;;]
current suppressed tasks: Bool[0;;]

time for a gillespie step at time 62.54878764194893
sum of production rates: 1.0
sum of interaction rates: 0.0
action executed: (type = :produce, bee1 = 1, bee2 = 1, task = 1)
current accuracies: [0.3333333333333333;;]
current suppressed tasks: Bool[0;;]

Time: 63.87, 
            Production Events: 2, 
            Suppression Events: 0
time for a gillespie step at time 63.86635687531006
sum of production rates: 1.0
sum of interaction rates: 0.0
action executed: (type = :produce, bee1 = 1, bee2 = 1, task = 1)
current accuracies: [0.3333333333333333;;]
current suppressed tasks: Bool[0;;]

Time: 64.11, 
            Production Events: 1, 
            Suppression Events: 0
time for a gillespie step at time 64.10717740585322
sum of production rates: 1.0
sum of interaction rates: 0.0
action executed: (type = :produce, bee1 = 1, bee2 = 1, task = 1)
current accuracies: [0.3333333333333333;;]
current suppressed tasks: Bool[0;;]

Time: 66.53, 
            Production Events: 1, 
            Suppression Events: 0
Time: 66.53, 
            Production Events: 0, 
            Suppression Events: 0
time for a gillespie step at time 66.53478334174696
sum of production rates: 1.0
sum of interaction rates: 0.0
action executed: (type = :produce, bee1 = 1, bee2 = 1, task = 1)
current accuracies: [0.3333333333333333;;]
current suppressed tasks: Bool[0;;]

Time: 69.07, 
            Production Events: 1, 
            Suppression Events: 0
Time: 69.07, 
            Production Events: 0, 
            Suppression Events: 0
Time: 69.07, 
            Production Events: 0, 
            Suppression Events: 0
time for a gillespie step at time 69.07444269293684
sum of production rates: 1.0
sum of interaction rates: 0.0
action executed: (type = :produce, bee1 = 1, bee2 = 1, task = 1)
current accuracies: [0.3333333333333333;;]
current suppressed tasks: Bool[0;;]

time for a gillespie step at time 69.34164362304472
sum of production rates: 1.0
sum of interaction rates: 0.0
action executed: (type = :produce, bee1 = 1, bee2 = 1, task = 1)
current accuracies: [0.3333333333333333;;]
current suppressed tasks: Bool[0;;]

time for a gillespie step at time 69.79513008513099
sum of production rates: 1.0
sum of interaction rates: 0.0
action executed: (type = :produce, bee1 = 1, bee2 = 1, task = 1)
current accuracies: [0.3333333333333333;;]
current suppressed tasks: Bool[0;;]

Time: 70.45, 
            Production Events: 3, 
            Suppression Events: 0
time for a gillespie step at time 70.44957574368668
sum of production rates: 1.0
sum of interaction rates: 0.0
action executed: (type = :produce, bee1 = 1, bee2 = 1, task = 1)
current accuracies: [0.3333333333333333;;]
current suppressed tasks: Bool[0;;]

Time: 74.91, 
            Production Events: 1, 
            Suppression Events: 0
Time: 74.91, 
            Production Events: 0, 
            Suppression Events: 0
Time: 74.91, 
            Production Events: 0, 
            Suppression Events: 0
Time: 74.91, 
            Production Events: 0, 
            Suppression Events: 0
time for a gillespie step at time 74.90959847995663
sum of production rates: 1.0
sum of interaction rates: 0.0
action executed: (type = :produce, bee1 = 1, bee2 = 1, task = 1)
current accuracies: [0.3333333333333333;;]
current suppressed tasks: Bool[0;;]

Time: 77.75, 
            Production Events: 1, 
            Suppression Events: 0
Time: 77.75, 
            Production Events: 0, 
            Suppression Events: 0
Time: 77.75, 
            Production Events: 0, 
            Suppression Events: 0
time for a gillespie step at time 77.748850872562
sum of production rates: 1.0
sum of interaction rates: 0.0
action executed: (type = :produce, bee1 = 1, bee2 = 1, task = 1)
current accuracies: [0.3333333333333333;;]
current suppressed tasks: Bool[0;;]

Time: 78.46, 
            Production Events: 1, 
            Suppression Events: 0
time for a gillespie step at time 78.45791756114866
sum of production rates: 1.0
sum of interaction rates: 0.0
action executed: (type = :produce, bee1 = 1, bee2 = 1, task = 1)
current accuracies: [0.3333333333333333;;]
current suppressed tasks: Bool[0;;]

time for a gillespie step at time 78.88952202336
sum of production rates: 1.0
sum of interaction rates: 0.0
action executed: (type = :produce, bee1 = 1, bee2 = 1, task = 1)
current accuracies: [0.3333333333333333;;]
current suppressed tasks: Bool[0;;]

Time: 79.65, 
            Production Events: 2, 
            Suppression Events: 0
time for a gillespie step at time 79.65155868040978
sum of production rates: 1.0
sum of interaction rates: 0.0
action executed: (type = :produce, bee1 = 1, bee2 = 1, task = 1)
current accuracies: [0.3333333333333333;;]
current suppressed tasks: Bool[0;;]

Time: 80.01, 
            Production Events: 1, 
            Suppression Events: 0
time for a gillespie step at time 80.00755117194728
sum of production rates: 1.0
sum of interaction rates: 0.0
action executed: (type = :produce, bee1 = 1, bee2 = 1, task = 1)
current accuracies: [0.3333333333333333;;]
current suppressed tasks: Bool[0;;]

time for a gillespie step at time 80.61933840140453
sum of production rates: 1.0
sum of interaction rates: 0.0
action executed: (type = :produce, bee1 = 1, bee2 = 1, task = 1)
current accuracies: [0.3333333333333333;;]
current suppressed tasks: Bool[0;;]

time for a gillespie step at time 80.70822050699226
sum of production rates: 1.0
sum of interaction rates: 0.0
action executed: (type = :produce, bee1 = 1, bee2 = 1, task = 1)
current accuracies: [0.3333333333333333;;]
current suppressed tasks: Bool[0;;]

Time: 81.24, 
            Production Events: 3, 
            Suppression Events: 0
time for a gillespie step at time 81.23634957993646
sum of production rates: 1.0
sum of interaction rates: 0.0
action executed: (type = :produce, bee1 = 1, bee2 = 1, task = 1)
current accuracies: [0.3333333333333333;;]
current suppressed tasks: Bool[0;;]

Time: 82.18, 
            Production Events: 1, 
            Suppression Events: 0
time for a gillespie step at time 82.17707614388563
sum of production rates: 1.0
sum of interaction rates: 0.0
action executed: (type = :produce, bee1 = 1, bee2 = 1, task = 1)
current accuracies: [0.3333333333333333;;]
current suppressed tasks: Bool[0;;]

time for a gillespie step at time 82.42029720365628
sum of production rates: 1.0
sum of interaction rates: 0.0
action executed: (type = :produce, bee1 = 1, bee2 = 1, task = 1)
current accuracies: [0.3333333333333333;;]
current suppressed tasks: Bool[0;;]

time for a gillespie step at time 82.80811256781023
sum of production rates: 1.0
sum of interaction rates: 0.0
action executed: (type = :produce, bee1 = 1, bee2 = 1, task = 1)
current accuracies: [0.3333333333333333;;]
current suppressed tasks: Bool[0;;]

Time: 83.81, 
            Production Events: 3, 
            Suppression Events: 0
time for a gillespie step at time 83.80660033456472
sum of production rates: 1.0
sum of interaction rates: 0.0
action executed: (type = :produce, bee1 = 1, bee2 = 1, task = 1)
current accuracies: [0.3333333333333333;;]
current suppressed tasks: Bool[0;;]

Time: 88.21, 
            Production Events: 1, 
            Suppression Events: 0
Time: 88.21, 
            Production Events: 0, 
            Suppression Events: 0
Time: 88.21, 
            Production Events: 0, 
            Suppression Events: 0
Time: 88.21, 
            Production Events: 0, 
            Suppression Events: 0
Time: 88.21, 
            Production Events: 0, 
            Suppression Events: 0
time for a gillespie step at time 88.21352097479541
sum of production rates: 1.0
sum of interaction rates: 0.0
action executed: (type = :produce, bee1 = 1, bee2 = 1, task = 1)
current accuracies: [0.3333333333333333;;]
current suppressed tasks: Bool[0;;]

Time: 90.43, 
            Production Events: 1, 
            Suppression Events: 0
Time: 90.43, 
            Production Events: 0, 
            Suppression Events: 0
time for a gillespie step at time 90.4289423007756
sum of production rates: 1.0
sum of interaction rates: 0.0
action executed: (type = :produce, bee1 = 1, bee2 = 1, task = 1)
current accuracies: [0.3333333333333333;;]
current suppressed tasks: Bool[0;;]

time for a gillespie step at time 90.76618743650437
sum of production rates: 1.0
sum of interaction rates: 0.0
action executed: (type = :produce, bee1 = 1, bee2 = 1, task = 1)
current accuracies: [0.3333333333333333;;]
current suppressed tasks: Bool[0;;]

Time: 91.51, 
            Production Events: 2, 
            Suppression Events: 0
time for a gillespie step at time 91.50587972942702
sum of production rates: 1.0
sum of interaction rates: 0.0
action executed: (type = :produce, bee1 = 1, bee2 = 1, task = 1)
current accuracies: [0.3333333333333333;;]
current suppressed tasks: Bool[0;;]

Time: 93.33, 
            Production Events: 1, 
            Suppression Events: 0
Time: 93.33, 
            Production Events: 0, 
            Suppression Events: 0
time for a gillespie step at time 93.32528046138407
sum of production rates: 1.0
sum of interaction rates: 0.0
action executed: (type = :produce, bee1 = 1, bee2 = 1, task = 1)
current accuracies: [0.3333333333333333;;]
current suppressed tasks: Bool[0;;]

time for a gillespie step at time 93.33988556327715
sum of production rates: 1.0
sum of interaction rates: 0.0
action executed: (type = :produce, bee1 = 1, bee2 = 1, task = 1)
current accuracies: [0.3333333333333333;;]
current suppressed tasks: Bool[0;;]

Time: 95.02, 
            Production Events: 2, 
            Suppression Events: 0
Time: 95.02, 
            Production Events: 0, 
            Suppression Events: 0
time for a gillespie step at time 95.01504722507696
sum of production rates: 1.0
sum of interaction rates: 0.0
action executed: (type = :produce, bee1 = 1, bee2 = 1, task = 1)
current accuracies: [0.3333333333333333;;]
current suppressed tasks: Bool[0;;]

Time: 96.46, 
            Production Events: 1, 
            Suppression Events: 0
time for a gillespie step at time 96.46396283427583
sum of production rates: 1.0
sum of interaction rates: 0.0
action executed: (type = :produce, bee1 = 1, bee2 = 1, task = 1)
current accuracies: [0.3333333333333333;;]
current suppressed tasks: Bool[0;;]

time for a gillespie step at time 96.84725840874523
sum of production rates: 1.0
sum of interaction rates: 0.0
action executed: (type = :produce, bee1 = 1, bee2 = 1, task = 1)
current accuracies: [0.3333333333333333;;]
current suppressed tasks: Bool[0;;]

Time: 97.18, 
            Production Events: 2, 
            Suppression Events: 0
time for a gillespie step at time 97.1838740037399
sum of production rates: 1.0
sum of interaction rates: 0.0
action executed: (type = :produce, bee1 = 1, bee2 = 1, task = 1)
current accuracies: [0.3333333333333333;;]
current suppressed tasks: Bool[0;;]

Time: 98.59, 
            Production Events: 1, 
            Suppression Events: 0
time for a gillespie step at time 98.58795996340052
sum of production rates: 1.0
sum of interaction rates: 0.0
action executed: (type = :produce, bee1 = 1, bee2 = 1, task = 1)
current accuracies: [0.3333333333333333;;]
current suppressed tasks: Bool[0;;]

Time: 99.52, 
            Production Events: 1, 
            Suppression Events: 0
time for a gillespie step at time 99.52282535222706
sum of production rates: 1.0
sum of interaction rates: 0.0
action executed: (type = :produce, bee1 = 1, bee2 = 1, task = 1)
current accuracies: [0.3333333333333333;;]
current suppressed tasks: Bool[0;;]

Time: 101.01, 
            Production Events: 1, 
            Suppression Events: 0
Simulation completed:
  Final time: 101.0117418083616
  Total events: 90
  Wall time: 18.37 seconds

Saving simulation results with clean separation...
Task evolution saved to: single_tasks/new_tasks_training/data/param_19_rep_1_2025-11-17_175552/states.csv
Events saved to: single_tasks/new_tasks_training/data/param_19_rep_1_2025-11-17_175552/events.csv
Saving event log (raw and DataFrame)...
log DataFrame size: (90, 5)
short view:
5×5 DataFrame
 Row │ time     bee1_id  bee2_id  task_id  task_1
     │ Float64  Int64    Int64    Int64    Float64
─────┼──────────────────────────────────────────────
   1 │ 2.06853        1        1        1  0.333333
   2 │ 2.35149        1        1        1  0.333333
   3 │ 3.50732        1        1        1  0.333333
   4 │ 5.80949        1        1        1  0.333333
   5 │ 6.76847        1        1        1  0.333333Event log saved to: single_tasks/new_tasks_training/data/param_19_rep_1_2025-11-17_175552/event_log.json
Event log DataFrame saved to: single_tasks/new_tasks_training/data/param_19_rep_1_2025-11-17_175552/event_log.csv
Metadata and configuration saved to: single_tasks/new_tasks_training/data/param_19_rep_1_2025-11-17_175552/config.json
Task index mapping saved to: single_tasks/new_tasks_training/data/param_19_rep_1_2025-11-17_175552/task_index_mapping.json
All results saved to directory: single_tasks/new_tasks_training/data/param_19_rep_1_2025-11-17_175552
Simulation completed successfully!
Job finished at: Mon Nov 17 05:56:27 PM CET 2025
