Job array started at: Mon Nov 17 05:37:19 PM CET 2025
Job ID: 10802390
Array Job ID: 10802178
Array Task ID: 5
Node: th-ws-740m35
Loading Julia module...
Module loaded: /software/opt/el_9/x86_64/julia/1.11.3/bin/julia
Changing to project directory...
Current directory: /scratch/n/N.Pfaffenzeller/nikolas_nethive/nethive_multiverse
Running parameter combination 5, replicate 1
Starting Julia simulation...
Running simulation with the following configuration:
  dataset_names: [:wdbc]
  param_id: 5
  n_bees: 1
  batch_size: 32
  replicate_id: 1
  punishment: time_out
  lambda_sensitivity: 1
  punish_rate: 0.1
  save_nn_epochs: 0
  production_rate: 1
  interaction_rate: 1
  batches_per_step: 32
  learning_rate: 0.001
  max_output_dim: 2
  n_steps_per_epoch: 1
  dead_time: 1
  max_input_dim: 30
  n_epochs: 100
  seed: 677870647

Starting simulation with configuration:
  dataset_names: [:wdbc]
  param_id: 5
  n_bees: 1
  batch_size: 32
  replicate_id: 1
  punishment: time_out
  lambda_sensitivity: 1
  punish_rate: 0.1
  save_nn_epochs: 0
  production_rate: 1
  interaction_rate: 1
  batches_per_step: 32
  run_timestamp: 2025-11-17T17:37:44.324
  learning_rate: 0.001
  max_output_dim: 2
  n_steps_per_epoch: 1
  dead_time: 1
  max_input_dim: 30
  n_epochs: 100
  seed: 677870647
Random seed: 677870647

Starting simulation...
time for a gillespie step at time 0.0
sum of production rates: 1.0
sum of interaction rates: 0.0
action executed: (type = :produce, bee1 = 1, bee2 = 1, task = 1)
current accuracies: [0.3739130434782609;;]
current suppressed tasks: Bool[0;;]

time for a gillespie step at time 0.029375992585375075
sum of production rates: 1.0
sum of interaction rates: 0.0
action executed: (type = :produce, bee1 = 1, bee2 = 1, task = 1)
current accuracies: [0.10434782608695652;;]
current suppressed tasks: Bool[0;;]

time for a gillespie step at time 0.46471048023735917
sum of production rates: 1.0
sum of interaction rates: 0.0
action executed: (type = :produce, bee1 = 1, bee2 = 1, task = 1)
current accuracies: [0.6260869565217392;;]
current suppressed tasks: Bool[0;;]

time for a gillespie step at time 0.7312397855508899
sum of production rates: 1.0
sum of interaction rates: 0.0
action executed: (type = :produce, bee1 = 1, bee2 = 1, task = 1)
current accuracies: [0.6260869565217392;;]
current suppressed tasks: Bool[0;;]

Time: 1.65, 
            Production Events: 4, 
            Suppression Events: 0
time for a gillespie step at time 1.6452584988043681
sum of production rates: 1.0
sum of interaction rates: 0.0
action executed: (type = :produce, bee1 = 1, bee2 = 1, task = 1)
current accuracies: [0.6260869565217392;;]
current suppressed tasks: Bool[0;;]

Time: 4.22, 
            Production Events: 1, 
            Suppression Events: 0
Time: 4.22, 
            Production Events: 0, 
            Suppression Events: 0
Time: 4.22, 
            Production Events: 0, 
            Suppression Events: 0
time for a gillespie step at time 4.223337852540258
sum of production rates: 1.0
sum of interaction rates: 0.0
action executed: (type = :produce, bee1 = 1, bee2 = 1, task = 1)
current accuracies: [0.6260869565217392;;]
current suppressed tasks: Bool[0;;]

Time: 5.41, 
            Production Events: 1, 
            Suppression Events: 0
time for a gillespie step at time 5.40764741929585
sum of production rates: 1.0
sum of interaction rates: 0.0
action executed: (type = :produce, bee1 = 1, bee2 = 1, task = 1)
current accuracies: [0.6260869565217392;;]
current suppressed tasks: Bool[0;;]

Time: 8.96, 
            Production Events: 1, 
            Suppression Events: 0
Time: 8.96, 
            Production Events: 0, 
            Suppression Events: 0
Time: 8.96, 
            Production Events: 0, 
            Suppression Events: 0
time for a gillespie step at time 8.96461136106701
sum of production rates: 1.0
sum of interaction rates: 0.0
action executed: (type = :produce, bee1 = 1, bee2 = 1, task = 1)
current accuracies: [0.6260869565217392;;]
current suppressed tasks: Bool[0;;]

Time: 9.89, 
            Production Events: 1, 
            Suppression Events: 0
time for a gillespie step at time 9.893323369961456
sum of production rates: 1.0
sum of interaction rates: 0.0
action executed: (type = :produce, bee1 = 1, bee2 = 1, task = 1)
current accuracies: [0.6260869565217392;;]
current suppressed tasks: Bool[0;;]

Time: 10.23, 
            Production Events: 1, 
            Suppression Events: 0
time for a gillespie step at time 10.227627091394695
sum of production rates: 1.0
sum of interaction rates: 0.0
action executed: (type = :produce, bee1 = 1, bee2 = 1, task = 1)
current accuracies: [0.6260869565217392;;]
current suppressed tasks: Bool[0;;]

Time: 13.3, 
            Production Events: 1, 
            Suppression Events: 0
Time: 13.3, 
            Production Events: 0, 
            Suppression Events: 0
Time: 13.3, 
            Production Events: 0, 
            Suppression Events: 0
time for a gillespie step at time 13.303265839314715
sum of production rates: 1.0
sum of interaction rates: 0.0
action executed: (type = :produce, bee1 = 1, bee2 = 1, task = 1)
current accuracies: [0.6260869565217392;;]
current suppressed tasks: Bool[0;;]

time for a gillespie step at time 13.953340081341121
sum of production rates: 1.0
sum of interaction rates: 0.0
action executed: (type = :produce, bee1 = 1, bee2 = 1, task = 1)
current accuracies: [0.6260869565217392;;]
current suppressed tasks: Bool[0;;]

Time: 14.4, 
            Production Events: 2, 
            Suppression Events: 0
time for a gillespie step at time 14.401176242707107
sum of production rates: 1.0
sum of interaction rates: 0.0
action executed: (type = :produce, bee1 = 1, bee2 = 1, task = 1)
current accuracies: [0.6260869565217392;;]
current suppressed tasks: Bool[0;;]

Time: 15.7, 
            Production Events: 1, 
            Suppression Events: 0
time for a gillespie step at time 15.699250822056884
sum of production rates: 1.0
sum of interaction rates: 0.0
action executed: (type = :produce, bee1 = 1, bee2 = 1, task = 1)
current accuracies: [0.6260869565217392;;]
current suppressed tasks: Bool[0;;]

Time: 17.72, 
            Production Events: 1, 
            Suppression Events: 0
Time: 17.72, 
            Production Events: 0, 
            Suppression Events: 0
time for a gillespie step at time 17.719654169186004
sum of production rates: 1.0
sum of interaction rates: 0.0
action executed: (type = :produce, bee1 = 1, bee2 = 1, task = 1)
current accuracies: [0.6260869565217392;;]
current suppressed tasks: Bool[0;;]

Time: 20.22, 
            Production Events: 1, 
            Suppression Events: 0
Time: 20.22, 
            Production Events: 0, 
            Suppression Events: 0
Time: 20.22, 
            Production Events: 0, 
            Suppression Events: 0
time for a gillespie step at time 20.220213203033673
sum of production rates: 1.0
sum of interaction rates: 0.0
action executed: (type = :produce, bee1 = 1, bee2 = 1, task = 1)
current accuracies: [0.6260869565217392;;]
current suppressed tasks: Bool[0;;]

Time: 21.11, 
            Production Events: 1, 
            Suppression Events: 0
time for a gillespie step at time 21.114846102664
sum of production rates: 1.0
sum of interaction rates: 0.0
action executed: (type = :produce, bee1 = 1, bee2 = 1, task = 1)
current accuracies: [0.6260869565217392;;]
current suppressed tasks: Bool[0;;]

time for a gillespie step at time 21.99296345149056
sum of production rates: 1.0
sum of interaction rates: 0.0
action executed: (type = :produce, bee1 = 1, bee2 = 1, task = 1)
current accuracies: [0.6260869565217392;;]
current suppressed tasks: Bool[0;;]

Time: 24.16, 
            Production Events: 2, 
            Suppression Events: 0
Time: 24.16, 
            Production Events: 0, 
            Suppression Events: 0
Time: 24.16, 
            Production Events: 0, 
            Suppression Events: 0
time for a gillespie step at time 24.161610307881993
sum of production rates: 1.0
sum of interaction rates: 0.0
action executed: (type = :produce, bee1 = 1, bee2 = 1, task = 1)
current accuracies: [0.6260869565217392;;]
current suppressed tasks: Bool[0;;]

Time: 25.76, 
            Production Events: 1, 
            Suppression Events: 0
time for a gillespie step at time 25.758047958509685
sum of production rates: 1.0
sum of interaction rates: 0.0
action executed: (type = :produce, bee1 = 1, bee2 = 1, task = 1)
current accuracies: [0.6260869565217392;;]
current suppressed tasks: Bool[0;;]

time for a gillespie step at time 25.960047112154022
sum of production rates: 1.0
sum of interaction rates: 0.0
action executed: (type = :produce, bee1 = 1, bee2 = 1, task = 1)
current accuracies: [0.6260869565217392;;]
current suppressed tasks: Bool[0;;]

time for a gillespie step at time 25.980948670945388
sum of production rates: 1.0
sum of interaction rates: 0.0
action executed: (type = :produce, bee1 = 1, bee2 = 1, task = 1)
current accuracies: [0.6260869565217392;;]
current suppressed tasks: Bool[0;;]

Time: 26.11, 
            Production Events: 3, 
            Suppression Events: 0
time for a gillespie step at time 26.107100901814526
sum of production rates: 1.0
sum of interaction rates: 0.0
action executed: (type = :produce, bee1 = 1, bee2 = 1, task = 1)
current accuracies: [0.6260869565217392;;]
current suppressed tasks: Bool[0;;]

time for a gillespie step at time 26.599935899558744
sum of production rates: 1.0
sum of interaction rates: 0.0
action executed: (type = :produce, bee1 = 1, bee2 = 1, task = 1)
current accuracies: [0.6260869565217392;;]
current suppressed tasks: Bool[0;;]

time for a gillespie step at time 26.836879538116722
sum of production rates: 1.0
sum of interaction rates: 0.0
action executed: (type = :produce, bee1 = 1, bee2 = 1, task = 1)
current accuracies: [0.6260869565217392;;]
current suppressed tasks: Bool[0;;]

Time: 28.08, 
            Production Events: 3, 
            Suppression Events: 0
Time: 28.08, 
            Production Events: 0, 
            Suppression Events: 0
time for a gillespie step at time 28.07735954468539
sum of production rates: 1.0
sum of interaction rates: 0.0
action executed: (type = :produce, bee1 = 1, bee2 = 1, task = 1)
current accuracies: [0.6260869565217392;;]
current suppressed tasks: Bool[0;;]

Time: 29.09, 
            Production Events: 1, 
            Suppression Events: 0
time for a gillespie step at time 29.091922015711052
sum of production rates: 1.0
sum of interaction rates: 0.0
action executed: (type = :produce, bee1 = 1, bee2 = 1, task = 1)
current accuracies: [0.6260869565217392;;]
current suppressed tasks: Bool[0;;]

time for a gillespie step at time 29.28402729185629
sum of production rates: 1.0
sum of interaction rates: 0.0
action executed: (type = :produce, bee1 = 1, bee2 = 1, task = 1)
current accuracies: [0.6260869565217392;;]
current suppressed tasks: Bool[0;;]

Time: 30.48, 
            Production Events: 2, 
            Suppression Events: 0
time for a gillespie step at time 30.48107964867559
sum of production rates: 1.0
sum of interaction rates: 0.0
action executed: (type = :produce, bee1 = 1, bee2 = 1, task = 1)
current accuracies: [0.6260869565217392;;]
current suppressed tasks: Bool[0;;]

Time: 31.86, 
            Production Events: 1, 
            Suppression Events: 0
time for a gillespie step at time 31.857322428018946
sum of production rates: 1.0
sum of interaction rates: 0.0
action executed: (type = :produce, bee1 = 1, bee2 = 1, task = 1)
current accuracies: [0.6260869565217392;;]
current suppressed tasks: Bool[0;;]

Time: 33.55, 
            Production Events: 1, 
            Suppression Events: 0
Time: 33.55, 
            Production Events: 0, 
            Suppression Events: 0
time for a gillespie step at time 33.54515404890019
sum of production rates: 1.0
sum of interaction rates: 0.0
action executed: (type = :produce, bee1 = 1, bee2 = 1, task = 1)
current accuracies: [0.6260869565217392;;]
current suppressed tasks: Bool[0;;]

Time: 35.14, 
            Production Events: 1, 
            Suppression Events: 0
Time: 35.14, 
            Production Events: 0, 
            Suppression Events: 0
time for a gillespie step at time 35.14361170845113
sum of production rates: 1.0
sum of interaction rates: 0.0
action executed: (type = :produce, bee1 = 1, bee2 = 1, task = 1)
current accuracies: [0.6260869565217392;;]
current suppressed tasks: Bool[0;;]

time for a gillespie step at time 35.316912662808924
sum of production rates: 1.0
sum of interaction rates: 0.0
action executed: (type = :produce, bee1 = 1, bee2 = 1, task = 1)
current accuracies: [0.6260869565217392;;]
current suppressed tasks: Bool[0;;]

time for a gillespie step at time 35.89384627580015
sum of production rates: 1.0
sum of interaction rates: 0.0
action executed: (type = :produce, bee1 = 1, bee2 = 1, task = 1)
current accuracies: [0.6260869565217392;;]
current suppressed tasks: Bool[0;;]

Time: 36.12, 
            Production Events: 3, 
            Suppression Events: 0
time for a gillespie step at time 36.11557009418418
sum of production rates: 1.0
sum of interaction rates: 0.0
action executed: (type = :produce, bee1 = 1, bee2 = 1, task = 1)
current accuracies: [0.6260869565217392;;]
current suppressed tasks: Bool[0;;]

Time: 37.43, 
            Production Events: 1, 
            Suppression Events: 0
time for a gillespie step at time 37.433017410828995
sum of production rates: 1.0
sum of interaction rates: 0.0
action executed: (type = :produce, bee1 = 1, bee2 = 1, task = 1)
current accuracies: [0.6260869565217392;;]
current suppressed tasks: Bool[0;;]

Time: 38.36, 
            Production Events: 1, 
            Suppression Events: 0
time for a gillespie step at time 38.363292843508994
sum of production rates: 1.0
sum of interaction rates: 0.0
action executed: (type = :produce, bee1 = 1, bee2 = 1, task = 1)
current accuracies: [0.6260869565217392;;]
current suppressed tasks: Bool[0;;]

time for a gillespie step at time 38.64703539440012
sum of production rates: 1.0
sum of interaction rates: 0.0
action executed: (type = :produce, bee1 = 1, bee2 = 1, task = 1)
current accuracies: [0.6260869565217392;;]
current suppressed tasks: Bool[0;;]

time for a gillespie step at time 38.78983434714318
sum of production rates: 1.0
sum of interaction rates: 0.0
action executed: (type = :produce, bee1 = 1, bee2 = 1, task = 1)
current accuracies: [0.6260869565217392;;]
current suppressed tasks: Bool[0;;]

Time: 39.45, 
            Production Events: 3, 
            Suppression Events: 0
time for a gillespie step at time 39.4532004114851
sum of production rates: 1.0
sum of interaction rates: 0.0
action executed: (type = :produce, bee1 = 1, bee2 = 1, task = 1)
current accuracies: [0.6260869565217392;;]
current suppressed tasks: Bool[0;;]

Time: 40.87, 
            Production Events: 1, 
            Suppression Events: 0
time for a gillespie step at time 40.87020551795899
sum of production rates: 1.0
sum of interaction rates: 0.0
action executed: (type = :produce, bee1 = 1, bee2 = 1, task = 1)
current accuracies: [0.6260869565217392;;]
current suppressed tasks: Bool[0;;]

Time: 42.19, 
            Production Events: 1, 
            Suppression Events: 0
Time: 42.19, 
            Production Events: 0, 
            Suppression Events: 0
time for a gillespie step at time 42.1856072199728
sum of production rates: 1.0
sum of interaction rates: 0.0
action executed: (type = :produce, bee1 = 1, bee2 = 1, task = 1)
current accuracies: [0.6260869565217392;;]
current suppressed tasks: Bool[0;;]

Time: 43.06, 
            Production Events: 1, 
            Suppression Events: 0
time for a gillespie step at time 43.06277148694957
sum of production rates: 1.0
sum of interaction rates: 0.0
action executed: (type = :produce, bee1 = 1, bee2 = 1, task = 1)
current accuracies: [0.6260869565217392;;]
current suppressed tasks: Bool[0;;]

time for a gillespie step at time 43.57772849965197
sum of production rates: 1.0
sum of interaction rates: 0.0
action executed: (type = :produce, bee1 = 1, bee2 = 1, task = 1)
current accuracies: [0.6260869565217392;;]
current suppressed tasks: Bool[0;;]

Time: 44.23, 
            Production Events: 2, 
            Suppression Events: 0
time for a gillespie step at time 44.22870659773394
sum of production rates: 1.0
sum of interaction rates: 0.0
action executed: (type = :produce, bee1 = 1, bee2 = 1, task = 1)
current accuracies: [0.6260869565217392;;]
current suppressed tasks: Bool[0;;]

time for a gillespie step at time 44.24756785014839
sum of production rates: 1.0
sum of interaction rates: 0.0
action executed: (type = :produce, bee1 = 1, bee2 = 1, task = 1)
current accuracies: [0.6260869565217392;;]
current suppressed tasks: Bool[0;;]

Time: 45.32, 
            Production Events: 2, 
            Suppression Events: 0
time for a gillespie step at time 45.32259876825503
sum of production rates: 1.0
sum of interaction rates: 0.0
action executed: (type = :produce, bee1 = 1, bee2 = 1, task = 1)
current accuracies: [0.6260869565217392;;]
current suppressed tasks: Bool[0;;]

time for a gillespie step at time 45.86501920654941
sum of production rates: 1.0
sum of interaction rates: 0.0
action executed: (type = :produce, bee1 = 1, bee2 = 1, task = 1)
current accuracies: [0.6260869565217392;;]
current suppressed tasks: Bool[0;;]

Time: 47.58, 
            Production Events: 2, 
            Suppression Events: 0
Time: 47.58, 
            Production Events: 0, 
            Suppression Events: 0
time for a gillespie step at time 47.575379180778334
sum of production rates: 1.0
sum of interaction rates: 0.0
action executed: (type = :produce, bee1 = 1, bee2 = 1, task = 1)
current accuracies: [0.6260869565217392;;]
current suppressed tasks: Bool[0;;]

Time: 48.9, 
            Production Events: 1, 
            Suppression Events: 0
time for a gillespie step at time 48.90100603621953
sum of production rates: 1.0
sum of interaction rates: 0.0
action executed: (type = :produce, bee1 = 1, bee2 = 1, task = 1)
current accuracies: [0.6260869565217392;;]
current suppressed tasks: Bool[0;;]

Time: 49.88, 
            Production Events: 1, 
            Suppression Events: 0
time for a gillespie step at time 49.87539381996772
sum of production rates: 1.0
sum of interaction rates: 0.0
action executed: (type = :produce, bee1 = 1, bee2 = 1, task = 1)
current accuracies: [0.6260869565217392;;]
current suppressed tasks: Bool[0;;]

Time: 50.73, 
            Production Events: 1, 
            Suppression Events: 0
time for a gillespie step at time 50.73490551010669
sum of production rates: 1.0
sum of interaction rates: 0.0
action executed: (type = :produce, bee1 = 1, bee2 = 1, task = 1)
current accuracies: [0.6260869565217392;;]
current suppressed tasks: Bool[0;;]

time for a gillespie step at time 50.80044555311791
sum of production rates: 1.0
sum of interaction rates: 0.0
action executed: (type = :produce, bee1 = 1, bee2 = 1, task = 1)
current accuracies: [0.6260869565217392;;]
current suppressed tasks: Bool[0;;]

Time: 51.54, 
            Production Events: 2, 
            Suppression Events: 0
time for a gillespie step at time 51.535691805861674
sum of production rates: 1.0
sum of interaction rates: 0.0
action executed: (type = :produce, bee1 = 1, bee2 = 1, task = 1)
current accuracies: [0.6260869565217392;;]
current suppressed tasks: Bool[0;;]

time for a gillespie step at time 51.71076348775133
sum of production rates: 1.0
sum of interaction rates: 0.0
action executed: (type = :produce, bee1 = 1, bee2 = 1, task = 1)
current accuracies: [0.6260869565217392;;]
current suppressed tasks: Bool[0;;]

Time: 52.17, 
            Production Events: 2, 
            Suppression Events: 0
time for a gillespie step at time 52.17320054851984
sum of production rates: 1.0
sum of interaction rates: 0.0
action executed: (type = :produce, bee1 = 1, bee2 = 1, task = 1)
current accuracies: [0.6260869565217392;;]
current suppressed tasks: Bool[0;;]

time for a gillespie step at time 52.829054328437245
sum of production rates: 1.0
sum of interaction rates: 0.0
action executed: (type = :produce, bee1 = 1, bee2 = 1, task = 1)
current accuracies: [0.6260869565217392;;]
current suppressed tasks: Bool[0;;]

Time: 54.1, 
            Production Events: 2, 
            Suppression Events: 0
Time: 54.1, 
            Production Events: 0, 
            Suppression Events: 0
time for a gillespie step at time 54.103432753684004
sum of production rates: 1.0
sum of interaction rates: 0.0
action executed: (type = :produce, bee1 = 1, bee2 = 1, task = 1)
current accuracies: [0.6260869565217392;;]
current suppressed tasks: Bool[0;;]

time for a gillespie step at time 54.76237522710234
sum of production rates: 1.0
sum of interaction rates: 0.0
action executed: (type = :produce, bee1 = 1, bee2 = 1, task = 1)
current accuracies: [0.6260869565217392;;]
current suppressed tasks: Bool[0;;]

Time: 55.65, 
            Production Events: 2, 
            Suppression Events: 0
time for a gillespie step at time 55.646757581759374
sum of production rates: 1.0
sum of interaction rates: 0.0
action executed: (type = :produce, bee1 = 1, bee2 = 1, task = 1)
current accuracies: [0.6260869565217392;;]
current suppressed tasks: Bool[0;;]

time for a gillespie step at time 55.82552316214195
sum of production rates: 1.0
sum of interaction rates: 0.0
action executed: (type = :produce, bee1 = 1, bee2 = 1, task = 1)
current accuracies: [0.6260869565217392;;]
current suppressed tasks: Bool[0;;]

Time: 57.18, 
            Production Events: 2, 
            Suppression Events: 0
Time: 57.18, 
            Production Events: 0, 
            Suppression Events: 0
time for a gillespie step at time 57.17532864446153
sum of production rates: 1.0
sum of interaction rates: 0.0
action executed: (type = :produce, bee1 = 1, bee2 = 1, task = 1)
current accuracies: [0.6260869565217392;;]
current suppressed tasks: Bool[0;;]

time for a gillespie step at time 57.319401074743936
sum of production rates: 1.0
sum of interaction rates: 0.0
action executed: (type = :produce, bee1 = 1, bee2 = 1, task = 1)
current accuracies: [0.6260869565217392;;]
current suppressed tasks: Bool[0;;]

Time: 58.65, 
            Production Events: 2, 
            Suppression Events: 0
time for a gillespie step at time 58.65269334652986
sum of production rates: 1.0
sum of interaction rates: 0.0
action executed: (type = :produce, bee1 = 1, bee2 = 1, task = 1)
current accuracies: [0.6260869565217392;;]
current suppressed tasks: Bool[0;;]

Time: 60.66, 
            Production Events: 1, 
            Suppression Events: 0
Time: 60.66, 
            Production Events: 0, 
            Suppression Events: 0
time for a gillespie step at time 60.65760965540356
sum of production rates: 1.0
sum of interaction rates: 0.0
action executed: (type = :produce, bee1 = 1, bee2 = 1, task = 1)
current accuracies: [0.6260869565217392;;]
current suppressed tasks: Bool[0;;]

Time: 61.2, 
            Production Events: 1, 
            Suppression Events: 0
time for a gillespie step at time 61.19538371559327
sum of production rates: 1.0
sum of interaction rates: 0.0
action executed: (type = :produce, bee1 = 1, bee2 = 1, task = 1)
current accuracies: [0.6260869565217392;;]
current suppressed tasks: Bool[0;;]

Time: 63.45, 
            Production Events: 1, 
            Suppression Events: 0
Time: 63.45, 
            Production Events: 0, 
            Suppression Events: 0
time for a gillespie step at time 63.447320183391646
sum of production rates: 1.0
sum of interaction rates: 0.0
action executed: (type = :produce, bee1 = 1, bee2 = 1, task = 1)
current accuracies: [0.6260869565217392;;]
current suppressed tasks: Bool[0;;]

Time: 65.38, 
            Production Events: 1, 
            Suppression Events: 0
Time: 65.38, 
            Production Events: 0, 
            Suppression Events: 0
time for a gillespie step at time 65.38389270976333
sum of production rates: 1.0
sum of interaction rates: 0.0
action executed: (type = :produce, bee1 = 1, bee2 = 1, task = 1)
current accuracies: [0.6260869565217392;;]
current suppressed tasks: Bool[0;;]

time for a gillespie step at time 65.53795217687771
sum of production rates: 1.0
sum of interaction rates: 0.0
action executed: (type = :produce, bee1 = 1, bee2 = 1, task = 1)
current accuracies: [0.6260869565217392;;]
current suppressed tasks: Bool[0;;]

time for a gillespie step at time 65.94303002471744
sum of production rates: 1.0
sum of interaction rates: 0.0
action executed: (type = :produce, bee1 = 1, bee2 = 1, task = 1)
current accuracies: [0.6260869565217392;;]
current suppressed tasks: Bool[0;;]

Time: 67.75, 
            Production Events: 3, 
            Suppression Events: 0
Time: 67.75, 
            Production Events: 0, 
            Suppression Events: 0
time for a gillespie step at time 67.74905686520896
sum of production rates: 1.0
sum of interaction rates: 0.0
action executed: (type = :produce, bee1 = 1, bee2 = 1, task = 1)
current accuracies: [0.6260869565217392;;]
current suppressed tasks: Bool[0;;]

Time: 68.94, 
            Production Events: 1, 
            Suppression Events: 0
time for a gillespie step at time 68.93837740834508
sum of production rates: 1.0
sum of interaction rates: 0.0
action executed: (type = :produce, bee1 = 1, bee2 = 1, task = 1)
current accuracies: [0.6260869565217392;;]
current suppressed tasks: Bool[0;;]

Time: 69.26, 
            Production Events: 1, 
            Suppression Events: 0
time for a gillespie step at time 69.26379469323166
sum of production rates: 1.0
sum of interaction rates: 0.0
action executed: (type = :produce, bee1 = 1, bee2 = 1, task = 1)
current accuracies: [0.6260869565217392;;]
current suppressed tasks: Bool[0;;]

time for a gillespie step at time 69.83163999893935
sum of production rates: 1.0
sum of interaction rates: 0.0
action executed: (type = :produce, bee1 = 1, bee2 = 1, task = 1)
current accuracies: [0.6260869565217392;;]
current suppressed tasks: Bool[0;;]

Time: 72.59, 
            Production Events: 2, 
            Suppression Events: 0
Time: 72.59, 
            Production Events: 0, 
            Suppression Events: 0
Time: 72.59, 
            Production Events: 0, 
            Suppression Events: 0
time for a gillespie step at time 72.58899975582231
sum of production rates: 1.0
sum of interaction rates: 0.0
action executed: (type = :produce, bee1 = 1, bee2 = 1, task = 1)
current accuracies: [0.6260869565217392;;]
current suppressed tasks: Bool[0;;]

Time: 75.56, 
            Production Events: 1, 
            Suppression Events: 0
Time: 75.56, 
            Production Events: 0, 
            Suppression Events: 0
Time: 75.56, 
            Production Events: 0, 
            Suppression Events: 0
time for a gillespie step at time 75.56292399031214
sum of production rates: 1.0
sum of interaction rates: 0.0
action executed: (type = :produce, bee1 = 1, bee2 = 1, task = 1)
current accuracies: [0.6260869565217392;;]
current suppressed tasks: Bool[0;;]

time for a gillespie step at time 75.6879143787036
sum of production rates: 1.0
sum of interaction rates: 0.0
action executed: (type = :produce, bee1 = 1, bee2 = 1, task = 1)
current accuracies: [0.6260869565217392;;]
current suppressed tasks: Bool[0;;]

Time: 76.19, 
            Production Events: 2, 
            Suppression Events: 0
time for a gillespie step at time 76.18727877304107
sum of production rates: 1.0
sum of interaction rates: 0.0
action executed: (type = :produce, bee1 = 1, bee2 = 1, task = 1)
current accuracies: [0.6260869565217392;;]
current suppressed tasks: Bool[0;;]

time for a gillespie step at time 76.71215672536717
sum of production rates: 1.0
sum of interaction rates: 0.0
action executed: (type = :produce, bee1 = 1, bee2 = 1, task = 1)
current accuracies: [0.6260869565217392;;]
current suppressed tasks: Bool[0;;]

Time: 78.88, 
            Production Events: 2, 
            Suppression Events: 0
Time: 78.88, 
            Production Events: 0, 
            Suppression Events: 0
time for a gillespie step at time 78.88011744794487
sum of production rates: 1.0
sum of interaction rates: 0.0
action executed: (type = :produce, bee1 = 1, bee2 = 1, task = 1)
current accuracies: [0.6260869565217392;;]
current suppressed tasks: Bool[0;;]

Time: 79.42, 
            Production Events: 1, 
            Suppression Events: 0
time for a gillespie step at time 79.42474789226577
sum of production rates: 1.0
sum of interaction rates: 0.0
action executed: (type = :produce, bee1 = 1, bee2 = 1, task = 1)
current accuracies: [0.6260869565217392;;]
current suppressed tasks: Bool[0;;]

time for a gillespie step at time 79.47933375463612
sum of production rates: 1.0
sum of interaction rates: 0.0
action executed: (type = :produce, bee1 = 1, bee2 = 1, task = 1)
current accuracies: [0.6260869565217392;;]
current suppressed tasks: Bool[0;;]

time for a gillespie step at time 79.99612574143272
sum of production rates: 1.0
sum of interaction rates: 0.0
action executed: (type = :produce, bee1 = 1, bee2 = 1, task = 1)
current accuracies: [0.6260869565217392;;]
current suppressed tasks: Bool[0;;]

Time: 81.68, 
            Production Events: 3, 
            Suppression Events: 0
Time: 81.68, 
            Production Events: 0, 
            Suppression Events: 0
time for a gillespie step at time 81.67895897857252
sum of production rates: 1.0
sum of interaction rates: 0.0
action executed: (type = :produce, bee1 = 1, bee2 = 1, task = 1)
current accuracies: [0.6260869565217392;;]
current suppressed tasks: Bool[0;;]

Time: 82.29, 
            Production Events: 1, 
            Suppression Events: 0
time for a gillespie step at time 82.29430592485545
sum of production rates: 1.0
sum of interaction rates: 0.0
action executed: (type = :produce, bee1 = 1, bee2 = 1, task = 1)
current accuracies: [0.6260869565217392;;]
current suppressed tasks: Bool[0;;]

time for a gillespie step at time 82.58260487558707
sum of production rates: 1.0
sum of interaction rates: 0.0
action executed: (type = :produce, bee1 = 1, bee2 = 1, task = 1)
current accuracies: [0.6260869565217392;;]
current suppressed tasks: Bool[0;;]

time for a gillespie step at time 82.91615481767583
sum of production rates: 1.0
sum of interaction rates: 0.0
action executed: (type = :produce, bee1 = 1, bee2 = 1, task = 1)
current accuracies: [0.6260869565217392;;]
current suppressed tasks: Bool[0;;]

time for a gillespie step at time 82.98955531842199
sum of production rates: 1.0
sum of interaction rates: 0.0
action executed: (type = :produce, bee1 = 1, bee2 = 1, task = 1)
current accuracies: [0.6260869565217392;;]
current suppressed tasks: Bool[0;;]

Time: 83.28, 
            Production Events: 4, 
            Suppression Events: 0
time for a gillespie step at time 83.2756873393757
sum of production rates: 1.0
sum of interaction rates: 0.0
action executed: (type = :produce, bee1 = 1, bee2 = 1, task = 1)
current accuracies: [0.6260869565217392;;]
current suppressed tasks: Bool[0;;]

Time: 84.04, 
            Production Events: 1, 
            Suppression Events: 0
time for a gillespie step at time 84.03972639958909
sum of production rates: 1.0
sum of interaction rates: 0.0
action executed: (type = :produce, bee1 = 1, bee2 = 1, task = 1)
current accuracies: [0.6260869565217392;;]
current suppressed tasks: Bool[0;;]

Time: 85.1, 
            Production Events: 1, 
            Suppression Events: 0
time for a gillespie step at time 85.10438118985815
sum of production rates: 1.0
sum of interaction rates: 0.0
action executed: (type = :produce, bee1 = 1, bee2 = 1, task = 1)
current accuracies: [0.6260869565217392;;]
current suppressed tasks: Bool[0;;]

time for a gillespie step at time 85.18235976111812
sum of production rates: 1.0
sum of interaction rates: 0.0
action executed: (type = :produce, bee1 = 1, bee2 = 1, task = 1)
current accuracies: [0.6260869565217392;;]
current suppressed tasks: Bool[0;;]

Time: 87.15, 
            Production Events: 2, 
            Suppression Events: 0
Time: 87.15, 
            Production Events: 0, 
            Suppression Events: 0
time for a gillespie step at time 87.1498779577266
sum of production rates: 1.0
sum of interaction rates: 0.0
action executed: (type = :produce, bee1 = 1, bee2 = 1, task = 1)
current accuracies: [0.6260869565217392;;]
current suppressed tasks: Bool[0;;]

time for a gillespie step at time 87.62074702132765
sum of production rates: 1.0
sum of interaction rates: 0.0
action executed: (type = :produce, bee1 = 1, bee2 = 1, task = 1)
current accuracies: [0.6260869565217392;;]
current suppressed tasks: Bool[0;;]

Time: 88.11, 
            Production Events: 2, 
            Suppression Events: 0
time for a gillespie step at time 88.10567963154148
sum of production rates: 1.0
sum of interaction rates: 0.0
action executed: (type = :produce, bee1 = 1, bee2 = 1, task = 1)
current accuracies: [0.6260869565217392;;]
current suppressed tasks: Bool[0;;]

time for a gillespie step at time 88.6064915263947
sum of production rates: 1.0
sum of interaction rates: 0.0
action executed: (type = :produce, bee1 = 1, bee2 = 1, task = 1)
current accuracies: [0.6260869565217392;;]
current suppressed tasks: Bool[0;;]

Time: 89.22, 
            Production Events: 2, 
            Suppression Events: 0
time for a gillespie step at time 89.21898906657407
sum of production rates: 1.0
sum of interaction rates: 0.0
action executed: (type = :produce, bee1 = 1, bee2 = 1, task = 1)
current accuracies: [0.6260869565217392;;]
current suppressed tasks: Bool[0;;]

Time: 91.1, 
            Production Events: 1, 
            Suppression Events: 0
Time: 91.1, 
            Production Events: 0, 
            Suppression Events: 0
time for a gillespie step at time 91.10303410737586
sum of production rates: 1.0
sum of interaction rates: 0.0
action executed: (type = :produce, bee1 = 1, bee2 = 1, task = 1)
current accuracies: [0.6260869565217392;;]
current suppressed tasks: Bool[0;;]

time for a gillespie step at time 91.56518400642234
sum of production rates: 1.0
sum of interaction rates: 0.0
action executed: (type = :produce, bee1 = 1, bee2 = 1, task = 1)
current accuracies: [0.6260869565217392;;]
current suppressed tasks: Bool[0;;]

Time: 93.29, 
            Production Events: 2, 
            Suppression Events: 0
Time: 93.29, 
            Production Events: 0, 
            Suppression Events: 0
time for a gillespie step at time 93.28822079644426
sum of production rates: 1.0
sum of interaction rates: 0.0
action executed: (type = :produce, bee1 = 1, bee2 = 1, task = 1)
current accuracies: [0.6260869565217392;;]
current suppressed tasks: Bool[0;;]

time for a gillespie step at time 93.68749968671979
sum of production rates: 1.0
sum of interaction rates: 0.0
action executed: (type = :produce, bee1 = 1, bee2 = 1, task = 1)
current accuracies: [0.6260869565217392;;]
current suppressed tasks: Bool[0;;]

Time: 96.7, 
            Production Events: 2, 
            Suppression Events: 0
Time: 96.7, 
            Production Events: 0, 
            Suppression Events: 0
Time: 96.7, 
            Production Events: 0, 
            Suppression Events: 0
time for a gillespie step at time 96.704218729457
sum of production rates: 1.0
sum of interaction rates: 0.0
action executed: (type = :produce, bee1 = 1, bee2 = 1, task = 1)
current accuracies: [0.6260869565217392;;]
current suppressed tasks: Bool[0;;]

Time: 97.32, 
            Production Events: 1, 
            Suppression Events: 0
time for a gillespie step at time 97.3165425264849
sum of production rates: 1.0
sum of interaction rates: 0.0
action executed: (type = :produce, bee1 = 1, bee2 = 1, task = 1)
current accuracies: [0.6260869565217392;;]
current suppressed tasks: Bool[0;;]

Time: 100.09, 
            Production Events: 1, 
            Suppression Events: 0
Time: 100.09, 
            Production Events: 0, 
            Suppression Events: 0
Time: 100.09, 
            Production Events: 0, 
            Suppression Events: 0
Simulation completed:
  Final time: 100.08518183468227
  Total events: 103
  Wall time: 18.47 seconds

Saving simulation results with clean separation...
Task evolution saved to: single_tasks/new_tasks_training/data/param_5_rep_1_2025-11-17_173744/states.csv
Events saved to: single_tasks/new_tasks_training/data/param_5_rep_1_2025-11-17_173744/events.csv
Saving event log (raw and DataFrame)...
log DataFrame size: (103, 5)
short view:
5×5 DataFrame
 Row │ time      bee1_id  bee2_id  task_id  task_1
     │ Float64   Int64    Int64    Int64    Float64
─────┼───────────────────────────────────────────────
   1 │ 0.029376        1        1        1  0.373913
   2 │ 0.46471         1        1        1  0.104348
   3 │ 0.73124         1        1        1  0.626087
   4 │ 1.64526         1        1        1  0.626087
   5 │ 4.22334         1        1        1  0.626087Event log saved to: single_tasks/new_tasks_training/data/param_5_rep_1_2025-11-17_173744/event_log.json
Event log DataFrame saved to: single_tasks/new_tasks_training/data/param_5_rep_1_2025-11-17_173744/event_log.csv
Metadata and configuration saved to: single_tasks/new_tasks_training/data/param_5_rep_1_2025-11-17_173744/config.json
Task index mapping saved to: single_tasks/new_tasks_training/data/param_5_rep_1_2025-11-17_173744/task_index_mapping.json
All results saved to directory: single_tasks/new_tasks_training/data/param_5_rep_1_2025-11-17_173744
Simulation completed successfully!
Job finished at: Mon Nov 17 05:38:19 PM CET 2025
