Job array started at: Mon Nov 17 06:00:59 PM CET 2025
Job ID: 10802784
Array Job ID: 10802178
Array Task ID: 33
Node: th-ws-740m35
Loading Julia module...
Module loaded: /software/opt/el_9/x86_64/julia/1.11.3/bin/julia
Changing to project directory...
Current directory: /scratch/n/N.Pfaffenzeller/nikolas_nethive/nethive_multiverse
Running parameter combination 33, replicate 1
Starting Julia simulation...
Running simulation with the following configuration:
  dataset_names: [:car_evaluation]
  param_id: 33
  n_bees: 1
  batch_size: 32
  replicate_id: 1
  punishment: time_out
  lambda_sensitivity: 1
  punish_rate: 0.1
  save_nn_epochs: 0
  production_rate: 1
  interaction_rate: 1
  batches_per_step: 32
  learning_rate: 1
  max_output_dim: 4
  n_steps_per_epoch: 1
  dead_time: 1
  max_input_dim: 6
  n_epochs: 100
  seed: 677898647

Starting simulation with configuration:
  dataset_names: [:car_evaluation]
  param_id: 33
  n_bees: 1
  batch_size: 32
  replicate_id: 1
  punishment: time_out
  lambda_sensitivity: 1
  punish_rate: 0.1
  save_nn_epochs: 0
  production_rate: 1
  interaction_rate: 1
  batches_per_step: 32
  run_timestamp: 2025-11-17T18:01:24.324
  learning_rate: 1
  max_output_dim: 4
  n_steps_per_epoch: 1
  dead_time: 1
  max_input_dim: 6
  n_epochs: 100
  seed: 677898647
Random seed: 677898647

Job finished at: Mon Nov 17 06:01:35 PM CET 2025
