Job array started at: Mon Nov 17 05:34:22 PM CET 2025
Job ID: 10802193
Array Job ID: 10802178
Array Task ID: 3
Node: th-ws-740m35
Loading Julia module...
Module loaded: /software/opt/el_9/x86_64/julia/1.11.3/bin/julia
Changing to project directory...
Current directory: /scratch/n/N.Pfaffenzeller/nikolas_nethive/nethive_multiverse
Running parameter combination 3, replicate 1
Starting Julia simulation...
Running simulation with the following configuration:
  dataset_names: [:wdbc]
  param_id: 3
  n_bees: 1
  batch_size: 32
  replicate_id: 1
  punishment: time_out
  lambda_sensitivity: 1
  punish_rate: 0.1
  save_nn_epochs: 0
  production_rate: 1
  interaction_rate: 1
  batches_per_step: 32
  learning_rate: 0.0001
  max_output_dim: 2
  n_steps_per_epoch: 1
  dead_time: 1
  max_input_dim: 30
  n_epochs: 100
  seed: 677868647

Starting simulation with configuration:
  dataset_names: [:wdbc]
  param_id: 3
  n_bees: 1
  batch_size: 32
  replicate_id: 1
  punishment: time_out
  lambda_sensitivity: 1
  punish_rate: 0.1
  save_nn_epochs: 0
  production_rate: 1
  interaction_rate: 1
  batches_per_step: 32
  run_timestamp: 2025-11-17T17:34:47.184
  learning_rate: 0.0001
  max_output_dim: 2
  n_steps_per_epoch: 1
  dead_time: 1
  max_input_dim: 30
  n_epochs: 100
  seed: 677868647
Random seed: 677868647

Starting simulation...
time for a gillespie step at time 0.0
sum of production rates: 1.0
sum of interaction rates: 0.0
action executed: (type = :produce, bee1 = 1, bee2 = 1, task = 1)
current accuracies: [0.6260869565217392;;]
current suppressed tasks: Bool[0;;]

time for a gillespie step at time 0.7831795132994663
sum of production rates: 1.0
sum of interaction rates: 0.0
action executed: (type = :produce, bee1 = 1, bee2 = 1, task = 1)
current accuracies: [0.6260869565217392;;]
current suppressed tasks: Bool[0;;]

Time: 3.16, 
            Production Events: 2, 
            Suppression Events: 0
Time: 3.16, 
            Production Events: 0, 
            Suppression Events: 0
Time: 3.16, 
            Production Events: 0, 
            Suppression Events: 0
time for a gillespie step at time 3.16157123374982
sum of production rates: 1.0
sum of interaction rates: 0.0
action executed: (type = :produce, bee1 = 1, bee2 = 1, task = 1)
current accuracies: [0.6260869565217392;;]
current suppressed tasks: Bool[0;;]

time for a gillespie step at time 3.8543533434922077
sum of production rates: 1.0
sum of interaction rates: 0.0
action executed: (type = :produce, bee1 = 1, bee2 = 1, task = 1)
current accuracies: [0.6260869565217392;;]
current suppressed tasks: Bool[0;;]

Time: 4.2, 
            Production Events: 2, 
            Suppression Events: 0
time for a gillespie step at time 4.198174829397452
sum of production rates: 1.0
sum of interaction rates: 0.0
action executed: (type = :produce, bee1 = 1, bee2 = 1, task = 1)
current accuracies: [0.6260869565217392;;]
current suppressed tasks: Bool[0;;]

time for a gillespie step at time 4.300163841744004
sum of production rates: 1.0
sum of interaction rates: 0.0
action executed: (type = :produce, bee1 = 1, bee2 = 1, task = 1)
current accuracies: [0.6260869565217392;;]
current suppressed tasks: Bool[0;;]

Time: 5.04, 
            Production Events: 2, 
            Suppression Events: 0
time for a gillespie step at time 5.035711944173116
sum of production rates: 1.0
sum of interaction rates: 0.0
action executed: (type = :produce, bee1 = 1, bee2 = 1, task = 1)
current accuracies: [0.6260869565217392;;]
current suppressed tasks: Bool[0;;]

Time: 7.48, 
            Production Events: 1, 
            Suppression Events: 0
Time: 7.48, 
            Production Events: 0, 
            Suppression Events: 0
time for a gillespie step at time 7.484789538849803
sum of production rates: 1.0
sum of interaction rates: 0.0
action executed: (type = :produce, bee1 = 1, bee2 = 1, task = 1)
current accuracies: [0.6260869565217392;;]
current suppressed tasks: Bool[0;;]

Time: 8.01, 
            Production Events: 1, 
            Suppression Events: 0
time for a gillespie step at time 8.014981130642463
sum of production rates: 1.0
sum of interaction rates: 0.0
action executed: (type = :produce, bee1 = 1, bee2 = 1, task = 1)
current accuracies: [0.6260869565217392;;]
current suppressed tasks: Bool[0;;]

time for a gillespie step at time 8.368742074248916
sum of production rates: 1.0
sum of interaction rates: 0.0
action executed: (type = :produce, bee1 = 1, bee2 = 1, task = 1)
current accuracies: [0.6260869565217392;;]
current suppressed tasks: Bool[0;;]

Time: 9.38, 
            Production Events: 2, 
            Suppression Events: 0
time for a gillespie step at time 9.37550663552841
sum of production rates: 1.0
sum of interaction rates: 0.0
action executed: (type = :produce, bee1 = 1, bee2 = 1, task = 1)
current accuracies: [0.6260869565217392;;]
current suppressed tasks: Bool[0;;]

time for a gillespie step at time 9.462735714693526
sum of production rates: 1.0
sum of interaction rates: 0.0
action executed: (type = :produce, bee1 = 1, bee2 = 1, task = 1)
current accuracies: [0.6260869565217392;;]
current suppressed tasks: Bool[0;;]

Time: 11.35, 
            Production Events: 2, 
            Suppression Events: 0
Time: 11.35, 
            Production Events: 0, 
            Suppression Events: 0
time for a gillespie step at time 11.345659264225098
sum of production rates: 1.0
sum of interaction rates: 0.0
action executed: (type = :produce, bee1 = 1, bee2 = 1, task = 1)
current accuracies: [0.6260869565217392;;]
current suppressed tasks: Bool[0;;]

Time: 12.05, 
            Production Events: 1, 
            Suppression Events: 0
time for a gillespie step at time 12.04680987155105
sum of production rates: 1.0
sum of interaction rates: 0.0
action executed: (type = :produce, bee1 = 1, bee2 = 1, task = 1)
current accuracies: [0.6260869565217392;;]
current suppressed tasks: Bool[0;;]

time for a gillespie step at time 12.327622658276166
sum of production rates: 1.0
sum of interaction rates: 0.0
action executed: (type = :produce, bee1 = 1, bee2 = 1, task = 1)
current accuracies: [0.6260869565217392;;]
current suppressed tasks: Bool[0;;]

Time: 13.16, 
            Production Events: 2, 
            Suppression Events: 0
time for a gillespie step at time 13.157491420206497
sum of production rates: 1.0
sum of interaction rates: 0.0
action executed: (type = :produce, bee1 = 1, bee2 = 1, task = 1)
current accuracies: [0.6260869565217392;;]
current suppressed tasks: Bool[0;;]

time for a gillespie step at time 13.868431008253596
sum of production rates: 1.0
sum of interaction rates: 0.0
action executed: (type = :produce, bee1 = 1, bee2 = 1, task = 1)
current accuracies: [0.6260869565217392;;]
current suppressed tasks: Bool[0;;]

Time: 14.91, 
            Production Events: 2, 
            Suppression Events: 0
time for a gillespie step at time 14.91314477229877
sum of production rates: 1.0
sum of interaction rates: 0.0
action executed: (type = :produce, bee1 = 1, bee2 = 1, task = 1)
current accuracies: [0.6260869565217392;;]
current suppressed tasks: Bool[0;;]

Time: 17.34, 
            Production Events: 1, 
            Suppression Events: 0
Time: 17.34, 
            Production Events: 0, 
            Suppression Events: 0
Time: 17.34, 
            Production Events: 0, 
            Suppression Events: 0
time for a gillespie step at time 17.336685764416988
sum of production rates: 1.0
sum of interaction rates: 0.0
action executed: (type = :produce, bee1 = 1, bee2 = 1, task = 1)
current accuracies: [0.6260869565217392;;]
current suppressed tasks: Bool[0;;]

time for a gillespie step at time 17.533562725982826
sum of production rates: 1.0
sum of interaction rates: 0.0
action executed: (type = :produce, bee1 = 1, bee2 = 1, task = 1)
current accuracies: [0.6260869565217392;;]
current suppressed tasks: Bool[0;;]

Time: 20.85, 
            Production Events: 2, 
            Suppression Events: 0
Time: 20.85, 
            Production Events: 0, 
            Suppression Events: 0
Time: 20.85, 
            Production Events: 0, 
            Suppression Events: 0
time for a gillespie step at time 20.853795596238555
sum of production rates: 1.0
sum of interaction rates: 0.0
action executed: (type = :produce, bee1 = 1, bee2 = 1, task = 1)
current accuracies: [0.6260869565217392;;]
current suppressed tasks: Bool[0;;]

Time: 21.27, 
            Production Events: 1, 
            Suppression Events: 0
time for a gillespie step at time 21.26851301858077
sum of production rates: 1.0
sum of interaction rates: 0.0
action executed: (type = :produce, bee1 = 1, bee2 = 1, task = 1)
current accuracies: [0.6260869565217392;;]
current suppressed tasks: Bool[0;;]

time for a gillespie step at time 21.84647361707116
sum of production rates: 1.0
sum of interaction rates: 0.0
action executed: (type = :produce, bee1 = 1, bee2 = 1, task = 1)
current accuracies: [0.6260869565217392;;]
current suppressed tasks: Bool[0;;]

Time: 23.57, 
            Production Events: 2, 
            Suppression Events: 0
Time: 23.57, 
            Production Events: 0, 
            Suppression Events: 0
time for a gillespie step at time 23.569508931998403
sum of production rates: 1.0
sum of interaction rates: 0.0
action executed: (type = :produce, bee1 = 1, bee2 = 1, task = 1)
current accuracies: [0.6260869565217392;;]
current suppressed tasks: Bool[0;;]

time for a gillespie step at time 23.768450430111812
sum of production rates: 1.0
sum of interaction rates: 0.0
action executed: (type = :produce, bee1 = 1, bee2 = 1, task = 1)
current accuracies: [0.6260869565217392;;]
current suppressed tasks: Bool[0;;]

time for a gillespie step at time 23.923128321887273
sum of production rates: 1.0
sum of interaction rates: 0.0
action executed: (type = :produce, bee1 = 1, bee2 = 1, task = 1)
current accuracies: [0.6260869565217392;;]
current suppressed tasks: Bool[0;;]

Time: 25.66, 
            Production Events: 3, 
            Suppression Events: 0
Time: 25.66, 
            Production Events: 0, 
            Suppression Events: 0
time for a gillespie step at time 25.660907670612243
sum of production rates: 1.0
sum of interaction rates: 0.0
action executed: (type = :produce, bee1 = 1, bee2 = 1, task = 1)
current accuracies: [0.6260869565217392;;]
current suppressed tasks: Bool[0;;]

time for a gillespie step at time 25.771308184934863
sum of production rates: 1.0
sum of interaction rates: 0.0
action executed: (type = :produce, bee1 = 1, bee2 = 1, task = 1)
current accuracies: [0.6260869565217392;;]
current suppressed tasks: Bool[0;;]

Time: 26.76, 
            Production Events: 2, 
            Suppression Events: 0
time for a gillespie step at time 26.76390840473734
sum of production rates: 1.0
sum of interaction rates: 0.0
action executed: (type = :produce, bee1 = 1, bee2 = 1, task = 1)
current accuracies: [0.6260869565217392;;]
current suppressed tasks: Bool[0;;]

Time: 27.79, 
            Production Events: 1, 
            Suppression Events: 0
time for a gillespie step at time 27.787269282037435
sum of production rates: 1.0
sum of interaction rates: 0.0
action executed: (type = :produce, bee1 = 1, bee2 = 1, task = 1)
current accuracies: [0.6260869565217392;;]
current suppressed tasks: Bool[0;;]

Time: 28.46, 
            Production Events: 1, 
            Suppression Events: 0
time for a gillespie step at time 28.458028711434935
sum of production rates: 1.0
sum of interaction rates: 0.0
action executed: (type = :produce, bee1 = 1, bee2 = 1, task = 1)
current accuracies: [0.6260869565217392;;]
current suppressed tasks: Bool[0;;]

Time: 30.96, 
            Production Events: 1, 
            Suppression Events: 0
Time: 30.96, 
            Production Events: 0, 
            Suppression Events: 0
time for a gillespie step at time 30.96025267988565
sum of production rates: 1.0
sum of interaction rates: 0.0
action executed: (type = :produce, bee1 = 1, bee2 = 1, task = 1)
current accuracies: [0.6260869565217392;;]
current suppressed tasks: Bool[0;;]

Time: 31.97, 
            Production Events: 1, 
            Suppression Events: 0
time for a gillespie step at time 31.967006109100904
sum of production rates: 1.0
sum of interaction rates: 0.0
action executed: (type = :produce, bee1 = 1, bee2 = 1, task = 1)
current accuracies: [0.6260869565217392;;]
current suppressed tasks: Bool[0;;]

Time: 32.93, 
            Production Events: 1, 
            Suppression Events: 0
time for a gillespie step at time 32.92703702015895
sum of production rates: 1.0
sum of interaction rates: 0.0
action executed: (type = :produce, bee1 = 1, bee2 = 1, task = 1)
current accuracies: [0.6260869565217392;;]
current suppressed tasks: Bool[0;;]

Time: 34.64, 
            Production Events: 1, 
            Suppression Events: 0
Time: 34.64, 
            Production Events: 0, 
            Suppression Events: 0
time for a gillespie step at time 34.64080796318436
sum of production rates: 1.0
sum of interaction rates: 0.0
action executed: (type = :produce, bee1 = 1, bee2 = 1, task = 1)
current accuracies: [0.6260869565217392;;]
current suppressed tasks: Bool[0;;]

Time: 35.01, 
            Production Events: 1, 
            Suppression Events: 0
time for a gillespie step at time 35.00899734999083
sum of production rates: 1.0
sum of interaction rates: 0.0
action executed: (type = :produce, bee1 = 1, bee2 = 1, task = 1)
current accuracies: [0.6260869565217392;;]
current suppressed tasks: Bool[0;;]

time for a gillespie step at time 35.173412582502266
sum of production rates: 1.0
sum of interaction rates: 0.0
action executed: (type = :produce, bee1 = 1, bee2 = 1, task = 1)
current accuracies: [0.6260869565217392;;]
current suppressed tasks: Bool[0;;]

time for a gillespie step at time 35.3117596798309
sum of production rates: 1.0
sum of interaction rates: 0.0
action executed: (type = :produce, bee1 = 1, bee2 = 1, task = 1)
current accuracies: [0.6260869565217392;;]
current suppressed tasks: Bool[0;;]

Time: 36.97, 
            Production Events: 3, 
            Suppression Events: 0
time for a gillespie step at time 36.97072003397084
sum of production rates: 1.0
sum of interaction rates: 0.0
action executed: (type = :produce, bee1 = 1, bee2 = 1, task = 1)
current accuracies: [0.6260869565217392;;]
current suppressed tasks: Bool[0;;]

Time: 38.54, 
            Production Events: 1, 
            Suppression Events: 0
Time: 38.54, 
            Production Events: 0, 
            Suppression Events: 0
time for a gillespie step at time 38.53647097215488
sum of production rates: 1.0
sum of interaction rates: 0.0
action executed: (type = :produce, bee1 = 1, bee2 = 1, task = 1)
current accuracies: [0.6260869565217392;;]
current suppressed tasks: Bool[0;;]

Time: 39.18, 
            Production Events: 1, 
            Suppression Events: 0
time for a gillespie step at time 39.18422617852618
sum of production rates: 1.0
sum of interaction rates: 0.0
action executed: (type = :produce, bee1 = 1, bee2 = 1, task = 1)
current accuracies: [0.6260869565217392;;]
current suppressed tasks: Bool[0;;]

Time: 42.08, 
            Production Events: 1, 
            Suppression Events: 0
Time: 42.08, 
            Production Events: 0, 
            Suppression Events: 0
Time: 42.08, 
            Production Events: 0, 
            Suppression Events: 0
time for a gillespie step at time 42.07721795290262
sum of production rates: 1.0
sum of interaction rates: 0.0
action executed: (type = :produce, bee1 = 1, bee2 = 1, task = 1)
current accuracies: [0.6260869565217392;;]
current suppressed tasks: Bool[0;;]

time for a gillespie step at time 42.713939882157824
sum of production rates: 1.0
sum of interaction rates: 0.0
action executed: (type = :produce, bee1 = 1, bee2 = 1, task = 1)
current accuracies: [0.6260869565217392;;]
current suppressed tasks: Bool[0;;]

Time: 43.21, 
            Production Events: 2, 
            Suppression Events: 0
time for a gillespie step at time 43.21000946892836
sum of production rates: 1.0
sum of interaction rates: 0.0
action executed: (type = :produce, bee1 = 1, bee2 = 1, task = 1)
current accuracies: [0.6260869565217392;;]
current suppressed tasks: Bool[0;;]

time for a gillespie step at time 43.91860785914599
sum of production rates: 1.0
sum of interaction rates: 0.0
action executed: (type = :produce, bee1 = 1, bee2 = 1, task = 1)
current accuracies: [0.6260869565217392;;]
current suppressed tasks: Bool[0;;]

Time: 44.22, 
            Production Events: 2, 
            Suppression Events: 0
time for a gillespie step at time 44.22033865401137
sum of production rates: 1.0
sum of interaction rates: 0.0
action executed: (type = :produce, bee1 = 1, bee2 = 1, task = 1)
current accuracies: [0.6260869565217392;;]
current suppressed tasks: Bool[0;;]

time for a gillespie step at time 44.76676536457092
sum of production rates: 1.0
sum of interaction rates: 0.0
action executed: (type = :produce, bee1 = 1, bee2 = 1, task = 1)
current accuracies: [0.6260869565217392;;]
current suppressed tasks: Bool[0;;]

Time: 46.23, 
            Production Events: 2, 
            Suppression Events: 0
Time: 46.23, 
            Production Events: 0, 
            Suppression Events: 0
time for a gillespie step at time 46.22518412205656
sum of production rates: 1.0
sum of interaction rates: 0.0
action executed: (type = :produce, bee1 = 1, bee2 = 1, task = 1)
current accuracies: [0.6260869565217392;;]
current suppressed tasks: Bool[0;;]

time for a gillespie step at time 46.55842021740396
sum of production rates: 1.0
sum of interaction rates: 0.0
action executed: (type = :produce, bee1 = 1, bee2 = 1, task = 1)
current accuracies: [0.6260869565217392;;]
current suppressed tasks: Bool[0;;]

Time: 47.85, 
            Production Events: 2, 
            Suppression Events: 0
time for a gillespie step at time 47.85360590235314
sum of production rates: 1.0
sum of interaction rates: 0.0
action executed: (type = :produce, bee1 = 1, bee2 = 1, task = 1)
current accuracies: [0.6260869565217392;;]
current suppressed tasks: Bool[0;;]

Time: 48.88, 
            Production Events: 1, 
            Suppression Events: 0
time for a gillespie step at time 48.88170981663044
sum of production rates: 1.0
sum of interaction rates: 0.0
action executed: (type = :produce, bee1 = 1, bee2 = 1, task = 1)
current accuracies: [0.6260869565217392;;]
current suppressed tasks: Bool[0;;]

Time: 49.8, 
            Production Events: 1, 
            Suppression Events: 0
time for a gillespie step at time 49.80322720608282
sum of production rates: 1.0
sum of interaction rates: 0.0
action executed: (type = :produce, bee1 = 1, bee2 = 1, task = 1)
current accuracies: [0.6260869565217392;;]
current suppressed tasks: Bool[0;;]

Time: 50.06, 
            Production Events: 1, 
            Suppression Events: 0
time for a gillespie step at time 50.056137309900535
sum of production rates: 1.0
sum of interaction rates: 0.0
action executed: (type = :produce, bee1 = 1, bee2 = 1, task = 1)
current accuracies: [0.6260869565217392;;]
current suppressed tasks: Bool[0;;]

time for a gillespie step at time 50.06343550218194
sum of production rates: 1.0
sum of interaction rates: 0.0
action executed: (type = :produce, bee1 = 1, bee2 = 1, task = 1)
current accuracies: [0.6260869565217392;;]
current suppressed tasks: Bool[0;;]

time for a gillespie step at time 50.70137046462036
sum of production rates: 1.0
sum of interaction rates: 0.0
action executed: (type = :produce, bee1 = 1, bee2 = 1, task = 1)
current accuracies: [0.6260869565217392;;]
current suppressed tasks: Bool[0;;]

Time: 52.82, 
            Production Events: 3, 
            Suppression Events: 0
Time: 52.82, 
            Production Events: 0, 
            Suppression Events: 0
time for a gillespie step at time 52.81546567296879
sum of production rates: 1.0
sum of interaction rates: 0.0
action executed: (type = :produce, bee1 = 1, bee2 = 1, task = 1)
current accuracies: [0.6260869565217392;;]
current suppressed tasks: Bool[0;;]

time for a gillespie step at time 52.9578373237655
sum of production rates: 1.0
sum of interaction rates: 0.0
action executed: (type = :produce, bee1 = 1, bee2 = 1, task = 1)
current accuracies: [0.6260869565217392;;]
current suppressed tasks: Bool[0;;]

Time: 56.0, 
            Production Events: 2, 
            Suppression Events: 0
Time: 56.0, 
            Production Events: 0, 
            Suppression Events: 0
Time: 56.0, 
            Production Events: 0, 
            Suppression Events: 0
Time: 56.0, 
            Production Events: 0, 
            Suppression Events: 0
time for a gillespie step at time 56.000433542130395
sum of production rates: 1.0
sum of interaction rates: 0.0
action executed: (type = :produce, bee1 = 1, bee2 = 1, task = 1)
current accuracies: [0.6260869565217392;;]
current suppressed tasks: Bool[0;;]

time for a gillespie step at time 56.58064658010103
sum of production rates: 1.0
sum of interaction rates: 0.0
action executed: (type = :produce, bee1 = 1, bee2 = 1, task = 1)
current accuracies: [0.6260869565217392;;]
current suppressed tasks: Bool[0;;]

Time: 58.53, 
            Production Events: 2, 
            Suppression Events: 0
Time: 58.53, 
            Production Events: 0, 
            Suppression Events: 0
time for a gillespie step at time 58.52940784093284
sum of production rates: 1.0
sum of interaction rates: 0.0
action executed: (type = :produce, bee1 = 1, bee2 = 1, task = 1)
current accuracies: [0.6260869565217392;;]
current suppressed tasks: Bool[0;;]

Time: 59.83, 
            Production Events: 1, 
            Suppression Events: 0
time for a gillespie step at time 59.828240643361006
sum of production rates: 1.0
sum of interaction rates: 0.0
action executed: (type = :produce, bee1 = 1, bee2 = 1, task = 1)
current accuracies: [0.6260869565217392;;]
current suppressed tasks: Bool[0;;]

time for a gillespie step at time 59.878743544816736
sum of production rates: 1.0
sum of interaction rates: 0.0
action executed: (type = :produce, bee1 = 1, bee2 = 1, task = 1)
current accuracies: [0.6260869565217392;;]
current suppressed tasks: Bool[0;;]

Time: 60.38, 
            Production Events: 2, 
            Suppression Events: 0
time for a gillespie step at time 60.37944580297895
sum of production rates: 1.0
sum of interaction rates: 0.0
action executed: (type = :produce, bee1 = 1, bee2 = 1, task = 1)
current accuracies: [0.6260869565217392;;]
current suppressed tasks: Bool[0;;]

time for a gillespie step at time 60.542100089954225
sum of production rates: 1.0
sum of interaction rates: 0.0
action executed: (type = :produce, bee1 = 1, bee2 = 1, task = 1)
current accuracies: [0.6260869565217392;;]
current suppressed tasks: Bool[0;;]

Time: 61.9, 
            Production Events: 2, 
            Suppression Events: 0
time for a gillespie step at time 61.904752311600724
sum of production rates: 1.0
sum of interaction rates: 0.0
action executed: (type = :produce, bee1 = 1, bee2 = 1, task = 1)
current accuracies: [0.6260869565217392;;]
current suppressed tasks: Bool[0;;]

Time: 62.21, 
            Production Events: 1, 
            Suppression Events: 0
time for a gillespie step at time 62.20990390857102
sum of production rates: 1.0
sum of interaction rates: 0.0
action executed: (type = :produce, bee1 = 1, bee2 = 1, task = 1)
current accuracies: [0.6260869565217392;;]
current suppressed tasks: Bool[0;;]

Time: 63.3, 
            Production Events: 1, 
            Suppression Events: 0
time for a gillespie step at time 63.3010739583034
sum of production rates: 1.0
sum of interaction rates: 0.0
action executed: (type = :produce, bee1 = 1, bee2 = 1, task = 1)
current accuracies: [0.6260869565217392;;]
current suppressed tasks: Bool[0;;]

time for a gillespie step at time 63.7313071677892
sum of production rates: 1.0
sum of interaction rates: 0.0
action executed: (type = :produce, bee1 = 1, bee2 = 1, task = 1)
current accuracies: [0.6260869565217392;;]
current suppressed tasks: Bool[0;;]

Time: 64.05, 
            Production Events: 2, 
            Suppression Events: 0
time for a gillespie step at time 64.05043926502121
sum of production rates: 1.0
sum of interaction rates: 0.0
action executed: (type = :produce, bee1 = 1, bee2 = 1, task = 1)
current accuracies: [0.6260869565217392;;]
current suppressed tasks: Bool[0;;]

time for a gillespie step at time 64.38124809848183
sum of production rates: 1.0
sum of interaction rates: 0.0
action executed: (type = :produce, bee1 = 1, bee2 = 1, task = 1)
current accuracies: [0.6260869565217392;;]
current suppressed tasks: Bool[0;;]

Time: 66.1, 
            Production Events: 2, 
            Suppression Events: 0
Time: 66.1, 
            Production Events: 0, 
            Suppression Events: 0
time for a gillespie step at time 66.10142529051039
sum of production rates: 1.0
sum of interaction rates: 0.0
action executed: (type = :produce, bee1 = 1, bee2 = 1, task = 1)
current accuracies: [0.6260869565217392;;]
current suppressed tasks: Bool[0;;]

time for a gillespie step at time 66.6467326735437
sum of production rates: 1.0
sum of interaction rates: 0.0
action executed: (type = :produce, bee1 = 1, bee2 = 1, task = 1)
current accuracies: [0.6260869565217392;;]
current suppressed tasks: Bool[0;;]

Time: 67.38, 
            Production Events: 2, 
            Suppression Events: 0
time for a gillespie step at time 67.37750013440758
sum of production rates: 1.0
sum of interaction rates: 0.0
action executed: (type = :produce, bee1 = 1, bee2 = 1, task = 1)
current accuracies: [0.6260869565217392;;]
current suppressed tasks: Bool[0;;]

Time: 68.08, 
            Production Events: 1, 
            Suppression Events: 0
time for a gillespie step at time 68.08244348250854
sum of production rates: 1.0
sum of interaction rates: 0.0
action executed: (type = :produce, bee1 = 1, bee2 = 1, task = 1)
current accuracies: [0.6173913043478261;;]
current suppressed tasks: Bool[0;;]

time for a gillespie step at time 68.42603333432827
sum of production rates: 1.0
sum of interaction rates: 0.0
action executed: (type = :produce, bee1 = 1, bee2 = 1, task = 1)
current accuracies: [0.6;;]
current suppressed tasks: Bool[0;;]

Time: 70.62, 
            Production Events: 2, 
            Suppression Events: 0
Time: 70.62, 
            Production Events: 0, 
            Suppression Events: 0
time for a gillespie step at time 70.619742169924
sum of production rates: 1.0
sum of interaction rates: 0.0
action executed: (type = :produce, bee1 = 1, bee2 = 1, task = 1)
current accuracies: [0.6;;]
current suppressed tasks: Bool[0;;]

time for a gillespie step at time 70.93263954063025
sum of production rates: 1.0
sum of interaction rates: 0.0
action executed: (type = :produce, bee1 = 1, bee2 = 1, task = 1)
current accuracies: [0.591304347826087;;]
current suppressed tasks: Bool[0;;]

Time: 72.82, 
            Production Events: 2, 
            Suppression Events: 0
Time: 72.82, 
            Production Events: 0, 
            Suppression Events: 0
time for a gillespie step at time 72.8247205486681
sum of production rates: 1.0
sum of interaction rates: 0.0
action executed: (type = :produce, bee1 = 1, bee2 = 1, task = 1)
current accuracies: [0.6;;]
current suppressed tasks: Bool[0;;]

Time: 73.39, 
            Production Events: 1, 
            Suppression Events: 0
time for a gillespie step at time 73.39055775130433
sum of production rates: 1.0
sum of interaction rates: 0.0
action executed: (type = :produce, bee1 = 1, bee2 = 1, task = 1)
current accuracies: [0.6;;]
current suppressed tasks: Bool[0;;]

Time: 74.98, 
            Production Events: 1, 
            Suppression Events: 0
time for a gillespie step at time 74.98018470891027
sum of production rates: 1.0
sum of interaction rates: 0.0
action executed: (type = :produce, bee1 = 1, bee2 = 1, task = 1)
current accuracies: [0.5826086956521739;;]
current suppressed tasks: Bool[0;;]

Time: 75.96, 
            Production Events: 1, 
            Suppression Events: 0
time for a gillespie step at time 75.9626919939097
sum of production rates: 1.0
sum of interaction rates: 0.0
action executed: (type = :produce, bee1 = 1, bee2 = 1, task = 1)
current accuracies: [0.5565217391304348;;]
current suppressed tasks: Bool[0;;]

time for a gillespie step at time 75.9658152143489
sum of production rates: 1.0
sum of interaction rates: 0.0
action executed: (type = :produce, bee1 = 1, bee2 = 1, task = 1)
current accuracies: [0.5565217391304348;;]
current suppressed tasks: Bool[0;;]

Time: 78.24, 
            Production Events: 2, 
            Suppression Events: 0
Time: 78.24, 
            Production Events: 0, 
            Suppression Events: 0
Time: 78.24, 
            Production Events: 0, 
            Suppression Events: 0
time for a gillespie step at time 78.24222702718654
sum of production rates: 1.0
sum of interaction rates: 0.0
action executed: (type = :produce, bee1 = 1, bee2 = 1, task = 1)
current accuracies: [0.5565217391304348;;]
current suppressed tasks: Bool[0;;]

time for a gillespie step at time 78.3916175457982
sum of production rates: 1.0
sum of interaction rates: 0.0
action executed: (type = :produce, bee1 = 1, bee2 = 1, task = 1)
current accuracies: [0.5217391304347826;;]
current suppressed tasks: Bool[0;;]

Time: 79.87, 
            Production Events: 2, 
            Suppression Events: 0
time for a gillespie step at time 79.87350500192613
sum of production rates: 1.0
sum of interaction rates: 0.0
action executed: (type = :produce, bee1 = 1, bee2 = 1, task = 1)
current accuracies: [0.5130434782608696;;]
current suppressed tasks: Bool[0;;]

Time: 80.03, 
            Production Events: 1, 
            Suppression Events: 0
time for a gillespie step at time 80.03189701697079
sum of production rates: 1.0
sum of interaction rates: 0.0
action executed: (type = :produce, bee1 = 1, bee2 = 1, task = 1)
current accuracies: [0.4956521739130435;;]
current suppressed tasks: Bool[0;;]

Time: 84.24, 
            Production Events: 1, 
            Suppression Events: 0
Time: 84.24, 
            Production Events: 0, 
            Suppression Events: 0
Time: 84.24, 
            Production Events: 0, 
            Suppression Events: 0
Time: 84.24, 
            Production Events: 0, 
            Suppression Events: 0
time for a gillespie step at time 84.2358484215655
sum of production rates: 1.0
sum of interaction rates: 0.0
action executed: (type = :produce, bee1 = 1, bee2 = 1, task = 1)
current accuracies: [0.4782608695652174;;]
current suppressed tasks: Bool[0;;]

time for a gillespie step at time 84.8294344038931
sum of production rates: 1.0
sum of interaction rates: 0.0
action executed: (type = :produce, bee1 = 1, bee2 = 1, task = 1)
current accuracies: [0.45217391304347826;;]
current suppressed tasks: Bool[0;;]

time for a gillespie step at time 84.9617491925834
sum of production rates: 1.0
sum of interaction rates: 0.0
action executed: (type = :produce, bee1 = 1, bee2 = 1, task = 1)
current accuracies: [0.43478260869565216;;]
current suppressed tasks: Bool[0;;]

Time: 87.38, 
            Production Events: 3, 
            Suppression Events: 0
Time: 87.38, 
            Production Events: 0, 
            Suppression Events: 0
Time: 87.38, 
            Production Events: 0, 
            Suppression Events: 0
time for a gillespie step at time 87.38111276856424
sum of production rates: 1.0
sum of interaction rates: 0.0
action executed: (type = :produce, bee1 = 1, bee2 = 1, task = 1)
current accuracies: [0.41739130434782606;;]
current suppressed tasks: Bool[0;;]

time for a gillespie step at time 87.89966562521613
sum of production rates: 1.0
sum of interaction rates: 0.0
action executed: (type = :produce, bee1 = 1, bee2 = 1, task = 1)
current accuracies: [0.34782608695652173;;]
current suppressed tasks: Bool[0;;]

Time: 89.65, 
            Production Events: 2, 
            Suppression Events: 0
Time: 89.65, 
            Production Events: 0, 
            Suppression Events: 0
time for a gillespie step at time 89.65114751853119
sum of production rates: 1.0
sum of interaction rates: 0.0
action executed: (type = :produce, bee1 = 1, bee2 = 1, task = 1)
current accuracies: [0.30434782608695654;;]
current suppressed tasks: Bool[0;;]

Time: 91.21, 
            Production Events: 1, 
            Suppression Events: 0
Time: 91.21, 
            Production Events: 0, 
            Suppression Events: 0
time for a gillespie step at time 91.21376934355953
sum of production rates: 1.0
sum of interaction rates: 0.0
action executed: (type = :produce, bee1 = 1, bee2 = 1, task = 1)
current accuracies: [0.2782608695652174;;]
current suppressed tasks: Bool[0;;]

Time: 92.27, 
            Production Events: 1, 
            Suppression Events: 0
time for a gillespie step at time 92.26868941614663
sum of production rates: 1.0
sum of interaction rates: 0.0
action executed: (type = :produce, bee1 = 1, bee2 = 1, task = 1)
current accuracies: [0.25217391304347825;;]
current suppressed tasks: Bool[0;;]

Time: 93.47, 
            Production Events: 1, 
            Suppression Events: 0
time for a gillespie step at time 93.46619658365468
sum of production rates: 1.0
sum of interaction rates: 0.0
action executed: (type = :produce, bee1 = 1, bee2 = 1, task = 1)
current accuracies: [0.20869565217391303;;]
current suppressed tasks: Bool[0;;]

time for a gillespie step at time 93.94356429269084
sum of production rates: 1.0
sum of interaction rates: 0.0
action executed: (type = :produce, bee1 = 1, bee2 = 1, task = 1)
current accuracies: [0.17391304347826086;;]
current suppressed tasks: Bool[0;;]

Time: 94.81, 
            Production Events: 2, 
            Suppression Events: 0
time for a gillespie step at time 94.80506363805634
sum of production rates: 1.0
sum of interaction rates: 0.0
action executed: (type = :produce, bee1 = 1, bee2 = 1, task = 1)
current accuracies: [0.1565217391304348;;]
current suppressed tasks: Bool[0;;]

time for a gillespie step at time 94.85275621706384
sum of production rates: 1.0
sum of interaction rates: 0.0
action executed: (type = :produce, bee1 = 1, bee2 = 1, task = 1)
current accuracies: [0.14782608695652175;;]
current suppressed tasks: Bool[0;;]

Time: 95.13, 
            Production Events: 2, 
            Suppression Events: 0
time for a gillespie step at time 95.12979200902072
sum of production rates: 1.0
sum of interaction rates: 0.0
action executed: (type = :produce, bee1 = 1, bee2 = 1, task = 1)
current accuracies: [0.13043478260869565;;]
current suppressed tasks: Bool[0;;]

time for a gillespie step at time 95.42541753690243
sum of production rates: 1.0
sum of interaction rates: 0.0
action executed: (type = :produce, bee1 = 1, bee2 = 1, task = 1)
current accuracies: [0.09565217391304348;;]
current suppressed tasks: Bool[0;;]

time for a gillespie step at time 95.5969623958998
sum of production rates: 1.0
sum of interaction rates: 0.0
action executed: (type = :produce, bee1 = 1, bee2 = 1, task = 1)
current accuracies: [0.09565217391304348;;]
current suppressed tasks: Bool[0;;]

Time: 96.19, 
            Production Events: 3, 
            Suppression Events: 0
time for a gillespie step at time 96.18817598147604
sum of production rates: 1.0
sum of interaction rates: 0.0
action executed: (type = :produce, bee1 = 1, bee2 = 1, task = 1)
current accuracies: [0.09565217391304348;;]
current suppressed tasks: Bool[0;;]

time for a gillespie step at time 96.94421461459282
sum of production rates: 1.0
sum of interaction rates: 0.0
action executed: (type = :produce, bee1 = 1, bee2 = 1, task = 1)
current accuracies: [0.10434782608695652;;]
current suppressed tasks: Bool[0;;]

Time: 97.84, 
            Production Events: 2, 
            Suppression Events: 0
time for a gillespie step at time 97.8373252317841
sum of production rates: 1.0
sum of interaction rates: 0.0
action executed: (type = :produce, bee1 = 1, bee2 = 1, task = 1)
current accuracies: [0.13043478260869565;;]
current suppressed tasks: Bool[0;;]

Time: 99.43, 
            Production Events: 1, 
            Suppression Events: 0
Time: 99.43, 
            Production Events: 0, 
            Suppression Events: 0
time for a gillespie step at time 99.43186492816375
sum of production rates: 1.0
sum of interaction rates: 0.0
action executed: (type = :produce, bee1 = 1, bee2 = 1, task = 1)
current accuracies: [0.1391304347826087;;]
current suppressed tasks: Bool[0;;]

Time: 100.01, 
            Production Events: 1, 
            Suppression Events: 0
Simulation completed:
  Final time: 100.00765447722347
  Total events: 105
  Wall time: 18.94 seconds

Saving simulation results with clean separation...
Task evolution saved to: single_tasks/new_tasks_training/data/param_3_rep_1_2025-11-17_173447/states.csv
Events saved to: single_tasks/new_tasks_training/data/param_3_rep_1_2025-11-17_173447/events.csv
Saving event log (raw and DataFrame)...
log DataFrame size: (105, 5)
short view:
5×5 DataFrame
 Row │ time     bee1_id  bee2_id  task_id  task_1
     │ Float64  Int64    Int64    Int64    Float64
─────┼──────────────────────────────────────────────
   1 │ 0.78318        1        1        1  0.626087
   2 │ 3.16157        1        1        1  0.626087
   3 │ 3.85435        1        1        1  0.626087
   4 │ 4.19817        1        1        1  0.626087
   5 │ 4.30016        1        1        1  0.626087Event log saved to: single_tasks/new_tasks_training/data/param_3_rep_1_2025-11-17_173447/event_log.json
Event log DataFrame saved to: single_tasks/new_tasks_training/data/param_3_rep_1_2025-11-17_173447/event_log.csv
Metadata and configuration saved to: single_tasks/new_tasks_training/data/param_3_rep_1_2025-11-17_173447/config.json
Task index mapping saved to: single_tasks/new_tasks_training/data/param_3_rep_1_2025-11-17_173447/task_index_mapping.json
All results saved to directory: single_tasks/new_tasks_training/data/param_3_rep_1_2025-11-17_173447
Simulation completed successfully!
Job finished at: Mon Nov 17 05:35:22 PM CET 2025
