Job array started at: Mon Nov 17 05:41:19 PM CET 2025
Job ID: 10802473
Array Job ID: 10802178
Array Task ID: 8
Node: th-ws-740m35
Loading Julia module...
Module loaded: /software/opt/el_9/x86_64/julia/1.11.3/bin/julia
Changing to project directory...
Current directory: /scratch/n/N.Pfaffenzeller/nikolas_nethive/nethive_multiverse
Running parameter combination 8, replicate 1
Starting Julia simulation...
Running simulation with the following configuration:
  dataset_names: [:wdbc]
  param_id: 8
  n_bees: 1
  batch_size: 32
  replicate_id: 1
  punishment: time_out
  lambda_sensitivity: 1
  punish_rate: 0.1
  save_nn_epochs: 0
  production_rate: 1
  interaction_rate: 1
  batches_per_step: 32
  learning_rate: 0.05
  max_output_dim: 2
  n_steps_per_epoch: 1
  dead_time: 1
  max_input_dim: 30
  n_epochs: 100
  seed: 677873647

Starting simulation with configuration:
  dataset_names: [:wdbc]
  param_id: 8
  n_bees: 1
  batch_size: 32
  replicate_id: 1
  punishment: time_out
  lambda_sensitivity: 1
  punish_rate: 0.1
  save_nn_epochs: 0
  production_rate: 1
  interaction_rate: 1
  batches_per_step: 32
  run_timestamp: 2025-11-17T17:41:44.218
  learning_rate: 0.05
  max_output_dim: 2
  n_steps_per_epoch: 1
  dead_time: 1
  max_input_dim: 30
  n_epochs: 100
  seed: 677873647
Random seed: 677873647

Starting simulation...
time for a gillespie step at time 0.0
sum of production rates: 1.0
sum of interaction rates: 0.0
action executed: (type = :produce, bee1 = 1, bee2 = 1, task = 1)
current accuracies: [0.6260869565217392;;]
current suppressed tasks: Bool[0;;]

time for a gillespie step at time 0.17504376346520292
sum of production rates: 1.0
sum of interaction rates: 0.0
action executed: (type = :produce, bee1 = 1, bee2 = 1, task = 1)
current accuracies: [0.6260869565217392;;]
current suppressed tasks: Bool[0;;]

time for a gillespie step at time 0.48389382039294815
sum of production rates: 1.0
sum of interaction rates: 0.0
action executed: (type = :produce, bee1 = 1, bee2 = 1, task = 1)
current accuracies: [0.6260869565217392;;]
current suppressed tasks: Bool[0;;]

Time: 1.76, 
            Production Events: 3, 
            Suppression Events: 0
time for a gillespie step at time 1.76465451626733
sum of production rates: 1.0
sum of interaction rates: 0.0
action executed: (type = :produce, bee1 = 1, bee2 = 1, task = 1)
current accuracies: [0.6260869565217392;;]
current suppressed tasks: Bool[0;;]

Time: 2.5, 
            Production Events: 1, 
            Suppression Events: 0
time for a gillespie step at time 2.504846234803926
sum of production rates: 1.0
sum of interaction rates: 0.0
action executed: (type = :produce, bee1 = 1, bee2 = 1, task = 1)
current accuracies: [0.6260869565217392;;]
current suppressed tasks: Bool[0;;]

Time: 3.49, 
            Production Events: 1, 
            Suppression Events: 0
time for a gillespie step at time 3.4890406648151195
sum of production rates: 1.0
sum of interaction rates: 0.0
action executed: (type = :produce, bee1 = 1, bee2 = 1, task = 1)
current accuracies: [0.6260869565217392;;]
current suppressed tasks: Bool[0;;]

Time: 6.3, 
            Production Events: 1, 
            Suppression Events: 0
Time: 6.3, 
            Production Events: 0, 
            Suppression Events: 0
Time: 6.3, 
            Production Events: 0, 
            Suppression Events: 0
time for a gillespie step at time 6.300629644101498
sum of production rates: 1.0
sum of interaction rates: 0.0
action executed: (type = :produce, bee1 = 1, bee2 = 1, task = 1)
current accuracies: [0.6260869565217392;;]
current suppressed tasks: Bool[0;;]

time for a gillespie step at time 6.519602475138963
sum of production rates: 1.0
sum of interaction rates: 0.0
action executed: (type = :produce, bee1 = 1, bee2 = 1, task = 1)
current accuracies: [0.6260869565217392;;]
current suppressed tasks: Bool[0;;]

Time: 7.06, 
            Production Events: 2, 
            Suppression Events: 0
time for a gillespie step at time 7.061019460854364
sum of production rates: 1.0
sum of interaction rates: 0.0
action executed: (type = :produce, bee1 = 1, bee2 = 1, task = 1)
current accuracies: [0.6260869565217392;;]
current suppressed tasks: Bool[0;;]

time for a gillespie step at time 7.911882064211396
sum of production rates: 1.0
sum of interaction rates: 0.0
action executed: (type = :produce, bee1 = 1, bee2 = 1, task = 1)
current accuracies: [0.6260869565217392;;]
current suppressed tasks: Bool[0;;]

time for a gillespie step at time 7.994889968197482
sum of production rates: 1.0
sum of interaction rates: 0.0
action executed: (type = :produce, bee1 = 1, bee2 = 1, task = 1)
current accuracies: [0.6260869565217392;;]
current suppressed tasks: Bool[0;;]

Time: 8.23, 
            Production Events: 3, 
            Suppression Events: 0
time for a gillespie step at time 8.22531997207729
sum of production rates: 1.0
sum of interaction rates: 0.0
action executed: (type = :produce, bee1 = 1, bee2 = 1, task = 1)
current accuracies: [0.6260869565217392;;]
current suppressed tasks: Bool[0;;]

Time: 9.04, 
            Production Events: 1, 
            Suppression Events: 0
time for a gillespie step at time 9.036761263962093
sum of production rates: 1.0
sum of interaction rates: 0.0
action executed: (type = :produce, bee1 = 1, bee2 = 1, task = 1)
current accuracies: [0.6260869565217392;;]
current suppressed tasks: Bool[0;;]

time for a gillespie step at time 9.746873520893189
sum of production rates: 1.0
sum of interaction rates: 0.0
action executed: (type = :produce, bee1 = 1, bee2 = 1, task = 1)
current accuracies: [0.6260869565217392;;]
current suppressed tasks: Bool[0;;]

Time: 10.86, 
            Production Events: 2, 
            Suppression Events: 0
time for a gillespie step at time 10.861701289461639
sum of production rates: 1.0
sum of interaction rates: 0.0
action executed: (type = :produce, bee1 = 1, bee2 = 1, task = 1)
current accuracies: [0.6260869565217392;;]
current suppressed tasks: Bool[0;;]

time for a gillespie step at time 10.925436933895387
sum of production rates: 1.0
sum of interaction rates: 0.0
action executed: (type = :produce, bee1 = 1, bee2 = 1, task = 1)
current accuracies: [0.6260869565217392;;]
current suppressed tasks: Bool[0;;]

Time: 13.08, 
            Production Events: 2, 
            Suppression Events: 0
Time: 13.08, 
            Production Events: 0, 
            Suppression Events: 0
Time: 13.08, 
            Production Events: 0, 
            Suppression Events: 0
time for a gillespie step at time 13.076435542614288
sum of production rates: 1.0
sum of interaction rates: 0.0
action executed: (type = :produce, bee1 = 1, bee2 = 1, task = 1)
current accuracies: [0.6260869565217392;;]
current suppressed tasks: Bool[0;;]

Time: 14.32, 
            Production Events: 1, 
            Suppression Events: 0
time for a gillespie step at time 14.317020591542844
sum of production rates: 1.0
sum of interaction rates: 0.0
action executed: (type = :produce, bee1 = 1, bee2 = 1, task = 1)
current accuracies: [0.6260869565217392;;]
current suppressed tasks: Bool[0;;]

time for a gillespie step at time 14.742202942980166
sum of production rates: 1.0
sum of interaction rates: 0.0
action executed: (type = :produce, bee1 = 1, bee2 = 1, task = 1)
current accuracies: [0.6260869565217392;;]
current suppressed tasks: Bool[0;;]

Time: 16.31, 
            Production Events: 2, 
            Suppression Events: 0
Time: 16.31, 
            Production Events: 0, 
            Suppression Events: 0
time for a gillespie step at time 16.306434722733275
sum of production rates: 1.0
sum of interaction rates: 0.0
action executed: (type = :produce, bee1 = 1, bee2 = 1, task = 1)
current accuracies: [0.6260869565217392;;]
current suppressed tasks: Bool[0;;]

Time: 17.32, 
            Production Events: 1, 
            Suppression Events: 0
time for a gillespie step at time 17.31659074585849
sum of production rates: 1.0
sum of interaction rates: 0.0
action executed: (type = :produce, bee1 = 1, bee2 = 1, task = 1)
current accuracies: [0.6260869565217392;;]
current suppressed tasks: Bool[0;;]

Time: 18.12, 
            Production Events: 1, 
            Suppression Events: 0
time for a gillespie step at time 18.123348202600802
sum of production rates: 1.0
sum of interaction rates: 0.0
action executed: (type = :produce, bee1 = 1, bee2 = 1, task = 1)
current accuracies: [0.6260869565217392;;]
current suppressed tasks: Bool[0;;]

Time: 21.38, 
            Production Events: 1, 
            Suppression Events: 0
Time: 21.38, 
            Production Events: 0, 
            Suppression Events: 0
Time: 21.38, 
            Production Events: 0, 
            Suppression Events: 0
time for a gillespie step at time 21.377031580923237
sum of production rates: 1.0
sum of interaction rates: 0.0
action executed: (type = :produce, bee1 = 1, bee2 = 1, task = 1)
current accuracies: [0.6260869565217392;;]
current suppressed tasks: Bool[0;;]

Time: 23.94, 
            Production Events: 1, 
            Suppression Events: 0
Time: 23.94, 
            Production Events: 0, 
            Suppression Events: 0
time for a gillespie step at time 23.941282924376267
sum of production rates: 1.0
sum of interaction rates: 0.0
action executed: (type = :produce, bee1 = 1, bee2 = 1, task = 1)
current accuracies: [0.6260869565217392;;]
current suppressed tasks: Bool[0;;]

Time: 25.99, 
            Production Events: 1, 
            Suppression Events: 0
Time: 25.99, 
            Production Events: 0, 
            Suppression Events: 0
time for a gillespie step at time 25.99236007168148
sum of production rates: 1.0
sum of interaction rates: 0.0
action executed: (type = :produce, bee1 = 1, bee2 = 1, task = 1)
current accuracies: [0.6260869565217392;;]
current suppressed tasks: Bool[0;;]

Time: 27.34, 
            Production Events: 1, 
            Suppression Events: 0
Time: 27.34, 
            Production Events: 0, 
            Suppression Events: 0
time for a gillespie step at time 27.335381563810067
sum of production rates: 1.0
sum of interaction rates: 0.0
action executed: (type = :produce, bee1 = 1, bee2 = 1, task = 1)
current accuracies: [0.6260869565217392;;]
current suppressed tasks: Bool[0;;]

Time: 28.8, 
            Production Events: 1, 
            Suppression Events: 0
time for a gillespie step at time 28.79983460249238
sum of production rates: 1.0
sum of interaction rates: 0.0
action executed: (type = :produce, bee1 = 1, bee2 = 1, task = 1)
current accuracies: [0.6260869565217392;;]
current suppressed tasks: Bool[0;;]

time for a gillespie step at time 28.82765114589157
sum of production rates: 1.0
sum of interaction rates: 0.0
action executed: (type = :produce, bee1 = 1, bee2 = 1, task = 1)
current accuracies: [0.6260869565217392;;]
current suppressed tasks: Bool[0;;]

Time: 29.07, 
            Production Events: 2, 
            Suppression Events: 0
time for a gillespie step at time 29.071636612962305
sum of production rates: 1.0
sum of interaction rates: 0.0
action executed: (type = :produce, bee1 = 1, bee2 = 1, task = 1)
current accuracies: [0.6260869565217392;;]
current suppressed tasks: Bool[0;;]

time for a gillespie step at time 29.91950130603003
sum of production rates: 1.0
sum of interaction rates: 0.0
action executed: (type = :produce, bee1 = 1, bee2 = 1, task = 1)
current accuracies: [0.6260869565217392;;]
current suppressed tasks: Bool[0;;]

time for a gillespie step at time 29.943513261101387
sum of production rates: 1.0
sum of interaction rates: 0.0
action executed: (type = :produce, bee1 = 1, bee2 = 1, task = 1)
current accuracies: [0.6260869565217392;;]
current suppressed tasks: Bool[0;;]

Time: 30.33, 
            Production Events: 3, 
            Suppression Events: 0
time for a gillespie step at time 30.33049281257136
sum of production rates: 1.0
sum of interaction rates: 0.0
action executed: (type = :produce, bee1 = 1, bee2 = 1, task = 1)
current accuracies: [0.6260869565217392;;]
current suppressed tasks: Bool[0;;]

Time: 32.51, 
            Production Events: 1, 
            Suppression Events: 0
Time: 32.51, 
            Production Events: 0, 
            Suppression Events: 0
time for a gillespie step at time 32.50865069424537
sum of production rates: 1.0
sum of interaction rates: 0.0
action executed: (type = :produce, bee1 = 1, bee2 = 1, task = 1)
current accuracies: [0.6260869565217392;;]
current suppressed tasks: Bool[0;;]

Time: 34.35, 
            Production Events: 1, 
            Suppression Events: 0
Time: 34.35, 
            Production Events: 0, 
            Suppression Events: 0
time for a gillespie step at time 34.35113234987805
sum of production rates: 1.0
sum of interaction rates: 0.0
action executed: (type = :produce, bee1 = 1, bee2 = 1, task = 1)
current accuracies: [0.6260869565217392;;]
current suppressed tasks: Bool[0;;]

Time: 37.86, 
            Production Events: 1, 
            Suppression Events: 0
Time: 37.86, 
            Production Events: 0, 
            Suppression Events: 0
Time: 37.86, 
            Production Events: 0, 
            Suppression Events: 0
time for a gillespie step at time 37.8626969391398
sum of production rates: 1.0
sum of interaction rates: 0.0
action executed: (type = :produce, bee1 = 1, bee2 = 1, task = 1)
current accuracies: [0.6260869565217392;;]
current suppressed tasks: Bool[0;;]

Time: 39.2, 
            Production Events: 1, 
            Suppression Events: 0
Time: 39.2, 
            Production Events: 0, 
            Suppression Events: 0
time for a gillespie step at time 39.20245042336978
sum of production rates: 1.0
sum of interaction rates: 0.0
action executed: (type = :produce, bee1 = 1, bee2 = 1, task = 1)
current accuracies: [0.6260869565217392;;]
current suppressed tasks: Bool[0;;]

time for a gillespie step at time 39.626396778388056
sum of production rates: 1.0
sum of interaction rates: 0.0
action executed: (type = :produce, bee1 = 1, bee2 = 1, task = 1)
current accuracies: [0.6260869565217392;;]
current suppressed tasks: Bool[0;;]

time for a gillespie step at time 39.659279372165145
sum of production rates: 1.0
sum of interaction rates: 0.0
action executed: (type = :produce, bee1 = 1, bee2 = 1, task = 1)
current accuracies: [0.6260869565217392;;]
current suppressed tasks: Bool[0;;]

Time: 40.9, 
            Production Events: 3, 
            Suppression Events: 0
time for a gillespie step at time 40.90105216752682
sum of production rates: 1.0
sum of interaction rates: 0.0
action executed: (type = :produce, bee1 = 1, bee2 = 1, task = 1)
current accuracies: [0.6260869565217392;;]
current suppressed tasks: Bool[0;;]

Time: 41.64, 
            Production Events: 1, 
            Suppression Events: 0
time for a gillespie step at time 41.638168153111394
sum of production rates: 1.0
sum of interaction rates: 0.0
action executed: (type = :produce, bee1 = 1, bee2 = 1, task = 1)
current accuracies: [0.6260869565217392;;]
current suppressed tasks: Bool[0;;]

Time: 42.14, 
            Production Events: 1, 
            Suppression Events: 0
time for a gillespie step at time 42.13752437674462
sum of production rates: 1.0
sum of interaction rates: 0.0
action executed: (type = :produce, bee1 = 1, bee2 = 1, task = 1)
current accuracies: [0.6260869565217392;;]
current suppressed tasks: Bool[0;;]

Time: 44.19, 
            Production Events: 1, 
            Suppression Events: 0
Time: 44.19, 
            Production Events: 0, 
            Suppression Events: 0
time for a gillespie step at time 44.18955270809839
sum of production rates: 1.0
sum of interaction rates: 0.0
action executed: (type = :produce, bee1 = 1, bee2 = 1, task = 1)
current accuracies: [0.6260869565217392;;]
current suppressed tasks: Bool[0;;]

Time: 45.44, 
            Production Events: 1, 
            Suppression Events: 0
time for a gillespie step at time 45.440212037781464
sum of production rates: 1.0
sum of interaction rates: 0.0
action executed: (type = :produce, bee1 = 1, bee2 = 1, task = 1)
current accuracies: [0.6260869565217392;;]
current suppressed tasks: Bool[0;;]

time for a gillespie step at time 45.44162548844006
sum of production rates: 1.0
sum of interaction rates: 0.0
action executed: (type = :produce, bee1 = 1, bee2 = 1, task = 1)
current accuracies: [0.6260869565217392;;]
current suppressed tasks: Bool[0;;]

time for a gillespie step at time 45.732965037003474
sum of production rates: 1.0
sum of interaction rates: 0.0
action executed: (type = :produce, bee1 = 1, bee2 = 1, task = 1)
current accuracies: [0.6260869565217392;;]
current suppressed tasks: Bool[0;;]

Time: 46.71, 
            Production Events: 3, 
            Suppression Events: 0
time for a gillespie step at time 46.71199819892677
sum of production rates: 1.0
sum of interaction rates: 0.0
action executed: (type = :produce, bee1 = 1, bee2 = 1, task = 1)
current accuracies: [0.6260869565217392;;]
current suppressed tasks: Bool[0;;]

Time: 48.76, 
            Production Events: 1, 
            Suppression Events: 0
Time: 48.76, 
            Production Events: 0, 
            Suppression Events: 0
time for a gillespie step at time 48.761497212656
sum of production rates: 1.0
sum of interaction rates: 0.0
action executed: (type = :produce, bee1 = 1, bee2 = 1, task = 1)
current accuracies: [0.6260869565217392;;]
current suppressed tasks: Bool[0;;]

Time: 53.8, 
            Production Events: 1, 
            Suppression Events: 0
Time: 53.8, 
            Production Events: 0, 
            Suppression Events: 0
Time: 53.8, 
            Production Events: 0, 
            Suppression Events: 0
Time: 53.8, 
            Production Events: 0, 
            Suppression Events: 0
Time: 53.8, 
            Production Events: 0, 
            Suppression Events: 0
time for a gillespie step at time 53.80180894477063
sum of production rates: 1.0
sum of interaction rates: 0.0
action executed: (type = :produce, bee1 = 1, bee2 = 1, task = 1)
current accuracies: [0.6260869565217392;;]
current suppressed tasks: Bool[0;;]

Time: 55.57, 
            Production Events: 1, 
            Suppression Events: 0
Time: 55.57, 
            Production Events: 0, 
            Suppression Events: 0
time for a gillespie step at time 55.5675623743397
sum of production rates: 1.0
sum of interaction rates: 0.0
action executed: (type = :produce, bee1 = 1, bee2 = 1, task = 1)
current accuracies: [0.6260869565217392;;]
current suppressed tasks: Bool[0;;]

time for a gillespie step at time 55.61956044368602
sum of production rates: 1.0
sum of interaction rates: 0.0
action executed: (type = :produce, bee1 = 1, bee2 = 1, task = 1)
current accuracies: [0.6260869565217392;;]
current suppressed tasks: Bool[0;;]

time for a gillespie step at time 55.70374921076575
sum of production rates: 1.0
sum of interaction rates: 0.0
action executed: (type = :produce, bee1 = 1, bee2 = 1, task = 1)
current accuracies: [0.6260869565217392;;]
current suppressed tasks: Bool[0;;]

Time: 56.87, 
            Production Events: 3, 
            Suppression Events: 0
time for a gillespie step at time 56.87121143432267
sum of production rates: 1.0
sum of interaction rates: 0.0
action executed: (type = :produce, bee1 = 1, bee2 = 1, task = 1)
current accuracies: [0.6260869565217392;;]
current suppressed tasks: Bool[0;;]

Time: 57.14, 
            Production Events: 1, 
            Suppression Events: 0
time for a gillespie step at time 57.13571417356545
sum of production rates: 1.0
sum of interaction rates: 0.0
action executed: (type = :produce, bee1 = 1, bee2 = 1, task = 1)
current accuracies: [0.6260869565217392;;]
current suppressed tasks: Bool[0;;]

Time: 58.0, 
            Production Events: 1, 
            Suppression Events: 0
time for a gillespie step at time 58.00307168264761
sum of production rates: 1.0
sum of interaction rates: 0.0
action executed: (type = :produce, bee1 = 1, bee2 = 1, task = 1)
current accuracies: [0.6260869565217392;;]
current suppressed tasks: Bool[0;;]

time for a gillespie step at time 58.27962284026297
sum of production rates: 1.0
sum of interaction rates: 0.0
action executed: (type = :produce, bee1 = 1, bee2 = 1, task = 1)
current accuracies: [0.6260869565217392;;]
current suppressed tasks: Bool[0;;]

Time: 59.56, 
            Production Events: 2, 
            Suppression Events: 0
time for a gillespie step at time 59.56443606340471
sum of production rates: 1.0
sum of interaction rates: 0.0
action executed: (type = :produce, bee1 = 1, bee2 = 1, task = 1)
current accuracies: [0.6260869565217392;;]
current suppressed tasks: Bool[0;;]

time for a gillespie step at time 59.912893097256756
sum of production rates: 1.0
sum of interaction rates: 0.0
action executed: (type = :produce, bee1 = 1, bee2 = 1, task = 1)
current accuracies: [0.6260869565217392;;]
current suppressed tasks: Bool[0;;]

Time: 60.27, 
            Production Events: 2, 
            Suppression Events: 0
time for a gillespie step at time 60.26796634629078
sum of production rates: 1.0
sum of interaction rates: 0.0
action executed: (type = :produce, bee1 = 1, bee2 = 1, task = 1)
current accuracies: [0.6260869565217392;;]
current suppressed tasks: Bool[0;;]

time for a gillespie step at time 60.93131907243708
sum of production rates: 1.0
sum of interaction rates: 0.0
action executed: (type = :produce, bee1 = 1, bee2 = 1, task = 1)
current accuracies: [0.6260869565217392;;]
current suppressed tasks: Bool[0;;]

Time: 61.63, 
            Production Events: 2, 
            Suppression Events: 0
time for a gillespie step at time 61.62771390255428
sum of production rates: 1.0
sum of interaction rates: 0.0
action executed: (type = :produce, bee1 = 1, bee2 = 1, task = 1)
current accuracies: [0.6260869565217392;;]
current suppressed tasks: Bool[0;;]

time for a gillespie step at time 61.78819916751024
sum of production rates: 1.0
sum of interaction rates: 0.0
action executed: (type = :produce, bee1 = 1, bee2 = 1, task = 1)
current accuracies: [0.6260869565217392;;]
current suppressed tasks: Bool[0;;]

Time: 63.99, 
            Production Events: 2, 
            Suppression Events: 0
Time: 63.99, 
            Production Events: 0, 
            Suppression Events: 0
time for a gillespie step at time 63.9922368128111
sum of production rates: 1.0
sum of interaction rates: 0.0
action executed: (type = :produce, bee1 = 1, bee2 = 1, task = 1)
current accuracies: [0.6260869565217392;;]
current suppressed tasks: Bool[0;;]

Time: 64.31, 
            Production Events: 1, 
            Suppression Events: 0
time for a gillespie step at time 64.30868649944513
sum of production rates: 1.0
sum of interaction rates: 0.0
action executed: (type = :produce, bee1 = 1, bee2 = 1, task = 1)
current accuracies: [0.6260869565217392;;]
current suppressed tasks: Bool[0;;]

time for a gillespie step at time 64.62107461625119
sum of production rates: 1.0
sum of interaction rates: 0.0
action executed: (type = :produce, bee1 = 1, bee2 = 1, task = 1)
current accuracies: [0.6260869565217392;;]
current suppressed tasks: Bool[0;;]

Time: 65.35, 
            Production Events: 2, 
            Suppression Events: 0
time for a gillespie step at time 65.34910742259753
sum of production rates: 1.0
sum of interaction rates: 0.0
action executed: (type = :produce, bee1 = 1, bee2 = 1, task = 1)
current accuracies: [0.6260869565217392;;]
current suppressed tasks: Bool[0;;]

Time: 67.35, 
            Production Events: 1, 
            Suppression Events: 0
Time: 67.35, 
            Production Events: 0, 
            Suppression Events: 0
time for a gillespie step at time 67.34860938255149
sum of production rates: 1.0
sum of interaction rates: 0.0
action executed: (type = :produce, bee1 = 1, bee2 = 1, task = 1)
current accuracies: [0.6260869565217392;;]
current suppressed tasks: Bool[0;;]

time for a gillespie step at time 67.61191408868488
sum of production rates: 1.0
sum of interaction rates: 0.0
action executed: (type = :produce, bee1 = 1, bee2 = 1, task = 1)
current accuracies: [0.6260869565217392;;]
current suppressed tasks: Bool[0;;]

Time: 68.65, 
            Production Events: 2, 
            Suppression Events: 0
time for a gillespie step at time 68.64897295695077
sum of production rates: 1.0
sum of interaction rates: 0.0
action executed: (type = :produce, bee1 = 1, bee2 = 1, task = 1)
current accuracies: [0.6260869565217392;;]
current suppressed tasks: Bool[0;;]

Time: 69.83, 
            Production Events: 1, 
            Suppression Events: 0
time for a gillespie step at time 69.83301994741215
sum of production rates: 1.0
sum of interaction rates: 0.0
action executed: (type = :produce, bee1 = 1, bee2 = 1, task = 1)
current accuracies: [0.6260869565217392;;]
current suppressed tasks: Bool[0;;]

Time: 72.66, 
            Production Events: 1, 
            Suppression Events: 0
Time: 72.66, 
            Production Events: 0, 
            Suppression Events: 0
Time: 72.66, 
            Production Events: 0, 
            Suppression Events: 0
time for a gillespie step at time 72.66372374280206
sum of production rates: 1.0
sum of interaction rates: 0.0
action executed: (type = :produce, bee1 = 1, bee2 = 1, task = 1)
current accuracies: [0.6260869565217392;;]
current suppressed tasks: Bool[0;;]

Time: 73.45, 
            Production Events: 1, 
            Suppression Events: 0
time for a gillespie step at time 73.45327505048803
sum of production rates: 1.0
sum of interaction rates: 0.0
action executed: (type = :produce, bee1 = 1, bee2 = 1, task = 1)
current accuracies: [0.6260869565217392;;]
current suppressed tasks: Bool[0;;]

time for a gillespie step at time 73.92672240688592
sum of production rates: 1.0
sum of interaction rates: 0.0
action executed: (type = :produce, bee1 = 1, bee2 = 1, task = 1)
current accuracies: [0.6260869565217392;;]
current suppressed tasks: Bool[0;;]

Time: 75.36, 
            Production Events: 2, 
            Suppression Events: 0
Time: 75.36, 
            Production Events: 0, 
            Suppression Events: 0
time for a gillespie step at time 75.36285198638578
sum of production rates: 1.0
sum of interaction rates: 0.0
action executed: (type = :produce, bee1 = 1, bee2 = 1, task = 1)
current accuracies: [0.6260869565217392;;]
current suppressed tasks: Bool[0;;]

Time: 77.29, 
            Production Events: 1, 
            Suppression Events: 0
Time: 77.29, 
            Production Events: 0, 
            Suppression Events: 0
time for a gillespie step at time 77.28676647922464
sum of production rates: 1.0
sum of interaction rates: 0.0
action executed: (type = :produce, bee1 = 1, bee2 = 1, task = 1)
current accuracies: [0.6260869565217392;;]
current suppressed tasks: Bool[0;;]

time for a gillespie step at time 77.58943704161376
sum of production rates: 1.0
sum of interaction rates: 0.0
action executed: (type = :produce, bee1 = 1, bee2 = 1, task = 1)
current accuracies: [0.6260869565217392;;]
current suppressed tasks: Bool[0;;]

Time: 79.86, 
            Production Events: 2, 
            Suppression Events: 0
Time: 79.86, 
            Production Events: 0, 
            Suppression Events: 0
time for a gillespie step at time 79.8575756698977
sum of production rates: 1.0
sum of interaction rates: 0.0
action executed: (type = :produce, bee1 = 1, bee2 = 1, task = 1)
current accuracies: [0.6260869565217392;;]
current suppressed tasks: Bool[0;;]

Time: 80.0, 
            Production Events: 1, 
            Suppression Events: 0
time for a gillespie step at time 80.00021812628749
sum of production rates: 1.0
sum of interaction rates: 0.0
action executed: (type = :produce, bee1 = 1, bee2 = 1, task = 1)
current accuracies: [0.6260869565217392;;]
current suppressed tasks: Bool[0;;]

time for a gillespie step at time 80.18905237143848
sum of production rates: 1.0
sum of interaction rates: 0.0
action executed: (type = :produce, bee1 = 1, bee2 = 1, task = 1)
current accuracies: [0.6260869565217392;;]
current suppressed tasks: Bool[0;;]

time for a gillespie step at time 80.28044692703173
sum of production rates: 1.0
sum of interaction rates: 0.0
action executed: (type = :produce, bee1 = 1, bee2 = 1, task = 1)
current accuracies: [0.6260869565217392;;]
current suppressed tasks: Bool[0;;]

time for a gillespie step at time 80.60855888848371
sum of production rates: 1.0
sum of interaction rates: 0.0
action executed: (type = :produce, bee1 = 1, bee2 = 1, task = 1)
current accuracies: [0.6260869565217392;;]
current suppressed tasks: Bool[0;;]

Time: 82.52, 
            Production Events: 4, 
            Suppression Events: 0
Time: 82.52, 
            Production Events: 0, 
            Suppression Events: 0
time for a gillespie step at time 82.5218089656301
sum of production rates: 1.0
sum of interaction rates: 0.0
action executed: (type = :produce, bee1 = 1, bee2 = 1, task = 1)
current accuracies: [0.6260869565217392;;]
current suppressed tasks: Bool[0;;]

time for a gillespie step at time 82.66581301564322
sum of production rates: 1.0
sum of interaction rates: 0.0
action executed: (type = :produce, bee1 = 1, bee2 = 1, task = 1)
current accuracies: [0.6260869565217392;;]
current suppressed tasks: Bool[0;;]

time for a gillespie step at time 82.92030522812625
sum of production rates: 1.0
sum of interaction rates: 0.0
action executed: (type = :produce, bee1 = 1, bee2 = 1, task = 1)
current accuracies: [0.6260869565217392;;]
current suppressed tasks: Bool[0;;]

Time: 83.15, 
            Production Events: 3, 
            Suppression Events: 0
time for a gillespie step at time 83.1531653026236
sum of production rates: 1.0
sum of interaction rates: 0.0
action executed: (type = :produce, bee1 = 1, bee2 = 1, task = 1)
current accuracies: [0.6260869565217392;;]
current suppressed tasks: Bool[0;;]

time for a gillespie step at time 83.83825375550195
sum of production rates: 1.0
sum of interaction rates: 0.0
action executed: (type = :produce, bee1 = 1, bee2 = 1, task = 1)
current accuracies: [0.6260869565217392;;]
current suppressed tasks: Bool[0;;]

Time: 86.63, 
            Production Events: 2, 
            Suppression Events: 0
Time: 86.63, 
            Production Events: 0, 
            Suppression Events: 0
Time: 86.63, 
            Production Events: 0, 
            Suppression Events: 0
time for a gillespie step at time 86.63196916366202
sum of production rates: 1.0
sum of interaction rates: 0.0
action executed: (type = :produce, bee1 = 1, bee2 = 1, task = 1)
current accuracies: [0.6260869565217392;;]
current suppressed tasks: Bool[0;;]

time for a gillespie step at time 86.76996315058359
sum of production rates: 1.0
sum of interaction rates: 0.0
action executed: (type = :produce, bee1 = 1, bee2 = 1, task = 1)
current accuracies: [0.6260869565217392;;]
current suppressed tasks: Bool[0;;]

Time: 87.09, 
            Production Events: 2, 
            Suppression Events: 0
time for a gillespie step at time 87.09318565858872
sum of production rates: 1.0
sum of interaction rates: 0.0
action executed: (type = :produce, bee1 = 1, bee2 = 1, task = 1)
current accuracies: [0.6260869565217392;;]
current suppressed tasks: Bool[0;;]

time for a gillespie step at time 87.69519980838405
sum of production rates: 1.0
sum of interaction rates: 0.0
action executed: (type = :produce, bee1 = 1, bee2 = 1, task = 1)
current accuracies: [0.6260869565217392;;]
current suppressed tasks: Bool[0;;]

Time: 88.03, 
            Production Events: 2, 
            Suppression Events: 0
time for a gillespie step at time 88.03436421510493
sum of production rates: 1.0
sum of interaction rates: 0.0
action executed: (type = :produce, bee1 = 1, bee2 = 1, task = 1)
current accuracies: [0.6260869565217392;;]
current suppressed tasks: Bool[0;;]

Time: 89.59, 
            Production Events: 1, 
            Suppression Events: 0
time for a gillespie step at time 89.59144899621404
sum of production rates: 1.0
sum of interaction rates: 0.0
action executed: (type = :produce, bee1 = 1, bee2 = 1, task = 1)
current accuracies: [0.6260869565217392;;]
current suppressed tasks: Bool[0;;]

Time: 93.85, 
            Production Events: 1, 
            Suppression Events: 0
Time: 93.85, 
            Production Events: 0, 
            Suppression Events: 0
Time: 93.85, 
            Production Events: 0, 
            Suppression Events: 0
Time: 93.85, 
            Production Events: 0, 
            Suppression Events: 0
time for a gillespie step at time 93.84781059264616
sum of production rates: 1.0
sum of interaction rates: 0.0
action executed: (type = :produce, bee1 = 1, bee2 = 1, task = 1)
current accuracies: [0.6260869565217392;;]
current suppressed tasks: Bool[0;;]

Time: 94.12, 
            Production Events: 1, 
            Suppression Events: 0
time for a gillespie step at time 94.12208523793508
sum of production rates: 1.0
sum of interaction rates: 0.0
action executed: (type = :produce, bee1 = 1, bee2 = 1, task = 1)
current accuracies: [0.6260869565217392;;]
current suppressed tasks: Bool[0;;]

Time: 95.24, 
            Production Events: 1, 
            Suppression Events: 0
time for a gillespie step at time 95.24372881747153
sum of production rates: 1.0
sum of interaction rates: 0.0
action executed: (type = :produce, bee1 = 1, bee2 = 1, task = 1)
current accuracies: [0.6260869565217392;;]
current suppressed tasks: Bool[0;;]

time for a gillespie step at time 95.82449732696267
sum of production rates: 1.0
sum of interaction rates: 0.0
action executed: (type = :produce, bee1 = 1, bee2 = 1, task = 1)
current accuracies: [0.6260869565217392;;]
current suppressed tasks: Bool[0;;]

Time: 96.22, 
            Production Events: 2, 
            Suppression Events: 0
time for a gillespie step at time 96.22101249622209
sum of production rates: 1.0
sum of interaction rates: 0.0
action executed: (type = :produce, bee1 = 1, bee2 = 1, task = 1)
current accuracies: [0.6260869565217392;;]
current suppressed tasks: Bool[0;;]

Time: 97.32, 
            Production Events: 1, 
            Suppression Events: 0
time for a gillespie step at time 97.31654811462752
sum of production rates: 1.0
sum of interaction rates: 0.0
action executed: (type = :produce, bee1 = 1, bee2 = 1, task = 1)
current accuracies: [0.6260869565217392;;]
current suppressed tasks: Bool[0;;]

Time: 98.8, 
            Production Events: 1, 
            Suppression Events: 0
time for a gillespie step at time 98.80285922588133
sum of production rates: 1.0
sum of interaction rates: 0.0
action executed: (type = :produce, bee1 = 1, bee2 = 1, task = 1)
current accuracies: [0.6260869565217392;;]
current suppressed tasks: Bool[0;;]

Time: 99.34, 
            Production Events: 1, 
            Suppression Events: 0
time for a gillespie step at time 99.34379047205714
sum of production rates: 1.0
sum of interaction rates: 0.0
action executed: (type = :produce, bee1 = 1, bee2 = 1, task = 1)
current accuracies: [0.6260869565217392;;]
current suppressed tasks: Bool[0;;]

time for a gillespie step at time 99.75430541480853
sum of production rates: 1.0
sum of interaction rates: 0.0
action executed: (type = :produce, bee1 = 1, bee2 = 1, task = 1)
current accuracies: [0.6260869565217392;;]
current suppressed tasks: Bool[0;;]

time for a gillespie step at time 99.76266310485262
sum of production rates: 1.0
sum of interaction rates: 0.0
action executed: (type = :produce, bee1 = 1, bee2 = 1, task = 1)
current accuracies: [0.6260869565217392;;]
current suppressed tasks: Bool[0;;]

Time: 101.54, 
            Production Events: 3, 
            Suppression Events: 0
Simulation completed:
  Final time: 101.53893242987294
  Total events: 101
  Wall time: 18.43 seconds

Saving simulation results with clean separation...
Task evolution saved to: single_tasks/new_tasks_training/data/param_8_rep_1_2025-11-17_174144/states.csv
Events saved to: single_tasks/new_tasks_training/data/param_8_rep_1_2025-11-17_174144/events.csv
Saving event log (raw and DataFrame)...
log DataFrame size: (101, 5)
short view:
5×5 DataFrame
 Row │ time      bee1_id  bee2_id  task_id  task_1
     │ Float64   Int64    Int64    Int64    Float64
─────┼───────────────────────────────────────────────
   1 │ 0.175044        1        1        1  0.626087
   2 │ 0.483894        1        1        1  0.626087
   3 │ 1.76465         1        1        1  0.626087
   4 │ 2.50485         1        1        1  0.626087
   5 │ 3.48904         1        1        1  0.626087Event log saved to: single_tasks/new_tasks_training/data/param_8_rep_1_2025-11-17_174144/event_log.json
Event log DataFrame saved to: single_tasks/new_tasks_training/data/param_8_rep_1_2025-11-17_174144/event_log.csv
Metadata and configuration saved to: single_tasks/new_tasks_training/data/param_8_rep_1_2025-11-17_174144/config.json
Task index mapping saved to: single_tasks/new_tasks_training/data/param_8_rep_1_2025-11-17_174144/task_index_mapping.json
All results saved to directory: single_tasks/new_tasks_training/data/param_8_rep_1_2025-11-17_174144
Simulation completed successfully!
Job finished at: Mon Nov 17 05:42:19 PM CET 2025
