Job array started at: Mon Nov 17 06:06:18 PM CET 2025
Job ID: 10802853
Array Job ID: 10802178
Array Task ID: 53
Node: th-ws-740m16
Loading Julia module...
Module loaded: /software/opt/el_9/x86_64/julia/1.11.3/bin/julia
Changing to project directory...
Current directory: /scratch/n/N.Pfaffenzeller/nikolas_nethive/nethive_multiverse
Running parameter combination 53, replicate 1
Starting Julia simulation...
Running simulation with the following configuration:
  dataset_names: [:bank]
  param_id: 53
  n_bees: 1
  batch_size: 32
  replicate_id: 1
  punishment: time_out
  lambda_sensitivity: 1
  punish_rate: 0.1
  save_nn_epochs: 0
  production_rate: 1
  interaction_rate: 1
  batches_per_step: 32
  learning_rate: 0.1
  max_output_dim: 2
  n_steps_per_epoch: 1
  dead_time: 1
  max_input_dim: 53
  n_epochs: 100
  seed: 677918647

Starting simulation with configuration:
  dataset_names: [:bank]
  param_id: 53
  n_bees: 1
  batch_size: 32
  replicate_id: 1
  punishment: time_out
  lambda_sensitivity: 1
  punish_rate: 0.1
  save_nn_epochs: 0
  production_rate: 1
  interaction_rate: 1
  batches_per_step: 32
  run_timestamp: 2025-11-17T18:06:43.625
  learning_rate: 0.1
  max_output_dim: 2
  n_steps_per_epoch: 1
  dead_time: 1
  max_input_dim: 53
  n_epochs: 100
  seed: 677918647
Random seed: 677918647

Starting simulation...
time for a gillespie step at time 0.0
sum of production rates: 1.0
sum of interaction rates: 0.0
action executed: (type = :produce, bee1 = 1, bee2 = 1, task = 1)
current accuracies: [0.8830034280659074;;]
current suppressed tasks: Bool[0;;]

Time: 1.16, 
            Production Events: 1, 
            Suppression Events: 0
time for a gillespie step at time 1.1554109791848766
sum of production rates: 1.0
sum of interaction rates: 0.0
action executed: (type = :produce, bee1 = 1, bee2 = 1, task = 1)
current accuracies: [0.8830034280659074;;]
current suppressed tasks: Bool[0;;]

Time: 6.52, 
            Production Events: 1, 
            Suppression Events: 0
Time: 6.52, 
            Production Events: 0, 
            Suppression Events: 0
Time: 6.52, 
            Production Events: 0, 
            Suppression Events: 0
Time: 6.52, 
            Production Events: 0, 
            Suppression Events: 0
Time: 6.52, 
            Production Events: 0, 
            Suppression Events: 0
time for a gillespie step at time 6.521433653204523
sum of production rates: 1.0
sum of interaction rates: 0.0
action executed: (type = :produce, bee1 = 1, bee2 = 1, task = 1)
current accuracies: [0.8828928452947031;;]
current suppressed tasks: Bool[0;;]

time for a gillespie step at time 6.846203148544042
sum of production rates: 1.0
sum of interaction rates: 0.0
action executed: (type = :produce, bee1 = 1, bee2 = 1, task = 1)
current accuracies: [0.8830034280659074;;]
current suppressed tasks: Bool[0;;]

Time: 8.41, 
            Production Events: 2, 
            Suppression Events: 0
Time: 8.41, 
            Production Events: 0, 
            Suppression Events: 0
time for a gillespie step at time 8.411752050207545
sum of production rates: 1.0
sum of interaction rates: 0.0
action executed: (type = :produce, bee1 = 1, bee2 = 1, task = 1)
current accuracies: [0.8830034280659074;;]
current suppressed tasks: Bool[0;;]

Time: 10.35, 
            Production Events: 1, 
            Suppression Events: 0
Time: 10.35, 
            Production Events: 0, 
            Suppression Events: 0
time for a gillespie step at time 10.34694707491552
sum of production rates: 1.0
sum of interaction rates: 0.0
action executed: (type = :produce, bee1 = 1, bee2 = 1, task = 1)
current accuracies: [0.8830034280659074;;]
current suppressed tasks: Bool[0;;]

Time: 11.22, 
            Production Events: 1, 
            Suppression Events: 0
time for a gillespie step at time 11.216570269363103
sum of production rates: 1.0
sum of interaction rates: 0.0
action executed: (type = :produce, bee1 = 1, bee2 = 1, task = 1)
current accuracies: [0.8830034280659074;;]
current suppressed tasks: Bool[0;;]

time for a gillespie step at time 11.364533887282295
sum of production rates: 1.0
sum of interaction rates: 0.0
action executed: (type = :produce, bee1 = 1, bee2 = 1, task = 1)
current accuracies: [0.8830034280659074;;]
current suppressed tasks: Bool[0;;]

time for a gillespie step at time 11.989039501917592
sum of production rates: 1.0
sum of interaction rates: 0.0
action executed: (type = :produce, bee1 = 1, bee2 = 1, task = 1)
current accuracies: [0.8830034280659074;;]
current suppressed tasks: Bool[0;;]

Time: 12.15, 
            Production Events: 3, 
            Suppression Events: 0
time for a gillespie step at time 12.152550488276098
sum of production rates: 1.0
sum of interaction rates: 0.0
action executed: (type = :produce, bee1 = 1, bee2 = 1, task = 1)
current accuracies: [0.8830034280659074;;]
current suppressed tasks: Bool[0;;]

time for a gillespie step at time 12.670195168457337
sum of production rates: 1.0
sum of interaction rates: 0.0
action executed: (type = :produce, bee1 = 1, bee2 = 1, task = 1)
current accuracies: [0.8830034280659074;;]
current suppressed tasks: Bool[0;;]

Time: 13.14, 
            Production Events: 2, 
            Suppression Events: 0
time for a gillespie step at time 13.140057586789903
sum of production rates: 1.0
sum of interaction rates: 0.0
action executed: (type = :produce, bee1 = 1, bee2 = 1, task = 1)
current accuracies: [0.8830034280659074;;]
current suppressed tasks: Bool[0;;]

time for a gillespie step at time 13.162470273657025
sum of production rates: 1.0
sum of interaction rates: 0.0
action executed: (type = :produce, bee1 = 1, bee2 = 1, task = 1)
current accuracies: [0.8830034280659074;;]
current suppressed tasks: Bool[0;;]

Time: 15.78, 
            Production Events: 2, 
            Suppression Events: 0
Time: 15.78, 
            Production Events: 0, 
            Suppression Events: 0
time for a gillespie step at time 15.781610124468031
sum of production rates: 1.0
sum of interaction rates: 0.0
action executed: (type = :produce, bee1 = 1, bee2 = 1, task = 1)
current accuracies: [0.8830034280659074;;]
current suppressed tasks: Bool[0;;]

Time: 16.95, 
            Production Events: 1, 
            Suppression Events: 0
time for a gillespie step at time 16.94636250976047
sum of production rates: 1.0
sum of interaction rates: 0.0
action executed: (type = :produce, bee1 = 1, bee2 = 1, task = 1)
current accuracies: [0.8830034280659074;;]
current suppressed tasks: Bool[0;;]

Time: 17.55, 
            Production Events: 1, 
            Suppression Events: 0
time for a gillespie step at time 17.551797610923824
sum of production rates: 1.0
sum of interaction rates: 0.0
action executed: (type = :produce, bee1 = 1, bee2 = 1, task = 1)
current accuracies: [0.8830034280659074;;]
current suppressed tasks: Bool[0;;]

Time: 20.92, 
            Production Events: 1, 
            Suppression Events: 0
Time: 20.92, 
            Production Events: 0, 
            Suppression Events: 0
Time: 20.92, 
            Production Events: 0, 
            Suppression Events: 0
time for a gillespie step at time 20.915494886676704
sum of production rates: 1.0
sum of interaction rates: 0.0
action executed: (type = :produce, bee1 = 1, bee2 = 1, task = 1)
current accuracies: [0.8830034280659074;;]
current suppressed tasks: Bool[0;;]

Time: 21.28, 
            Production Events: 1, 
            Suppression Events: 0
time for a gillespie step at time 21.280397157579568
sum of production rates: 1.0
sum of interaction rates: 0.0
action executed: (type = :produce, bee1 = 1, bee2 = 1, task = 1)
current accuracies: [0.8830034280659074;;]
current suppressed tasks: Bool[0;;]

Time: 22.31, 
            Production Events: 1, 
            Suppression Events: 0
time for a gillespie step at time 22.3141420520384
sum of production rates: 1.0
sum of interaction rates: 0.0
action executed: (type = :produce, bee1 = 1, bee2 = 1, task = 1)
current accuracies: [0.8830034280659074;;]
current suppressed tasks: Bool[0;;]

Time: 23.39, 
            Production Events: 1, 
            Suppression Events: 0
time for a gillespie step at time 23.391286360073426
sum of production rates: 1.0
sum of interaction rates: 0.0
action executed: (type = :produce, bee1 = 1, bee2 = 1, task = 1)
current accuracies: [0.8830034280659074;;]
current suppressed tasks: Bool[0;;]

time for a gillespie step at time 23.532913901180653
sum of production rates: 1.0
sum of interaction rates: 0.0
action executed: (type = :produce, bee1 = 1, bee2 = 1, task = 1)
current accuracies: [0.8830034280659074;;]
current suppressed tasks: Bool[0;;]

Time: 25.22, 
            Production Events: 2, 
            Suppression Events: 0
Time: 25.22, 
            Production Events: 0, 
            Suppression Events: 0
time for a gillespie step at time 25.22292134020489
sum of production rates: 1.0
sum of interaction rates: 0.0
action executed: (type = :produce, bee1 = 1, bee2 = 1, task = 1)
current accuracies: [0.8830034280659074;;]
current suppressed tasks: Bool[0;;]

Time: 28.66, 
            Production Events: 1, 
            Suppression Events: 0
Time: 28.66, 
            Production Events: 0, 
            Suppression Events: 0
Time: 28.66, 
            Production Events: 0, 
            Suppression Events: 0
time for a gillespie step at time 28.655862166657982
sum of production rates: 1.0
sum of interaction rates: 0.0
action executed: (type = :produce, bee1 = 1, bee2 = 1, task = 1)
current accuracies: [0.8830034280659074;;]
current suppressed tasks: Bool[0;;]

Time: 30.1, 
            Production Events: 1, 
            Suppression Events: 0
Time: 30.1, 
            Production Events: 0, 
            Suppression Events: 0
time for a gillespie step at time 30.100145554568762
sum of production rates: 1.0
sum of interaction rates: 0.0
action executed: (type = :produce, bee1 = 1, bee2 = 1, task = 1)
current accuracies: [0.8830034280659074;;]
current suppressed tasks: Bool[0;;]

time for a gillespie step at time 30.710344921931217
sum of production rates: 1.0
sum of interaction rates: 0.0
action executed: (type = :produce, bee1 = 1, bee2 = 1, task = 1)
current accuracies: [0.8830034280659074;;]
current suppressed tasks: Bool[0;;]

Time: 31.17, 
            Production Events: 2, 
            Suppression Events: 0
time for a gillespie step at time 31.16585860539408
sum of production rates: 1.0
sum of interaction rates: 0.0
action executed: (type = :produce, bee1 = 1, bee2 = 1, task = 1)
current accuracies: [0.8830034280659074;;]
current suppressed tasks: Bool[0;;]

time for a gillespie step at time 31.668766056198873
sum of production rates: 1.0
sum of interaction rates: 0.0
action executed: (type = :produce, bee1 = 1, bee2 = 1, task = 1)
current accuracies: [0.8830034280659074;;]
current suppressed tasks: Bool[0;;]

Time: 32.61, 
            Production Events: 2, 
            Suppression Events: 0
time for a gillespie step at time 32.61018930055681
sum of production rates: 1.0
sum of interaction rates: 0.0
action executed: (type = :produce, bee1 = 1, bee2 = 1, task = 1)
current accuracies: [0.8830034280659074;;]
current suppressed tasks: Bool[0;;]

Time: 34.32, 
            Production Events: 1, 
            Suppression Events: 0
Time: 34.32, 
            Production Events: 0, 
            Suppression Events: 0
time for a gillespie step at time 34.32172144089449
sum of production rates: 1.0
sum of interaction rates: 0.0
action executed: (type = :produce, bee1 = 1, bee2 = 1, task = 1)
current accuracies: [0.8830034280659074;;]
current suppressed tasks: Bool[0;;]

Time: 35.03, 
            Production Events: 1, 
            Suppression Events: 0
time for a gillespie step at time 35.031194484597385
sum of production rates: 1.0
sum of interaction rates: 0.0
action executed: (type = :produce, bee1 = 1, bee2 = 1, task = 1)
current accuracies: [0.8830034280659074;;]
current suppressed tasks: Bool[0;;]

time for a gillespie step at time 35.33152691796287
sum of production rates: 1.0
sum of interaction rates: 0.0
action executed: (type = :produce, bee1 = 1, bee2 = 1, task = 1)
current accuracies: [0.8830034280659074;;]
current suppressed tasks: Bool[0;;]

time for a gillespie step at time 35.399515515558136
sum of production rates: 1.0
sum of interaction rates: 0.0
action executed: (type = :produce, bee1 = 1, bee2 = 1, task = 1)
current accuracies: [0.8830034280659074;;]
current suppressed tasks: Bool[0;;]

time for a gillespie step at time 35.53004637685965
sum of production rates: 1.0
sum of interaction rates: 0.0
action executed: (type = :produce, bee1 = 1, bee2 = 1, task = 1)
current accuracies: [0.8830034280659074;;]
current suppressed tasks: Bool[0;;]

Time: 36.26, 
            Production Events: 4, 
            Suppression Events: 0
time for a gillespie step at time 36.25802994252356
sum of production rates: 1.0
sum of interaction rates: 0.0
action executed: (type = :produce, bee1 = 1, bee2 = 1, task = 1)
current accuracies: [0.8830034280659074;;]
current suppressed tasks: Bool[0;;]

Time: 38.5, 
            Production Events: 1, 
            Suppression Events: 0
Time: 38.5, 
            Production Events: 0, 
            Suppression Events: 0
time for a gillespie step at time 38.49809147526372
sum of production rates: 1.0
sum of interaction rates: 0.0
action executed: (type = :produce, bee1 = 1, bee2 = 1, task = 1)
current accuracies: [0.8830034280659074;;]
current suppressed tasks: Bool[0;;]

Time: 39.53, 
            Production Events: 1, 
            Suppression Events: 0
time for a gillespie step at time 39.532839039354016
sum of production rates: 1.0
sum of interaction rates: 0.0
action executed: (type = :produce, bee1 = 1, bee2 = 1, task = 1)
current accuracies: [0.8830034280659074;;]
current suppressed tasks: Bool[0;;]

time for a gillespie step at time 39.574271041490114
sum of production rates: 1.0
sum of interaction rates: 0.0
action executed: (type = :produce, bee1 = 1, bee2 = 1, task = 1)
current accuracies: [0.8830034280659074;;]
current suppressed tasks: Bool[0;;]

Time: 42.63, 
            Production Events: 2, 
            Suppression Events: 0
Time: 42.63, 
            Production Events: 0, 
            Suppression Events: 0
Time: 42.63, 
            Production Events: 0, 
            Suppression Events: 0
time for a gillespie step at time 42.6315719582846
sum of production rates: 1.0
sum of interaction rates: 0.0
action executed: (type = :produce, bee1 = 1, bee2 = 1, task = 1)
current accuracies: [0.8830034280659074;;]
current suppressed tasks: Bool[0;;]

Time: 43.36, 
            Production Events: 1, 
            Suppression Events: 0
time for a gillespie step at time 43.360796220311954
sum of production rates: 1.0
sum of interaction rates: 0.0
action executed: (type = :produce, bee1 = 1, bee2 = 1, task = 1)
current accuracies: [0.8830034280659074;;]
current suppressed tasks: Bool[0;;]

Time: 44.8, 
            Production Events: 1, 
            Suppression Events: 0
time for a gillespie step at time 44.79672836905053
sum of production rates: 1.0
sum of interaction rates: 0.0
action executed: (type = :produce, bee1 = 1, bee2 = 1, task = 1)
current accuracies: [0.8830034280659074;;]
current suppressed tasks: Bool[0;;]

time for a gillespie step at time 44.98045949588999
sum of production rates: 1.0
sum of interaction rates: 0.0
action executed: (type = :produce, bee1 = 1, bee2 = 1, task = 1)
current accuracies: [0.8830034280659074;;]
current suppressed tasks: Bool[0;;]

Time: 46.14, 
            Production Events: 2, 
            Suppression Events: 0
Time: 46.14, 
            Production Events: 0, 
            Suppression Events: 0
time for a gillespie step at time 46.14046493762175
sum of production rates: 1.0
sum of interaction rates: 0.0
action executed: (type = :produce, bee1 = 1, bee2 = 1, task = 1)
current accuracies: [0.8830034280659074;;]
current suppressed tasks: Bool[0;;]

time for a gillespie step at time 46.57796121136398
sum of production rates: 1.0
sum of interaction rates: 0.0
action executed: (type = :produce, bee1 = 1, bee2 = 1, task = 1)
current accuracies: [0.8830034280659074;;]
current suppressed tasks: Bool[0;;]

time for a gillespie step at time 46.67862180419015
sum of production rates: 1.0
sum of interaction rates: 0.0
action executed: (type = :produce, bee1 = 1, bee2 = 1, task = 1)
current accuracies: [0.8830034280659074;;]
current suppressed tasks: Bool[0;;]

Time: 47.59, 
            Production Events: 3, 
            Suppression Events: 0
time for a gillespie step at time 47.59206328253949
sum of production rates: 1.0
sum of interaction rates: 0.0
action executed: (type = :produce, bee1 = 1, bee2 = 1, task = 1)
current accuracies: [0.8830034280659074;;]
current suppressed tasks: Bool[0;;]

time for a gillespie step at time 47.879831898279285
sum of production rates: 1.0
sum of interaction rates: 0.0
action executed: (type = :produce, bee1 = 1, bee2 = 1, task = 1)
current accuracies: [0.8830034280659074;;]
current suppressed tasks: Bool[0;;]

Time: 48.15, 
            Production Events: 2, 
            Suppression Events: 0
time for a gillespie step at time 48.154079444395656
sum of production rates: 1.0
sum of interaction rates: 0.0
action executed: (type = :produce, bee1 = 1, bee2 = 1, task = 1)
current accuracies: [0.8830034280659074;;]
current suppressed tasks: Bool[0;;]

Time: 51.74, 
            Production Events: 1, 
            Suppression Events: 0
Time: 51.74, 
            Production Events: 0, 
            Suppression Events: 0
Time: 51.74, 
            Production Events: 0, 
            Suppression Events: 0
time for a gillespie step at time 51.73818945464969
sum of production rates: 1.0
sum of interaction rates: 0.0
action executed: (type = :produce, bee1 = 1, bee2 = 1, task = 1)
current accuracies: [0.8830034280659074;;]
current suppressed tasks: Bool[0;;]

time for a gillespie step at time 51.80274431160267
sum of production rates: 1.0
sum of interaction rates: 0.0
action executed: (type = :produce, bee1 = 1, bee2 = 1, task = 1)
current accuracies: [0.8830034280659074;;]
current suppressed tasks: Bool[0;;]

time for a gillespie step at time 51.89354564534963
sum of production rates: 1.0
sum of interaction rates: 0.0
action executed: (type = :produce, bee1 = 1, bee2 = 1, task = 1)
current accuracies: [0.8830034280659074;;]
current suppressed tasks: Bool[0;;]

Time: 52.79, 
            Production Events: 3, 
            Suppression Events: 0
time for a gillespie step at time 52.794843485124744
sum of production rates: 1.0
sum of interaction rates: 0.0
action executed: (type = :produce, bee1 = 1, bee2 = 1, task = 1)
current accuracies: [0.8830034280659074;;]
current suppressed tasks: Bool[0;;]

Time: 53.53, 
            Production Events: 1, 
            Suppression Events: 0
time for a gillespie step at time 53.53308227750526
sum of production rates: 1.0
sum of interaction rates: 0.0
action executed: (type = :produce, bee1 = 1, bee2 = 1, task = 1)
current accuracies: [0.8830034280659074;;]
current suppressed tasks: Bool[0;;]

Time: 54.25, 
            Production Events: 1, 
            Suppression Events: 0
time for a gillespie step at time 54.24597599245142
sum of production rates: 1.0
sum of interaction rates: 0.0
action executed: (type = :produce, bee1 = 1, bee2 = 1, task = 1)
current accuracies: [0.8830034280659074;;]
current suppressed tasks: Bool[0;;]

time for a gillespie step at time 54.79393256035043
sum of production rates: 1.0
sum of interaction rates: 0.0
action executed: (type = :produce, bee1 = 1, bee2 = 1, task = 1)
current accuracies: [0.8830034280659074;;]
current suppressed tasks: Bool[0;;]

Time: 55.01, 
            Production Events: 2, 
            Suppression Events: 0
time for a gillespie step at time 55.01011391877236
sum of production rates: 1.0
sum of interaction rates: 0.0
action executed: (type = :produce, bee1 = 1, bee2 = 1, task = 1)
current accuracies: [0.8830034280659074;;]
current suppressed tasks: Bool[0;;]

Time: 56.86, 
            Production Events: 1, 
            Suppression Events: 0
time for a gillespie step at time 56.85675141029935
sum of production rates: 1.0
sum of interaction rates: 0.0
action executed: (type = :produce, bee1 = 1, bee2 = 1, task = 1)
current accuracies: [0.8830034280659074;;]
current suppressed tasks: Bool[0;;]

Time: 59.71, 
            Production Events: 1, 
            Suppression Events: 0
Time: 59.71, 
            Production Events: 0, 
            Suppression Events: 0
Time: 59.71, 
            Production Events: 0, 
            Suppression Events: 0
time for a gillespie step at time 59.711874049322276
sum of production rates: 1.0
sum of interaction rates: 0.0
action executed: (type = :produce, bee1 = 1, bee2 = 1, task = 1)
current accuracies: [0.8830034280659074;;]
current suppressed tasks: Bool[0;;]

Time: 60.8, 
            Production Events: 1, 
            Suppression Events: 0
time for a gillespie step at time 60.795168462800184
sum of production rates: 1.0
sum of interaction rates: 0.0
action executed: (type = :produce, bee1 = 1, bee2 = 1, task = 1)
current accuracies: [0.8830034280659074;;]
current suppressed tasks: Bool[0;;]

time for a gillespie step at time 60.83776146352752
sum of production rates: 1.0
sum of interaction rates: 0.0
action executed: (type = :produce, bee1 = 1, bee2 = 1, task = 1)
current accuracies: [0.8830034280659074;;]
current suppressed tasks: Bool[0;;]

Time: 61.84, 
            Production Events: 2, 
            Suppression Events: 0
time for a gillespie step at time 61.844039397891805
sum of production rates: 1.0
sum of interaction rates: 0.0
action executed: (type = :produce, bee1 = 1, bee2 = 1, task = 1)
current accuracies: [0.8830034280659074;;]
current suppressed tasks: Bool[0;;]

Time: 62.85, 
            Production Events: 1, 
            Suppression Events: 0
time for a gillespie step at time 62.84876425277213
sum of production rates: 1.0
sum of interaction rates: 0.0
action executed: (type = :produce, bee1 = 1, bee2 = 1, task = 1)
current accuracies: [0.8830034280659074;;]
current suppressed tasks: Bool[0;;]

Time: 63.38, 
            Production Events: 1, 
            Suppression Events: 0
time for a gillespie step at time 63.37530242924906
sum of production rates: 1.0
sum of interaction rates: 0.0
action executed: (type = :produce, bee1 = 1, bee2 = 1, task = 1)
current accuracies: [0.8830034280659074;;]
current suppressed tasks: Bool[0;;]

Time: 64.02, 
            Production Events: 1, 
            Suppression Events: 0
time for a gillespie step at time 64.0237329555405
sum of production rates: 1.0
sum of interaction rates: 0.0
action executed: (type = :produce, bee1 = 1, bee2 = 1, task = 1)
current accuracies: [0.8830034280659074;;]
current suppressed tasks: Bool[0;;]

time for a gillespie step at time 64.44153147757002
sum of production rates: 1.0
sum of interaction rates: 0.0
action executed: (type = :produce, bee1 = 1, bee2 = 1, task = 1)
current accuracies: [0.8830034280659074;;]
current suppressed tasks: Bool[0;;]

Time: 65.28, 
            Production Events: 2, 
            Suppression Events: 0
time for a gillespie step at time 65.27943905475904
sum of production rates: 1.0
sum of interaction rates: 0.0
action executed: (type = :produce, bee1 = 1, bee2 = 1, task = 1)
current accuracies: [0.8830034280659074;;]
current suppressed tasks: Bool[0;;]

Time: 66.8, 
            Production Events: 1, 
            Suppression Events: 0
time for a gillespie step at time 66.8049971981013
sum of production rates: 1.0
sum of interaction rates: 0.0
action executed: (type = :produce, bee1 = 1, bee2 = 1, task = 1)
current accuracies: [0.8830034280659074;;]
current suppressed tasks: Bool[0;;]

Time: 67.12, 
            Production Events: 1, 
            Suppression Events: 0
time for a gillespie step at time 67.12314825684693
sum of production rates: 1.0
sum of interaction rates: 0.0
action executed: (type = :produce, bee1 = 1, bee2 = 1, task = 1)
current accuracies: [0.8830034280659074;;]
current suppressed tasks: Bool[0;;]

Time: 68.37, 
            Production Events: 1, 
            Suppression Events: 0
time for a gillespie step at time 68.36923995133854
sum of production rates: 1.0
sum of interaction rates: 0.0
action executed: (type = :produce, bee1 = 1, bee2 = 1, task = 1)
current accuracies: [0.8830034280659074;;]
current suppressed tasks: Bool[0;;]

Time: 70.01, 
            Production Events: 1, 
            Suppression Events: 0
Time: 70.01, 
            Production Events: 0, 
            Suppression Events: 0
time for a gillespie step at time 70.0071492566591
sum of production rates: 1.0
sum of interaction rates: 0.0
action executed: (type = :produce, bee1 = 1, bee2 = 1, task = 1)
current accuracies: [0.8830034280659074;;]
current suppressed tasks: Bool[0;;]

time for a gillespie step at time 70.90802150761374
sum of production rates: 1.0
sum of interaction rates: 0.0
action executed: (type = :produce, bee1 = 1, bee2 = 1, task = 1)
current accuracies: [0.8830034280659074;;]
current suppressed tasks: Bool[0;;]

time for a gillespie step at time 70.93519405060606
sum of production rates: 1.0
sum of interaction rates: 0.0
action executed: (type = :produce, bee1 = 1, bee2 = 1, task = 1)
current accuracies: [0.8830034280659074;;]
current suppressed tasks: Bool[0;;]

Time: 71.49, 
            Production Events: 3, 
            Suppression Events: 0
time for a gillespie step at time 71.4922633479868
sum of production rates: 1.0
sum of interaction rates: 0.0
action executed: (type = :produce, bee1 = 1, bee2 = 1, task = 1)
current accuracies: [0.8830034280659074;;]
current suppressed tasks: Bool[0;;]

time for a gillespie step at time 71.87036406355952
sum of production rates: 1.0
sum of interaction rates: 0.0
action executed: (type = :produce, bee1 = 1, bee2 = 1, task = 1)
current accuracies: [0.8830034280659074;;]
current suppressed tasks: Bool[0;;]

Time: 72.45, 
            Production Events: 2, 
            Suppression Events: 0
time for a gillespie step at time 72.4452104416596
sum of production rates: 1.0
sum of interaction rates: 0.0
action executed: (type = :produce, bee1 = 1, bee2 = 1, task = 1)
current accuracies: [0.8830034280659074;;]
current suppressed tasks: Bool[0;;]

Time: 73.5, 
            Production Events: 1, 
            Suppression Events: 0
time for a gillespie step at time 73.49991124278877
sum of production rates: 1.0
sum of interaction rates: 0.0
action executed: (type = :produce, bee1 = 1, bee2 = 1, task = 1)
current accuracies: [0.8830034280659074;;]
current suppressed tasks: Bool[0;;]

time for a gillespie step at time 73.89592895620909
sum of production rates: 1.0
sum of interaction rates: 0.0
action executed: (type = :produce, bee1 = 1, bee2 = 1, task = 1)
current accuracies: [0.8830034280659074;;]
current suppressed tasks: Bool[0;;]

Time: 75.18, 
            Production Events: 2, 
            Suppression Events: 0
Time: 75.18, 
            Production Events: 0, 
            Suppression Events: 0
time for a gillespie step at time 75.18085220778488
sum of production rates: 1.0
sum of interaction rates: 0.0
action executed: (type = :produce, bee1 = 1, bee2 = 1, task = 1)
current accuracies: [0.8830034280659074;;]
current suppressed tasks: Bool[0;;]

time for a gillespie step at time 75.32161322049157
sum of production rates: 1.0
sum of interaction rates: 0.0
action executed: (type = :produce, bee1 = 1, bee2 = 1, task = 1)
current accuracies: [0.8830034280659074;;]
current suppressed tasks: Bool[0;;]

time for a gillespie step at time 75.82765476173192
sum of production rates: 1.0
sum of interaction rates: 0.0
action executed: (type = :produce, bee1 = 1, bee2 = 1, task = 1)
current accuracies: [0.8830034280659074;;]
current suppressed tasks: Bool[0;;]

Time: 76.21, 
            Production Events: 3, 
            Suppression Events: 0
time for a gillespie step at time 76.20714697611012
sum of production rates: 1.0
sum of interaction rates: 0.0
action executed: (type = :produce, bee1 = 1, bee2 = 1, task = 1)
current accuracies: [0.8830034280659074;;]
current suppressed tasks: Bool[0;;]

Time: 78.37, 
            Production Events: 1, 
            Suppression Events: 0
Time: 78.37, 
            Production Events: 0, 
            Suppression Events: 0
time for a gillespie step at time 78.36901048744537
sum of production rates: 1.0
sum of interaction rates: 0.0
action executed: (type = :produce, bee1 = 1, bee2 = 1, task = 1)
current accuracies: [0.8830034280659074;;]
current suppressed tasks: Bool[0;;]

time for a gillespie step at time 78.43751982279035
sum of production rates: 1.0
sum of interaction rates: 0.0
action executed: (type = :produce, bee1 = 1, bee2 = 1, task = 1)
current accuracies: [0.8830034280659074;;]
current suppressed tasks: Bool[0;;]

time for a gillespie step at time 78.52040392853046
sum of production rates: 1.0
sum of interaction rates: 0.0
action executed: (type = :produce, bee1 = 1, bee2 = 1, task = 1)
current accuracies: [0.8830034280659074;;]
current suppressed tasks: Bool[0;;]

Time: 80.46, 
            Production Events: 3, 
            Suppression Events: 0
Time: 80.46, 
            Production Events: 0, 
            Suppression Events: 0
time for a gillespie step at time 80.46443714854163
sum of production rates: 1.0
sum of interaction rates: 0.0
action executed: (type = :produce, bee1 = 1, bee2 = 1, task = 1)
current accuracies: [0.8830034280659074;;]
current suppressed tasks: Bool[0;;]

Time: 82.98, 
            Production Events: 1, 
            Suppression Events: 0
Time: 82.98, 
            Production Events: 0, 
            Suppression Events: 0
time for a gillespie step at time 82.98299590957338
sum of production rates: 1.0
sum of interaction rates: 0.0
action executed: (type = :produce, bee1 = 1, bee2 = 1, task = 1)
current accuracies: [0.8830034280659074;;]
current suppressed tasks: Bool[0;;]

Time: 83.54, 
            Production Events: 1, 
            Suppression Events: 0
time for a gillespie step at time 83.53757757190796
sum of production rates: 1.0
sum of interaction rates: 0.0
action executed: (type = :produce, bee1 = 1, bee2 = 1, task = 1)
current accuracies: [0.8830034280659074;;]
current suppressed tasks: Bool[0;;]

Time: 84.64, 
            Production Events: 1, 
            Suppression Events: 0
time for a gillespie step at time 84.64477991931025
sum of production rates: 1.0
sum of interaction rates: 0.0
action executed: (type = :produce, bee1 = 1, bee2 = 1, task = 1)
current accuracies: [0.8830034280659074;;]
current suppressed tasks: Bool[0;;]

Time: 85.56, 
            Production Events: 1, 
            Suppression Events: 0
time for a gillespie step at time 85.55518534085653
sum of production rates: 1.0
sum of interaction rates: 0.0
action executed: (type = :produce, bee1 = 1, bee2 = 1, task = 1)
current accuracies: [0.8830034280659074;;]
current suppressed tasks: Bool[0;;]

time for a gillespie step at time 85.65940001400607
sum of production rates: 1.0
sum of interaction rates: 0.0
action executed: (type = :produce, bee1 = 1, bee2 = 1, task = 1)
current accuracies: [0.8830034280659074;;]
current suppressed tasks: Bool[0;;]

time for a gillespie step at time 85.84501523896891
sum of production rates: 1.0
sum of interaction rates: 0.0
action executed: (type = :produce, bee1 = 1, bee2 = 1, task = 1)
current accuracies: [0.8830034280659074;;]
current suppressed tasks: Bool[0;;]

time for a gillespie step at time 85.9845375965027
sum of production rates: 1.0
sum of interaction rates: 0.0
action executed: (type = :produce, bee1 = 1, bee2 = 1, task = 1)
current accuracies: [0.8830034280659074;;]
current suppressed tasks: Bool[0;;]

Time: 88.3, 
            Production Events: 4, 
            Suppression Events: 0
Time: 88.3, 
            Production Events: 0, 
            Suppression Events: 0
Time: 88.3, 
            Production Events: 0, 
            Suppression Events: 0
time for a gillespie step at time 88.29694343748379
sum of production rates: 1.0
sum of interaction rates: 0.0
action executed: (type = :produce, bee1 = 1, bee2 = 1, task = 1)
current accuracies: [0.8830034280659074;;]
current suppressed tasks: Bool[0;;]

time for a gillespie step at time 88.69541597900161
sum of production rates: 1.0
sum of interaction rates: 0.0
action executed: (type = :produce, bee1 = 1, bee2 = 1, task = 1)
current accuracies: [0.8830034280659074;;]
current suppressed tasks: Bool[0;;]

Time: 90.82, 
            Production Events: 2, 
            Suppression Events: 0
Time: 90.82, 
            Production Events: 0, 
            Suppression Events: 0
time for a gillespie step at time 90.81820801940445
sum of production rates: 1.0
sum of interaction rates: 0.0
action executed: (type = :produce, bee1 = 1, bee2 = 1, task = 1)
current accuracies: [0.8830034280659074;;]
current suppressed tasks: Bool[0;;]

time for a gillespie step at time 90.89181267921175
sum of production rates: 1.0
sum of interaction rates: 0.0
action executed: (type = :produce, bee1 = 1, bee2 = 1, task = 1)
current accuracies: [0.8830034280659074;;]
current suppressed tasks: Bool[0;;]

Time: 91.14, 
            Production Events: 2, 
            Suppression Events: 0
time for a gillespie step at time 91.14307571143993
sum of production rates: 1.0
sum of interaction rates: 0.0
action executed: (type = :produce, bee1 = 1, bee2 = 1, task = 1)
current accuracies: [0.8830034280659074;;]
current suppressed tasks: Bool[0;;]

time for a gillespie step at time 91.33213721241184
sum of production rates: 1.0
sum of interaction rates: 0.0
action executed: (type = :produce, bee1 = 1, bee2 = 1, task = 1)
current accuracies: [0.8830034280659074;;]
current suppressed tasks: Bool[0;;]

time for a gillespie step at time 91.62902453372403
sum of production rates: 1.0
sum of interaction rates: 0.0
action executed: (type = :produce, bee1 = 1, bee2 = 1, task = 1)
current accuracies: [0.8830034280659074;;]
current suppressed tasks: Bool[0;;]

Time: 93.01, 
            Production Events: 3, 
            Suppression Events: 0
Time: 93.01, 
            Production Events: 0, 
            Suppression Events: 0
time for a gillespie step at time 93.0143388650543
sum of production rates: 1.0
sum of interaction rates: 0.0
action executed: (type = :produce, bee1 = 1, bee2 = 1, task = 1)
current accuracies: [0.8830034280659074;;]
current suppressed tasks: Bool[0;;]

time for a gillespie step at time 93.82765988521227
sum of production rates: 1.0
sum of interaction rates: 0.0
action executed: (type = :produce, bee1 = 1, bee2 = 1, task = 1)
current accuracies: [0.8830034280659074;;]
current suppressed tasks: Bool[0;;]

Time: 94.06, 
            Production Events: 2, 
            Suppression Events: 0
time for a gillespie step at time 94.0646959614352
sum of production rates: 1.0
sum of interaction rates: 0.0
action executed: (type = :produce, bee1 = 1, bee2 = 1, task = 1)
current accuracies: [0.8830034280659074;;]
current suppressed tasks: Bool[0;;]

time for a gillespie step at time 94.36738399064107
sum of production rates: 1.0
sum of interaction rates: 0.0
action executed: (type = :produce, bee1 = 1, bee2 = 1, task = 1)
current accuracies: [0.8830034280659074;;]
current suppressed tasks: Bool[0;;]

Time: 95.41, 
            Production Events: 2, 
            Suppression Events: 0
time for a gillespie step at time 95.40631013585187
sum of production rates: 1.0
sum of interaction rates: 0.0
action executed: (type = :produce, bee1 = 1, bee2 = 1, task = 1)
current accuracies: [0.8830034280659074;;]
current suppressed tasks: Bool[0;;]

Time: 99.09, 
            Production Events: 1, 
            Suppression Events: 0
Time: 99.09, 
            Production Events: 0, 
            Suppression Events: 0
Time: 99.09, 
            Production Events: 0, 
            Suppression Events: 0
Time: 99.09, 
            Production Events: 0, 
            Suppression Events: 0
time for a gillespie step at time 99.08977172797425
sum of production rates: 1.0
sum of interaction rates: 0.0
action executed: (type = :produce, bee1 = 1, bee2 = 1, task = 1)
current accuracies: [0.8830034280659074;;]
current suppressed tasks: Bool[0;;]

time for a gillespie step at time 99.55522460484086
sum of production rates: 1.0
sum of interaction rates: 0.0
action executed: (type = :produce, bee1 = 1, bee2 = 1, task = 1)
current accuracies: [0.8830034280659074;;]
current suppressed tasks: Bool[0;;]

Time: 100.4, 
            Production Events: 2, 
            Suppression Events: 0
Simulation completed:
  Final time: 100.40337141276584
  Total events: 105
  Wall time: 19.57 seconds

Saving simulation results with clean separation...
Task evolution saved to: single_tasks/new_tasks_training/data/param_53_rep_1_2025-11-17_180643/states.csv
Events saved to: single_tasks/new_tasks_training/data/param_53_rep_1_2025-11-17_180643/events.csv
Saving event log (raw and DataFrame)...
log DataFrame size: (105, 5)
short view:
5×5 DataFrame
 Row │ time      bee1_id  bee2_id  task_id  task_1
     │ Float64   Int64    Int64    Int64    Float64
─────┼───────────────────────────────────────────────
   1 │  1.15541        1        1        1  0.883003
   2 │  6.52143        1        1        1  0.883003
   3 │  6.8462         1        1        1  0.882893
   4 │  8.41175        1        1        1  0.883003
   5 │ 10.3469         1        1        1  0.883003Event log saved to: single_tasks/new_tasks_training/data/param_53_rep_1_2025-11-17_180643/event_log.json
Event log DataFrame saved to: single_tasks/new_tasks_training/data/param_53_rep_1_2025-11-17_180643/event_log.csv
Metadata and configuration saved to: single_tasks/new_tasks_training/data/param_53_rep_1_2025-11-17_180643/config.json
Task index mapping saved to: single_tasks/new_tasks_training/data/param_53_rep_1_2025-11-17_180643/task_index_mapping.json
All results saved to directory: single_tasks/new_tasks_training/data/param_53_rep_1_2025-11-17_180643
Simulation completed successfully!
Job finished at: Mon Nov 17 06:07:19 PM CET 2025
