Job array started at: Fri Nov 21 06:26:14 PM CET 2025
Job ID: 10862096
Array Job ID: 10860410
Array Task ID: 144
Node: th-ws-740m14
Loading Julia module...
Module loaded: /software/opt/el_9/x86_64/julia/1.11.3/bin/julia
Changing to project directory...
Current directory: /scratch/n/N.Pfaffenzeller/nikolas_nethive/nethive_multiverse
Running parameter combination 144, replicate 1
Starting Julia simulation...
Running simulation with the following configuration:
  dataset_names: [:mnist, :cifar10, :svhn2, :fashion_mnist, :bank]
  param_id: 144
  n_bees: 5
  batch_size: 32
  replicate_id: 1
  punish_rate: 0.1
  punishment: time_out
  lambda_sensitivity: 100
  save_nn_epochs: 0
  production_rate: 1
  interaction_rate: 10
  batches_per_step: 100
  learning_rate: 0.0001
  max_output_dim: 10
  n_steps_per_epoch: 1
  dead_time: 200
  max_input_dim: 3072
  n_epochs: 1000
  seed: 1130149042

Starting simulation with configuration:
  dataset_names: [:mnist, :cifar10, :svhn2, :fashion_mnist, :bank]
  param_id: 144
  n_bees: 5
  batch_size: 32
  replicate_id: 1
  punish_rate: 0.1
  punishment: time_out
  lambda_sensitivity: 100
  save_nn_epochs: 0
  production_rate: 1
  interaction_rate: 10
  batches_per_step: 100
  run_timestamp: 2025-11-21T18:27:01.324
  learning_rate: 0.0001
  max_output_dim: 10
  n_steps_per_epoch: 1
  dead_time: 200
  max_input_dim: 3072
  n_epochs: 1000
  seed: 1130149042
Random seed: 1130149042

Starting simulation...
Time: 2.32, 
            Production Events: 2, 
            Suppression Events: 0
Time: 2.32, 
            Production Events: 0, 
            Suppression Events: 0
Time: 3.58, 
            Production Events: 1, 
            Suppression Events: 1
Time: 4.56, 
            Production Events: 2, 
            Suppression Events: 0
Time: 5.23, 
            Production Events: 1, 
            Suppression Events: 0
Time: 6.06, 
            Production Events: 1, 
            Suppression Events: 1
Time: 7.59, 
            Production Events: 0, 
            Suppression Events: 2
Time: 10.95, 
            Production Events: 0, 
            Suppression Events: 1
Time: 10.95, 
            Production Events: 0, 
            Suppression Events: 0
Time: 10.95, 
            Production Events: 0, 
            Suppression Events: 0
Time: 12.56, 
            Production Events: 1, 
            Suppression Events: 0
Time: 12.56, 
            Production Events: 0, 
            Suppression Events: 0
Time: 14.6, 
            Production Events: 0, 
            Suppression Events: 1
Time: 14.6, 
            Production Events: 0, 
            Suppression Events: 0
Time: 16.66, 
            Production Events: 1, 
            Suppression Events: 0
Time: 16.66, 
            Production Events: 0, 
            Suppression Events: 0
Time: 17.14, 
            Production Events: 0, 
            Suppression Events: 2
Time: 18.61, 
            Production Events: 1, 
            Suppression Events: 1
Time: 20.01, 
            Production Events: 1, 
            Suppression Events: 0
Time: 20.01, 
            Production Events: 0, 
            Suppression Events: 0
Time: 21.62, 
            Production Events: 1, 
            Suppression Events: 1
Time: 22.47, 
            Production Events: 1, 
            Suppression Events: 0
Time: 24.14, 
            Production Events: 0, 
            Suppression Events: 1
Time: 24.14, 
            Production Events: 0, 
            Suppression Events: 0
Time: 26.22, 
            Production Events: 1, 
            Suppression Events: 1
Time: 26.22, 
            Production Events: 0, 
            Suppression Events: 0
Time: 28.1, 
            Production Events: 1, 
            Suppression Events: 0
Time: 28.1, 
            Production Events: 0, 
            Suppression Events: 0
Time: 29.32, 
            Production Events: 1, 
            Suppression Events: 0
Time: 33.78, 
            Production Events: 1, 
            Suppression Events: 0
Time: 33.78, 
            Production Events: 0, 
            Suppression Events: 0
Time: 33.78, 
            Production Events: 0, 
            Suppression Events: 0
Time: 33.78, 
            Production Events: 0, 
            Suppression Events: 0
Time: 34.2, 
            Production Events: 1, 
            Suppression Events: 0
Time: 35.73, 
            Production Events: 1, 
            Suppression Events: 1
Time: 36.23, 
            Production Events: 0, 
            Suppression Events: 1
Time: 38.0, 
            Production Events: 1, 
            Suppression Events: 0
Time: 38.02, 
            Production Events: 0, 
            Suppression Events: 1
Time: 41.32, 
            Production Events: 2, 
            Suppression Events: 2
Time: 41.32, 
            Production Events: 0, 
            Suppression Events: 0
Time: 41.32, 
            Production Events: 0, 
            Suppression Events: 0
Time: 43.91, 
            Production Events: 1, 
            Suppression Events: 0
Time: 43.91, 
            Production Events: 0, 
            Suppression Events: 0
Time: 44.92, 
            Production Events: 2, 
            Suppression Events: 0
Time: 45.37, 
            Production Events: 1, 
            Suppression Events: 0
Time: 46.19, 
            Production Events: 0, 
            Suppression Events: 2
Time: 47.43, 
            Production Events: 1, 
            Suppression Events: 1
Time: 50.12, 
            Production Events: 0, 
            Suppression Events: 1
Time: 50.12, 
            Production Events: 0, 
            Suppression Events: 0
Time: 50.12, 
            Production Events: 0, 
            Suppression Events: 0
Time: 51.38, 
            Production Events: 2, 
            Suppression Events: 1
Time: 53.6, 
            Production Events: 2, 
            Suppression Events: 1
Time: 53.6, 
            Production Events: 0, 
            Suppression Events: 0
Time: 54.07, 
            Production Events: 2, 
            Suppression Events: 0
Time: 55.13, 
            Production Events: 2, 
            Suppression Events: 1
Time: 56.34, 
            Production Events: 2, 
            Suppression Events: 1
Time: 57.22, 
            Production Events: 1, 
            Suppression Events: 1
Time: 58.5, 
            Production Events: 1, 
            Suppression Events: 1
Time: 59.47, 
            Production Events: 0, 
            Suppression Events: 1
Time: 62.67, 
            Production Events: 1, 
            Suppression Events: 1
Time: 62.67, 
            Production Events: 0, 
            Suppression Events: 0
Time: 62.67, 
            Production Events: 0, 
            Suppression Events: 0
Time: 63.48, 
            Production Events: 0, 
            Suppression Events: 1
Time: 65.1, 
            Production Events: 1, 
            Suppression Events: 1
Time: 65.1, 
            Production Events: 0, 
            Suppression Events: 0
Time: 68.25, 
            Production Events: 2, 
            Suppression Events: 1
Time: 68.25, 
            Production Events: 0, 
            Suppression Events: 0
Time: 68.25, 
            Production Events: 0, 
            Suppression Events: 0
Time: 69.09, 
            Production Events: 1, 
            Suppression Events: 0
Time: 71.24, 
            Production Events: 0, 
            Suppression Events: 1
Time: 71.24, 
            Production Events: 0, 
            Suppression Events: 0
Time: 72.48, 
            Production Events: 0, 
            Suppression Events: 1
Time: 73.37, 
            Production Events: 0, 
            Suppression Events: 1
Time: 75.8, 
            Production Events: 0, 
            Suppression Events: 1
Time: 75.8, 
            Production Events: 0, 
            Suppression Events: 0
Time: 78.02, 
            Production Events: 0, 
            Suppression Events: 1
Time: 78.02, 
            Production Events: 0, 
            Suppression Events: 0
Time: 78.02, 
            Production Events: 0, 
            Suppression Events: 0
Time: 81.02, 
            Production Events: 0, 
            Suppression Events: 3
Time: 81.02, 
            Production Events: 0, 
            Suppression Events: 0
Time: 81.02, 
            Production Events: 0, 
            Suppression Events: 0
Time: 85.55, 
            Production Events: 3, 
            Suppression Events: 0
Time: 85.55, 
            Production Events: 0, 
            Suppression Events: 0
Time: 85.55, 
            Production Events: 0, 
            Suppression Events: 0
Time: 85.55, 
            Production Events: 0, 
            Suppression Events: 0
Time: 86.87, 
            Production Events: 0, 
            Suppression Events: 1
Time: 87.09, 
            Production Events: 1, 
            Suppression Events: 0
Time: 88.24, 
            Production Events: 1, 
            Suppression Events: 2
Time: 89.69, 
            Production Events: 0, 
            Suppression Events: 1
Time: 90.82, 
            Production Events: 0, 
            Suppression Events: 1
Time: 91.02, 
            Production Events: 0, 
            Suppression Events: 1
Time: 92.71, 
            Production Events: 0, 
            Suppression Events: 1
Time: 93.11, 
            Production Events: 1, 
            Suppression Events: 0
Time: 94.12, 
            Production Events: 0, 
            Suppression Events: 2
Time: 96.49, 
            Production Events: 0, 
            Suppression Events: 1
Time: 96.49, 
            Production Events: 0, 
            Suppression Events: 0
Time: 97.68, 
            Production Events: 0, 
            Suppression Events: 2
Time: 98.04, 
            Production Events: 0, 
            Suppression Events: 2
Time: 101.68, 
            Production Events: 1, 
            Suppression Events: 1
Time: 101.68, 
            Production Events: 0, 
            Suppression Events: 0
Time: 101.68, 
            Production Events: 0, 
            Suppression Events: 0
Time: 102.1, 
            Production Events: 0, 
            Suppression Events: 1
Time: 104.24, 
            Production Events: 0, 
            Suppression Events: 2
Time: 104.24, 
            Production Events: 0, 
            Suppression Events: 0
Time: 106.14, 
            Production Events: 0, 
            Suppression Events: 1
Time: 106.14, 
            Production Events: 0, 
            Suppression Events: 0
Time: 107.79, 
            Production Events: 0, 
            Suppression Events: 3
Time: 108.49, 
            Production Events: 0, 
            Suppression Events: 1
Time: 109.91, 
            Production Events: 0, 
            Suppression Events: 1
Time: 110.45, 
            Production Events: 1, 
            Suppression Events: 0
Time: 112.31, 
            Production Events: 0, 
            Suppression Events: 1
Time: 112.31, 
            Production Events: 0, 
            Suppression Events: 0
Time: 113.88, 
            Production Events: 0, 
            Suppression Events: 1
Time: 117.27, 
            Production Events: 0, 
            Suppression Events: 1
Time: 117.27, 
            Production Events: 0, 
            Suppression Events: 0
Time: 117.27, 
            Production Events: 0, 
            Suppression Events: 0
Time: 117.27, 
            Production Events: 0, 
            Suppression Events: 0
Time: 119.65, 
            Production Events: 0, 
            Suppression Events: 2
Time: 119.65, 
            Production Events: 0, 
            Suppression Events: 0
Time: 121.56, 
            Production Events: 0, 
            Suppression Events: 1
Time: 121.56, 
            Production Events: 0, 
            Suppression Events: 0
Time: 122.98, 
            Production Events: 0, 
            Suppression Events: 2
Time: 124.58, 
            Production Events: 0, 
            Suppression Events: 1
Time: 124.58, 
            Production Events: 0, 
            Suppression Events: 0
Time: 125.51, 
            Production Events: 0, 
            Suppression Events: 2
Time: 126.23, 
            Production Events: 1, 
            Suppression Events: 0
Time: 131.46, 
            Production Events: 0, 
            Suppression Events: 1
Time: 131.46, 
            Production Events: 0, 
            Suppression Events: 0
Time: 131.46, 
            Production Events: 0, 
            Suppression Events: 0
Time: 131.46, 
            Production Events: 0, 
            Suppression Events: 0
Time: 131.46, 
            Production Events: 0, 
            Suppression Events: 0
Time: 132.2, 
            Production Events: 1, 
            Suppression Events: 2
Time: 134.72, 
            Production Events: 0, 
            Suppression Events: 2
Time: 134.72, 
            Production Events: 0, 
            Suppression Events: 0
Time: 136.35, 
            Production Events: 0, 
            Suppression Events: 1
Time: 136.35, 
            Production Events: 0, 
            Suppression Events: 0
Time: 138.52, 
            Production Events: 0, 
            Suppression Events: 1
Time: 138.52, 
            Production Events: 0, 
            Suppression Events: 0
Time: 139.33, 
            Production Events: 1, 
            Suppression Events: 2
Time: 140.23, 
            Production Events: 0, 
            Suppression Events: 1
Time: 143.29, 
            Production Events: 0, 
            Suppression Events: 1
Time: 143.29, 
            Production Events: 0, 
            Suppression Events: 0
Time: 143.29, 
            Production Events: 0, 
            Suppression Events: 0
Time: 145.24, 
            Production Events: 0, 
            Suppression Events: 2
Time: 145.24, 
            Production Events: 0, 
            Suppression Events: 0
Time: 146.96, 
            Production Events: 1, 
            Suppression Events: 0
Time: 147.07, 
            Production Events: 1, 
            Suppression Events: 0
Time: 148.16, 
            Production Events: 0, 
            Suppression Events: 1
Time: 149.32, 
            Production Events: 0, 
            Suppression Events: 1
Time: 151.05, 
            Production Events: 0, 
            Suppression Events: 2
Time: 151.05, 
            Production Events: 0, 
            Suppression Events: 0
Time: 152.85, 
            Production Events: 0, 
            Suppression Events: 2
Time: 154.14, 
            Production Events: 0, 
            Suppression Events: 1
Time: 154.14, 
            Production Events: 0, 
            Suppression Events: 0
Time: 155.52, 
            Production Events: 0, 
            Suppression Events: 1
Time: 156.22, 
            Production Events: 1, 
            Suppression Events: 1
Time: 157.06, 
            Production Events: 0, 
            Suppression Events: 1
Time: 158.11, 
            Production Events: 0, 
            Suppression Events: 3
Time: 159.68, 
            Production Events: 0, 
            Suppression Events: 2
Time: 161.63, 
            Production Events: 1, 
            Suppression Events: 0
Time: 161.63, 
            Production Events: 0, 
            Suppression Events: 0
Time: 162.67, 
            Production Events: 0, 
            Suppression Events: 1
Time: 164.34, 
            Production Events: 0, 
            Suppression Events: 1
Time: 164.34, 
            Production Events: 0, 
            Suppression Events: 0
Time: 166.17, 
            Production Events: 1, 
            Suppression Events: 1
Time: 166.17, 
            Production Events: 0, 
            Suppression Events: 0
Time: 167.28, 
            Production Events: 0, 
            Suppression Events: 1
Time: 168.32, 
            Production Events: 0, 
            Suppression Events: 2
Time: 171.91, 
            Production Events: 0, 
            Suppression Events: 2
Time: 171.91, 
            Production Events: 0, 
            Suppression Events: 0
Time: 171.91, 
            Production Events: 0, 
            Suppression Events: 0
Time: 174.09, 
            Production Events: 0, 
            Suppression Events: 1
Time: 174.09, 
            Production Events: 0, 
            Suppression Events: 0
Time: 174.09, 
            Production Events: 0, 
            Suppression Events: 0
Time: 175.1, 
            Production Events: 0, 
            Suppression Events: 1
Time: 177.62, 
            Production Events: 0, 
            Suppression Events: 2
Time: 177.62, 
            Production Events: 0, 
            Suppression Events: 0
Time: 179.21, 
            Production Events: 0, 
            Suppression Events: 2
Time: 179.21, 
            Production Events: 0, 
            Suppression Events: 0
Time: 181.38, 
            Production Events: 0, 
            Suppression Events: 3
Time: 181.38, 
            Production Events: 0, 
            Suppression Events: 0
Time: 182.11, 
            Production Events: 0, 
            Suppression Events: 1
Time: 188.82, 
            Production Events: 0, 
            Suppression Events: 1
Time: 188.82, 
            Production Events: 0, 
            Suppression Events: 0
Time: 188.82, 
            Production Events: 0, 
            Suppression Events: 0
Time: 188.82, 
            Production Events: 0, 
            Suppression Events: 0
Time: 188.82, 
            Production Events: 0, 
            Suppression Events: 0
Time: 188.82, 
            Production Events: 0, 
            Suppression Events: 0
Time: 190.16, 
            Production Events: 1, 
            Suppression Events: 0
Time: 190.16, 
            Production Events: 0, 
            Suppression Events: 0
Time: 193.23, 
            Production Events: 0, 
            Suppression Events: 1
Time: 193.23, 
            Production Events: 0, 
            Suppression Events: 0
Time: 193.23, 
            Production Events: 0, 
            Suppression Events: 0
Time: 194.03, 
            Production Events: 0, 
            Suppression Events: 2
Time: 195.02, 
            Production Events: 0, 
            Suppression Events: 2
Time: 196.05, 
            Production Events: 0, 
            Suppression Events: 2
Time: 197.31, 
            Production Events: 0, 
            Suppression Events: 1
Time: 199.04, 
            Production Events: 1, 
            Suppression Events: 2
Time: 199.04, 
            Production Events: 0, 
            Suppression Events: 0
Time: 201.27, 
            Production Events: 0, 
            Suppression Events: 1
Time: 201.27, 
            Production Events: 0, 
            Suppression Events: 0
Time: 202.41, 
            Production Events: 0, 
            Suppression Events: 1
Time: 204.09, 
            Production Events: 1, 
            Suppression Events: 1
Time: 204.09, 
            Production Events: 0, 
            Suppression Events: 0
Time: 205.35, 
            Production Events: 0, 
            Suppression Events: 2
Time: 206.14, 
            Production Events: 0, 
            Suppression Events: 1
Time: 207.38, 
            Production Events: 0, 
            Suppression Events: 2
Time: 208.23, 
            Production Events: 0, 
            Suppression Events: 1
Time: 209.79, 
            Production Events: 0, 
            Suppression Events: 4
Time: 210.54, 
            Production Events: 0, 
            Suppression Events: 1
Time: 211.98, 
            Production Events: 0, 
            Suppression Events: 1
Time: 212.92, 
            Production Events: 0, 
            Suppression Events: 1
Time: 213.51, 
            Production Events: 0, 
            Suppression Events: 1
Time: 214.12, 
            Production Events: 0, 
            Suppression Events: 1
Time: 216.83, 
            Production Events: 0, 
            Suppression Events: 4
Time: 216.83, 
            Production Events: 0, 
            Suppression Events: 0
Time: 217.41, 
            Production Events: 0, 
            Suppression Events: 1
Time: 218.05, 
            Production Events: 0, 
            Suppression Events: 1
Time: 220.92, 
            Production Events: 0, 
            Suppression Events: 2
Time: 220.92, 
            Production Events: 0, 
            Suppression Events: 0
Time: 221.96, 
            Production Events: 0, 
            Suppression Events: 1
Time: 222.77, 
            Production Events: 0, 
            Suppression Events: 1
Time: 223.43, 
            Production Events: 1, 
            Suppression Events: 0
Time: 225.08, 
            Production Events: 0, 
            Suppression Events: 1
Time: 225.08, 
            Production Events: 0, 
            Suppression Events: 0
Time: 229.14, 
            Production Events: 0, 
            Suppression Events: 1
Time: 229.14, 
            Production Events: 0, 
            Suppression Events: 0
Time: 229.14, 
            Production Events: 0, 
            Suppression Events: 0
Time: 229.14, 
            Production Events: 0, 
            Suppression Events: 0
Time: 230.51, 
            Production Events: 0, 
            Suppression Events: 1
Time: 233.86, 
            Production Events: 0, 
            Suppression Events: 1
Time: 233.86, 
            Production Events: 0, 
            Suppression Events: 0
Time: 233.86, 
            Production Events: 0, 
            Suppression Events: 0
Time: 234.15, 
            Production Events: 0, 
            Suppression Events: 2
Time: 235.53, 
            Production Events: 0, 
            Suppression Events: 1
Time: 238.74, 
            Production Events: 0, 
            Suppression Events: 2
Time: 238.74, 
            Production Events: 0, 
            Suppression Events: 0
Time: 238.74, 
            Production Events: 0, 
            Suppression Events: 0
Time: 239.83, 
            Production Events: 0, 
            Suppression Events: 1
Time: 240.42, 
            Production Events: 0, 
            Suppression Events: 1
Time: 241.67, 
            Production Events: 0, 
            Suppression Events: 3
Time: 243.15, 
            Production Events: 0, 
            Suppression Events: 1
Time: 243.15, 
            Production Events: 0, 
            Suppression Events: 0
Time: 249.15, 
            Production Events: 0, 
            Suppression Events: 1
Time: 249.15, 
            Production Events: 0, 
            Suppression Events: 0
Time: 249.15, 
            Production Events: 0, 
            Suppression Events: 0
Time: 249.15, 
            Production Events: 0, 
            Suppression Events: 0
Time: 249.15, 
            Production Events: 0, 
            Suppression Events: 0
Time: 249.15, 
            Production Events: 0, 
            Suppression Events: 0
Time: 252.14, 
            Production Events: 0, 
            Suppression Events: 2
Time: 252.14, 
            Production Events: 0, 
            Suppression Events: 0
Time: 252.14, 
            Production Events: 0, 
            Suppression Events: 0
Time: 255.28, 
            Production Events: 0, 
            Suppression Events: 1
Time: 255.28, 
            Production Events: 0, 
            Suppression Events: 0
Time: 255.28, 
            Production Events: 0, 
            Suppression Events: 0
Time: 256.54, 
            Production Events: 1, 
            Suppression Events: 1
Time: 257.3, 
            Production Events: 0, 
            Suppression Events: 2
Time: 258.61, 
            Production Events: 0, 
            Suppression Events: 3
Time: 260.59, 
            Production Events: 0, 
            Suppression Events: 3
Time: 260.59, 
            Production Events: 0, 
            Suppression Events: 0
Time: 261.27, 
            Production Events: 0, 
            Suppression Events: 2
Time: 262.18, 
            Production Events: 0, 
            Suppression Events: 2
Time: 263.68, 
            Production Events: 0, 
            Suppression Events: 1
Time: 264.2, 
            Production Events: 0, 
            Suppression Events: 1
Time: 265.16, 
            Production Events: 1, 
            Suppression Events: 2
Time: 266.1, 
            Production Events: 1, 
            Suppression Events: 1
Time: 267.11, 
            Production Events: 0, 
            Suppression Events: 3
Time: 268.1, 
            Production Events: 0, 
            Suppression Events: 2
Time: 270.13, 
            Production Events: 0, 
            Suppression Events: 1
Time: 270.13, 
            Production Events: 0, 
            Suppression Events: 0
Time: 271.22, 
            Production Events: 0, 
            Suppression Events: 2
Time: 272.14, 
            Production Events: 1, 
            Suppression Events: 2
Time: 273.45, 
            Production Events: 0, 
            Suppression Events: 2
Time: 274.19, 
            Production Events: 1, 
            Suppression Events: 0
Time: 276.37, 
            Production Events: 0, 
            Suppression Events: 2
Time: 276.37, 
            Production Events: 0, 
            Suppression Events: 0
Time: 278.04, 
            Production Events: 0, 
            Suppression Events: 2
Time: 278.04, 
            Production Events: 0, 
            Suppression Events: 0
Time: 279.19, 
            Production Events: 0, 
            Suppression Events: 2
Time: 280.81, 
            Production Events: 2, 
            Suppression Events: 2
Time: 281.08, 
            Production Events: 0, 
            Suppression Events: 1
Time: 282.76, 
            Production Events: 0, 
            Suppression Events: 2
Time: 283.34, 
            Production Events: 0, 
            Suppression Events: 1
Time: 285.09, 
            Production Events: 0, 
            Suppression Events: 1
Time: 285.09, 
            Production Events: 0, 
            Suppression Events: 0
Time: 287.55, 
            Production Events: 0, 
            Suppression Events: 1
Time: 287.55, 
            Production Events: 0, 
            Suppression Events: 0
Time: 289.05, 
            Production Events: 0, 
            Suppression Events: 1
Time: 289.05, 
            Production Events: 0, 
            Suppression Events: 0
Time: 290.34, 
            Production Events: 0, 
            Suppression Events: 2
Time: 291.06, 
            Production Events: 2, 
            Suppression Events: 0
Time: 292.39, 
            Production Events: 0, 
            Suppression Events: 2
Time: 294.54, 
            Production Events: 0, 
            Suppression Events: 3
Time: 294.54, 
            Production Events: 0, 
            Suppression Events: 0
Time: 295.31, 
            Production Events: 2, 
            Suppression Events: 1
Time: 297.04, 
            Production Events: 0, 
            Suppression Events: 1
Time: 297.04, 
            Production Events: 0, 
            Suppression Events: 0
Time: 298.4, 
            Production Events: 2, 
            Suppression Events: 0
Time: 300.18, 
            Production Events: 1, 
            Suppression Events: 0
Time: 300.18, 
            Production Events: 0, 
            Suppression Events: 0
Time: 301.07, 
            Production Events: 0, 
            Suppression Events: 1
Time: 304.63, 
            Production Events: 0, 
            Suppression Events: 1
Time: 304.63, 
            Production Events: 0, 
            Suppression Events: 0
Time: 304.63, 
            Production Events: 0, 
            Suppression Events: 0
Time: 306.22, 
            Production Events: 1, 
            Suppression Events: 0
Time: 306.22, 
            Production Events: 0, 
            Suppression Events: 0
Time: 307.74, 
            Production Events: 0, 
            Suppression Events: 1
Time: 309.28, 
            Production Events: 1, 
            Suppression Events: 0
Time: 309.28, 
            Production Events: 0, 
            Suppression Events: 0
Time: 310.2, 
            Production Events: 0, 
            Suppression Events: 2
Time: 311.47, 
            Production Events: 1, 
            Suppression Events: 1
Time: 312.38, 
            Production Events: 0, 
            Suppression Events: 1
Time: 315.68, 
            Production Events: 0, 
            Suppression Events: 2
Time: 315.68, 
            Production Events: 0, 
            Suppression Events: 0
Time: 315.68, 
            Production Events: 0, 
            Suppression Events: 0
Time: 316.85, 
            Production Events: 0, 
            Suppression Events: 2
Time: 317.58, 
            Production Events: 0, 
            Suppression Events: 1
Time: 318.71, 
            Production Events: 0, 
            Suppression Events: 2
Time: 320.52, 
            Production Events: 0, 
            Suppression Events: 1
Time: 320.52, 
            Production Events: 0, 
            Suppression Events: 0
Time: 322.64, 
            Production Events: 0, 
            Suppression Events: 1
Time: 322.64, 
            Production Events: 0, 
            Suppression Events: 0
Time: 323.7, 
            Production Events: 0, 
            Suppression Events: 1
Time: 324.27, 
            Production Events: 0, 
            Suppression Events: 1
Time: 328.7, 
            Production Events: 0, 
            Suppression Events: 2
Time: 328.7, 
            Production Events: 0, 
            Suppression Events: 0
Time: 328.7, 
            Production Events: 0, 
            Suppression Events: 0
Time: 328.7, 
            Production Events: 0, 
            Suppression Events: 0
Time: 329.06, 
            Production Events: 0, 
            Suppression Events: 1
Time: 331.14, 
            Production Events: 0, 
            Suppression Events: 1
Time: 331.14, 
            Production Events: 0, 
            Suppression Events: 0
Time: 334.81, 
            Production Events: 1, 
            Suppression Events: 1
Time: 334.81, 
            Production Events: 0, 
            Suppression Events: 0
Time: 334.81, 
            Production Events: 0, 
            Suppression Events: 0
Time: 336.49, 
            Production Events: 0, 
            Suppression Events: 1
Time: 336.49, 
            Production Events: 0, 
            Suppression Events: 0
Time: 339.85, 
            Production Events: 1, 
            Suppression Events: 0
Time: 339.85, 
            Production Events: 0, 
            Suppression Events: 0
Time: 339.85, 
            Production Events: 0, 
            Suppression Events: 0
Time: 340.03, 
            Production Events: 0, 
            Suppression Events: 1
Time: 343.82, 
            Production Events: 0, 
            Suppression Events: 1
Time: 343.82, 
            Production Events: 0, 
            Suppression Events: 0
Time: 343.82, 
            Production Events: 0, 
            Suppression Events: 0
Time: 344.84, 
            Production Events: 0, 
            Suppression Events: 1
Time: 345.23, 
            Production Events: 0, 
            Suppression Events: 1
Time: 346.59, 
            Production Events: 0, 
            Suppression Events: 1
Time: 347.19, 
            Production Events: 0, 
            Suppression Events: 2
Time: 352.16, 
            Production Events: 0, 
            Suppression Events: 1
Time: 352.16, 
            Production Events: 0, 
            Suppression Events: 0
Time: 352.16, 
            Production Events: 0, 
            Suppression Events: 0
Time: 352.16, 
            Production Events: 0, 
            Suppression Events: 0
Time: 352.16, 
            Production Events: 0, 
            Suppression Events: 0
Time: 353.53, 
            Production Events: 0, 
            Suppression Events: 2
Time: 356.76, 
            Production Events: 0, 
            Suppression Events: 1
Time: 356.76, 
            Production Events: 0, 
            Suppression Events: 0
Time: 356.76, 
            Production Events: 0, 
            Suppression Events: 0
Time: 357.69, 
            Production Events: 0, 
            Suppression Events: 1
Time: 358.64, 
            Production Events: 0, 
            Suppression Events: 2
Time: 362.59, 
            Production Events: 1, 
            Suppression Events: 1
Time: 362.59, 
            Production Events: 0, 
            Suppression Events: 0
Time: 362.59, 
            Production Events: 0, 
            Suppression Events: 0
Time: 362.59, 
            Production Events: 0, 
            Suppression Events: 0
Time: 363.63, 
            Production Events: 0, 
            Suppression Events: 1
Time: 364.31, 
            Production Events: 2, 
            Suppression Events: 0
Time: 365.67, 
            Production Events: 0, 
            Suppression Events: 1
Time: 368.2, 
            Production Events: 1, 
            Suppression Events: 1
Time: 368.2, 
            Production Events: 0, 
            Suppression Events: 0
Time: 368.2, 
            Production Events: 0, 
            Suppression Events: 0
Time: 370.4, 
            Production Events: 0, 
            Suppression Events: 2
Time: 370.4, 
            Production Events: 0, 
            Suppression Events: 0
Time: 371.77, 
            Production Events: 0, 
            Suppression Events: 2
Time: 372.46, 
            Production Events: 0, 
            Suppression Events: 1
Time: 375.15, 
            Production Events: 0, 
            Suppression Events: 3
Time: 375.15, 
            Production Events: 0, 
            Suppression Events: 0
Time: 375.15, 
            Production Events: 0, 
            Suppression Events: 0
Time: 376.95, 
            Production Events: 0, 
            Suppression Events: 1
Time: 377.17, 
            Production Events: 0, 
            Suppression Events: 1
Time: 378.41, 
            Production Events: 1, 
            Suppression Events: 0
Time: 379.4, 
            Production Events: 0, 
            Suppression Events: 1
Time: 381.8, 
            Production Events: 0, 
            Suppression Events: 1
Time: 381.8, 
            Production Events: 0, 
            Suppression Events: 0
Time: 382.65, 
            Production Events: 0, 
            Suppression Events: 1
Time: 384.41, 
            Production Events: 0, 
            Suppression Events: 2
Time: 384.41, 
            Production Events: 0, 
            Suppression Events: 0
Time: 385.37, 
            Production Events: 0, 
            Suppression Events: 2
Time: 387.22, 
            Production Events: 1, 
            Suppression Events: 0
Time: 387.22, 
            Production Events: 0, 
            Suppression Events: 0
Time: 388.18, 
            Production Events: 0, 
            Suppression Events: 2
Time: 389.33, 
            Production Events: 1, 
            Suppression Events: 0
Time: 392.19, 
            Production Events: 0, 
            Suppression Events: 1
Time: 392.19, 
            Production Events: 0, 
            Suppression Events: 0
Time: 392.19, 
            Production Events: 0, 
            Suppression Events: 0
Time: 393.73, 
            Production Events: 0, 
            Suppression Events: 1
Time: 394.58, 
            Production Events: 1, 
            Suppression Events: 0
Time: 395.07, 
            Production Events: 1, 
            Suppression Events: 0
Time: 397.12, 
            Production Events: 0, 
            Suppression Events: 2
Time: 397.12, 
            Production Events: 0, 
            Suppression Events: 0
Time: 398.29, 
            Production Events: 0, 
            Suppression Events: 2
Time: 400.46, 
            Production Events: 0, 
            Suppression Events: 1
Time: 400.46, 
            Production Events: 0, 
            Suppression Events: 0
Time: 401.12, 
            Production Events: 0, 
            Suppression Events: 1
Time: 402.45, 
            Production Events: 1, 
            Suppression Events: 0
Time: 403.54, 
            Production Events: 0, 
            Suppression Events: 1
Time: 406.49, 
            Production Events: 0, 
            Suppression Events: 3
Time: 406.49, 
            Production Events: 0, 
            Suppression Events: 0
Time: 406.49, 
            Production Events: 0, 
            Suppression Events: 0
Time: 408.44, 
            Production Events: 0, 
            Suppression Events: 2
Time: 408.44, 
            Production Events: 0, 
            Suppression Events: 0
Time: 409.06, 
            Production Events: 0, 
            Suppression Events: 1
Time: 410.88, 
            Production Events: 1, 
            Suppression Events: 2
Time: 413.11, 
            Production Events: 0, 
            Suppression Events: 1
Time: 413.11, 
            Production Events: 0, 
            Suppression Events: 0
Time: 413.11, 
            Production Events: 0, 
            Suppression Events: 0
Time: 414.42, 
            Production Events: 1, 
            Suppression Events: 1
Time: 415.51, 
            Production Events: 0, 
            Suppression Events: 1
Time: 418.19, 
            Production Events: 2, 
            Suppression Events: 1
Time: 418.19, 
            Production Events: 0, 
            Suppression Events: 0
Time: 418.19, 
            Production Events: 0, 
            Suppression Events: 0
Time: 420.94, 
            Production Events: 0, 
            Suppression Events: 2
Time: 420.94, 
            Production Events: 0, 
            Suppression Events: 0
Time: 421.41, 
            Production Events: 1, 
            Suppression Events: 0
Time: 422.27, 
            Production Events: 0, 
            Suppression Events: 2
Time: 423.05, 
            Production Events: 0, 
            Suppression Events: 1
Time: 424.2, 
            Production Events: 0, 
            Suppression Events: 2
Time: 425.06, 
            Production Events: 0, 
            Suppression Events: 2
Time: 428.11, 
            Production Events: 0, 
            Suppression Events: 2
Time: 428.11, 
            Production Events: 0, 
            Suppression Events: 0
Time: 428.11, 
            Production Events: 0, 
            Suppression Events: 0
Time: 429.06, 
            Production Events: 0, 
            Suppression Events: 1
Time: 430.04, 
            Production Events: 0, 
            Suppression Events: 2
Time: 431.73, 
            Production Events: 0, 
            Suppression Events: 1
Time: 433.07, 
            Production Events: 0, 
            Suppression Events: 1
Time: 433.07, 
            Production Events: 0, 
            Suppression Events: 0
Time: 435.63, 
            Production Events: 0, 
            Suppression Events: 1
Time: 435.63, 
            Production Events: 0, 
            Suppression Events: 0
Time: 437.24, 
            Production Events: 0, 
            Suppression Events: 1
Time: 437.24, 
            Production Events: 0, 
            Suppression Events: 0
Time: 439.0, 
            Production Events: 1, 
            Suppression Events: 0
Time: 439.0, 
            Production Events: 0, 
            Suppression Events: 0
Time: 441.74, 
            Production Events: 1, 
            Suppression Events: 2
Time: 441.74, 
            Production Events: 0, 
            Suppression Events: 0
Time: 442.89, 
            Production Events: 0, 
            Suppression Events: 1
Time: 444.83, 
            Production Events: 0, 
            Suppression Events: 1
Time: 444.83, 
            Production Events: 0, 
            Suppression Events: 0
Time: 445.58, 
            Production Events: 0, 
            Suppression Events: 1
Time: 446.83, 
            Production Events: 0, 
            Suppression Events: 2
Time: 447.18, 
            Production Events: 0, 
            Suppression Events: 1
Time: 449.38, 
            Production Events: 1, 
            Suppression Events: 0
Time: 449.38, 
            Production Events: 0, 
            Suppression Events: 0
Time: 450.95, 
            Production Events: 0, 
            Suppression Events: 1
Time: 451.22, 
            Production Events: 0, 
            Suppression Events: 1
Time: 453.26, 
            Production Events: 0, 
            Suppression Events: 1
Time: 453.26, 
            Production Events: 0, 
            Suppression Events: 0
Time: 456.11, 
            Production Events: 2, 
            Suppression Events: 2
Time: 456.11, 
            Production Events: 0, 
            Suppression Events: 0
Time: 456.11, 
            Production Events: 0, 
            Suppression Events: 0
Time: 458.01, 
            Production Events: 0, 
            Suppression Events: 2
Time: 458.01, 
            Production Events: 0, 
            Suppression Events: 0
Time: 460.01, 
            Production Events: 0, 
            Suppression Events: 1
Time: 460.01, 
            Production Events: 0, 
            Suppression Events: 0
Time: 462.78, 
            Production Events: 0, 
            Suppression Events: 1
Time: 462.78, 
            Production Events: 0, 
            Suppression Events: 0
Time: 463.3, 
            Production Events: 0, 
            Suppression Events: 1
Time: 464.81, 
            Production Events: 0, 
            Suppression Events: 1
Time: 465.7, 
            Production Events: 1, 
            Suppression Events: 0
Time: 467.35, 
            Production Events: 0, 
            Suppression Events: 3
Time: 467.35, 
            Production Events: 0, 
            Suppression Events: 0
Time: 468.15, 
            Production Events: 0, 
            Suppression Events: 1
Time: 469.51, 
            Production Events: 1, 
            Suppression Events: 2
Time: 470.43, 
            Production Events: 0, 
            Suppression Events: 1
Time: 471.62, 
            Production Events: 0, 
            Suppression Events: 1
Time: 472.32, 
            Production Events: 0, 
            Suppression Events: 1
Time: 475.31, 
            Production Events: 1, 
            Suppression Events: 1
Time: 475.31, 
            Production Events: 0, 
            Suppression Events: 0
Time: 475.31, 
            Production Events: 0, 
            Suppression Events: 0
Time: 476.84, 
            Production Events: 0, 
            Suppression Events: 2
Time: 477.51, 
            Production Events: 0, 
            Suppression Events: 1
Time: 480.95, 
            Production Events: 0, 
            Suppression Events: 1
Time: 480.95, 
            Production Events: 0, 
            Suppression Events: 0
Time: 480.95, 
            Production Events: 0, 
            Suppression Events: 0
Time: 482.53, 
            Production Events: 0, 
            Suppression Events: 1
Time: 482.53, 
            Production Events: 0, 
            Suppression Events: 0
Time: 485.56, 
            Production Events: 0, 
            Suppression Events: 1
Time: 485.56, 
            Production Events: 0, 
            Suppression Events: 0
Time: 485.56, 
            Production Events: 0, 
            Suppression Events: 0
Time: 486.61, 
            Production Events: 0, 
            Suppression Events: 1
Time: 487.09, 
            Production Events: 0, 
            Suppression Events: 1
Time: 488.43, 
            Production Events: 1, 
            Suppression Events: 0
Time: 489.55, 
            Production Events: 0, 
            Suppression Events: 2
Time: 490.32, 
            Production Events: 2, 
            Suppression Events: 2
Time: 491.89, 
            Production Events: 0, 
            Suppression Events: 1
Time: 492.86, 
            Production Events: 0, 
            Suppression Events: 1
Time: 493.04, 
            Production Events: 0, 
            Suppression Events: 1
Time: 496.06, 
            Production Events: 1, 
            Suppression Events: 0
Time: 496.06, 
            Production Events: 0, 
            Suppression Events: 0
Time: 496.06, 
            Production Events: 0, 
            Suppression Events: 0
Time: 497.29, 
            Production Events: 0, 
            Suppression Events: 1
Time: 498.58, 
            Production Events: 0, 
            Suppression Events: 1
Time: 499.87, 
            Production Events: 0, 
            Suppression Events: 1
Time: 500.34, 
            Production Events: 0, 
            Suppression Events: 1
Time: 501.18, 
            Production Events: 0, 
            Suppression Events: 1
Time: 502.4, 
            Production Events: 0, 
            Suppression Events: 2
Time: 503.7, 
            Production Events: 0, 
            Suppression Events: 3
Time: 504.2, 
            Production Events: 0, 
            Suppression Events: 1
Time: 505.86, 
            Production Events: 0, 
            Suppression Events: 1
Time: 506.64, 
            Production Events: 0, 
            Suppression Events: 1
Time: 508.46, 
            Production Events: 0, 
            Suppression Events: 1
Time: 508.46, 
            Production Events: 0, 
            Suppression Events: 0
Time: 510.11, 
            Production Events: 0, 
            Suppression Events: 1
Time: 510.11, 
            Production Events: 0, 
            Suppression Events: 0
Time: 514.35, 
            Production Events: 1, 
            Suppression Events: 1
Time: 514.35, 
            Production Events: 0, 
            Suppression Events: 0
Time: 514.35, 
            Production Events: 0, 
            Suppression Events: 0
Time: 514.35, 
            Production Events: 0, 
            Suppression Events: 0
Time: 517.58, 
            Production Events: 0, 
            Suppression Events: 1
Time: 517.58, 
            Production Events: 0, 
            Suppression Events: 0
Time: 517.58, 
            Production Events: 0, 
            Suppression Events: 0
Time: 520.67, 
            Production Events: 0, 
            Suppression Events: 1
Time: 520.67, 
            Production Events: 0, 
            Suppression Events: 0
Time: 520.67, 
            Production Events: 0, 
            Suppression Events: 0
Time: 521.14, 
            Production Events: 0, 
            Suppression Events: 1
Time: 522.29, 
            Production Events: 0, 
            Suppression Events: 1
Time: 523.99, 
            Production Events: 0, 
            Suppression Events: 1
Time: 524.77, 
            Production Events: 0, 
            Suppression Events: 1
Time: 525.77, 
            Production Events: 0, 
            Suppression Events: 1
Time: 529.52, 
            Production Events: 0, 
            Suppression Events: 2
Time: 529.52, 
            Production Events: 0, 
            Suppression Events: 0
Time: 529.52, 
            Production Events: 0, 
            Suppression Events: 0
Time: 529.52, 
            Production Events: 0, 
            Suppression Events: 0
Time: 530.93, 
            Production Events: 0, 
            Suppression Events: 2
Time: 531.46, 
            Production Events: 0, 
            Suppression Events: 1
Time: 532.58, 
            Production Events: 0, 
            Suppression Events: 1
Time: 534.16, 
            Production Events: 0, 
            Suppression Events: 1
Time: 534.16, 
            Production Events: 0, 
            Suppression Events: 0
Time: 536.39, 
            Production Events: 0, 
            Suppression Events: 2
Time: 536.39, 
            Production Events: 0, 
            Suppression Events: 0
Time: 537.31, 
            Production Events: 0, 
            Suppression Events: 1
Time: 538.43, 
            Production Events: 0, 
            Suppression Events: 3
Time: 539.45, 
            Production Events: 0, 
            Suppression Events: 1
Time: 542.86, 
            Production Events: 0, 
            Suppression Events: 1
Time: 542.86, 
            Production Events: 0, 
            Suppression Events: 0
Time: 542.86, 
            Production Events: 0, 
            Suppression Events: 0
Time: 543.59, 
            Production Events: 0, 
            Suppression Events: 1
Time: 544.66, 
            Production Events: 1, 
            Suppression Events: 0
Time: 545.15, 
            Production Events: 1, 
            Suppression Events: 1
Time: 546.45, 
            Production Events: 1, 
            Suppression Events: 1
Time: 548.94, 
            Production Events: 1, 
            Suppression Events: 1
Time: 548.94, 
            Production Events: 0, 
            Suppression Events: 0
Time: 550.34, 
            Production Events: 1, 
            Suppression Events: 0
Time: 550.34, 
            Production Events: 0, 
            Suppression Events: 0
Time: 553.37, 
            Production Events: 0, 
            Suppression Events: 2
Time: 553.37, 
            Production Events: 0, 
            Suppression Events: 0
Time: 553.37, 
            Production Events: 0, 
            Suppression Events: 0
Time: 554.13, 
            Production Events: 0, 
            Suppression Events: 1
Time: 555.53, 
            Production Events: 0, 
            Suppression Events: 1
Time: 556.26, 
            Production Events: 0, 
            Suppression Events: 2
Time: 558.18, 
            Production Events: 0, 
            Suppression Events: 2
Time: 558.18, 
            Production Events: 0, 
            Suppression Events: 0
Time: 560.28, 
            Production Events: 0, 
            Suppression Events: 2
Time: 560.28, 
            Production Events: 0, 
            Suppression Events: 0
Time: 561.1, 
            Production Events: 0, 
            Suppression Events: 2
Time: 564.46, 
            Production Events: 0, 
            Suppression Events: 2
Time: 564.46, 
            Production Events: 0, 
            Suppression Events: 0
Time: 564.46, 
            Production Events: 0, 
            Suppression Events: 0
Time: 565.58, 
            Production Events: 0, 
            Suppression Events: 2
Time: 566.23, 
            Production Events: 0, 
            Suppression Events: 2
Time: 567.2, 
            Production Events: 0, 
            Suppression Events: 2
Time: 569.26, 
            Production Events: 0, 
            Suppression Events: 1
Time: 569.26, 
            Production Events: 0, 
            Suppression Events: 0
Time: 572.79, 
            Production Events: 1, 
            Suppression Events: 0
Time: 572.79, 
            Production Events: 0, 
            Suppression Events: 0
Time: 572.79, 
            Production Events: 0, 
            Suppression Events: 0
Time: 573.23, 
            Production Events: 1, 
            Suppression Events: 0
Time: 578.26, 
            Production Events: 0, 
            Suppression Events: 1
Time: 578.26, 
            Production Events: 0, 
            Suppression Events: 0
Time: 578.26, 
            Production Events: 0, 
            Suppression Events: 0
Time: 578.26, 
            Production Events: 0, 
            Suppression Events: 0
Time: 578.26, 
            Production Events: 0, 
            Suppression Events: 0
Time: 579.43, 
            Production Events: 1, 
            Suppression Events: 1
Time: 581.71, 
            Production Events: 0, 
            Suppression Events: 1
Time: 581.71, 
            Production Events: 0, 
            Suppression Events: 0
Time: 583.59, 
            Production Events: 0, 
            Suppression Events: 1
Time: 583.59, 
            Production Events: 0, 
            Suppression Events: 0
Time: 585.55, 
            Production Events: 1, 
            Suppression Events: 0
Time: 585.55, 
            Production Events: 0, 
            Suppression Events: 0
Time: 586.48, 
            Production Events: 0, 
            Suppression Events: 1
Time: 587.22, 
            Production Events: 0, 
            Suppression Events: 1
Time: 588.29, 
            Production Events: 1, 
            Suppression Events: 1
Time: 589.4, 
            Production Events: 2, 
            Suppression Events: 2
Time: 590.09, 
            Production Events: 0, 
            Suppression Events: 1
Time: 591.79, 
            Production Events: 1, 
            Suppression Events: 1
Time: 593.17, 
            Production Events: 1, 
            Suppression Events: 1
Time: 593.17, 
            Production Events: 0, 
            Suppression Events: 0
Time: 596.1, 
            Production Events: 0, 
            Suppression Events: 1
Time: 596.1, 
            Production Events: 0, 
            Suppression Events: 0
Time: 596.1, 
            Production Events: 0, 
            Suppression Events: 0
Time: 597.17, 
            Production Events: 0, 
            Suppression Events: 3
Time: 599.9, 
            Production Events: 0, 
            Suppression Events: 1
Time: 599.9, 
            Production Events: 0, 
            Suppression Events: 0
Time: 600.26, 
            Production Events: 0, 
            Suppression Events: 1
Time: 603.9, 
            Production Events: 0, 
            Suppression Events: 1
Time: 603.9, 
            Production Events: 0, 
            Suppression Events: 0
Time: 603.9, 
            Production Events: 0, 
            Suppression Events: 0
Time: 604.42, 
            Production Events: 0, 
            Suppression Events: 1
Time: 606.33, 
            Production Events: 0, 
            Suppression Events: 1
Time: 606.33, 
            Production Events: 0, 
            Suppression Events: 0
Time: 608.11, 
            Production Events: 0, 
            Suppression Events: 2
Time: 608.11, 
            Production Events: 0, 
            Suppression Events: 0
Time: 609.89, 
            Production Events: 0, 
            Suppression Events: 1
Time: 610.09, 
            Production Events: 0, 
            Suppression Events: 1
Time: 611.8, 
            Production Events: 1, 
            Suppression Events: 1
Time: 613.23, 
            Production Events: 0, 
            Suppression Events: 1
Time: 613.23, 
            Production Events: 0, 
            Suppression Events: 0
Time: 615.33, 
            Production Events: 0, 
            Suppression Events: 1
Time: 615.33, 
            Production Events: 0, 
            Suppression Events: 0
Time: 616.03, 
            Production Events: 0, 
            Suppression Events: 1
Time: 618.76, 
            Production Events: 0, 
            Suppression Events: 3
Time: 618.76, 
            Production Events: 0, 
            Suppression Events: 0
Time: 622.19, 
            Production Events: 1, 
            Suppression Events: 2
Time: 622.19, 
            Production Events: 0, 
            Suppression Events: 0
Time: 622.19, 
            Production Events: 0, 
            Suppression Events: 0
Time: 622.19, 
            Production Events: 0, 
            Suppression Events: 0
Time: 623.25, 
            Production Events: 1, 
            Suppression Events: 1
Time: 624.89, 
            Production Events: 0, 
            Suppression Events: 3
Time: 627.01, 
            Production Events: 0, 
            Suppression Events: 1
Time: 627.01, 
            Production Events: 0, 
            Suppression Events: 0
Time: 627.01, 
            Production Events: 0, 
            Suppression Events: 0
Time: 628.19, 
            Production Events: 0, 
            Suppression Events: 2
Time: 629.85, 
            Production Events: 0, 
            Suppression Events: 3
Time: 630.32, 
            Production Events: 0, 
            Suppression Events: 1
Time: 632.75, 
            Production Events: 0, 
            Suppression Events: 2
Time: 632.75, 
            Production Events: 0, 
            Suppression Events: 0
Time: 633.59, 
            Production Events: 1, 
            Suppression Events: 1
Time: 634.95, 
            Production Events: 0, 
            Suppression Events: 2
Time: 635.63, 
            Production Events: 0, 
            Suppression Events: 1
Time: 636.17, 
            Production Events: 1, 
            Suppression Events: 0
Time: 640.71, 
            Production Events: 0, 
            Suppression Events: 1
Time: 640.71, 
            Production Events: 0, 
            Suppression Events: 0
Time: 640.71, 
            Production Events: 0, 
            Suppression Events: 0
Time: 640.71, 
            Production Events: 0, 
            Suppression Events: 0
Time: 642.08, 
            Production Events: 1, 
            Suppression Events: 0
Time: 642.08, 
            Production Events: 0, 
            Suppression Events: 0
Time: 644.18, 
            Production Events: 0, 
            Suppression Events: 2
Time: 644.18, 
            Production Events: 0, 
            Suppression Events: 0
Time: 645.32, 
            Production Events: 0, 
            Suppression Events: 2
Time: 647.56, 
            Production Events: 0, 
            Suppression Events: 2
Time: 647.56, 
            Production Events: 0, 
            Suppression Events: 0
Time: 649.6, 
            Production Events: 0, 
            Suppression Events: 1
Time: 649.6, 
            Production Events: 0, 
            Suppression Events: 0
Time: 650.15, 
            Production Events: 0, 
            Suppression Events: 1
Time: 651.12, 
            Production Events: 0, 
            Suppression Events: 3
Time: 652.74, 
            Production Events: 0, 
            Suppression Events: 3
Time: 653.6, 
            Production Events: 0, 
            Suppression Events: 2
Time: 654.3, 
            Production Events: 0, 
            Suppression Events: 1
Time: 655.1, 
            Production Events: 0, 
            Suppression Events: 2
Time: 656.16, 
            Production Events: 0, 
            Suppression Events: 1
Time: 658.73, 
            Production Events: 1, 
            Suppression Events: 5
Time: 658.73, 
            Production Events: 0, 
            Suppression Events: 0
Time: 659.24, 
            Production Events: 0, 
            Suppression Events: 1
Time: 662.19, 
            Production Events: 0, 
            Suppression Events: 1
Time: 662.19, 
            Production Events: 0, 
            Suppression Events: 0
Time: 662.19, 
            Production Events: 0, 
            Suppression Events: 0
Time: 663.28, 
            Production Events: 0, 
            Suppression Events: 1
Time: 664.3, 
            Production Events: 1, 
            Suppression Events: 0
Time: 665.35, 
            Production Events: 0, 
            Suppression Events: 1
Time: 666.08, 
            Production Events: 1, 
            Suppression Events: 0
Time: 667.29, 
            Production Events: 0, 
            Suppression Events: 1
Time: 668.74, 
            Production Events: 0, 
            Suppression Events: 2
Time: 669.42, 
            Production Events: 1, 
            Suppression Events: 0
Time: 671.23, 
            Production Events: 0, 
            Suppression Events: 4
Time: 671.23, 
            Production Events: 0, 
            Suppression Events: 0
Time: 672.27, 
            Production Events: 0, 
            Suppression Events: 1
Time: 673.18, 
            Production Events: 0, 
            Suppression Events: 1
Time: 675.37, 
            Production Events: 0, 
            Suppression Events: 2
Time: 675.37, 
            Production Events: 0, 
            Suppression Events: 0
Time: 676.54, 
            Production Events: 0, 
            Suppression Events: 2
Time: 678.47, 
            Production Events: 0, 
            Suppression Events: 1
Time: 678.47, 
            Production Events: 0, 
            Suppression Events: 0
Time: 679.13, 
            Production Events: 0, 
            Suppression Events: 1
Time: 684.01, 
            Production Events: 1, 
            Suppression Events: 1
Time: 684.01, 
            Production Events: 0, 
            Suppression Events: 0
Time: 684.01, 
            Production Events: 0, 
            Suppression Events: 0
Time: 684.01, 
            Production Events: 0, 
            Suppression Events: 0
Time: 684.01, 
            Production Events: 0, 
            Suppression Events: 0
Time: 685.65, 
            Production Events: 0, 
            Suppression Events: 1
Time: 686.13, 
            Production Events: 0, 
            Suppression Events: 1
Time: 689.24, 
            Production Events: 2, 
            Suppression Events: 0
Time: 689.24, 
            Production Events: 0, 
            Suppression Events: 0
Time: 689.24, 
            Production Events: 0, 
            Suppression Events: 0
Time: 691.96, 
            Production Events: 0, 
            Suppression Events: 1
Time: 691.96, 
            Production Events: 0, 
            Suppression Events: 0
Time: 692.68, 
            Production Events: 0, 
            Suppression Events: 1
Time: 699.4, 
            Production Events: 0, 
            Suppression Events: 1
Time: 699.4, 
            Production Events: 0, 
            Suppression Events: 0
Time: 699.4, 
            Production Events: 0, 
            Suppression Events: 0
Time: 699.4, 
            Production Events: 0, 
            Suppression Events: 0
Time: 699.4, 
            Production Events: 0, 
            Suppression Events: 0
Time: 699.4, 
            Production Events: 0, 
            Suppression Events: 0
Time: 699.4, 
            Production Events: 0, 
            Suppression Events: 0
Time: 700.22, 
            Production Events: 0, 
            Suppression Events: 1
Time: 701.39, 
            Production Events: 1, 
            Suppression Events: 0
Time: 708.53, 
            Production Events: 0, 
            Suppression Events: 1
Time: 708.53, 
            Production Events: 0, 
            Suppression Events: 0
Time: 708.53, 
            Production Events: 0, 
            Suppression Events: 0
Time: 708.53, 
            Production Events: 0, 
            Suppression Events: 0
Time: 708.53, 
            Production Events: 0, 
            Suppression Events: 0
Time: 708.53, 
            Production Events: 0, 
            Suppression Events: 0
Time: 708.53, 
            Production Events: 0, 
            Suppression Events: 0
Time: 709.25, 
            Production Events: 1, 
            Suppression Events: 0
Time: 710.95, 
            Production Events: 0, 
            Suppression Events: 1
Time: 711.47, 
            Production Events: 0, 
            Suppression Events: 1
Time: 712.5, 
            Production Events: 0, 
            Suppression Events: 1
Time: 714.15, 
            Production Events: 1, 
            Suppression Events: 0
Time: 714.15, 
            Production Events: 0, 
            Suppression Events: 0
Time: 715.2, 
            Production Events: 0, 
            Suppression Events: 1
Time: 719.65, 
            Production Events: 0, 
            Suppression Events: 1
Time: 719.65, 
            Production Events: 0, 
            Suppression Events: 0
Time: 719.65, 
            Production Events: 0, 
            Suppression Events: 0
Time: 719.65, 
            Production Events: 0, 
            Suppression Events: 0
Time: 720.37, 
            Production Events: 1, 
            Suppression Events: 2
Time: 721.11, 
            Production Events: 0, 
            Suppression Events: 2
Time: 723.85, 
            Production Events: 1, 
            Suppression Events: 2
Time: 723.85, 
            Production Events: 0, 
            Suppression Events: 0
Time: 725.19, 
            Production Events: 1, 
            Suppression Events: 2
Time: 725.19, 
            Production Events: 0, 
            Suppression Events: 0
Time: 727.34, 
            Production Events: 0, 
            Suppression Events: 1
Time: 727.34, 
            Production Events: 0, 
            Suppression Events: 0
Time: 728.69, 
            Production Events: 0, 
            Suppression Events: 1
Time: 729.0, 
            Production Events: 1, 
            Suppression Events: 0
Time: 730.19, 
            Production Events: 0, 
            Suppression Events: 4
Time: 731.34, 
            Production Events: 0, 
            Suppression Events: 3
Time: 733.4, 
            Production Events: 0, 
            Suppression Events: 3
Time: 733.4, 
            Production Events: 0, 
            Suppression Events: 0
Time: 735.56, 
            Production Events: 1, 
            Suppression Events: 3
Time: 735.56, 
            Production Events: 0, 
            Suppression Events: 0
Time: 737.78, 
            Production Events: 0, 
            Suppression Events: 1
Time: 737.78, 
            Production Events: 0, 
            Suppression Events: 0
Time: 739.34, 
            Production Events: 0, 
            Suppression Events: 1
Time: 739.34, 
            Production Events: 0, 
            Suppression Events: 0
Time: 740.13, 
            Production Events: 0, 
            Suppression Events: 2
Time: 741.61, 
            Production Events: 0, 
            Suppression Events: 1
Time: 742.3, 
            Production Events: 0, 
            Suppression Events: 1
Time: 744.51, 
            Production Events: 1, 
            Suppression Events: 0
Time: 744.51, 
            Production Events: 0, 
            Suppression Events: 0
Time: 746.78, 
            Production Events: 0, 
            Suppression Events: 1
Time: 746.78, 
            Production Events: 0, 
            Suppression Events: 0
Time: 747.03, 
            Production Events: 0, 
            Suppression Events: 1
Time: 749.67, 
            Production Events: 2, 
            Suppression Events: 0
Time: 749.67, 
            Production Events: 0, 
            Suppression Events: 0
Time: 751.09, 
            Production Events: 1, 
            Suppression Events: 0
Time: 751.09, 
            Production Events: 0, 
            Suppression Events: 0
Time: 753.09, 
            Production Events: 1, 
            Suppression Events: 0
Time: 753.09, 
            Production Events: 0, 
            Suppression Events: 0
Time: 754.88, 
            Production Events: 0, 
            Suppression Events: 1
Time: 755.28, 
            Production Events: 0, 
            Suppression Events: 1
Time: 757.6, 
            Production Events: 0, 
            Suppression Events: 2
Time: 757.6, 
            Production Events: 0, 
            Suppression Events: 0
Time: 758.05, 
            Production Events: 0, 
            Suppression Events: 1
Time: 759.93, 
            Production Events: 1, 
            Suppression Events: 1
Time: 760.58, 
            Production Events: 1, 
            Suppression Events: 1
Time: 761.18, 
            Production Events: 0, 
            Suppression Events: 2
Time: 763.61, 
            Production Events: 0, 
            Suppression Events: 3
Time: 763.61, 
            Production Events: 0, 
            Suppression Events: 0
Time: 767.14, 
            Production Events: 0, 
            Suppression Events: 2
Time: 767.14, 
            Production Events: 0, 
            Suppression Events: 0
Time: 767.14, 
            Production Events: 0, 
            Suppression Events: 0
Time: 767.14, 
            Production Events: 0, 
            Suppression Events: 0
Time: 771.21, 
            Production Events: 0, 
            Suppression Events: 2
Time: 771.21, 
            Production Events: 0, 
            Suppression Events: 0
Time: 771.21, 
            Production Events: 0, 
            Suppression Events: 0
Time: 771.21, 
            Production Events: 0, 
            Suppression Events: 0
Time: 772.32, 
            Production Events: 0, 
            Suppression Events: 5
Time: 773.03, 
            Production Events: 0, 
            Suppression Events: 2
Time: 774.73, 
            Production Events: 1, 
            Suppression Events: 3
Time: 775.52, 
            Production Events: 0, 
            Suppression Events: 1
Time: 777.38, 
            Production Events: 0, 
            Suppression Events: 1
Time: 777.38, 
            Production Events: 0, 
            Suppression Events: 0
Time: 780.24, 
            Production Events: 0, 
            Suppression Events: 2
Time: 780.24, 
            Production Events: 0, 
            Suppression Events: 0
Time: 780.24, 
            Production Events: 0, 
            Suppression Events: 0
Time: 781.18, 
            Production Events: 0, 
            Suppression Events: 1
Time: 782.85, 
            Production Events: 1, 
            Suppression Events: 2
Time: 788.35, 
            Production Events: 0, 
            Suppression Events: 1
Time: 788.35, 
            Production Events: 0, 
            Suppression Events: 0
Time: 788.35, 
            Production Events: 0, 
            Suppression Events: 0
Time: 788.35, 
            Production Events: 0, 
            Suppression Events: 0
Time: 788.35, 
            Production Events: 0, 
            Suppression Events: 0
Time: 788.35, 
            Production Events: 0, 
            Suppression Events: 0
Time: 789.02, 
            Production Events: 1, 
            Suppression Events: 0
Time: 790.28, 
            Production Events: 0, 
            Suppression Events: 2
Time: 793.02, 
            Production Events: 0, 
            Suppression Events: 3
Time: 793.02, 
            Production Events: 0, 
            Suppression Events: 0
Time: 793.02, 
            Production Events: 0, 
            Suppression Events: 0
Time: 795.14, 
            Production Events: 0, 
            Suppression Events: 2
Time: 795.14, 
            Production Events: 0, 
            Suppression Events: 0
Time: 796.63, 
            Production Events: 0, 
            Suppression Events: 1
Time: 797.56, 
            Production Events: 0, 
            Suppression Events: 1
Time: 798.2, 
            Production Events: 1, 
            Suppression Events: 1
Time: 799.12, 
            Production Events: 1, 
            Suppression Events: 0
Time: 801.62, 
            Production Events: 1, 
            Suppression Events: 1
Time: 801.62, 
            Production Events: 0, 
            Suppression Events: 0
Time: 803.07, 
            Production Events: 0, 
            Suppression Events: 1
Time: 803.07, 
            Production Events: 0, 
            Suppression Events: 0
Time: 804.22, 
            Production Events: 0, 
            Suppression Events: 2
Time: 805.35, 
            Production Events: 0, 
            Suppression Events: 1
Time: 809.17, 
            Production Events: 0, 
            Suppression Events: 1
Time: 809.17, 
            Production Events: 0, 
            Suppression Events: 0
Time: 809.17, 
            Production Events: 0, 
            Suppression Events: 0
Time: 809.17, 
            Production Events: 0, 
            Suppression Events: 0
Time: 811.97, 
            Production Events: 0, 
            Suppression Events: 1
Time: 811.97, 
            Production Events: 0, 
            Suppression Events: 0
Time: 812.06, 
            Production Events: 0, 
            Suppression Events: 1
Time: 813.06, 
            Production Events: 0, 
            Suppression Events: 1
Time: 814.18, 
            Production Events: 0, 
            Suppression Events: 2
Time: 816.48, 
            Production Events: 0, 
            Suppression Events: 1
Time: 816.48, 
            Production Events: 0, 
            Suppression Events: 0
Time: 817.63, 
            Production Events: 0, 
            Suppression Events: 2
Time: 818.35, 
            Production Events: 1, 
            Suppression Events: 1
Time: 819.67, 
            Production Events: 1, 
            Suppression Events: 0
Time: 821.0, 
            Production Events: 0, 
            Suppression Events: 1
Time: 821.0, 
            Production Events: 0, 
            Suppression Events: 0
Time: 823.23, 
            Production Events: 1, 
            Suppression Events: 4
Time: 823.23, 
            Production Events: 0, 
            Suppression Events: 0
Time: 824.55, 
            Production Events: 1, 
            Suppression Events: 1
Time: 828.94, 
            Production Events: 0, 
            Suppression Events: 2
Time: 828.94, 
            Production Events: 0, 
            Suppression Events: 0
Time: 828.94, 
            Production Events: 0, 
            Suppression Events: 0
Time: 828.94, 
            Production Events: 0, 
            Suppression Events: 0
Time: 829.05, 
            Production Events: 0, 
            Suppression Events: 1
Time: 830.3, 
            Production Events: 0, 
            Suppression Events: 2
Time: 832.94, 
            Production Events: 1, 
            Suppression Events: 0
Time: 832.94, 
            Production Events: 0, 
            Suppression Events: 0
Time: 833.03, 
            Production Events: 0, 
            Suppression Events: 1
Time: 834.23, 
            Production Events: 0, 
            Suppression Events: 2
Time: 835.22, 
            Production Events: 1, 
            Suppression Events: 4
Time: 836.61, 
            Production Events: 0, 
            Suppression Events: 1
Time: 837.07, 
            Production Events: 0, 
            Suppression Events: 2
Time: 838.08, 
            Production Events: 0, 
            Suppression Events: 1
Time: 839.76, 
            Production Events: 0, 
            Suppression Events: 1
Time: 841.43, 
            Production Events: 0, 
            Suppression Events: 1
Time: 841.43, 
            Production Events: 0, 
            Suppression Events: 0
Time: 842.5, 
            Production Events: 0, 
            Suppression Events: 1
Time: 843.09, 
            Production Events: 0, 
            Suppression Events: 1
Time: 844.45, 
            Production Events: 0, 
            Suppression Events: 3
Time: 845.15, 
            Production Events: 0, 
            Suppression Events: 2
Time: 846.32, 
            Production Events: 1, 
            Suppression Events: 2
Time: 848.53, 
            Production Events: 0, 
            Suppression Events: 1
Time: 848.53, 
            Production Events: 0, 
            Suppression Events: 0
Time: 851.74, 
            Production Events: 0, 
            Suppression Events: 1
Time: 851.74, 
            Production Events: 0, 
            Suppression Events: 0
Time: 851.74, 
            Production Events: 0, 
            Suppression Events: 0
Time: 852.07, 
            Production Events: 1, 
            Suppression Events: 1
Time: 853.09, 
            Production Events: 0, 
            Suppression Events: 2
Time: 854.33, 
            Production Events: 0, 
            Suppression Events: 2
Time: 855.5, 
            Production Events: 0, 
            Suppression Events: 1
Time: 857.45, 
            Production Events: 0, 
            Suppression Events: 1
Time: 857.45, 
            Production Events: 0, 
            Suppression Events: 0
Time: 859.43, 
            Production Events: 0, 
            Suppression Events: 1
Time: 859.43, 
            Production Events: 0, 
            Suppression Events: 0
Time: 860.24, 
            Production Events: 0, 
            Suppression Events: 1
Time: 863.18, 
            Production Events: 1, 
            Suppression Events: 1
Time: 863.18, 
            Production Events: 0, 
            Suppression Events: 0
Time: 863.18, 
            Production Events: 0, 
            Suppression Events: 0
Time: 864.45, 
            Production Events: 0, 
            Suppression Events: 3
Time: 866.77, 
            Production Events: 0, 
            Suppression Events: 1
Time: 866.77, 
            Production Events: 0, 
            Suppression Events: 0
Time: 870.29, 
            Production Events: 0, 
            Suppression Events: 2
Time: 870.29, 
            Production Events: 0, 
            Suppression Events: 0
Time: 870.29, 
            Production Events: 0, 
            Suppression Events: 0
Time: 870.29, 
            Production Events: 0, 
            Suppression Events: 0
Time: 871.3, 
            Production Events: 0, 
            Suppression Events: 2
Time: 873.67, 
            Production Events: 0, 
            Suppression Events: 1
Time: 873.67, 
            Production Events: 0, 
            Suppression Events: 0
Time: 874.15, 
            Production Events: 0, 
            Suppression Events: 1
Time: 876.17, 
            Production Events: 1, 
            Suppression Events: 2
Time: 876.17, 
            Production Events: 0, 
            Suppression Events: 0
Time: 877.11, 
            Production Events: 1, 
            Suppression Events: 0
Time: 879.45, 
            Production Events: 0, 
            Suppression Events: 1
Time: 879.45, 
            Production Events: 0, 
            Suppression Events: 0
Time: 880.72, 
            Production Events: 0, 
            Suppression Events: 1
Time: 881.32, 
            Production Events: 0, 
            Suppression Events: 1
Time: 882.13, 
            Production Events: 0, 
            Suppression Events: 1
Time: 883.39, 
            Production Events: 0, 
            Suppression Events: 1
Time: 884.18, 
            Production Events: 0, 
            Suppression Events: 1
Time: 885.04, 
            Production Events: 0, 
            Suppression Events: 1
Time: 887.07, 
            Production Events: 1, 
            Suppression Events: 1
Time: 887.07, 
            Production Events: 0, 
            Suppression Events: 0
Time: 888.75, 
            Production Events: 0, 
            Suppression Events: 1
Time: 889.86, 
            Production Events: 0, 
            Suppression Events: 1
Time: 890.29, 
            Production Events: 0, 
            Suppression Events: 1
Time: 891.88, 
            Production Events: 0, 
            Suppression Events: 1
Time: 893.54, 
            Production Events: 1, 
            Suppression Events: 1
Time: 893.54, 
            Production Events: 0, 
            Suppression Events: 0
Time: 894.9, 
            Production Events: 1, 
            Suppression Events: 1
Time: 897.15, 
            Production Events: 0, 
            Suppression Events: 1
Time: 897.15, 
            Production Events: 0, 
            Suppression Events: 0
Time: 897.15, 
            Production Events: 0, 
            Suppression Events: 0
Time: 899.01, 
            Production Events: 0, 
            Suppression Events: 1
Time: 899.01, 
            Production Events: 0, 
            Suppression Events: 0
Time: 904.89, 
            Production Events: 0, 
            Suppression Events: 1
Time: 904.89, 
            Production Events: 0, 
            Suppression Events: 0
Time: 904.89, 
            Production Events: 0, 
            Suppression Events: 0
Time: 904.89, 
            Production Events: 0, 
            Suppression Events: 0
Time: 904.89, 
            Production Events: 0, 
            Suppression Events: 0
Time: 905.16, 
            Production Events: 0, 
            Suppression Events: 1
Time: 906.92, 
            Production Events: 0, 
            Suppression Events: 2
Time: 908.33, 
            Production Events: 0, 
            Suppression Events: 1
Time: 908.33, 
            Production Events: 0, 
            Suppression Events: 0
Time: 909.07, 
            Production Events: 0, 
            Suppression Events: 1
Time: 910.07, 
            Production Events: 0, 
            Suppression Events: 1
Time: 912.48, 
            Production Events: 0, 
            Suppression Events: 1
Time: 912.48, 
            Production Events: 0, 
            Suppression Events: 0
Time: 914.46, 
            Production Events: 1, 
            Suppression Events: 0
Time: 914.46, 
            Production Events: 0, 
            Suppression Events: 0
Time: 917.43, 
            Production Events: 0, 
            Suppression Events: 1
Time: 917.43, 
            Production Events: 0, 
            Suppression Events: 0
Time: 917.43, 
            Production Events: 0, 
            Suppression Events: 0
Time: 918.12, 
            Production Events: 0, 
            Suppression Events: 1
Time: 919.7, 
            Production Events: 0, 
            Suppression Events: 1
Time: 921.24, 
            Production Events: 0, 
            Suppression Events: 1
Time: 921.24, 
            Production Events: 0, 
            Suppression Events: 0
Time: 922.23, 
            Production Events: 0, 
            Suppression Events: 2
Time: 923.03, 
            Production Events: 0, 
            Suppression Events: 1
Time: 924.27, 
            Production Events: 0, 
            Suppression Events: 1
Time: 926.78, 
            Production Events: 0, 
            Suppression Events: 3
Time: 926.78, 
            Production Events: 0, 
            Suppression Events: 0
Time: 927.32, 
            Production Events: 0, 
            Suppression Events: 1
Time: 928.04, 
            Production Events: 0, 
            Suppression Events: 1
Time: 929.85, 
            Production Events: 1, 
            Suppression Events: 1
Time: 930.18, 
            Production Events: 1, 
            Suppression Events: 0
Time: 931.85, 
            Production Events: 2, 
            Suppression Events: 1
Time: 934.86, 
            Production Events: 0, 
            Suppression Events: 1
Time: 934.86, 
            Production Events: 0, 
            Suppression Events: 0
Time: 934.86, 
            Production Events: 0, 
            Suppression Events: 0
Time: 935.12, 
            Production Events: 1, 
            Suppression Events: 0
Time: 937.51, 
            Production Events: 0, 
            Suppression Events: 2
Time: 937.51, 
            Production Events: 0, 
            Suppression Events: 0
Time: 938.09, 
            Production Events: 1, 
            Suppression Events: 0
Time: 941.19, 
            Production Events: 0, 
            Suppression Events: 1
Time: 941.19, 
            Production Events: 0, 
            Suppression Events: 0
Time: 941.19, 
            Production Events: 0, 
            Suppression Events: 0
Time: 942.37, 
            Production Events: 1, 
            Suppression Events: 1
Time: 946.71, 
            Production Events: 0, 
            Suppression Events: 2
Time: 946.71, 
            Production Events: 0, 
            Suppression Events: 0
Time: 946.71, 
            Production Events: 0, 
            Suppression Events: 0
Time: 946.71, 
            Production Events: 0, 
            Suppression Events: 0
Time: 947.41, 
            Production Events: 1, 
            Suppression Events: 0
Time: 948.35, 
            Production Events: 0, 
            Suppression Events: 1
Time: 951.19, 
            Production Events: 0, 
            Suppression Events: 1
Time: 951.19, 
            Production Events: 0, 
            Suppression Events: 0
Time: 951.19, 
            Production Events: 0, 
            Suppression Events: 0
Time: 952.44, 
            Production Events: 0, 
            Suppression Events: 1
Time: 953.88, 
            Production Events: 1, 
            Suppression Events: 1
Time: 959.61, 
            Production Events: 0, 
            Suppression Events: 1
Time: 959.61, 
            Production Events: 0, 
            Suppression Events: 0
Time: 959.61, 
            Production Events: 0, 
            Suppression Events: 0
Time: 959.61, 
            Production Events: 0, 
            Suppression Events: 0
Time: 959.61, 
            Production Events: 0, 
            Suppression Events: 0
Time: 959.61, 
            Production Events: 0, 
            Suppression Events: 0
Time: 960.04, 
            Production Events: 0, 
            Suppression Events: 2
Time: 961.35, 
            Production Events: 0, 
            Suppression Events: 1
Time: 962.16, 
            Production Events: 0, 
            Suppression Events: 1
Time: 964.13, 
            Production Events: 0, 
            Suppression Events: 2
Time: 964.13, 
            Production Events: 0, 
            Suppression Events: 0
Time: 965.57, 
            Production Events: 0, 
            Suppression Events: 1
Time: 966.57, 
            Production Events: 0, 
            Suppression Events: 1
Time: 968.38, 
            Production Events: 0, 
            Suppression Events: 1
Time: 968.38, 
            Production Events: 0, 
            Suppression Events: 0
Time: 969.62, 
            Production Events: 1, 
            Suppression Events: 1
Time: 970.96, 
            Production Events: 0, 
            Suppression Events: 2
Time: 971.06, 
            Production Events: 0, 
            Suppression Events: 1
Time: 972.77, 
            Production Events: 1, 
            Suppression Events: 1
Time: 974.81, 
            Production Events: 0, 
            Suppression Events: 1
Time: 974.81, 
            Production Events: 0, 
            Suppression Events: 0
Time: 975.84, 
            Production Events: 0, 
            Suppression Events: 1
Time: 977.15, 
            Production Events: 0, 
            Suppression Events: 1
Time: 977.15, 
            Production Events: 0, 
            Suppression Events: 0
Time: 978.43, 
            Production Events: 0, 
            Suppression Events: 2
Time: 980.29, 
            Production Events: 1, 
            Suppression Events: 1
Time: 980.29, 
            Production Events: 0, 
            Suppression Events: 0
Time: 982.56, 
            Production Events: 0, 
            Suppression Events: 1
Time: 982.56, 
            Production Events: 0, 
            Suppression Events: 0
Time: 983.32, 
            Production Events: 0, 
            Suppression Events: 1
Time: 985.15, 
            Production Events: 0, 
            Suppression Events: 2
Time: 985.15, 
            Production Events: 0, 
            Suppression Events: 0
Time: 987.62, 
            Production Events: 0, 
            Suppression Events: 2
Time: 987.62, 
            Production Events: 0, 
            Suppression Events: 0
Time: 990.53, 
            Production Events: 0, 
            Suppression Events: 2
Time: 990.53, 
            Production Events: 0, 
            Suppression Events: 0
Time: 990.53, 
            Production Events: 0, 
            Suppression Events: 0
Time: 991.9, 
            Production Events: 0, 
            Suppression Events: 1
Time: 992.06, 
            Production Events: 1, 
            Suppression Events: 0
Time: 995.22, 
            Production Events: 0, 
            Suppression Events: 2
Time: 995.22, 
            Production Events: 0, 
            Suppression Events: 0
Time: 995.22, 
            Production Events: 0, 
            Suppression Events: 0
Time: 996.95, 
            Production Events: 0, 
            Suppression Events: 1
Time: 997.95, 
            Production Events: 0, 
            Suppression Events: 1
Time: 998.74, 
            Production Events: 0, 
            Suppression Events: 1
Time: 1000.82, 
            Production Events: 0, 
            Suppression Events: 1
Time: 1000.82, 
            Production Events: 0, 
            Suppression Events: 0
Simulation completed:
  Final time: 1000.8167408714737
  Total events: 969
  Wall time: 10625.11 seconds

Saving simulation results with clean separation...
Task evolution saved to: 5t5b/5t5b_mfcsb/data/param_144_rep_1_2025-11-21_182701/states.csv
Events saved to: 5t5b/5t5b_mfcsb/data/param_144_rep_1_2025-11-21_182701/events.csv
Saving event log (raw and DataFrame)...
log DataFrame size: (974, 9)
short view:
59 DataFrame
 Row  time     bee1_id  bee2_id  task_id  task_1   task_2   task_3     task_4 
      Float64  Int64    Int64    Int64    Float64  Float64  Float64    Float6 

   1      0.0        1        0        0   0.1084   0.1017  0.0953058   0.074 
   2      0.0        2        0        0   0.0971   0.1042  0.0622311   0.103
   3      0.0        3        0        0   0.0993   0.1044  0.067225    0.207
   4      0.0        4        0        0   0.0841   0.098   0.191303    0.120
   5      0.0        5        0        0   0.1074   0.0928  0.0656116   0.129 
                                                               2 columns omittedEvent log saved to: 5t5b/5t5b_mfcsb/data/param_144_rep_1_2025-11-21_182701/event_log.json
Event log DataFrame saved to: 5t5b/5t5b_mfcsb/data/param_144_rep_1_2025-11-21_182701/event_log.csv
Metadata and configuration saved to: 5t5b/5t5b_mfcsb/data/param_144_rep_1_2025-11-21_182701/config.json
Task index mapping saved to: 5t5b/5t5b_mfcsb/data/param_144_rep_1_2025-11-21_182701/task_index_mapping.json
All results saved to directory: 5t5b/5t5b_mfcsb/data/param_144_rep_1_2025-11-21_182701
Simulation completed successfully!
Job finished at: Fri Nov 21 09:24:46 PM CET 2025
