Job array started at: Fri Nov 21 03:32:32 PM CET 2025
Job ID: 10860465
Array Job ID: 10860410
Array Task ID: 51
Node: th-ws-740m15
Loading Julia module...
Module loaded: /software/opt/el_9/x86_64/julia/1.11.3/bin/julia
Changing to project directory...
Current directory: /scratch/n/N.Pfaffenzeller/nikolas_nethive/nethive_multiverse
Running parameter combination 51, replicate 1
Starting Julia simulation...
Running simulation with the following configuration:
  dataset_names: [:mnist, :cifar10, :svhn2, :fashion_mnist, :bank]
  param_id: 51
  n_bees: 5
  batch_size: 32
  replicate_id: 1
  punish_rate: 0.1
  punishment: time_out
  lambda_sensitivity: 10
  save_nn_epochs: 0
  production_rate: 1
  interaction_rate: 150
  batches_per_step: 50
  learning_rate: 1.0e-6
  max_output_dim: 10
  n_steps_per_epoch: 1
  dead_time: 100
  max_input_dim: 3072
  n_epochs: 1000
  seed: 1130056042

Starting simulation with configuration:
  dataset_names: [:mnist, :cifar10, :svhn2, :fashion_mnist, :bank]
  param_id: 51
  n_bees: 5
  batch_size: 32
  replicate_id: 1
  punish_rate: 0.1
  punishment: time_out
  lambda_sensitivity: 10
  save_nn_epochs: 0
  production_rate: 1
  interaction_rate: 150
  batches_per_step: 50
  run_timestamp: 2025-11-21T15:33:23.201
  learning_rate: 1.0e-6
  max_output_dim: 10
  n_steps_per_epoch: 1
  dead_time: 100
  max_input_dim: 3072
  n_epochs: 1000
  seed: 1130056042
Random seed: 1130056042

Starting simulation...
Time: 1.26, 
            Production Events: 0, 
            Suppression Events: 2
Time: 4.23, 
            Production Events: 1, 
            Suppression Events: 2
Time: 4.23, 
            Production Events: 0, 
            Suppression Events: 0
Time: 4.23, 
            Production Events: 0, 
            Suppression Events: 0
Time: 5.68, 
            Production Events: 0, 
            Suppression Events: 1
Time: 6.54, 
            Production Events: 0, 
            Suppression Events: 1
Time: 7.69, 
            Production Events: 1, 
            Suppression Events: 1
Time: 8.89, 
            Production Events: 0, 
            Suppression Events: 1
Time: 9.42, 
            Production Events: 0, 
            Suppression Events: 1
Time: 10.61, 
            Production Events: 1, 
            Suppression Events: 1
Time: 11.84, 
            Production Events: 1, 
            Suppression Events: 0
Time: 16.05, 
            Production Events: 0, 
            Suppression Events: 1
Time: 16.05, 
            Production Events: 0, 
            Suppression Events: 0
Time: 16.05, 
            Production Events: 0, 
            Suppression Events: 0
Time: 16.05, 
            Production Events: 0, 
            Suppression Events: 0
Time: 16.05, 
            Production Events: 0, 
            Suppression Events: 0
Time: 17.88, 
            Production Events: 0, 
            Suppression Events: 1
Time: 18.36, 
            Production Events: 0, 
            Suppression Events: 1
Time: 21.3, 
            Production Events: 0, 
            Suppression Events: 2
Time: 21.3, 
            Production Events: 0, 
            Suppression Events: 0
Time: 21.3, 
            Production Events: 0, 
            Suppression Events: 0
Time: 23.74, 
            Production Events: 0, 
            Suppression Events: 1
Time: 23.74, 
            Production Events: 0, 
            Suppression Events: 0
Time: 24.22, 
            Production Events: 0, 
            Suppression Events: 3
Time: 25.86, 
            Production Events: 0, 
            Suppression Events: 3
Time: 26.95, 
            Production Events: 0, 
            Suppression Events: 1
Time: 27.43, 
            Production Events: 0, 
            Suppression Events: 1
Time: 28.36, 
            Production Events: 1, 
            Suppression Events: 1
Time: 30.15, 
            Production Events: 0, 
            Suppression Events: 1
Time: 30.15, 
            Production Events: 0, 
            Suppression Events: 0
Time: 31.65, 
            Production Events: 0, 
            Suppression Events: 3
Time: 32.0, 
            Production Events: 0, 
            Suppression Events: 2
Time: 33.38, 
            Production Events: 0, 
            Suppression Events: 1
Time: 38.23, 
            Production Events: 0, 
            Suppression Events: 3
Time: 38.23, 
            Production Events: 0, 
            Suppression Events: 0
Time: 38.23, 
            Production Events: 0, 
            Suppression Events: 0
Time: 38.23, 
            Production Events: 0, 
            Suppression Events: 0
Time: 38.23, 
            Production Events: 0, 
            Suppression Events: 0
Time: 39.5, 
            Production Events: 0, 
            Suppression Events: 2
Time: 41.81, 
            Production Events: 0, 
            Suppression Events: 2
Time: 41.81, 
            Production Events: 0, 
            Suppression Events: 0
Time: 42.3, 
            Production Events: 1, 
            Suppression Events: 0
Time: 44.86, 
            Production Events: 0, 
            Suppression Events: 1
Time: 44.86, 
            Production Events: 0, 
            Suppression Events: 0
Time: 45.31, 
            Production Events: 0, 
            Suppression Events: 1
Time: 47.29, 
            Production Events: 0, 
            Suppression Events: 5
Time: 47.29, 
            Production Events: 0, 
            Suppression Events: 0
Time: 50.24, 
            Production Events: 0, 
            Suppression Events: 1
Time: 50.24, 
            Production Events: 0, 
            Suppression Events: 0
Time: 50.24, 
            Production Events: 0, 
            Suppression Events: 0
Time: 53.79, 
            Production Events: 0, 
            Suppression Events: 4
Time: 53.79, 
            Production Events: 0, 
            Suppression Events: 0
Time: 53.79, 
            Production Events: 0, 
            Suppression Events: 0
Time: 54.3, 
            Production Events: 0, 
            Suppression Events: 1
Time: 55.35, 
            Production Events: 0, 
            Suppression Events: 1
Time: 56.36, 
            Production Events: 0, 
            Suppression Events: 1
Time: 57.12, 
            Production Events: 0, 
            Suppression Events: 1
Time: 60.09, 
            Production Events: 0, 
            Suppression Events: 2
Time: 60.09, 
            Production Events: 0, 
            Suppression Events: 0
Time: 60.09, 
            Production Events: 0, 
            Suppression Events: 0
Time: 61.17, 
            Production Events: 0, 
            Suppression Events: 2
Time: 62.25, 
            Production Events: 0, 
            Suppression Events: 2
Time: 63.15, 
            Production Events: 0, 
            Suppression Events: 1
Time: 65.58, 
            Production Events: 0, 
            Suppression Events: 1
Time: 65.58, 
            Production Events: 0, 
            Suppression Events: 0
Time: 66.19, 
            Production Events: 0, 
            Suppression Events: 2
Time: 68.05, 
            Production Events: 0, 
            Suppression Events: 2
Time: 68.05, 
            Production Events: 0, 
            Suppression Events: 0
Time: 69.04, 
            Production Events: 0, 
            Suppression Events: 1
Time: 70.34, 
            Production Events: 0, 
            Suppression Events: 1
Time: 71.07, 
            Production Events: 0, 
            Suppression Events: 1
Time: 72.0, 
            Production Events: 0, 
            Suppression Events: 1
Time: 73.05, 
            Production Events: 0, 
            Suppression Events: 1
Time: 74.2, 
            Production Events: 0, 
            Suppression Events: 1
Time: 75.17, 
            Production Events: 0, 
            Suppression Events: 2
Time: 77.92, 
            Production Events: 0, 
            Suppression Events: 1
Time: 77.92, 
            Production Events: 0, 
            Suppression Events: 0
Time: 78.27, 
            Production Events: 0, 
            Suppression Events: 1
Time: 79.66, 
            Production Events: 0, 
            Suppression Events: 4
Time: 80.0, 
            Production Events: 0, 
            Suppression Events: 1
Time: 81.72, 
            Production Events: 0, 
            Suppression Events: 4
Time: 83.5, 
            Production Events: 0, 
            Suppression Events: 1
Time: 83.5, 
            Production Events: 0, 
            Suppression Events: 0
Time: 84.22, 
            Production Events: 0, 
            Suppression Events: 3
Time: 86.56, 
            Production Events: 0, 
            Suppression Events: 1
Time: 86.56, 
            Production Events: 0, 
            Suppression Events: 0
Time: 89.16, 
            Production Events: 0, 
            Suppression Events: 2
Time: 89.16, 
            Production Events: 0, 
            Suppression Events: 0
Time: 89.16, 
            Production Events: 0, 
            Suppression Events: 0
Time: 90.62, 
            Production Events: 0, 
            Suppression Events: 2
Time: 93.34, 
            Production Events: 0, 
            Suppression Events: 1
Time: 93.34, 
            Production Events: 0, 
            Suppression Events: 0
Time: 93.34, 
            Production Events: 0, 
            Suppression Events: 0
Time: 96.0, 
            Production Events: 0, 
            Suppression Events: 1
Time: 96.0, 
            Production Events: 0, 
            Suppression Events: 0
Time: 97.09, 
            Production Events: 0, 
            Suppression Events: 1
Time: 97.09, 
            Production Events: 0, 
            Suppression Events: 0
Time: 99.26, 
            Production Events: 0, 
            Suppression Events: 1
Time: 99.26, 
            Production Events: 0, 
            Suppression Events: 0
Time: 100.3, 
            Production Events: 0, 
            Suppression Events: 1
Time: 101.89, 
            Production Events: 0, 
            Suppression Events: 1
Time: 102.91, 
            Production Events: 0, 
            Suppression Events: 1
Time: 103.88, 
            Production Events: 0, 
            Suppression Events: 1
Time: 104.11, 
            Production Events: 0, 
            Suppression Events: 1
Time: 106.0, 
            Production Events: 0, 
            Suppression Events: 2
Time: 106.79, 
            Production Events: 0, 
            Suppression Events: 1
Time: 107.19, 
            Production Events: 0, 
            Suppression Events: 1
Time: 110.14, 
            Production Events: 0, 
            Suppression Events: 2
Time: 110.14, 
            Production Events: 0, 
            Suppression Events: 0
Time: 110.14, 
            Production Events: 0, 
            Suppression Events: 0
Time: 111.57, 
            Production Events: 0, 
            Suppression Events: 1
Time: 112.32, 
            Production Events: 0, 
            Suppression Events: 1
Time: 114.61, 
            Production Events: 0, 
            Suppression Events: 1
Time: 114.61, 
            Production Events: 0, 
            Suppression Events: 0
Time: 115.97, 
            Production Events: 0, 
            Suppression Events: 1
Time: 116.15, 
            Production Events: 0, 
            Suppression Events: 1
Time: 120.64, 
            Production Events: 0, 
            Suppression Events: 1
Time: 120.64, 
            Production Events: 0, 
            Suppression Events: 0
Time: 120.64, 
            Production Events: 0, 
            Suppression Events: 0
Time: 120.64, 
            Production Events: 0, 
            Suppression Events: 0
Time: 121.2, 
            Production Events: 1, 
            Suppression Events: 0
Time: 123.12, 
            Production Events: 0, 
            Suppression Events: 2
Time: 123.12, 
            Production Events: 0, 
            Suppression Events: 0
Time: 126.97, 
            Production Events: 0, 
            Suppression Events: 2
Time: 126.97, 
            Production Events: 0, 
            Suppression Events: 0
Time: 126.97, 
            Production Events: 0, 
            Suppression Events: 0
Time: 127.74, 
            Production Events: 0, 
            Suppression Events: 1
Time: 130.04, 
            Production Events: 0, 
            Suppression Events: 1
Time: 130.04, 
            Production Events: 0, 
            Suppression Events: 0
Time: 130.04, 
            Production Events: 0, 
            Suppression Events: 0
Time: 131.05, 
            Production Events: 0, 
            Suppression Events: 1
Time: 132.24, 
            Production Events: 0, 
            Suppression Events: 1
Time: 133.55, 
            Production Events: 0, 
            Suppression Events: 2
Time: 134.18, 
            Production Events: 0, 
            Suppression Events: 1
Time: 136.01, 
            Production Events: 0, 
            Suppression Events: 1
Time: 136.01, 
            Production Events: 0, 
            Suppression Events: 0
Time: 138.1, 
            Production Events: 0, 
            Suppression Events: 2
Time: 138.1, 
            Production Events: 0, 
            Suppression Events: 0
Time: 139.69, 
            Production Events: 0, 
            Suppression Events: 2
Time: 140.58, 
            Production Events: 0, 
            Suppression Events: 1
Time: 141.84, 
            Production Events: 0, 
            Suppression Events: 1
Time: 142.22, 
            Production Events: 0, 
            Suppression Events: 1
Time: 143.1, 
            Production Events: 0, 
            Suppression Events: 3
Time: 144.61, 
            Production Events: 0, 
            Suppression Events: 1
Time: 145.49, 
            Production Events: 0, 
            Suppression Events: 1
Time: 146.57, 
            Production Events: 0, 
            Suppression Events: 2
Time: 147.91, 
            Production Events: 0, 
            Suppression Events: 2
Time: 148.26, 
            Production Events: 0, 
            Suppression Events: 1
Time: 150.15, 
            Production Events: 0, 
            Suppression Events: 1
Time: 150.15, 
            Production Events: 0, 
            Suppression Events: 0
Time: 151.65, 
            Production Events: 0, 
            Suppression Events: 2
Time: 152.91, 
            Production Events: 0, 
            Suppression Events: 1
Time: 153.65, 
            Production Events: 0, 
            Suppression Events: 1
Time: 154.36, 
            Production Events: 0, 
            Suppression Events: 1
Time: 155.14, 
            Production Events: 0, 
            Suppression Events: 2
Time: 156.21, 
            Production Events: 0, 
            Suppression Events: 2
Time: 158.67, 
            Production Events: 0, 
            Suppression Events: 1
Time: 158.67, 
            Production Events: 0, 
            Suppression Events: 0
Time: 159.2, 
            Production Events: 0, 
            Suppression Events: 2
Time: 161.09, 
            Production Events: 0, 
            Suppression Events: 2
Time: 161.09, 
            Production Events: 0, 
            Suppression Events: 0
Time: 162.05, 
            Production Events: 0, 
            Suppression Events: 2
Time: 163.01, 
            Production Events: 0, 
            Suppression Events: 2
Time: 164.05, 
            Production Events: 0, 
            Suppression Events: 3
Time: 165.33, 
            Production Events: 0, 
            Suppression Events: 4
Time: 166.71, 
            Production Events: 0, 
            Suppression Events: 2
Time: 167.97, 
            Production Events: 0, 
            Suppression Events: 1
Time: 168.3, 
            Production Events: 0, 
            Suppression Events: 1
Time: 170.05, 
            Production Events: 0, 
            Suppression Events: 1
Time: 170.05, 
            Production Events: 0, 
            Suppression Events: 0
Time: 171.5, 
            Production Events: 0, 
            Suppression Events: 1
Time: 172.19, 
            Production Events: 0, 
            Suppression Events: 2
Time: 173.23, 
            Production Events: 0, 
            Suppression Events: 2
Time: 174.66, 
            Production Events: 0, 
            Suppression Events: 2
Time: 175.19, 
            Production Events: 0, 
            Suppression Events: 1
Time: 177.34, 
            Production Events: 0, 
            Suppression Events: 1
Time: 177.34, 
            Production Events: 0, 
            Suppression Events: 0
Time: 179.55, 
            Production Events: 0, 
            Suppression Events: 1
Time: 179.55, 
            Production Events: 0, 
            Suppression Events: 0
Time: 181.89, 
            Production Events: 0, 
            Suppression Events: 1
Time: 181.89, 
            Production Events: 0, 
            Suppression Events: 0
Time: 182.97, 
            Production Events: 0, 
            Suppression Events: 1
Time: 184.35, 
            Production Events: 0, 
            Suppression Events: 1
Time: 184.35, 
            Production Events: 0, 
            Suppression Events: 0
Time: 188.92, 
            Production Events: 0, 
            Suppression Events: 1
Time: 188.92, 
            Production Events: 0, 
            Suppression Events: 0
Time: 188.92, 
            Production Events: 0, 
            Suppression Events: 0
Time: 188.92, 
            Production Events: 0, 
            Suppression Events: 0
Time: 190.36, 
            Production Events: 0, 
            Suppression Events: 1
Time: 190.36, 
            Production Events: 0, 
            Suppression Events: 0
Time: 192.67, 
            Production Events: 0, 
            Suppression Events: 1
Time: 192.67, 
            Production Events: 0, 
            Suppression Events: 0
Time: 194.58, 
            Production Events: 0, 
            Suppression Events: 2
Time: 194.58, 
            Production Events: 0, 
            Suppression Events: 0
Time: 196.3, 
            Production Events: 0, 
            Suppression Events: 1
Time: 196.3, 
            Production Events: 0, 
            Suppression Events: 0
Time: 197.29, 
            Production Events: 0, 
            Suppression Events: 2
Time: 198.08, 
            Production Events: 0, 
            Suppression Events: 1
Time: 199.12, 
            Production Events: 0, 
            Suppression Events: 1
Time: 200.01, 
            Production Events: 0, 
            Suppression Events: 1
Time: 201.04, 
            Production Events: 0, 
            Suppression Events: 1
Time: 203.65, 
            Production Events: 0, 
            Suppression Events: 2
Time: 203.65, 
            Production Events: 0, 
            Suppression Events: 0
Time: 204.15, 
            Production Events: 1, 
            Suppression Events: 1
Time: 205.33, 
            Production Events: 0, 
            Suppression Events: 2
Time: 207.04, 
            Production Events: 0, 
            Suppression Events: 1
Time: 207.04, 
            Production Events: 0, 
            Suppression Events: 0
Time: 208.19, 
            Production Events: 0, 
            Suppression Events: 2
Time: 210.59, 
            Production Events: 0, 
            Suppression Events: 1
Time: 210.59, 
            Production Events: 0, 
            Suppression Events: 0
Time: 211.04, 
            Production Events: 0, 
            Suppression Events: 1
Time: 213.28, 
            Production Events: 0, 
            Suppression Events: 3
Time: 213.28, 
            Production Events: 0, 
            Suppression Events: 0
Time: 216.17, 
            Production Events: 0, 
            Suppression Events: 2
Time: 216.17, 
            Production Events: 0, 
            Suppression Events: 0
Time: 216.17, 
            Production Events: 0, 
            Suppression Events: 0
Time: 217.94, 
            Production Events: 0, 
            Suppression Events: 2
Time: 218.09, 
            Production Events: 0, 
            Suppression Events: 1
Time: 219.1, 
            Production Events: 0, 
            Suppression Events: 3
Time: 221.86, 
            Production Events: 0, 
            Suppression Events: 4
Time: 221.86, 
            Production Events: 0, 
            Suppression Events: 0
Time: 222.07, 
            Production Events: 0, 
            Suppression Events: 1
Time: 223.41, 
            Production Events: 1, 
            Suppression Events: 2
Time: 225.83, 
            Production Events: 0, 
            Suppression Events: 2
Time: 225.83, 
            Production Events: 0, 
            Suppression Events: 0
Time: 226.23, 
            Production Events: 0, 
            Suppression Events: 1
Time: 228.77, 
            Production Events: 0, 
            Suppression Events: 1
Time: 228.77, 
            Production Events: 0, 
            Suppression Events: 0
Time: 229.0, 
            Production Events: 0, 
            Suppression Events: 1
Time: 231.16, 
            Production Events: 0, 
            Suppression Events: 2
Time: 231.16, 
            Production Events: 0, 
            Suppression Events: 0
Time: 232.1, 
            Production Events: 0, 
            Suppression Events: 3
Time: 233.18, 
            Production Events: 0, 
            Suppression Events: 1
Time: 234.4, 
            Production Events: 0, 
            Suppression Events: 2
Time: 235.38, 
            Production Events: 0, 
            Suppression Events: 2
Time: 238.25, 
            Production Events: 0, 
            Suppression Events: 2
Time: 238.25, 
            Production Events: 0, 
            Suppression Events: 0
Time: 238.25, 
            Production Events: 0, 
            Suppression Events: 0
Time: 239.34, 
            Production Events: 0, 
            Suppression Events: 2
Time: 241.73, 
            Production Events: 0, 
            Suppression Events: 1
Time: 241.73, 
            Production Events: 0, 
            Suppression Events: 0
Time: 242.8, 
            Production Events: 0, 
            Suppression Events: 1
Time: 246.81, 
            Production Events: 0, 
            Suppression Events: 1
Time: 246.81, 
            Production Events: 0, 
            Suppression Events: 0
Time: 246.81, 
            Production Events: 0, 
            Suppression Events: 0
Time: 246.81, 
            Production Events: 0, 
            Suppression Events: 0
Time: 247.46, 
            Production Events: 0, 
            Suppression Events: 1
Time: 251.12, 
            Production Events: 0, 
            Suppression Events: 2
Time: 251.12, 
            Production Events: 0, 
            Suppression Events: 0
Time: 251.12, 
            Production Events: 0, 
            Suppression Events: 0
Time: 251.12, 
            Production Events: 0, 
            Suppression Events: 0
Time: 252.27, 
            Production Events: 0, 
            Suppression Events: 1
Time: 255.1, 
            Production Events: 0, 
            Suppression Events: 2
Time: 255.1, 
            Production Events: 0, 
            Suppression Events: 0
Time: 255.1, 
            Production Events: 0, 
            Suppression Events: 0
Time: 256.93, 
            Production Events: 0, 
            Suppression Events: 2
Time: 259.76, 
            Production Events: 0, 
            Suppression Events: 1
Time: 259.76, 
            Production Events: 0, 
            Suppression Events: 0
Time: 259.76, 
            Production Events: 0, 
            Suppression Events: 0
Time: 260.84, 
            Production Events: 0, 
            Suppression Events: 1
Time: 261.01, 
            Production Events: 0, 
            Suppression Events: 1
Time: 262.53, 
            Production Events: 1, 
            Suppression Events: 3
Time: 264.31, 
            Production Events: 0, 
            Suppression Events: 1
Time: 264.31, 
            Production Events: 0, 
            Suppression Events: 0
Time: 265.02, 
            Production Events: 0, 
            Suppression Events: 2
Time: 268.15, 
            Production Events: 0, 
            Suppression Events: 2
Time: 268.15, 
            Production Events: 0, 
            Suppression Events: 0
Time: 268.15, 
            Production Events: 0, 
            Suppression Events: 0
Time: 270.31, 
            Production Events: 0, 
            Suppression Events: 2
Time: 270.31, 
            Production Events: 0, 
            Suppression Events: 0
Time: 271.45, 
            Production Events: 0, 
            Suppression Events: 1
Time: 274.58, 
            Production Events: 0, 
            Suppression Events: 2
Time: 274.58, 
            Production Events: 0, 
            Suppression Events: 0
Time: 274.58, 
            Production Events: 0, 
            Suppression Events: 0
Time: 276.21, 
            Production Events: 0, 
            Suppression Events: 2
Time: 276.21, 
            Production Events: 0, 
            Suppression Events: 0
Time: 277.24, 
            Production Events: 0, 
            Suppression Events: 2
Time: 278.15, 
            Production Events: 0, 
            Suppression Events: 1
Time: 279.07, 
            Production Events: 0, 
            Suppression Events: 2
Time: 280.94, 
            Production Events: 0, 
            Suppression Events: 4
Time: 282.45, 
            Production Events: 0, 
            Suppression Events: 1
Time: 282.45, 
            Production Events: 0, 
            Suppression Events: 0
Time: 283.34, 
            Production Events: 0, 
            Suppression Events: 1
Time: 285.41, 
            Production Events: 0, 
            Suppression Events: 2
Time: 285.41, 
            Production Events: 0, 
            Suppression Events: 0
Time: 289.45, 
            Production Events: 1, 
            Suppression Events: 0
Time: 289.45, 
            Production Events: 0, 
            Suppression Events: 0
Time: 289.45, 
            Production Events: 0, 
            Suppression Events: 0
Time: 289.45, 
            Production Events: 0, 
            Suppression Events: 0
Time: 291.49, 
            Production Events: 0, 
            Suppression Events: 2
Time: 291.49, 
            Production Events: 0, 
            Suppression Events: 0
Time: 292.35, 
            Production Events: 0, 
            Suppression Events: 1
Time: 295.66, 
            Production Events: 0, 
            Suppression Events: 1
Time: 295.66, 
            Production Events: 0, 
            Suppression Events: 0
Time: 295.66, 
            Production Events: 0, 
            Suppression Events: 0
Time: 297.33, 
            Production Events: 0, 
            Suppression Events: 1
Time: 297.33, 
            Production Events: 0, 
            Suppression Events: 0
Time: 298.63, 
            Production Events: 0, 
            Suppression Events: 1
Time: 300.12, 
            Production Events: 0, 
            Suppression Events: 1
Time: 300.12, 
            Production Events: 0, 
            Suppression Events: 0
Time: 306.56, 
            Production Events: 0, 
            Suppression Events: 1
Time: 306.56, 
            Production Events: 0, 
            Suppression Events: 0
Time: 306.56, 
            Production Events: 0, 
            Suppression Events: 0
Time: 306.56, 
            Production Events: 0, 
            Suppression Events: 0
Time: 306.56, 
            Production Events: 0, 
            Suppression Events: 0
Time: 306.56, 
            Production Events: 0, 
            Suppression Events: 0
Time: 308.42, 
            Production Events: 0, 
            Suppression Events: 1
Time: 308.42, 
            Production Events: 0, 
            Suppression Events: 0
Time: 310.6, 
            Production Events: 0, 
            Suppression Events: 2
Time: 310.6, 
            Production Events: 0, 
            Suppression Events: 0
Time: 314.22, 
            Production Events: 0, 
            Suppression Events: 3
Time: 314.22, 
            Production Events: 0, 
            Suppression Events: 0
Time: 314.22, 
            Production Events: 0, 
            Suppression Events: 0
Time: 314.22, 
            Production Events: 0, 
            Suppression Events: 0
Time: 315.48, 
            Production Events: 0, 
            Suppression Events: 1
Time: 317.7, 
            Production Events: 0, 
            Suppression Events: 1
Time: 317.7, 
            Production Events: 0, 
            Suppression Events: 0
Time: 321.06, 
            Production Events: 0, 
            Suppression Events: 1
Time: 321.06, 
            Production Events: 0, 
            Suppression Events: 0
Time: 321.06, 
            Production Events: 0, 
            Suppression Events: 0
Time: 321.06, 
            Production Events: 0, 
            Suppression Events: 0
Time: 327.01, 
            Production Events: 0, 
            Suppression Events: 2
Time: 327.01, 
            Production Events: 0, 
            Suppression Events: 0
Time: 327.01, 
            Production Events: 0, 
            Suppression Events: 0
Time: 327.01, 
            Production Events: 0, 
            Suppression Events: 0
Time: 327.01, 
            Production Events: 0, 
            Suppression Events: 0
Time: 327.01, 
            Production Events: 0, 
            Suppression Events: 0
Time: 330.73, 
            Production Events: 1, 
            Suppression Events: 1
Time: 330.73, 
            Production Events: 0, 
            Suppression Events: 0
Time: 330.73, 
            Production Events: 0, 
            Suppression Events: 0
Time: 331.9, 
            Production Events: 0, 
            Suppression Events: 2
Time: 334.36, 
            Production Events: 0, 
            Suppression Events: 1
Time: 334.36, 
            Production Events: 0, 
            Suppression Events: 0
Time: 334.36, 
            Production Events: 0, 
            Suppression Events: 0
Time: 335.9, 
            Production Events: 0, 
            Suppression Events: 2
Time: 336.15, 
            Production Events: 0, 
            Suppression Events: 1
Time: 337.73, 
            Production Events: 0, 
            Suppression Events: 1
Time: 338.35, 
            Production Events: 0, 
            Suppression Events: 2
Time: 339.88, 
            Production Events: 0, 
            Suppression Events: 1
Time: 341.04, 
            Production Events: 0, 
            Suppression Events: 1
Time: 341.04, 
            Production Events: 0, 
            Suppression Events: 0
Time: 342.08, 
            Production Events: 0, 
            Suppression Events: 1
Time: 346.73, 
            Production Events: 0, 
            Suppression Events: 2
Time: 346.73, 
            Production Events: 0, 
            Suppression Events: 0
Time: 346.73, 
            Production Events: 0, 
            Suppression Events: 0
Time: 346.73, 
            Production Events: 0, 
            Suppression Events: 0
Time: 348.37, 
            Production Events: 0, 
            Suppression Events: 2
Time: 348.37, 
            Production Events: 0, 
            Suppression Events: 0
Time: 349.7, 
            Production Events: 0, 
            Suppression Events: 1
Time: 351.95, 
            Production Events: 0, 
            Suppression Events: 1
Time: 351.95, 
            Production Events: 0, 
            Suppression Events: 0
Time: 352.38, 
            Production Events: 0, 
            Suppression Events: 2
Time: 354.11, 
            Production Events: 0, 
            Suppression Events: 1
Time: 354.11, 
            Production Events: 0, 
            Suppression Events: 0
Time: 356.58, 
            Production Events: 0, 
            Suppression Events: 2
Time: 356.58, 
            Production Events: 0, 
            Suppression Events: 0
Time: 358.51, 
            Production Events: 1, 
            Suppression Events: 2
Time: 358.51, 
            Production Events: 0, 
            Suppression Events: 0
Time: 359.6, 
            Production Events: 0, 
            Suppression Events: 1
Time: 360.51, 
            Production Events: 0, 
            Suppression Events: 2
Time: 361.33, 
            Production Events: 0, 
            Suppression Events: 1
Time: 362.05, 
            Production Events: 0, 
            Suppression Events: 1
Time: 363.69, 
            Production Events: 0, 
            Suppression Events: 1
Time: 365.59, 
            Production Events: 1, 
            Suppression Events: 3
Time: 365.59, 
            Production Events: 0, 
            Suppression Events: 0
Time: 366.76, 
            Production Events: 0, 
            Suppression Events: 1
Time: 368.73, 
            Production Events: 0, 
            Suppression Events: 1
Time: 368.73, 
            Production Events: 0, 
            Suppression Events: 0
Time: 370.35, 
            Production Events: 0, 
            Suppression Events: 1
Time: 370.35, 
            Production Events: 0, 
            Suppression Events: 0
Time: 371.08, 
            Production Events: 0, 
            Suppression Events: 2
Time: 372.38, 
            Production Events: 0, 
            Suppression Events: 4
Time: 373.52, 
            Production Events: 0, 
            Suppression Events: 1
Time: 374.45, 
            Production Events: 0, 
            Suppression Events: 1
Time: 375.94, 
            Production Events: 0, 
            Suppression Events: 2
Time: 378.05, 
            Production Events: 0, 
            Suppression Events: 1
Time: 378.05, 
            Production Events: 0, 
            Suppression Events: 0
Time: 378.05, 
            Production Events: 0, 
            Suppression Events: 0
Time: 379.21, 
            Production Events: 0, 
            Suppression Events: 1
Time: 380.44, 
            Production Events: 1, 
            Suppression Events: 2
Time: 381.34, 
            Production Events: 0, 
            Suppression Events: 2
Time: 383.62, 
            Production Events: 0, 
            Suppression Events: 3
Time: 383.62, 
            Production Events: 0, 
            Suppression Events: 0
Time: 385.33, 
            Production Events: 0, 
            Suppression Events: 2
Time: 385.33, 
            Production Events: 0, 
            Suppression Events: 0
Time: 386.22, 
            Production Events: 0, 
            Suppression Events: 2
Time: 389.72, 
            Production Events: 0, 
            Suppression Events: 4
Time: 389.72, 
            Production Events: 0, 
            Suppression Events: 0
Time: 389.72, 
            Production Events: 0, 
            Suppression Events: 0
Time: 390.06, 
            Production Events: 0, 
            Suppression Events: 2
Time: 392.33, 
            Production Events: 1, 
            Suppression Events: 2
Time: 392.33, 
            Production Events: 0, 
            Suppression Events: 0
Time: 394.52, 
            Production Events: 0, 
            Suppression Events: 1
Time: 394.52, 
            Production Events: 0, 
            Suppression Events: 0
Time: 395.46, 
            Production Events: 0, 
            Suppression Events: 2
Time: 396.02, 
            Production Events: 0, 
            Suppression Events: 3
Time: 398.7, 
            Production Events: 0, 
            Suppression Events: 2
Time: 398.7, 
            Production Events: 0, 
            Suppression Events: 0
Time: 402.34, 
            Production Events: 0, 
            Suppression Events: 1
Time: 402.34, 
            Production Events: 0, 
            Suppression Events: 0
Time: 402.34, 
            Production Events: 0, 
            Suppression Events: 0
Time: 402.34, 
            Production Events: 0, 
            Suppression Events: 0
Time: 403.53, 
            Production Events: 0, 
            Suppression Events: 2
Time: 404.15, 
            Production Events: 0, 
            Suppression Events: 1
Time: 405.46, 
            Production Events: 0, 
            Suppression Events: 2
Time: 406.23, 
            Production Events: 0, 
            Suppression Events: 1
Time: 407.15, 
            Production Events: 0, 
            Suppression Events: 1
Time: 408.35, 
            Production Events: 0, 
            Suppression Events: 1
Time: 410.52, 
            Production Events: 0, 
            Suppression Events: 2
Time: 410.52, 
            Production Events: 0, 
            Suppression Events: 0
Time: 411.95, 
            Production Events: 0, 
            Suppression Events: 1
Time: 412.09, 
            Production Events: 0, 
            Suppression Events: 1
Time: 417.44, 
            Production Events: 0, 
            Suppression Events: 1
Time: 417.44, 
            Production Events: 0, 
            Suppression Events: 0
Time: 417.44, 
            Production Events: 0, 
            Suppression Events: 0
Time: 417.44, 
            Production Events: 0, 
            Suppression Events: 0
Time: 417.44, 
            Production Events: 0, 
            Suppression Events: 0
Time: 418.06, 
            Production Events: 0, 
            Suppression Events: 1
Time: 420.91, 
            Production Events: 0, 
            Suppression Events: 1
Time: 420.91, 
            Production Events: 0, 
            Suppression Events: 0
Time: 425.11, 
            Production Events: 0, 
            Suppression Events: 1
Time: 425.11, 
            Production Events: 0, 
            Suppression Events: 0
Time: 425.11, 
            Production Events: 0, 
            Suppression Events: 0
Time: 425.11, 
            Production Events: 0, 
            Suppression Events: 0
Time: 425.11, 
            Production Events: 0, 
            Suppression Events: 0
Time: 429.23, 
            Production Events: 0, 
            Suppression Events: 2
Time: 429.23, 
            Production Events: 0, 
            Suppression Events: 0
Time: 429.23, 
            Production Events: 0, 
            Suppression Events: 0
Time: 429.23, 
            Production Events: 0, 
            Suppression Events: 0
Time: 430.27, 
            Production Events: 0, 
            Suppression Events: 2
Time: 431.12, 
            Production Events: 0, 
            Suppression Events: 1
Time: 432.98, 
            Production Events: 0, 
            Suppression Events: 1
Time: 433.09, 
            Production Events: 0, 
            Suppression Events: 1
Time: 434.93, 
            Production Events: 0, 
            Suppression Events: 1
Time: 435.03, 
            Production Events: 0, 
            Suppression Events: 1
Time: 440.24, 
            Production Events: 0, 
            Suppression Events: 2
Time: 440.24, 
            Production Events: 0, 
            Suppression Events: 0
Time: 440.24, 
            Production Events: 0, 
            Suppression Events: 0
Time: 440.24, 
            Production Events: 0, 
            Suppression Events: 0
Time: 440.24, 
            Production Events: 0, 
            Suppression Events: 0
Time: 441.4, 
            Production Events: 0, 
            Suppression Events: 2
Time: 442.83, 
            Production Events: 0, 
            Suppression Events: 2
Time: 443.23, 
            Production Events: 0, 
            Suppression Events: 1
Time: 448.2, 
            Production Events: 0, 
            Suppression Events: 3
Time: 448.2, 
            Production Events: 0, 
            Suppression Events: 0
Time: 448.2, 
            Production Events: 0, 
            Suppression Events: 0
Time: 448.2, 
            Production Events: 0, 
            Suppression Events: 0
Time: 448.2, 
            Production Events: 0, 
            Suppression Events: 0
Time: 449.06, 
            Production Events: 0, 
            Suppression Events: 1
Time: 450.52, 
            Production Events: 0, 
            Suppression Events: 2
Time: 455.36, 
            Production Events: 0, 
            Suppression Events: 1
Time: 455.36, 
            Production Events: 0, 
            Suppression Events: 0
Time: 455.36, 
            Production Events: 0, 
            Suppression Events: 0
Time: 455.36, 
            Production Events: 0, 
            Suppression Events: 0
Time: 455.36, 
            Production Events: 0, 
            Suppression Events: 0
Time: 456.1, 
            Production Events: 0, 
            Suppression Events: 1
Time: 457.46, 
            Production Events: 0, 
            Suppression Events: 2
Time: 458.07, 
            Production Events: 0, 
            Suppression Events: 3
Time: 459.09, 
            Production Events: 0, 
            Suppression Events: 1
Time: 461.63, 
            Production Events: 0, 
            Suppression Events: 1
Time: 461.63, 
            Production Events: 0, 
            Suppression Events: 0
Time: 463.1, 
            Production Events: 0, 
            Suppression Events: 1
Time: 463.1, 
            Production Events: 0, 
            Suppression Events: 0
Time: 464.61, 
            Production Events: 0, 
            Suppression Events: 3
Time: 465.55, 
            Production Events: 0, 
            Suppression Events: 1
Time: 466.27, 
            Production Events: 0, 
            Suppression Events: 1
Time: 467.96, 
            Production Events: 0, 
            Suppression Events: 3
Time: 468.73, 
            Production Events: 0, 
            Suppression Events: 1
Time: 469.93, 
            Production Events: 0, 
            Suppression Events: 1
Time: 470.32, 
            Production Events: 0, 
            Suppression Events: 1
Time: 472.11, 
            Production Events: 0, 
            Suppression Events: 1
Time: 472.11, 
            Production Events: 0, 
            Suppression Events: 0
Time: 473.38, 
            Production Events: 0, 
            Suppression Events: 1
Time: 474.97, 
            Production Events: 0, 
            Suppression Events: 2
Time: 475.86, 
            Production Events: 0, 
            Suppression Events: 1
Time: 478.01, 
            Production Events: 0, 
            Suppression Events: 2
Time: 478.01, 
            Production Events: 0, 
            Suppression Events: 0
Time: 478.01, 
            Production Events: 0, 
            Suppression Events: 0
Time: 481.23, 
            Production Events: 0, 
            Suppression Events: 1
Time: 481.23, 
            Production Events: 0, 
            Suppression Events: 0
Time: 481.23, 
            Production Events: 0, 
            Suppression Events: 0
Time: 482.28, 
            Production Events: 0, 
            Suppression Events: 3
Time: 483.56, 
            Production Events: 0, 
            Suppression Events: 2
Time: 486.18, 
            Production Events: 0, 
            Suppression Events: 1
Time: 486.18, 
            Production Events: 0, 
            Suppression Events: 0
Time: 486.18, 
            Production Events: 0, 
            Suppression Events: 0
Time: 489.06, 
            Production Events: 0, 
            Suppression Events: 2
Time: 489.06, 
            Production Events: 0, 
            Suppression Events: 0
Time: 489.06, 
            Production Events: 0, 
            Suppression Events: 0
Time: 490.18, 
            Production Events: 0, 
            Suppression Events: 2
Time: 491.15, 
            Production Events: 0, 
            Suppression Events: 1
Time: 493.19, 
            Production Events: 0, 
            Suppression Events: 2
Time: 493.19, 
            Production Events: 0, 
            Suppression Events: 0
Time: 494.14, 
            Production Events: 0, 
            Suppression Events: 1
Time: 496.07, 
            Production Events: 0, 
            Suppression Events: 1
Time: 496.07, 
            Production Events: 0, 
            Suppression Events: 0
Time: 498.26, 
            Production Events: 0, 
            Suppression Events: 2
Time: 498.26, 
            Production Events: 0, 
            Suppression Events: 0
Time: 499.57, 
            Production Events: 0, 
            Suppression Events: 3
Time: 501.01, 
            Production Events: 0, 
            Suppression Events: 2
Time: 501.01, 
            Production Events: 0, 
            Suppression Events: 0
Time: 502.25, 
            Production Events: 0, 
            Suppression Events: 2
Time: 504.04, 
            Production Events: 0, 
            Suppression Events: 2
Time: 504.04, 
            Production Events: 0, 
            Suppression Events: 0
Time: 505.21, 
            Production Events: 0, 
            Suppression Events: 2
Time: 508.23, 
            Production Events: 0, 
            Suppression Events: 2
Time: 508.23, 
            Production Events: 0, 
            Suppression Events: 0
Time: 508.23, 
            Production Events: 0, 
            Suppression Events: 0
Time: 510.91, 
            Production Events: 0, 
            Suppression Events: 2
Time: 510.91, 
            Production Events: 0, 
            Suppression Events: 0
Time: 515.32, 
            Production Events: 0, 
            Suppression Events: 1
Time: 515.32, 
            Production Events: 0, 
            Suppression Events: 0
Time: 515.32, 
            Production Events: 0, 
            Suppression Events: 0
Time: 515.32, 
            Production Events: 0, 
            Suppression Events: 0
Time: 515.32, 
            Production Events: 0, 
            Suppression Events: 0
Time: 518.5, 
            Production Events: 0, 
            Suppression Events: 2
Time: 518.5, 
            Production Events: 0, 
            Suppression Events: 0
Time: 518.5, 
            Production Events: 0, 
            Suppression Events: 0
Time: 523.7, 
            Production Events: 0, 
            Suppression Events: 1
Time: 523.7, 
            Production Events: 0, 
            Suppression Events: 0
Time: 523.7, 
            Production Events: 0, 
            Suppression Events: 0
Time: 523.7, 
            Production Events: 0, 
            Suppression Events: 0
Time: 523.7, 
            Production Events: 0, 
            Suppression Events: 0
Time: 524.71, 
            Production Events: 0, 
            Suppression Events: 1
Time: 525.36, 
            Production Events: 0, 
            Suppression Events: 1
Time: 526.1, 
            Production Events: 0, 
            Suppression Events: 1
Time: 527.09, 
            Production Events: 0, 
            Suppression Events: 3
Time: 528.58, 
            Production Events: 0, 
            Suppression Events: 2
Time: 529.03, 
            Production Events: 0, 
            Suppression Events: 1
Time: 530.08, 
            Production Events: 1, 
            Suppression Events: 3
Time: 531.34, 
            Production Events: 0, 
            Suppression Events: 1
Time: 535.15, 
            Production Events: 0, 
            Suppression Events: 2
Time: 535.15, 
            Production Events: 0, 
            Suppression Events: 0
Time: 535.15, 
            Production Events: 0, 
            Suppression Events: 0
Time: 535.15, 
            Production Events: 0, 
            Suppression Events: 0
Time: 540.65, 
            Production Events: 0, 
            Suppression Events: 2
Time: 540.65, 
            Production Events: 0, 
            Suppression Events: 0
Time: 540.65, 
            Production Events: 0, 
            Suppression Events: 0
Time: 540.65, 
            Production Events: 0, 
            Suppression Events: 0
Time: 540.65, 
            Production Events: 0, 
            Suppression Events: 0
Time: 541.53, 
            Production Events: 0, 
            Suppression Events: 1
Time: 543.56, 
            Production Events: 0, 
            Suppression Events: 1
Time: 543.56, 
            Production Events: 0, 
            Suppression Events: 0
Time: 544.23, 
            Production Events: 0, 
            Suppression Events: 1
Time: 552.22, 
            Production Events: 0, 
            Suppression Events: 1
Time: 552.22, 
            Production Events: 0, 
            Suppression Events: 0
Time: 552.22, 
            Production Events: 0, 
            Suppression Events: 0
Time: 552.22, 
            Production Events: 0, 
            Suppression Events: 0
Time: 552.22, 
            Production Events: 0, 
            Suppression Events: 0
Time: 552.22, 
            Production Events: 0, 
            Suppression Events: 0
Time: 552.22, 
            Production Events: 0, 
            Suppression Events: 0
Time: 552.22, 
            Production Events: 0, 
            Suppression Events: 0
Time: 553.46, 
            Production Events: 0, 
            Suppression Events: 2
Time: 554.47, 
            Production Events: 0, 
            Suppression Events: 2
Time: 556.14, 
            Production Events: 0, 
            Suppression Events: 1
Time: 556.14, 
            Production Events: 0, 
            Suppression Events: 0
Time: 558.4, 
            Production Events: 0, 
            Suppression Events: 2
Time: 558.4, 
            Production Events: 0, 
            Suppression Events: 0
Time: 559.88, 
            Production Events: 0, 
            Suppression Events: 1
Time: 561.01, 
            Production Events: 0, 
            Suppression Events: 1
Time: 561.01, 
            Production Events: 0, 
            Suppression Events: 0
Time: 563.44, 
            Production Events: 0, 
            Suppression Events: 1
Time: 563.44, 
            Production Events: 0, 
            Suppression Events: 0
Time: 564.59, 
            Production Events: 0, 
            Suppression Events: 2
Time: 565.08, 
            Production Events: 1, 
            Suppression Events: 0
Time: 567.14, 
            Production Events: 0, 
            Suppression Events: 2
Time: 567.14, 
            Production Events: 0, 
            Suppression Events: 0
Time: 568.84, 
            Production Events: 0, 
            Suppression Events: 3
Time: 570.14, 
            Production Events: 0, 
            Suppression Events: 1
Time: 570.14, 
            Production Events: 0, 
            Suppression Events: 0
Time: 571.42, 
            Production Events: 0, 
            Suppression Events: 2
Time: 572.35, 
            Production Events: 0, 
            Suppression Events: 2
Time: 573.55, 
            Production Events: 1, 
            Suppression Events: 1
Time: 574.51, 
            Production Events: 0, 
            Suppression Events: 1
Time: 579.15, 
            Production Events: 0, 
            Suppression Events: 1
Time: 579.15, 
            Production Events: 0, 
            Suppression Events: 0
Time: 579.15, 
            Production Events: 0, 
            Suppression Events: 0
Time: 579.15, 
            Production Events: 0, 
            Suppression Events: 0
Time: 579.15, 
            Production Events: 0, 
            Suppression Events: 0
Time: 580.27, 
            Production Events: 1, 
            Suppression Events: 1
Time: 581.2, 
            Production Events: 0, 
            Suppression Events: 3
Time: 583.1, 
            Production Events: 0, 
            Suppression Events: 2
Time: 583.1, 
            Production Events: 0, 
            Suppression Events: 0
Time: 584.45, 
            Production Events: 0, 
            Suppression Events: 1
Time: 586.16, 
            Production Events: 0, 
            Suppression Events: 2
Time: 586.16, 
            Production Events: 0, 
            Suppression Events: 0
Time: 587.98, 
            Production Events: 0, 
            Suppression Events: 1
Time: 588.62, 
            Production Events: 0, 
            Suppression Events: 1
Time: 589.23, 
            Production Events: 0, 
            Suppression Events: 1
Time: 590.15, 
            Production Events: 0, 
            Suppression Events: 2
Time: 592.4, 
            Production Events: 0, 
            Suppression Events: 1
Time: 592.4, 
            Production Events: 0, 
            Suppression Events: 0
Time: 593.54, 
            Production Events: 0, 
            Suppression Events: 1
Time: 594.65, 
            Production Events: 0, 
            Suppression Events: 1
Time: 595.45, 
            Production Events: 0, 
            Suppression Events: 2
Time: 596.24, 
            Production Events: 0, 
            Suppression Events: 3
Time: 597.09, 
            Production Events: 0, 
            Suppression Events: 2
Time: 598.52, 
            Production Events: 0, 
            Suppression Events: 1
Time: 599.57, 
            Production Events: 0, 
            Suppression Events: 2
Time: 600.37, 
            Production Events: 0, 
            Suppression Events: 1
Time: 602.04, 
            Production Events: 0, 
            Suppression Events: 4
Time: 602.04, 
            Production Events: 0, 
            Suppression Events: 0
Time: 603.76, 
            Production Events: 0, 
            Suppression Events: 2
Time: 604.38, 
            Production Events: 0, 
            Suppression Events: 1
Time: 606.27, 
            Production Events: 0, 
            Suppression Events: 1
Time: 606.27, 
            Production Events: 0, 
            Suppression Events: 0
Time: 608.09, 
            Production Events: 0, 
            Suppression Events: 1
Time: 608.09, 
            Production Events: 0, 
            Suppression Events: 0
Time: 609.15, 
            Production Events: 0, 
            Suppression Events: 2
Time: 610.88, 
            Production Events: 0, 
            Suppression Events: 2
Time: 611.25, 
            Production Events: 0, 
            Suppression Events: 1
Time: 613.56, 
            Production Events: 0, 
            Suppression Events: 1
Time: 613.56, 
            Production Events: 0, 
            Suppression Events: 0
Time: 615.56, 
            Production Events: 0, 
            Suppression Events: 2
Time: 615.56, 
            Production Events: 0, 
            Suppression Events: 0
Time: 617.25, 
            Production Events: 0, 
            Suppression Events: 1
Time: 617.25, 
            Production Events: 0, 
            Suppression Events: 0
Time: 618.03, 
            Production Events: 0, 
            Suppression Events: 2
Time: 620.54, 
            Production Events: 0, 
            Suppression Events: 1
Time: 620.54, 
            Production Events: 0, 
            Suppression Events: 0
Time: 621.4, 
            Production Events: 0, 
            Suppression Events: 2
Time: 624.36, 
            Production Events: 0, 
            Suppression Events: 2
Time: 624.36, 
            Production Events: 0, 
            Suppression Events: 0
Time: 624.36, 
            Production Events: 0, 
            Suppression Events: 0
Time: 627.04, 
            Production Events: 0, 
            Suppression Events: 1
Time: 627.04, 
            Production Events: 0, 
            Suppression Events: 0
Time: 627.04, 
            Production Events: 0, 
            Suppression Events: 0
Time: 628.83, 
            Production Events: 0, 
            Suppression Events: 3
Time: 629.19, 
            Production Events: 0, 
            Suppression Events: 2
Time: 632.45, 
            Production Events: 0, 
            Suppression Events: 1
Time: 632.45, 
            Production Events: 0, 
            Suppression Events: 0
Time: 632.45, 
            Production Events: 0, 
            Suppression Events: 0
Time: 633.03, 
            Production Events: 0, 
            Suppression Events: 3
Time: 634.52, 
            Production Events: 0, 
            Suppression Events: 2
Time: 636.06, 
            Production Events: 0, 
            Suppression Events: 1
Time: 636.06, 
            Production Events: 0, 
            Suppression Events: 0
Time: 640.26, 
            Production Events: 0, 
            Suppression Events: 2
Time: 640.26, 
            Production Events: 0, 
            Suppression Events: 0
Time: 640.26, 
            Production Events: 0, 
            Suppression Events: 0
Time: 640.26, 
            Production Events: 0, 
            Suppression Events: 0
Time: 641.22, 
            Production Events: 0, 
            Suppression Events: 3
Time: 642.94, 
            Production Events: 0, 
            Suppression Events: 3
Time: 644.11, 
            Production Events: 0, 
            Suppression Events: 1
Time: 644.11, 
            Production Events: 0, 
            Suppression Events: 0
Time: 645.22, 
            Production Events: 0, 
            Suppression Events: 3
Time: 646.61, 
            Production Events: 0, 
            Suppression Events: 1
Time: 647.17, 
            Production Events: 0, 
            Suppression Events: 1
Time: 648.34, 
            Production Events: 0, 
            Suppression Events: 3
Time: 650.47, 
            Production Events: 0, 
            Suppression Events: 1
Time: 650.47, 
            Production Events: 0, 
            Suppression Events: 0
Time: 651.44, 
            Production Events: 0, 
            Suppression Events: 1
Time: 652.07, 
            Production Events: 0, 
            Suppression Events: 1
Time: 653.87, 
            Production Events: 0, 
            Suppression Events: 2
Time: 654.24, 
            Production Events: 0, 
            Suppression Events: 1
Time: 655.94, 
            Production Events: 0, 
            Suppression Events: 1
Time: 656.16, 
            Production Events: 0, 
            Suppression Events: 1
Time: 659.5, 
            Production Events: 0, 
            Suppression Events: 1
Time: 659.5, 
            Production Events: 0, 
            Suppression Events: 0
Time: 659.5, 
            Production Events: 0, 
            Suppression Events: 0
Time: 660.16, 
            Production Events: 0, 
            Suppression Events: 2
Time: 662.48, 
            Production Events: 0, 
            Suppression Events: 3
Time: 662.48, 
            Production Events: 0, 
            Suppression Events: 0
Time: 663.25, 
            Production Events: 0, 
            Suppression Events: 1
Time: 665.2, 
            Production Events: 0, 
            Suppression Events: 1
Time: 665.2, 
            Production Events: 0, 
            Suppression Events: 0
Time: 667.47, 
            Production Events: 0, 
            Suppression Events: 2
Time: 667.47, 
            Production Events: 0, 
            Suppression Events: 0
Time: 668.0, 
            Production Events: 0, 
            Suppression Events: 1
Time: 672.0, 
            Production Events: 1, 
            Suppression Events: 0
Time: 672.0, 
            Production Events: 0, 
            Suppression Events: 0
Time: 672.0, 
            Production Events: 0, 
            Suppression Events: 0
Time: 672.0, 
            Production Events: 0, 
            Suppression Events: 0
Time: 674.79, 
            Production Events: 0, 
            Suppression Events: 2
Time: 674.79, 
            Production Events: 0, 
            Suppression Events: 0
Time: 676.62, 
            Production Events: 0, 
            Suppression Events: 1
Time: 676.62, 
            Production Events: 0, 
            Suppression Events: 0
Time: 677.48, 
            Production Events: 0, 
            Suppression Events: 1
Time: 678.04, 
            Production Events: 0, 
            Suppression Events: 2
Time: 683.83, 
            Production Events: 0, 
            Suppression Events: 4
Time: 683.83, 
            Production Events: 0, 
            Suppression Events: 0
Time: 683.83, 
            Production Events: 0, 
            Suppression Events: 0
Time: 683.83, 
            Production Events: 0, 
            Suppression Events: 0
Time: 683.83, 
            Production Events: 0, 
            Suppression Events: 0
Time: 684.22, 
            Production Events: 0, 
            Suppression Events: 1
Time: 685.28, 
            Production Events: 0, 
            Suppression Events: 1
Time: 688.66, 
            Production Events: 0, 
            Suppression Events: 1
Time: 688.66, 
            Production Events: 0, 
            Suppression Events: 0
Time: 688.66, 
            Production Events: 0, 
            Suppression Events: 0
Time: 690.42, 
            Production Events: 0, 
            Suppression Events: 1
Time: 690.42, 
            Production Events: 0, 
            Suppression Events: 0
Time: 691.21, 
            Production Events: 0, 
            Suppression Events: 1
Time: 692.6, 
            Production Events: 0, 
            Suppression Events: 1
Time: 693.67, 
            Production Events: 0, 
            Suppression Events: 1
Time: 694.62, 
            Production Events: 0, 
            Suppression Events: 1
Time: 695.1, 
            Production Events: 0, 
            Suppression Events: 2
Time: 696.67, 
            Production Events: 0, 
            Suppression Events: 1
Time: 697.48, 
            Production Events: 0, 
            Suppression Events: 1
Time: 698.53, 
            Production Events: 0, 
            Suppression Events: 2
Time: 699.71, 
            Production Events: 2, 
            Suppression Events: 0
Time: 700.79, 
            Production Events: 0, 
            Suppression Events: 1
Time: 701.26, 
            Production Events: 0, 
            Suppression Events: 1
Time: 702.48, 
            Production Events: 0, 
            Suppression Events: 2
Time: 703.41, 
            Production Events: 0, 
            Suppression Events: 2
Time: 704.32, 
            Production Events: 0, 
            Suppression Events: 1
Time: 705.89, 
            Production Events: 0, 
            Suppression Events: 1
Time: 707.09, 
            Production Events: 0, 
            Suppression Events: 1
Time: 707.09, 
            Production Events: 0, 
            Suppression Events: 0
Time: 708.15, 
            Production Events: 0, 
            Suppression Events: 1
Time: 709.93, 
            Production Events: 0, 
            Suppression Events: 2
Time: 710.63, 
            Production Events: 0, 
            Suppression Events: 1
Time: 711.29, 
            Production Events: 0, 
            Suppression Events: 1
Time: 712.31, 
            Production Events: 0, 
            Suppression Events: 1
Time: 713.2, 
            Production Events: 0, 
            Suppression Events: 2
Time: 714.38, 
            Production Events: 1, 
            Suppression Events: 3
Time: 715.7, 
            Production Events: 0, 
            Suppression Events: 1
Time: 717.18, 
            Production Events: 0, 
            Suppression Events: 2
Time: 717.18, 
            Production Events: 0, 
            Suppression Events: 0
Time: 721.81, 
            Production Events: 0, 
            Suppression Events: 5
Time: 721.81, 
            Production Events: 0, 
            Suppression Events: 0
Time: 721.81, 
            Production Events: 0, 
            Suppression Events: 0
Time: 721.81, 
            Production Events: 0, 
            Suppression Events: 0
Time: 726.73, 
            Production Events: 0, 
            Suppression Events: 1
Time: 726.73, 
            Production Events: 0, 
            Suppression Events: 0
Time: 726.73, 
            Production Events: 0, 
            Suppression Events: 0
Time: 726.73, 
            Production Events: 0, 
            Suppression Events: 0
Time: 726.73, 
            Production Events: 0, 
            Suppression Events: 0
Time: 727.08, 
            Production Events: 0, 
            Suppression Events: 1
Time: 728.66, 
            Production Events: 0, 
            Suppression Events: 1
Time: 729.75, 
            Production Events: 0, 
            Suppression Events: 1
Time: 730.6, 
            Production Events: 0, 
            Suppression Events: 1
Time: 731.98, 
            Production Events: 0, 
            Suppression Events: 2
Time: 732.83, 
            Production Events: 0, 
            Suppression Events: 1
Time: 733.41, 
            Production Events: 0, 
            Suppression Events: 1
Time: 734.5, 
            Production Events: 0, 
            Suppression Events: 1
Time: 741.69, 
            Production Events: 0, 
            Suppression Events: 1
Time: 741.69, 
            Production Events: 0, 
            Suppression Events: 0
Time: 741.69, 
            Production Events: 0, 
            Suppression Events: 0
Time: 741.69, 
            Production Events: 0, 
            Suppression Events: 0
Time: 741.69, 
            Production Events: 0, 
            Suppression Events: 0
Time: 741.69, 
            Production Events: 0, 
            Suppression Events: 0
Time: 741.69, 
            Production Events: 0, 
            Suppression Events: 0
Time: 742.72, 
            Production Events: 0, 
            Suppression Events: 1
Time: 743.79, 
            Production Events: 0, 
            Suppression Events: 1
Time: 745.86, 
            Production Events: 0, 
            Suppression Events: 1
Time: 745.86, 
            Production Events: 0, 
            Suppression Events: 0
Time: 746.45, 
            Production Events: 0, 
            Suppression Events: 1
Time: 749.29, 
            Production Events: 0, 
            Suppression Events: 1
Time: 749.29, 
            Production Events: 0, 
            Suppression Events: 0
Time: 749.29, 
            Production Events: 0, 
            Suppression Events: 0
Time: 750.13, 
            Production Events: 0, 
            Suppression Events: 1
Time: 751.28, 
            Production Events: 0, 
            Suppression Events: 2
Time: 752.38, 
            Production Events: 0, 
            Suppression Events: 1
Time: 753.1, 
            Production Events: 0, 
            Suppression Events: 1
Time: 754.14, 
            Production Events: 0, 
            Suppression Events: 1
Time: 755.05, 
            Production Events: 0, 
            Suppression Events: 1
Time: 757.81, 
            Production Events: 0, 
            Suppression Events: 2
Time: 757.81, 
            Production Events: 0, 
            Suppression Events: 0
Time: 758.66, 
            Production Events: 0, 
            Suppression Events: 1
Time: 759.64, 
            Production Events: 0, 
            Suppression Events: 1
Time: 760.27, 
            Production Events: 0, 
            Suppression Events: 1
Time: 761.79, 
            Production Events: 0, 
            Suppression Events: 2
Time: 764.14, 
            Production Events: 0, 
            Suppression Events: 1
Time: 764.14, 
            Production Events: 0, 
            Suppression Events: 0
Time: 764.14, 
            Production Events: 0, 
            Suppression Events: 0
Time: 765.31, 
            Production Events: 0, 
            Suppression Events: 2
Time: 766.6, 
            Production Events: 0, 
            Suppression Events: 2
Time: 767.41, 
            Production Events: 0, 
            Suppression Events: 1
Time: 769.43, 
            Production Events: 0, 
            Suppression Events: 1
Time: 769.43, 
            Production Events: 0, 
            Suppression Events: 0
Time: 770.65, 
            Production Events: 1, 
            Suppression Events: 0
Time: 772.16, 
            Production Events: 0, 
            Suppression Events: 1
Time: 772.16, 
            Production Events: 0, 
            Suppression Events: 0
Time: 773.71, 
            Production Events: 0, 
            Suppression Events: 1
Time: 774.81, 
            Production Events: 0, 
            Suppression Events: 1
Time: 775.02, 
            Production Events: 0, 
            Suppression Events: 1
Time: 776.8, 
            Production Events: 0, 
            Suppression Events: 3
Time: 778.33, 
            Production Events: 1, 
            Suppression Events: 1
Time: 778.33, 
            Production Events: 0, 
            Suppression Events: 0
Time: 779.57, 
            Production Events: 0, 
            Suppression Events: 2
Time: 780.98, 
            Production Events: 0, 
            Suppression Events: 1
Time: 782.47, 
            Production Events: 0, 
            Suppression Events: 1
Time: 782.47, 
            Production Events: 0, 
            Suppression Events: 0
Time: 784.55, 
            Production Events: 1, 
            Suppression Events: 1
Time: 784.55, 
            Production Events: 0, 
            Suppression Events: 0
Time: 785.15, 
            Production Events: 0, 
            Suppression Events: 1
Time: 789.0, 
            Production Events: 0, 
            Suppression Events: 3
Time: 789.0, 
            Production Events: 0, 
            Suppression Events: 0
Time: 789.0, 
            Production Events: 0, 
            Suppression Events: 0
Time: 791.92, 
            Production Events: 0, 
            Suppression Events: 1
Time: 791.92, 
            Production Events: 0, 
            Suppression Events: 0
Time: 791.92, 
            Production Events: 0, 
            Suppression Events: 0
Time: 792.95, 
            Production Events: 1, 
            Suppression Events: 0
Time: 794.48, 
            Production Events: 0, 
            Suppression Events: 1
Time: 794.48, 
            Production Events: 0, 
            Suppression Events: 0
Time: 795.88, 
            Production Events: 0, 
            Suppression Events: 1
Time: 796.0, 
            Production Events: 0, 
            Suppression Events: 1
Time: 798.71, 
            Production Events: 0, 
            Suppression Events: 3
Time: 798.71, 
            Production Events: 0, 
            Suppression Events: 0
Time: 799.52, 
            Production Events: 0, 
            Suppression Events: 1
Time: 800.94, 
            Production Events: 1, 
            Suppression Events: 0
Time: 801.11, 
            Production Events: 0, 
            Suppression Events: 1
Time: 803.44, 
            Production Events: 0, 
            Suppression Events: 2
Time: 803.44, 
            Production Events: 0, 
            Suppression Events: 0
Time: 804.32, 
            Production Events: 0, 
            Suppression Events: 2
Time: 805.02, 
            Production Events: 0, 
            Suppression Events: 2
Time: 806.01, 
            Production Events: 0, 
            Suppression Events: 5
Time: 807.22, 
            Production Events: 0, 
            Suppression Events: 1
Time: 810.0, 
            Production Events: 0, 
            Suppression Events: 1
Time: 810.0, 
            Production Events: 0, 
            Suppression Events: 0
Time: 811.11, 
            Production Events: 0, 
            Suppression Events: 1
Time: 811.11, 
            Production Events: 0, 
            Suppression Events: 0
Time: 812.01, 
            Production Events: 0, 
            Suppression Events: 1
Time: 815.96, 
            Production Events: 0, 
            Suppression Events: 2
Time: 815.96, 
            Production Events: 0, 
            Suppression Events: 0
Time: 815.96, 
            Production Events: 0, 
            Suppression Events: 0
Time: 816.1, 
            Production Events: 0, 
            Suppression Events: 1
Time: 817.15, 
            Production Events: 0, 
            Suppression Events: 1
Time: 818.21, 
            Production Events: 0, 
            Suppression Events: 1
Time: 819.01, 
            Production Events: 0, 
            Suppression Events: 1
Time: 823.98, 
            Production Events: 0, 
            Suppression Events: 1
Time: 823.98, 
            Production Events: 0, 
            Suppression Events: 0
Time: 823.98, 
            Production Events: 0, 
            Suppression Events: 0
Time: 823.98, 
            Production Events: 0, 
            Suppression Events: 0
Time: 824.3, 
            Production Events: 0, 
            Suppression Events: 1
Time: 828.02, 
            Production Events: 0, 
            Suppression Events: 1
Time: 828.02, 
            Production Events: 0, 
            Suppression Events: 0
Time: 828.02, 
            Production Events: 0, 
            Suppression Events: 0
Time: 828.02, 
            Production Events: 0, 
            Suppression Events: 0
Time: 830.21, 
            Production Events: 0, 
            Suppression Events: 1
Time: 830.21, 
            Production Events: 0, 
            Suppression Events: 0
Time: 831.94, 
            Production Events: 0, 
            Suppression Events: 3
Time: 832.63, 
            Production Events: 0, 
            Suppression Events: 1
Time: 833.76, 
            Production Events: 0, 
            Suppression Events: 1
Time: 834.89, 
            Production Events: 0, 
            Suppression Events: 3
Time: 836.67, 
            Production Events: 0, 
            Suppression Events: 1
Time: 836.67, 
            Production Events: 0, 
            Suppression Events: 0
Time: 837.06, 
            Production Events: 0, 
            Suppression Events: 1
Time: 838.96, 
            Production Events: 0, 
            Suppression Events: 1
Time: 842.45, 
            Production Events: 0, 
            Suppression Events: 1
Time: 842.45, 
            Production Events: 0, 
            Suppression Events: 0
Time: 842.45, 
            Production Events: 0, 
            Suppression Events: 0
Time: 842.45, 
            Production Events: 0, 
            Suppression Events: 0
Time: 844.68, 
            Production Events: 0, 
            Suppression Events: 2
Time: 844.68, 
            Production Events: 0, 
            Suppression Events: 0
Time: 846.43, 
            Production Events: 0, 
            Suppression Events: 1
Time: 846.43, 
            Production Events: 0, 
            Suppression Events: 0
Time: 847.37, 
            Production Events: 0, 
            Suppression Events: 1
Time: 848.45, 
            Production Events: 0, 
            Suppression Events: 2
Time: 849.3, 
            Production Events: 0, 
            Suppression Events: 2
Time: 851.78, 
            Production Events: 1, 
            Suppression Events: 2
Time: 851.78, 
            Production Events: 0, 
            Suppression Events: 0
Time: 853.3, 
            Production Events: 0, 
            Suppression Events: 1
Time: 853.3, 
            Production Events: 0, 
            Suppression Events: 0
Time: 854.23, 
            Production Events: 0, 
            Suppression Events: 1
Time: 855.78, 
            Production Events: 0, 
            Suppression Events: 1
Time: 856.82, 
            Production Events: 0, 
            Suppression Events: 1
Time: 857.28, 
            Production Events: 0, 
            Suppression Events: 1
Time: 858.37, 
            Production Events: 0, 
            Suppression Events: 2
Time: 859.34, 
            Production Events: 0, 
            Suppression Events: 2
Time: 860.07, 
            Production Events: 0, 
            Suppression Events: 1
Time: 861.18, 
            Production Events: 0, 
            Suppression Events: 1
Time: 867.72, 
            Production Events: 0, 
            Suppression Events: 1
Time: 867.72, 
            Production Events: 0, 
            Suppression Events: 0
Time: 867.72, 
            Production Events: 0, 
            Suppression Events: 0
Time: 867.72, 
            Production Events: 0, 
            Suppression Events: 0
Time: 867.72, 
            Production Events: 0, 
            Suppression Events: 0
Time: 867.72, 
            Production Events: 0, 
            Suppression Events: 0
Time: 868.33, 
            Production Events: 0, 
            Suppression Events: 1
Time: 869.8, 
            Production Events: 0, 
            Suppression Events: 2
Time: 871.51, 
            Production Events: 0, 
            Suppression Events: 1
Time: 871.51, 
            Production Events: 0, 
            Suppression Events: 0
Time: 872.31, 
            Production Events: 0, 
            Suppression Events: 2
Time: 877.07, 
            Production Events: 0, 
            Suppression Events: 1
Time: 877.07, 
            Production Events: 0, 
            Suppression Events: 0
Time: 877.07, 
            Production Events: 0, 
            Suppression Events: 0
Time: 877.07, 
            Production Events: 0, 
            Suppression Events: 0
Time: 877.07, 
            Production Events: 0, 
            Suppression Events: 0
Time: 878.01, 
            Production Events: 0, 
            Suppression Events: 3
Time: 880.82, 
            Production Events: 0, 
            Suppression Events: 3
Time: 880.82, 
            Production Events: 0, 
            Suppression Events: 0
Time: 881.92, 
            Production Events: 0, 
            Suppression Events: 1
Time: 884.59, 
            Production Events: 0, 
            Suppression Events: 1
Time: 884.59, 
            Production Events: 0, 
            Suppression Events: 0
Time: 884.59, 
            Production Events: 0, 
            Suppression Events: 0
Time: 887.55, 
            Production Events: 0, 
            Suppression Events: 1
Time: 887.55, 
            Production Events: 0, 
            Suppression Events: 0
Time: 887.55, 
            Production Events: 0, 
            Suppression Events: 0
Time: 888.32, 
            Production Events: 0, 
            Suppression Events: 1
Time: 889.3, 
            Production Events: 1, 
            Suppression Events: 2
Time: 891.91, 
            Production Events: 0, 
            Suppression Events: 2
Time: 891.91, 
            Production Events: 0, 
            Suppression Events: 0
Time: 893.2, 
            Production Events: 0, 
            Suppression Events: 1
Time: 893.2, 
            Production Events: 0, 
            Suppression Events: 0
Time: 895.24, 
            Production Events: 0, 
            Suppression Events: 2
Time: 895.24, 
            Production Events: 0, 
            Suppression Events: 0
Time: 898.89, 
            Production Events: 0, 
            Suppression Events: 2
Time: 898.89, 
            Production Events: 0, 
            Suppression Events: 0
Time: 898.89, 
            Production Events: 0, 
            Suppression Events: 0
Time: 900.33, 
            Production Events: 0, 
            Suppression Events: 1
Time: 900.33, 
            Production Events: 0, 
            Suppression Events: 0
Time: 902.82, 
            Production Events: 0, 
            Suppression Events: 1
Time: 902.82, 
            Production Events: 0, 
            Suppression Events: 0
Time: 904.09, 
            Production Events: 0, 
            Suppression Events: 1
Time: 904.09, 
            Production Events: 0, 
            Suppression Events: 0
Time: 906.47, 
            Production Events: 0, 
            Suppression Events: 1
Time: 906.47, 
            Production Events: 0, 
            Suppression Events: 0
Time: 907.21, 
            Production Events: 0, 
            Suppression Events: 1
Time: 909.94, 
            Production Events: 0, 
            Suppression Events: 3
Time: 909.94, 
            Production Events: 0, 
            Suppression Events: 0
Time: 910.63, 
            Production Events: 0, 
            Suppression Events: 1
Time: 911.12, 
            Production Events: 0, 
            Suppression Events: 2
Time: 912.85, 
            Production Events: 0, 
            Suppression Events: 3
Time: 913.01, 
            Production Events: 0, 
            Suppression Events: 1
Time: 914.89, 
            Production Events: 0, 
            Suppression Events: 1
Time: 916.78, 
            Production Events: 0, 
            Suppression Events: 1
Time: 916.78, 
            Production Events: 0, 
            Suppression Events: 0
Time: 920.7, 
            Production Events: 0, 
            Suppression Events: 1
Time: 920.7, 
            Production Events: 0, 
            Suppression Events: 0
Time: 920.7, 
            Production Events: 0, 
            Suppression Events: 0
Time: 920.7, 
            Production Events: 0, 
            Suppression Events: 0
Time: 923.36, 
            Production Events: 1, 
            Suppression Events: 1
Time: 923.36, 
            Production Events: 0, 
            Suppression Events: 0
Time: 923.36, 
            Production Events: 0, 
            Suppression Events: 0
Time: 924.26, 
            Production Events: 0, 
            Suppression Events: 2
Time: 925.27, 
            Production Events: 0, 
            Suppression Events: 2
Time: 926.5, 
            Production Events: 0, 
            Suppression Events: 2
Time: 927.11, 
            Production Events: 0, 
            Suppression Events: 1
Time: 930.31, 
            Production Events: 0, 
            Suppression Events: 1
Time: 930.31, 
            Production Events: 0, 
            Suppression Events: 0
Time: 930.31, 
            Production Events: 0, 
            Suppression Events: 0
Time: 931.34, 
            Production Events: 0, 
            Suppression Events: 3
Time: 932.05, 
            Production Events: 0, 
            Suppression Events: 1
Time: 933.59, 
            Production Events: 0, 
            Suppression Events: 4
Time: 934.68, 
            Production Events: 0, 
            Suppression Events: 1
Time: 935.37, 
            Production Events: 0, 
            Suppression Events: 1
Time: 936.28, 
            Production Events: 0, 
            Suppression Events: 2
Time: 937.62, 
            Production Events: 0, 
            Suppression Events: 2
Time: 940.04, 
            Production Events: 0, 
            Suppression Events: 2
Time: 940.04, 
            Production Events: 0, 
            Suppression Events: 0
Time: 940.04, 
            Production Events: 0, 
            Suppression Events: 0
Time: 945.78, 
            Production Events: 0, 
            Suppression Events: 2
Time: 945.78, 
            Production Events: 0, 
            Suppression Events: 0
Time: 945.78, 
            Production Events: 0, 
            Suppression Events: 0
Time: 945.78, 
            Production Events: 0, 
            Suppression Events: 0
Time: 945.78, 
            Production Events: 0, 
            Suppression Events: 0
Time: 947.95, 
            Production Events: 0, 
            Suppression Events: 1
Time: 947.95, 
            Production Events: 0, 
            Suppression Events: 0
Time: 948.63, 
            Production Events: 0, 
            Suppression Events: 1
Time: 951.28, 
            Production Events: 0, 
            Suppression Events: 1
Time: 951.28, 
            Production Events: 0, 
            Suppression Events: 0
Time: 951.28, 
            Production Events: 0, 
            Suppression Events: 0
Time: 953.78, 
            Production Events: 0, 
            Suppression Events: 2
Time: 953.78, 
            Production Events: 0, 
            Suppression Events: 0
Time: 956.73, 
            Production Events: 0, 
            Suppression Events: 1
Time: 956.73, 
            Production Events: 0, 
            Suppression Events: 0
Time: 956.73, 
            Production Events: 0, 
            Suppression Events: 0
Time: 957.12, 
            Production Events: 0, 
            Suppression Events: 1
Time: 958.17, 
            Production Events: 0, 
            Suppression Events: 2
Time: 960.61, 
            Production Events: 0, 
            Suppression Events: 3
Time: 960.61, 
            Production Events: 0, 
            Suppression Events: 0
Time: 961.04, 
            Production Events: 0, 
            Suppression Events: 2
Time: 964.19, 
            Production Events: 0, 
            Suppression Events: 2
Time: 964.19, 
            Production Events: 0, 
            Suppression Events: 0
Time: 964.19, 
            Production Events: 0, 
            Suppression Events: 0
Time: 966.04, 
            Production Events: 0, 
            Suppression Events: 1
Time: 966.04, 
            Production Events: 0, 
            Suppression Events: 0
Time: 967.94, 
            Production Events: 0, 
            Suppression Events: 1
Time: 969.12, 
            Production Events: 0, 
            Suppression Events: 1
Time: 969.12, 
            Production Events: 0, 
            Suppression Events: 0
Time: 971.01, 
            Production Events: 0, 
            Suppression Events: 1
Time: 971.01, 
            Production Events: 0, 
            Suppression Events: 0
Time: 972.17, 
            Production Events: 0, 
            Suppression Events: 3
Time: 973.31, 
            Production Events: 0, 
            Suppression Events: 2
Time: 974.51, 
            Production Events: 0, 
            Suppression Events: 2
Time: 975.22, 
            Production Events: 0, 
            Suppression Events: 1
Time: 977.06, 
            Production Events: 0, 
            Suppression Events: 2
Time: 977.06, 
            Production Events: 0, 
            Suppression Events: 0
Time: 978.09, 
            Production Events: 0, 
            Suppression Events: 2
Time: 979.14, 
            Production Events: 0, 
            Suppression Events: 1
Time: 980.34, 
            Production Events: 0, 
            Suppression Events: 2
Time: 981.8, 
            Production Events: 0, 
            Suppression Events: 1
Time: 982.03, 
            Production Events: 0, 
            Suppression Events: 2
Time: 984.69, 
            Production Events: 0, 
            Suppression Events: 2
Time: 984.69, 
            Production Events: 0, 
            Suppression Events: 0
Time: 985.57, 
            Production Events: 0, 
            Suppression Events: 2
Time: 987.43, 
            Production Events: 0, 
            Suppression Events: 1
Time: 987.43, 
            Production Events: 0, 
            Suppression Events: 0
Time: 988.39, 
            Production Events: 0, 
            Suppression Events: 1
Time: 989.58, 
            Production Events: 0, 
            Suppression Events: 2
Time: 990.29, 
            Production Events: 0, 
            Suppression Events: 1
Time: 991.17, 
            Production Events: 0, 
            Suppression Events: 5
Time: 995.08, 
            Production Events: 0, 
            Suppression Events: 2
Time: 995.08, 
            Production Events: 0, 
            Suppression Events: 0
Time: 995.08, 
            Production Events: 0, 
            Suppression Events: 0
Time: 995.08, 
            Production Events: 0, 
            Suppression Events: 0
Time: 996.02, 
            Production Events: 0, 
            Suppression Events: 1
Time: 998.14, 
            Production Events: 0, 
            Suppression Events: 2
Time: 998.14, 
            Production Events: 0, 
            Suppression Events: 0
Time: 999.38, 
            Production Events: 0, 
            Suppression Events: 2
Time: 1000.32, 
            Production Events: 0, 
            Suppression Events: 2
Simulation completed:
  Final time: 1000.3200053646233
  Total events: 976
  Wall time: 10203.7 seconds

Saving simulation results with clean separation...
Task evolution saved to: 5t5b/5t5b_mfcsb/data/param_51_rep_1_2025-11-21_153323/states.csv
Events saved to: 5t5b/5t5b_mfcsb/data/param_51_rep_1_2025-11-21_153323/events.csv
Saving event log (raw and DataFrame)...
log DataFrame size: (981, 9)
short view:
59 DataFrame
 Row  time     bee1_id  bee2_id  task_id  task_1   task_2   task_3     task_4 
      Float64  Int64    Int64    Int64    Float64  Float64  Float64    Float6 

   1      0.0        1        0        0   0.0873   0.1003  0.0639982   0.100 
   2      0.0        2        0        0   0.0722   0.1063  0.158958    0.067
   3      0.0        3        0        0   0.094    0.0978  0.083551    0.119
   4      0.0        4        0        0   0.0676   0.072   0.0766364   0.126
   5      0.0        5        0        0   0.0944   0.0807  0.105101    0.029 
                                                               2 columns omittedEvent log saved to: 5t5b/5t5b_mfcsb/data/param_51_rep_1_2025-11-21_153323/event_log.json
Event log DataFrame saved to: 5t5b/5t5b_mfcsb/data/param_51_rep_1_2025-11-21_153323/event_log.csv
Metadata and configuration saved to: 5t5b/5t5b_mfcsb/data/param_51_rep_1_2025-11-21_153323/config.json
Task index mapping saved to: 5t5b/5t5b_mfcsb/data/param_51_rep_1_2025-11-21_153323/task_index_mapping.json
All results saved to directory: 5t5b/5t5b_mfcsb/data/param_51_rep_1_2025-11-21_153323
Simulation completed successfully!
Job finished at: Fri Nov 21 06:24:06 PM CET 2025
