Job array started at: Fri Nov 21 06:55:01 PM CET 2025
Job ID: 10862193
Array Job ID: 10860410
Array Task ID: 175
Node: th-ws-7010m29
Loading Julia module...
Module loaded: /software/opt/el_9/x86_64/julia/1.11.3/bin/julia
Changing to project directory...
Current directory: /scratch/n/N.Pfaffenzeller/nikolas_nethive/nethive_multiverse
Running parameter combination 175, replicate 1
Starting Julia simulation...
Running simulation with the following configuration:
  dataset_names: [:mnist, :cifar10, :svhn2, :fashion_mnist, :bank]
  param_id: 175
  n_bees: 5
  batch_size: 32
  replicate_id: 1
  punish_rate: 0.1
  punishment: time_out
  lambda_sensitivity: 100
  save_nn_epochs: 0
  production_rate: 1
  interaction_rate: 100
  batches_per_step: 100
  learning_rate: 0.0001
  max_output_dim: 10
  n_steps_per_epoch: 1
  dead_time: 100
  max_input_dim: 3072
  n_epochs: 1000
  seed: 1130180042

Starting simulation with configuration:
  dataset_names: [:mnist, :cifar10, :svhn2, :fashion_mnist, :bank]
  param_id: 175
  n_bees: 5
  batch_size: 32
  replicate_id: 1
  punish_rate: 0.1
  punishment: time_out
  lambda_sensitivity: 100
  save_nn_epochs: 0
  production_rate: 1
  interaction_rate: 100
  batches_per_step: 100
  run_timestamp: 2025-11-21T18:55:31.221
  learning_rate: 0.0001
  max_output_dim: 10
  n_steps_per_epoch: 1
  dead_time: 100
  max_input_dim: 3072
  n_epochs: 1000
  seed: 1130180042
Random seed: 1130180042

Starting simulation...
Time: 1.12, 
            Production Events: 1, 
            Suppression Events: 2
Time: 2.23, 
            Production Events: 0, 
            Suppression Events: 3
Time: 3.82, 
            Production Events: 1, 
            Suppression Events: 0
Time: 5.39, 
            Production Events: 0, 
            Suppression Events: 1
Time: 5.39, 
            Production Events: 0, 
            Suppression Events: 0
Time: 6.05, 
            Production Events: 0, 
            Suppression Events: 2
Time: 7.01, 
            Production Events: 1, 
            Suppression Events: 2
Time: 8.35, 
            Production Events: 0, 
            Suppression Events: 2
Time: 11.86, 
            Production Events: 0, 
            Suppression Events: 1
Time: 11.86, 
            Production Events: 0, 
            Suppression Events: 0
Time: 11.86, 
            Production Events: 0, 
            Suppression Events: 0
Time: 13.41, 
            Production Events: 0, 
            Suppression Events: 1
Time: 13.41, 
            Production Events: 0, 
            Suppression Events: 0
Time: 15.9, 
            Production Events: 0, 
            Suppression Events: 1
Time: 15.9, 
            Production Events: 0, 
            Suppression Events: 0
Time: 18.36, 
            Production Events: 0, 
            Suppression Events: 1
Time: 18.36, 
            Production Events: 0, 
            Suppression Events: 0
Time: 18.36, 
            Production Events: 0, 
            Suppression Events: 0
Time: 19.17, 
            Production Events: 0, 
            Suppression Events: 1
Time: 25.42, 
            Production Events: 0, 
            Suppression Events: 1
Time: 25.42, 
            Production Events: 0, 
            Suppression Events: 0
Time: 25.42, 
            Production Events: 0, 
            Suppression Events: 0
Time: 25.42, 
            Production Events: 0, 
            Suppression Events: 0
Time: 25.42, 
            Production Events: 0, 
            Suppression Events: 0
Time: 25.42, 
            Production Events: 0, 
            Suppression Events: 0
Time: 27.13, 
            Production Events: 0, 
            Suppression Events: 1
Time: 27.13, 
            Production Events: 0, 
            Suppression Events: 0
Time: 29.29, 
            Production Events: 0, 
            Suppression Events: 1
Time: 29.29, 
            Production Events: 0, 
            Suppression Events: 0
Time: 30.41, 
            Production Events: 0, 
            Suppression Events: 2
Time: 31.1, 
            Production Events: 0, 
            Suppression Events: 2
Time: 35.52, 
            Production Events: 0, 
            Suppression Events: 2
Time: 35.52, 
            Production Events: 0, 
            Suppression Events: 0
Time: 35.52, 
            Production Events: 0, 
            Suppression Events: 0
Time: 35.52, 
            Production Events: 0, 
            Suppression Events: 0
Time: 37.24, 
            Production Events: 0, 
            Suppression Events: 2
Time: 37.24, 
            Production Events: 0, 
            Suppression Events: 0
Time: 38.51, 
            Production Events: 0, 
            Suppression Events: 1
Time: 39.85, 
            Production Events: 0, 
            Suppression Events: 1
Time: 42.36, 
            Production Events: 0, 
            Suppression Events: 1
Time: 42.36, 
            Production Events: 0, 
            Suppression Events: 0
Time: 42.36, 
            Production Events: 0, 
            Suppression Events: 0
Time: 43.38, 
            Production Events: 0, 
            Suppression Events: 2
Time: 44.49, 
            Production Events: 0, 
            Suppression Events: 3
Time: 45.68, 
            Production Events: 0, 
            Suppression Events: 4
Time: 46.9, 
            Production Events: 0, 
            Suppression Events: 1
Time: 47.01, 
            Production Events: 0, 
            Suppression Events: 1
Time: 52.59, 
            Production Events: 0, 
            Suppression Events: 3
Time: 52.59, 
            Production Events: 0, 
            Suppression Events: 0
Time: 52.59, 
            Production Events: 0, 
            Suppression Events: 0
Time: 52.59, 
            Production Events: 0, 
            Suppression Events: 0
Time: 52.59, 
            Production Events: 0, 
            Suppression Events: 0
Time: 53.07, 
            Production Events: 1, 
            Suppression Events: 1
Time: 55.56, 
            Production Events: 0, 
            Suppression Events: 2
Time: 55.56, 
            Production Events: 0, 
            Suppression Events: 0
Time: 58.22, 
            Production Events: 0, 
            Suppression Events: 1
Time: 58.22, 
            Production Events: 0, 
            Suppression Events: 0
Time: 58.22, 
            Production Events: 0, 
            Suppression Events: 0
Time: 59.48, 
            Production Events: 0, 
            Suppression Events: 4
Time: 60.02, 
            Production Events: 0, 
            Suppression Events: 2
Time: 61.25, 
            Production Events: 0, 
            Suppression Events: 2
Time: 62.91, 
            Production Events: 0, 
            Suppression Events: 3
Time: 63.38, 
            Production Events: 0, 
            Suppression Events: 1
Time: 65.2, 
            Production Events: 0, 
            Suppression Events: 1
Time: 65.2, 
            Production Events: 0, 
            Suppression Events: 0
Time: 66.32, 
            Production Events: 1, 
            Suppression Events: 1
Time: 67.11, 
            Production Events: 0, 
            Suppression Events: 2
Time: 68.18, 
            Production Events: 0, 
            Suppression Events: 3
Time: 70.13, 
            Production Events: 0, 
            Suppression Events: 2
Time: 70.13, 
            Production Events: 0, 
            Suppression Events: 0
Time: 72.69, 
            Production Events: 1, 
            Suppression Events: 1
Time: 72.69, 
            Production Events: 0, 
            Suppression Events: 0
Time: 73.12, 
            Production Events: 0, 
            Suppression Events: 2
Time: 74.33, 
            Production Events: 0, 
            Suppression Events: 1
Time: 75.22, 
            Production Events: 1, 
            Suppression Events: 1
Time: 76.2, 
            Production Events: 0, 
            Suppression Events: 1
Time: 77.81, 
            Production Events: 0, 
            Suppression Events: 1
Time: 78.37, 
            Production Events: 1, 
            Suppression Events: 2
Time: 80.11, 
            Production Events: 1, 
            Suppression Events: 0
Time: 80.11, 
            Production Events: 0, 
            Suppression Events: 0
Time: 83.01, 
            Production Events: 0, 
            Suppression Events: 2
Time: 83.01, 
            Production Events: 0, 
            Suppression Events: 0
Time: 83.01, 
            Production Events: 0, 
            Suppression Events: 0
Time: 84.41, 
            Production Events: 0, 
            Suppression Events: 2
Time: 85.62, 
            Production Events: 0, 
            Suppression Events: 2
Time: 87.9, 
            Production Events: 0, 
            Suppression Events: 1
Time: 87.9, 
            Production Events: 0, 
            Suppression Events: 0
Time: 88.16, 
            Production Events: 0, 
            Suppression Events: 1
Time: 89.23, 
            Production Events: 0, 
            Suppression Events: 1
Time: 90.14, 
            Production Events: 0, 
            Suppression Events: 3
Time: 91.6, 
            Production Events: 0, 
            Suppression Events: 1
Time: 92.05, 
            Production Events: 0, 
            Suppression Events: 1
Time: 94.62, 
            Production Events: 0, 
            Suppression Events: 1
Time: 94.62, 
            Production Events: 0, 
            Suppression Events: 0
Time: 96.19, 
            Production Events: 0, 
            Suppression Events: 1
Time: 96.19, 
            Production Events: 0, 
            Suppression Events: 0
Time: 98.39, 
            Production Events: 0, 
            Suppression Events: 2
Time: 98.39, 
            Production Events: 0, 
            Suppression Events: 0
Time: 101.64, 
            Production Events: 0, 
            Suppression Events: 1
Time: 101.64, 
            Production Events: 0, 
            Suppression Events: 0
Time: 101.64, 
            Production Events: 0, 
            Suppression Events: 0
Time: 102.27, 
            Production Events: 0, 
            Suppression Events: 1
Time: 103.57, 
            Production Events: 0, 
            Suppression Events: 2
Time: 104.24, 
            Production Events: 0, 
            Suppression Events: 2
Time: 106.2, 
            Production Events: 0, 
            Suppression Events: 2
Time: 106.2, 
            Production Events: 0, 
            Suppression Events: 0
Time: 107.95, 
            Production Events: 0, 
            Suppression Events: 1
Time: 108.6, 
            Production Events: 0, 
            Suppression Events: 1
Time: 109.18, 
            Production Events: 0, 
            Suppression Events: 2
Time: 111.13, 
            Production Events: 1, 
            Suppression Events: 1
Time: 111.13, 
            Production Events: 0, 
            Suppression Events: 0
Time: 112.81, 
            Production Events: 0, 
            Suppression Events: 2
Time: 113.33, 
            Production Events: 1, 
            Suppression Events: 1
Time: 115.13, 
            Production Events: 0, 
            Suppression Events: 1
Time: 115.13, 
            Production Events: 0, 
            Suppression Events: 0
Time: 116.99, 
            Production Events: 0, 
            Suppression Events: 2
Time: 117.73, 
            Production Events: 0, 
            Suppression Events: 1
Time: 118.43, 
            Production Events: 0, 
            Suppression Events: 2
Time: 119.32, 
            Production Events: 0, 
            Suppression Events: 1
Time: 122.54, 
            Production Events: 0, 
            Suppression Events: 1
Time: 122.54, 
            Production Events: 0, 
            Suppression Events: 0
Time: 122.54, 
            Production Events: 0, 
            Suppression Events: 0
Time: 123.12, 
            Production Events: 0, 
            Suppression Events: 1
Time: 124.57, 
            Production Events: 0, 
            Suppression Events: 2
Time: 125.99, 
            Production Events: 0, 
            Suppression Events: 1
Time: 126.21, 
            Production Events: 0, 
            Suppression Events: 1
Time: 128.0, 
            Production Events: 0, 
            Suppression Events: 1
Time: 128.0, 
            Production Events: 0, 
            Suppression Events: 0
Time: 129.07, 
            Production Events: 0, 
            Suppression Events: 2
Time: 131.96, 
            Production Events: 0, 
            Suppression Events: 1
Time: 131.96, 
            Production Events: 0, 
            Suppression Events: 0
Time: 132.32, 
            Production Events: 0, 
            Suppression Events: 1
Time: 133.1, 
            Production Events: 0, 
            Suppression Events: 2
Time: 134.69, 
            Production Events: 0, 
            Suppression Events: 2
Time: 135.1, 
            Production Events: 0, 
            Suppression Events: 1
Time: 138.4, 
            Production Events: 0, 
            Suppression Events: 1
Time: 138.4, 
            Production Events: 0, 
            Suppression Events: 0
Time: 138.4, 
            Production Events: 0, 
            Suppression Events: 0
Time: 139.12, 
            Production Events: 0, 
            Suppression Events: 1
Time: 141.62, 
            Production Events: 0, 
            Suppression Events: 1
Time: 141.62, 
            Production Events: 0, 
            Suppression Events: 0
Time: 142.54, 
            Production Events: 0, 
            Suppression Events: 1
Time: 143.3, 
            Production Events: 0, 
            Suppression Events: 1
Time: 144.91, 
            Production Events: 0, 
            Suppression Events: 2
Time: 145.03, 
            Production Events: 0, 
            Suppression Events: 3
Time: 146.1, 
            Production Events: 0, 
            Suppression Events: 4
Time: 147.68, 
            Production Events: 0, 
            Suppression Events: 1
Time: 149.57, 
            Production Events: 0, 
            Suppression Events: 1
Time: 149.57, 
            Production Events: 0, 
            Suppression Events: 0
Time: 152.6, 
            Production Events: 0, 
            Suppression Events: 1
Time: 152.6, 
            Production Events: 0, 
            Suppression Events: 0
Time: 152.6, 
            Production Events: 0, 
            Suppression Events: 0
Time: 153.11, 
            Production Events: 0, 
            Suppression Events: 3
Time: 155.17, 
            Production Events: 1, 
            Suppression Events: 2
Time: 155.17, 
            Production Events: 0, 
            Suppression Events: 0
Time: 157.24, 
            Production Events: 0, 
            Suppression Events: 1
Time: 157.24, 
            Production Events: 0, 
            Suppression Events: 0
Time: 158.67, 
            Production Events: 0, 
            Suppression Events: 2
Time: 159.65, 
            Production Events: 0, 
            Suppression Events: 2
Time: 160.81, 
            Production Events: 1, 
            Suppression Events: 0
Time: 162.75, 
            Production Events: 0, 
            Suppression Events: 1
Time: 162.75, 
            Production Events: 0, 
            Suppression Events: 0
Time: 163.28, 
            Production Events: 0, 
            Suppression Events: 2
Time: 166.57, 
            Production Events: 0, 
            Suppression Events: 1
Time: 166.57, 
            Production Events: 0, 
            Suppression Events: 0
Time: 166.57, 
            Production Events: 0, 
            Suppression Events: 0
Time: 167.9, 
            Production Events: 0, 
            Suppression Events: 1
Time: 168.03, 
            Production Events: 0, 
            Suppression Events: 1
Time: 169.78, 
            Production Events: 0, 
            Suppression Events: 2
Time: 170.59, 
            Production Events: 0, 
            Suppression Events: 1
Time: 172.38, 
            Production Events: 0, 
            Suppression Events: 1
Time: 172.38, 
            Production Events: 0, 
            Suppression Events: 0
Time: 173.43, 
            Production Events: 0, 
            Suppression Events: 1
Time: 174.57, 
            Production Events: 0, 
            Suppression Events: 3
Time: 175.92, 
            Production Events: 0, 
            Suppression Events: 1
Time: 176.02, 
            Production Events: 0, 
            Suppression Events: 1
Time: 179.14, 
            Production Events: 1, 
            Suppression Events: 1
Time: 179.14, 
            Production Events: 0, 
            Suppression Events: 0
Time: 179.14, 
            Production Events: 0, 
            Suppression Events: 0
Time: 182.04, 
            Production Events: 0, 
            Suppression Events: 2
Time: 182.04, 
            Production Events: 0, 
            Suppression Events: 0
Time: 182.04, 
            Production Events: 0, 
            Suppression Events: 0
Time: 183.76, 
            Production Events: 0, 
            Suppression Events: 1
Time: 185.07, 
            Production Events: 0, 
            Suppression Events: 1
Time: 185.07, 
            Production Events: 0, 
            Suppression Events: 0
Time: 188.54, 
            Production Events: 0, 
            Suppression Events: 3
Time: 188.54, 
            Production Events: 0, 
            Suppression Events: 0
Time: 188.54, 
            Production Events: 0, 
            Suppression Events: 0
Time: 191.43, 
            Production Events: 0, 
            Suppression Events: 1
Time: 191.43, 
            Production Events: 0, 
            Suppression Events: 0
Time: 191.43, 
            Production Events: 0, 
            Suppression Events: 0
Time: 192.89, 
            Production Events: 0, 
            Suppression Events: 1
Time: 194.08, 
            Production Events: 0, 
            Suppression Events: 1
Time: 194.08, 
            Production Events: 0, 
            Suppression Events: 0
Time: 195.98, 
            Production Events: 0, 
            Suppression Events: 2
Time: 196.2, 
            Production Events: 0, 
            Suppression Events: 1
Time: 198.03, 
            Production Events: 0, 
            Suppression Events: 1
Time: 198.03, 
            Production Events: 0, 
            Suppression Events: 0
Time: 199.41, 
            Production Events: 0, 
            Suppression Events: 3
Time: 201.16, 
            Production Events: 0, 
            Suppression Events: 2
Time: 201.16, 
            Production Events: 0, 
            Suppression Events: 0
Time: 202.37, 
            Production Events: 0, 
            Suppression Events: 1
Time: 203.9, 
            Production Events: 0, 
            Suppression Events: 2
Time: 204.24, 
            Production Events: 0, 
            Suppression Events: 1
Time: 205.39, 
            Production Events: 1, 
            Suppression Events: 0
Time: 206.0, 
            Production Events: 0, 
            Suppression Events: 2
Time: 207.62, 
            Production Events: 0, 
            Suppression Events: 5
Time: 208.54, 
            Production Events: 0, 
            Suppression Events: 1
Time: 210.15, 
            Production Events: 0, 
            Suppression Events: 2
Time: 210.15, 
            Production Events: 0, 
            Suppression Events: 0
Time: 212.03, 
            Production Events: 0, 
            Suppression Events: 2
Time: 212.03, 
            Production Events: 0, 
            Suppression Events: 0
Time: 216.15, 
            Production Events: 0, 
            Suppression Events: 1
Time: 216.15, 
            Production Events: 0, 
            Suppression Events: 0
Time: 216.15, 
            Production Events: 0, 
            Suppression Events: 0
Time: 216.15, 
            Production Events: 0, 
            Suppression Events: 0
Time: 217.87, 
            Production Events: 0, 
            Suppression Events: 1
Time: 218.08, 
            Production Events: 0, 
            Suppression Events: 1
Time: 221.23, 
            Production Events: 0, 
            Suppression Events: 2
Time: 221.23, 
            Production Events: 0, 
            Suppression Events: 0
Time: 221.23, 
            Production Events: 0, 
            Suppression Events: 0
Time: 223.34, 
            Production Events: 1, 
            Suppression Events: 1
Time: 223.34, 
            Production Events: 0, 
            Suppression Events: 0
Time: 224.47, 
            Production Events: 0, 
            Suppression Events: 2
Time: 227.17, 
            Production Events: 0, 
            Suppression Events: 2
Time: 227.17, 
            Production Events: 0, 
            Suppression Events: 0
Time: 227.17, 
            Production Events: 0, 
            Suppression Events: 0
Time: 228.67, 
            Production Events: 0, 
            Suppression Events: 1
Time: 229.11, 
            Production Events: 0, 
            Suppression Events: 2
Time: 231.36, 
            Production Events: 0, 
            Suppression Events: 2
Time: 231.36, 
            Production Events: 0, 
            Suppression Events: 0
Time: 232.12, 
            Production Events: 0, 
            Suppression Events: 2
Time: 233.38, 
            Production Events: 1, 
            Suppression Events: 3
Time: 234.21, 
            Production Events: 1, 
            Suppression Events: 2
Time: 239.37, 
            Production Events: 0, 
            Suppression Events: 2
Time: 239.37, 
            Production Events: 0, 
            Suppression Events: 0
Time: 239.37, 
            Production Events: 0, 
            Suppression Events: 0
Time: 239.37, 
            Production Events: 0, 
            Suppression Events: 0
Time: 239.37, 
            Production Events: 0, 
            Suppression Events: 0
Time: 240.97, 
            Production Events: 0, 
            Suppression Events: 2
Time: 242.4, 
            Production Events: 0, 
            Suppression Events: 1
Time: 242.4, 
            Production Events: 0, 
            Suppression Events: 0
Time: 243.25, 
            Production Events: 0, 
            Suppression Events: 1
Time: 244.59, 
            Production Events: 0, 
            Suppression Events: 1
Time: 245.0, 
            Production Events: 0, 
            Suppression Events: 2
Time: 246.09, 
            Production Events: 0, 
            Suppression Events: 1
Time: 247.97, 
            Production Events: 0, 
            Suppression Events: 1
Time: 248.23, 
            Production Events: 0, 
            Suppression Events: 1
Time: 249.18, 
            Production Events: 1, 
            Suppression Events: 1
Time: 250.01, 
            Production Events: 0, 
            Suppression Events: 2
Time: 252.04, 
            Production Events: 0, 
            Suppression Events: 2
Time: 252.04, 
            Production Events: 0, 
            Suppression Events: 0
Time: 253.11, 
            Production Events: 0, 
            Suppression Events: 1
Time: 254.54, 
            Production Events: 0, 
            Suppression Events: 1
Time: 258.5, 
            Production Events: 0, 
            Suppression Events: 1
Time: 258.5, 
            Production Events: 0, 
            Suppression Events: 0
Time: 258.5, 
            Production Events: 0, 
            Suppression Events: 0
Time: 258.5, 
            Production Events: 0, 
            Suppression Events: 0
Time: 259.87, 
            Production Events: 0, 
            Suppression Events: 1
Time: 260.05, 
            Production Events: 0, 
            Suppression Events: 1
Time: 261.85, 
            Production Events: 0, 
            Suppression Events: 3
Time: 263.55, 
            Production Events: 0, 
            Suppression Events: 1
Time: 263.55, 
            Production Events: 0, 
            Suppression Events: 0
Time: 265.74, 
            Production Events: 0, 
            Suppression Events: 1
Time: 265.74, 
            Production Events: 0, 
            Suppression Events: 0
Time: 267.18, 
            Production Events: 0, 
            Suppression Events: 1
Time: 267.18, 
            Production Events: 0, 
            Suppression Events: 0
Time: 268.68, 
            Production Events: 0, 
            Suppression Events: 1
Time: 269.06, 
            Production Events: 0, 
            Suppression Events: 1
Time: 271.56, 
            Production Events: 0, 
            Suppression Events: 2
Time: 271.56, 
            Production Events: 0, 
            Suppression Events: 0
Time: 273.56, 
            Production Events: 0, 
            Suppression Events: 2
Time: 273.56, 
            Production Events: 0, 
            Suppression Events: 0
Time: 274.56, 
            Production Events: 0, 
            Suppression Events: 1
Time: 275.36, 
            Production Events: 0, 
            Suppression Events: 1
Time: 276.36, 
            Production Events: 0, 
            Suppression Events: 1
Time: 278.13, 
            Production Events: 0, 
            Suppression Events: 1
Time: 278.13, 
            Production Events: 0, 
            Suppression Events: 0
Time: 279.08, 
            Production Events: 0, 
            Suppression Events: 1
Time: 280.24, 
            Production Events: 0, 
            Suppression Events: 2
Time: 281.13, 
            Production Events: 1, 
            Suppression Events: 0
Time: 282.52, 
            Production Events: 0, 
            Suppression Events: 1
Time: 283.76, 
            Production Events: 0, 
            Suppression Events: 2
Time: 287.23, 
            Production Events: 0, 
            Suppression Events: 1
Time: 287.23, 
            Production Events: 0, 
            Suppression Events: 0
Time: 287.23, 
            Production Events: 0, 
            Suppression Events: 0
Time: 287.23, 
            Production Events: 0, 
            Suppression Events: 0
Time: 288.05, 
            Production Events: 0, 
            Suppression Events: 1
Time: 290.73, 
            Production Events: 0, 
            Suppression Events: 1
Time: 290.73, 
            Production Events: 0, 
            Suppression Events: 0
Time: 291.98, 
            Production Events: 0, 
            Suppression Events: 1
Time: 292.99, 
            Production Events: 0, 
            Suppression Events: 1
Time: 293.39, 
            Production Events: 0, 
            Suppression Events: 1
Time: 300.11, 
            Production Events: 0, 
            Suppression Events: 2
Time: 300.11, 
            Production Events: 0, 
            Suppression Events: 0
Time: 300.11, 
            Production Events: 0, 
            Suppression Events: 0
Time: 300.11, 
            Production Events: 0, 
            Suppression Events: 0
Time: 300.11, 
            Production Events: 0, 
            Suppression Events: 0
Time: 300.11, 
            Production Events: 0, 
            Suppression Events: 0
Time: 300.11, 
            Production Events: 0, 
            Suppression Events: 0
Time: 302.08, 
            Production Events: 0, 
            Suppression Events: 2
Time: 302.08, 
            Production Events: 0, 
            Suppression Events: 0
Time: 303.46, 
            Production Events: 0, 
            Suppression Events: 1
Time: 304.12, 
            Production Events: 0, 
            Suppression Events: 1
Time: 309.14, 
            Production Events: 0, 
            Suppression Events: 2
Time: 309.14, 
            Production Events: 0, 
            Suppression Events: 0
Time: 309.14, 
            Production Events: 0, 
            Suppression Events: 0
Time: 309.14, 
            Production Events: 0, 
            Suppression Events: 0
Time: 309.14, 
            Production Events: 0, 
            Suppression Events: 0
Time: 310.96, 
            Production Events: 0, 
            Suppression Events: 2
Time: 311.48, 
            Production Events: 0, 
            Suppression Events: 1
Time: 312.05, 
            Production Events: 1, 
            Suppression Events: 2
Time: 314.11, 
            Production Events: 0, 
            Suppression Events: 2
Time: 314.11, 
            Production Events: 0, 
            Suppression Events: 0
Time: 316.82, 
            Production Events: 0, 
            Suppression Events: 2
Time: 316.82, 
            Production Events: 0, 
            Suppression Events: 0
Time: 317.62, 
            Production Events: 0, 
            Suppression Events: 2
Time: 319.02, 
            Production Events: 0, 
            Suppression Events: 1
Time: 319.02, 
            Production Events: 0, 
            Suppression Events: 0
Time: 321.4, 
            Production Events: 0, 
            Suppression Events: 1
Time: 321.4, 
            Production Events: 0, 
            Suppression Events: 0
Time: 322.72, 
            Production Events: 0, 
            Suppression Events: 1
Time: 324.23, 
            Production Events: 0, 
            Suppression Events: 1
Time: 324.23, 
            Production Events: 0, 
            Suppression Events: 0
Time: 326.06, 
            Production Events: 0, 
            Suppression Events: 1
Time: 326.06, 
            Production Events: 0, 
            Suppression Events: 0
Time: 331.53, 
            Production Events: 0, 
            Suppression Events: 3
Time: 331.53, 
            Production Events: 0, 
            Suppression Events: 0
Time: 331.53, 
            Production Events: 0, 
            Suppression Events: 0
Time: 331.53, 
            Production Events: 0, 
            Suppression Events: 0
Time: 331.53, 
            Production Events: 0, 
            Suppression Events: 0
Time: 332.88, 
            Production Events: 0, 
            Suppression Events: 2
Time: 333.72, 
            Production Events: 0, 
            Suppression Events: 1
Time: 336.46, 
            Production Events: 0, 
            Suppression Events: 1
Time: 336.46, 
            Production Events: 0, 
            Suppression Events: 0
Time: 336.46, 
            Production Events: 0, 
            Suppression Events: 0
Time: 339.33, 
            Production Events: 0, 
            Suppression Events: 1
Time: 339.33, 
            Production Events: 0, 
            Suppression Events: 0
Time: 339.33, 
            Production Events: 0, 
            Suppression Events: 0
Time: 340.04, 
            Production Events: 0, 
            Suppression Events: 2
Time: 341.82, 
            Production Events: 0, 
            Suppression Events: 1
Time: 342.2, 
            Production Events: 0, 
            Suppression Events: 1
Time: 343.48, 
            Production Events: 0, 
            Suppression Events: 2
Time: 344.11, 
            Production Events: 0, 
            Suppression Events: 1
Time: 345.13, 
            Production Events: 0, 
            Suppression Events: 3
Time: 347.11, 
            Production Events: 0, 
            Suppression Events: 2
Time: 347.11, 
            Production Events: 0, 
            Suppression Events: 0
Time: 349.82, 
            Production Events: 0, 
            Suppression Events: 2
Time: 349.82, 
            Production Events: 0, 
            Suppression Events: 0
Time: 350.15, 
            Production Events: 0, 
            Suppression Events: 1
Time: 352.25, 
            Production Events: 0, 
            Suppression Events: 2
Time: 352.25, 
            Production Events: 0, 
            Suppression Events: 0
Time: 356.46, 
            Production Events: 0, 
            Suppression Events: 2
Time: 356.46, 
            Production Events: 0, 
            Suppression Events: 0
Time: 356.46, 
            Production Events: 0, 
            Suppression Events: 0
Time: 356.46, 
            Production Events: 0, 
            Suppression Events: 0
Time: 357.24, 
            Production Events: 0, 
            Suppression Events: 1
Time: 358.65, 
            Production Events: 0, 
            Suppression Events: 2
Time: 359.22, 
            Production Events: 0, 
            Suppression Events: 1
Time: 361.12, 
            Production Events: 0, 
            Suppression Events: 2
Time: 361.12, 
            Production Events: 0, 
            Suppression Events: 0
Time: 362.42, 
            Production Events: 0, 
            Suppression Events: 1
Time: 363.66, 
            Production Events: 0, 
            Suppression Events: 1
Time: 367.41, 
            Production Events: 0, 
            Suppression Events: 2
Time: 367.41, 
            Production Events: 0, 
            Suppression Events: 0
Time: 367.41, 
            Production Events: 0, 
            Suppression Events: 0
Time: 367.41, 
            Production Events: 0, 
            Suppression Events: 0
Time: 368.06, 
            Production Events: 0, 
            Suppression Events: 3
Time: 370.52, 
            Production Events: 0, 
            Suppression Events: 2
Time: 370.52, 
            Production Events: 0, 
            Suppression Events: 0
Time: 372.04, 
            Production Events: 0, 
            Suppression Events: 1
Time: 372.04, 
            Production Events: 0, 
            Suppression Events: 0
Time: 373.51, 
            Production Events: 0, 
            Suppression Events: 1
Time: 374.42, 
            Production Events: 0, 
            Suppression Events: 1
Time: 377.85, 
            Production Events: 0, 
            Suppression Events: 2
Time: 377.85, 
            Production Events: 0, 
            Suppression Events: 0
Time: 377.85, 
            Production Events: 0, 
            Suppression Events: 0
Time: 380.41, 
            Production Events: 0, 
            Suppression Events: 1
Time: 380.41, 
            Production Events: 0, 
            Suppression Events: 0
Time: 380.41, 
            Production Events: 0, 
            Suppression Events: 0
Time: 382.01, 
            Production Events: 0, 
            Suppression Events: 1
Time: 382.01, 
            Production Events: 0, 
            Suppression Events: 0
Time: 383.07, 
            Production Events: 0, 
            Suppression Events: 3
Time: 384.6, 
            Production Events: 0, 
            Suppression Events: 3
Time: 385.05, 
            Production Events: 0, 
            Suppression Events: 1
Time: 386.29, 
            Production Events: 1, 
            Suppression Events: 1
Time: 388.85, 
            Production Events: 0, 
            Suppression Events: 2
Time: 388.85, 
            Production Events: 0, 
            Suppression Events: 0
Time: 389.11, 
            Production Events: 0, 
            Suppression Events: 1
Time: 390.05, 
            Production Events: 0, 
            Suppression Events: 2
Time: 391.06, 
            Production Events: 0, 
            Suppression Events: 4
Time: 396.01, 
            Production Events: 0, 
            Suppression Events: 2
Time: 396.01, 
            Production Events: 0, 
            Suppression Events: 0
Time: 396.01, 
            Production Events: 0, 
            Suppression Events: 0
Time: 396.01, 
            Production Events: 0, 
            Suppression Events: 0
Time: 396.01, 
            Production Events: 0, 
            Suppression Events: 0
Time: 399.02, 
            Production Events: 0, 
            Suppression Events: 1
Time: 399.02, 
            Production Events: 0, 
            Suppression Events: 0
Time: 399.02, 
            Production Events: 0, 
            Suppression Events: 0
Time: 400.12, 
            Production Events: 0, 
            Suppression Events: 3
Time: 404.08, 
            Production Events: 0, 
            Suppression Events: 3
Time: 404.08, 
            Production Events: 0, 
            Suppression Events: 0
Time: 404.08, 
            Production Events: 0, 
            Suppression Events: 0
Time: 404.08, 
            Production Events: 0, 
            Suppression Events: 0
Time: 405.37, 
            Production Events: 0, 
            Suppression Events: 2
Time: 406.08, 
            Production Events: 0, 
            Suppression Events: 1
Time: 407.17, 
            Production Events: 0, 
            Suppression Events: 1
Time: 408.03, 
            Production Events: 0, 
            Suppression Events: 1
Time: 410.55, 
            Production Events: 0, 
            Suppression Events: 3
Time: 410.55, 
            Production Events: 0, 
            Suppression Events: 0
Time: 412.39, 
            Production Events: 0, 
            Suppression Events: 1
Time: 412.39, 
            Production Events: 0, 
            Suppression Events: 0
Time: 414.2, 
            Production Events: 0, 
            Suppression Events: 1
Time: 414.2, 
            Production Events: 0, 
            Suppression Events: 0
Time: 415.23, 
            Production Events: 0, 
            Suppression Events: 2
Time: 417.19, 
            Production Events: 0, 
            Suppression Events: 1
Time: 417.19, 
            Production Events: 0, 
            Suppression Events: 0
Time: 418.25, 
            Production Events: 0, 
            Suppression Events: 1
Time: 419.33, 
            Production Events: 0, 
            Suppression Events: 1
Time: 421.2, 
            Production Events: 0, 
            Suppression Events: 1
Time: 421.2, 
            Production Events: 0, 
            Suppression Events: 0
Time: 423.98, 
            Production Events: 0, 
            Suppression Events: 2
Time: 423.98, 
            Production Events: 0, 
            Suppression Events: 0
Time: 424.19, 
            Production Events: 0, 
            Suppression Events: 1
Time: 425.72, 
            Production Events: 0, 
            Suppression Events: 1
Time: 426.28, 
            Production Events: 0, 
            Suppression Events: 1
Time: 427.3, 
            Production Events: 0, 
            Suppression Events: 1
Time: 428.29, 
            Production Events: 0, 
            Suppression Events: 1
Time: 430.34, 
            Production Events: 0, 
            Suppression Events: 2
Time: 430.34, 
            Production Events: 0, 
            Suppression Events: 0
Time: 431.56, 
            Production Events: 0, 
            Suppression Events: 1
Time: 432.76, 
            Production Events: 0, 
            Suppression Events: 1
Time: 433.44, 
            Production Events: 0, 
            Suppression Events: 1
Time: 435.2, 
            Production Events: 0, 
            Suppression Events: 1
Time: 435.2, 
            Production Events: 0, 
            Suppression Events: 0
Time: 436.07, 
            Production Events: 0, 
            Suppression Events: 2
Time: 437.09, 
            Production Events: 0, 
            Suppression Events: 2
Time: 438.66, 
            Production Events: 0, 
            Suppression Events: 1
Time: 443.38, 
            Production Events: 0, 
            Suppression Events: 1
Time: 443.38, 
            Production Events: 0, 
            Suppression Events: 0
Time: 443.38, 
            Production Events: 0, 
            Suppression Events: 0
Time: 443.38, 
            Production Events: 0, 
            Suppression Events: 0
Time: 443.38, 
            Production Events: 0, 
            Suppression Events: 0
Time: 444.49, 
            Production Events: 0, 
            Suppression Events: 1
Time: 448.19, 
            Production Events: 0, 
            Suppression Events: 1
Time: 448.19, 
            Production Events: 0, 
            Suppression Events: 0
Time: 448.19, 
            Production Events: 0, 
            Suppression Events: 0
Time: 448.19, 
            Production Events: 0, 
            Suppression Events: 0
Time: 452.86, 
            Production Events: 0, 
            Suppression Events: 1
Time: 452.86, 
            Production Events: 0, 
            Suppression Events: 0
Time: 452.86, 
            Production Events: 0, 
            Suppression Events: 0
Time: 452.86, 
            Production Events: 0, 
            Suppression Events: 0
Time: 453.92, 
            Production Events: 0, 
            Suppression Events: 1
Time: 454.05, 
            Production Events: 0, 
            Suppression Events: 1
Time: 455.36, 
            Production Events: 1, 
            Suppression Events: 1
Time: 456.52, 
            Production Events: 0, 
            Suppression Events: 2
Time: 457.54, 
            Production Events: 0, 
            Suppression Events: 1
Time: 461.91, 
            Production Events: 0, 
            Suppression Events: 1
Time: 461.91, 
            Production Events: 0, 
            Suppression Events: 0
Time: 461.91, 
            Production Events: 0, 
            Suppression Events: 0
Time: 461.91, 
            Production Events: 0, 
            Suppression Events: 0
Time: 462.75, 
            Production Events: 1, 
            Suppression Events: 1
Time: 463.61, 
            Production Events: 0, 
            Suppression Events: 1
Time: 464.59, 
            Production Events: 0, 
            Suppression Events: 1
Time: 465.13, 
            Production Events: 0, 
            Suppression Events: 1
Time: 466.14, 
            Production Events: 0, 
            Suppression Events: 3
Time: 468.53, 
            Production Events: 0, 
            Suppression Events: 3
Time: 468.53, 
            Production Events: 0, 
            Suppression Events: 0
Time: 471.4, 
            Production Events: 0, 
            Suppression Events: 2
Time: 471.4, 
            Production Events: 0, 
            Suppression Events: 0
Time: 471.4, 
            Production Events: 0, 
            Suppression Events: 0
Time: 473.21, 
            Production Events: 0, 
            Suppression Events: 2
Time: 473.21, 
            Production Events: 0, 
            Suppression Events: 0
Time: 474.03, 
            Production Events: 0, 
            Suppression Events: 1
Time: 476.09, 
            Production Events: 0, 
            Suppression Events: 1
Time: 476.09, 
            Production Events: 0, 
            Suppression Events: 0
Time: 477.38, 
            Production Events: 0, 
            Suppression Events: 2
Time: 478.46, 
            Production Events: 0, 
            Suppression Events: 1
Time: 480.51, 
            Production Events: 0, 
            Suppression Events: 2
Time: 480.51, 
            Production Events: 0, 
            Suppression Events: 0
Time: 481.2, 
            Production Events: 0, 
            Suppression Events: 3
Time: 483.29, 
            Production Events: 0, 
            Suppression Events: 2
Time: 483.29, 
            Production Events: 0, 
            Suppression Events: 0
Time: 484.03, 
            Production Events: 0, 
            Suppression Events: 1
Time: 486.82, 
            Production Events: 0, 
            Suppression Events: 1
Time: 486.82, 
            Production Events: 0, 
            Suppression Events: 0
Time: 489.09, 
            Production Events: 1, 
            Suppression Events: 0
Time: 489.09, 
            Production Events: 0, 
            Suppression Events: 0
Time: 489.09, 
            Production Events: 0, 
            Suppression Events: 0
Time: 492.99, 
            Production Events: 0, 
            Suppression Events: 4
Time: 492.99, 
            Production Events: 0, 
            Suppression Events: 0
Time: 492.99, 
            Production Events: 0, 
            Suppression Events: 0
Time: 493.79, 
            Production Events: 0, 
            Suppression Events: 1
Time: 495.05, 
            Production Events: 0, 
            Suppression Events: 1
Time: 495.05, 
            Production Events: 0, 
            Suppression Events: 0
Time: 497.05, 
            Production Events: 0, 
            Suppression Events: 3
Time: 497.05, 
            Production Events: 0, 
            Suppression Events: 0
Time: 500.25, 
            Production Events: 0, 
            Suppression Events: 1
Time: 500.25, 
            Production Events: 0, 
            Suppression Events: 0
Time: 500.25, 
            Production Events: 0, 
            Suppression Events: 0
Time: 501.21, 
            Production Events: 0, 
            Suppression Events: 2
Time: 502.18, 
            Production Events: 0, 
            Suppression Events: 1
Time: 503.05, 
            Production Events: 0, 
            Suppression Events: 2
Time: 504.19, 
            Production Events: 0, 
            Suppression Events: 1
Time: 505.93, 
            Production Events: 0, 
            Suppression Events: 1
Time: 506.88, 
            Production Events: 0, 
            Suppression Events: 2
Time: 509.17, 
            Production Events: 0, 
            Suppression Events: 1
Time: 509.17, 
            Production Events: 0, 
            Suppression Events: 0
Time: 509.17, 
            Production Events: 0, 
            Suppression Events: 0
Time: 513.49, 
            Production Events: 0, 
            Suppression Events: 1
Time: 513.49, 
            Production Events: 0, 
            Suppression Events: 0
Time: 513.49, 
            Production Events: 0, 
            Suppression Events: 0
Time: 513.49, 
            Production Events: 0, 
            Suppression Events: 0
Time: 514.1, 
            Production Events: 0, 
            Suppression Events: 1
Time: 515.95, 
            Production Events: 0, 
            Suppression Events: 3
Time: 518.24, 
            Production Events: 0, 
            Suppression Events: 1
Time: 518.24, 
            Production Events: 0, 
            Suppression Events: 0
Time: 518.24, 
            Production Events: 0, 
            Suppression Events: 0
Time: 519.31, 
            Production Events: 0, 
            Suppression Events: 3
Time: 520.9, 
            Production Events: 1, 
            Suppression Events: 2
Time: 521.88, 
            Production Events: 0, 
            Suppression Events: 1
Time: 522.15, 
            Production Events: 0, 
            Suppression Events: 1
Time: 523.47, 
            Production Events: 0, 
            Suppression Events: 1
Time: 526.16, 
            Production Events: 0, 
            Suppression Events: 2
Time: 526.16, 
            Production Events: 0, 
            Suppression Events: 0
Time: 526.16, 
            Production Events: 0, 
            Suppression Events: 0
Time: 527.12, 
            Production Events: 0, 
            Suppression Events: 2
Time: 528.48, 
            Production Events: 0, 
            Suppression Events: 1
Time: 529.96, 
            Production Events: 0, 
            Suppression Events: 1
Time: 530.44, 
            Production Events: 0, 
            Suppression Events: 1
Time: 531.74, 
            Production Events: 0, 
            Suppression Events: 1
Time: 532.44, 
            Production Events: 0, 
            Suppression Events: 1
Time: 534.18, 
            Production Events: 0, 
            Suppression Events: 4
Time: 534.18, 
            Production Events: 0, 
            Suppression Events: 0
Time: 535.66, 
            Production Events: 0, 
            Suppression Events: 2
Time: 538.1, 
            Production Events: 0, 
            Suppression Events: 1
Time: 538.1, 
            Production Events: 0, 
            Suppression Events: 0
Time: 538.1, 
            Production Events: 0, 
            Suppression Events: 0
Time: 539.31, 
            Production Events: 0, 
            Suppression Events: 3
Time: 542.11, 
            Production Events: 0, 
            Suppression Events: 3
Time: 542.11, 
            Production Events: 0, 
            Suppression Events: 0
Time: 542.11, 
            Production Events: 0, 
            Suppression Events: 0
Time: 543.12, 
            Production Events: 1, 
            Suppression Events: 0
Time: 544.9, 
            Production Events: 0, 
            Suppression Events: 3
Time: 545.21, 
            Production Events: 0, 
            Suppression Events: 1
Time: 546.35, 
            Production Events: 0, 
            Suppression Events: 6
Time: 548.04, 
            Production Events: 0, 
            Suppression Events: 2
Time: 548.04, 
            Production Events: 0, 
            Suppression Events: 0
Time: 549.32, 
            Production Events: 0, 
            Suppression Events: 1
Time: 550.41, 
            Production Events: 0, 
            Suppression Events: 1
Time: 552.66, 
            Production Events: 0, 
            Suppression Events: 1
Time: 552.66, 
            Production Events: 0, 
            Suppression Events: 0
Time: 553.11, 
            Production Events: 0, 
            Suppression Events: 2
Time: 555.46, 
            Production Events: 0, 
            Suppression Events: 4
Time: 555.46, 
            Production Events: 0, 
            Suppression Events: 0
Time: 556.02, 
            Production Events: 0, 
            Suppression Events: 1
Time: 557.76, 
            Production Events: 0, 
            Suppression Events: 2
Time: 558.12, 
            Production Events: 0, 
            Suppression Events: 1
Time: 559.01, 
            Production Events: 0, 
            Suppression Events: 1
Time: 561.16, 
            Production Events: 0, 
            Suppression Events: 1
Time: 561.16, 
            Production Events: 0, 
            Suppression Events: 0
Time: 562.36, 
            Production Events: 0, 
            Suppression Events: 2
Time: 563.53, 
            Production Events: 0, 
            Suppression Events: 1
Time: 565.46, 
            Production Events: 0, 
            Suppression Events: 2
Time: 565.46, 
            Production Events: 0, 
            Suppression Events: 0
Time: 566.64, 
            Production Events: 0, 
            Suppression Events: 1
Time: 567.08, 
            Production Events: 0, 
            Suppression Events: 1
Time: 568.04, 
            Production Events: 0, 
            Suppression Events: 2
Time: 569.17, 
            Production Events: 0, 
            Suppression Events: 1
Time: 570.3, 
            Production Events: 0, 
            Suppression Events: 3
Time: 571.54, 
            Production Events: 0, 
            Suppression Events: 1
Time: 574.99, 
            Production Events: 0, 
            Suppression Events: 3
Time: 574.99, 
            Production Events: 0, 
            Suppression Events: 0
Time: 574.99, 
            Production Events: 0, 
            Suppression Events: 0
Time: 577.22, 
            Production Events: 0, 
            Suppression Events: 1
Time: 577.22, 
            Production Events: 0, 
            Suppression Events: 0
Time: 577.22, 
            Production Events: 0, 
            Suppression Events: 0
Time: 578.51, 
            Production Events: 0, 
            Suppression Events: 1
Time: 580.53, 
            Production Events: 0, 
            Suppression Events: 1
Time: 580.53, 
            Production Events: 0, 
            Suppression Events: 0
Time: 581.06, 
            Production Events: 0, 
            Suppression Events: 1
Time: 582.07, 
            Production Events: 0, 
            Suppression Events: 1
Time: 583.74, 
            Production Events: 0, 
            Suppression Events: 2
Time: 587.59, 
            Production Events: 0, 
            Suppression Events: 1
Time: 587.59, 
            Production Events: 0, 
            Suppression Events: 0
Time: 587.59, 
            Production Events: 0, 
            Suppression Events: 0
Time: 587.59, 
            Production Events: 0, 
            Suppression Events: 0
Time: 588.67, 
            Production Events: 0, 
            Suppression Events: 2
Time: 589.46, 
            Production Events: 0, 
            Suppression Events: 1
Time: 591.25, 
            Production Events: 0, 
            Suppression Events: 2
Time: 591.25, 
            Production Events: 0, 
            Suppression Events: 0
Time: 592.74, 
            Production Events: 0, 
            Suppression Events: 1
Time: 593.67, 
            Production Events: 0, 
            Suppression Events: 1
Time: 594.28, 
            Production Events: 0, 
            Suppression Events: 1
Time: 595.3, 
            Production Events: 0, 
            Suppression Events: 1
Time: 600.23, 
            Production Events: 0, 
            Suppression Events: 1
Time: 600.23, 
            Production Events: 0, 
            Suppression Events: 0
Time: 600.23, 
            Production Events: 0, 
            Suppression Events: 0
Time: 600.23, 
            Production Events: 0, 
            Suppression Events: 0
Time: 600.23, 
            Production Events: 0, 
            Suppression Events: 0
Time: 601.31, 
            Production Events: 0, 
            Suppression Events: 2
Time: 602.08, 
            Production Events: 0, 
            Suppression Events: 3
Time: 603.44, 
            Production Events: 0, 
            Suppression Events: 1
Time: 605.48, 
            Production Events: 1, 
            Suppression Events: 1
Time: 605.48, 
            Production Events: 0, 
            Suppression Events: 0
Time: 607.13, 
            Production Events: 0, 
            Suppression Events: 2
Time: 607.13, 
            Production Events: 0, 
            Suppression Events: 0
Time: 608.01, 
            Production Events: 0, 
            Suppression Events: 1
Time: 610.56, 
            Production Events: 0, 
            Suppression Events: 1
Time: 610.56, 
            Production Events: 0, 
            Suppression Events: 0
Time: 611.69, 
            Production Events: 0, 
            Suppression Events: 1
Time: 612.31, 
            Production Events: 0, 
            Suppression Events: 1
Time: 613.74, 
            Production Events: 0, 
            Suppression Events: 3
Time: 614.63, 
            Production Events: 0, 
            Suppression Events: 1
Time: 615.51, 
            Production Events: 0, 
            Suppression Events: 1
Time: 617.31, 
            Production Events: 0, 
            Suppression Events: 1
Time: 617.31, 
            Production Events: 0, 
            Suppression Events: 0
Time: 618.4, 
            Production Events: 0, 
            Suppression Events: 1
Time: 619.21, 
            Production Events: 0, 
            Suppression Events: 2
Time: 620.46, 
            Production Events: 0, 
            Suppression Events: 2
Time: 622.1, 
            Production Events: 1, 
            Suppression Events: 0
Time: 622.1, 
            Production Events: 0, 
            Suppression Events: 0
Time: 624.44, 
            Production Events: 0, 
            Suppression Events: 2
Time: 624.44, 
            Production Events: 0, 
            Suppression Events: 0
Time: 625.98, 
            Production Events: 0, 
            Suppression Events: 1
Time: 626.13, 
            Production Events: 0, 
            Suppression Events: 1
Time: 631.67, 
            Production Events: 0, 
            Suppression Events: 1
Time: 631.67, 
            Production Events: 0, 
            Suppression Events: 0
Time: 631.67, 
            Production Events: 0, 
            Suppression Events: 0
Time: 631.67, 
            Production Events: 0, 
            Suppression Events: 0
Time: 631.67, 
            Production Events: 0, 
            Suppression Events: 0
Time: 632.15, 
            Production Events: 0, 
            Suppression Events: 1
Time: 633.68, 
            Production Events: 0, 
            Suppression Events: 2
Time: 634.34, 
            Production Events: 0, 
            Suppression Events: 1
Time: 637.76, 
            Production Events: 0, 
            Suppression Events: 1
Time: 637.76, 
            Production Events: 0, 
            Suppression Events: 0
Time: 637.76, 
            Production Events: 0, 
            Suppression Events: 0
Time: 638.11, 
            Production Events: 0, 
            Suppression Events: 1
Time: 640.65, 
            Production Events: 0, 
            Suppression Events: 2
Time: 640.65, 
            Production Events: 0, 
            Suppression Events: 0
Time: 641.03, 
            Production Events: 0, 
            Suppression Events: 1
Time: 642.51, 
            Production Events: 0, 
            Suppression Events: 2
Time: 643.63, 
            Production Events: 0, 
            Suppression Events: 2
Time: 644.59, 
            Production Events: 0, 
            Suppression Events: 1
Time: 645.09, 
            Production Events: 0, 
            Suppression Events: 1
Time: 647.0, 
            Production Events: 0, 
            Suppression Events: 2
Time: 648.31, 
            Production Events: 0, 
            Suppression Events: 1
Time: 648.31, 
            Production Events: 0, 
            Suppression Events: 0
Time: 650.86, 
            Production Events: 0, 
            Suppression Events: 1
Time: 650.86, 
            Production Events: 0, 
            Suppression Events: 0
Time: 651.07, 
            Production Events: 0, 
            Suppression Events: 1
Time: 652.41, 
            Production Events: 0, 
            Suppression Events: 1
Time: 653.06, 
            Production Events: 0, 
            Suppression Events: 2
Time: 655.2, 
            Production Events: 0, 
            Suppression Events: 3
Time: 655.2, 
            Production Events: 0, 
            Suppression Events: 0
Time: 656.36, 
            Production Events: 1, 
            Suppression Events: 2
Time: 659.06, 
            Production Events: 0, 
            Suppression Events: 2
Time: 659.06, 
            Production Events: 0, 
            Suppression Events: 0
Time: 659.06, 
            Production Events: 0, 
            Suppression Events: 0
Time: 662.19, 
            Production Events: 0, 
            Suppression Events: 1
Time: 662.19, 
            Production Events: 0, 
            Suppression Events: 0
Time: 662.19, 
            Production Events: 0, 
            Suppression Events: 0
Time: 664.02, 
            Production Events: 0, 
            Suppression Events: 1
Time: 664.02, 
            Production Events: 0, 
            Suppression Events: 0
Time: 665.09, 
            Production Events: 0, 
            Suppression Events: 2
Time: 666.03, 
            Production Events: 0, 
            Suppression Events: 2
Time: 668.06, 
            Production Events: 0, 
            Suppression Events: 1
Time: 668.06, 
            Production Events: 0, 
            Suppression Events: 0
Time: 669.13, 
            Production Events: 0, 
            Suppression Events: 3
Time: 670.77, 
            Production Events: 0, 
            Suppression Events: 3
Time: 672.06, 
            Production Events: 0, 
            Suppression Events: 1
Time: 672.06, 
            Production Events: 0, 
            Suppression Events: 0
Time: 673.48, 
            Production Events: 0, 
            Suppression Events: 4
Time: 674.08, 
            Production Events: 0, 
            Suppression Events: 2
Time: 678.59, 
            Production Events: 0, 
            Suppression Events: 1
Time: 678.59, 
            Production Events: 0, 
            Suppression Events: 0
Time: 678.59, 
            Production Events: 0, 
            Suppression Events: 0
Time: 678.59, 
            Production Events: 0, 
            Suppression Events: 0
Time: 679.71, 
            Production Events: 0, 
            Suppression Events: 1
Time: 680.31, 
            Production Events: 0, 
            Suppression Events: 1
Time: 682.38, 
            Production Events: 0, 
            Suppression Events: 1
Time: 682.38, 
            Production Events: 0, 
            Suppression Events: 0
Time: 683.19, 
            Production Events: 0, 
            Suppression Events: 1
Time: 684.06, 
            Production Events: 0, 
            Suppression Events: 1
Time: 685.64, 
            Production Events: 0, 
            Suppression Events: 1
Time: 687.09, 
            Production Events: 0, 
            Suppression Events: 3
Time: 687.09, 
            Production Events: 0, 
            Suppression Events: 0
Time: 688.5, 
            Production Events: 0, 
            Suppression Events: 3
Time: 690.41, 
            Production Events: 0, 
            Suppression Events: 1
Time: 690.41, 
            Production Events: 0, 
            Suppression Events: 0
Time: 691.52, 
            Production Events: 0, 
            Suppression Events: 1
Time: 692.61, 
            Production Events: 0, 
            Suppression Events: 2
Time: 695.69, 
            Production Events: 0, 
            Suppression Events: 1
Time: 695.69, 
            Production Events: 0, 
            Suppression Events: 0
Time: 695.69, 
            Production Events: 0, 
            Suppression Events: 0
Time: 696.44, 
            Production Events: 0, 
            Suppression Events: 1
Time: 697.26, 
            Production Events: 0, 
            Suppression Events: 1
Time: 698.58, 
            Production Events: 1, 
            Suppression Events: 0
Time: 699.52, 
            Production Events: 0, 
            Suppression Events: 1
Time: 701.98, 
            Production Events: 0, 
            Suppression Events: 2
Time: 701.98, 
            Production Events: 0, 
            Suppression Events: 0
Time: 702.79, 
            Production Events: 0, 
            Suppression Events: 1
Time: 704.48, 
            Production Events: 0, 
            Suppression Events: 1
Time: 704.48, 
            Production Events: 0, 
            Suppression Events: 0
Time: 705.16, 
            Production Events: 0, 
            Suppression Events: 3
Time: 708.77, 
            Production Events: 0, 
            Suppression Events: 1
Time: 708.77, 
            Production Events: 0, 
            Suppression Events: 0
Time: 708.77, 
            Production Events: 0, 
            Suppression Events: 0
Time: 711.43, 
            Production Events: 0, 
            Suppression Events: 1
Time: 711.43, 
            Production Events: 0, 
            Suppression Events: 0
Time: 711.43, 
            Production Events: 0, 
            Suppression Events: 0
Time: 713.5, 
            Production Events: 0, 
            Suppression Events: 3
Time: 713.5, 
            Production Events: 0, 
            Suppression Events: 0
Time: 714.21, 
            Production Events: 0, 
            Suppression Events: 2
Time: 717.4, 
            Production Events: 0, 
            Suppression Events: 2
Time: 717.4, 
            Production Events: 0, 
            Suppression Events: 0
Time: 717.4, 
            Production Events: 0, 
            Suppression Events: 0
Time: 718.54, 
            Production Events: 0, 
            Suppression Events: 1
Time: 720.7, 
            Production Events: 0, 
            Suppression Events: 1
Time: 720.7, 
            Production Events: 0, 
            Suppression Events: 0
Time: 721.88, 
            Production Events: 0, 
            Suppression Events: 1
Time: 722.46, 
            Production Events: 0, 
            Suppression Events: 1
Time: 723.16, 
            Production Events: 0, 
            Suppression Events: 2
Time: 726.03, 
            Production Events: 0, 
            Suppression Events: 3
Time: 726.03, 
            Production Events: 0, 
            Suppression Events: 0
Time: 726.03, 
            Production Events: 0, 
            Suppression Events: 0
Time: 727.71, 
            Production Events: 0, 
            Suppression Events: 2
Time: 728.45, 
            Production Events: 0, 
            Suppression Events: 1
Time: 729.66, 
            Production Events: 0, 
            Suppression Events: 3
Time: 731.6, 
            Production Events: 0, 
            Suppression Events: 2
Time: 731.6, 
            Production Events: 0, 
            Suppression Events: 0
Time: 732.1, 
            Production Events: 0, 
            Suppression Events: 1
Time: 733.61, 
            Production Events: 0, 
            Suppression Events: 2
Time: 734.2, 
            Production Events: 0, 
            Suppression Events: 1
Time: 736.36, 
            Production Events: 0, 
            Suppression Events: 2
Time: 736.36, 
            Production Events: 0, 
            Suppression Events: 0
Time: 737.67, 
            Production Events: 0, 
            Suppression Events: 3
Time: 739.11, 
            Production Events: 1, 
            Suppression Events: 1
Time: 739.11, 
            Production Events: 0, 
            Suppression Events: 0
Time: 740.95, 
            Production Events: 0, 
            Suppression Events: 2
Time: 741.67, 
            Production Events: 0, 
            Suppression Events: 1
Time: 742.59, 
            Production Events: 0, 
            Suppression Events: 1
Time: 744.36, 
            Production Events: 0, 
            Suppression Events: 1
Time: 744.36, 
            Production Events: 0, 
            Suppression Events: 0
Time: 745.2, 
            Production Events: 0, 
            Suppression Events: 2
Time: 746.45, 
            Production Events: 0, 
            Suppression Events: 1
Time: 748.06, 
            Production Events: 0, 
            Suppression Events: 1
Time: 748.06, 
            Production Events: 0, 
            Suppression Events: 0
Time: 749.46, 
            Production Events: 1, 
            Suppression Events: 0
Time: 750.15, 
            Production Events: 0, 
            Suppression Events: 1
Time: 752.04, 
            Production Events: 0, 
            Suppression Events: 1
Time: 752.04, 
            Production Events: 0, 
            Suppression Events: 0
Time: 753.18, 
            Production Events: 0, 
            Suppression Events: 1
Time: 754.53, 
            Production Events: 0, 
            Suppression Events: 1
Time: 755.43, 
            Production Events: 0, 
            Suppression Events: 1
Time: 757.3, 
            Production Events: 0, 
            Suppression Events: 3
Time: 757.3, 
            Production Events: 0, 
            Suppression Events: 0
Time: 760.52, 
            Production Events: 0, 
            Suppression Events: 2
Time: 760.52, 
            Production Events: 0, 
            Suppression Events: 0
Time: 760.52, 
            Production Events: 0, 
            Suppression Events: 0
Time: 761.98, 
            Production Events: 0, 
            Suppression Events: 1
Time: 762.09, 
            Production Events: 0, 
            Suppression Events: 1
Time: 764.1, 
            Production Events: 0, 
            Suppression Events: 2
Time: 764.1, 
            Production Events: 0, 
            Suppression Events: 0
Time: 767.81, 
            Production Events: 0, 
            Suppression Events: 1
Time: 767.81, 
            Production Events: 0, 
            Suppression Events: 0
Time: 767.81, 
            Production Events: 0, 
            Suppression Events: 0
Time: 772.54, 
            Production Events: 0, 
            Suppression Events: 1
Time: 772.54, 
            Production Events: 0, 
            Suppression Events: 0
Time: 772.54, 
            Production Events: 0, 
            Suppression Events: 0
Time: 772.54, 
            Production Events: 0, 
            Suppression Events: 0
Time: 772.54, 
            Production Events: 0, 
            Suppression Events: 0
Time: 774.29, 
            Production Events: 0, 
            Suppression Events: 3
Time: 774.29, 
            Production Events: 0, 
            Suppression Events: 0
Time: 776.0, 
            Production Events: 0, 
            Suppression Events: 1
Time: 776.0, 
            Production Events: 0, 
            Suppression Events: 0
Time: 777.19, 
            Production Events: 0, 
            Suppression Events: 1
Time: 781.15, 
            Production Events: 0, 
            Suppression Events: 2
Time: 781.15, 
            Production Events: 0, 
            Suppression Events: 0
Time: 781.15, 
            Production Events: 0, 
            Suppression Events: 0
Time: 781.15, 
            Production Events: 0, 
            Suppression Events: 0
Time: 783.31, 
            Production Events: 0, 
            Suppression Events: 3
Time: 783.31, 
            Production Events: 0, 
            Suppression Events: 0
Time: 785.99, 
            Production Events: 0, 
            Suppression Events: 1
Time: 785.99, 
            Production Events: 0, 
            Suppression Events: 0
Time: 786.72, 
            Production Events: 0, 
            Suppression Events: 1
Time: 788.07, 
            Production Events: 0, 
            Suppression Events: 3
Time: 788.07, 
            Production Events: 0, 
            Suppression Events: 0
Time: 789.04, 
            Production Events: 0, 
            Suppression Events: 2
Time: 790.15, 
            Production Events: 0, 
            Suppression Events: 2
Time: 791.97, 
            Production Events: 0, 
            Suppression Events: 1
Time: 792.27, 
            Production Events: 0, 
            Suppression Events: 1
Time: 794.5, 
            Production Events: 0, 
            Suppression Events: 3
Time: 794.5, 
            Production Events: 0, 
            Suppression Events: 0
Time: 795.05, 
            Production Events: 0, 
            Suppression Events: 1
Time: 796.36, 
            Production Events: 0, 
            Suppression Events: 1
Time: 797.95, 
            Production Events: 0, 
            Suppression Events: 2
Time: 801.18, 
            Production Events: 0, 
            Suppression Events: 1
Time: 801.18, 
            Production Events: 0, 
            Suppression Events: 0
Time: 801.18, 
            Production Events: 0, 
            Suppression Events: 0
Time: 801.18, 
            Production Events: 0, 
            Suppression Events: 0
Time: 802.25, 
            Production Events: 0, 
            Suppression Events: 2
Time: 803.11, 
            Production Events: 0, 
            Suppression Events: 1
Time: 805.48, 
            Production Events: 0, 
            Suppression Events: 2
Time: 805.48, 
            Production Events: 0, 
            Suppression Events: 0
Time: 807.18, 
            Production Events: 0, 
            Suppression Events: 1
Time: 807.18, 
            Production Events: 0, 
            Suppression Events: 0
Time: 808.86, 
            Production Events: 0, 
            Suppression Events: 1
Time: 809.41, 
            Production Events: 0, 
            Suppression Events: 1
Time: 810.49, 
            Production Events: 0, 
            Suppression Events: 1
Time: 811.09, 
            Production Events: 0, 
            Suppression Events: 2
Time: 812.83, 
            Production Events: 0, 
            Suppression Events: 1
Time: 813.01, 
            Production Events: 0, 
            Suppression Events: 1
Time: 814.78, 
            Production Events: 0, 
            Suppression Events: 1
Time: 816.09, 
            Production Events: 0, 
            Suppression Events: 4
Time: 816.09, 
            Production Events: 0, 
            Suppression Events: 0
Time: 817.16, 
            Production Events: 0, 
            Suppression Events: 4
Time: 818.39, 
            Production Events: 0, 
            Suppression Events: 1
Time: 819.15, 
            Production Events: 0, 
            Suppression Events: 2
Time: 820.26, 
            Production Events: 0, 
            Suppression Events: 2
Time: 821.81, 
            Production Events: 0, 
            Suppression Events: 4
Time: 822.14, 
            Production Events: 0, 
            Suppression Events: 1
Time: 826.16, 
            Production Events: 0, 
            Suppression Events: 2
Time: 826.16, 
            Production Events: 0, 
            Suppression Events: 0
Time: 826.16, 
            Production Events: 0, 
            Suppression Events: 0
Time: 826.16, 
            Production Events: 0, 
            Suppression Events: 0
Time: 827.28, 
            Production Events: 1, 
            Suppression Events: 2
Time: 828.09, 
            Production Events: 0, 
            Suppression Events: 2
Time: 829.53, 
            Production Events: 0, 
            Suppression Events: 1
Time: 830.5, 
            Production Events: 0, 
            Suppression Events: 3
Time: 831.06, 
            Production Events: 0, 
            Suppression Events: 1
Time: 832.0, 
            Production Events: 0, 
            Suppression Events: 2
Time: 834.3, 
            Production Events: 0, 
            Suppression Events: 2
Time: 834.3, 
            Production Events: 0, 
            Suppression Events: 0
Time: 836.79, 
            Production Events: 0, 
            Suppression Events: 3
Time: 836.79, 
            Production Events: 0, 
            Suppression Events: 0
Time: 837.34, 
            Production Events: 0, 
            Suppression Events: 1
Time: 838.05, 
            Production Events: 0, 
            Suppression Events: 1
Time: 839.17, 
            Production Events: 0, 
            Suppression Events: 3
Time: 840.96, 
            Production Events: 0, 
            Suppression Events: 1
Time: 843.36, 
            Production Events: 0, 
            Suppression Events: 1
Time: 843.36, 
            Production Events: 0, 
            Suppression Events: 0
Time: 843.36, 
            Production Events: 0, 
            Suppression Events: 0
Time: 844.87, 
            Production Events: 0, 
            Suppression Events: 1
Time: 847.47, 
            Production Events: 0, 
            Suppression Events: 1
Time: 847.47, 
            Production Events: 0, 
            Suppression Events: 0
Time: 847.47, 
            Production Events: 0, 
            Suppression Events: 0
Time: 848.79, 
            Production Events: 0, 
            Suppression Events: 1
Time: 849.76, 
            Production Events: 0, 
            Suppression Events: 1
Time: 850.16, 
            Production Events: 0, 
            Suppression Events: 1
Time: 852.98, 
            Production Events: 0, 
            Suppression Events: 3
Time: 852.98, 
            Production Events: 0, 
            Suppression Events: 0
Time: 855.57, 
            Production Events: 0, 
            Suppression Events: 1
Time: 855.57, 
            Production Events: 0, 
            Suppression Events: 0
Time: 855.57, 
            Production Events: 0, 
            Suppression Events: 0
Time: 858.38, 
            Production Events: 0, 
            Suppression Events: 1
Time: 858.38, 
            Production Events: 0, 
            Suppression Events: 0
Time: 858.38, 
            Production Events: 0, 
            Suppression Events: 0
Time: 860.69, 
            Production Events: 0, 
            Suppression Events: 3
Time: 860.69, 
            Production Events: 0, 
            Suppression Events: 0
Time: 862.57, 
            Production Events: 0, 
            Suppression Events: 1
Time: 862.57, 
            Production Events: 0, 
            Suppression Events: 0
Time: 863.13, 
            Production Events: 0, 
            Suppression Events: 2
Time: 864.85, 
            Production Events: 0, 
            Suppression Events: 1
Time: 865.19, 
            Production Events: 0, 
            Suppression Events: 1
Time: 866.34, 
            Production Events: 1, 
            Suppression Events: 1
Time: 867.6, 
            Production Events: 0, 
            Suppression Events: 3
Time: 869.51, 
            Production Events: 0, 
            Suppression Events: 1
Time: 869.51, 
            Production Events: 0, 
            Suppression Events: 0
Time: 870.61, 
            Production Events: 0, 
            Suppression Events: 2
Time: 872.91, 
            Production Events: 0, 
            Suppression Events: 3
Time: 872.91, 
            Production Events: 0, 
            Suppression Events: 0
Time: 874.42, 
            Production Events: 0, 
            Suppression Events: 1
Time: 874.42, 
            Production Events: 0, 
            Suppression Events: 0
Time: 875.45, 
            Production Events: 0, 
            Suppression Events: 1
Time: 878.69, 
            Production Events: 0, 
            Suppression Events: 1
Time: 878.69, 
            Production Events: 0, 
            Suppression Events: 0
Time: 878.69, 
            Production Events: 0, 
            Suppression Events: 0
Time: 879.37, 
            Production Events: 0, 
            Suppression Events: 2
Time: 880.96, 
            Production Events: 0, 
            Suppression Events: 2
Time: 881.05, 
            Production Events: 0, 
            Suppression Events: 1
Time: 882.06, 
            Production Events: 0, 
            Suppression Events: 1
Time: 884.0, 
            Production Events: 0, 
            Suppression Events: 2
Time: 884.0, 
            Production Events: 0, 
            Suppression Events: 0
Time: 885.7, 
            Production Events: 0, 
            Suppression Events: 1
Time: 887.35, 
            Production Events: 0, 
            Suppression Events: 2
Time: 887.35, 
            Production Events: 0, 
            Suppression Events: 0
Time: 888.64, 
            Production Events: 0, 
            Suppression Events: 3
Time: 890.37, 
            Production Events: 0, 
            Suppression Events: 2
Time: 890.37, 
            Production Events: 0, 
            Suppression Events: 0
Time: 891.18, 
            Production Events: 0, 
            Suppression Events: 1
Time: 893.31, 
            Production Events: 0, 
            Suppression Events: 2
Time: 893.31, 
            Production Events: 0, 
            Suppression Events: 0
Time: 894.03, 
            Production Events: 0, 
            Suppression Events: 3
Time: 896.45, 
            Production Events: 0, 
            Suppression Events: 2
Time: 896.45, 
            Production Events: 0, 
            Suppression Events: 0
Time: 898.52, 
            Production Events: 0, 
            Suppression Events: 1
Time: 898.52, 
            Production Events: 0, 
            Suppression Events: 0
Time: 899.14, 
            Production Events: 0, 
            Suppression Events: 2
Time: 900.63, 
            Production Events: 0, 
            Suppression Events: 1
Time: 901.98, 
            Production Events: 0, 
            Suppression Events: 1
Time: 904.52, 
            Production Events: 0, 
            Suppression Events: 1
Time: 904.52, 
            Production Events: 0, 
            Suppression Events: 0
Time: 904.52, 
            Production Events: 0, 
            Suppression Events: 0
Time: 905.59, 
            Production Events: 0, 
            Suppression Events: 1
Time: 906.84, 
            Production Events: 0, 
            Suppression Events: 2
Time: 908.5, 
            Production Events: 0, 
            Suppression Events: 1
Time: 908.5, 
            Production Events: 0, 
            Suppression Events: 0
Time: 909.13, 
            Production Events: 0, 
            Suppression Events: 1
Time: 910.69, 
            Production Events: 0, 
            Suppression Events: 1
Time: 912.91, 
            Production Events: 0, 
            Suppression Events: 2
Time: 912.91, 
            Production Events: 0, 
            Suppression Events: 0
Time: 913.78, 
            Production Events: 0, 
            Suppression Events: 1
Time: 914.95, 
            Production Events: 0, 
            Suppression Events: 1
Time: 916.05, 
            Production Events: 0, 
            Suppression Events: 1
Time: 916.05, 
            Production Events: 0, 
            Suppression Events: 0
Time: 918.48, 
            Production Events: 0, 
            Suppression Events: 1
Time: 918.48, 
            Production Events: 0, 
            Suppression Events: 0
Time: 920.55, 
            Production Events: 0, 
            Suppression Events: 1
Time: 920.55, 
            Production Events: 0, 
            Suppression Events: 0
Time: 921.27, 
            Production Events: 0, 
            Suppression Events: 1
Time: 925.46, 
            Production Events: 0, 
            Suppression Events: 1
Time: 925.46, 
            Production Events: 0, 
            Suppression Events: 0
Time: 925.46, 
            Production Events: 0, 
            Suppression Events: 0
Time: 925.46, 
            Production Events: 0, 
            Suppression Events: 0
Time: 926.06, 
            Production Events: 0, 
            Suppression Events: 2
Time: 927.4, 
            Production Events: 0, 
            Suppression Events: 1
Time: 929.16, 
            Production Events: 0, 
            Suppression Events: 4
Time: 929.16, 
            Production Events: 0, 
            Suppression Events: 0
Time: 932.14, 
            Production Events: 0, 
            Suppression Events: 1
Time: 932.14, 
            Production Events: 0, 
            Suppression Events: 0
Time: 932.14, 
            Production Events: 0, 
            Suppression Events: 0
Time: 933.9, 
            Production Events: 0, 
            Suppression Events: 1
Time: 934.95, 
            Production Events: 0, 
            Suppression Events: 1
Time: 936.31, 
            Production Events: 1, 
            Suppression Events: 0
Time: 936.31, 
            Production Events: 0, 
            Suppression Events: 0
Time: 937.55, 
            Production Events: 0, 
            Suppression Events: 2
Time: 939.69, 
            Production Events: 0, 
            Suppression Events: 4
Time: 939.69, 
            Production Events: 0, 
            Suppression Events: 0
Time: 940.2, 
            Production Events: 0, 
            Suppression Events: 1
Time: 941.13, 
            Production Events: 0, 
            Suppression Events: 2
Time: 942.89, 
            Production Events: 1, 
            Suppression Events: 0
Time: 943.21, 
            Production Events: 0, 
            Suppression Events: 1
Time: 944.56, 
            Production Events: 0, 
            Suppression Events: 1
Time: 945.69, 
            Production Events: 0, 
            Suppression Events: 1
Time: 947.15, 
            Production Events: 0, 
            Suppression Events: 1
Time: 947.15, 
            Production Events: 0, 
            Suppression Events: 0
Time: 948.38, 
            Production Events: 0, 
            Suppression Events: 1
Time: 950.17, 
            Production Events: 0, 
            Suppression Events: 2
Time: 950.17, 
            Production Events: 0, 
            Suppression Events: 0
Time: 951.8, 
            Production Events: 0, 
            Suppression Events: 1
Time: 954.31, 
            Production Events: 0, 
            Suppression Events: 1
Time: 954.31, 
            Production Events: 0, 
            Suppression Events: 0
Time: 954.31, 
            Production Events: 0, 
            Suppression Events: 0
Time: 955.97, 
            Production Events: 0, 
            Suppression Events: 1
Time: 956.75, 
            Production Events: 0, 
            Suppression Events: 1
Time: 957.03, 
            Production Events: 0, 
            Suppression Events: 1
Time: 958.29, 
            Production Events: 0, 
            Suppression Events: 1
Time: 960.94, 
            Production Events: 0, 
            Suppression Events: 1
Time: 960.94, 
            Production Events: 0, 
            Suppression Events: 0
Time: 963.96, 
            Production Events: 0, 
            Suppression Events: 1
Time: 963.96, 
            Production Events: 0, 
            Suppression Events: 0
Time: 963.96, 
            Production Events: 0, 
            Suppression Events: 0
Time: 964.26, 
            Production Events: 0, 
            Suppression Events: 1
Time: 966.06, 
            Production Events: 0, 
            Suppression Events: 3
Time: 966.06, 
            Production Events: 0, 
            Suppression Events: 0
Time: 968.03, 
            Production Events: 0, 
            Suppression Events: 3
Time: 968.03, 
            Production Events: 0, 
            Suppression Events: 0
Time: 969.04, 
            Production Events: 0, 
            Suppression Events: 3
Time: 971.14, 
            Production Events: 0, 
            Suppression Events: 1
Time: 971.14, 
            Production Events: 0, 
            Suppression Events: 0
Time: 973.05, 
            Production Events: 0, 
            Suppression Events: 1
Time: 973.05, 
            Production Events: 0, 
            Suppression Events: 0
Time: 974.85, 
            Production Events: 0, 
            Suppression Events: 2
Time: 975.85, 
            Production Events: 0, 
            Suppression Events: 1
Time: 976.07, 
            Production Events: 0, 
            Suppression Events: 1
Time: 977.35, 
            Production Events: 0, 
            Suppression Events: 1
Time: 978.07, 
            Production Events: 0, 
            Suppression Events: 2
Time: 980.24, 
            Production Events: 0, 
            Suppression Events: 2
Time: 980.24, 
            Production Events: 0, 
            Suppression Events: 0
Time: 985.18, 
            Production Events: 0, 
            Suppression Events: 2
Time: 985.18, 
            Production Events: 0, 
            Suppression Events: 0
Time: 985.18, 
            Production Events: 0, 
            Suppression Events: 0
Time: 985.18, 
            Production Events: 0, 
            Suppression Events: 0
Time: 985.18, 
            Production Events: 0, 
            Suppression Events: 0
Time: 986.05, 
            Production Events: 0, 
            Suppression Events: 2
Time: 987.56, 
            Production Events: 0, 
            Suppression Events: 2
Time: 989.44, 
            Production Events: 0, 
            Suppression Events: 2
Time: 989.44, 
            Production Events: 0, 
            Suppression Events: 0
Time: 990.39, 
            Production Events: 0, 
            Suppression Events: 2
Time: 992.38, 
            Production Events: 0, 
            Suppression Events: 1
Time: 992.38, 
            Production Events: 0, 
            Suppression Events: 0
Time: 993.95, 
            Production Events: 0, 
            Suppression Events: 1
Time: 996.47, 
            Production Events: 0, 
            Suppression Events: 1
Time: 996.47, 
            Production Events: 0, 
            Suppression Events: 0
Time: 996.47, 
            Production Events: 0, 
            Suppression Events: 0
Time: 999.42, 
            Production Events: 0, 
            Suppression Events: 2
Time: 999.42, 
            Production Events: 0, 
            Suppression Events: 0
Time: 999.42, 
            Production Events: 0, 
            Suppression Events: 0
Time: 1001.44, 
            Production Events: 0, 
            Suppression Events: 1
Simulation completed:
  Final time: 1001.436494236644
  Total events: 1015
  Wall time: 6054.2 seconds

Saving simulation results with clean separation...
Task evolution saved to: 5t5b/5t5b_mfcsb/data/param_175_rep_1_2025-11-21_185531/states.csv
Events saved to: 5t5b/5t5b_mfcsb/data/param_175_rep_1_2025-11-21_185531/events.csv
Saving event log (raw and DataFrame)...
log DataFrame size: (1020, 9)
short view:
59 DataFrame
 Row  time     bee1_id  bee2_id  task_id  task_1   task_2   task_3     task_4 
      Float64  Int64    Int64    Int64    Float64  Float64  Float64    Float6 

   1      0.0        1        0        0   0.128    0.1159  0.0749846   0.158 
   2      0.0        2        0        0   0.1266   0.0994  0.194876    0.100
   3      0.0        3        0        0   0.0718   0.094   0.0762907   0.103
   4      0.0        4        0        0   0.0788   0.0924  0.0773663   0.148
   5      0.0        5        0        0   0.0961   0.1001  0.0637677   0.112 
                                                               2 columns omittedEvent log saved to: 5t5b/5t5b_mfcsb/data/param_175_rep_1_2025-11-21_185531/event_log.json
Event log DataFrame saved to: 5t5b/5t5b_mfcsb/data/param_175_rep_1_2025-11-21_185531/event_log.csv
Metadata and configuration saved to: 5t5b/5t5b_mfcsb/data/param_175_rep_1_2025-11-21_185531/config.json
Task index mapping saved to: 5t5b/5t5b_mfcsb/data/param_175_rep_1_2025-11-21_185531/task_index_mapping.json
All results saved to directory: 5t5b/5t5b_mfcsb/data/param_175_rep_1_2025-11-21_185531
Simulation completed successfully!
Job finished at: Fri Nov 21 08:36:55 PM CET 2025
