Job array started at: Fri Nov 21 06:36:50 PM CET 2025
Job ID: 10862125
Array Job ID: 10860410
Array Task ID: 159
Node: th-ws-740m34
Loading Julia module...
Module loaded: /software/opt/el_9/x86_64/julia/1.11.3/bin/julia
Changing to project directory...
Current directory: /scratch/n/N.Pfaffenzeller/nikolas_nethive/nethive_multiverse
Running parameter combination 159, replicate 1
Starting Julia simulation...
Running simulation with the following configuration:
  dataset_names: [:mnist, :cifar10, :svhn2, :fashion_mnist, :bank]
  param_id: 159
  n_bees: 5
  batch_size: 32
  replicate_id: 1
  punish_rate: 0.1
  punishment: time_out
  lambda_sensitivity: 100
  save_nn_epochs: 0
  production_rate: 1
  interaction_rate: 50
  batches_per_step: 100
  learning_rate: 0.0001
  max_output_dim: 10
  n_steps_per_epoch: 1
  dead_time: 100
  max_input_dim: 3072
  n_epochs: 1000
  seed: 1130164042

Starting simulation with configuration:
  dataset_names: [:mnist, :cifar10, :svhn2, :fashion_mnist, :bank]
  param_id: 159
  n_bees: 5
  batch_size: 32
  replicate_id: 1
  punish_rate: 0.1
  punishment: time_out
  lambda_sensitivity: 100
  save_nn_epochs: 0
  production_rate: 1
  interaction_rate: 50
  batches_per_step: 100
  run_timestamp: 2025-11-21T18:37:48.556
  learning_rate: 0.0001
  max_output_dim: 10
  n_steps_per_epoch: 1
  dead_time: 100
  max_input_dim: 3072
  n_epochs: 1000
  seed: 1130164042
Random seed: 1130164042

Starting simulation...
Time: 5.97, 
            Production Events: 0, 
            Suppression Events: 1
Time: 5.97, 
            Production Events: 0, 
            Suppression Events: 0
Time: 5.97, 
            Production Events: 0, 
            Suppression Events: 0
Time: 5.97, 
            Production Events: 0, 
            Suppression Events: 0
Time: 5.97, 
            Production Events: 0, 
            Suppression Events: 0
Time: 6.12, 
            Production Events: 1, 
            Suppression Events: 0
Time: 7.7, 
            Production Events: 1, 
            Suppression Events: 1
Time: 8.44, 
            Production Events: 0, 
            Suppression Events: 1
Time: 11.51, 
            Production Events: 0, 
            Suppression Events: 1
Time: 11.51, 
            Production Events: 0, 
            Suppression Events: 0
Time: 11.51, 
            Production Events: 0, 
            Suppression Events: 0
Time: 13.62, 
            Production Events: 0, 
            Suppression Events: 1
Time: 13.62, 
            Production Events: 0, 
            Suppression Events: 0
Time: 14.13, 
            Production Events: 0, 
            Suppression Events: 1
Time: 15.06, 
            Production Events: 1, 
            Suppression Events: 1
Time: 16.55, 
            Production Events: 0, 
            Suppression Events: 2
Time: 17.23, 
            Production Events: 1, 
            Suppression Events: 0
Time: 18.06, 
            Production Events: 1, 
            Suppression Events: 0
Time: 19.34, 
            Production Events: 0, 
            Suppression Events: 3
Time: 20.23, 
            Production Events: 0, 
            Suppression Events: 1
Time: 21.69, 
            Production Events: 1, 
            Suppression Events: 1
Time: 22.37, 
            Production Events: 0, 
            Suppression Events: 1
Time: 24.77, 
            Production Events: 0, 
            Suppression Events: 2
Time: 24.77, 
            Production Events: 0, 
            Suppression Events: 0
Time: 25.12, 
            Production Events: 0, 
            Suppression Events: 1
Time: 27.26, 
            Production Events: 1, 
            Suppression Events: 0
Time: 27.26, 
            Production Events: 0, 
            Suppression Events: 0
Time: 30.31, 
            Production Events: 0, 
            Suppression Events: 2
Time: 30.31, 
            Production Events: 0, 
            Suppression Events: 0
Time: 30.31, 
            Production Events: 0, 
            Suppression Events: 0
Time: 31.61, 
            Production Events: 1, 
            Suppression Events: 0
Time: 33.78, 
            Production Events: 0, 
            Suppression Events: 3
Time: 33.78, 
            Production Events: 0, 
            Suppression Events: 0
Time: 34.04, 
            Production Events: 0, 
            Suppression Events: 1
Time: 38.96, 
            Production Events: 0, 
            Suppression Events: 5
Time: 38.96, 
            Production Events: 0, 
            Suppression Events: 0
Time: 38.96, 
            Production Events: 0, 
            Suppression Events: 0
Time: 38.96, 
            Production Events: 0, 
            Suppression Events: 0
Time: 39.91, 
            Production Events: 0, 
            Suppression Events: 1
Time: 40.42, 
            Production Events: 1, 
            Suppression Events: 0
Time: 41.49, 
            Production Events: 0, 
            Suppression Events: 3
Time: 43.84, 
            Production Events: 0, 
            Suppression Events: 1
Time: 43.84, 
            Production Events: 0, 
            Suppression Events: 0
Time: 45.33, 
            Production Events: 0, 
            Suppression Events: 2
Time: 45.33, 
            Production Events: 0, 
            Suppression Events: 0
Time: 46.06, 
            Production Events: 1, 
            Suppression Events: 2
Time: 48.57, 
            Production Events: 1, 
            Suppression Events: 2
Time: 48.57, 
            Production Events: 0, 
            Suppression Events: 0
Time: 49.7, 
            Production Events: 0, 
            Suppression Events: 3
Time: 50.72, 
            Production Events: 1, 
            Suppression Events: 2
Time: 51.09, 
            Production Events: 0, 
            Suppression Events: 3
Time: 52.57, 
            Production Events: 1, 
            Suppression Events: 1
Time: 53.02, 
            Production Events: 0, 
            Suppression Events: 1
Time: 54.18, 
            Production Events: 1, 
            Suppression Events: 4
Time: 55.75, 
            Production Events: 0, 
            Suppression Events: 2
Time: 58.54, 
            Production Events: 0, 
            Suppression Events: 2
Time: 58.54, 
            Production Events: 0, 
            Suppression Events: 0
Time: 58.54, 
            Production Events: 0, 
            Suppression Events: 0
Time: 60.22, 
            Production Events: 0, 
            Suppression Events: 1
Time: 60.22, 
            Production Events: 0, 
            Suppression Events: 0
Time: 61.36, 
            Production Events: 0, 
            Suppression Events: 1
Time: 63.19, 
            Production Events: 0, 
            Suppression Events: 1
Time: 63.19, 
            Production Events: 0, 
            Suppression Events: 0
Time: 66.79, 
            Production Events: 0, 
            Suppression Events: 2
Time: 66.79, 
            Production Events: 0, 
            Suppression Events: 0
Time: 66.79, 
            Production Events: 0, 
            Suppression Events: 0
Time: 67.25, 
            Production Events: 0, 
            Suppression Events: 1
Time: 68.54, 
            Production Events: 0, 
            Suppression Events: 1
Time: 69.01, 
            Production Events: 0, 
            Suppression Events: 1
Time: 73.19, 
            Production Events: 0, 
            Suppression Events: 1
Time: 73.19, 
            Production Events: 0, 
            Suppression Events: 0
Time: 73.19, 
            Production Events: 0, 
            Suppression Events: 0
Time: 73.19, 
            Production Events: 0, 
            Suppression Events: 0
Time: 76.02, 
            Production Events: 0, 
            Suppression Events: 1
Time: 76.02, 
            Production Events: 0, 
            Suppression Events: 0
Time: 76.02, 
            Production Events: 0, 
            Suppression Events: 0
Time: 80.09, 
            Production Events: 0, 
            Suppression Events: 3
Time: 80.09, 
            Production Events: 0, 
            Suppression Events: 0
Time: 80.09, 
            Production Events: 0, 
            Suppression Events: 0
Time: 80.09, 
            Production Events: 0, 
            Suppression Events: 0
Time: 81.09, 
            Production Events: 0, 
            Suppression Events: 3
Time: 82.47, 
            Production Events: 0, 
            Suppression Events: 1
Time: 83.93, 
            Production Events: 0, 
            Suppression Events: 2
Time: 84.88, 
            Production Events: 0, 
            Suppression Events: 1
Time: 85.03, 
            Production Events: 0, 
            Suppression Events: 1
Time: 86.36, 
            Production Events: 0, 
            Suppression Events: 3
Time: 87.61, 
            Production Events: 0, 
            Suppression Events: 1
Time: 89.01, 
            Production Events: 0, 
            Suppression Events: 1
Time: 89.01, 
            Production Events: 0, 
            Suppression Events: 0
Time: 90.66, 
            Production Events: 0, 
            Suppression Events: 2
Time: 92.07, 
            Production Events: 0, 
            Suppression Events: 1
Time: 92.07, 
            Production Events: 0, 
            Suppression Events: 0
Time: 94.18, 
            Production Events: 0, 
            Suppression Events: 1
Time: 94.18, 
            Production Events: 0, 
            Suppression Events: 0
Time: 95.42, 
            Production Events: 0, 
            Suppression Events: 5
Time: 96.87, 
            Production Events: 0, 
            Suppression Events: 1
Time: 99.46, 
            Production Events: 0, 
            Suppression Events: 1
Time: 99.46, 
            Production Events: 0, 
            Suppression Events: 0
Time: 99.46, 
            Production Events: 0, 
            Suppression Events: 0
Time: 100.54, 
            Production Events: 0, 
            Suppression Events: 2
Time: 102.3, 
            Production Events: 0, 
            Suppression Events: 1
Time: 102.3, 
            Production Events: 0, 
            Suppression Events: 0
Time: 105.77, 
            Production Events: 0, 
            Suppression Events: 2
Time: 105.77, 
            Production Events: 0, 
            Suppression Events: 0
Time: 105.77, 
            Production Events: 0, 
            Suppression Events: 0
Time: 107.34, 
            Production Events: 0, 
            Suppression Events: 1
Time: 107.34, 
            Production Events: 0, 
            Suppression Events: 0
Time: 108.42, 
            Production Events: 0, 
            Suppression Events: 1
Time: 109.12, 
            Production Events: 0, 
            Suppression Events: 2
Time: 111.6, 
            Production Events: 0, 
            Suppression Events: 2
Time: 111.6, 
            Production Events: 0, 
            Suppression Events: 0
Time: 112.44, 
            Production Events: 0, 
            Suppression Events: 3
Time: 114.74, 
            Production Events: 0, 
            Suppression Events: 2
Time: 114.74, 
            Production Events: 0, 
            Suppression Events: 0
Time: 115.13, 
            Production Events: 1, 
            Suppression Events: 0
Time: 117.24, 
            Production Events: 0, 
            Suppression Events: 2
Time: 117.24, 
            Production Events: 0, 
            Suppression Events: 0
Time: 119.33, 
            Production Events: 0, 
            Suppression Events: 2
Time: 119.33, 
            Production Events: 0, 
            Suppression Events: 0
Time: 120.3, 
            Production Events: 0, 
            Suppression Events: 2
Time: 121.6, 
            Production Events: 0, 
            Suppression Events: 2
Time: 122.28, 
            Production Events: 0, 
            Suppression Events: 1
Time: 124.77, 
            Production Events: 0, 
            Suppression Events: 1
Time: 124.77, 
            Production Events: 0, 
            Suppression Events: 0
Time: 125.09, 
            Production Events: 0, 
            Suppression Events: 1
Time: 126.56, 
            Production Events: 0, 
            Suppression Events: 2
Time: 128.62, 
            Production Events: 1, 
            Suppression Events: 1
Time: 128.62, 
            Production Events: 0, 
            Suppression Events: 0
Time: 129.08, 
            Production Events: 0, 
            Suppression Events: 1
Time: 131.77, 
            Production Events: 0, 
            Suppression Events: 2
Time: 131.77, 
            Production Events: 0, 
            Suppression Events: 0
Time: 133.02, 
            Production Events: 0, 
            Suppression Events: 3
Time: 133.02, 
            Production Events: 0, 
            Suppression Events: 0
Time: 134.83, 
            Production Events: 0, 
            Suppression Events: 2
Time: 135.69, 
            Production Events: 0, 
            Suppression Events: 1
Time: 136.89, 
            Production Events: 0, 
            Suppression Events: 1
Time: 137.02, 
            Production Events: 0, 
            Suppression Events: 1
Time: 138.62, 
            Production Events: 1, 
            Suppression Events: 0
Time: 139.36, 
            Production Events: 0, 
            Suppression Events: 1
Time: 142.47, 
            Production Events: 0, 
            Suppression Events: 2
Time: 142.47, 
            Production Events: 0, 
            Suppression Events: 0
Time: 142.47, 
            Production Events: 0, 
            Suppression Events: 0
Time: 143.94, 
            Production Events: 0, 
            Suppression Events: 2
Time: 144.03, 
            Production Events: 0, 
            Suppression Events: 1
Time: 145.13, 
            Production Events: 0, 
            Suppression Events: 2
Time: 146.42, 
            Production Events: 0, 
            Suppression Events: 1
Time: 148.75, 
            Production Events: 0, 
            Suppression Events: 3
Time: 148.75, 
            Production Events: 0, 
            Suppression Events: 0
Time: 150.56, 
            Production Events: 0, 
            Suppression Events: 1
Time: 150.56, 
            Production Events: 0, 
            Suppression Events: 0
Time: 151.15, 
            Production Events: 0, 
            Suppression Events: 2
Time: 153.5, 
            Production Events: 0, 
            Suppression Events: 1
Time: 153.5, 
            Production Events: 0, 
            Suppression Events: 0
Time: 155.72, 
            Production Events: 0, 
            Suppression Events: 1
Time: 155.72, 
            Production Events: 0, 
            Suppression Events: 0
Time: 156.05, 
            Production Events: 1, 
            Suppression Events: 2
Time: 157.84, 
            Production Events: 0, 
            Suppression Events: 2
Time: 158.31, 
            Production Events: 0, 
            Suppression Events: 1
Time: 161.67, 
            Production Events: 0, 
            Suppression Events: 1
Time: 161.67, 
            Production Events: 0, 
            Suppression Events: 0
Time: 161.67, 
            Production Events: 0, 
            Suppression Events: 0
Time: 162.15, 
            Production Events: 0, 
            Suppression Events: 2
Time: 164.17, 
            Production Events: 0, 
            Suppression Events: 1
Time: 164.17, 
            Production Events: 0, 
            Suppression Events: 0
Time: 165.47, 
            Production Events: 0, 
            Suppression Events: 2
Time: 167.74, 
            Production Events: 0, 
            Suppression Events: 1
Time: 167.74, 
            Production Events: 0, 
            Suppression Events: 0
Time: 168.62, 
            Production Events: 0, 
            Suppression Events: 1
Time: 170.2, 
            Production Events: 0, 
            Suppression Events: 1
Time: 170.2, 
            Production Events: 0, 
            Suppression Events: 0
Time: 171.38, 
            Production Events: 0, 
            Suppression Events: 2
Time: 172.47, 
            Production Events: 0, 
            Suppression Events: 3
Time: 173.46, 
            Production Events: 0, 
            Suppression Events: 1
Time: 174.5, 
            Production Events: 0, 
            Suppression Events: 1
Time: 175.14, 
            Production Events: 0, 
            Suppression Events: 1
Time: 176.29, 
            Production Events: 0, 
            Suppression Events: 1
Time: 177.43, 
            Production Events: 0, 
            Suppression Events: 1
Time: 178.11, 
            Production Events: 0, 
            Suppression Events: 2
Time: 180.37, 
            Production Events: 0, 
            Suppression Events: 1
Time: 180.37, 
            Production Events: 0, 
            Suppression Events: 0
Time: 183.18, 
            Production Events: 1, 
            Suppression Events: 2
Time: 183.18, 
            Production Events: 0, 
            Suppression Events: 0
Time: 183.18, 
            Production Events: 0, 
            Suppression Events: 0
Time: 184.64, 
            Production Events: 0, 
            Suppression Events: 3
Time: 185.32, 
            Production Events: 0, 
            Suppression Events: 1
Time: 189.1, 
            Production Events: 0, 
            Suppression Events: 2
Time: 189.1, 
            Production Events: 0, 
            Suppression Events: 0
Time: 189.1, 
            Production Events: 0, 
            Suppression Events: 0
Time: 189.1, 
            Production Events: 0, 
            Suppression Events: 0
Time: 190.16, 
            Production Events: 0, 
            Suppression Events: 1
Time: 192.86, 
            Production Events: 1, 
            Suppression Events: 1
Time: 192.86, 
            Production Events: 0, 
            Suppression Events: 0
Time: 194.4, 
            Production Events: 0, 
            Suppression Events: 1
Time: 194.4, 
            Production Events: 0, 
            Suppression Events: 0
Time: 195.24, 
            Production Events: 0, 
            Suppression Events: 1
Time: 196.07, 
            Production Events: 0, 
            Suppression Events: 1
Time: 198.12, 
            Production Events: 0, 
            Suppression Events: 2
Time: 198.12, 
            Production Events: 0, 
            Suppression Events: 0
Time: 200.68, 
            Production Events: 0, 
            Suppression Events: 1
Time: 200.68, 
            Production Events: 0, 
            Suppression Events: 0
Time: 202.72, 
            Production Events: 0, 
            Suppression Events: 1
Time: 202.72, 
            Production Events: 0, 
            Suppression Events: 0
Time: 203.24, 
            Production Events: 0, 
            Suppression Events: 1
Time: 204.87, 
            Production Events: 0, 
            Suppression Events: 1
Time: 205.62, 
            Production Events: 0, 
            Suppression Events: 1
Time: 206.84, 
            Production Events: 0, 
            Suppression Events: 1
Time: 208.42, 
            Production Events: 0, 
            Suppression Events: 1
Time: 208.42, 
            Production Events: 0, 
            Suppression Events: 0
Time: 209.07, 
            Production Events: 0, 
            Suppression Events: 1
Time: 210.07, 
            Production Events: 0, 
            Suppression Events: 1
Time: 211.65, 
            Production Events: 1, 
            Suppression Events: 1
Time: 213.34, 
            Production Events: 0, 
            Suppression Events: 1
Time: 213.34, 
            Production Events: 0, 
            Suppression Events: 0
Time: 214.24, 
            Production Events: 0, 
            Suppression Events: 2
Time: 215.85, 
            Production Events: 0, 
            Suppression Events: 2
Time: 216.38, 
            Production Events: 1, 
            Suppression Events: 0
Time: 219.43, 
            Production Events: 0, 
            Suppression Events: 2
Time: 219.43, 
            Production Events: 0, 
            Suppression Events: 0
Time: 219.43, 
            Production Events: 0, 
            Suppression Events: 0
Time: 220.02, 
            Production Events: 0, 
            Suppression Events: 2
Time: 221.54, 
            Production Events: 0, 
            Suppression Events: 2
Time: 222.59, 
            Production Events: 0, 
            Suppression Events: 1
Time: 223.19, 
            Production Events: 1, 
            Suppression Events: 1
Time: 226.86, 
            Production Events: 0, 
            Suppression Events: 2
Time: 226.86, 
            Production Events: 0, 
            Suppression Events: 0
Time: 226.86, 
            Production Events: 0, 
            Suppression Events: 0
Time: 227.08, 
            Production Events: 0, 
            Suppression Events: 1
Time: 228.33, 
            Production Events: 0, 
            Suppression Events: 1
Time: 231.38, 
            Production Events: 0, 
            Suppression Events: 1
Time: 231.38, 
            Production Events: 0, 
            Suppression Events: 0
Time: 231.38, 
            Production Events: 0, 
            Suppression Events: 0
Time: 232.45, 
            Production Events: 0, 
            Suppression Events: 1
Time: 233.65, 
            Production Events: 0, 
            Suppression Events: 2
Time: 234.84, 
            Production Events: 0, 
            Suppression Events: 1
Time: 236.02, 
            Production Events: 0, 
            Suppression Events: 1
Time: 236.02, 
            Production Events: 0, 
            Suppression Events: 0
Time: 239.28, 
            Production Events: 0, 
            Suppression Events: 4
Time: 239.28, 
            Production Events: 0, 
            Suppression Events: 0
Time: 239.28, 
            Production Events: 0, 
            Suppression Events: 0
Time: 241.38, 
            Production Events: 0, 
            Suppression Events: 2
Time: 241.38, 
            Production Events: 0, 
            Suppression Events: 0
Time: 242.11, 
            Production Events: 0, 
            Suppression Events: 1
Time: 243.08, 
            Production Events: 0, 
            Suppression Events: 3
Time: 244.11, 
            Production Events: 0, 
            Suppression Events: 1
Time: 245.22, 
            Production Events: 0, 
            Suppression Events: 1
Time: 246.51, 
            Production Events: 0, 
            Suppression Events: 3
Time: 247.38, 
            Production Events: 0, 
            Suppression Events: 2
Time: 248.3, 
            Production Events: 0, 
            Suppression Events: 1
Time: 255.73, 
            Production Events: 0, 
            Suppression Events: 1
Time: 255.73, 
            Production Events: 0, 
            Suppression Events: 0
Time: 255.73, 
            Production Events: 0, 
            Suppression Events: 0
Time: 255.73, 
            Production Events: 0, 
            Suppression Events: 0
Time: 255.73, 
            Production Events: 0, 
            Suppression Events: 0
Time: 255.73, 
            Production Events: 0, 
            Suppression Events: 0
Time: 255.73, 
            Production Events: 0, 
            Suppression Events: 0
Time: 256.12, 
            Production Events: 1, 
            Suppression Events: 1
Time: 257.25, 
            Production Events: 0, 
            Suppression Events: 1
Time: 259.42, 
            Production Events: 0, 
            Suppression Events: 3
Time: 259.42, 
            Production Events: 0, 
            Suppression Events: 0
Time: 260.76, 
            Production Events: 0, 
            Suppression Events: 2
Time: 262.71, 
            Production Events: 0, 
            Suppression Events: 1
Time: 262.71, 
            Production Events: 0, 
            Suppression Events: 0
Time: 263.54, 
            Production Events: 0, 
            Suppression Events: 1
Time: 265.73, 
            Production Events: 0, 
            Suppression Events: 1
Time: 265.73, 
            Production Events: 0, 
            Suppression Events: 0
Time: 270.16, 
            Production Events: 0, 
            Suppression Events: 1
Time: 270.16, 
            Production Events: 0, 
            Suppression Events: 0
Time: 270.16, 
            Production Events: 0, 
            Suppression Events: 0
Time: 270.16, 
            Production Events: 0, 
            Suppression Events: 0
Time: 270.16, 
            Production Events: 0, 
            Suppression Events: 0
Time: 271.69, 
            Production Events: 0, 
            Suppression Events: 4
Time: 272.45, 
            Production Events: 0, 
            Suppression Events: 1
Time: 273.45, 
            Production Events: 1, 
            Suppression Events: 1
Time: 275.63, 
            Production Events: 0, 
            Suppression Events: 2
Time: 275.63, 
            Production Events: 0, 
            Suppression Events: 0
Time: 276.04, 
            Production Events: 0, 
            Suppression Events: 2
Time: 277.92, 
            Production Events: 0, 
            Suppression Events: 3
Time: 278.04, 
            Production Events: 0, 
            Suppression Events: 1
Time: 279.75, 
            Production Events: 0, 
            Suppression Events: 5
Time: 280.13, 
            Production Events: 0, 
            Suppression Events: 1
Time: 282.36, 
            Production Events: 0, 
            Suppression Events: 2
Time: 282.36, 
            Production Events: 0, 
            Suppression Events: 0
Time: 283.51, 
            Production Events: 0, 
            Suppression Events: 1
Time: 284.19, 
            Production Events: 0, 
            Suppression Events: 1
Time: 287.18, 
            Production Events: 0, 
            Suppression Events: 1
Time: 287.18, 
            Production Events: 0, 
            Suppression Events: 0
Time: 287.18, 
            Production Events: 0, 
            Suppression Events: 0
Time: 291.35, 
            Production Events: 0, 
            Suppression Events: 1
Time: 291.35, 
            Production Events: 0, 
            Suppression Events: 0
Time: 291.35, 
            Production Events: 0, 
            Suppression Events: 0
Time: 291.35, 
            Production Events: 0, 
            Suppression Events: 0
Time: 294.49, 
            Production Events: 0, 
            Suppression Events: 1
Time: 294.49, 
            Production Events: 0, 
            Suppression Events: 0
Time: 294.49, 
            Production Events: 0, 
            Suppression Events: 0
Time: 295.71, 
            Production Events: 0, 
            Suppression Events: 1
Time: 300.64, 
            Production Events: 0, 
            Suppression Events: 1
Time: 300.64, 
            Production Events: 0, 
            Suppression Events: 0
Time: 300.64, 
            Production Events: 0, 
            Suppression Events: 0
Time: 300.64, 
            Production Events: 0, 
            Suppression Events: 0
Time: 300.64, 
            Production Events: 0, 
            Suppression Events: 0
Time: 302.22, 
            Production Events: 0, 
            Suppression Events: 1
Time: 302.22, 
            Production Events: 0, 
            Suppression Events: 0
Time: 303.27, 
            Production Events: 0, 
            Suppression Events: 2
Time: 305.28, 
            Production Events: 0, 
            Suppression Events: 3
Time: 305.28, 
            Production Events: 0, 
            Suppression Events: 0
Time: 306.38, 
            Production Events: 0, 
            Suppression Events: 2
Time: 307.73, 
            Production Events: 0, 
            Suppression Events: 2
Time: 308.69, 
            Production Events: 0, 
            Suppression Events: 1
Time: 309.68, 
            Production Events: 0, 
            Suppression Events: 1
Time: 310.11, 
            Production Events: 0, 
            Suppression Events: 1
Time: 311.71, 
            Production Events: 0, 
            Suppression Events: 1
Time: 312.41, 
            Production Events: 0, 
            Suppression Events: 1
Time: 313.78, 
            Production Events: 0, 
            Suppression Events: 1
Time: 316.03, 
            Production Events: 0, 
            Suppression Events: 1
Time: 316.03, 
            Production Events: 0, 
            Suppression Events: 0
Time: 316.03, 
            Production Events: 0, 
            Suppression Events: 0
Time: 317.03, 
            Production Events: 0, 
            Suppression Events: 2
Time: 318.25, 
            Production Events: 0, 
            Suppression Events: 1
Time: 323.11, 
            Production Events: 0, 
            Suppression Events: 1
Time: 323.11, 
            Production Events: 0, 
            Suppression Events: 0
Time: 323.11, 
            Production Events: 0, 
            Suppression Events: 0
Time: 323.11, 
            Production Events: 0, 
            Suppression Events: 0
Time: 323.11, 
            Production Events: 0, 
            Suppression Events: 0
Time: 324.17, 
            Production Events: 0, 
            Suppression Events: 2
Time: 325.96, 
            Production Events: 0, 
            Suppression Events: 2
Time: 328.46, 
            Production Events: 0, 
            Suppression Events: 1
Time: 328.46, 
            Production Events: 0, 
            Suppression Events: 0
Time: 328.46, 
            Production Events: 0, 
            Suppression Events: 0
Time: 329.1, 
            Production Events: 0, 
            Suppression Events: 1
Time: 331.85, 
            Production Events: 0, 
            Suppression Events: 2
Time: 331.85, 
            Production Events: 0, 
            Suppression Events: 0
Time: 332.07, 
            Production Events: 0, 
            Suppression Events: 1
Time: 333.82, 
            Production Events: 0, 
            Suppression Events: 2
Time: 335.66, 
            Production Events: 0, 
            Suppression Events: 1
Time: 335.66, 
            Production Events: 0, 
            Suppression Events: 0
Time: 337.32, 
            Production Events: 0, 
            Suppression Events: 1
Time: 337.32, 
            Production Events: 0, 
            Suppression Events: 0
Time: 339.51, 
            Production Events: 0, 
            Suppression Events: 2
Time: 339.51, 
            Production Events: 0, 
            Suppression Events: 0
Time: 340.51, 
            Production Events: 0, 
            Suppression Events: 2
Time: 343.93, 
            Production Events: 0, 
            Suppression Events: 2
Time: 343.93, 
            Production Events: 0, 
            Suppression Events: 0
Time: 343.93, 
            Production Events: 0, 
            Suppression Events: 0
Time: 345.43, 
            Production Events: 0, 
            Suppression Events: 1
Time: 345.43, 
            Production Events: 0, 
            Suppression Events: 0
Time: 347.57, 
            Production Events: 0, 
            Suppression Events: 1
Time: 347.57, 
            Production Events: 0, 
            Suppression Events: 0
Time: 348.42, 
            Production Events: 0, 
            Suppression Events: 1
Time: 349.85, 
            Production Events: 0, 
            Suppression Events: 1
Time: 350.51, 
            Production Events: 0, 
            Suppression Events: 1
Time: 351.77, 
            Production Events: 0, 
            Suppression Events: 2
Time: 352.32, 
            Production Events: 0, 
            Suppression Events: 3
Time: 354.07, 
            Production Events: 0, 
            Suppression Events: 1
Time: 354.07, 
            Production Events: 0, 
            Suppression Events: 0
Time: 356.04, 
            Production Events: 0, 
            Suppression Events: 1
Time: 356.04, 
            Production Events: 0, 
            Suppression Events: 0
Time: 357.15, 
            Production Events: 0, 
            Suppression Events: 1
Time: 358.71, 
            Production Events: 0, 
            Suppression Events: 3
Time: 359.51, 
            Production Events: 0, 
            Suppression Events: 2
Time: 361.99, 
            Production Events: 0, 
            Suppression Events: 1
Time: 361.99, 
            Production Events: 0, 
            Suppression Events: 0
Time: 364.17, 
            Production Events: 0, 
            Suppression Events: 1
Time: 364.17, 
            Production Events: 0, 
            Suppression Events: 0
Time: 364.17, 
            Production Events: 0, 
            Suppression Events: 0
Time: 365.01, 
            Production Events: 1, 
            Suppression Events: 2
Time: 366.42, 
            Production Events: 0, 
            Suppression Events: 2
Time: 367.16, 
            Production Events: 1, 
            Suppression Events: 1
Time: 368.52, 
            Production Events: 0, 
            Suppression Events: 1
Time: 369.44, 
            Production Events: 0, 
            Suppression Events: 1
Time: 370.13, 
            Production Events: 0, 
            Suppression Events: 1
Time: 371.69, 
            Production Events: 0, 
            Suppression Events: 1
Time: 372.29, 
            Production Events: 0, 
            Suppression Events: 2
Time: 373.56, 
            Production Events: 0, 
            Suppression Events: 3
Time: 375.61, 
            Production Events: 0, 
            Suppression Events: 1
Time: 375.61, 
            Production Events: 0, 
            Suppression Events: 0
Time: 376.63, 
            Production Events: 0, 
            Suppression Events: 1
Time: 380.09, 
            Production Events: 0, 
            Suppression Events: 1
Time: 380.09, 
            Production Events: 0, 
            Suppression Events: 0
Time: 380.09, 
            Production Events: 0, 
            Suppression Events: 0
Time: 380.09, 
            Production Events: 0, 
            Suppression Events: 0
Time: 381.09, 
            Production Events: 0, 
            Suppression Events: 1
Time: 382.37, 
            Production Events: 0, 
            Suppression Events: 2
Time: 383.58, 
            Production Events: 0, 
            Suppression Events: 1
Time: 385.93, 
            Production Events: 0, 
            Suppression Events: 1
Time: 385.93, 
            Production Events: 0, 
            Suppression Events: 0
Time: 386.26, 
            Production Events: 0, 
            Suppression Events: 1
Time: 388.35, 
            Production Events: 0, 
            Suppression Events: 3
Time: 388.35, 
            Production Events: 0, 
            Suppression Events: 0
Time: 389.27, 
            Production Events: 0, 
            Suppression Events: 4
Time: 392.72, 
            Production Events: 0, 
            Suppression Events: 1
Time: 392.72, 
            Production Events: 0, 
            Suppression Events: 0
Time: 392.72, 
            Production Events: 0, 
            Suppression Events: 0
Time: 394.76, 
            Production Events: 0, 
            Suppression Events: 2
Time: 394.76, 
            Production Events: 0, 
            Suppression Events: 0
Time: 396.08, 
            Production Events: 0, 
            Suppression Events: 1
Time: 396.08, 
            Production Events: 0, 
            Suppression Events: 0
Time: 397.94, 
            Production Events: 0, 
            Suppression Events: 1
Time: 398.32, 
            Production Events: 0, 
            Suppression Events: 1
Time: 399.64, 
            Production Events: 0, 
            Suppression Events: 1
Time: 400.81, 
            Production Events: 0, 
            Suppression Events: 3
Time: 401.55, 
            Production Events: 0, 
            Suppression Events: 1
Time: 404.16, 
            Production Events: 0, 
            Suppression Events: 1
Time: 404.16, 
            Production Events: 0, 
            Suppression Events: 0
Time: 404.16, 
            Production Events: 0, 
            Suppression Events: 0
Time: 412.08, 
            Production Events: 0, 
            Suppression Events: 3
Time: 412.08, 
            Production Events: 0, 
            Suppression Events: 0
Time: 412.08, 
            Production Events: 0, 
            Suppression Events: 0
Time: 412.08, 
            Production Events: 0, 
            Suppression Events: 0
Time: 412.08, 
            Production Events: 0, 
            Suppression Events: 0
Time: 412.08, 
            Production Events: 0, 
            Suppression Events: 0
Time: 412.08, 
            Production Events: 0, 
            Suppression Events: 0
Time: 412.08, 
            Production Events: 0, 
            Suppression Events: 0
Time: 415.27, 
            Production Events: 0, 
            Suppression Events: 3
Time: 415.27, 
            Production Events: 0, 
            Suppression Events: 0
Time: 415.27, 
            Production Events: 0, 
            Suppression Events: 0
Time: 418.47, 
            Production Events: 0, 
            Suppression Events: 2
Time: 418.47, 
            Production Events: 0, 
            Suppression Events: 0
Time: 418.47, 
            Production Events: 0, 
            Suppression Events: 0
Time: 419.5, 
            Production Events: 0, 
            Suppression Events: 1
Time: 421.06, 
            Production Events: 0, 
            Suppression Events: 1
Time: 421.06, 
            Production Events: 0, 
            Suppression Events: 0
Time: 424.11, 
            Production Events: 0, 
            Suppression Events: 3
Time: 424.11, 
            Production Events: 0, 
            Suppression Events: 0
Time: 424.11, 
            Production Events: 0, 
            Suppression Events: 0
Time: 425.22, 
            Production Events: 0, 
            Suppression Events: 1
Time: 428.66, 
            Production Events: 0, 
            Suppression Events: 2
Time: 428.66, 
            Production Events: 0, 
            Suppression Events: 0
Time: 428.66, 
            Production Events: 0, 
            Suppression Events: 0
Time: 432.28, 
            Production Events: 0, 
            Suppression Events: 2
Time: 432.28, 
            Production Events: 0, 
            Suppression Events: 0
Time: 432.28, 
            Production Events: 0, 
            Suppression Events: 0
Time: 432.28, 
            Production Events: 0, 
            Suppression Events: 0
Time: 434.84, 
            Production Events: 0, 
            Suppression Events: 2
Time: 434.84, 
            Production Events: 0, 
            Suppression Events: 0
Time: 437.18, 
            Production Events: 0, 
            Suppression Events: 1
Time: 437.18, 
            Production Events: 0, 
            Suppression Events: 0
Time: 437.18, 
            Production Events: 0, 
            Suppression Events: 0
Time: 438.39, 
            Production Events: 0, 
            Suppression Events: 1
Time: 440.59, 
            Production Events: 0, 
            Suppression Events: 1
Time: 440.59, 
            Production Events: 0, 
            Suppression Events: 0
Time: 442.03, 
            Production Events: 0, 
            Suppression Events: 1
Time: 442.03, 
            Production Events: 0, 
            Suppression Events: 0
Time: 443.78, 
            Production Events: 0, 
            Suppression Events: 1
Time: 444.77, 
            Production Events: 0, 
            Suppression Events: 1
Time: 445.84, 
            Production Events: 0, 
            Suppression Events: 2
Time: 446.38, 
            Production Events: 0, 
            Suppression Events: 1
Time: 447.37, 
            Production Events: 0, 
            Suppression Events: 1
Time: 455.75, 
            Production Events: 0, 
            Suppression Events: 1
Time: 455.75, 
            Production Events: 0, 
            Suppression Events: 0
Time: 455.75, 
            Production Events: 0, 
            Suppression Events: 0
Time: 455.75, 
            Production Events: 0, 
            Suppression Events: 0
Time: 455.75, 
            Production Events: 0, 
            Suppression Events: 0
Time: 455.75, 
            Production Events: 0, 
            Suppression Events: 0
Time: 455.75, 
            Production Events: 0, 
            Suppression Events: 0
Time: 455.75, 
            Production Events: 0, 
            Suppression Events: 0
Time: 456.42, 
            Production Events: 0, 
            Suppression Events: 1
Time: 457.64, 
            Production Events: 0, 
            Suppression Events: 1
Time: 459.95, 
            Production Events: 0, 
            Suppression Events: 2
Time: 459.95, 
            Production Events: 0, 
            Suppression Events: 0
Time: 461.4, 
            Production Events: 0, 
            Suppression Events: 1
Time: 461.4, 
            Production Events: 0, 
            Suppression Events: 0
Time: 462.14, 
            Production Events: 0, 
            Suppression Events: 1
Time: 466.36, 
            Production Events: 0, 
            Suppression Events: 1
Time: 466.36, 
            Production Events: 0, 
            Suppression Events: 0
Time: 466.36, 
            Production Events: 0, 
            Suppression Events: 0
Time: 466.36, 
            Production Events: 0, 
            Suppression Events: 0
Time: 467.08, 
            Production Events: 1, 
            Suppression Events: 0
Time: 468.42, 
            Production Events: 0, 
            Suppression Events: 1
Time: 469.54, 
            Production Events: 0, 
            Suppression Events: 2
Time: 470.11, 
            Production Events: 0, 
            Suppression Events: 1
Time: 471.44, 
            Production Events: 0, 
            Suppression Events: 1
Time: 472.65, 
            Production Events: 0, 
            Suppression Events: 1
Time: 473.39, 
            Production Events: 0, 
            Suppression Events: 1
Time: 474.04, 
            Production Events: 0, 
            Suppression Events: 2
Time: 475.21, 
            Production Events: 0, 
            Suppression Events: 2
Time: 477.88, 
            Production Events: 0, 
            Suppression Events: 1
Time: 477.88, 
            Production Events: 0, 
            Suppression Events: 0
Time: 478.18, 
            Production Events: 1, 
            Suppression Events: 0
Time: 481.09, 
            Production Events: 0, 
            Suppression Events: 1
Time: 481.09, 
            Production Events: 0, 
            Suppression Events: 0
Time: 481.09, 
            Production Events: 0, 
            Suppression Events: 0
Time: 482.5, 
            Production Events: 0, 
            Suppression Events: 1
Time: 483.86, 
            Production Events: 0, 
            Suppression Events: 1
Time: 484.36, 
            Production Events: 0, 
            Suppression Events: 1
Time: 486.06, 
            Production Events: 0, 
            Suppression Events: 3
Time: 486.06, 
            Production Events: 0, 
            Suppression Events: 0
Time: 487.83, 
            Production Events: 0, 
            Suppression Events: 3
Time: 488.2, 
            Production Events: 0, 
            Suppression Events: 1
Time: 489.43, 
            Production Events: 0, 
            Suppression Events: 1
Time: 491.4, 
            Production Events: 0, 
            Suppression Events: 2
Time: 491.4, 
            Production Events: 0, 
            Suppression Events: 0
Time: 492.25, 
            Production Events: 0, 
            Suppression Events: 2
Time: 493.13, 
            Production Events: 0, 
            Suppression Events: 1
Time: 495.77, 
            Production Events: 0, 
            Suppression Events: 2
Time: 495.77, 
            Production Events: 0, 
            Suppression Events: 0
Time: 496.03, 
            Production Events: 0, 
            Suppression Events: 1
Time: 498.25, 
            Production Events: 0, 
            Suppression Events: 2
Time: 498.25, 
            Production Events: 0, 
            Suppression Events: 0
Time: 499.73, 
            Production Events: 0, 
            Suppression Events: 3
Time: 500.21, 
            Production Events: 0, 
            Suppression Events: 1
Time: 501.26, 
            Production Events: 0, 
            Suppression Events: 3
Time: 503.08, 
            Production Events: 0, 
            Suppression Events: 1
Time: 503.08, 
            Production Events: 0, 
            Suppression Events: 0
Time: 505.24, 
            Production Events: 0, 
            Suppression Events: 4
Time: 505.24, 
            Production Events: 0, 
            Suppression Events: 0
Time: 506.16, 
            Production Events: 0, 
            Suppression Events: 1
Time: 509.36, 
            Production Events: 1, 
            Suppression Events: 1
Time: 509.36, 
            Production Events: 0, 
            Suppression Events: 0
Time: 509.36, 
            Production Events: 0, 
            Suppression Events: 0
Time: 510.17, 
            Production Events: 0, 
            Suppression Events: 2
Time: 511.81, 
            Production Events: 0, 
            Suppression Events: 1
Time: 514.71, 
            Production Events: 0, 
            Suppression Events: 2
Time: 514.71, 
            Production Events: 0, 
            Suppression Events: 0
Time: 514.71, 
            Production Events: 0, 
            Suppression Events: 0
Time: 515.49, 
            Production Events: 0, 
            Suppression Events: 1
Time: 517.12, 
            Production Events: 0, 
            Suppression Events: 1
Time: 517.12, 
            Production Events: 0, 
            Suppression Events: 0
Time: 519.82, 
            Production Events: 0, 
            Suppression Events: 1
Time: 519.82, 
            Production Events: 0, 
            Suppression Events: 0
Time: 520.43, 
            Production Events: 0, 
            Suppression Events: 1
Time: 521.74, 
            Production Events: 0, 
            Suppression Events: 1
Time: 523.01, 
            Production Events: 0, 
            Suppression Events: 2
Time: 523.01, 
            Production Events: 0, 
            Suppression Events: 0
Time: 525.64, 
            Production Events: 0, 
            Suppression Events: 1
Time: 525.64, 
            Production Events: 0, 
            Suppression Events: 0
Time: 527.72, 
            Production Events: 0, 
            Suppression Events: 1
Time: 527.72, 
            Production Events: 0, 
            Suppression Events: 0
Time: 528.67, 
            Production Events: 0, 
            Suppression Events: 1
Time: 529.23, 
            Production Events: 0, 
            Suppression Events: 2
Time: 530.08, 
            Production Events: 1, 
            Suppression Events: 0
Time: 531.57, 
            Production Events: 0, 
            Suppression Events: 3
Time: 532.82, 
            Production Events: 0, 
            Suppression Events: 1
Time: 533.27, 
            Production Events: 0, 
            Suppression Events: 1
Time: 534.09, 
            Production Events: 0, 
            Suppression Events: 1
Time: 535.2, 
            Production Events: 0, 
            Suppression Events: 4
Time: 536.19, 
            Production Events: 0, 
            Suppression Events: 2
Time: 537.34, 
            Production Events: 0, 
            Suppression Events: 2
Time: 539.2, 
            Production Events: 0, 
            Suppression Events: 1
Time: 539.2, 
            Production Events: 0, 
            Suppression Events: 0
Time: 541.57, 
            Production Events: 0, 
            Suppression Events: 2
Time: 541.57, 
            Production Events: 0, 
            Suppression Events: 0
Time: 543.15, 
            Production Events: 0, 
            Suppression Events: 1
Time: 543.15, 
            Production Events: 0, 
            Suppression Events: 0
Time: 545.62, 
            Production Events: 0, 
            Suppression Events: 2
Time: 545.62, 
            Production Events: 0, 
            Suppression Events: 0
Time: 549.52, 
            Production Events: 0, 
            Suppression Events: 1
Time: 549.52, 
            Production Events: 0, 
            Suppression Events: 0
Time: 549.52, 
            Production Events: 0, 
            Suppression Events: 0
Time: 549.52, 
            Production Events: 0, 
            Suppression Events: 0
Time: 550.5, 
            Production Events: 0, 
            Suppression Events: 2
Time: 551.96, 
            Production Events: 0, 
            Suppression Events: 2
Time: 552.37, 
            Production Events: 0, 
            Suppression Events: 1
Time: 553.08, 
            Production Events: 0, 
            Suppression Events: 2
Time: 556.02, 
            Production Events: 0, 
            Suppression Events: 1
Time: 556.02, 
            Production Events: 0, 
            Suppression Events: 0
Time: 556.02, 
            Production Events: 0, 
            Suppression Events: 0
Time: 557.97, 
            Production Events: 0, 
            Suppression Events: 2
Time: 558.71, 
            Production Events: 0, 
            Suppression Events: 1
Time: 559.09, 
            Production Events: 0, 
            Suppression Events: 2
Time: 560.55, 
            Production Events: 0, 
            Suppression Events: 3
Time: 561.05, 
            Production Events: 0, 
            Suppression Events: 2
Time: 562.45, 
            Production Events: 0, 
            Suppression Events: 3
Time: 564.43, 
            Production Events: 0, 
            Suppression Events: 1
Time: 564.43, 
            Production Events: 0, 
            Suppression Events: 0
Time: 566.18, 
            Production Events: 0, 
            Suppression Events: 1
Time: 566.18, 
            Production Events: 0, 
            Suppression Events: 0
Time: 567.02, 
            Production Events: 0, 
            Suppression Events: 4
Time: 571.6, 
            Production Events: 0, 
            Suppression Events: 2
Time: 571.6, 
            Production Events: 0, 
            Suppression Events: 0
Time: 571.6, 
            Production Events: 0, 
            Suppression Events: 0
Time: 571.6, 
            Production Events: 0, 
            Suppression Events: 0
Time: 574.22, 
            Production Events: 1, 
            Suppression Events: 1
Time: 574.22, 
            Production Events: 0, 
            Suppression Events: 0
Time: 574.22, 
            Production Events: 0, 
            Suppression Events: 0
Time: 576.15, 
            Production Events: 0, 
            Suppression Events: 2
Time: 576.15, 
            Production Events: 0, 
            Suppression Events: 0
Time: 577.45, 
            Production Events: 0, 
            Suppression Events: 1
Time: 578.69, 
            Production Events: 0, 
            Suppression Events: 1
Time: 584.06, 
            Production Events: 0, 
            Suppression Events: 1
Time: 584.06, 
            Production Events: 0, 
            Suppression Events: 0
Time: 584.06, 
            Production Events: 0, 
            Suppression Events: 0
Time: 584.06, 
            Production Events: 0, 
            Suppression Events: 0
Time: 584.06, 
            Production Events: 0, 
            Suppression Events: 0
Time: 584.06, 
            Production Events: 0, 
            Suppression Events: 0
Time: 585.11, 
            Production Events: 0, 
            Suppression Events: 2
Time: 586.44, 
            Production Events: 0, 
            Suppression Events: 2
Time: 588.71, 
            Production Events: 0, 
            Suppression Events: 1
Time: 588.71, 
            Production Events: 0, 
            Suppression Events: 0
Time: 589.1, 
            Production Events: 0, 
            Suppression Events: 1
Time: 593.58, 
            Production Events: 0, 
            Suppression Events: 2
Time: 593.58, 
            Production Events: 0, 
            Suppression Events: 0
Time: 593.58, 
            Production Events: 0, 
            Suppression Events: 0
Time: 593.58, 
            Production Events: 0, 
            Suppression Events: 0
Time: 594.68, 
            Production Events: 0, 
            Suppression Events: 1
Time: 595.52, 
            Production Events: 0, 
            Suppression Events: 2
Time: 596.06, 
            Production Events: 0, 
            Suppression Events: 1
Time: 597.38, 
            Production Events: 0, 
            Suppression Events: 1
Time: 599.05, 
            Production Events: 0, 
            Suppression Events: 3
Time: 599.05, 
            Production Events: 0, 
            Suppression Events: 0
Time: 600.08, 
            Production Events: 0, 
            Suppression Events: 4
Time: 603.7, 
            Production Events: 0, 
            Suppression Events: 3
Time: 603.7, 
            Production Events: 0, 
            Suppression Events: 0
Time: 603.7, 
            Production Events: 0, 
            Suppression Events: 0
Time: 606.17, 
            Production Events: 0, 
            Suppression Events: 1
Time: 606.17, 
            Production Events: 0, 
            Suppression Events: 0
Time: 606.17, 
            Production Events: 0, 
            Suppression Events: 0
Time: 607.12, 
            Production Events: 0, 
            Suppression Events: 5
Time: 608.19, 
            Production Events: 0, 
            Suppression Events: 2
Time: 609.63, 
            Production Events: 0, 
            Suppression Events: 2
Time: 610.28, 
            Production Events: 0, 
            Suppression Events: 3
Time: 613.09, 
            Production Events: 0, 
            Suppression Events: 1
Time: 613.09, 
            Production Events: 0, 
            Suppression Events: 0
Time: 613.09, 
            Production Events: 0, 
            Suppression Events: 0
Time: 614.99, 
            Production Events: 0, 
            Suppression Events: 1
Time: 616.0, 
            Production Events: 0, 
            Suppression Events: 1
Time: 616.0, 
            Production Events: 0, 
            Suppression Events: 0
Time: 617.28, 
            Production Events: 0, 
            Suppression Events: 2
Time: 618.17, 
            Production Events: 0, 
            Suppression Events: 2
Time: 619.3, 
            Production Events: 0, 
            Suppression Events: 4
Time: 620.57, 
            Production Events: 0, 
            Suppression Events: 1
Time: 621.2, 
            Production Events: 0, 
            Suppression Events: 2
Time: 623.67, 
            Production Events: 0, 
            Suppression Events: 1
Time: 623.67, 
            Production Events: 0, 
            Suppression Events: 0
Time: 626.33, 
            Production Events: 0, 
            Suppression Events: 2
Time: 626.33, 
            Production Events: 0, 
            Suppression Events: 0
Time: 626.33, 
            Production Events: 0, 
            Suppression Events: 0
Time: 627.13, 
            Production Events: 0, 
            Suppression Events: 1
Time: 628.27, 
            Production Events: 0, 
            Suppression Events: 1
Time: 631.63, 
            Production Events: 0, 
            Suppression Events: 1
Time: 631.63, 
            Production Events: 0, 
            Suppression Events: 0
Time: 631.63, 
            Production Events: 0, 
            Suppression Events: 0
Time: 632.78, 
            Production Events: 0, 
            Suppression Events: 1
Time: 633.88, 
            Production Events: 0, 
            Suppression Events: 1
Time: 634.53, 
            Production Events: 0, 
            Suppression Events: 2
Time: 640.95, 
            Production Events: 0, 
            Suppression Events: 1
Time: 640.95, 
            Production Events: 0, 
            Suppression Events: 0
Time: 640.95, 
            Production Events: 0, 
            Suppression Events: 0
Time: 640.95, 
            Production Events: 0, 
            Suppression Events: 0
Time: 640.95, 
            Production Events: 0, 
            Suppression Events: 0
Time: 640.95, 
            Production Events: 0, 
            Suppression Events: 0
Time: 641.36, 
            Production Events: 0, 
            Suppression Events: 1
Time: 643.12, 
            Production Events: 0, 
            Suppression Events: 1
Time: 643.12, 
            Production Events: 0, 
            Suppression Events: 0
Time: 646.68, 
            Production Events: 0, 
            Suppression Events: 2
Time: 646.68, 
            Production Events: 0, 
            Suppression Events: 0
Time: 646.68, 
            Production Events: 0, 
            Suppression Events: 0
Time: 648.3, 
            Production Events: 0, 
            Suppression Events: 1
Time: 648.3, 
            Production Events: 0, 
            Suppression Events: 0
Time: 650.77, 
            Production Events: 0, 
            Suppression Events: 1
Time: 650.77, 
            Production Events: 0, 
            Suppression Events: 0
Time: 651.03, 
            Production Events: 0, 
            Suppression Events: 1
Time: 652.53, 
            Production Events: 0, 
            Suppression Events: 2
Time: 653.87, 
            Production Events: 0, 
            Suppression Events: 1
Time: 655.4, 
            Production Events: 0, 
            Suppression Events: 1
Time: 655.4, 
            Production Events: 0, 
            Suppression Events: 0
Time: 656.95, 
            Production Events: 0, 
            Suppression Events: 2
Time: 657.36, 
            Production Events: 0, 
            Suppression Events: 1
Time: 659.03, 
            Production Events: 0, 
            Suppression Events: 1
Time: 659.03, 
            Production Events: 0, 
            Suppression Events: 0
Time: 660.79, 
            Production Events: 0, 
            Suppression Events: 5
Time: 661.2, 
            Production Events: 0, 
            Suppression Events: 1
Time: 663.72, 
            Production Events: 0, 
            Suppression Events: 1
Time: 663.72, 
            Production Events: 0, 
            Suppression Events: 0
Time: 665.77, 
            Production Events: 0, 
            Suppression Events: 1
Time: 665.77, 
            Production Events: 0, 
            Suppression Events: 0
Time: 666.06, 
            Production Events: 0, 
            Suppression Events: 1
Time: 667.08, 
            Production Events: 1, 
            Suppression Events: 2
Time: 668.27, 
            Production Events: 1, 
            Suppression Events: 1
Time: 669.21, 
            Production Events: 0, 
            Suppression Events: 2
Time: 670.62, 
            Production Events: 0, 
            Suppression Events: 1
Time: 671.34, 
            Production Events: 0, 
            Suppression Events: 1
Time: 672.59, 
            Production Events: 0, 
            Suppression Events: 1
Time: 673.11, 
            Production Events: 0, 
            Suppression Events: 2
Time: 674.25, 
            Production Events: 0, 
            Suppression Events: 2
Time: 677.19, 
            Production Events: 0, 
            Suppression Events: 1
Time: 677.19, 
            Production Events: 0, 
            Suppression Events: 0
Time: 677.19, 
            Production Events: 0, 
            Suppression Events: 0
Time: 678.34, 
            Production Events: 0, 
            Suppression Events: 2
Time: 679.38, 
            Production Events: 1, 
            Suppression Events: 0
Time: 680.35, 
            Production Events: 0, 
            Suppression Events: 2
Time: 681.94, 
            Production Events: 0, 
            Suppression Events: 1
Time: 682.76, 
            Production Events: 0, 
            Suppression Events: 1
Time: 683.49, 
            Production Events: 0, 
            Suppression Events: 1
Time: 687.52, 
            Production Events: 0, 
            Suppression Events: 1
Time: 687.52, 
            Production Events: 0, 
            Suppression Events: 0
Time: 687.52, 
            Production Events: 0, 
            Suppression Events: 0
Time: 687.52, 
            Production Events: 0, 
            Suppression Events: 0
Time: 690.92, 
            Production Events: 0, 
            Suppression Events: 2
Time: 690.92, 
            Production Events: 0, 
            Suppression Events: 0
Time: 690.92, 
            Production Events: 0, 
            Suppression Events: 0
Time: 691.8, 
            Production Events: 0, 
            Suppression Events: 1
Time: 693.22, 
            Production Events: 1, 
            Suppression Events: 0
Time: 693.22, 
            Production Events: 0, 
            Suppression Events: 0
Time: 695.59, 
            Production Events: 0, 
            Suppression Events: 1
Time: 695.59, 
            Production Events: 0, 
            Suppression Events: 0
Time: 696.98, 
            Production Events: 0, 
            Suppression Events: 1
Time: 699.62, 
            Production Events: 0, 
            Suppression Events: 2
Time: 699.62, 
            Production Events: 0, 
            Suppression Events: 0
Time: 699.62, 
            Production Events: 0, 
            Suppression Events: 0
Time: 702.08, 
            Production Events: 0, 
            Suppression Events: 1
Time: 702.08, 
            Production Events: 0, 
            Suppression Events: 0
Time: 702.08, 
            Production Events: 0, 
            Suppression Events: 0
Time: 705.03, 
            Production Events: 0, 
            Suppression Events: 1
Time: 705.03, 
            Production Events: 0, 
            Suppression Events: 0
Time: 705.03, 
            Production Events: 0, 
            Suppression Events: 0
Time: 706.77, 
            Production Events: 0, 
            Suppression Events: 2
Time: 708.73, 
            Production Events: 0, 
            Suppression Events: 1
Time: 708.73, 
            Production Events: 0, 
            Suppression Events: 0
Time: 710.75, 
            Production Events: 0, 
            Suppression Events: 1
Time: 710.75, 
            Production Events: 0, 
            Suppression Events: 0
Time: 711.95, 
            Production Events: 0, 
            Suppression Events: 2
Time: 712.82, 
            Production Events: 0, 
            Suppression Events: 1
Time: 714.66, 
            Production Events: 0, 
            Suppression Events: 1
Time: 714.66, 
            Production Events: 0, 
            Suppression Events: 0
Time: 715.51, 
            Production Events: 0, 
            Suppression Events: 2
Time: 716.19, 
            Production Events: 0, 
            Suppression Events: 2
Time: 717.8, 
            Production Events: 1, 
            Suppression Events: 0
Time: 718.67, 
            Production Events: 0, 
            Suppression Events: 2
Time: 719.93, 
            Production Events: 0, 
            Suppression Events: 1
Time: 723.26, 
            Production Events: 0, 
            Suppression Events: 1
Time: 723.26, 
            Production Events: 0, 
            Suppression Events: 0
Time: 723.26, 
            Production Events: 0, 
            Suppression Events: 0
Time: 723.26, 
            Production Events: 0, 
            Suppression Events: 0
Time: 724.07, 
            Production Events: 0, 
            Suppression Events: 2
Time: 725.37, 
            Production Events: 0, 
            Suppression Events: 2
Time: 726.54, 
            Production Events: 0, 
            Suppression Events: 2
Time: 728.37, 
            Production Events: 0, 
            Suppression Events: 2
Time: 728.37, 
            Production Events: 0, 
            Suppression Events: 0
Time: 731.63, 
            Production Events: 0, 
            Suppression Events: 2
Time: 731.63, 
            Production Events: 0, 
            Suppression Events: 0
Time: 731.63, 
            Production Events: 0, 
            Suppression Events: 0
Time: 734.12, 
            Production Events: 0, 
            Suppression Events: 1
Time: 734.12, 
            Production Events: 0, 
            Suppression Events: 0
Time: 734.12, 
            Production Events: 0, 
            Suppression Events: 0
Time: 735.48, 
            Production Events: 0, 
            Suppression Events: 1
Time: 736.11, 
            Production Events: 0, 
            Suppression Events: 1
Time: 737.02, 
            Production Events: 0, 
            Suppression Events: 2
Time: 738.74, 
            Production Events: 0, 
            Suppression Events: 2
Time: 740.04, 
            Production Events: 0, 
            Suppression Events: 2
Time: 740.04, 
            Production Events: 0, 
            Suppression Events: 0
Time: 741.25, 
            Production Events: 0, 
            Suppression Events: 1
Time: 742.57, 
            Production Events: 0, 
            Suppression Events: 2
Time: 744.33, 
            Production Events: 0, 
            Suppression Events: 1
Time: 744.33, 
            Production Events: 0, 
            Suppression Events: 0
Time: 745.78, 
            Production Events: 0, 
            Suppression Events: 1
Time: 749.06, 
            Production Events: 0, 
            Suppression Events: 1
Time: 749.06, 
            Production Events: 0, 
            Suppression Events: 0
Time: 749.06, 
            Production Events: 0, 
            Suppression Events: 0
Time: 749.06, 
            Production Events: 0, 
            Suppression Events: 0
Time: 750.62, 
            Production Events: 0, 
            Suppression Events: 2
Time: 751.49, 
            Production Events: 0, 
            Suppression Events: 3
Time: 752.21, 
            Production Events: 0, 
            Suppression Events: 1
Time: 756.27, 
            Production Events: 0, 
            Suppression Events: 1
Time: 756.27, 
            Production Events: 0, 
            Suppression Events: 0
Time: 756.27, 
            Production Events: 0, 
            Suppression Events: 0
Time: 756.27, 
            Production Events: 0, 
            Suppression Events: 0
Time: 757.54, 
            Production Events: 0, 
            Suppression Events: 1
Time: 758.23, 
            Production Events: 0, 
            Suppression Events: 3
Time: 761.78, 
            Production Events: 0, 
            Suppression Events: 1
Time: 761.78, 
            Production Events: 0, 
            Suppression Events: 0
Time: 761.78, 
            Production Events: 0, 
            Suppression Events: 0
Time: 762.88, 
            Production Events: 0, 
            Suppression Events: 1
Time: 764.41, 
            Production Events: 0, 
            Suppression Events: 1
Time: 764.41, 
            Production Events: 0, 
            Suppression Events: 0
Time: 765.42, 
            Production Events: 0, 
            Suppression Events: 1
Time: 766.61, 
            Production Events: 0, 
            Suppression Events: 1
Time: 767.16, 
            Production Events: 0, 
            Suppression Events: 1
Time: 768.27, 
            Production Events: 0, 
            Suppression Events: 3
Time: 770.6, 
            Production Events: 0, 
            Suppression Events: 1
Time: 770.6, 
            Production Events: 0, 
            Suppression Events: 0
Time: 771.93, 
            Production Events: 0, 
            Suppression Events: 3
Time: 773.5, 
            Production Events: 0, 
            Suppression Events: 1
Time: 773.5, 
            Production Events: 0, 
            Suppression Events: 0
Time: 774.91, 
            Production Events: 0, 
            Suppression Events: 3
Time: 775.11, 
            Production Events: 0, 
            Suppression Events: 1
Time: 776.06, 
            Production Events: 0, 
            Suppression Events: 1
Time: 777.34, 
            Production Events: 0, 
            Suppression Events: 1
Time: 778.43, 
            Production Events: 1, 
            Suppression Events: 1
Time: 779.09, 
            Production Events: 0, 
            Suppression Events: 2
Time: 781.16, 
            Production Events: 0, 
            Suppression Events: 1
Time: 781.16, 
            Production Events: 0, 
            Suppression Events: 0
Time: 783.45, 
            Production Events: 0, 
            Suppression Events: 2
Time: 783.45, 
            Production Events: 0, 
            Suppression Events: 0
Time: 784.04, 
            Production Events: 0, 
            Suppression Events: 1
Time: 785.12, 
            Production Events: 0, 
            Suppression Events: 2
Time: 786.76, 
            Production Events: 0, 
            Suppression Events: 1
Time: 790.14, 
            Production Events: 0, 
            Suppression Events: 1
Time: 790.14, 
            Production Events: 0, 
            Suppression Events: 0
Time: 790.14, 
            Production Events: 0, 
            Suppression Events: 0
Time: 790.14, 
            Production Events: 0, 
            Suppression Events: 0
Time: 791.25, 
            Production Events: 0, 
            Suppression Events: 2
Time: 792.88, 
            Production Events: 0, 
            Suppression Events: 2
Time: 793.81, 
            Production Events: 0, 
            Suppression Events: 2
Time: 794.32, 
            Production Events: 0, 
            Suppression Events: 1
Time: 795.6, 
            Production Events: 0, 
            Suppression Events: 3
Time: 797.37, 
            Production Events: 0, 
            Suppression Events: 2
Time: 797.37, 
            Production Events: 0, 
            Suppression Events: 0
Time: 798.67, 
            Production Events: 0, 
            Suppression Events: 1
Time: 799.21, 
            Production Events: 0, 
            Suppression Events: 1
Time: 800.9, 
            Production Events: 0, 
            Suppression Events: 2
Time: 801.52, 
            Production Events: 0, 
            Suppression Events: 1
Time: 803.06, 
            Production Events: 0, 
            Suppression Events: 2
Time: 803.06, 
            Production Events: 0, 
            Suppression Events: 0
Time: 804.89, 
            Production Events: 0, 
            Suppression Events: 1
Time: 805.45, 
            Production Events: 0, 
            Suppression Events: 1
Time: 806.08, 
            Production Events: 0, 
            Suppression Events: 1
Time: 807.58, 
            Production Events: 0, 
            Suppression Events: 1
Time: 808.0, 
            Production Events: 0, 
            Suppression Events: 1
Time: 811.59, 
            Production Events: 0, 
            Suppression Events: 2
Time: 811.59, 
            Production Events: 0, 
            Suppression Events: 0
Time: 811.59, 
            Production Events: 0, 
            Suppression Events: 0
Time: 813.16, 
            Production Events: 0, 
            Suppression Events: 2
Time: 813.16, 
            Production Events: 0, 
            Suppression Events: 0
Time: 814.29, 
            Production Events: 0, 
            Suppression Events: 2
Time: 815.05, 
            Production Events: 1, 
            Suppression Events: 1
Time: 818.05, 
            Production Events: 0, 
            Suppression Events: 4
Time: 818.05, 
            Production Events: 0, 
            Suppression Events: 0
Time: 818.05, 
            Production Events: 0, 
            Suppression Events: 0
Time: 819.56, 
            Production Events: 0, 
            Suppression Events: 4
Time: 820.74, 
            Production Events: 0, 
            Suppression Events: 3
Time: 822.75, 
            Production Events: 0, 
            Suppression Events: 2
Time: 822.75, 
            Production Events: 0, 
            Suppression Events: 0
Time: 823.91, 
            Production Events: 0, 
            Suppression Events: 1
Time: 825.3, 
            Production Events: 0, 
            Suppression Events: 1
Time: 825.3, 
            Production Events: 0, 
            Suppression Events: 0
Time: 826.4, 
            Production Events: 0, 
            Suppression Events: 1
Time: 828.19, 
            Production Events: 1, 
            Suppression Events: 0
Time: 828.19, 
            Production Events: 0, 
            Suppression Events: 0
Time: 829.09, 
            Production Events: 0, 
            Suppression Events: 1
Time: 831.12, 
            Production Events: 0, 
            Suppression Events: 4
Time: 831.12, 
            Production Events: 0, 
            Suppression Events: 0
Time: 832.02, 
            Production Events: 0, 
            Suppression Events: 3
Time: 833.21, 
            Production Events: 0, 
            Suppression Events: 1
Time: 835.66, 
            Production Events: 0, 
            Suppression Events: 1
Time: 835.66, 
            Production Events: 0, 
            Suppression Events: 0
Time: 836.94, 
            Production Events: 0, 
            Suppression Events: 1
Time: 837.13, 
            Production Events: 0, 
            Suppression Events: 1
Time: 838.13, 
            Production Events: 0, 
            Suppression Events: 1
Time: 842.22, 
            Production Events: 0, 
            Suppression Events: 2
Time: 842.22, 
            Production Events: 0, 
            Suppression Events: 0
Time: 842.22, 
            Production Events: 0, 
            Suppression Events: 0
Time: 842.22, 
            Production Events: 0, 
            Suppression Events: 0
Time: 843.36, 
            Production Events: 0, 
            Suppression Events: 3
Time: 844.02, 
            Production Events: 0, 
            Suppression Events: 1
Time: 845.75, 
            Production Events: 0, 
            Suppression Events: 1
Time: 846.48, 
            Production Events: 0, 
            Suppression Events: 2
Time: 850.89, 
            Production Events: 0, 
            Suppression Events: 1
Time: 850.89, 
            Production Events: 0, 
            Suppression Events: 0
Time: 850.89, 
            Production Events: 0, 
            Suppression Events: 0
Time: 850.89, 
            Production Events: 0, 
            Suppression Events: 0
Time: 851.03, 
            Production Events: 0, 
            Suppression Events: 1
Time: 854.25, 
            Production Events: 0, 
            Suppression Events: 1
Time: 854.25, 
            Production Events: 0, 
            Suppression Events: 0
Time: 854.25, 
            Production Events: 0, 
            Suppression Events: 0
Time: 855.85, 
            Production Events: 0, 
            Suppression Events: 2
Time: 857.07, 
            Production Events: 0, 
            Suppression Events: 1
Time: 857.07, 
            Production Events: 0, 
            Suppression Events: 0
Time: 861.33, 
            Production Events: 0, 
            Suppression Events: 1
Time: 861.33, 
            Production Events: 0, 
            Suppression Events: 0
Time: 861.33, 
            Production Events: 0, 
            Suppression Events: 0
Time: 861.33, 
            Production Events: 0, 
            Suppression Events: 0
Time: 862.34, 
            Production Events: 0, 
            Suppression Events: 2
Time: 863.48, 
            Production Events: 0, 
            Suppression Events: 2
Time: 865.1, 
            Production Events: 0, 
            Suppression Events: 1
Time: 865.1, 
            Production Events: 0, 
            Suppression Events: 0
Time: 866.1, 
            Production Events: 0, 
            Suppression Events: 1
Time: 868.1, 
            Production Events: 0, 
            Suppression Events: 1
Time: 868.1, 
            Production Events: 0, 
            Suppression Events: 0
Time: 869.14, 
            Production Events: 0, 
            Suppression Events: 3
Time: 871.05, 
            Production Events: 0, 
            Suppression Events: 1
Time: 871.05, 
            Production Events: 0, 
            Suppression Events: 0
Time: 872.07, 
            Production Events: 0, 
            Suppression Events: 3
Time: 873.02, 
            Production Events: 1, 
            Suppression Events: 1
Time: 875.21, 
            Production Events: 0, 
            Suppression Events: 2
Time: 875.21, 
            Production Events: 0, 
            Suppression Events: 0
Time: 876.15, 
            Production Events: 0, 
            Suppression Events: 1
Time: 877.26, 
            Production Events: 0, 
            Suppression Events: 2
Time: 878.22, 
            Production Events: 0, 
            Suppression Events: 2
Time: 879.31, 
            Production Events: 0, 
            Suppression Events: 1
Time: 881.6, 
            Production Events: 0, 
            Suppression Events: 1
Time: 881.6, 
            Production Events: 0, 
            Suppression Events: 0
Time: 883.4, 
            Production Events: 0, 
            Suppression Events: 1
Time: 883.4, 
            Production Events: 0, 
            Suppression Events: 0
Time: 886.08, 
            Production Events: 0, 
            Suppression Events: 3
Time: 886.08, 
            Production Events: 0, 
            Suppression Events: 0
Time: 886.08, 
            Production Events: 0, 
            Suppression Events: 0
Time: 887.18, 
            Production Events: 0, 
            Suppression Events: 2
Time: 888.06, 
            Production Events: 0, 
            Suppression Events: 1
Time: 889.68, 
            Production Events: 1, 
            Suppression Events: 2
Time: 891.09, 
            Production Events: 0, 
            Suppression Events: 1
Time: 891.09, 
            Production Events: 0, 
            Suppression Events: 0
Time: 894.09, 
            Production Events: 0, 
            Suppression Events: 1
Time: 894.09, 
            Production Events: 0, 
            Suppression Events: 0
Time: 894.09, 
            Production Events: 0, 
            Suppression Events: 0
Time: 895.2, 
            Production Events: 2, 
            Suppression Events: 0
Time: 896.01, 
            Production Events: 0, 
            Suppression Events: 2
Time: 898.35, 
            Production Events: 0, 
            Suppression Events: 1
Time: 898.35, 
            Production Events: 0, 
            Suppression Events: 0
Time: 900.21, 
            Production Events: 0, 
            Suppression Events: 2
Time: 900.21, 
            Production Events: 0, 
            Suppression Events: 0
Time: 901.07, 
            Production Events: 0, 
            Suppression Events: 2
Time: 904.17, 
            Production Events: 0, 
            Suppression Events: 1
Time: 904.17, 
            Production Events: 0, 
            Suppression Events: 0
Time: 904.17, 
            Production Events: 0, 
            Suppression Events: 0
Time: 905.52, 
            Production Events: 0, 
            Suppression Events: 3
Time: 906.71, 
            Production Events: 0, 
            Suppression Events: 2
Time: 908.8, 
            Production Events: 0, 
            Suppression Events: 2
Time: 908.8, 
            Production Events: 0, 
            Suppression Events: 0
Time: 909.25, 
            Production Events: 0, 
            Suppression Events: 1
Time: 910.8, 
            Production Events: 0, 
            Suppression Events: 2
Time: 912.01, 
            Production Events: 0, 
            Suppression Events: 1
Time: 912.01, 
            Production Events: 0, 
            Suppression Events: 0
Time: 913.91, 
            Production Events: 0, 
            Suppression Events: 1
Time: 914.63, 
            Production Events: 0, 
            Suppression Events: 1
Time: 916.49, 
            Production Events: 0, 
            Suppression Events: 2
Time: 916.49, 
            Production Events: 0, 
            Suppression Events: 0
Time: 917.31, 
            Production Events: 0, 
            Suppression Events: 2
Time: 918.53, 
            Production Events: 0, 
            Suppression Events: 1
Time: 920.99, 
            Production Events: 0, 
            Suppression Events: 2
Time: 920.99, 
            Production Events: 0, 
            Suppression Events: 0
Time: 921.27, 
            Production Events: 0, 
            Suppression Events: 1
Time: 922.79, 
            Production Events: 0, 
            Suppression Events: 1
Time: 923.1, 
            Production Events: 0, 
            Suppression Events: 1
Time: 925.5, 
            Production Events: 0, 
            Suppression Events: 3
Time: 925.5, 
            Production Events: 0, 
            Suppression Events: 0
Time: 926.01, 
            Production Events: 0, 
            Suppression Events: 1
Time: 927.38, 
            Production Events: 0, 
            Suppression Events: 2
Time: 928.67, 
            Production Events: 0, 
            Suppression Events: 2
Time: 929.13, 
            Production Events: 0, 
            Suppression Events: 2
Time: 930.35, 
            Production Events: 0, 
            Suppression Events: 1
Time: 931.49, 
            Production Events: 0, 
            Suppression Events: 3
Time: 932.65, 
            Production Events: 0, 
            Suppression Events: 1
Time: 935.61, 
            Production Events: 1, 
            Suppression Events: 0
Time: 935.61, 
            Production Events: 0, 
            Suppression Events: 0
Time: 935.61, 
            Production Events: 0, 
            Suppression Events: 0
Time: 936.35, 
            Production Events: 0, 
            Suppression Events: 3
Time: 937.05, 
            Production Events: 0, 
            Suppression Events: 1
Time: 938.12, 
            Production Events: 0, 
            Suppression Events: 3
Time: 939.96, 
            Production Events: 0, 
            Suppression Events: 2
Time: 945.05, 
            Production Events: 0, 
            Suppression Events: 1
Time: 945.05, 
            Production Events: 0, 
            Suppression Events: 0
Time: 945.05, 
            Production Events: 0, 
            Suppression Events: 0
Time: 945.05, 
            Production Events: 0, 
            Suppression Events: 0
Time: 945.05, 
            Production Events: 0, 
            Suppression Events: 0
Time: 945.05, 
            Production Events: 0, 
            Suppression Events: 0
Time: 946.25, 
            Production Events: 0, 
            Suppression Events: 4
Time: 947.8, 
            Production Events: 1, 
            Suppression Events: 0
Time: 949.59, 
            Production Events: 0, 
            Suppression Events: 1
Time: 949.59, 
            Production Events: 0, 
            Suppression Events: 0
Time: 951.07, 
            Production Events: 0, 
            Suppression Events: 1
Time: 951.07, 
            Production Events: 0, 
            Suppression Events: 0
Time: 952.61, 
            Production Events: 0, 
            Suppression Events: 1
Time: 954.39, 
            Production Events: 0, 
            Suppression Events: 2
Time: 954.39, 
            Production Events: 0, 
            Suppression Events: 0
Time: 957.3, 
            Production Events: 0, 
            Suppression Events: 1
Time: 957.3, 
            Production Events: 0, 
            Suppression Events: 0
Time: 957.3, 
            Production Events: 0, 
            Suppression Events: 0
Time: 959.72, 
            Production Events: 0, 
            Suppression Events: 1
Time: 959.72, 
            Production Events: 0, 
            Suppression Events: 0
Time: 960.52, 
            Production Events: 0, 
            Suppression Events: 1
Time: 964.04, 
            Production Events: 0, 
            Suppression Events: 2
Time: 964.04, 
            Production Events: 0, 
            Suppression Events: 0
Time: 964.04, 
            Production Events: 0, 
            Suppression Events: 0
Time: 964.04, 
            Production Events: 0, 
            Suppression Events: 0
Time: 965.11, 
            Production Events: 0, 
            Suppression Events: 2
Time: 966.33, 
            Production Events: 0, 
            Suppression Events: 3
Time: 968.8, 
            Production Events: 0, 
            Suppression Events: 1
Time: 968.8, 
            Production Events: 0, 
            Suppression Events: 0
Time: 969.38, 
            Production Events: 0, 
            Suppression Events: 2
Time: 970.36, 
            Production Events: 0, 
            Suppression Events: 1
Time: 971.15, 
            Production Events: 0, 
            Suppression Events: 1
Time: 972.56, 
            Production Events: 0, 
            Suppression Events: 2
Time: 973.13, 
            Production Events: 0, 
            Suppression Events: 1
Time: 974.25, 
            Production Events: 0, 
            Suppression Events: 1
Time: 976.96, 
            Production Events: 0, 
            Suppression Events: 1
Time: 976.96, 
            Production Events: 0, 
            Suppression Events: 0
Time: 977.71, 
            Production Events: 0, 
            Suppression Events: 1
Time: 978.17, 
            Production Events: 0, 
            Suppression Events: 1
Time: 979.13, 
            Production Events: 0, 
            Suppression Events: 1
Time: 981.91, 
            Production Events: 0, 
            Suppression Events: 1
Time: 981.91, 
            Production Events: 0, 
            Suppression Events: 0
Time: 982.16, 
            Production Events: 0, 
            Suppression Events: 1
Time: 983.35, 
            Production Events: 0, 
            Suppression Events: 2
Time: 985.55, 
            Production Events: 0, 
            Suppression Events: 2
Time: 985.55, 
            Production Events: 0, 
            Suppression Events: 0
Time: 987.37, 
            Production Events: 0, 
            Suppression Events: 2
Time: 987.37, 
            Production Events: 0, 
            Suppression Events: 0
Time: 988.12, 
            Production Events: 0, 
            Suppression Events: 2
Time: 989.55, 
            Production Events: 0, 
            Suppression Events: 2
Time: 991.35, 
            Production Events: 0, 
            Suppression Events: 1
Time: 991.35, 
            Production Events: 0, 
            Suppression Events: 0
Time: 993.24, 
            Production Events: 0, 
            Suppression Events: 3
Time: 993.24, 
            Production Events: 0, 
            Suppression Events: 0
Time: 994.01, 
            Production Events: 0, 
            Suppression Events: 1
Time: 995.08, 
            Production Events: 0, 
            Suppression Events: 1
Time: 998.46, 
            Production Events: 0, 
            Suppression Events: 2
Time: 998.46, 
            Production Events: 0, 
            Suppression Events: 0
Time: 998.46, 
            Production Events: 0, 
            Suppression Events: 0
Time: 1001.64, 
            Production Events: 0, 
            Suppression Events: 1
Time: 1001.64, 
            Production Events: 0, 
            Suppression Events: 0
Simulation completed:
  Final time: 1001.6414454221408
  Total events: 1012
  Wall time: 10794.05 seconds

Saving simulation results with clean separation...
Task evolution saved to: 5t5b/5t5b_mfcsb/data/param_159_rep_1_2025-11-21_183748/states.csv
Events saved to: 5t5b/5t5b_mfcsb/data/param_159_rep_1_2025-11-21_183748/events.csv
Saving event log (raw and DataFrame)...
log DataFrame size: (1017, 9)
short view:
59 DataFrame
 Row  time     bee1_id  bee2_id  task_id  task_1   task_2   task_3     task_4 
      Float64  Int64    Int64    Int64    Float64  Float64  Float64    Float6 

   1      0.0        1        0        0   0.0802   0.102   0.0961509   0.050 
   2      0.0        2        0        0   0.0983   0.1109  0.141249    0.115
   3      0.0        3        0        0   0.0715   0.0963  0.100376    0.048
   4      0.0        4        0        0   0.0918   0.0882  0.0768285   0.103
   5      0.0        5        0        0   0.1126   0.105   0.067878    0.128 
                                                               2 columns omittedEvent log saved to: 5t5b/5t5b_mfcsb/data/param_159_rep_1_2025-11-21_183748/event_log.json
Event log DataFrame saved to: 5t5b/5t5b_mfcsb/data/param_159_rep_1_2025-11-21_183748/event_log.csv
Metadata and configuration saved to: 5t5b/5t5b_mfcsb/data/param_159_rep_1_2025-11-21_183748/config.json
Task index mapping saved to: 5t5b/5t5b_mfcsb/data/param_159_rep_1_2025-11-21_183748/task_index_mapping.json
All results saved to directory: 5t5b/5t5b_mfcsb/data/param_159_rep_1_2025-11-21_183748
Simulation completed successfully!
Job finished at: Fri Nov 21 09:38:22 PM CET 2025
