  Activating project at `/scratch/n/N.Pfaffenzeller/nikolas_nethive/nethive_multiverse/env_nethive_multiverse`
[ Info: Preparing multi-task setup for datasets: [:mnist, :cifar10, :svhn2, :fashion_mnist, :bank]
┌ Info: Universal dimensions
│   max_input_dim = 3072
└   max_output_dim = 10
[ Info: Registering MNIST dataset...
┌ Info: MNIST registered successfully
│   input_shape = (28, 28)
│   n_classes = 10
│   padded_dim = 3072
└   padded_output_dim = 10
[ Info: Registering CIFAR-10 dataset...
┌ Info: CIFAR-10 registered successfully
│   input_shape = (32, 32, 3)
│   n_classes = 10
└   padded_dim = 3072
[ Info: Registering SVHN2 dataset...
┌ Info: SVHN2 registered successfully
│   input_shape = (32, 32, 3)
│   n_classes = 10
└   padded_dim = 3072
[ Info: Registering Fashion-MNIST dataset...
┌ Info: Fashion-MNIST registered successfully
│   input_shape = (28, 28)
│   n_classes = 10
│   padded_dim = 3072
└   padded_output_dim = 10
[ Info: Registering Bank Marketing dataset...
┌ Info: Bank Marketing dataset registered successfully
│   input_shape = (:tabular,)
│   n_classes = 2
└   padded_dim = 3072
┌ Info: Created universal model template
│   input_dim = 3072
└   output_dim = 10
┌ Info: Multi-task setup completed
│   n_datasets = 5
└   batch_size = 32
