Job array started at: Fri Nov 21 03:32:01 PM CET 2025
Job ID: 10860445
Array Job ID: 10860410
Array Task ID: 32
Node: th-ws-740m29
Loading Julia module...
Module loaded: /software/opt/el_9/x86_64/julia/1.11.3/bin/julia
Changing to project directory...
Current directory: /scratch/n/N.Pfaffenzeller/nikolas_nethive/nethive_multiverse
Running parameter combination 32, replicate 1
Starting Julia simulation...
Running simulation with the following configuration:
  dataset_names: [:mnist, :cifar10, :svhn2, :fashion_mnist, :bank]
  param_id: 32
  n_bees: 5
  batch_size: 32
  replicate_id: 1
  punish_rate: 0.1
  punishment: time_out
  lambda_sensitivity: 100
  save_nn_epochs: 0
  production_rate: 1
  interaction_rate: 50
  batches_per_step: 100
  learning_rate: 1.0e-6
  max_output_dim: 10
  n_steps_per_epoch: 1
  dead_time: 200
  max_input_dim: 3072
  n_epochs: 1000
  seed: 1130037042

Starting simulation with configuration:
  dataset_names: [:mnist, :cifar10, :svhn2, :fashion_mnist, :bank]
  param_id: 32
  n_bees: 5
  batch_size: 32
  replicate_id: 1
  punish_rate: 0.1
  punishment: time_out
  lambda_sensitivity: 100
  save_nn_epochs: 0
  production_rate: 1
  interaction_rate: 50
  batches_per_step: 100
  run_timestamp: 2025-11-21T15:33:30.461
  learning_rate: 1.0e-6
  max_output_dim: 10
  n_steps_per_epoch: 1
  dead_time: 200
  max_input_dim: 3072
  n_epochs: 1000
  seed: 1130037042
Random seed: 1130037042

Starting simulation...
Time: 2.42, 
            Production Events: 0, 
            Suppression Events: 3
Time: 2.42, 
            Production Events: 0, 
            Suppression Events: 0
Time: 3.46, 
            Production Events: 0, 
            Suppression Events: 1
Time: 4.13, 
            Production Events: 1, 
            Suppression Events: 0
Time: 5.13, 
            Production Events: 1, 
            Suppression Events: 0
Time: 6.1, 
            Production Events: 2, 
            Suppression Events: 1
Time: 7.61, 
            Production Events: 2, 
            Suppression Events: 0
Time: 8.03, 
            Production Events: 0, 
            Suppression Events: 2
Time: 9.18, 
            Production Events: 0, 
            Suppression Events: 1
Time: 12.43, 
            Production Events: 1, 
            Suppression Events: 0
Time: 12.43, 
            Production Events: 0, 
            Suppression Events: 0
Time: 12.43, 
            Production Events: 0, 
            Suppression Events: 0
Time: 13.46, 
            Production Events: 1, 
            Suppression Events: 0
Time: 14.9, 
            Production Events: 1, 
            Suppression Events: 1
Time: 15.29, 
            Production Events: 1, 
            Suppression Events: 0
Time: 17.35, 
            Production Events: 1, 
            Suppression Events: 0
Time: 17.35, 
            Production Events: 0, 
            Suppression Events: 0
Time: 20.21, 
            Production Events: 0, 
            Suppression Events: 2
Time: 20.21, 
            Production Events: 0, 
            Suppression Events: 0
Time: 20.21, 
            Production Events: 0, 
            Suppression Events: 0
Time: 21.58, 
            Production Events: 1, 
            Suppression Events: 0
Time: 22.3, 
            Production Events: 0, 
            Suppression Events: 1
Time: 23.17, 
            Production Events: 1, 
            Suppression Events: 0
Time: 24.45, 
            Production Events: 1, 
            Suppression Events: 0
Time: 25.05, 
            Production Events: 0, 
            Suppression Events: 1
Time: 27.18, 
            Production Events: 1, 
            Suppression Events: 1
Time: 27.18, 
            Production Events: 0, 
            Suppression Events: 0
Time: 28.91, 
            Production Events: 1, 
            Suppression Events: 1
Time: 29.35, 
            Production Events: 0, 
            Suppression Events: 1
Time: 31.21, 
            Production Events: 1, 
            Suppression Events: 2
Time: 31.21, 
            Production Events: 0, 
            Suppression Events: 0
Time: 32.69, 
            Production Events: 0, 
            Suppression Events: 1
Time: 33.11, 
            Production Events: 1, 
            Suppression Events: 0
Time: 34.14, 
            Production Events: 0, 
            Suppression Events: 2
Time: 35.17, 
            Production Events: 0, 
            Suppression Events: 2
Time: 36.89, 
            Production Events: 1, 
            Suppression Events: 0
Time: 37.0, 
            Production Events: 1, 
            Suppression Events: 1
Time: 38.06, 
            Production Events: 0, 
            Suppression Events: 1
Time: 39.2, 
            Production Events: 1, 
            Suppression Events: 0
Time: 40.36, 
            Production Events: 0, 
            Suppression Events: 2
Time: 41.16, 
            Production Events: 0, 
            Suppression Events: 1
Time: 42.55, 
            Production Events: 1, 
            Suppression Events: 0
Time: 43.61, 
            Production Events: 0, 
            Suppression Events: 1
Time: 44.78, 
            Production Events: 0, 
            Suppression Events: 1
Time: 46.63, 
            Production Events: 0, 
            Suppression Events: 1
Time: 46.63, 
            Production Events: 0, 
            Suppression Events: 0
Time: 47.66, 
            Production Events: 1, 
            Suppression Events: 0
Time: 48.71, 
            Production Events: 0, 
            Suppression Events: 1
Time: 49.17, 
            Production Events: 1, 
            Suppression Events: 0
Time: 50.7, 
            Production Events: 0, 
            Suppression Events: 1
Time: 51.68, 
            Production Events: 0, 
            Suppression Events: 1
Time: 54.16, 
            Production Events: 1, 
            Suppression Events: 1
Time: 54.16, 
            Production Events: 0, 
            Suppression Events: 0
Time: 54.16, 
            Production Events: 0, 
            Suppression Events: 0
Time: 55.18, 
            Production Events: 0, 
            Suppression Events: 1
Time: 60.74, 
            Production Events: 1, 
            Suppression Events: 0
Time: 60.74, 
            Production Events: 0, 
            Suppression Events: 0
Time: 60.74, 
            Production Events: 0, 
            Suppression Events: 0
Time: 60.74, 
            Production Events: 0, 
            Suppression Events: 0
Time: 60.74, 
            Production Events: 0, 
            Suppression Events: 0
Time: 63.38, 
            Production Events: 0, 
            Suppression Events: 1
Time: 63.38, 
            Production Events: 0, 
            Suppression Events: 0
Time: 63.38, 
            Production Events: 0, 
            Suppression Events: 0
Time: 64.32, 
            Production Events: 1, 
            Suppression Events: 0
Time: 65.27, 
            Production Events: 1, 
            Suppression Events: 0
Time: 66.8, 
            Production Events: 0, 
            Suppression Events: 1
Time: 67.46, 
            Production Events: 0, 
            Suppression Events: 1
Time: 69.37, 
            Production Events: 1, 
            Suppression Events: 0
Time: 69.37, 
            Production Events: 0, 
            Suppression Events: 0
Time: 70.1, 
            Production Events: 1, 
            Suppression Events: 0
Time: 73.96, 
            Production Events: 0, 
            Suppression Events: 4
Time: 73.96, 
            Production Events: 0, 
            Suppression Events: 0
Time: 73.96, 
            Production Events: 0, 
            Suppression Events: 0
Time: 74.48, 
            Production Events: 0, 
            Suppression Events: 1
Time: 76.64, 
            Production Events: 0, 
            Suppression Events: 2
Time: 76.64, 
            Production Events: 0, 
            Suppression Events: 0
Time: 77.82, 
            Production Events: 0, 
            Suppression Events: 1
Time: 78.06, 
            Production Events: 0, 
            Suppression Events: 1
Time: 81.04, 
            Production Events: 1, 
            Suppression Events: 0
Time: 81.04, 
            Production Events: 0, 
            Suppression Events: 0
Time: 81.04, 
            Production Events: 0, 
            Suppression Events: 0
Time: 82.05, 
            Production Events: 0, 
            Suppression Events: 1
Time: 83.06, 
            Production Events: 0, 
            Suppression Events: 1
Time: 84.95, 
            Production Events: 1, 
            Suppression Events: 0
Time: 87.12, 
            Production Events: 0, 
            Suppression Events: 1
Time: 87.12, 
            Production Events: 0, 
            Suppression Events: 0
Time: 87.12, 
            Production Events: 0, 
            Suppression Events: 0
Time: 89.19, 
            Production Events: 0, 
            Suppression Events: 2
Time: 89.19, 
            Production Events: 0, 
            Suppression Events: 0
Time: 90.51, 
            Production Events: 0, 
            Suppression Events: 1
Time: 91.59, 
            Production Events: 1, 
            Suppression Events: 0
Time: 94.33, 
            Production Events: 0, 
            Suppression Events: 1
Time: 94.33, 
            Production Events: 0, 
            Suppression Events: 0
Time: 94.33, 
            Production Events: 0, 
            Suppression Events: 0
Time: 95.15, 
            Production Events: 0, 
            Suppression Events: 1
Time: 96.12, 
            Production Events: 0, 
            Suppression Events: 2
Time: 97.1, 
            Production Events: 0, 
            Suppression Events: 1
Time: 98.38, 
            Production Events: 0, 
            Suppression Events: 3
Time: 100.03, 
            Production Events: 0, 
            Suppression Events: 1
Time: 100.03, 
            Production Events: 0, 
            Suppression Events: 0
Time: 101.08, 
            Production Events: 0, 
            Suppression Events: 1
Time: 102.77, 
            Production Events: 0, 
            Suppression Events: 1
Time: 103.2, 
            Production Events: 0, 
            Suppression Events: 1
Time: 104.13, 
            Production Events: 0, 
            Suppression Events: 1
Time: 106.06, 
            Production Events: 0, 
            Suppression Events: 1
Time: 106.06, 
            Production Events: 0, 
            Suppression Events: 0
Time: 107.29, 
            Production Events: 0, 
            Suppression Events: 1
Time: 108.81, 
            Production Events: 0, 
            Suppression Events: 3
Time: 109.44, 
            Production Events: 0, 
            Suppression Events: 1
Time: 110.04, 
            Production Events: 0, 
            Suppression Events: 1
Time: 111.75, 
            Production Events: 0, 
            Suppression Events: 2
Time: 113.87, 
            Production Events: 0, 
            Suppression Events: 1
Time: 113.87, 
            Production Events: 0, 
            Suppression Events: 0
Time: 115.87, 
            Production Events: 0, 
            Suppression Events: 1
Time: 115.87, 
            Production Events: 0, 
            Suppression Events: 0
Time: 116.1, 
            Production Events: 0, 
            Suppression Events: 1
Time: 117.72, 
            Production Events: 0, 
            Suppression Events: 1
Time: 119.0, 
            Production Events: 0, 
            Suppression Events: 1
Time: 119.0, 
            Production Events: 0, 
            Suppression Events: 0
Time: 120.14, 
            Production Events: 0, 
            Suppression Events: 2
Time: 121.7, 
            Production Events: 0, 
            Suppression Events: 1
Time: 122.15, 
            Production Events: 0, 
            Suppression Events: 1
Time: 123.5, 
            Production Events: 0, 
            Suppression Events: 2
Time: 124.01, 
            Production Events: 0, 
            Suppression Events: 1
Time: 125.42, 
            Production Events: 0, 
            Suppression Events: 3
Time: 126.35, 
            Production Events: 0, 
            Suppression Events: 3
Time: 128.32, 
            Production Events: 0, 
            Suppression Events: 1
Time: 128.32, 
            Production Events: 0, 
            Suppression Events: 0
Time: 130.07, 
            Production Events: 0, 
            Suppression Events: 2
Time: 130.07, 
            Production Events: 0, 
            Suppression Events: 0
Time: 131.15, 
            Production Events: 0, 
            Suppression Events: 1
Time: 132.02, 
            Production Events: 0, 
            Suppression Events: 1
Time: 134.8, 
            Production Events: 0, 
            Suppression Events: 1
Time: 134.8, 
            Production Events: 0, 
            Suppression Events: 0
Time: 136.41, 
            Production Events: 0, 
            Suppression Events: 1
Time: 136.41, 
            Production Events: 0, 
            Suppression Events: 0
Time: 138.6, 
            Production Events: 0, 
            Suppression Events: 2
Time: 138.6, 
            Production Events: 0, 
            Suppression Events: 0
Time: 140.19, 
            Production Events: 0, 
            Suppression Events: 3
Time: 140.19, 
            Production Events: 0, 
            Suppression Events: 0
Time: 142.25, 
            Production Events: 0, 
            Suppression Events: 1
Time: 142.25, 
            Production Events: 0, 
            Suppression Events: 0
Time: 148.03, 
            Production Events: 0, 
            Suppression Events: 1
Time: 148.03, 
            Production Events: 0, 
            Suppression Events: 0
Time: 148.03, 
            Production Events: 0, 
            Suppression Events: 0
Time: 148.03, 
            Production Events: 0, 
            Suppression Events: 0
Time: 148.03, 
            Production Events: 0, 
            Suppression Events: 0
Time: 148.03, 
            Production Events: 0, 
            Suppression Events: 0
Time: 149.03, 
            Production Events: 0, 
            Suppression Events: 2
Time: 150.78, 
            Production Events: 0, 
            Suppression Events: 3
Time: 151.34, 
            Production Events: 0, 
            Suppression Events: 1
Time: 152.11, 
            Production Events: 0, 
            Suppression Events: 2
Time: 155.12, 
            Production Events: 0, 
            Suppression Events: 1
Time: 155.12, 
            Production Events: 0, 
            Suppression Events: 0
Time: 155.12, 
            Production Events: 0, 
            Suppression Events: 0
Time: 158.16, 
            Production Events: 0, 
            Suppression Events: 2
Time: 158.16, 
            Production Events: 0, 
            Suppression Events: 0
Time: 158.16, 
            Production Events: 0, 
            Suppression Events: 0
Time: 160.93, 
            Production Events: 0, 
            Suppression Events: 2
Time: 160.93, 
            Production Events: 0, 
            Suppression Events: 0
Time: 161.05, 
            Production Events: 0, 
            Suppression Events: 1
Time: 165.13, 
            Production Events: 0, 
            Suppression Events: 2
Time: 165.13, 
            Production Events: 0, 
            Suppression Events: 0
Time: 165.13, 
            Production Events: 0, 
            Suppression Events: 0
Time: 165.13, 
            Production Events: 0, 
            Suppression Events: 0
Time: 166.3, 
            Production Events: 0, 
            Suppression Events: 4
Time: 167.12, 
            Production Events: 0, 
            Suppression Events: 3
Time: 169.31, 
            Production Events: 0, 
            Suppression Events: 1
Time: 169.31, 
            Production Events: 0, 
            Suppression Events: 0
Time: 171.62, 
            Production Events: 1, 
            Suppression Events: 0
Time: 171.62, 
            Production Events: 0, 
            Suppression Events: 0
Time: 172.79, 
            Production Events: 0, 
            Suppression Events: 3
Time: 173.14, 
            Production Events: 0, 
            Suppression Events: 1
Time: 175.26, 
            Production Events: 0, 
            Suppression Events: 2
Time: 175.26, 
            Production Events: 0, 
            Suppression Events: 0
Time: 176.56, 
            Production Events: 0, 
            Suppression Events: 3
Time: 177.07, 
            Production Events: 0, 
            Suppression Events: 2
Time: 178.4, 
            Production Events: 0, 
            Suppression Events: 2
Time: 180.33, 
            Production Events: 0, 
            Suppression Events: 1
Time: 180.33, 
            Production Events: 0, 
            Suppression Events: 0
Time: 181.99, 
            Production Events: 0, 
            Suppression Events: 2
Time: 182.33, 
            Production Events: 0, 
            Suppression Events: 1
Time: 183.41, 
            Production Events: 0, 
            Suppression Events: 1
Time: 185.11, 
            Production Events: 0, 
            Suppression Events: 1
Time: 185.11, 
            Production Events: 0, 
            Suppression Events: 0
Time: 186.3, 
            Production Events: 0, 
            Suppression Events: 3
Time: 187.76, 
            Production Events: 0, 
            Suppression Events: 2
Time: 189.7, 
            Production Events: 0, 
            Suppression Events: 1
Time: 189.7, 
            Production Events: 0, 
            Suppression Events: 0
Time: 190.2, 
            Production Events: 0, 
            Suppression Events: 2
Time: 191.27, 
            Production Events: 0, 
            Suppression Events: 1
Time: 192.66, 
            Production Events: 0, 
            Suppression Events: 1
Time: 193.03, 
            Production Events: 0, 
            Suppression Events: 1
Time: 194.35, 
            Production Events: 1, 
            Suppression Events: 2
Time: 195.1, 
            Production Events: 0, 
            Suppression Events: 1
Time: 197.13, 
            Production Events: 0, 
            Suppression Events: 2
Time: 197.13, 
            Production Events: 0, 
            Suppression Events: 0
Time: 199.71, 
            Production Events: 1, 
            Suppression Events: 1
Time: 199.71, 
            Production Events: 0, 
            Suppression Events: 0
Time: 201.36, 
            Production Events: 0, 
            Suppression Events: 1
Time: 201.36, 
            Production Events: 0, 
            Suppression Events: 0
Time: 202.04, 
            Production Events: 0, 
            Suppression Events: 1
Time: 205.71, 
            Production Events: 0, 
            Suppression Events: 1
Time: 205.71, 
            Production Events: 0, 
            Suppression Events: 0
Time: 205.71, 
            Production Events: 0, 
            Suppression Events: 0
Time: 206.74, 
            Production Events: 0, 
            Suppression Events: 1
Time: 208.3, 
            Production Events: 0, 
            Suppression Events: 1
Time: 208.3, 
            Production Events: 0, 
            Suppression Events: 0
Time: 209.15, 
            Production Events: 1, 
            Suppression Events: 3
Time: 210.61, 
            Production Events: 0, 
            Suppression Events: 4
Time: 213.24, 
            Production Events: 0, 
            Suppression Events: 3
Time: 213.24, 
            Production Events: 0, 
            Suppression Events: 0
Time: 213.24, 
            Production Events: 0, 
            Suppression Events: 0
Time: 214.25, 
            Production Events: 0, 
            Suppression Events: 3
Time: 216.13, 
            Production Events: 0, 
            Suppression Events: 1
Time: 216.13, 
            Production Events: 0, 
            Suppression Events: 0
Time: 218.01, 
            Production Events: 1, 
            Suppression Events: 1
Time: 218.01, 
            Production Events: 0, 
            Suppression Events: 0
Time: 221.21, 
            Production Events: 0, 
            Suppression Events: 2
Time: 221.21, 
            Production Events: 0, 
            Suppression Events: 0
Time: 221.21, 
            Production Events: 0, 
            Suppression Events: 0
Time: 222.75, 
            Production Events: 0, 
            Suppression Events: 3
Time: 223.88, 
            Production Events: 0, 
            Suppression Events: 1
Time: 224.37, 
            Production Events: 0, 
            Suppression Events: 1
Time: 225.42, 
            Production Events: 1, 
            Suppression Events: 1
Time: 227.62, 
            Production Events: 1, 
            Suppression Events: 1
Time: 227.62, 
            Production Events: 0, 
            Suppression Events: 0
Time: 229.65, 
            Production Events: 0, 
            Suppression Events: 1
Time: 229.65, 
            Production Events: 0, 
            Suppression Events: 0
Time: 230.84, 
            Production Events: 1, 
            Suppression Events: 0
Time: 232.1, 
            Production Events: 0, 
            Suppression Events: 1
Time: 232.1, 
            Production Events: 0, 
            Suppression Events: 0
Time: 233.23, 
            Production Events: 1, 
            Suppression Events: 2
Time: 234.47, 
            Production Events: 0, 
            Suppression Events: 3
Time: 235.85, 
            Production Events: 0, 
            Suppression Events: 1
Time: 236.37, 
            Production Events: 0, 
            Suppression Events: 1
Time: 237.44, 
            Production Events: 0, 
            Suppression Events: 2
Time: 245.41, 
            Production Events: 1, 
            Suppression Events: 1
Time: 245.41, 
            Production Events: 0, 
            Suppression Events: 0
Time: 245.41, 
            Production Events: 0, 
            Suppression Events: 0
Time: 245.41, 
            Production Events: 0, 
            Suppression Events: 0
Time: 245.41, 
            Production Events: 0, 
            Suppression Events: 0
Time: 245.41, 
            Production Events: 0, 
            Suppression Events: 0
Time: 245.41, 
            Production Events: 0, 
            Suppression Events: 0
Time: 245.41, 
            Production Events: 0, 
            Suppression Events: 0
Time: 246.21, 
            Production Events: 0, 
            Suppression Events: 1
Time: 247.04, 
            Production Events: 0, 
            Suppression Events: 1
Time: 248.09, 
            Production Events: 0, 
            Suppression Events: 1
Time: 249.45, 
            Production Events: 0, 
            Suppression Events: 3
Time: 252.44, 
            Production Events: 0, 
            Suppression Events: 1
Time: 252.44, 
            Production Events: 0, 
            Suppression Events: 0
Time: 252.44, 
            Production Events: 0, 
            Suppression Events: 0
Time: 255.27, 
            Production Events: 0, 
            Suppression Events: 1
Time: 255.27, 
            Production Events: 0, 
            Suppression Events: 0
Time: 255.27, 
            Production Events: 0, 
            Suppression Events: 0
Time: 257.88, 
            Production Events: 0, 
            Suppression Events: 2
Time: 257.88, 
            Production Events: 0, 
            Suppression Events: 0
Time: 259.11, 
            Production Events: 0, 
            Suppression Events: 1
Time: 259.11, 
            Production Events: 0, 
            Suppression Events: 0
Time: 260.7, 
            Production Events: 0, 
            Suppression Events: 2
Time: 261.52, 
            Production Events: 0, 
            Suppression Events: 1
Time: 262.77, 
            Production Events: 0, 
            Suppression Events: 2
Time: 263.08, 
            Production Events: 0, 
            Suppression Events: 1
Time: 264.8, 
            Production Events: 0, 
            Suppression Events: 2
Time: 266.18, 
            Production Events: 0, 
            Suppression Events: 1
Time: 266.18, 
            Production Events: 0, 
            Suppression Events: 0
Time: 268.13, 
            Production Events: 0, 
            Suppression Events: 1
Time: 268.13, 
            Production Events: 0, 
            Suppression Events: 0
Time: 269.24, 
            Production Events: 0, 
            Suppression Events: 2
Time: 270.28, 
            Production Events: 1, 
            Suppression Events: 0
Time: 271.16, 
            Production Events: 0, 
            Suppression Events: 1
Time: 272.8, 
            Production Events: 0, 
            Suppression Events: 1
Time: 273.79, 
            Production Events: 0, 
            Suppression Events: 1
Time: 274.96, 
            Production Events: 1, 
            Suppression Events: 0
Time: 275.37, 
            Production Events: 0, 
            Suppression Events: 1
Time: 276.01, 
            Production Events: 0, 
            Suppression Events: 2
Time: 277.06, 
            Production Events: 0, 
            Suppression Events: 4
Time: 278.63, 
            Production Events: 1, 
            Suppression Events: 1
Time: 279.61, 
            Production Events: 0, 
            Suppression Events: 3
Time: 280.66, 
            Production Events: 0, 
            Suppression Events: 1
Time: 281.06, 
            Production Events: 1, 
            Suppression Events: 0
Time: 283.74, 
            Production Events: 0, 
            Suppression Events: 1
Time: 283.74, 
            Production Events: 0, 
            Suppression Events: 0
Time: 285.03, 
            Production Events: 0, 
            Suppression Events: 1
Time: 285.03, 
            Production Events: 0, 
            Suppression Events: 0
Time: 286.09, 
            Production Events: 1, 
            Suppression Events: 0
Time: 287.29, 
            Production Events: 0, 
            Suppression Events: 2
Time: 288.79, 
            Production Events: 0, 
            Suppression Events: 2
Time: 289.74, 
            Production Events: 0, 
            Suppression Events: 1
Time: 290.69, 
            Production Events: 0, 
            Suppression Events: 1
Time: 293.9, 
            Production Events: 0, 
            Suppression Events: 2
Time: 293.9, 
            Production Events: 0, 
            Suppression Events: 0
Time: 293.9, 
            Production Events: 0, 
            Suppression Events: 0
Time: 294.73, 
            Production Events: 0, 
            Suppression Events: 1
Time: 296.83, 
            Production Events: 1, 
            Suppression Events: 0
Time: 296.83, 
            Production Events: 0, 
            Suppression Events: 0
Time: 298.24, 
            Production Events: 0, 
            Suppression Events: 1
Time: 298.24, 
            Production Events: 0, 
            Suppression Events: 0
Time: 300.26, 
            Production Events: 0, 
            Suppression Events: 1
Time: 300.26, 
            Production Events: 0, 
            Suppression Events: 0
Time: 301.28, 
            Production Events: 0, 
            Suppression Events: 1
Time: 302.47, 
            Production Events: 0, 
            Suppression Events: 2
Time: 304.67, 
            Production Events: 0, 
            Suppression Events: 1
Time: 304.67, 
            Production Events: 0, 
            Suppression Events: 0
Time: 305.47, 
            Production Events: 1, 
            Suppression Events: 0
Time: 306.39, 
            Production Events: 1, 
            Suppression Events: 1
Time: 307.04, 
            Production Events: 0, 
            Suppression Events: 3
Time: 308.12, 
            Production Events: 0, 
            Suppression Events: 3
Time: 311.15, 
            Production Events: 1, 
            Suppression Events: 0
Time: 311.15, 
            Production Events: 0, 
            Suppression Events: 0
Time: 311.15, 
            Production Events: 0, 
            Suppression Events: 0
Time: 313.34, 
            Production Events: 0, 
            Suppression Events: 1
Time: 313.34, 
            Production Events: 0, 
            Suppression Events: 0
Time: 314.34, 
            Production Events: 0, 
            Suppression Events: 2
Time: 316.5, 
            Production Events: 0, 
            Suppression Events: 3
Time: 316.5, 
            Production Events: 0, 
            Suppression Events: 0
Time: 318.64, 
            Production Events: 1, 
            Suppression Events: 1
Time: 318.64, 
            Production Events: 0, 
            Suppression Events: 0
Time: 321.18, 
            Production Events: 0, 
            Suppression Events: 1
Time: 321.18, 
            Production Events: 0, 
            Suppression Events: 0
Time: 321.18, 
            Production Events: 0, 
            Suppression Events: 0
Time: 322.73, 
            Production Events: 0, 
            Suppression Events: 1
Time: 323.43, 
            Production Events: 0, 
            Suppression Events: 1
Time: 324.4, 
            Production Events: 0, 
            Suppression Events: 3
Time: 328.0, 
            Production Events: 1, 
            Suppression Events: 0
Time: 328.0, 
            Production Events: 0, 
            Suppression Events: 0
Time: 328.0, 
            Production Events: 0, 
            Suppression Events: 0
Time: 328.08, 
            Production Events: 0, 
            Suppression Events: 1
Time: 329.1, 
            Production Events: 0, 
            Suppression Events: 1
Time: 330.11, 
            Production Events: 0, 
            Suppression Events: 1
Time: 331.56, 
            Production Events: 0, 
            Suppression Events: 2
Time: 333.68, 
            Production Events: 0, 
            Suppression Events: 1
Time: 333.68, 
            Production Events: 0, 
            Suppression Events: 0
Time: 335.44, 
            Production Events: 0, 
            Suppression Events: 1
Time: 335.44, 
            Production Events: 0, 
            Suppression Events: 0
Time: 336.8, 
            Production Events: 1, 
            Suppression Events: 1
Time: 337.02, 
            Production Events: 1, 
            Suppression Events: 1
Time: 339.42, 
            Production Events: 0, 
            Suppression Events: 2
Time: 339.42, 
            Production Events: 0, 
            Suppression Events: 0
Time: 341.82, 
            Production Events: 0, 
            Suppression Events: 1
Time: 341.82, 
            Production Events: 0, 
            Suppression Events: 0
Time: 342.45, 
            Production Events: 0, 
            Suppression Events: 1
Time: 347.01, 
            Production Events: 0, 
            Suppression Events: 1
Time: 347.01, 
            Production Events: 0, 
            Suppression Events: 0
Time: 347.01, 
            Production Events: 0, 
            Suppression Events: 0
Time: 347.01, 
            Production Events: 0, 
            Suppression Events: 0
Time: 347.01, 
            Production Events: 0, 
            Suppression Events: 0
Time: 348.8, 
            Production Events: 0, 
            Suppression Events: 1
Time: 351.6, 
            Production Events: 0, 
            Suppression Events: 1
Time: 351.6, 
            Production Events: 0, 
            Suppression Events: 0
Time: 351.6, 
            Production Events: 0, 
            Suppression Events: 0
Time: 353.76, 
            Production Events: 0, 
            Suppression Events: 1
Time: 353.76, 
            Production Events: 0, 
            Suppression Events: 0
Time: 354.9, 
            Production Events: 0, 
            Suppression Events: 1
Time: 356.78, 
            Production Events: 0, 
            Suppression Events: 1
Time: 356.78, 
            Production Events: 0, 
            Suppression Events: 0
Time: 357.6, 
            Production Events: 0, 
            Suppression Events: 1
Time: 358.28, 
            Production Events: 0, 
            Suppression Events: 2
Time: 359.31, 
            Production Events: 0, 
            Suppression Events: 4
Time: 360.02, 
            Production Events: 0, 
            Suppression Events: 3
Time: 361.99, 
            Production Events: 0, 
            Suppression Events: 2
Time: 363.02, 
            Production Events: 0, 
            Suppression Events: 1
Time: 363.02, 
            Production Events: 0, 
            Suppression Events: 0
Time: 365.07, 
            Production Events: 0, 
            Suppression Events: 1
Time: 365.07, 
            Production Events: 0, 
            Suppression Events: 0
Time: 366.28, 
            Production Events: 0, 
            Suppression Events: 3
Time: 367.01, 
            Production Events: 0, 
            Suppression Events: 1
Time: 369.04, 
            Production Events: 0, 
            Suppression Events: 2
Time: 369.04, 
            Production Events: 0, 
            Suppression Events: 0
Time: 370.06, 
            Production Events: 0, 
            Suppression Events: 3
Time: 372.84, 
            Production Events: 1, 
            Suppression Events: 1
Time: 372.84, 
            Production Events: 0, 
            Suppression Events: 0
Time: 373.82, 
            Production Events: 0, 
            Suppression Events: 1
Time: 374.1, 
            Production Events: 0, 
            Suppression Events: 1
Time: 375.69, 
            Production Events: 0, 
            Suppression Events: 4
Time: 376.07, 
            Production Events: 0, 
            Suppression Events: 1
Time: 377.85, 
            Production Events: 0, 
            Suppression Events: 2
Time: 378.33, 
            Production Events: 0, 
            Suppression Events: 1
Time: 379.02, 
            Production Events: 0, 
            Suppression Events: 2
Time: 380.18, 
            Production Events: 0, 
            Suppression Events: 2
Time: 382.16, 
            Production Events: 1, 
            Suppression Events: 0
Time: 382.16, 
            Production Events: 0, 
            Suppression Events: 0
Time: 383.75, 
            Production Events: 1, 
            Suppression Events: 1
Time: 384.48, 
            Production Events: 0, 
            Suppression Events: 1
Time: 385.29, 
            Production Events: 0, 
            Suppression Events: 2
Time: 387.89, 
            Production Events: 0, 
            Suppression Events: 3
Time: 387.89, 
            Production Events: 0, 
            Suppression Events: 0
Time: 389.47, 
            Production Events: 0, 
            Suppression Events: 1
Time: 389.47, 
            Production Events: 0, 
            Suppression Events: 0
Time: 392.26, 
            Production Events: 1, 
            Suppression Events: 1
Time: 392.26, 
            Production Events: 0, 
            Suppression Events: 0
Time: 392.26, 
            Production Events: 0, 
            Suppression Events: 0
Time: 393.68, 
            Production Events: 1, 
            Suppression Events: 1
Time: 394.83, 
            Production Events: 0, 
            Suppression Events: 1
Time: 395.2, 
            Production Events: 0, 
            Suppression Events: 1
Time: 397.19, 
            Production Events: 0, 
            Suppression Events: 2
Time: 397.19, 
            Production Events: 0, 
            Suppression Events: 0
Time: 398.09, 
            Production Events: 0, 
            Suppression Events: 1
Time: 400.14, 
            Production Events: 0, 
            Suppression Events: 1
Time: 400.14, 
            Production Events: 0, 
            Suppression Events: 0
Time: 402.03, 
            Production Events: 1, 
            Suppression Events: 3
Time: 402.03, 
            Production Events: 0, 
            Suppression Events: 0
Time: 403.85, 
            Production Events: 0, 
            Suppression Events: 1
Time: 404.78, 
            Production Events: 0, 
            Suppression Events: 1
Time: 406.23, 
            Production Events: 0, 
            Suppression Events: 1
Time: 406.23, 
            Production Events: 0, 
            Suppression Events: 0
Time: 408.85, 
            Production Events: 0, 
            Suppression Events: 1
Time: 408.85, 
            Production Events: 0, 
            Suppression Events: 0
Time: 409.02, 
            Production Events: 0, 
            Suppression Events: 1
Time: 410.7, 
            Production Events: 1, 
            Suppression Events: 1
Time: 411.45, 
            Production Events: 0, 
            Suppression Events: 2
Time: 412.46, 
            Production Events: 0, 
            Suppression Events: 1
Time: 413.74, 
            Production Events: 0, 
            Suppression Events: 3
Time: 415.07, 
            Production Events: 0, 
            Suppression Events: 2
Time: 415.07, 
            Production Events: 0, 
            Suppression Events: 0
Time: 416.04, 
            Production Events: 0, 
            Suppression Events: 1
Time: 417.97, 
            Production Events: 0, 
            Suppression Events: 2
Time: 424.14, 
            Production Events: 0, 
            Suppression Events: 1
Time: 424.14, 
            Production Events: 0, 
            Suppression Events: 0
Time: 424.14, 
            Production Events: 0, 
            Suppression Events: 0
Time: 424.14, 
            Production Events: 0, 
            Suppression Events: 0
Time: 424.14, 
            Production Events: 0, 
            Suppression Events: 0
Time: 424.14, 
            Production Events: 0, 
            Suppression Events: 0
Time: 424.14, 
            Production Events: 0, 
            Suppression Events: 0
Time: 425.5, 
            Production Events: 0, 
            Suppression Events: 1
Time: 426.21, 
            Production Events: 0, 
            Suppression Events: 1
Time: 427.12, 
            Production Events: 0, 
            Suppression Events: 3
Time: 431.37, 
            Production Events: 0, 
            Suppression Events: 2
Time: 431.37, 
            Production Events: 0, 
            Suppression Events: 0
Time: 431.37, 
            Production Events: 0, 
            Suppression Events: 0
Time: 431.37, 
            Production Events: 0, 
            Suppression Events: 0
Time: 432.19, 
            Production Events: 0, 
            Suppression Events: 1
Time: 433.6, 
            Production Events: 1, 
            Suppression Events: 0
Time: 434.47, 
            Production Events: 0, 
            Suppression Events: 2
Time: 435.24, 
            Production Events: 0, 
            Suppression Events: 2
Time: 436.49, 
            Production Events: 0, 
            Suppression Events: 2
Time: 437.75, 
            Production Events: 0, 
            Suppression Events: 1
Time: 442.74, 
            Production Events: 0, 
            Suppression Events: 1
Time: 442.74, 
            Production Events: 0, 
            Suppression Events: 0
Time: 442.74, 
            Production Events: 0, 
            Suppression Events: 0
Time: 442.74, 
            Production Events: 0, 
            Suppression Events: 0
Time: 442.74, 
            Production Events: 0, 
            Suppression Events: 0
Time: 443.65, 
            Production Events: 0, 
            Suppression Events: 1
Time: 444.99, 
            Production Events: 0, 
            Suppression Events: 1
Time: 446.71, 
            Production Events: 0, 
            Suppression Events: 1
Time: 446.71, 
            Production Events: 0, 
            Suppression Events: 0
Time: 447.67, 
            Production Events: 0, 
            Suppression Events: 1
Time: 448.09, 
            Production Events: 1, 
            Suppression Events: 0
Time: 449.58, 
            Production Events: 0, 
            Suppression Events: 3
Time: 450.8, 
            Production Events: 0, 
            Suppression Events: 1
Time: 451.13, 
            Production Events: 0, 
            Suppression Events: 1
Time: 453.21, 
            Production Events: 0, 
            Suppression Events: 3
Time: 453.21, 
            Production Events: 0, 
            Suppression Events: 0
Time: 455.26, 
            Production Events: 1, 
            Suppression Events: 1
Time: 455.26, 
            Production Events: 0, 
            Suppression Events: 0
Time: 456.24, 
            Production Events: 0, 
            Suppression Events: 2
Time: 457.07, 
            Production Events: 0, 
            Suppression Events: 1
Time: 460.47, 
            Production Events: 0, 
            Suppression Events: 1
Time: 460.47, 
            Production Events: 0, 
            Suppression Events: 0
Time: 460.47, 
            Production Events: 0, 
            Suppression Events: 0
Time: 461.38, 
            Production Events: 0, 
            Suppression Events: 1
Time: 462.4, 
            Production Events: 0, 
            Suppression Events: 2
Time: 464.32, 
            Production Events: 1, 
            Suppression Events: 1
Time: 464.32, 
            Production Events: 0, 
            Suppression Events: 0
Time: 467.04, 
            Production Events: 0, 
            Suppression Events: 1
Time: 467.04, 
            Production Events: 0, 
            Suppression Events: 0
Time: 467.04, 
            Production Events: 0, 
            Suppression Events: 0
Time: 468.15, 
            Production Events: 0, 
            Suppression Events: 2
Time: 470.9, 
            Production Events: 0, 
            Suppression Events: 3
Time: 470.9, 
            Production Events: 0, 
            Suppression Events: 0
Time: 471.42, 
            Production Events: 0, 
            Suppression Events: 1
Time: 477.77, 
            Production Events: 0, 
            Suppression Events: 3
Time: 477.77, 
            Production Events: 0, 
            Suppression Events: 0
Time: 477.77, 
            Production Events: 0, 
            Suppression Events: 0
Time: 477.77, 
            Production Events: 0, 
            Suppression Events: 0
Time: 477.77, 
            Production Events: 0, 
            Suppression Events: 0
Time: 477.77, 
            Production Events: 0, 
            Suppression Events: 0
Time: 478.57, 
            Production Events: 0, 
            Suppression Events: 1
Time: 479.46, 
            Production Events: 0, 
            Suppression Events: 2
Time: 482.36, 
            Production Events: 0, 
            Suppression Events: 2
Time: 482.36, 
            Production Events: 0, 
            Suppression Events: 0
Time: 482.36, 
            Production Events: 0, 
            Suppression Events: 0
Time: 485.28, 
            Production Events: 0, 
            Suppression Events: 2
Time: 485.28, 
            Production Events: 0, 
            Suppression Events: 0
Time: 485.28, 
            Production Events: 0, 
            Suppression Events: 0
Time: 486.12, 
            Production Events: 0, 
            Suppression Events: 2
Time: 487.4, 
            Production Events: 0, 
            Suppression Events: 2
Time: 489.37, 
            Production Events: 0, 
            Suppression Events: 2
Time: 489.37, 
            Production Events: 0, 
            Suppression Events: 0
Time: 490.86, 
            Production Events: 0, 
            Suppression Events: 2
Time: 491.02, 
            Production Events: 1, 
            Suppression Events: 0
Time: 492.9, 
            Production Events: 0, 
            Suppression Events: 1
Time: 493.88, 
            Production Events: 0, 
            Suppression Events: 1
Time: 495.56, 
            Production Events: 0, 
            Suppression Events: 1
Time: 495.56, 
            Production Events: 0, 
            Suppression Events: 0
Time: 496.43, 
            Production Events: 1, 
            Suppression Events: 0
Time: 498.04, 
            Production Events: 0, 
            Suppression Events: 1
Time: 498.04, 
            Production Events: 0, 
            Suppression Events: 0
Time: 499.73, 
            Production Events: 0, 
            Suppression Events: 1
Time: 500.59, 
            Production Events: 0, 
            Suppression Events: 1
Time: 501.02, 
            Production Events: 0, 
            Suppression Events: 2
Time: 502.01, 
            Production Events: 0, 
            Suppression Events: 3
Time: 505.0, 
            Production Events: 0, 
            Suppression Events: 2
Time: 505.0, 
            Production Events: 0, 
            Suppression Events: 0
Time: 505.98, 
            Production Events: 0, 
            Suppression Events: 1
Time: 506.44, 
            Production Events: 0, 
            Suppression Events: 1
Time: 508.51, 
            Production Events: 0, 
            Suppression Events: 2
Time: 508.51, 
            Production Events: 0, 
            Suppression Events: 0
Time: 509.22, 
            Production Events: 0, 
            Suppression Events: 1
Time: 510.15, 
            Production Events: 0, 
            Suppression Events: 2
Time: 511.65, 
            Production Events: 0, 
            Suppression Events: 2
Time: 513.54, 
            Production Events: 0, 
            Suppression Events: 2
Time: 513.54, 
            Production Events: 0, 
            Suppression Events: 0
Time: 514.5, 
            Production Events: 1, 
            Suppression Events: 1
Time: 516.01, 
            Production Events: 0, 
            Suppression Events: 1
Time: 516.01, 
            Production Events: 0, 
            Suppression Events: 0
Time: 518.77, 
            Production Events: 0, 
            Suppression Events: 2
Time: 518.77, 
            Production Events: 0, 
            Suppression Events: 0
Time: 519.56, 
            Production Events: 0, 
            Suppression Events: 2
Time: 521.25, 
            Production Events: 0, 
            Suppression Events: 1
Time: 521.25, 
            Production Events: 0, 
            Suppression Events: 0
Time: 522.52, 
            Production Events: 0, 
            Suppression Events: 2
Time: 523.03, 
            Production Events: 0, 
            Suppression Events: 1
Time: 525.51, 
            Production Events: 0, 
            Suppression Events: 2
Time: 525.51, 
            Production Events: 0, 
            Suppression Events: 0
Time: 526.41, 
            Production Events: 0, 
            Suppression Events: 2
Time: 529.18, 
            Production Events: 0, 
            Suppression Events: 1
Time: 529.18, 
            Production Events: 0, 
            Suppression Events: 0
Time: 529.18, 
            Production Events: 0, 
            Suppression Events: 0
Time: 532.2, 
            Production Events: 0, 
            Suppression Events: 2
Time: 532.2, 
            Production Events: 0, 
            Suppression Events: 0
Time: 532.2, 
            Production Events: 0, 
            Suppression Events: 0
Time: 534.02, 
            Production Events: 0, 
            Suppression Events: 1
Time: 534.02, 
            Production Events: 0, 
            Suppression Events: 0
Time: 535.16, 
            Production Events: 0, 
            Suppression Events: 1
Time: 538.93, 
            Production Events: 1, 
            Suppression Events: 3
Time: 538.93, 
            Production Events: 0, 
            Suppression Events: 0
Time: 538.93, 
            Production Events: 0, 
            Suppression Events: 0
Time: 539.32, 
            Production Events: 0, 
            Suppression Events: 1
Time: 541.04, 
            Production Events: 0, 
            Suppression Events: 4
Time: 541.04, 
            Production Events: 0, 
            Suppression Events: 0
Time: 545.59, 
            Production Events: 1, 
            Suppression Events: 1
Time: 545.59, 
            Production Events: 0, 
            Suppression Events: 0
Time: 545.59, 
            Production Events: 0, 
            Suppression Events: 0
Time: 545.59, 
            Production Events: 0, 
            Suppression Events: 0
Time: 546.57, 
            Production Events: 0, 
            Suppression Events: 1
Time: 547.9, 
            Production Events: 1, 
            Suppression Events: 0
Time: 548.01, 
            Production Events: 0, 
            Suppression Events: 1
Time: 549.66, 
            Production Events: 0, 
            Suppression Events: 2
Time: 550.33, 
            Production Events: 0, 
            Suppression Events: 2
Time: 551.56, 
            Production Events: 0, 
            Suppression Events: 1
Time: 557.31, 
            Production Events: 0, 
            Suppression Events: 2
Time: 557.31, 
            Production Events: 0, 
            Suppression Events: 0
Time: 557.31, 
            Production Events: 0, 
            Suppression Events: 0
Time: 557.31, 
            Production Events: 0, 
            Suppression Events: 0
Time: 557.31, 
            Production Events: 0, 
            Suppression Events: 0
Time: 557.31, 
            Production Events: 0, 
            Suppression Events: 0
Time: 559.36, 
            Production Events: 0, 
            Suppression Events: 1
Time: 559.36, 
            Production Events: 0, 
            Suppression Events: 0
Time: 560.25, 
            Production Events: 1, 
            Suppression Events: 0
Time: 561.22, 
            Production Events: 0, 
            Suppression Events: 2
Time: 562.88, 
            Production Events: 0, 
            Suppression Events: 2
Time: 563.26, 
            Production Events: 0, 
            Suppression Events: 1
Time: 565.35, 
            Production Events: 0, 
            Suppression Events: 1
Time: 565.35, 
            Production Events: 0, 
            Suppression Events: 0
Time: 566.49, 
            Production Events: 0, 
            Suppression Events: 3
Time: 568.88, 
            Production Events: 0, 
            Suppression Events: 1
Time: 568.88, 
            Production Events: 0, 
            Suppression Events: 0
Time: 572.38, 
            Production Events: 0, 
            Suppression Events: 1
Time: 572.38, 
            Production Events: 0, 
            Suppression Events: 0
Time: 572.38, 
            Production Events: 0, 
            Suppression Events: 0
Time: 572.38, 
            Production Events: 0, 
            Suppression Events: 0
Time: 573.23, 
            Production Events: 0, 
            Suppression Events: 2
Time: 574.02, 
            Production Events: 0, 
            Suppression Events: 2
Time: 576.22, 
            Production Events: 0, 
            Suppression Events: 1
Time: 576.22, 
            Production Events: 0, 
            Suppression Events: 0
Time: 579.58, 
            Production Events: 0, 
            Suppression Events: 2
Time: 579.58, 
            Production Events: 0, 
            Suppression Events: 0
Time: 579.58, 
            Production Events: 0, 
            Suppression Events: 0
Time: 581.56, 
            Production Events: 0, 
            Suppression Events: 1
Time: 581.56, 
            Production Events: 0, 
            Suppression Events: 0
Time: 582.89, 
            Production Events: 0, 
            Suppression Events: 2
Time: 585.67, 
            Production Events: 0, 
            Suppression Events: 1
Time: 585.67, 
            Production Events: 0, 
            Suppression Events: 0
Time: 585.67, 
            Production Events: 0, 
            Suppression Events: 0
Time: 588.09, 
            Production Events: 0, 
            Suppression Events: 2
Time: 588.09, 
            Production Events: 0, 
            Suppression Events: 0
Time: 588.09, 
            Production Events: 0, 
            Suppression Events: 0
Time: 589.1, 
            Production Events: 1, 
            Suppression Events: 1
Time: 591.24, 
            Production Events: 0, 
            Suppression Events: 3
Time: 591.24, 
            Production Events: 0, 
            Suppression Events: 0
Time: 592.39, 
            Production Events: 0, 
            Suppression Events: 1
Time: 594.93, 
            Production Events: 0, 
            Suppression Events: 1
Time: 594.93, 
            Production Events: 0, 
            Suppression Events: 0
Time: 596.94, 
            Production Events: 0, 
            Suppression Events: 1
Time: 596.94, 
            Production Events: 0, 
            Suppression Events: 0
Time: 598.16, 
            Production Events: 0, 
            Suppression Events: 1
Time: 598.16, 
            Production Events: 0, 
            Suppression Events: 0
Time: 599.87, 
            Production Events: 0, 
            Suppression Events: 1
Time: 600.28, 
            Production Events: 0, 
            Suppression Events: 1
Time: 601.16, 
            Production Events: 0, 
            Suppression Events: 2
Time: 602.28, 
            Production Events: 0, 
            Suppression Events: 3
Time: 603.34, 
            Production Events: 0, 
            Suppression Events: 1
Time: 604.78, 
            Production Events: 0, 
            Suppression Events: 1
Time: 605.52, 
            Production Events: 0, 
            Suppression Events: 1
Time: 606.01, 
            Production Events: 0, 
            Suppression Events: 1
Time: 608.27, 
            Production Events: 0, 
            Suppression Events: 5
Time: 608.27, 
            Production Events: 0, 
            Suppression Events: 0
Time: 609.15, 
            Production Events: 0, 
            Suppression Events: 1
Time: 611.77, 
            Production Events: 0, 
            Suppression Events: 1
Time: 611.77, 
            Production Events: 0, 
            Suppression Events: 0
Time: 612.47, 
            Production Events: 0, 
            Suppression Events: 1
Time: 613.57, 
            Production Events: 0, 
            Suppression Events: 1
Time: 615.5, 
            Production Events: 1, 
            Suppression Events: 0
Time: 615.5, 
            Production Events: 0, 
            Suppression Events: 0
Time: 616.91, 
            Production Events: 0, 
            Suppression Events: 1
Time: 617.19, 
            Production Events: 0, 
            Suppression Events: 1
Time: 619.55, 
            Production Events: 0, 
            Suppression Events: 2
Time: 619.55, 
            Production Events: 0, 
            Suppression Events: 0
Time: 622.71, 
            Production Events: 0, 
            Suppression Events: 1
Time: 622.71, 
            Production Events: 0, 
            Suppression Events: 0
Time: 622.71, 
            Production Events: 0, 
            Suppression Events: 0
Time: 624.88, 
            Production Events: 0, 
            Suppression Events: 2
Time: 624.88, 
            Production Events: 0, 
            Suppression Events: 0
Time: 626.45, 
            Production Events: 0, 
            Suppression Events: 1
Time: 626.45, 
            Production Events: 0, 
            Suppression Events: 0
Time: 628.52, 
            Production Events: 0, 
            Suppression Events: 2
Time: 628.52, 
            Production Events: 0, 
            Suppression Events: 0
Time: 629.98, 
            Production Events: 0, 
            Suppression Events: 1
Time: 632.48, 
            Production Events: 0, 
            Suppression Events: 1
Time: 632.48, 
            Production Events: 0, 
            Suppression Events: 0
Time: 632.48, 
            Production Events: 0, 
            Suppression Events: 0
Time: 633.21, 
            Production Events: 0, 
            Suppression Events: 1
Time: 634.45, 
            Production Events: 0, 
            Suppression Events: 3
Time: 637.15, 
            Production Events: 0, 
            Suppression Events: 2
Time: 637.15, 
            Production Events: 0, 
            Suppression Events: 0
Time: 637.15, 
            Production Events: 0, 
            Suppression Events: 0
Time: 638.01, 
            Production Events: 1, 
            Suppression Events: 1
Time: 639.61, 
            Production Events: 0, 
            Suppression Events: 1
Time: 640.77, 
            Production Events: 1, 
            Suppression Events: 0
Time: 641.04, 
            Production Events: 0, 
            Suppression Events: 1
Time: 642.55, 
            Production Events: 1, 
            Suppression Events: 2
Time: 643.74, 
            Production Events: 1, 
            Suppression Events: 0
Time: 644.88, 
            Production Events: 0, 
            Suppression Events: 1
Time: 647.66, 
            Production Events: 0, 
            Suppression Events: 1
Time: 647.66, 
            Production Events: 0, 
            Suppression Events: 0
Time: 647.66, 
            Production Events: 0, 
            Suppression Events: 0
Time: 648.21, 
            Production Events: 0, 
            Suppression Events: 1
Time: 650.52, 
            Production Events: 0, 
            Suppression Events: 1
Time: 650.52, 
            Production Events: 0, 
            Suppression Events: 0
Time: 651.13, 
            Production Events: 0, 
            Suppression Events: 1
Time: 652.61, 
            Production Events: 0, 
            Suppression Events: 2
Time: 653.51, 
            Production Events: 0, 
            Suppression Events: 1
Time: 657.47, 
            Production Events: 0, 
            Suppression Events: 2
Time: 657.47, 
            Production Events: 0, 
            Suppression Events: 0
Time: 657.47, 
            Production Events: 0, 
            Suppression Events: 0
Time: 657.47, 
            Production Events: 0, 
            Suppression Events: 0
Time: 658.96, 
            Production Events: 0, 
            Suppression Events: 2
Time: 659.01, 
            Production Events: 0, 
            Suppression Events: 1
Time: 661.27, 
            Production Events: 0, 
            Suppression Events: 3
Time: 661.27, 
            Production Events: 0, 
            Suppression Events: 0
Time: 663.48, 
            Production Events: 0, 
            Suppression Events: 1
Time: 663.48, 
            Production Events: 0, 
            Suppression Events: 0
Time: 664.85, 
            Production Events: 0, 
            Suppression Events: 2
Time: 666.28, 
            Production Events: 0, 
            Suppression Events: 1
Time: 666.28, 
            Production Events: 0, 
            Suppression Events: 0
Time: 667.33, 
            Production Events: 2, 
            Suppression Events: 0
Time: 669.9, 
            Production Events: 0, 
            Suppression Events: 1
Time: 669.9, 
            Production Events: 0, 
            Suppression Events: 0
Time: 671.64, 
            Production Events: 0, 
            Suppression Events: 1
Time: 671.64, 
            Production Events: 0, 
            Suppression Events: 0
Time: 673.09, 
            Production Events: 0, 
            Suppression Events: 1
Time: 673.09, 
            Production Events: 0, 
            Suppression Events: 0
Time: 674.95, 
            Production Events: 0, 
            Suppression Events: 1
Time: 677.22, 
            Production Events: 0, 
            Suppression Events: 1
Time: 677.22, 
            Production Events: 0, 
            Suppression Events: 0
Time: 677.22, 
            Production Events: 0, 
            Suppression Events: 0
Time: 679.41, 
            Production Events: 0, 
            Suppression Events: 2
Time: 679.41, 
            Production Events: 0, 
            Suppression Events: 0
Time: 681.3, 
            Production Events: 0, 
            Suppression Events: 2
Time: 681.3, 
            Production Events: 0, 
            Suppression Events: 0
Time: 684.16, 
            Production Events: 0, 
            Suppression Events: 2
Time: 684.16, 
            Production Events: 0, 
            Suppression Events: 0
Time: 684.16, 
            Production Events: 0, 
            Suppression Events: 0
Time: 685.52, 
            Production Events: 0, 
            Suppression Events: 2
Time: 686.38, 
            Production Events: 0, 
            Suppression Events: 1
Time: 688.5, 
            Production Events: 0, 
            Suppression Events: 2
Time: 688.5, 
            Production Events: 0, 
            Suppression Events: 0
Time: 689.18, 
            Production Events: 0, 
            Suppression Events: 1
Time: 690.26, 
            Production Events: 0, 
            Suppression Events: 3
Time: 691.52, 
            Production Events: 0, 
            Suppression Events: 2
Time: 692.55, 
            Production Events: 0, 
            Suppression Events: 1
Time: 693.93, 
            Production Events: 0, 
            Suppression Events: 2
Time: 695.73, 
            Production Events: 0, 
            Suppression Events: 1
Time: 695.73, 
            Production Events: 0, 
            Suppression Events: 0
Time: 696.46, 
            Production Events: 0, 
            Suppression Events: 2
Time: 697.03, 
            Production Events: 1, 
            Suppression Events: 1
Time: 698.56, 
            Production Events: 0, 
            Suppression Events: 3
Time: 700.6, 
            Production Events: 0, 
            Suppression Events: 2
Time: 700.6, 
            Production Events: 0, 
            Suppression Events: 0
Time: 701.34, 
            Production Events: 0, 
            Suppression Events: 1
Time: 702.97, 
            Production Events: 0, 
            Suppression Events: 1
Time: 703.39, 
            Production Events: 0, 
            Suppression Events: 1
Time: 704.17, 
            Production Events: 0, 
            Suppression Events: 2
Time: 705.04, 
            Production Events: 1, 
            Suppression Events: 2
Time: 708.71, 
            Production Events: 1, 
            Suppression Events: 2
Time: 708.71, 
            Production Events: 0, 
            Suppression Events: 0
Time: 708.71, 
            Production Events: 0, 
            Suppression Events: 0
Time: 710.25, 
            Production Events: 0, 
            Suppression Events: 1
Time: 710.25, 
            Production Events: 0, 
            Suppression Events: 0
Time: 711.37, 
            Production Events: 0, 
            Suppression Events: 1
Time: 712.67, 
            Production Events: 0, 
            Suppression Events: 1
Time: 714.14, 
            Production Events: 0, 
            Suppression Events: 2
Time: 714.14, 
            Production Events: 0, 
            Suppression Events: 0
Time: 715.5, 
            Production Events: 0, 
            Suppression Events: 1
Time: 719.3, 
            Production Events: 0, 
            Suppression Events: 2
Time: 719.3, 
            Production Events: 0, 
            Suppression Events: 0
Time: 719.3, 
            Production Events: 0, 
            Suppression Events: 0
Time: 719.3, 
            Production Events: 0, 
            Suppression Events: 0
Time: 720.13, 
            Production Events: 0, 
            Suppression Events: 2
Time: 722.29, 
            Production Events: 0, 
            Suppression Events: 2
Time: 722.29, 
            Production Events: 0, 
            Suppression Events: 0
Time: 723.36, 
            Production Events: 0, 
            Suppression Events: 1
Time: 725.24, 
            Production Events: 0, 
            Suppression Events: 1
Time: 725.24, 
            Production Events: 0, 
            Suppression Events: 0
Time: 726.25, 
            Production Events: 0, 
            Suppression Events: 3
Time: 727.35, 
            Production Events: 0, 
            Suppression Events: 2
Time: 728.59, 
            Production Events: 0, 
            Suppression Events: 2
Time: 729.67, 
            Production Events: 0, 
            Suppression Events: 2
Time: 730.13, 
            Production Events: 0, 
            Suppression Events: 2
Time: 731.82, 
            Production Events: 0, 
            Suppression Events: 2
Time: 732.29, 
            Production Events: 0, 
            Suppression Events: 2
Time: 733.52, 
            Production Events: 0, 
            Suppression Events: 5
Time: 735.32, 
            Production Events: 1, 
            Suppression Events: 1
Time: 735.32, 
            Production Events: 0, 
            Suppression Events: 0
Time: 738.15, 
            Production Events: 0, 
            Suppression Events: 1
Time: 738.15, 
            Production Events: 0, 
            Suppression Events: 0
Time: 738.15, 
            Production Events: 0, 
            Suppression Events: 0
Time: 740.72, 
            Production Events: 0, 
            Suppression Events: 2
Time: 740.72, 
            Production Events: 0, 
            Suppression Events: 0
Time: 741.84, 
            Production Events: 1, 
            Suppression Events: 0
Time: 742.3, 
            Production Events: 0, 
            Suppression Events: 1
Time: 743.64, 
            Production Events: 0, 
            Suppression Events: 2
Time: 745.14, 
            Production Events: 0, 
            Suppression Events: 1
Time: 745.14, 
            Production Events: 0, 
            Suppression Events: 0
Time: 746.17, 
            Production Events: 0, 
            Suppression Events: 2
Time: 748.45, 
            Production Events: 0, 
            Suppression Events: 1
Time: 748.45, 
            Production Events: 0, 
            Suppression Events: 0
Time: 750.61, 
            Production Events: 1, 
            Suppression Events: 2
Time: 750.61, 
            Production Events: 0, 
            Suppression Events: 0
Time: 751.48, 
            Production Events: 0, 
            Suppression Events: 1
Time: 752.32, 
            Production Events: 0, 
            Suppression Events: 2
Time: 755.33, 
            Production Events: 0, 
            Suppression Events: 1
Time: 755.33, 
            Production Events: 0, 
            Suppression Events: 0
Time: 755.33, 
            Production Events: 0, 
            Suppression Events: 0
Time: 757.14, 
            Production Events: 0, 
            Suppression Events: 2
Time: 757.14, 
            Production Events: 0, 
            Suppression Events: 0
Time: 759.33, 
            Production Events: 0, 
            Suppression Events: 1
Time: 759.33, 
            Production Events: 0, 
            Suppression Events: 0
Time: 760.36, 
            Production Events: 1, 
            Suppression Events: 1
Time: 761.44, 
            Production Events: 0, 
            Suppression Events: 1
Time: 762.09, 
            Production Events: 0, 
            Suppression Events: 2
Time: 764.27, 
            Production Events: 0, 
            Suppression Events: 3
Time: 764.27, 
            Production Events: 0, 
            Suppression Events: 0
Time: 768.08, 
            Production Events: 0, 
            Suppression Events: 1
Time: 768.08, 
            Production Events: 0, 
            Suppression Events: 0
Time: 768.08, 
            Production Events: 0, 
            Suppression Events: 0
Time: 768.08, 
            Production Events: 0, 
            Suppression Events: 0
Time: 771.13, 
            Production Events: 1, 
            Suppression Events: 1
