Job array started at: Fri Nov 21 03:32:01 PM CET 2025
Job ID: 10860448
Array Job ID: 10860410
Array Task ID: 35
Node: th-ws-740m32
Loading Julia module...
Module loaded: /software/opt/el_9/x86_64/julia/1.11.3/bin/julia
Changing to project directory...
Current directory: /scratch/n/N.Pfaffenzeller/nikolas_nethive/nethive_multiverse
Running parameter combination 35, replicate 1
Starting Julia simulation...
Running simulation with the following configuration:
  dataset_names: [:mnist, :cifar10, :svhn2, :fashion_mnist, :bank]
  param_id: 35
  n_bees: 5
  batch_size: 32
  replicate_id: 1
  punish_rate: 0.1
  punishment: time_out
  lambda_sensitivity: 10
  save_nn_epochs: 0
  production_rate: 1
  interaction_rate: 100
  batches_per_step: 50
  learning_rate: 1.0e-6
  max_output_dim: 10
  n_steps_per_epoch: 1
  dead_time: 100
  max_input_dim: 3072
  n_epochs: 1000
  seed: 1130040042

Starting simulation with configuration:
  dataset_names: [:mnist, :cifar10, :svhn2, :fashion_mnist, :bank]
  param_id: 35
  n_bees: 5
  batch_size: 32
  replicate_id: 1
  punish_rate: 0.1
  punishment: time_out
  lambda_sensitivity: 10
  save_nn_epochs: 0
  production_rate: 1
  interaction_rate: 100
  batches_per_step: 50
  run_timestamp: 2025-11-21T15:36:20.104
  learning_rate: 1.0e-6
  max_output_dim: 10
  n_steps_per_epoch: 1
  dead_time: 100
  max_input_dim: 3072
  n_epochs: 1000
  seed: 1130040042
Random seed: 1130040042

Starting simulation...
Time: 1.67, 
            Production Events: 0, 
            Suppression Events: 3
Time: 2.23, 
            Production Events: 0, 
            Suppression Events: 1
Time: 3.3, 
            Production Events: 0, 
            Suppression Events: 1
Time: 9.71, 
            Production Events: 0, 
            Suppression Events: 1
Time: 9.71, 
            Production Events: 0, 
            Suppression Events: 0
Time: 9.71, 
            Production Events: 0, 
            Suppression Events: 0
Time: 9.71, 
            Production Events: 0, 
            Suppression Events: 0
Time: 9.71, 
            Production Events: 0, 
            Suppression Events: 0
Time: 9.71, 
            Production Events: 0, 
            Suppression Events: 0
Time: 10.56, 
            Production Events: 0, 
            Suppression Events: 2
Time: 15.5, 
            Production Events: 0, 
            Suppression Events: 1
Time: 15.5, 
            Production Events: 0, 
            Suppression Events: 0
Time: 15.5, 
            Production Events: 0, 
            Suppression Events: 0
Time: 15.5, 
            Production Events: 0, 
            Suppression Events: 0
Time: 15.5, 
            Production Events: 0, 
            Suppression Events: 0
Time: 18.83, 
            Production Events: 0, 
            Suppression Events: 1
Time: 18.83, 
            Production Events: 0, 
            Suppression Events: 0
Time: 18.83, 
            Production Events: 0, 
            Suppression Events: 0
Time: 19.88, 
            Production Events: 0, 
            Suppression Events: 1
Time: 20.49, 
            Production Events: 0, 
            Suppression Events: 1
Time: 21.63, 
            Production Events: 0, 
            Suppression Events: 1
Time: 22.04, 
            Production Events: 0, 
            Suppression Events: 1
Time: 24.32, 
            Production Events: 0, 
            Suppression Events: 4
Time: 24.32, 
            Production Events: 0, 
            Suppression Events: 0
Time: 25.14, 
            Production Events: 0, 
            Suppression Events: 1
Time: 26.85, 
            Production Events: 0, 
            Suppression Events: 1
Time: 27.45, 
            Production Events: 0, 
            Suppression Events: 1
Time: 28.32, 
            Production Events: 0, 
            Suppression Events: 2
Time: 29.3, 
            Production Events: 0, 
            Suppression Events: 4
Time: 31.1, 
            Production Events: 1, 
            Suppression Events: 0
Time: 31.1, 
            Production Events: 0, 
            Suppression Events: 0
Time: 34.67, 
            Production Events: 1, 
            Suppression Events: 0
Time: 34.67, 
            Production Events: 0, 
            Suppression Events: 0
Time: 34.67, 
            Production Events: 0, 
            Suppression Events: 0
Time: 36.88, 
            Production Events: 0, 
            Suppression Events: 1
Time: 36.88, 
            Production Events: 0, 
            Suppression Events: 0
Time: 38.09, 
            Production Events: 0, 
            Suppression Events: 1
Time: 38.09, 
            Production Events: 0, 
            Suppression Events: 0
Time: 39.76, 
            Production Events: 0, 
            Suppression Events: 1
Time: 40.83, 
            Production Events: 0, 
            Suppression Events: 1
Time: 42.1, 
            Production Events: 0, 
            Suppression Events: 1
Time: 42.1, 
            Production Events: 0, 
            Suppression Events: 0
Time: 43.89, 
            Production Events: 0, 
            Suppression Events: 1
Time: 44.08, 
            Production Events: 0, 
            Suppression Events: 1
Time: 46.0, 
            Production Events: 0, 
            Suppression Events: 1
Time: 46.0, 
            Production Events: 0, 
            Suppression Events: 0
Time: 47.1, 
            Production Events: 0, 
            Suppression Events: 2
Time: 50.34, 
            Production Events: 0, 
            Suppression Events: 1
Time: 50.34, 
            Production Events: 0, 
            Suppression Events: 0
Time: 50.34, 
            Production Events: 0, 
            Suppression Events: 0
Time: 52.1, 
            Production Events: 0, 
            Suppression Events: 1
Time: 52.1, 
            Production Events: 0, 
            Suppression Events: 0
Time: 53.82, 
            Production Events: 0, 
            Suppression Events: 1
Time: 54.77, 
            Production Events: 0, 
            Suppression Events: 1
Time: 55.56, 
            Production Events: 0, 
            Suppression Events: 1
Time: 56.03, 
            Production Events: 0, 
            Suppression Events: 2
Time: 57.08, 
            Production Events: 0, 
            Suppression Events: 2
Time: 58.2, 
            Production Events: 0, 
            Suppression Events: 2
Time: 59.32, 
            Production Events: 0, 
            Suppression Events: 2
Time: 62.01, 
            Production Events: 0, 
            Suppression Events: 2
Time: 62.01, 
            Production Events: 0, 
            Suppression Events: 0
Time: 62.01, 
            Production Events: 0, 
            Suppression Events: 0
Time: 66.53, 
            Production Events: 1, 
            Suppression Events: 2
Time: 66.53, 
            Production Events: 0, 
            Suppression Events: 0
Time: 66.53, 
            Production Events: 0, 
            Suppression Events: 0
Time: 66.53, 
            Production Events: 0, 
            Suppression Events: 0
Time: 67.42, 
            Production Events: 0, 
            Suppression Events: 1
Time: 69.07, 
            Production Events: 0, 
            Suppression Events: 1
Time: 69.07, 
            Production Events: 0, 
            Suppression Events: 0
Time: 73.52, 
            Production Events: 0, 
            Suppression Events: 1
Time: 73.52, 
            Production Events: 0, 
            Suppression Events: 0
Time: 73.52, 
            Production Events: 0, 
            Suppression Events: 0
Time: 73.52, 
            Production Events: 0, 
            Suppression Events: 0
Time: 74.02, 
            Production Events: 0, 
            Suppression Events: 1
Time: 77.02, 
            Production Events: 0, 
            Suppression Events: 5
Time: 77.02, 
            Production Events: 0, 
            Suppression Events: 0
Time: 77.02, 
            Production Events: 0, 
            Suppression Events: 0
Time: 78.2, 
            Production Events: 0, 
            Suppression Events: 2
Time: 80.2, 
            Production Events: 0, 
            Suppression Events: 1
Time: 80.2, 
            Production Events: 0, 
            Suppression Events: 0
Time: 81.33, 
            Production Events: 0, 
            Suppression Events: 1
Time: 82.13, 
            Production Events: 0, 
            Suppression Events: 1
Time: 83.4, 
            Production Events: 0, 
            Suppression Events: 2
Time: 85.52, 
            Production Events: 0, 
            Suppression Events: 1
Time: 85.52, 
            Production Events: 0, 
            Suppression Events: 0
Time: 86.01, 
            Production Events: 0, 
            Suppression Events: 1
Time: 87.18, 
            Production Events: 0, 
            Suppression Events: 3
Time: 90.47, 
            Production Events: 1, 
            Suppression Events: 1
Time: 90.47, 
            Production Events: 0, 
            Suppression Events: 0
Time: 90.47, 
            Production Events: 0, 
            Suppression Events: 0
Time: 92.14, 
            Production Events: 0, 
            Suppression Events: 2
Time: 92.14, 
            Production Events: 0, 
            Suppression Events: 0
Time: 96.17, 
            Production Events: 0, 
            Suppression Events: 1
Time: 96.17, 
            Production Events: 0, 
            Suppression Events: 0
Time: 96.17, 
            Production Events: 0, 
            Suppression Events: 0
Time: 96.17, 
            Production Events: 0, 
            Suppression Events: 0
Time: 98.77, 
            Production Events: 0, 
            Suppression Events: 1
Time: 98.77, 
            Production Events: 0, 
            Suppression Events: 0
Time: 100.49, 
            Production Events: 0, 
            Suppression Events: 1
Time: 100.49, 
            Production Events: 0, 
            Suppression Events: 0
Time: 101.21, 
            Production Events: 0, 
            Suppression Events: 2
Time: 103.13, 
            Production Events: 0, 
            Suppression Events: 2
Time: 103.13, 
            Production Events: 0, 
            Suppression Events: 0
Time: 105.0, 
            Production Events: 0, 
            Suppression Events: 2
Time: 105.0, 
            Production Events: 0, 
            Suppression Events: 1
Time: 106.79, 
            Production Events: 0, 
            Suppression Events: 1
Time: 107.11, 
            Production Events: 0, 
            Suppression Events: 1
Time: 112.58, 
            Production Events: 0, 
            Suppression Events: 1
Time: 112.58, 
            Production Events: 0, 
            Suppression Events: 0
Time: 112.58, 
            Production Events: 0, 
            Suppression Events: 0
Time: 112.58, 
            Production Events: 0, 
            Suppression Events: 0
Time: 112.58, 
            Production Events: 0, 
            Suppression Events: 0
Time: 113.14, 
            Production Events: 0, 
            Suppression Events: 1
Time: 114.04, 
            Production Events: 0, 
            Suppression Events: 1
Time: 115.42, 
            Production Events: 0, 
            Suppression Events: 2
Time: 116.2, 
            Production Events: 0, 
            Suppression Events: 2
Time: 117.29, 
            Production Events: 0, 
            Suppression Events: 1
Time: 118.37, 
            Production Events: 0, 
            Suppression Events: 1
Time: 119.26, 
            Production Events: 0, 
            Suppression Events: 2
Time: 120.82, 
            Production Events: 0, 
            Suppression Events: 1
Time: 124.05, 
            Production Events: 0, 
            Suppression Events: 1
Time: 124.05, 
            Production Events: 0, 
            Suppression Events: 0
Time: 124.05, 
            Production Events: 0, 
            Suppression Events: 0
Time: 124.05, 
            Production Events: 0, 
            Suppression Events: 0
Time: 125.1, 
            Production Events: 0, 
            Suppression Events: 1
Time: 126.11, 
            Production Events: 0, 
            Suppression Events: 1
Time: 127.06, 
            Production Events: 0, 
            Suppression Events: 3
Time: 129.47, 
            Production Events: 0, 
            Suppression Events: 1
Time: 129.47, 
            Production Events: 0, 
            Suppression Events: 0
Time: 134.44, 
            Production Events: 0, 
            Suppression Events: 2
Time: 134.44, 
            Production Events: 0, 
            Suppression Events: 0
Time: 134.44, 
            Production Events: 0, 
            Suppression Events: 0
Time: 134.44, 
            Production Events: 0, 
            Suppression Events: 0
Time: 134.44, 
            Production Events: 0, 
            Suppression Events: 0
Time: 135.66, 
            Production Events: 0, 
            Suppression Events: 1
Time: 136.84, 
            Production Events: 0, 
            Suppression Events: 2
Time: 139.61, 
            Production Events: 0, 
            Suppression Events: 1
Time: 139.61, 
            Production Events: 0, 
            Suppression Events: 0
Time: 139.61, 
            Production Events: 0, 
            Suppression Events: 0
Time: 140.37, 
            Production Events: 0, 
            Suppression Events: 2
Time: 145.19, 
            Production Events: 0, 
            Suppression Events: 2
Time: 145.19, 
            Production Events: 0, 
            Suppression Events: 0
Time: 145.19, 
            Production Events: 0, 
            Suppression Events: 0
Time: 145.19, 
            Production Events: 0, 
            Suppression Events: 0
Time: 145.19, 
            Production Events: 0, 
            Suppression Events: 0
Time: 146.43, 
            Production Events: 0, 
            Suppression Events: 2
Time: 147.69, 
            Production Events: 0, 
            Suppression Events: 1
Time: 148.34, 
            Production Events: 1, 
            Suppression Events: 0
Time: 150.06, 
            Production Events: 0, 
            Suppression Events: 2
Time: 150.06, 
            Production Events: 0, 
            Suppression Events: 0
Time: 153.06, 
            Production Events: 2, 
            Suppression Events: 2
Time: 153.06, 
            Production Events: 0, 
            Suppression Events: 0
Time: 153.06, 
            Production Events: 0, 
            Suppression Events: 0
Time: 154.01, 
            Production Events: 0, 
            Suppression Events: 3
Time: 156.27, 
            Production Events: 0, 
            Suppression Events: 3
Time: 156.27, 
            Production Events: 0, 
            Suppression Events: 0
Time: 157.91, 
            Production Events: 0, 
            Suppression Events: 1
Time: 158.71, 
            Production Events: 0, 
            Suppression Events: 1
Time: 159.05, 
            Production Events: 0, 
            Suppression Events: 1
Time: 161.28, 
            Production Events: 0, 
            Suppression Events: 1
Time: 161.28, 
            Production Events: 0, 
            Suppression Events: 0
Time: 162.88, 
            Production Events: 0, 
            Suppression Events: 1
Time: 163.23, 
            Production Events: 0, 
            Suppression Events: 1
Time: 164.74, 
            Production Events: 0, 
            Suppression Events: 1
Time: 165.0, 
            Production Events: 0, 
            Suppression Events: 2
Time: 167.15, 
            Production Events: 0, 
            Suppression Events: 2
Time: 167.15, 
            Production Events: 0, 
            Suppression Events: 0
Time: 174.91, 
            Production Events: 1, 
            Suppression Events: 1
Time: 174.91, 
            Production Events: 0, 
            Suppression Events: 0
Time: 174.91, 
            Production Events: 0, 
            Suppression Events: 0
Time: 174.91, 
            Production Events: 0, 
            Suppression Events: 0
Time: 174.91, 
            Production Events: 0, 
            Suppression Events: 0
Time: 174.91, 
            Production Events: 0, 
            Suppression Events: 0
Time: 174.91, 
            Production Events: 0, 
            Suppression Events: 0
Time: 178.88, 
            Production Events: 0, 
            Suppression Events: 1
Time: 178.88, 
            Production Events: 0, 
            Suppression Events: 0
Time: 178.88, 
            Production Events: 0, 
            Suppression Events: 0
Time: 178.88, 
            Production Events: 0, 
            Suppression Events: 0
Time: 180.05, 
            Production Events: 0, 
            Suppression Events: 1
Time: 180.05, 
            Production Events: 0, 
            Suppression Events: 0
Time: 181.86, 
            Production Events: 0, 
            Suppression Events: 2
Time: 182.16, 
            Production Events: 0, 
            Suppression Events: 1
Time: 183.93, 
            Production Events: 0, 
            Suppression Events: 2
Time: 184.36, 
            Production Events: 0, 
            Suppression Events: 1
Time: 186.92, 
            Production Events: 0, 
            Suppression Events: 2
Time: 186.92, 
            Production Events: 0, 
            Suppression Events: 0
Time: 188.37, 
            Production Events: 0, 
            Suppression Events: 1
Time: 188.37, 
            Production Events: 0, 
            Suppression Events: 0
Time: 192.44, 
            Production Events: 0, 
            Suppression Events: 1
Time: 192.44, 
            Production Events: 0, 
            Suppression Events: 0
Time: 192.44, 
            Production Events: 0, 
            Suppression Events: 0
Time: 192.44, 
            Production Events: 0, 
            Suppression Events: 0
Time: 194.52, 
            Production Events: 0, 
            Suppression Events: 2
Time: 194.52, 
            Production Events: 0, 
            Suppression Events: 0
Time: 195.01, 
            Production Events: 0, 
            Suppression Events: 1
Time: 196.99, 
            Production Events: 0, 
            Suppression Events: 4
Time: 199.88, 
            Production Events: 0, 
            Suppression Events: 1
Time: 199.88, 
            Production Events: 0, 
            Suppression Events: 0
Time: 199.88, 
            Production Events: 0, 
            Suppression Events: 0
Time: 200.58, 
            Production Events: 0, 
            Suppression Events: 1
Time: 201.72, 
            Production Events: 0, 
            Suppression Events: 2
Time: 204.2, 
            Production Events: 0, 
            Suppression Events: 1
Time: 204.2, 
            Production Events: 0, 
            Suppression Events: 0
Time: 204.2, 
            Production Events: 0, 
            Suppression Events: 0
Time: 205.6, 
            Production Events: 0, 
            Suppression Events: 4
Time: 208.14, 
            Production Events: 1, 
            Suppression Events: 0
Time: 208.14, 
            Production Events: 0, 
            Suppression Events: 0
Time: 208.14, 
            Production Events: 0, 
            Suppression Events: 0
Time: 210.02, 
            Production Events: 0, 
            Suppression Events: 1
Time: 210.02, 
            Production Events: 0, 
            Suppression Events: 0
Time: 212.86, 
            Production Events: 0, 
            Suppression Events: 3
Time: 212.86, 
            Production Events: 0, 
            Suppression Events: 0
Time: 213.18, 
            Production Events: 0, 
            Suppression Events: 1
Time: 214.22, 
            Production Events: 0, 
            Suppression Events: 1
Time: 215.16, 
            Production Events: 0, 
            Suppression Events: 1
Time: 216.3, 
            Production Events: 0, 
            Suppression Events: 2
Time: 219.19, 
            Production Events: 1, 
            Suppression Events: 1
Time: 219.19, 
            Production Events: 0, 
            Suppression Events: 0
Time: 219.19, 
            Production Events: 0, 
            Suppression Events: 0
Time: 221.65, 
            Production Events: 0, 
            Suppression Events: 3
Time: 221.65, 
            Production Events: 0, 
            Suppression Events: 0
Time: 226.84, 
            Production Events: 0, 
            Suppression Events: 1
Time: 226.84, 
            Production Events: 0, 
            Suppression Events: 0
Time: 226.84, 
            Production Events: 0, 
            Suppression Events: 0
Time: 226.84, 
            Production Events: 0, 
            Suppression Events: 0
Time: 226.84, 
            Production Events: 0, 
            Suppression Events: 0
Time: 229.48, 
            Production Events: 0, 
            Suppression Events: 3
Time: 229.48, 
            Production Events: 0, 
            Suppression Events: 0
Time: 229.48, 
            Production Events: 0, 
            Suppression Events: 0
Time: 231.1, 
            Production Events: 0, 
            Suppression Events: 1
Time: 231.1, 
            Production Events: 0, 
            Suppression Events: 0
Time: 236.37, 
            Production Events: 0, 
            Suppression Events: 1
Time: 236.37, 
            Production Events: 0, 
            Suppression Events: 0
Time: 236.37, 
            Production Events: 0, 
            Suppression Events: 0
Time: 236.37, 
            Production Events: 0, 
            Suppression Events: 0
Time: 236.37, 
            Production Events: 0, 
            Suppression Events: 0
Time: 237.1, 
            Production Events: 0, 
            Suppression Events: 1
Time: 239.21, 
            Production Events: 0, 
            Suppression Events: 2
Time: 239.21, 
            Production Events: 0, 
            Suppression Events: 0
Time: 240.72, 
            Production Events: 0, 
            Suppression Events: 1
Time: 241.98, 
            Production Events: 0, 
            Suppression Events: 1
Time: 243.97, 
            Production Events: 0, 
            Suppression Events: 1
Time: 243.97, 
            Production Events: 0, 
            Suppression Events: 0
Time: 245.04, 
            Production Events: 0, 
            Suppression Events: 1
Time: 245.04, 
            Production Events: 0, 
            Suppression Events: 0
Time: 247.44, 
            Production Events: 0, 
            Suppression Events: 2
Time: 247.44, 
            Production Events: 0, 
            Suppression Events: 0
Time: 251.53, 
            Production Events: 0, 
            Suppression Events: 1
Time: 251.53, 
            Production Events: 0, 
            Suppression Events: 0
Time: 251.53, 
            Production Events: 0, 
            Suppression Events: 0
Time: 251.53, 
            Production Events: 0, 
            Suppression Events: 0
Time: 252.58, 
            Production Events: 0, 
            Suppression Events: 1
Time: 253.2, 
            Production Events: 0, 
            Suppression Events: 1
Time: 254.17, 
            Production Events: 0, 
            Suppression Events: 2
Time: 255.9, 
            Production Events: 0, 
            Suppression Events: 3
Time: 256.99, 
            Production Events: 0, 
            Suppression Events: 1
Time: 257.09, 
            Production Events: 0, 
            Suppression Events: 1
Time: 261.79, 
            Production Events: 0, 
            Suppression Events: 1
Time: 261.79, 
            Production Events: 0, 
            Suppression Events: 0
Time: 261.79, 
            Production Events: 0, 
            Suppression Events: 0
Time: 261.79, 
            Production Events: 0, 
            Suppression Events: 0
Time: 264.19, 
            Production Events: 0, 
            Suppression Events: 1
Time: 264.19, 
            Production Events: 0, 
            Suppression Events: 0
Time: 264.19, 
            Production Events: 0, 
            Suppression Events: 0
Time: 265.02, 
            Production Events: 0, 
            Suppression Events: 1
Time: 266.37, 
            Production Events: 0, 
            Suppression Events: 2
Time: 268.88, 
            Production Events: 0, 
            Suppression Events: 3
Time: 268.88, 
            Production Events: 0, 
            Suppression Events: 0
Time: 270.76, 
            Production Events: 0, 
            Suppression Events: 1
Time: 270.76, 
            Production Events: 0, 
            Suppression Events: 0
Time: 272.74, 
            Production Events: 0, 
            Suppression Events: 2
Time: 272.74, 
            Production Events: 0, 
            Suppression Events: 0
Time: 275.11, 
            Production Events: 0, 
            Suppression Events: 2
Time: 275.11, 
            Production Events: 0, 
            Suppression Events: 0
Time: 275.11, 
            Production Events: 0, 
            Suppression Events: 0
Time: 276.77, 
            Production Events: 0, 
            Suppression Events: 1
Time: 278.23, 
            Production Events: 0, 
            Suppression Events: 1
Time: 278.23, 
            Production Events: 0, 
            Suppression Events: 0
Time: 279.85, 
            Production Events: 0, 
            Suppression Events: 1
Time: 281.2, 
            Production Events: 0, 
            Suppression Events: 1
Time: 281.2, 
            Production Events: 0, 
            Suppression Events: 0
Time: 282.58, 
            Production Events: 0, 
            Suppression Events: 1
Time: 283.63, 
            Production Events: 0, 
            Suppression Events: 1
Time: 284.09, 
            Production Events: 0, 
            Suppression Events: 1
Time: 285.51, 
            Production Events: 1, 
            Suppression Events: 1
Time: 286.45, 
            Production Events: 0, 
            Suppression Events: 2
Time: 287.92, 
            Production Events: 0, 
            Suppression Events: 1
Time: 288.49, 
            Production Events: 0, 
            Suppression Events: 1
Time: 289.76, 
            Production Events: 0, 
            Suppression Events: 2
Time: 293.35, 
            Production Events: 0, 
            Suppression Events: 1
Time: 293.35, 
            Production Events: 0, 
            Suppression Events: 0
Time: 293.35, 
            Production Events: 0, 
            Suppression Events: 0
Time: 293.35, 
            Production Events: 0, 
            Suppression Events: 0
Time: 295.09, 
            Production Events: 0, 
            Suppression Events: 2
Time: 295.09, 
            Production Events: 0, 
            Suppression Events: 0
Time: 297.66, 
            Production Events: 0, 
            Suppression Events: 3
Time: 297.66, 
            Production Events: 0, 
            Suppression Events: 0
Time: 298.62, 
            Production Events: 0, 
            Suppression Events: 1
Time: 301.4, 
            Production Events: 0, 
            Suppression Events: 1
Time: 301.4, 
            Production Events: 0, 
            Suppression Events: 0
Time: 301.4, 
            Production Events: 0, 
            Suppression Events: 0
Time: 303.97, 
            Production Events: 0, 
            Suppression Events: 2
Time: 303.97, 
            Production Events: 0, 
            Suppression Events: 0
Time: 305.93, 
            Production Events: 0, 
            Suppression Events: 1
Time: 305.93, 
            Production Events: 0, 
            Suppression Events: 0
Time: 306.85, 
            Production Events: 0, 
            Suppression Events: 1
Time: 307.08, 
            Production Events: 0, 
            Suppression Events: 2
Time: 308.38, 
            Production Events: 0, 
            Suppression Events: 2
Time: 309.21, 
            Production Events: 0, 
            Suppression Events: 1
Time: 314.63, 
            Production Events: 0, 
            Suppression Events: 2
Time: 314.63, 
            Production Events: 0, 
            Suppression Events: 0
Time: 314.63, 
            Production Events: 0, 
            Suppression Events: 0
Time: 314.63, 
            Production Events: 0, 
            Suppression Events: 0
Time: 314.63, 
            Production Events: 0, 
            Suppression Events: 0
Time: 317.48, 
            Production Events: 0, 
            Suppression Events: 2
Time: 317.48, 
            Production Events: 0, 
            Suppression Events: 0
Time: 317.48, 
            Production Events: 0, 
            Suppression Events: 0
Time: 318.59, 
            Production Events: 0, 
            Suppression Events: 1
Time: 319.26, 
            Production Events: 0, 
            Suppression Events: 1
Time: 320.81, 
            Production Events: 0, 
            Suppression Events: 1
Time: 321.82, 
            Production Events: 0, 
            Suppression Events: 2
Time: 322.66, 
            Production Events: 0, 
            Suppression Events: 1
Time: 325.43, 
            Production Events: 0, 
            Suppression Events: 2
Time: 325.43, 
            Production Events: 0, 
            Suppression Events: 0
Time: 325.43, 
            Production Events: 0, 
            Suppression Events: 0
Time: 326.64, 
            Production Events: 0, 
            Suppression Events: 1
Time: 327.15, 
            Production Events: 0, 
            Suppression Events: 2
Time: 328.31, 
            Production Events: 0, 
            Suppression Events: 2
Time: 330.04, 
            Production Events: 0, 
            Suppression Events: 1
Time: 330.04, 
            Production Events: 0, 
            Suppression Events: 0
Time: 331.21, 
            Production Events: 0, 
            Suppression Events: 2
Time: 333.77, 
            Production Events: 0, 
            Suppression Events: 1
Time: 333.77, 
            Production Events: 0, 
            Suppression Events: 0
Time: 334.85, 
            Production Events: 0, 
            Suppression Events: 1
Time: 336.62, 
            Production Events: 0, 
            Suppression Events: 1
Time: 336.62, 
            Production Events: 0, 
            Suppression Events: 0
Time: 338.38, 
            Production Events: 0, 
            Suppression Events: 2
Time: 338.38, 
            Production Events: 0, 
            Suppression Events: 0
Time: 339.78, 
            Production Events: 0, 
            Suppression Events: 3
Time: 340.13, 
            Production Events: 0, 
            Suppression Events: 1
Time: 341.4, 
            Production Events: 0, 
            Suppression Events: 2
Time: 342.28, 
            Production Events: 0, 
            Suppression Events: 2
Time: 343.01, 
            Production Events: 0, 
            Suppression Events: 2
Time: 344.13, 
            Production Events: 0, 
            Suppression Events: 1
Time: 346.05, 
            Production Events: 0, 
            Suppression Events: 3
Time: 346.05, 
            Production Events: 0, 
            Suppression Events: 0
Time: 347.18, 
            Production Events: 0, 
            Suppression Events: 2
Time: 348.85, 
            Production Events: 0, 
            Suppression Events: 2
Time: 349.81, 
            Production Events: 0, 
            Suppression Events: 1
Time: 350.75, 
            Production Events: 0, 
            Suppression Events: 1
Time: 351.53, 
            Production Events: 0, 
            Suppression Events: 1
Time: 352.97, 
            Production Events: 0, 
            Suppression Events: 1
Time: 353.63, 
            Production Events: 0, 
            Suppression Events: 1
Time: 355.57, 
            Production Events: 0, 
            Suppression Events: 1
Time: 355.57, 
            Production Events: 0, 
            Suppression Events: 0
Time: 356.83, 
            Production Events: 0, 
            Suppression Events: 1
Time: 357.35, 
            Production Events: 0, 
            Suppression Events: 1
Time: 359.24, 
            Production Events: 0, 
            Suppression Events: 1
Time: 359.24, 
            Production Events: 0, 
            Suppression Events: 0
Time: 360.31, 
            Production Events: 0, 
            Suppression Events: 1
Time: 362.09, 
            Production Events: 0, 
            Suppression Events: 1
Time: 362.09, 
            Production Events: 0, 
            Suppression Events: 0
Time: 364.85, 
            Production Events: 0, 
            Suppression Events: 2
Time: 364.85, 
            Production Events: 0, 
            Suppression Events: 0
Time: 365.06, 
            Production Events: 0, 
            Suppression Events: 1
Time: 366.18, 
            Production Events: 0, 
            Suppression Events: 1
Time: 368.14, 
            Production Events: 1, 
            Suppression Events: 0
Time: 368.14, 
            Production Events: 0, 
            Suppression Events: 0
Time: 369.09, 
            Production Events: 1, 
            Suppression Events: 0
Time: 370.35, 
            Production Events: 0, 
            Suppression Events: 1
Time: 371.0, 
            Production Events: 1, 
            Suppression Events: 1
Time: 372.3, 
            Production Events: 0, 
            Suppression Events: 3
Time: 373.26, 
            Production Events: 0, 
            Suppression Events: 2
Time: 375.03, 
            Production Events: 0, 
            Suppression Events: 3
Time: 375.03, 
            Production Events: 0, 
            Suppression Events: 0
Time: 377.18, 
            Production Events: 0, 
            Suppression Events: 2
Time: 377.18, 
            Production Events: 0, 
            Suppression Events: 0
Time: 379.8, 
            Production Events: 0, 
            Suppression Events: 1
Time: 379.8, 
            Production Events: 0, 
            Suppression Events: 0
Time: 380.44, 
            Production Events: 0, 
            Suppression Events: 1
Time: 381.66, 
            Production Events: 0, 
            Suppression Events: 1
Time: 383.84, 
            Production Events: 0, 
            Suppression Events: 1
Time: 383.84, 
            Production Events: 0, 
            Suppression Events: 0
Time: 385.24, 
            Production Events: 0, 
            Suppression Events: 1
Time: 385.24, 
            Production Events: 0, 
            Suppression Events: 0
Time: 386.65, 
            Production Events: 0, 
            Suppression Events: 3
Time: 387.52, 
            Production Events: 0, 
            Suppression Events: 1
Time: 389.43, 
            Production Events: 0, 
            Suppression Events: 1
Time: 389.43, 
            Production Events: 0, 
            Suppression Events: 0
Time: 390.02, 
            Production Events: 0, 
            Suppression Events: 1
Time: 391.5, 
            Production Events: 0, 
            Suppression Events: 2
Time: 393.7, 
            Production Events: 0, 
            Suppression Events: 2
Time: 393.7, 
            Production Events: 0, 
            Suppression Events: 0
Time: 394.18, 
            Production Events: 0, 
            Suppression Events: 1
Time: 398.37, 
            Production Events: 0, 
            Suppression Events: 1
Time: 398.37, 
            Production Events: 0, 
            Suppression Events: 0
Time: 398.37, 
            Production Events: 0, 
            Suppression Events: 0
Time: 398.37, 
            Production Events: 0, 
            Suppression Events: 0
Time: 401.84, 
            Production Events: 0, 
            Suppression Events: 2
Time: 401.84, 
            Production Events: 0, 
            Suppression Events: 0
Time: 401.84, 
            Production Events: 0, 
            Suppression Events: 0
Time: 402.63, 
            Production Events: 0, 
            Suppression Events: 1
Time: 404.71, 
            Production Events: 0, 
            Suppression Events: 1
Time: 404.71, 
            Production Events: 0, 
            Suppression Events: 0
Time: 407.86, 
            Production Events: 0, 
            Suppression Events: 1
Time: 407.86, 
            Production Events: 0, 
            Suppression Events: 0
Time: 407.86, 
            Production Events: 0, 
            Suppression Events: 0
Time: 409.92, 
            Production Events: 1, 
            Suppression Events: 0
Time: 409.92, 
            Production Events: 0, 
            Suppression Events: 0
Time: 410.69, 
            Production Events: 1, 
            Suppression Events: 0
Time: 411.94, 
            Production Events: 1, 
            Suppression Events: 2
Time: 412.27, 
            Production Events: 0, 
            Suppression Events: 1
Time: 413.81, 
            Production Events: 0, 
            Suppression Events: 3
Time: 415.08, 
            Production Events: 0, 
            Suppression Events: 1
Time: 415.08, 
            Production Events: 0, 
            Suppression Events: 0
Time: 416.11, 
            Production Events: 0, 
            Suppression Events: 2
Time: 417.2, 
            Production Events: 0, 
            Suppression Events: 1
Time: 418.94, 
            Production Events: 0, 
            Suppression Events: 1
Time: 422.04, 
            Production Events: 0, 
            Suppression Events: 1
Time: 422.04, 
            Production Events: 0, 
            Suppression Events: 0
Time: 422.04, 
            Production Events: 0, 
            Suppression Events: 0
Time: 422.04, 
            Production Events: 0, 
            Suppression Events: 0
Time: 423.75, 
            Production Events: 0, 
            Suppression Events: 1
Time: 425.16, 
            Production Events: 0, 
            Suppression Events: 2
Time: 425.16, 
            Production Events: 0, 
            Suppression Events: 0
Time: 426.15, 
            Production Events: 0, 
            Suppression Events: 1
Time: 427.08, 
            Production Events: 1, 
            Suppression Events: 0
Time: 428.78, 
            Production Events: 0, 
            Suppression Events: 1
Time: 430.96, 
            Production Events: 0, 
            Suppression Events: 1
Time: 430.96, 
            Production Events: 0, 
            Suppression Events: 0
Time: 431.88, 
            Production Events: 0, 
            Suppression Events: 1
Time: 432.16, 
            Production Events: 0, 
            Suppression Events: 1
Time: 436.29, 
            Production Events: 0, 
            Suppression Events: 1
Time: 436.29, 
            Production Events: 0, 
            Suppression Events: 0
Time: 436.29, 
            Production Events: 0, 
            Suppression Events: 0
Time: 436.29, 
            Production Events: 0, 
            Suppression Events: 0
Time: 437.58, 
            Production Events: 0, 
            Suppression Events: 2
Time: 438.04, 
            Production Events: 0, 
            Suppression Events: 1
Time: 439.85, 
            Production Events: 0, 
            Suppression Events: 2
Time: 440.99, 
            Production Events: 0, 
            Suppression Events: 3
Time: 441.01, 
            Production Events: 0, 
            Suppression Events: 1
Time: 442.41, 
            Production Events: 0, 
            Suppression Events: 3
Time: 443.25, 
            Production Events: 0, 
            Suppression Events: 2
Time: 444.07, 
            Production Events: 0, 
            Suppression Events: 1
Time: 445.35, 
            Production Events: 0, 
            Suppression Events: 1
Time: 447.05, 
            Production Events: 0, 
            Suppression Events: 3
Time: 447.05, 
            Production Events: 0, 
            Suppression Events: 0
Time: 449.06, 
            Production Events: 0, 
            Suppression Events: 1
Time: 449.06, 
            Production Events: 0, 
            Suppression Events: 0
Time: 450.37, 
            Production Events: 0, 
            Suppression Events: 4
Time: 451.82, 
            Production Events: 1, 
            Suppression Events: 0
Time: 452.49, 
            Production Events: 0, 
            Suppression Events: 1
Time: 453.08, 
            Production Events: 0, 
            Suppression Events: 2
Time: 454.32, 
            Production Events: 0, 
            Suppression Events: 2
Time: 455.06, 
            Production Events: 0, 
            Suppression Events: 1
Time: 456.19, 
            Production Events: 0, 
            Suppression Events: 2
Time: 457.31, 
            Production Events: 0, 
            Suppression Events: 1
Time: 458.39, 
            Production Events: 0, 
            Suppression Events: 1
Time: 460.41, 
            Production Events: 0, 
            Suppression Events: 3
Time: 460.41, 
            Production Events: 0, 
            Suppression Events: 0
Time: 462.29, 
            Production Events: 0, 
            Suppression Events: 3
Time: 462.29, 
            Production Events: 0, 
            Suppression Events: 0
Time: 464.69, 
            Production Events: 0, 
            Suppression Events: 1
Time: 464.69, 
            Production Events: 0, 
            Suppression Events: 0
Time: 466.62, 
            Production Events: 0, 
            Suppression Events: 2
Time: 466.62, 
            Production Events: 0, 
            Suppression Events: 0
Time: 467.63, 
            Production Events: 0, 
            Suppression Events: 1
Time: 469.46, 
            Production Events: 0, 
            Suppression Events: 1
Time: 469.46, 
            Production Events: 0, 
            Suppression Events: 0
Time: 472.47, 
            Production Events: 0, 
            Suppression Events: 3
Time: 472.47, 
            Production Events: 0, 
            Suppression Events: 0
Time: 472.47, 
            Production Events: 0, 
            Suppression Events: 0
Time: 475.58, 
            Production Events: 0, 
            Suppression Events: 1
Time: 475.58, 
            Production Events: 0, 
            Suppression Events: 0
Time: 475.58, 
            Production Events: 0, 
            Suppression Events: 0
Time: 477.66, 
            Production Events: 0, 
            Suppression Events: 1
Time: 477.66, 
            Production Events: 0, 
            Suppression Events: 0
Time: 479.35, 
            Production Events: 0, 
            Suppression Events: 1
Time: 479.35, 
            Production Events: 0, 
            Suppression Events: 0
Time: 480.3, 
            Production Events: 0, 
            Suppression Events: 1
Time: 481.42, 
            Production Events: 0, 
            Suppression Events: 2
Time: 483.04, 
            Production Events: 0, 
            Suppression Events: 1
Time: 483.04, 
            Production Events: 0, 
            Suppression Events: 0
Time: 484.32, 
            Production Events: 0, 
            Suppression Events: 2
Time: 485.36, 
            Production Events: 0, 
            Suppression Events: 2
Time: 486.63, 
            Production Events: 0, 
            Suppression Events: 1
Time: 488.04, 
            Production Events: 0, 
            Suppression Events: 2
Time: 488.04, 
            Production Events: 0, 
            Suppression Events: 0
Time: 489.65, 
            Production Events: 1, 
            Suppression Events: 2
Time: 492.64, 
            Production Events: 0, 
            Suppression Events: 1
Time: 492.64, 
            Production Events: 0, 
            Suppression Events: 0
Time: 492.64, 
            Production Events: 0, 
            Suppression Events: 0
Time: 493.83, 
            Production Events: 0, 
            Suppression Events: 1
Time: 494.45, 
            Production Events: 0, 
            Suppression Events: 1
Time: 495.38, 
            Production Events: 0, 
            Suppression Events: 2
Time: 496.55, 
            Production Events: 0, 
            Suppression Events: 2
Time: 497.92, 
            Production Events: 0, 
            Suppression Events: 2
Time: 498.17, 
            Production Events: 0, 
            Suppression Events: 1
Time: 500.29, 
            Production Events: 0, 
            Suppression Events: 2
Time: 500.29, 
            Production Events: 0, 
            Suppression Events: 0
Time: 501.39, 
            Production Events: 0, 
            Suppression Events: 1
Time: 505.87, 
            Production Events: 0, 
            Suppression Events: 1
Time: 505.87, 
            Production Events: 0, 
            Suppression Events: 0
Time: 505.87, 
            Production Events: 0, 
            Suppression Events: 0
Time: 505.87, 
            Production Events: 0, 
            Suppression Events: 0
Time: 507.14, 
            Production Events: 0, 
            Suppression Events: 1
Time: 507.14, 
            Production Events: 0, 
            Suppression Events: 0
Time: 508.06, 
            Production Events: 0, 
            Suppression Events: 4
Time: 509.5, 
            Production Events: 0, 
            Suppression Events: 3
Time: 511.57, 
            Production Events: 0, 
            Suppression Events: 1
Time: 511.57, 
            Production Events: 0, 
            Suppression Events: 0
Time: 512.18, 
            Production Events: 0, 
            Suppression Events: 2
Time: 513.18, 
            Production Events: 0, 
            Suppression Events: 2
Time: 514.8, 
            Production Events: 0, 
            Suppression Events: 1
Time: 519.7, 
            Production Events: 0, 
            Suppression Events: 2
Time: 519.7, 
            Production Events: 0, 
            Suppression Events: 0
Time: 519.7, 
            Production Events: 0, 
            Suppression Events: 0
Time: 519.7, 
            Production Events: 0, 
            Suppression Events: 0
Time: 519.7, 
            Production Events: 0, 
            Suppression Events: 0
Time: 520.1, 
            Production Events: 0, 
            Suppression Events: 2
Time: 521.11, 
            Production Events: 0, 
            Suppression Events: 2
Time: 522.45, 
            Production Events: 0, 
            Suppression Events: 2
Time: 524.07, 
            Production Events: 0, 
            Suppression Events: 1
Time: 524.07, 
            Production Events: 0, 
            Suppression Events: 0
Time: 525.18, 
            Production Events: 0, 
            Suppression Events: 4
Time: 526.13, 
            Production Events: 0, 
            Suppression Events: 1
Time: 527.0, 
            Production Events: 0, 
            Suppression Events: 2
Time: 528.66, 
            Production Events: 0, 
            Suppression Events: 2
Time: 530.14, 
            Production Events: 0, 
            Suppression Events: 1
Time: 530.14, 
            Production Events: 0, 
            Suppression Events: 0
Time: 531.66, 
            Production Events: 0, 
            Suppression Events: 1
Time: 532.81, 
            Production Events: 0, 
            Suppression Events: 1
Time: 534.07, 
            Production Events: 0, 
            Suppression Events: 1
Time: 534.07, 
            Production Events: 0, 
            Suppression Events: 0
Time: 535.32, 
            Production Events: 0, 
            Suppression Events: 4
Time: 536.58, 
            Production Events: 0, 
            Suppression Events: 1
Time: 538.1, 
            Production Events: 0, 
            Suppression Events: 2
Time: 538.1, 
            Production Events: 0, 
            Suppression Events: 0
Time: 539.13, 
            Production Events: 0, 
            Suppression Events: 1
Time: 541.57, 
            Production Events: 0, 
            Suppression Events: 3
Time: 541.57, 
            Production Events: 0, 
            Suppression Events: 0
Time: 542.48, 
            Production Events: 0, 
            Suppression Events: 2
Time: 543.98, 
            Production Events: 0, 
            Suppression Events: 1
Time: 544.77, 
            Production Events: 0, 
            Suppression Events: 1
Time: 545.35, 
            Production Events: 0, 
            Suppression Events: 1
Time: 546.04, 
            Production Events: 0, 
            Suppression Events: 2
Time: 547.46, 
            Production Events: 0, 
            Suppression Events: 1
Time: 548.05, 
            Production Events: 0, 
            Suppression Events: 1
Time: 549.3, 
            Production Events: 0, 
            Suppression Events: 1
Time: 550.32, 
            Production Events: 0, 
            Suppression Events: 1
Time: 551.74, 
            Production Events: 0, 
            Suppression Events: 1
Time: 552.74, 
            Production Events: 0, 
            Suppression Events: 1
Time: 553.18, 
            Production Events: 0, 
            Suppression Events: 1
Time: 557.63, 
            Production Events: 0, 
            Suppression Events: 2
Time: 557.63, 
            Production Events: 0, 
            Suppression Events: 0
Time: 557.63, 
            Production Events: 0, 
            Suppression Events: 0
Time: 557.63, 
            Production Events: 0, 
            Suppression Events: 0
Time: 558.63, 
            Production Events: 0, 
            Suppression Events: 1
Time: 560.18, 
            Production Events: 0, 
            Suppression Events: 2
Time: 560.18, 
            Production Events: 0, 
            Suppression Events: 0
Time: 562.36, 
            Production Events: 0, 
            Suppression Events: 2
Time: 562.36, 
            Production Events: 0, 
            Suppression Events: 0
Time: 564.64, 
            Production Events: 0, 
            Suppression Events: 1
Time: 564.64, 
            Production Events: 0, 
            Suppression Events: 0
Time: 566.89, 
            Production Events: 0, 
            Suppression Events: 1
Time: 566.89, 
            Production Events: 0, 
            Suppression Events: 0
Time: 568.28, 
            Production Events: 0, 
            Suppression Events: 1
Time: 568.28, 
            Production Events: 0, 
            Suppression Events: 0
Time: 571.62, 
            Production Events: 0, 
            Suppression Events: 2
Time: 571.62, 
            Production Events: 0, 
            Suppression Events: 0
Time: 571.62, 
            Production Events: 0, 
            Suppression Events: 0
Time: 573.01, 
            Production Events: 0, 
            Suppression Events: 1
Time: 573.01, 
            Production Events: 0, 
            Suppression Events: 0
Time: 574.99, 
            Production Events: 0, 
            Suppression Events: 1
Time: 576.41, 
            Production Events: 0, 
            Suppression Events: 1
Time: 576.41, 
            Production Events: 0, 
            Suppression Events: 0
Time: 578.52, 
            Production Events: 0, 
            Suppression Events: 1
Time: 578.52, 
            Production Events: 0, 
            Suppression Events: 0
Time: 582.9, 
            Production Events: 0, 
            Suppression Events: 1
Time: 582.9, 
            Production Events: 0, 
            Suppression Events: 0
Time: 582.9, 
            Production Events: 0, 
            Suppression Events: 0
Time: 582.9, 
            Production Events: 0, 
            Suppression Events: 0
Time: 583.24, 
            Production Events: 0, 
            Suppression Events: 1
Time: 586.09, 
            Production Events: 0, 
            Suppression Events: 1
Time: 586.09, 
            Production Events: 0, 
            Suppression Events: 0
Time: 586.09, 
            Production Events: 0, 
            Suppression Events: 0
Time: 587.27, 
            Production Events: 0, 
            Suppression Events: 1
Time: 588.0, 
            Production Events: 0, 
            Suppression Events: 2
Time: 590.32, 
            Production Events: 0, 
            Suppression Events: 1
Time: 590.32, 
            Production Events: 0, 
            Suppression Events: 0
Time: 591.07, 
            Production Events: 0, 
            Suppression Events: 2
Time: 593.32, 
            Production Events: 0, 
            Suppression Events: 3
Time: 593.32, 
            Production Events: 0, 
            Suppression Events: 0
Time: 594.06, 
            Production Events: 0, 
            Suppression Events: 2
Time: 596.0, 
            Production Events: 0, 
            Suppression Events: 1
Time: 596.0, 
            Production Events: 0, 
            Suppression Events: 0
Time: 598.38, 
            Production Events: 0, 
            Suppression Events: 3
Time: 598.38, 
            Production Events: 0, 
            Suppression Events: 0
Time: 599.18, 
            Production Events: 0, 
            Suppression Events: 1
Time: 600.38, 
            Production Events: 0, 
            Suppression Events: 4
Time: 601.1, 
            Production Events: 0, 
            Suppression Events: 1
Time: 602.13, 
            Production Events: 1, 
            Suppression Events: 1
Time: 605.44, 
            Production Events: 0, 
            Suppression Events: 2
Time: 605.44, 
            Production Events: 0, 
            Suppression Events: 0
Time: 605.44, 
            Production Events: 0, 
            Suppression Events: 0
Time: 608.95, 
            Production Events: 0, 
            Suppression Events: 3
Time: 608.95, 
            Production Events: 0, 
            Suppression Events: 0
Time: 608.95, 
            Production Events: 0, 
            Suppression Events: 0
Time: 609.1, 
            Production Events: 0, 
            Suppression Events: 1
Time: 610.42, 
            Production Events: 0, 
            Suppression Events: 2
Time: 612.11, 
            Production Events: 0, 
            Suppression Events: 2
Time: 612.11, 
            Production Events: 0, 
            Suppression Events: 0
Time: 613.68, 
            Production Events: 0, 
            Suppression Events: 3
Time: 614.58, 
            Production Events: 0, 
            Suppression Events: 2
Time: 618.28, 
            Production Events: 0, 
            Suppression Events: 1
Time: 618.28, 
            Production Events: 0, 
            Suppression Events: 0
Time: 618.28, 
            Production Events: 0, 
            Suppression Events: 0
Time: 618.28, 
            Production Events: 0, 
            Suppression Events: 0
Time: 623.2, 
            Production Events: 0, 
            Suppression Events: 1
Time: 623.2, 
            Production Events: 0, 
            Suppression Events: 0
Time: 623.2, 
            Production Events: 0, 
            Suppression Events: 0
Time: 623.2, 
            Production Events: 0, 
            Suppression Events: 0
Time: 623.2, 
            Production Events: 0, 
            Suppression Events: 0
Time: 625.91, 
            Production Events: 0, 
            Suppression Events: 3
Time: 625.91, 
            Production Events: 0, 
            Suppression Events: 0
Time: 626.53, 
            Production Events: 0, 
            Suppression Events: 1
Time: 628.73, 
            Production Events: 0, 
            Suppression Events: 1
Time: 628.73, 
            Production Events: 0, 
            Suppression Events: 0
Time: 629.2, 
            Production Events: 0, 
            Suppression Events: 1
Time: 630.43, 
            Production Events: 0, 
            Suppression Events: 2
Time: 632.64, 
            Production Events: 0, 
            Suppression Events: 2
Time: 632.64, 
            Production Events: 0, 
            Suppression Events: 0
Time: 634.85, 
            Production Events: 0, 
            Suppression Events: 2
Time: 634.85, 
            Production Events: 0, 
            Suppression Events: 0
Time: 635.13, 
            Production Events: 0, 
            Suppression Events: 1
Time: 637.08, 
            Production Events: 0, 
            Suppression Events: 3
Time: 637.08, 
            Production Events: 0, 
            Suppression Events: 0
Time: 638.08, 
            Production Events: 1, 
            Suppression Events: 1
Time: 640.64, 
            Production Events: 0, 
            Suppression Events: 4
Time: 640.64, 
            Production Events: 0, 
            Suppression Events: 0
Time: 642.41, 
            Production Events: 0, 
            Suppression Events: 1
Time: 642.41, 
            Production Events: 0, 
            Suppression Events: 0
Time: 643.16, 
            Production Events: 0, 
            Suppression Events: 1
Time: 644.15, 
            Production Events: 0, 
            Suppression Events: 2
Time: 645.5, 
            Production Events: 0, 
            Suppression Events: 1
Time: 646.29, 
            Production Events: 0, 
            Suppression Events: 3
Time: 650.2, 
            Production Events: 0, 
            Suppression Events: 2
Time: 650.2, 
            Production Events: 0, 
            Suppression Events: 0
Time: 650.2, 
            Production Events: 0, 
            Suppression Events: 0
Time: 650.2, 
            Production Events: 0, 
            Suppression Events: 0
Time: 653.74, 
            Production Events: 0, 
            Suppression Events: 2
Time: 653.74, 
            Production Events: 0, 
            Suppression Events: 0
Time: 653.74, 
            Production Events: 0, 
            Suppression Events: 0
Time: 654.83, 
            Production Events: 0, 
            Suppression Events: 2
Time: 655.53, 
            Production Events: 0, 
            Suppression Events: 1
Time: 656.51, 
            Production Events: 0, 
            Suppression Events: 2
Time: 657.43, 
            Production Events: 0, 
            Suppression Events: 1
Time: 660.54, 
            Production Events: 0, 
            Suppression Events: 2
Time: 660.54, 
            Production Events: 0, 
            Suppression Events: 0
Time: 660.54, 
            Production Events: 0, 
            Suppression Events: 0
Time: 661.16, 
            Production Events: 0, 
            Suppression Events: 1
Time: 663.36, 
            Production Events: 0, 
            Suppression Events: 1
Time: 663.36, 
            Production Events: 0, 
            Suppression Events: 0
Time: 664.81, 
            Production Events: 0, 
            Suppression Events: 1
Time: 666.27, 
            Production Events: 0, 
            Suppression Events: 1
Time: 666.27, 
            Production Events: 0, 
            Suppression Events: 0
Time: 667.52, 
            Production Events: 0, 
            Suppression Events: 1
Time: 669.54, 
            Production Events: 0, 
            Suppression Events: 1
Time: 669.54, 
            Production Events: 0, 
            Suppression Events: 0
Time: 671.91, 
            Production Events: 0, 
            Suppression Events: 1
Time: 671.91, 
            Production Events: 0, 
            Suppression Events: 0
Time: 672.37, 
            Production Events: 0, 
            Suppression Events: 2
Time: 673.91, 
            Production Events: 1, 
            Suppression Events: 0
Time: 674.35, 
            Production Events: 0, 
            Suppression Events: 1
Time: 676.39, 
            Production Events: 0, 
            Suppression Events: 1
Time: 676.39, 
            Production Events: 0, 
            Suppression Events: 0
Time: 677.75, 
            Production Events: 0, 
            Suppression Events: 2
Time: 678.62, 
            Production Events: 1, 
            Suppression Events: 0
Time: 679.35, 
            Production Events: 0, 
            Suppression Events: 1
Time: 680.13, 
            Production Events: 0, 
            Suppression Events: 1
Time: 681.24, 
            Production Events: 0, 
            Suppression Events: 3
Time: 685.34, 
            Production Events: 0, 
            Suppression Events: 1
Time: 685.34, 
            Production Events: 0, 
            Suppression Events: 0
Time: 685.34, 
            Production Events: 0, 
            Suppression Events: 0
Time: 685.34, 
            Production Events: 0, 
            Suppression Events: 0
Time: 686.01, 
            Production Events: 0, 
            Suppression Events: 2
Time: 688.95, 
            Production Events: 0, 
            Suppression Events: 3
Time: 688.95, 
            Production Events: 0, 
            Suppression Events: 0
Time: 689.49, 
            Production Events: 0, 
            Suppression Events: 1
Time: 690.48, 
            Production Events: 0, 
            Suppression Events: 1
Time: 691.12, 
            Production Events: 0, 
            Suppression Events: 1
Time: 692.35, 
            Production Events: 0, 
            Suppression Events: 2
Time: 693.4, 
            Production Events: 0, 
            Suppression Events: 1
Time: 695.11, 
            Production Events: 0, 
            Suppression Events: 1
Time: 695.11, 
            Production Events: 0, 
            Suppression Events: 0
Time: 696.17, 
            Production Events: 0, 
            Suppression Events: 2
Time: 698.87, 
            Production Events: 0, 
            Suppression Events: 1
Time: 698.87, 
            Production Events: 0, 
            Suppression Events: 0
Time: 699.5, 
            Production Events: 0, 
            Suppression Events: 1
Time: 700.16, 
            Production Events: 0, 
            Suppression Events: 1
Time: 702.17, 
            Production Events: 0, 
            Suppression Events: 2
Time: 702.17, 
            Production Events: 0, 
            Suppression Events: 0
Time: 703.27, 
            Production Events: 0, 
            Suppression Events: 3
Time: 704.84, 
            Production Events: 0, 
            Suppression Events: 2
Time: 707.19, 
            Production Events: 0, 
            Suppression Events: 1
Time: 707.19, 
            Production Events: 0, 
            Suppression Events: 0
Time: 707.19, 
            Production Events: 0, 
            Suppression Events: 0
Time: 708.42, 
            Production Events: 0, 
            Suppression Events: 5
Time: 710.68, 
            Production Events: 0, 
            Suppression Events: 1
Time: 710.68, 
            Production Events: 0, 
            Suppression Events: 0
Time: 716.33, 
            Production Events: 0, 
            Suppression Events: 1
Time: 716.33, 
            Production Events: 0, 
            Suppression Events: 0
Time: 716.33, 
            Production Events: 0, 
            Suppression Events: 0
Time: 716.33, 
            Production Events: 0, 
            Suppression Events: 0
Time: 716.33, 
            Production Events: 0, 
            Suppression Events: 0
Time: 716.33, 
            Production Events: 0, 
            Suppression Events: 0
Time: 717.38, 
            Production Events: 0, 
            Suppression Events: 2
Time: 718.45, 
            Production Events: 0, 
            Suppression Events: 1
Time: 720.25, 
            Production Events: 0, 
            Suppression Events: 3
Time: 720.25, 
            Production Events: 0, 
            Suppression Events: 0
Time: 721.06, 
            Production Events: 0, 
            Suppression Events: 1
Time: 724.84, 
            Production Events: 0, 
            Suppression Events: 1
Time: 724.84, 
            Production Events: 0, 
            Suppression Events: 0
Time: 724.84, 
            Production Events: 0, 
            Suppression Events: 0
Time: 725.97, 
            Production Events: 0, 
            Suppression Events: 1
Time: 728.68, 
            Production Events: 0, 
            Suppression Events: 1
Time: 728.68, 
            Production Events: 0, 
            Suppression Events: 0
Time: 728.68, 
            Production Events: 0, 
            Suppression Events: 0
Time: 729.64, 
            Production Events: 0, 
            Suppression Events: 2
Time: 730.76, 
            Production Events: 0, 
            Suppression Events: 1
Time: 731.4, 
            Production Events: 0, 
            Suppression Events: 1
Time: 732.01, 
            Production Events: 0, 
            Suppression Events: 1
Time: 733.27, 
            Production Events: 1, 
            Suppression Events: 1
Time: 735.57, 
            Production Events: 0, 
            Suppression Events: 1
Time: 735.57, 
            Production Events: 0, 
            Suppression Events: 0
Time: 738.27, 
            Production Events: 0, 
            Suppression Events: 2
Time: 738.27, 
            Production Events: 0, 
            Suppression Events: 0
Time: 738.27, 
            Production Events: 0, 
            Suppression Events: 0
Time: 740.09, 
            Production Events: 0, 
            Suppression Events: 1
Time: 740.09, 
            Production Events: 0, 
            Suppression Events: 0
Time: 741.64, 
            Production Events: 0, 
            Suppression Events: 2
Time: 742.21, 
            Production Events: 0, 
            Suppression Events: 1
Time: 744.41, 
            Production Events: 0, 
            Suppression Events: 1
Time: 744.41, 
            Production Events: 0, 
            Suppression Events: 0
Time: 745.5, 
            Production Events: 0, 
            Suppression Events: 1
Time: 746.93, 
            Production Events: 0, 
            Suppression Events: 3
Time: 747.26, 
            Production Events: 0, 
            Suppression Events: 1
Time: 749.03, 
            Production Events: 0, 
            Suppression Events: 1
Time: 749.03, 
            Production Events: 0, 
            Suppression Events: 0
Time: 751.02, 
            Production Events: 1, 
            Suppression Events: 3
Time: 751.02, 
            Production Events: 0, 
            Suppression Events: 0
Time: 753.97, 
            Production Events: 0, 
            Suppression Events: 2
Time: 753.97, 
            Production Events: 0, 
            Suppression Events: 0
Time: 754.17, 
            Production Events: 0, 
            Suppression Events: 1
Time: 755.87, 
            Production Events: 0, 
            Suppression Events: 2
Time: 756.35, 
            Production Events: 0, 
            Suppression Events: 1
Time: 757.28, 
            Production Events: 0, 
            Suppression Events: 2
Time: 758.88, 
            Production Events: 1, 
            Suppression Events: 3
Time: 760.69, 
            Production Events: 0, 
            Suppression Events: 1
Time: 760.69, 
            Production Events: 0, 
            Suppression Events: 0
Time: 762.88, 
            Production Events: 0, 
            Suppression Events: 1
Time: 762.88, 
            Production Events: 0, 
            Suppression Events: 0
Time: 763.25, 
            Production Events: 0, 
            Suppression Events: 1
Time: 764.33, 
            Production Events: 0, 
            Suppression Events: 1
Time: 766.25, 
            Production Events: 0, 
            Suppression Events: 1
Time: 766.25, 
            Production Events: 0, 
            Suppression Events: 0
Time: 769.72, 
            Production Events: 0, 
            Suppression Events: 2
Time: 769.72, 
            Production Events: 0, 
            Suppression Events: 0
Time: 769.72, 
            Production Events: 0, 
            Suppression Events: 0
Time: 770.04, 
            Production Events: 0, 
            Suppression Events: 1
Time: 771.24, 
            Production Events: 0, 
            Suppression Events: 2
Time: 772.29, 
            Production Events: 0, 
            Suppression Events: 1
Time: 773.24, 
            Production Events: 0, 
            Suppression Events: 1
Time: 774.0, 
            Production Events: 0, 
            Suppression Events: 1
Time: 778.9, 
            Production Events: 0, 
            Suppression Events: 2
Time: 778.9, 
            Production Events: 0, 
            Suppression Events: 0
Time: 778.9, 
            Production Events: 0, 
            Suppression Events: 0
Time: 778.9, 
            Production Events: 0, 
            Suppression Events: 0
Time: 779.09, 
            Production Events: 0, 
            Suppression Events: 1
Time: 780.39, 
            Production Events: 0, 
            Suppression Events: 2
Time: 781.09, 
            Production Events: 0, 
            Suppression Events: 1
Time: 782.74, 
            Production Events: 0, 
            Suppression Events: 1
Time: 783.17, 
            Production Events: 0, 
            Suppression Events: 1
Time: 785.87, 
            Production Events: 0, 
            Suppression Events: 2
Time: 785.87, 
            Production Events: 0, 
            Suppression Events: 0
Time: 786.21, 
            Production Events: 0, 
            Suppression Events: 1
Time: 787.32, 
            Production Events: 0, 
            Suppression Events: 2
Time: 788.99, 
            Production Events: 0, 
            Suppression Events: 2
Time: 792.77, 
            Production Events: 0, 
            Suppression Events: 1
Time: 792.77, 
            Production Events: 0, 
            Suppression Events: 0
Time: 792.77, 
            Production Events: 0, 
            Suppression Events: 0
Time: 792.77, 
            Production Events: 0, 
            Suppression Events: 0
Time: 793.22, 
            Production Events: 0, 
            Suppression Events: 1
Time: 794.09, 
            Production Events: 1, 
            Suppression Events: 1
Time: 795.17, 
            Production Events: 0, 
            Suppression Events: 2
Time: 796.73, 
            Production Events: 0, 
            Suppression Events: 2
Time: 797.5, 
            Production Events: 0, 
            Suppression Events: 2
Time: 805.79, 
            Production Events: 0, 
            Suppression Events: 2
Time: 805.79, 
            Production Events: 0, 
            Suppression Events: 0
Time: 805.79, 
            Production Events: 0, 
            Suppression Events: 0
Time: 805.79, 
            Production Events: 0, 
            Suppression Events: 0
Time: 805.79, 
            Production Events: 0, 
            Suppression Events: 0
Time: 805.79, 
            Production Events: 0, 
            Suppression Events: 0
Time: 805.79, 
            Production Events: 0, 
            Suppression Events: 0
Time: 805.79, 
            Production Events: 0, 
            Suppression Events: 0
Time: 806.04, 
            Production Events: 0, 
            Suppression Events: 1
Time: 809.52, 
            Production Events: 0, 
            Suppression Events: 1
Time: 809.52, 
            Production Events: 0, 
            Suppression Events: 0
Time: 809.52, 
            Production Events: 0, 
            Suppression Events: 0
Time: 810.72, 
            Production Events: 0, 
            Suppression Events: 1
Time: 811.95, 
            Production Events: 0, 
            Suppression Events: 2
Time: 812.5, 
            Production Events: 0, 
            Suppression Events: 1
Time: 816.08, 
            Production Events: 1, 
            Suppression Events: 0
Time: 816.08, 
            Production Events: 0, 
            Suppression Events: 0
Time: 816.08, 
            Production Events: 0, 
            Suppression Events: 0
Time: 816.08, 
            Production Events: 0, 
            Suppression Events: 0
Time: 818.47, 
            Production Events: 0, 
            Suppression Events: 2
Time: 818.47, 
            Production Events: 0, 
            Suppression Events: 0
Time: 819.52, 
            Production Events: 0, 
            Suppression Events: 1
Time: 820.55, 
            Production Events: 0, 
            Suppression Events: 2
Time: 822.9, 
            Production Events: 0, 
            Suppression Events: 2
Time: 822.9, 
            Production Events: 0, 
            Suppression Events: 0
Time: 823.45, 
            Production Events: 0, 
            Suppression Events: 1
Time: 825.47, 
            Production Events: 0, 
            Suppression Events: 2
Time: 825.47, 
            Production Events: 0, 
            Suppression Events: 0
Time: 826.98, 
            Production Events: 0, 
            Suppression Events: 1
Time: 827.08, 
            Production Events: 0, 
            Suppression Events: 1
Time: 828.45, 
            Production Events: 0, 
            Suppression Events: 1
Time: 830.01, 
            Production Events: 0, 
            Suppression Events: 2
Time: 830.01, 
            Production Events: 0, 
            Suppression Events: 0
Time: 833.3, 
            Production Events: 1, 
            Suppression Events: 0
Time: 833.3, 
            Production Events: 0, 
            Suppression Events: 0
Time: 833.3, 
            Production Events: 0, 
            Suppression Events: 0
Time: 835.2, 
            Production Events: 0, 
            Suppression Events: 2
Time: 835.2, 
            Production Events: 0, 
            Suppression Events: 0
Time: 837.58, 
            Production Events: 0, 
            Suppression Events: 1
Time: 837.58, 
            Production Events: 0, 
            Suppression Events: 0
Time: 838.73, 
            Production Events: 0, 
            Suppression Events: 2
Time: 841.16, 
            Production Events: 0, 
            Suppression Events: 2
Time: 841.16, 
            Production Events: 0, 
            Suppression Events: 0
Time: 841.16, 
            Production Events: 0, 
            Suppression Events: 0
Time: 842.02, 
            Production Events: 0, 
            Suppression Events: 4
Time: 843.89, 
            Production Events: 0, 
            Suppression Events: 3
Time: 846.5, 
            Production Events: 0, 
            Suppression Events: 1
Time: 846.5, 
            Production Events: 0, 
            Suppression Events: 0
Time: 846.5, 
            Production Events: 0, 
            Suppression Events: 0
Time: 848.31, 
            Production Events: 0, 
            Suppression Events: 1
Time: 848.31, 
            Production Events: 0, 
            Suppression Events: 0
Time: 850.42, 
            Production Events: 0, 
            Suppression Events: 2
Time: 850.42, 
            Production Events: 0, 
            Suppression Events: 0
Time: 851.99, 
            Production Events: 0, 
            Suppression Events: 1
Time: 855.67, 
            Production Events: 0, 
            Suppression Events: 1
Time: 855.67, 
            Production Events: 0, 
            Suppression Events: 0
Time: 855.67, 
            Production Events: 0, 
            Suppression Events: 0
Time: 855.67, 
            Production Events: 0, 
            Suppression Events: 0
Time: 857.97, 
            Production Events: 0, 
            Suppression Events: 1
Time: 857.97, 
            Production Events: 0, 
            Suppression Events: 0
Time: 860.14, 
            Production Events: 0, 
            Suppression Events: 2
Time: 860.14, 
            Production Events: 0, 
            Suppression Events: 0
Time: 860.14, 
            Production Events: 0, 
            Suppression Events: 0
Time: 865.9, 
            Production Events: 0, 
            Suppression Events: 1
Time: 865.9, 
            Production Events: 0, 
            Suppression Events: 0
Time: 865.9, 
            Production Events: 0, 
            Suppression Events: 0
Time: 865.9, 
            Production Events: 0, 
            Suppression Events: 0
Time: 865.9, 
            Production Events: 0, 
            Suppression Events: 0
Time: 866.09, 
            Production Events: 1, 
            Suppression Events: 0
Time: 867.02, 
            Production Events: 0, 
            Suppression Events: 1
Time: 868.1, 
            Production Events: 0, 
            Suppression Events: 1
Time: 869.16, 
            Production Events: 0, 
            Suppression Events: 1
Time: 870.52, 
            Production Events: 0, 
            Suppression Events: 2
Time: 873.18, 
            Production Events: 0, 
            Suppression Events: 1
Time: 873.18, 
            Production Events: 0, 
            Suppression Events: 0
Time: 873.18, 
            Production Events: 0, 
            Suppression Events: 0
Time: 874.67, 
            Production Events: 0, 
            Suppression Events: 2
Time: 876.24, 
            Production Events: 0, 
            Suppression Events: 1
Time: 876.24, 
            Production Events: 0, 
            Suppression Events: 0
Time: 879.04, 
            Production Events: 0, 
            Suppression Events: 1
Time: 879.04, 
            Production Events: 0, 
            Suppression Events: 0
Time: 879.04, 
            Production Events: 0, 
            Suppression Events: 0
Time: 880.77, 
            Production Events: 0, 
            Suppression Events: 2
Time: 881.97, 
            Production Events: 0, 
            Suppression Events: 1
Time: 882.51, 
            Production Events: 0, 
            Suppression Events: 1
Time: 889.07, 
            Production Events: 0, 
            Suppression Events: 1
Time: 889.07, 
            Production Events: 0, 
            Suppression Events: 0
Time: 889.07, 
            Production Events: 0, 
            Suppression Events: 0
Time: 889.07, 
            Production Events: 0, 
            Suppression Events: 0
Time: 889.07, 
            Production Events: 0, 
            Suppression Events: 0
Time: 889.07, 
            Production Events: 0, 
            Suppression Events: 0
Time: 889.07, 
            Production Events: 0, 
            Suppression Events: 0
Time: 890.12, 
            Production Events: 0, 
            Suppression Events: 4
Time: 894.56, 
            Production Events: 0, 
            Suppression Events: 2
Time: 894.56, 
            Production Events: 0, 
            Suppression Events: 0
Time: 894.56, 
            Production Events: 0, 
            Suppression Events: 0
Time: 894.56, 
            Production Events: 0, 
            Suppression Events: 0
Time: 895.08, 
            Production Events: 0, 
            Suppression Events: 1
Time: 896.01, 
            Production Events: 0, 
            Suppression Events: 2
Time: 897.64, 
            Production Events: 0, 
            Suppression Events: 1
Time: 898.29, 
            Production Events: 0, 
            Suppression Events: 1
Time: 899.16, 
            Production Events: 0, 
            Suppression Events: 2
Time: 901.86, 
            Production Events: 0, 
            Suppression Events: 2
Time: 901.86, 
            Production Events: 0, 
            Suppression Events: 0
Time: 903.36, 
            Production Events: 0, 
            Suppression Events: 1
Time: 903.36, 
            Production Events: 0, 
            Suppression Events: 0
Time: 905.07, 
            Production Events: 0, 
            Suppression Events: 2
Time: 905.07, 
            Production Events: 0, 
            Suppression Events: 0
Time: 906.15, 
            Production Events: 0, 
            Suppression Events: 2
Time: 908.92, 
            Production Events: 0, 
            Suppression Events: 1
Time: 908.92, 
            Production Events: 0, 
            Suppression Events: 0
Time: 909.37, 
            Production Events: 0, 
            Suppression Events: 1
Time: 910.24, 
            Production Events: 0, 
            Suppression Events: 3
Time: 911.04, 
            Production Events: 0, 
            Suppression Events: 1
Time: 912.06, 
            Production Events: 0, 
            Suppression Events: 2
Time: 913.46, 
            Production Events: 0, 
            Suppression Events: 5
Time: 914.53, 
            Production Events: 0, 
            Suppression Events: 1
Time: 915.53, 
            Production Events: 0, 
            Suppression Events: 1
Time: 916.31, 
            Production Events: 0, 
            Suppression Events: 2
Time: 917.04, 
            Production Events: 0, 
            Suppression Events: 1
Time: 919.05, 
            Production Events: 0, 
            Suppression Events: 1
Time: 919.05, 
            Production Events: 0, 
            Suppression Events: 0
Time: 920.69, 
            Production Events: 0, 
            Suppression Events: 2
Time: 921.18, 
            Production Events: 0, 
            Suppression Events: 1
Time: 922.48, 
            Production Events: 0, 
            Suppression Events: 1
Time: 925.2, 
            Production Events: 0, 
            Suppression Events: 1
Time: 925.2, 
            Production Events: 0, 
            Suppression Events: 0
Time: 925.2, 
            Production Events: 0, 
            Suppression Events: 0
Time: 926.14, 
            Production Events: 0, 
            Suppression Events: 3
Time: 927.14, 
            Production Events: 0, 
            Suppression Events: 1
Time: 929.43, 
            Production Events: 0, 
            Suppression Events: 2
Time: 929.43, 
            Production Events: 0, 
            Suppression Events: 0
Time: 930.24, 
            Production Events: 0, 
            Suppression Events: 1
Time: 931.25, 
            Production Events: 0, 
            Suppression Events: 3
Time: 932.09, 
            Production Events: 1, 
            Suppression Events: 1
Time: 934.08, 
            Production Events: 0, 
            Suppression Events: 2
Time: 934.08, 
            Production Events: 0, 
            Suppression Events: 0
Time: 935.83, 
            Production Events: 0, 
            Suppression Events: 2
Time: 936.75, 
            Production Events: 0, 
            Suppression Events: 1
Time: 937.02, 
            Production Events: 0, 
            Suppression Events: 1
Time: 942.22, 
            Production Events: 0, 
            Suppression Events: 1
Time: 942.22, 
            Production Events: 0, 
            Suppression Events: 0
Time: 942.22, 
            Production Events: 0, 
            Suppression Events: 0
Time: 942.22, 
            Production Events: 0, 
            Suppression Events: 0
Time: 942.22, 
            Production Events: 0, 
            Suppression Events: 0
Time: 943.14, 
            Production Events: 0, 
            Suppression Events: 1
Time: 945.03, 
            Production Events: 0, 
            Suppression Events: 1
Time: 945.03, 
            Production Events: 0, 
            Suppression Events: 0
Time: 947.51, 
            Production Events: 0, 
            Suppression Events: 1
Time: 947.51, 
            Production Events: 0, 
            Suppression Events: 0
Time: 948.31, 
            Production Events: 0, 
            Suppression Events: 1
Time: 951.34, 
            Production Events: 0, 
            Suppression Events: 2
Time: 951.34, 
            Production Events: 0, 
            Suppression Events: 0
Time: 951.34, 
            Production Events: 0, 
            Suppression Events: 0
Time: 952.01, 
            Production Events: 1, 
            Suppression Events: 0
Time: 953.18, 
            Production Events: 0, 
            Suppression Events: 1
Time: 955.82, 
            Production Events: 0, 
            Suppression Events: 1
Time: 955.82, 
            Production Events: 0, 
            Suppression Events: 0
Time: 956.23, 
            Production Events: 0, 
            Suppression Events: 2
Time: 957.23, 
            Production Events: 0, 
            Suppression Events: 1
Time: 958.28, 
            Production Events: 0, 
            Suppression Events: 3
Time: 959.55, 
            Production Events: 0, 
            Suppression Events: 1
Time: 960.83, 
            Production Events: 0, 
            Suppression Events: 1
Time: 961.23, 
            Production Events: 0, 
            Suppression Events: 1
Time: 962.65, 
            Production Events: 0, 
            Suppression Events: 1
Time: 963.92, 
            Production Events: 1, 
            Suppression Events: 1
Time: 964.53, 
            Production Events: 0, 
            Suppression Events: 1
Time: 966.39, 
            Production Events: 0, 
            Suppression Events: 1
Time: 966.39, 
            Production Events: 0, 
            Suppression Events: 0
Time: 967.41, 
            Production Events: 0, 
            Suppression Events: 1
Time: 968.38, 
            Production Events: 0, 
            Suppression Events: 2
Time: 972.44, 
            Production Events: 0, 
            Suppression Events: 1
Time: 972.44, 
            Production Events: 0, 
            Suppression Events: 0
Time: 972.44, 
            Production Events: 0, 
            Suppression Events: 0
Time: 972.44, 
            Production Events: 0, 
            Suppression Events: 0
Time: 973.02, 
            Production Events: 0, 
            Suppression Events: 2
Time: 975.22, 
            Production Events: 0, 
            Suppression Events: 1
Time: 975.22, 
            Production Events: 0, 
            Suppression Events: 0
Time: 976.6, 
            Production Events: 0, 
            Suppression Events: 1
Time: 977.38, 
            Production Events: 0, 
            Suppression Events: 2
Time: 978.23, 
            Production Events: 0, 
            Suppression Events: 1
Time: 979.39, 
            Production Events: 0, 
            Suppression Events: 1
Time: 980.21, 
            Production Events: 0, 
            Suppression Events: 1
Time: 986.58, 
            Production Events: 0, 
            Suppression Events: 4
Time: 986.58, 
            Production Events: 0, 
            Suppression Events: 0
Time: 986.58, 
            Production Events: 0, 
            Suppression Events: 0
Time: 986.58, 
            Production Events: 0, 
            Suppression Events: 0
Time: 986.58, 
            Production Events: 0, 
            Suppression Events: 0
Time: 986.58, 
            Production Events: 0, 
            Suppression Events: 0
Time: 987.46, 
            Production Events: 0, 
            Suppression Events: 1
Time: 988.65, 
            Production Events: 0, 
            Suppression Events: 1
Time: 989.37, 
            Production Events: 0, 
            Suppression Events: 1
Time: 990.46, 
            Production Events: 0, 
            Suppression Events: 2
Time: 991.05, 
            Production Events: 0, 
            Suppression Events: 3
Time: 992.02, 
            Production Events: 0, 
            Suppression Events: 3
Time: 993.71, 
            Production Events: 0, 
            Suppression Events: 3
Time: 994.59, 
            Production Events: 0, 
            Suppression Events: 1
Time: 996.31, 
            Production Events: 0, 
            Suppression Events: 2
Time: 996.31, 
            Production Events: 0, 
            Suppression Events: 0
Time: 999.89, 
            Production Events: 0, 
            Suppression Events: 1
Time: 999.89, 
            Production Events: 0, 
            Suppression Events: 0
Time: 999.89, 
            Production Events: 0, 
            Suppression Events: 0
Time: 1002.81, 
            Production Events: 0, 
            Suppression Events: 1
Simulation completed:
  Final time: 1002.810007801868
  Total events: 952
  Wall time: 9957.57 seconds

Saving simulation results with clean separation...
Task evolution saved to: 5t5b/5t5b_mfcsb/data/param_35_rep_1_2025-11-21_153620/states.csv
Events saved to: 5t5b/5t5b_mfcsb/data/param_35_rep_1_2025-11-21_153620/events.csv
Saving event log (raw and DataFrame)...
log DataFrame size: (957, 9)
short view:
59 DataFrame
 Row  time     bee1_id  bee2_id  task_id  task_1   task_2   task_3     task_4 
      Float64  Int64    Int64    Int64    Float64  Float64  Float64    Float6 

   1      0.0        1        0        0   0.0833   0.0949  0.123387    0.097 
   2      0.0        2        0        0   0.0891   0.0987  0.110479    0.085
   3      0.0        3        0        0   0.0932   0.088   0.0889674   0.140
   4      0.0        4        0        0   0.1179   0.1015  0.147664    0.032
   5      0.0        5        0        0   0.0941   0.1     0.0969192   0.100 
                                                               2 columns omittedEvent log saved to: 5t5b/5t5b_mfcsb/data/param_35_rep_1_2025-11-21_153620/event_log.json
Event log DataFrame saved to: 5t5b/5t5b_mfcsb/data/param_35_rep_1_2025-11-21_153620/event_log.csv
Metadata and configuration saved to: 5t5b/5t5b_mfcsb/data/param_35_rep_1_2025-11-21_153620/config.json
Task index mapping saved to: 5t5b/5t5b_mfcsb/data/param_35_rep_1_2025-11-21_153620/task_index_mapping.json
All results saved to directory: 5t5b/5t5b_mfcsb/data/param_35_rep_1_2025-11-21_153620
Simulation completed successfully!
Job finished at: Fri Nov 21 06:22:57 PM CET 2025
