Job array started at: Fri Nov 21 07:01:35 PM CET 2025
Job ID: 10862311
Array Job ID: 10860410
Array Task ID: 183
Node: th-ws-7010m33
Loading Julia module...
Module loaded: /software/opt/el_9/x86_64/julia/1.11.3/bin/julia
Changing to project directory...
Current directory: /scratch/n/N.Pfaffenzeller/nikolas_nethive/nethive_multiverse
Running parameter combination 183, replicate 1
Starting Julia simulation...
Running simulation with the following configuration:
  dataset_names: [:mnist, :cifar10, :svhn2, :fashion_mnist, :bank]
  param_id: 183
  n_bees: 5
  batch_size: 32
  replicate_id: 1
  punish_rate: 0.1
  punishment: time_out
  lambda_sensitivity: 100
  save_nn_epochs: 0
  production_rate: 1
  interaction_rate: 150
  batches_per_step: 50
  learning_rate: 0.0001
  max_output_dim: 10
  n_steps_per_epoch: 1
  dead_time: 100
  max_input_dim: 3072
  n_epochs: 1000
  seed: 1130188042

Starting simulation with configuration:
  dataset_names: [:mnist, :cifar10, :svhn2, :fashion_mnist, :bank]
  param_id: 183
  n_bees: 5
  batch_size: 32
  replicate_id: 1
  punish_rate: 0.1
  punishment: time_out
  lambda_sensitivity: 100
  save_nn_epochs: 0
  production_rate: 1
  interaction_rate: 150
  batches_per_step: 50
  run_timestamp: 2025-11-21T19:02:05.927
  learning_rate: 0.0001
  max_output_dim: 10
  n_steps_per_epoch: 1
  dead_time: 100
  max_input_dim: 3072
  n_epochs: 1000
  seed: 1130188042
Random seed: 1130188042

Starting simulation...
Time: 2.68, 
            Production Events: 0, 
            Suppression Events: 2
Time: 2.68, 
            Production Events: 0, 
            Suppression Events: 0
Time: 3.35, 
            Production Events: 0, 
            Suppression Events: 1
Time: 5.28, 
            Production Events: 0, 
            Suppression Events: 1
Time: 5.28, 
            Production Events: 0, 
            Suppression Events: 0
Time: 7.24, 
            Production Events: 1, 
            Suppression Events: 1
Time: 7.24, 
            Production Events: 0, 
            Suppression Events: 0
Time: 9.71, 
            Production Events: 0, 
            Suppression Events: 1
Time: 9.71, 
            Production Events: 0, 
            Suppression Events: 0
Time: 11.4, 
            Production Events: 0, 
            Suppression Events: 1
Time: 11.4, 
            Production Events: 0, 
            Suppression Events: 0
Time: 12.98, 
            Production Events: 0, 
            Suppression Events: 1
Time: 16.32, 
            Production Events: 0, 
            Suppression Events: 1
Time: 16.32, 
            Production Events: 0, 
            Suppression Events: 0
Time: 16.32, 
            Production Events: 0, 
            Suppression Events: 0
Time: 16.32, 
            Production Events: 0, 
            Suppression Events: 0
Time: 17.09, 
            Production Events: 0, 
            Suppression Events: 1
Time: 18.88, 
            Production Events: 0, 
            Suppression Events: 2
Time: 20.46, 
            Production Events: 0, 
            Suppression Events: 1
Time: 20.46, 
            Production Events: 0, 
            Suppression Events: 0
Time: 21.14, 
            Production Events: 1, 
            Suppression Events: 0
Time: 22.39, 
            Production Events: 0, 
            Suppression Events: 2
Time: 24.4, 
            Production Events: 0, 
            Suppression Events: 2
Time: 24.4, 
            Production Events: 0, 
            Suppression Events: 0
Time: 25.27, 
            Production Events: 0, 
            Suppression Events: 2
Time: 26.21, 
            Production Events: 0, 
            Suppression Events: 2
Time: 29.78, 
            Production Events: 1, 
            Suppression Events: 1
Time: 29.78, 
            Production Events: 0, 
            Suppression Events: 0
Time: 29.78, 
            Production Events: 0, 
            Suppression Events: 0
Time: 30.24, 
            Production Events: 0, 
            Suppression Events: 1
Time: 31.19, 
            Production Events: 0, 
            Suppression Events: 1
Time: 33.14, 
            Production Events: 1, 
            Suppression Events: 2
Time: 33.14, 
            Production Events: 0, 
            Suppression Events: 0
Time: 34.81, 
            Production Events: 1, 
            Suppression Events: 3
Time: 37.27, 
            Production Events: 0, 
            Suppression Events: 1
Time: 37.27, 
            Production Events: 0, 
            Suppression Events: 0
Time: 37.27, 
            Production Events: 0, 
            Suppression Events: 0
Time: 38.74, 
            Production Events: 0, 
            Suppression Events: 3
Time: 39.9, 
            Production Events: 0, 
            Suppression Events: 2
Time: 41.0, 
            Production Events: 0, 
            Suppression Events: 1
Time: 41.0, 
            Production Events: 0, 
            Suppression Events: 0
Time: 42.29, 
            Production Events: 0, 
            Suppression Events: 1
Time: 48.33, 
            Production Events: 0, 
            Suppression Events: 2
Time: 48.33, 
            Production Events: 0, 
            Suppression Events: 0
Time: 48.33, 
            Production Events: 0, 
            Suppression Events: 0
Time: 48.33, 
            Production Events: 0, 
            Suppression Events: 0
Time: 48.33, 
            Production Events: 0, 
            Suppression Events: 0
Time: 48.33, 
            Production Events: 0, 
            Suppression Events: 0
Time: 49.78, 
            Production Events: 0, 
            Suppression Events: 1
Time: 51.09, 
            Production Events: 0, 
            Suppression Events: 1
Time: 51.09, 
            Production Events: 0, 
            Suppression Events: 0
Time: 54.71, 
            Production Events: 0, 
            Suppression Events: 1
Time: 54.71, 
            Production Events: 0, 
            Suppression Events: 0
Time: 54.71, 
            Production Events: 0, 
            Suppression Events: 0
Time: 55.03, 
            Production Events: 0, 
            Suppression Events: 1
Time: 58.41, 
            Production Events: 0, 
            Suppression Events: 1
Time: 58.41, 
            Production Events: 0, 
            Suppression Events: 0
Time: 58.41, 
            Production Events: 0, 
            Suppression Events: 0
Time: 61.26, 
            Production Events: 0, 
            Suppression Events: 2
Time: 61.26, 
            Production Events: 0, 
            Suppression Events: 0
Time: 61.26, 
            Production Events: 0, 
            Suppression Events: 0
Time: 62.05, 
            Production Events: 1, 
            Suppression Events: 1
Time: 64.08, 
            Production Events: 0, 
            Suppression Events: 1
Time: 64.08, 
            Production Events: 0, 
            Suppression Events: 0
Time: 65.53, 
            Production Events: 0, 
            Suppression Events: 3
Time: 66.76, 
            Production Events: 1, 
            Suppression Events: 1
Time: 69.99, 
            Production Events: 0, 
            Suppression Events: 1
Time: 69.99, 
            Production Events: 0, 
            Suppression Events: 0
Time: 69.99, 
            Production Events: 0, 
            Suppression Events: 0
Time: 70.32, 
            Production Events: 0, 
            Suppression Events: 1
Time: 71.24, 
            Production Events: 0, 
            Suppression Events: 1
Time: 73.06, 
            Production Events: 0, 
            Suppression Events: 2
Time: 73.06, 
            Production Events: 0, 
            Suppression Events: 0
Time: 74.11, 
            Production Events: 0, 
            Suppression Events: 2
Time: 75.91, 
            Production Events: 0, 
            Suppression Events: 1
Time: 79.54, 
            Production Events: 0, 
            Suppression Events: 3
Time: 79.54, 
            Production Events: 0, 
            Suppression Events: 0
Time: 79.54, 
            Production Events: 0, 
            Suppression Events: 0
Time: 79.54, 
            Production Events: 0, 
            Suppression Events: 0
Time: 80.73, 
            Production Events: 0, 
            Suppression Events: 1
Time: 82.48, 
            Production Events: 0, 
            Suppression Events: 1
Time: 82.48, 
            Production Events: 0, 
            Suppression Events: 0
Time: 84.58, 
            Production Events: 0, 
            Suppression Events: 2
Time: 84.58, 
            Production Events: 0, 
            Suppression Events: 0
Time: 85.85, 
            Production Events: 0, 
            Suppression Events: 1
Time: 86.7, 
            Production Events: 0, 
            Suppression Events: 1
Time: 87.18, 
            Production Events: 0, 
            Suppression Events: 1
Time: 88.85, 
            Production Events: 0, 
            Suppression Events: 2
Time: 90.03, 
            Production Events: 0, 
            Suppression Events: 1
Time: 90.03, 
            Production Events: 0, 
            Suppression Events: 0
Time: 91.83, 
            Production Events: 0, 
            Suppression Events: 1
Time: 92.9, 
            Production Events: 0, 
            Suppression Events: 2
Time: 93.32, 
            Production Events: 0, 
            Suppression Events: 1
Time: 94.18, 
            Production Events: 0, 
            Suppression Events: 1
Time: 95.53, 
            Production Events: 0, 
            Suppression Events: 2
Time: 96.29, 
            Production Events: 0, 
            Suppression Events: 2
Time: 97.4, 
            Production Events: 0, 
            Suppression Events: 2
Time: 99.79, 
            Production Events: 0, 
            Suppression Events: 2
Time: 99.79, 
            Production Events: 0, 
            Suppression Events: 0
Time: 100.58, 
            Production Events: 0, 
            Suppression Events: 1
Time: 101.02, 
            Production Events: 0, 
            Suppression Events: 1
Time: 102.04, 
            Production Events: 0, 
            Suppression Events: 1
Time: 103.99, 
            Production Events: 0, 
            Suppression Events: 2
Time: 104.15, 
            Production Events: 0, 
            Suppression Events: 2
Time: 105.98, 
            Production Events: 0, 
            Suppression Events: 1
Time: 106.19, 
            Production Events: 0, 
            Suppression Events: 1
Time: 107.25, 
            Production Events: 0, 
            Suppression Events: 1
Time: 108.86, 
            Production Events: 0, 
            Suppression Events: 1
Time: 109.48, 
            Production Events: 0, 
            Suppression Events: 1
Time: 111.51, 
            Production Events: 0, 
            Suppression Events: 1
Time: 111.51, 
            Production Events: 0, 
            Suppression Events: 0
Time: 112.27, 
            Production Events: 0, 
            Suppression Events: 1
Time: 113.03, 
            Production Events: 0, 
            Suppression Events: 2
Time: 114.1, 
            Production Events: 0, 
            Suppression Events: 2
Time: 115.38, 
            Production Events: 1, 
            Suppression Events: 2
Time: 116.33, 
            Production Events: 0, 
            Suppression Events: 1
Time: 117.43, 
            Production Events: 0, 
            Suppression Events: 1
Time: 119.04, 
            Production Events: 0, 
            Suppression Events: 1
Time: 119.04, 
            Production Events: 0, 
            Suppression Events: 0
Time: 120.39, 
            Production Events: 0, 
            Suppression Events: 1
Time: 121.58, 
            Production Events: 0, 
            Suppression Events: 1
Time: 122.23, 
            Production Events: 0, 
            Suppression Events: 2
Time: 123.21, 
            Production Events: 0, 
            Suppression Events: 4
Time: 124.32, 
            Production Events: 0, 
            Suppression Events: 1
Time: 125.35, 
            Production Events: 0, 
            Suppression Events: 1
Time: 126.69, 
            Production Events: 0, 
            Suppression Events: 1
Time: 127.33, 
            Production Events: 0, 
            Suppression Events: 1
Time: 128.18, 
            Production Events: 0, 
            Suppression Events: 2
Time: 129.67, 
            Production Events: 0, 
            Suppression Events: 1
Time: 130.24, 
            Production Events: 0, 
            Suppression Events: 1
Time: 131.04, 
            Production Events: 0, 
            Suppression Events: 2
Time: 136.2, 
            Production Events: 0, 
            Suppression Events: 2
Time: 136.2, 
            Production Events: 0, 
            Suppression Events: 0
Time: 136.2, 
            Production Events: 0, 
            Suppression Events: 0
Time: 136.2, 
            Production Events: 0, 
            Suppression Events: 0
Time: 136.2, 
            Production Events: 0, 
            Suppression Events: 0
Time: 137.0, 
            Production Events: 0, 
            Suppression Events: 2
Time: 138.03, 
            Production Events: 1, 
            Suppression Events: 0
Time: 140.23, 
            Production Events: 0, 
            Suppression Events: 1
Time: 140.23, 
            Production Events: 0, 
            Suppression Events: 0
Time: 141.82, 
            Production Events: 0, 
            Suppression Events: 2
Time: 143.36, 
            Production Events: 0, 
            Suppression Events: 2
Time: 143.36, 
            Production Events: 0, 
            Suppression Events: 0
Time: 145.48, 
            Production Events: 0, 
            Suppression Events: 1
Time: 145.48, 
            Production Events: 0, 
            Suppression Events: 0
Time: 146.75, 
            Production Events: 0, 
            Suppression Events: 2
Time: 147.16, 
            Production Events: 0, 
            Suppression Events: 3
Time: 148.72, 
            Production Events: 0, 
            Suppression Events: 2
Time: 149.18, 
            Production Events: 0, 
            Suppression Events: 1
Time: 151.06, 
            Production Events: 0, 
            Suppression Events: 2
Time: 151.06, 
            Production Events: 0, 
            Suppression Events: 0
Time: 152.7, 
            Production Events: 0, 
            Suppression Events: 3
Time: 154.82, 
            Production Events: 1, 
            Suppression Events: 0
Time: 154.82, 
            Production Events: 0, 
            Suppression Events: 0
Time: 155.08, 
            Production Events: 1, 
            Suppression Events: 1
Time: 156.32, 
            Production Events: 0, 
            Suppression Events: 2
Time: 157.37, 
            Production Events: 0, 
            Suppression Events: 2
Time: 163.14, 
            Production Events: 0, 
            Suppression Events: 2
Time: 163.14, 
            Production Events: 0, 
            Suppression Events: 0
Time: 163.14, 
            Production Events: 0, 
            Suppression Events: 0
Time: 163.14, 
            Production Events: 0, 
            Suppression Events: 0
Time: 163.14, 
            Production Events: 0, 
            Suppression Events: 0
Time: 163.14, 
            Production Events: 0, 
            Suppression Events: 0
Time: 164.14, 
            Production Events: 0, 
            Suppression Events: 1
Time: 165.11, 
            Production Events: 0, 
            Suppression Events: 1
Time: 166.12, 
            Production Events: 0, 
            Suppression Events: 1
Time: 167.06, 
            Production Events: 0, 
            Suppression Events: 1
Time: 171.27, 
            Production Events: 0, 
            Suppression Events: 2
Time: 171.27, 
            Production Events: 0, 
            Suppression Events: 0
Time: 171.27, 
            Production Events: 0, 
            Suppression Events: 0
Time: 171.27, 
            Production Events: 0, 
            Suppression Events: 0
Time: 172.69, 
            Production Events: 0, 
            Suppression Events: 2
Time: 173.97, 
            Production Events: 0, 
            Suppression Events: 1
Time: 176.07, 
            Production Events: 0, 
            Suppression Events: 1
Time: 176.07, 
            Production Events: 0, 
            Suppression Events: 0
Time: 176.07, 
            Production Events: 0, 
            Suppression Events: 0
Time: 177.16, 
            Production Events: 0, 
            Suppression Events: 1
Time: 178.97, 
            Production Events: 0, 
            Suppression Events: 4
Time: 179.13, 
            Production Events: 0, 
            Suppression Events: 1
Time: 180.11, 
            Production Events: 0, 
            Suppression Events: 2
Time: 181.39, 
            Production Events: 0, 
            Suppression Events: 2
Time: 182.27, 
            Production Events: 0, 
            Suppression Events: 1
Time: 183.26, 
            Production Events: 1, 
            Suppression Events: 1
Time: 185.22, 
            Production Events: 0, 
            Suppression Events: 2
Time: 185.22, 
            Production Events: 0, 
            Suppression Events: 0
Time: 186.42, 
            Production Events: 0, 
            Suppression Events: 4
Time: 189.14, 
            Production Events: 1, 
            Suppression Events: 0
Time: 189.14, 
            Production Events: 0, 
            Suppression Events: 0
Time: 189.14, 
            Production Events: 0, 
            Suppression Events: 0
Time: 190.57, 
            Production Events: 0, 
            Suppression Events: 2
Time: 191.84, 
            Production Events: 0, 
            Suppression Events: 2
Time: 192.03, 
            Production Events: 0, 
            Suppression Events: 2
Time: 193.35, 
            Production Events: 0, 
            Suppression Events: 3
Time: 194.75, 
            Production Events: 1, 
            Suppression Events: 2
Time: 198.11, 
            Production Events: 0, 
            Suppression Events: 1
Time: 198.11, 
            Production Events: 0, 
            Suppression Events: 0
Time: 198.11, 
            Production Events: 0, 
            Suppression Events: 0
Time: 198.11, 
            Production Events: 0, 
            Suppression Events: 0
Time: 199.87, 
            Production Events: 0, 
            Suppression Events: 2
Time: 201.8, 
            Production Events: 0, 
            Suppression Events: 1
Time: 201.8, 
            Production Events: 0, 
            Suppression Events: 0
Time: 202.19, 
            Production Events: 0, 
            Suppression Events: 1
Time: 203.62, 
            Production Events: 0, 
            Suppression Events: 3
Time: 207.09, 
            Production Events: 0, 
            Suppression Events: 3
Time: 207.09, 
            Production Events: 0, 
            Suppression Events: 0
Time: 207.09, 
            Production Events: 0, 
            Suppression Events: 0
Time: 207.09, 
            Production Events: 0, 
            Suppression Events: 0
Time: 208.29, 
            Production Events: 0, 
            Suppression Events: 2
Time: 209.18, 
            Production Events: 0, 
            Suppression Events: 1
Time: 210.64, 
            Production Events: 0, 
            Suppression Events: 2
Time: 212.42, 
            Production Events: 0, 
            Suppression Events: 2
Time: 212.42, 
            Production Events: 0, 
            Suppression Events: 0
Time: 215.3, 
            Production Events: 1, 
            Suppression Events: 2
Time: 215.3, 
            Production Events: 0, 
            Suppression Events: 0
Time: 215.3, 
            Production Events: 0, 
            Suppression Events: 0
Time: 216.71, 
            Production Events: 0, 
            Suppression Events: 2
Time: 218.61, 
            Production Events: 0, 
            Suppression Events: 1
Time: 218.61, 
            Production Events: 0, 
            Suppression Events: 0
Time: 219.38, 
            Production Events: 0, 
            Suppression Events: 1
Time: 220.34, 
            Production Events: 0, 
            Suppression Events: 2
Time: 221.78, 
            Production Events: 0, 
            Suppression Events: 1
Time: 222.86, 
            Production Events: 0, 
            Suppression Events: 1
Time: 223.21, 
            Production Events: 0, 
            Suppression Events: 1
Time: 224.44, 
            Production Events: 0, 
            Suppression Events: 1
Time: 225.67, 
            Production Events: 0, 
            Suppression Events: 2
Time: 226.4, 
            Production Events: 0, 
            Suppression Events: 1
Time: 227.03, 
            Production Events: 0, 
            Suppression Events: 1
Time: 228.24, 
            Production Events: 0, 
            Suppression Events: 2
Time: 229.44, 
            Production Events: 0, 
            Suppression Events: 1
Time: 230.04, 
            Production Events: 0, 
            Suppression Events: 2
Time: 231.05, 
            Production Events: 0, 
            Suppression Events: 3
Time: 233.14, 
            Production Events: 0, 
            Suppression Events: 1
Time: 233.14, 
            Production Events: 0, 
            Suppression Events: 0
Time: 235.38, 
            Production Events: 0, 
            Suppression Events: 1
Time: 235.38, 
            Production Events: 0, 
            Suppression Events: 0
Time: 236.33, 
            Production Events: 0, 
            Suppression Events: 2
Time: 237.49, 
            Production Events: 0, 
            Suppression Events: 1
Time: 240.41, 
            Production Events: 0, 
            Suppression Events: 1
Time: 240.41, 
            Production Events: 0, 
            Suppression Events: 0
Time: 240.41, 
            Production Events: 0, 
            Suppression Events: 0
Time: 241.06, 
            Production Events: 0, 
            Suppression Events: 5
Time: 244.34, 
            Production Events: 0, 
            Suppression Events: 2
Time: 244.34, 
            Production Events: 0, 
            Suppression Events: 0
Time: 244.34, 
            Production Events: 0, 
            Suppression Events: 0
Time: 246.84, 
            Production Events: 0, 
            Suppression Events: 3
Time: 246.84, 
            Production Events: 0, 
            Suppression Events: 0
Time: 247.33, 
            Production Events: 0, 
            Suppression Events: 1
Time: 248.85, 
            Production Events: 0, 
            Suppression Events: 2
Time: 249.08, 
            Production Events: 0, 
            Suppression Events: 1
Time: 251.29, 
            Production Events: 0, 
            Suppression Events: 3
Time: 251.29, 
            Production Events: 0, 
            Suppression Events: 0
Time: 252.41, 
            Production Events: 0, 
            Suppression Events: 1
Time: 253.81, 
            Production Events: 0, 
            Suppression Events: 1
Time: 254.2, 
            Production Events: 0, 
            Suppression Events: 1
Time: 256.9, 
            Production Events: 0, 
            Suppression Events: 1
Time: 256.9, 
            Production Events: 0, 
            Suppression Events: 0
Time: 258.07, 
            Production Events: 0, 
            Suppression Events: 1
Time: 258.07, 
            Production Events: 0, 
            Suppression Events: 0
Time: 259.67, 
            Production Events: 0, 
            Suppression Events: 2
Time: 260.48, 
            Production Events: 0, 
            Suppression Events: 1
Time: 263.21, 
            Production Events: 0, 
            Suppression Events: 2
Time: 263.21, 
            Production Events: 0, 
            Suppression Events: 0
Time: 263.21, 
            Production Events: 0, 
            Suppression Events: 0
Time: 264.3, 
            Production Events: 0, 
            Suppression Events: 4
Time: 265.64, 
            Production Events: 0, 
            Suppression Events: 2
Time: 267.1, 
            Production Events: 0, 
            Suppression Events: 1
Time: 267.1, 
            Production Events: 0, 
            Suppression Events: 0
Time: 268.2, 
            Production Events: 0, 
            Suppression Events: 1
Time: 270.21, 
            Production Events: 0, 
            Suppression Events: 3
Time: 270.21, 
            Production Events: 0, 
            Suppression Events: 0
Time: 271.91, 
            Production Events: 0, 
            Suppression Events: 1
Time: 273.36, 
            Production Events: 0, 
            Suppression Events: 1
Time: 273.36, 
            Production Events: 0, 
            Suppression Events: 0
Time: 274.66, 
            Production Events: 0, 
            Suppression Events: 2
Time: 275.71, 
            Production Events: 0, 
            Suppression Events: 1
Time: 276.08, 
            Production Events: 0, 
            Suppression Events: 2
Time: 279.93, 
            Production Events: 0, 
            Suppression Events: 2
Time: 279.93, 
            Production Events: 0, 
            Suppression Events: 0
Time: 279.93, 
            Production Events: 0, 
            Suppression Events: 0
Time: 280.18, 
            Production Events: 0, 
            Suppression Events: 1
Time: 281.17, 
            Production Events: 0, 
            Suppression Events: 2
Time: 283.14, 
            Production Events: 0, 
            Suppression Events: 1
Time: 283.14, 
            Production Events: 0, 
            Suppression Events: 0
Time: 284.72, 
            Production Events: 1, 
            Suppression Events: 2
Time: 285.02, 
            Production Events: 0, 
            Suppression Events: 1
Time: 286.97, 
            Production Events: 0, 
            Suppression Events: 3
Time: 288.16, 
            Production Events: 0, 
            Suppression Events: 1
Time: 288.16, 
            Production Events: 0, 
            Suppression Events: 0
Time: 289.53, 
            Production Events: 0, 
            Suppression Events: 3
Time: 291.0, 
            Production Events: 0, 
            Suppression Events: 3
Time: 291.85, 
            Production Events: 0, 
            Suppression Events: 1
Time: 293.86, 
            Production Events: 0, 
            Suppression Events: 1
Time: 293.86, 
            Production Events: 0, 
            Suppression Events: 0
Time: 295.35, 
            Production Events: 0, 
            Suppression Events: 3
Time: 295.35, 
            Production Events: 0, 
            Suppression Events: 0
Time: 296.3, 
            Production Events: 0, 
            Suppression Events: 1
Time: 298.68, 
            Production Events: 0, 
            Suppression Events: 1
Time: 298.68, 
            Production Events: 0, 
            Suppression Events: 0
Time: 299.85, 
            Production Events: 0, 
            Suppression Events: 2
Time: 300.11, 
            Production Events: 0, 
            Suppression Events: 1
Time: 301.34, 
            Production Events: 0, 
            Suppression Events: 4
Time: 302.2, 
            Production Events: 0, 
            Suppression Events: 1
Time: 303.21, 
            Production Events: 0, 
            Suppression Events: 2
Time: 305.57, 
            Production Events: 0, 
            Suppression Events: 1
Time: 305.57, 
            Production Events: 0, 
            Suppression Events: 0
Time: 307.12, 
            Production Events: 1, 
            Suppression Events: 0
Time: 307.12, 
            Production Events: 0, 
            Suppression Events: 0
Time: 309.24, 
            Production Events: 0, 
            Suppression Events: 1
Time: 309.24, 
            Production Events: 0, 
            Suppression Events: 0
Time: 312.81, 
            Production Events: 0, 
            Suppression Events: 3
Time: 312.81, 
            Production Events: 0, 
            Suppression Events: 0
Time: 312.81, 
            Production Events: 0, 
            Suppression Events: 0
Time: 313.04, 
            Production Events: 0, 
            Suppression Events: 1
Time: 314.36, 
            Production Events: 0, 
            Suppression Events: 2
Time: 316.98, 
            Production Events: 0, 
            Suppression Events: 3
Time: 316.98, 
            Production Events: 0, 
            Suppression Events: 0
Time: 317.08, 
            Production Events: 0, 
            Suppression Events: 1
Time: 318.43, 
            Production Events: 0, 
            Suppression Events: 1
Time: 319.37, 
            Production Events: 0, 
            Suppression Events: 1
Time: 322.22, 
            Production Events: 0, 
            Suppression Events: 1
Time: 322.22, 
            Production Events: 0, 
            Suppression Events: 0
Time: 322.22, 
            Production Events: 0, 
            Suppression Events: 0
Time: 323.22, 
            Production Events: 0, 
            Suppression Events: 5
Time: 324.76, 
            Production Events: 0, 
            Suppression Events: 3
Time: 326.67, 
            Production Events: 0, 
            Suppression Events: 1
Time: 326.67, 
            Production Events: 0, 
            Suppression Events: 0
Time: 327.31, 
            Production Events: 0, 
            Suppression Events: 1
Time: 330.72, 
            Production Events: 0, 
            Suppression Events: 2
Time: 330.72, 
            Production Events: 0, 
            Suppression Events: 0
Time: 330.72, 
            Production Events: 0, 
            Suppression Events: 0
Time: 331.65, 
            Production Events: 0, 
            Suppression Events: 1
Time: 332.05, 
            Production Events: 0, 
            Suppression Events: 1
Time: 333.0, 
            Production Events: 0, 
            Suppression Events: 2
Time: 336.23, 
            Production Events: 0, 
            Suppression Events: 2
Time: 336.23, 
            Production Events: 0, 
            Suppression Events: 0
Time: 336.23, 
            Production Events: 0, 
            Suppression Events: 0
Time: 337.87, 
            Production Events: 0, 
            Suppression Events: 1
Time: 338.39, 
            Production Events: 0, 
            Suppression Events: 2
Time: 339.03, 
            Production Events: 0, 
            Suppression Events: 4
Time: 340.08, 
            Production Events: 0, 
            Suppression Events: 1
Time: 343.0, 
            Production Events: 0, 
            Suppression Events: 3
Time: 343.0, 
            Production Events: 0, 
            Suppression Events: 0
Time: 344.92, 
            Production Events: 0, 
            Suppression Events: 1
Time: 344.92, 
            Production Events: 0, 
            Suppression Events: 0
Time: 345.05, 
            Production Events: 0, 
            Suppression Events: 1
Time: 346.65, 
            Production Events: 0, 
            Suppression Events: 1
Time: 347.33, 
            Production Events: 0, 
            Suppression Events: 1
Time: 348.6, 
            Production Events: 0, 
            Suppression Events: 1
Time: 349.67, 
            Production Events: 0, 
            Suppression Events: 2
Time: 350.6, 
            Production Events: 0, 
            Suppression Events: 2
Time: 351.46, 
            Production Events: 0, 
            Suppression Events: 1
Time: 353.68, 
            Production Events: 0, 
            Suppression Events: 2
Time: 353.68, 
            Production Events: 0, 
            Suppression Events: 0
Time: 356.38, 
            Production Events: 0, 
            Suppression Events: 2
Time: 356.38, 
            Production Events: 0, 
            Suppression Events: 0
Time: 356.38, 
            Production Events: 0, 
            Suppression Events: 0
Time: 357.16, 
            Production Events: 0, 
            Suppression Events: 2
Time: 358.31, 
            Production Events: 0, 
            Suppression Events: 1
Time: 359.94, 
            Production Events: 0, 
            Suppression Events: 3
Time: 360.87, 
            Production Events: 0, 
            Suppression Events: 1
Time: 361.82, 
            Production Events: 1, 
            Suppression Events: 0
Time: 362.42, 
            Production Events: 0, 
            Suppression Events: 1
Time: 363.18, 
            Production Events: 0, 
            Suppression Events: 1
Time: 364.07, 
            Production Events: 0, 
            Suppression Events: 2
Time: 366.34, 
            Production Events: 0, 
            Suppression Events: 3
Time: 366.34, 
            Production Events: 0, 
            Suppression Events: 0
Time: 368.92, 
            Production Events: 0, 
            Suppression Events: 2
Time: 368.92, 
            Production Events: 0, 
            Suppression Events: 0
Time: 372.64, 
            Production Events: 0, 
            Suppression Events: 1
Time: 372.64, 
            Production Events: 0, 
            Suppression Events: 0
Time: 372.64, 
            Production Events: 0, 
            Suppression Events: 0
Time: 372.64, 
            Production Events: 0, 
            Suppression Events: 0
Time: 373.72, 
            Production Events: 0, 
            Suppression Events: 2
Time: 376.73, 
            Production Events: 0, 
            Suppression Events: 1
Time: 376.73, 
            Production Events: 0, 
            Suppression Events: 0
Time: 376.73, 
            Production Events: 0, 
            Suppression Events: 0
Time: 377.79, 
            Production Events: 0, 
            Suppression Events: 2
Time: 378.6, 
            Production Events: 0, 
            Suppression Events: 1
Time: 379.93, 
            Production Events: 0, 
            Suppression Events: 3
Time: 380.76, 
            Production Events: 0, 
            Suppression Events: 1
Time: 381.4, 
            Production Events: 0, 
            Suppression Events: 1
Time: 383.88, 
            Production Events: 0, 
            Suppression Events: 2
Time: 383.88, 
            Production Events: 0, 
            Suppression Events: 0
Time: 384.49, 
            Production Events: 0, 
            Suppression Events: 1
Time: 385.15, 
            Production Events: 0, 
            Suppression Events: 1
Time: 386.05, 
            Production Events: 0, 
            Suppression Events: 2
Time: 387.39, 
            Production Events: 0, 
            Suppression Events: 2
Time: 388.06, 
            Production Events: 0, 
            Suppression Events: 2
Time: 391.34, 
            Production Events: 0, 
            Suppression Events: 4
Time: 391.34, 
            Production Events: 0, 
            Suppression Events: 0
Time: 391.34, 
            Production Events: 0, 
            Suppression Events: 0
Time: 392.01, 
            Production Events: 0, 
            Suppression Events: 1
Time: 393.76, 
            Production Events: 0, 
            Suppression Events: 2
Time: 396.64, 
            Production Events: 0, 
            Suppression Events: 2
Time: 396.64, 
            Production Events: 0, 
            Suppression Events: 0
Time: 396.64, 
            Production Events: 0, 
            Suppression Events: 0
Time: 397.47, 
            Production Events: 0, 
            Suppression Events: 1
Time: 399.29, 
            Production Events: 0, 
            Suppression Events: 2
Time: 399.29, 
            Production Events: 0, 
            Suppression Events: 0
Time: 400.25, 
            Production Events: 0, 
            Suppression Events: 1
Time: 402.08, 
            Production Events: 0, 
            Suppression Events: 1
Time: 402.08, 
            Production Events: 0, 
            Suppression Events: 0
Time: 403.11, 
            Production Events: 0, 
            Suppression Events: 3
Time: 404.52, 
            Production Events: 0, 
            Suppression Events: 2
Time: 406.25, 
            Production Events: 0, 
            Suppression Events: 1
Time: 406.25, 
            Production Events: 0, 
            Suppression Events: 0
Time: 407.91, 
            Production Events: 0, 
            Suppression Events: 1
Time: 409.0, 
            Production Events: 0, 
            Suppression Events: 1
Time: 409.64, 
            Production Events: 0, 
            Suppression Events: 1
Time: 410.07, 
            Production Events: 1, 
            Suppression Events: 1
Time: 411.44, 
            Production Events: 0, 
            Suppression Events: 1
Time: 413.14, 
            Production Events: 0, 
            Suppression Events: 1
Time: 413.14, 
            Production Events: 0, 
            Suppression Events: 0
Time: 414.05, 
            Production Events: 0, 
            Suppression Events: 1
Time: 415.9, 
            Production Events: 0, 
            Suppression Events: 2
Time: 416.16, 
            Production Events: 0, 
            Suppression Events: 1
Time: 417.0, 
            Production Events: 0, 
            Suppression Events: 1
Time: 419.25, 
            Production Events: 0, 
            Suppression Events: 2
Time: 419.25, 
            Production Events: 0, 
            Suppression Events: 0
Time: 420.02, 
            Production Events: 0, 
            Suppression Events: 1
Time: 421.6, 
            Production Events: 0, 
            Suppression Events: 2
Time: 424.2, 
            Production Events: 0, 
            Suppression Events: 1
Time: 424.2, 
            Production Events: 0, 
            Suppression Events: 0
Time: 424.2, 
            Production Events: 0, 
            Suppression Events: 0
Time: 426.9, 
            Production Events: 0, 
            Suppression Events: 3
Time: 426.9, 
            Production Events: 0, 
            Suppression Events: 0
Time: 429.56, 
            Production Events: 0, 
            Suppression Events: 1
Time: 429.56, 
            Production Events: 0, 
            Suppression Events: 0
Time: 429.56, 
            Production Events: 0, 
            Suppression Events: 0
Time: 433.02, 
            Production Events: 0, 
            Suppression Events: 1
Time: 433.02, 
            Production Events: 0, 
            Suppression Events: 0
Time: 433.02, 
            Production Events: 0, 
            Suppression Events: 0
Time: 433.02, 
            Production Events: 0, 
            Suppression Events: 0
Time: 434.61, 
            Production Events: 0, 
            Suppression Events: 2
Time: 436.03, 
            Production Events: 0, 
            Suppression Events: 2
Time: 436.03, 
            Production Events: 0, 
            Suppression Events: 0
Time: 437.07, 
            Production Events: 0, 
            Suppression Events: 2
Time: 439.24, 
            Production Events: 0, 
            Suppression Events: 2
Time: 439.24, 
            Production Events: 0, 
            Suppression Events: 0
Time: 440.44, 
            Production Events: 0, 
            Suppression Events: 1
Time: 441.31, 
            Production Events: 0, 
            Suppression Events: 1
Time: 442.04, 
            Production Events: 0, 
            Suppression Events: 2
Time: 443.42, 
            Production Events: 0, 
            Suppression Events: 1
Time: 444.66, 
            Production Events: 0, 
            Suppression Events: 1
Time: 445.09, 
            Production Events: 0, 
            Suppression Events: 1
Time: 446.46, 
            Production Events: 0, 
            Suppression Events: 1
Time: 447.88, 
            Production Events: 0, 
            Suppression Events: 2
Time: 449.41, 
            Production Events: 0, 
            Suppression Events: 1
Time: 449.41, 
            Production Events: 0, 
            Suppression Events: 0
Time: 453.18, 
            Production Events: 0, 
            Suppression Events: 1
Time: 453.18, 
            Production Events: 0, 
            Suppression Events: 0
Time: 453.18, 
            Production Events: 0, 
            Suppression Events: 0
Time: 453.18, 
            Production Events: 0, 
            Suppression Events: 0
Time: 455.69, 
            Production Events: 1, 
            Suppression Events: 1
Time: 455.69, 
            Production Events: 0, 
            Suppression Events: 0
Time: 456.51, 
            Production Events: 0, 
            Suppression Events: 2
Time: 458.2, 
            Production Events: 0, 
            Suppression Events: 3
Time: 458.2, 
            Production Events: 0, 
            Suppression Events: 0
Time: 460.62, 
            Production Events: 0, 
            Suppression Events: 1
Time: 460.62, 
            Production Events: 0, 
            Suppression Events: 0
Time: 462.09, 
            Production Events: 0, 
            Suppression Events: 1
Time: 462.09, 
            Production Events: 0, 
            Suppression Events: 0
Time: 463.78, 
            Production Events: 0, 
            Suppression Events: 3
Time: 465.04, 
            Production Events: 0, 
            Suppression Events: 2
Time: 465.04, 
            Production Events: 0, 
            Suppression Events: 0
Time: 467.06, 
            Production Events: 0, 
            Suppression Events: 1
Time: 467.06, 
            Production Events: 0, 
            Suppression Events: 0
Time: 468.32, 
            Production Events: 0, 
            Suppression Events: 1
Time: 469.25, 
            Production Events: 0, 
            Suppression Events: 2
Time: 472.19, 
            Production Events: 0, 
            Suppression Events: 1
Time: 472.19, 
            Production Events: 0, 
            Suppression Events: 0
Time: 472.19, 
            Production Events: 0, 
            Suppression Events: 0
Time: 473.13, 
            Production Events: 0, 
            Suppression Events: 1
Time: 474.82, 
            Production Events: 0, 
            Suppression Events: 2
Time: 475.7, 
            Production Events: 0, 
            Suppression Events: 1
Time: 476.39, 
            Production Events: 0, 
            Suppression Events: 1
Time: 477.94, 
            Production Events: 0, 
            Suppression Events: 1
Time: 480.48, 
            Production Events: 0, 
            Suppression Events: 1
Time: 480.48, 
            Production Events: 0, 
            Suppression Events: 0
Time: 480.48, 
            Production Events: 0, 
            Suppression Events: 0
Time: 481.24, 
            Production Events: 0, 
            Suppression Events: 1
Time: 482.36, 
            Production Events: 0, 
            Suppression Events: 2
Time: 483.92, 
            Production Events: 0, 
            Suppression Events: 1
Time: 484.68, 
            Production Events: 0, 
            Suppression Events: 1
Time: 485.58, 
            Production Events: 0, 
            Suppression Events: 2
Time: 486.24, 
            Production Events: 0, 
            Suppression Events: 1
Time: 488.1, 
            Production Events: 0, 
            Suppression Events: 2
Time: 488.1, 
            Production Events: 0, 
            Suppression Events: 0
Time: 490.73, 
            Production Events: 0, 
            Suppression Events: 2
Time: 490.73, 
            Production Events: 0, 
            Suppression Events: 0
Time: 492.21, 
            Production Events: 0, 
            Suppression Events: 1
Time: 492.21, 
            Production Events: 0, 
            Suppression Events: 0
Time: 493.95, 
            Production Events: 0, 
            Suppression Events: 2
Time: 495.1, 
            Production Events: 0, 
            Suppression Events: 1
Time: 495.1, 
            Production Events: 0, 
            Suppression Events: 0
Time: 496.42, 
            Production Events: 0, 
            Suppression Events: 1
Time: 497.91, 
            Production Events: 0, 
            Suppression Events: 1
Time: 498.71, 
            Production Events: 0, 
            Suppression Events: 1
Time: 499.66, 
            Production Events: 0, 
            Suppression Events: 1
Time: 500.17, 
            Production Events: 0, 
            Suppression Events: 4
Time: 501.23, 
            Production Events: 0, 
            Suppression Events: 1
Time: 502.02, 
            Production Events: 0, 
            Suppression Events: 3
Time: 504.52, 
            Production Events: 0, 
            Suppression Events: 2
Time: 504.52, 
            Production Events: 0, 
            Suppression Events: 0
Time: 505.77, 
            Production Events: 0, 
            Suppression Events: 1
Time: 506.12, 
            Production Events: 0, 
            Suppression Events: 2
Time: 507.58, 
            Production Events: 0, 
            Suppression Events: 1
Time: 509.72, 
            Production Events: 0, 
            Suppression Events: 2
Time: 509.72, 
            Production Events: 0, 
            Suppression Events: 0
Time: 510.82, 
            Production Events: 0, 
            Suppression Events: 2
Time: 511.83, 
            Production Events: 0, 
            Suppression Events: 2
Time: 512.31, 
            Production Events: 0, 
            Suppression Events: 1
Time: 513.19, 
            Production Events: 0, 
            Suppression Events: 2
Time: 515.07, 
            Production Events: 0, 
            Suppression Events: 1
Time: 515.07, 
            Production Events: 0, 
            Suppression Events: 0
Time: 516.81, 
            Production Events: 0, 
            Suppression Events: 1
Time: 518.69, 
            Production Events: 1, 
            Suppression Events: 0
Time: 518.69, 
            Production Events: 0, 
            Suppression Events: 0
Time: 521.95, 
            Production Events: 0, 
            Suppression Events: 1
Time: 521.95, 
            Production Events: 0, 
            Suppression Events: 0
Time: 521.95, 
            Production Events: 0, 
            Suppression Events: 0
Time: 525.05, 
            Production Events: 0, 
            Suppression Events: 1
Time: 525.05, 
            Production Events: 0, 
            Suppression Events: 0
Time: 525.05, 
            Production Events: 0, 
            Suppression Events: 0
Time: 525.05, 
            Production Events: 0, 
            Suppression Events: 0
Time: 526.02, 
            Production Events: 0, 
            Suppression Events: 1
Time: 527.63, 
            Production Events: 0, 
            Suppression Events: 3
Time: 529.19, 
            Production Events: 0, 
            Suppression Events: 1
Time: 529.19, 
            Production Events: 0, 
            Suppression Events: 0
Time: 530.52, 
            Production Events: 0, 
            Suppression Events: 3
Time: 532.13, 
            Production Events: 0, 
            Suppression Events: 1
Time: 532.13, 
            Production Events: 0, 
            Suppression Events: 0
Time: 534.44, 
            Production Events: 0, 
            Suppression Events: 2
Time: 534.44, 
            Production Events: 0, 
            Suppression Events: 0
Time: 536.14, 
            Production Events: 0, 
            Suppression Events: 3
Time: 536.14, 
            Production Events: 0, 
            Suppression Events: 0
Time: 537.6, 
            Production Events: 0, 
            Suppression Events: 1
Time: 538.95, 
            Production Events: 0, 
            Suppression Events: 2
Time: 540.28, 
            Production Events: 0, 
            Suppression Events: 1
Time: 540.28, 
            Production Events: 0, 
            Suppression Events: 0
Time: 542.28, 
            Production Events: 0, 
            Suppression Events: 2
Time: 542.28, 
            Production Events: 0, 
            Suppression Events: 0
Time: 544.25, 
            Production Events: 0, 
            Suppression Events: 3
Time: 544.25, 
            Production Events: 0, 
            Suppression Events: 0
Time: 545.52, 
            Production Events: 0, 
            Suppression Events: 1
Time: 546.09, 
            Production Events: 0, 
            Suppression Events: 1
Time: 547.14, 
            Production Events: 0, 
            Suppression Events: 3
Time: 551.85, 
            Production Events: 0, 
            Suppression Events: 2
Time: 551.85, 
            Production Events: 0, 
            Suppression Events: 0
Time: 551.85, 
            Production Events: 0, 
            Suppression Events: 0
Time: 551.85, 
            Production Events: 0, 
            Suppression Events: 0
Time: 552.81, 
            Production Events: 0, 
            Suppression Events: 1
Time: 555.17, 
            Production Events: 0, 
            Suppression Events: 1
Time: 555.17, 
            Production Events: 0, 
            Suppression Events: 0
Time: 555.17, 
            Production Events: 0, 
            Suppression Events: 0
Time: 558.75, 
            Production Events: 0, 
            Suppression Events: 2
Time: 558.75, 
            Production Events: 0, 
            Suppression Events: 0
Time: 558.75, 
            Production Events: 0, 
            Suppression Events: 0
Time: 559.1, 
            Production Events: 0, 
            Suppression Events: 1
Time: 563.01, 
            Production Events: 0, 
            Suppression Events: 1
Time: 563.01, 
            Production Events: 0, 
            Suppression Events: 0
Time: 563.01, 
            Production Events: 0, 
            Suppression Events: 0
Time: 563.01, 
            Production Events: 0, 
            Suppression Events: 0
Time: 567.54, 
            Production Events: 0, 
            Suppression Events: 2
Time: 567.54, 
            Production Events: 0, 
            Suppression Events: 0
Time: 567.54, 
            Production Events: 0, 
            Suppression Events: 0
Time: 567.54, 
            Production Events: 0, 
            Suppression Events: 0
Time: 568.22, 
            Production Events: 0, 
            Suppression Events: 1
Time: 570.02, 
            Production Events: 0, 
            Suppression Events: 1
Time: 570.02, 
            Production Events: 0, 
            Suppression Events: 0
Time: 571.53, 
            Production Events: 0, 
            Suppression Events: 3
Time: 572.33, 
            Production Events: 0, 
            Suppression Events: 2
Time: 574.85, 
            Production Events: 0, 
            Suppression Events: 4
Time: 574.85, 
            Production Events: 0, 
            Suppression Events: 0
Time: 575.56, 
            Production Events: 0, 
            Suppression Events: 2
Time: 576.74, 
            Production Events: 1, 
            Suppression Events: 0
Time: 578.0, 
            Production Events: 0, 
            Suppression Events: 1
Time: 578.98, 
            Production Events: 0, 
            Suppression Events: 1
Time: 579.22, 
            Production Events: 0, 
            Suppression Events: 1
Time: 580.08, 
            Production Events: 0, 
            Suppression Events: 1
Time: 581.27, 
            Production Events: 0, 
            Suppression Events: 1
Time: 584.59, 
            Production Events: 0, 
            Suppression Events: 2
Time: 584.59, 
            Production Events: 0, 
            Suppression Events: 0
Time: 584.59, 
            Production Events: 0, 
            Suppression Events: 0
Time: 586.63, 
            Production Events: 0, 
            Suppression Events: 1
Time: 586.63, 
            Production Events: 0, 
            Suppression Events: 0
Time: 587.64, 
            Production Events: 0, 
            Suppression Events: 1
Time: 589.74, 
            Production Events: 0, 
            Suppression Events: 1
Time: 589.74, 
            Production Events: 0, 
            Suppression Events: 0
Time: 590.75, 
            Production Events: 0, 
            Suppression Events: 1
Time: 591.13, 
            Production Events: 0, 
            Suppression Events: 1
Time: 592.38, 
            Production Events: 0, 
            Suppression Events: 2
Time: 595.09, 
            Production Events: 0, 
            Suppression Events: 2
Time: 595.09, 
            Production Events: 0, 
            Suppression Events: 0
Time: 595.09, 
            Production Events: 0, 
            Suppression Events: 0
Time: 597.81, 
            Production Events: 0, 
            Suppression Events: 1
Time: 597.81, 
            Production Events: 0, 
            Suppression Events: 0
Time: 598.19, 
            Production Events: 0, 
            Suppression Events: 1
Time: 599.41, 
            Production Events: 0, 
            Suppression Events: 1
Time: 601.41, 
            Production Events: 0, 
            Suppression Events: 4
Time: 601.41, 
            Production Events: 0, 
            Suppression Events: 0
Time: 602.62, 
            Production Events: 0, 
            Suppression Events: 2
Time: 605.49, 
            Production Events: 0, 
            Suppression Events: 1
Time: 605.49, 
            Production Events: 0, 
            Suppression Events: 0
Time: 605.49, 
            Production Events: 0, 
            Suppression Events: 0
Time: 606.53, 
            Production Events: 0, 
            Suppression Events: 1
Time: 608.48, 
            Production Events: 0, 
            Suppression Events: 2
Time: 608.48, 
            Production Events: 0, 
            Suppression Events: 0
Time: 611.06, 
            Production Events: 0, 
            Suppression Events: 1
Time: 611.06, 
            Production Events: 0, 
            Suppression Events: 0
Time: 611.06, 
            Production Events: 0, 
            Suppression Events: 0
Time: 612.01, 
            Production Events: 0, 
            Suppression Events: 2
Time: 613.32, 
            Production Events: 0, 
            Suppression Events: 1
Time: 616.24, 
            Production Events: 0, 
            Suppression Events: 1
Time: 616.24, 
            Production Events: 0, 
            Suppression Events: 0
Time: 616.24, 
            Production Events: 0, 
            Suppression Events: 0
Time: 617.13, 
            Production Events: 0, 
            Suppression Events: 2
Time: 618.5, 
            Production Events: 0, 
            Suppression Events: 2
Time: 620.58, 
            Production Events: 0, 
            Suppression Events: 1
Time: 620.58, 
            Production Events: 0, 
            Suppression Events: 0
Time: 621.16, 
            Production Events: 0, 
            Suppression Events: 2
Time: 622.07, 
            Production Events: 0, 
            Suppression Events: 3
Time: 624.85, 
            Production Events: 0, 
            Suppression Events: 2
Time: 624.85, 
            Production Events: 0, 
            Suppression Events: 0
Time: 625.23, 
            Production Events: 0, 
            Suppression Events: 1
Time: 626.02, 
            Production Events: 0, 
            Suppression Events: 3
Time: 629.21, 
            Production Events: 0, 
            Suppression Events: 2
Time: 629.21, 
            Production Events: 0, 
            Suppression Events: 0
Time: 629.21, 
            Production Events: 0, 
            Suppression Events: 0
Time: 630.74, 
            Production Events: 0, 
            Suppression Events: 2
Time: 631.3, 
            Production Events: 0, 
            Suppression Events: 1
Time: 632.2, 
            Production Events: 0, 
            Suppression Events: 3
Time: 633.54, 
            Production Events: 0, 
            Suppression Events: 1
Time: 634.1, 
            Production Events: 0, 
            Suppression Events: 1
Time: 636.33, 
            Production Events: 0, 
            Suppression Events: 2
Time: 636.33, 
            Production Events: 0, 
            Suppression Events: 0
Time: 639.48, 
            Production Events: 0, 
            Suppression Events: 1
Time: 639.48, 
            Production Events: 0, 
            Suppression Events: 0
Time: 639.48, 
            Production Events: 0, 
            Suppression Events: 0
Time: 640.58, 
            Production Events: 0, 
            Suppression Events: 1
Time: 641.5, 
            Production Events: 0, 
            Suppression Events: 1
Time: 643.58, 
            Production Events: 0, 
            Suppression Events: 1
Time: 643.58, 
            Production Events: 0, 
            Suppression Events: 0
Time: 644.43, 
            Production Events: 0, 
            Suppression Events: 1
Time: 645.05, 
            Production Events: 0, 
            Suppression Events: 2
Time: 646.53, 
            Production Events: 0, 
            Suppression Events: 1
Time: 647.76, 
            Production Events: 0, 
            Suppression Events: 1
Time: 650.24, 
            Production Events: 0, 
            Suppression Events: 2
Time: 650.24, 
            Production Events: 0, 
            Suppression Events: 0
Time: 650.24, 
            Production Events: 0, 
            Suppression Events: 0
Time: 652.63, 
            Production Events: 0, 
            Suppression Events: 1
Time: 652.63, 
            Production Events: 0, 
            Suppression Events: 0
Time: 653.09, 
            Production Events: 0, 
            Suppression Events: 2
Time: 655.4, 
            Production Events: 1, 
            Suppression Events: 4
Time: 655.4, 
            Production Events: 0, 
            Suppression Events: 0
Time: 656.71, 
            Production Events: 0, 
            Suppression Events: 1
Time: 657.83, 
            Production Events: 0, 
            Suppression Events: 1
Time: 659.43, 
            Production Events: 0, 
            Suppression Events: 1
Time: 659.43, 
            Production Events: 0, 
            Suppression Events: 0
Time: 660.64, 
            Production Events: 0, 
            Suppression Events: 3
Time: 662.99, 
            Production Events: 0, 
            Suppression Events: 2
Time: 662.99, 
            Production Events: 0, 
            Suppression Events: 0
Time: 664.52, 
            Production Events: 0, 
            Suppression Events: 1
Time: 664.52, 
            Production Events: 0, 
            Suppression Events: 0
Time: 665.39, 
            Production Events: 0, 
            Suppression Events: 1
Time: 667.63, 
            Production Events: 0, 
            Suppression Events: 1
Time: 667.63, 
            Production Events: 0, 
            Suppression Events: 0
Time: 668.3, 
            Production Events: 0, 
            Suppression Events: 2
Time: 669.18, 
            Production Events: 0, 
            Suppression Events: 1
Time: 671.74, 
            Production Events: 0, 
            Suppression Events: 1
Time: 671.74, 
            Production Events: 0, 
            Suppression Events: 0
Time: 672.05, 
            Production Events: 0, 
            Suppression Events: 2
Time: 676.35, 
            Production Events: 0, 
            Suppression Events: 3
Time: 676.35, 
            Production Events: 0, 
            Suppression Events: 0
Time: 676.35, 
            Production Events: 0, 
            Suppression Events: 0
Time: 676.35, 
            Production Events: 0, 
            Suppression Events: 0
Time: 677.96, 
            Production Events: 0, 
            Suppression Events: 2
Time: 679.63, 
            Production Events: 0, 
            Suppression Events: 1
Time: 679.63, 
            Production Events: 0, 
            Suppression Events: 0
Time: 680.27, 
            Production Events: 0, 
            Suppression Events: 1
Time: 681.64, 
            Production Events: 0, 
            Suppression Events: 2
Time: 683.18, 
            Production Events: 0, 
            Suppression Events: 1
Time: 683.18, 
            Production Events: 0, 
            Suppression Events: 0
Time: 684.4, 
            Production Events: 0, 
            Suppression Events: 2
Time: 685.43, 
            Production Events: 0, 
            Suppression Events: 2
Time: 688.26, 
            Production Events: 0, 
            Suppression Events: 1
Time: 688.26, 
            Production Events: 0, 
            Suppression Events: 0
Time: 688.26, 
            Production Events: 0, 
            Suppression Events: 0
Time: 690.73, 
            Production Events: 0, 
            Suppression Events: 2
Time: 690.73, 
            Production Events: 0, 
            Suppression Events: 0
Time: 691.82, 
            Production Events: 1, 
            Suppression Events: 0
Time: 692.61, 
            Production Events: 0, 
            Suppression Events: 2
Time: 693.12, 
            Production Events: 0, 
            Suppression Events: 2
Time: 699.0, 
            Production Events: 0, 
            Suppression Events: 1
Time: 699.0, 
            Production Events: 0, 
            Suppression Events: 0
Time: 699.0, 
            Production Events: 0, 
            Suppression Events: 0
Time: 699.0, 
            Production Events: 0, 
            Suppression Events: 0
Time: 699.0, 
            Production Events: 0, 
            Suppression Events: 0
Time: 699.59, 
            Production Events: 0, 
            Suppression Events: 1
Time: 701.04, 
            Production Events: 0, 
            Suppression Events: 2
Time: 701.04, 
            Production Events: 0, 
            Suppression Events: 0
Time: 702.22, 
            Production Events: 0, 
            Suppression Events: 2
Time: 704.63, 
            Production Events: 0, 
            Suppression Events: 1
Time: 704.63, 
            Production Events: 0, 
            Suppression Events: 0
Time: 705.05, 
            Production Events: 0, 
            Suppression Events: 2
Time: 706.96, 
            Production Events: 1, 
            Suppression Events: 1
Time: 707.16, 
            Production Events: 0, 
            Suppression Events: 1
Time: 708.24, 
            Production Events: 0, 
            Suppression Events: 2
Time: 709.77, 
            Production Events: 0, 
            Suppression Events: 2
Time: 713.14, 
            Production Events: 0, 
            Suppression Events: 1
Time: 713.14, 
            Production Events: 0, 
            Suppression Events: 0
Time: 713.14, 
            Production Events: 0, 
            Suppression Events: 0
Time: 713.14, 
            Production Events: 0, 
            Suppression Events: 0
Time: 715.15, 
            Production Events: 0, 
            Suppression Events: 2
Time: 715.15, 
            Production Events: 0, 
            Suppression Events: 0
Time: 716.35, 
            Production Events: 0, 
            Suppression Events: 1
Time: 718.64, 
            Production Events: 0, 
            Suppression Events: 1
Time: 718.64, 
            Production Events: 0, 
            Suppression Events: 0
Time: 719.61, 
            Production Events: 0, 
            Suppression Events: 2
Time: 720.17, 
            Production Events: 0, 
            Suppression Events: 1
Time: 721.98, 
            Production Events: 0, 
            Suppression Events: 1
Time: 722.05, 
            Production Events: 0, 
            Suppression Events: 1
Time: 725.41, 
            Production Events: 0, 
            Suppression Events: 1
Time: 725.41, 
            Production Events: 0, 
            Suppression Events: 0
Time: 725.41, 
            Production Events: 0, 
            Suppression Events: 0
Time: 726.24, 
            Production Events: 0, 
            Suppression Events: 1
Time: 729.02, 
            Production Events: 0, 
            Suppression Events: 2
Time: 729.02, 
            Production Events: 0, 
            Suppression Events: 0
Time: 729.02, 
            Production Events: 0, 
            Suppression Events: 0
Time: 730.27, 
            Production Events: 0, 
            Suppression Events: 1
Time: 731.5, 
            Production Events: 0, 
            Suppression Events: 1
Time: 733.47, 
            Production Events: 0, 
            Suppression Events: 1
Time: 733.47, 
            Production Events: 0, 
            Suppression Events: 0
Time: 735.39, 
            Production Events: 0, 
            Suppression Events: 1
Time: 735.39, 
            Production Events: 0, 
            Suppression Events: 0
Time: 736.15, 
            Production Events: 0, 
            Suppression Events: 2
Time: 737.82, 
            Production Events: 0, 
            Suppression Events: 3
Time: 740.54, 
            Production Events: 0, 
            Suppression Events: 1
Time: 740.54, 
            Production Events: 0, 
            Suppression Events: 0
Time: 740.54, 
            Production Events: 0, 
            Suppression Events: 0
Time: 741.04, 
            Production Events: 0, 
            Suppression Events: 2
Time: 743.25, 
            Production Events: 0, 
            Suppression Events: 2
Time: 743.25, 
            Production Events: 0, 
            Suppression Events: 0
Time: 744.08, 
            Production Events: 0, 
            Suppression Events: 2
Time: 745.02, 
            Production Events: 0, 
            Suppression Events: 1
Time: 746.65, 
            Production Events: 0, 
            Suppression Events: 1
Time: 747.71, 
            Production Events: 0, 
            Suppression Events: 1
Time: 748.99, 
            Production Events: 0, 
            Suppression Events: 1
Time: 749.14, 
            Production Events: 0, 
            Suppression Events: 1
Time: 751.38, 
            Production Events: 0, 
            Suppression Events: 2
Time: 751.38, 
            Production Events: 0, 
            Suppression Events: 0
Time: 752.61, 
            Production Events: 0, 
            Suppression Events: 1
Time: 755.63, 
            Production Events: 0, 
            Suppression Events: 2
Time: 755.63, 
            Production Events: 0, 
            Suppression Events: 0
Time: 755.63, 
            Production Events: 0, 
            Suppression Events: 0
Time: 757.58, 
            Production Events: 0, 
            Suppression Events: 3
Time: 757.58, 
            Production Events: 0, 
            Suppression Events: 0
Time: 758.69, 
            Production Events: 0, 
            Suppression Events: 1
Time: 759.25, 
            Production Events: 0, 
            Suppression Events: 1
Time: 760.11, 
            Production Events: 0, 
            Suppression Events: 1
Time: 761.27, 
            Production Events: 0, 
            Suppression Events: 5
Time: 763.83, 
            Production Events: 0, 
            Suppression Events: 2
Time: 763.83, 
            Production Events: 0, 
            Suppression Events: 0
Time: 765.51, 
            Production Events: 0, 
            Suppression Events: 1
Time: 765.51, 
            Production Events: 0, 
            Suppression Events: 0
Time: 767.51, 
            Production Events: 0, 
            Suppression Events: 3
Time: 767.51, 
            Production Events: 0, 
            Suppression Events: 0
Time: 768.23, 
            Production Events: 0, 
            Suppression Events: 1
Time: 770.64, 
            Production Events: 0, 
            Suppression Events: 3
Time: 770.64, 
            Production Events: 0, 
            Suppression Events: 0
Time: 771.13, 
            Production Events: 0, 
            Suppression Events: 1
Time: 772.39, 
            Production Events: 0, 
            Suppression Events: 3
Time: 773.21, 
            Production Events: 0, 
            Suppression Events: 2
Time: 774.24, 
            Production Events: 0, 
            Suppression Events: 1
Time: 779.38, 
            Production Events: 0, 
            Suppression Events: 2
Time: 779.38, 
            Production Events: 0, 
            Suppression Events: 0
Time: 779.38, 
            Production Events: 0, 
            Suppression Events: 0
Time: 779.38, 
            Production Events: 0, 
            Suppression Events: 0
Time: 779.38, 
            Production Events: 0, 
            Suppression Events: 0
Time: 780.47, 
            Production Events: 0, 
            Suppression Events: 3
Time: 784.29, 
            Production Events: 0, 
            Suppression Events: 2
Time: 784.29, 
            Production Events: 0, 
            Suppression Events: 0
Time: 784.29, 
            Production Events: 0, 
            Suppression Events: 0
Time: 784.29, 
            Production Events: 0, 
            Suppression Events: 0
Time: 786.79, 
            Production Events: 0, 
            Suppression Events: 3
Time: 786.79, 
            Production Events: 0, 
            Suppression Events: 0
Time: 787.49, 
            Production Events: 0, 
            Suppression Events: 1
Time: 788.08, 
            Production Events: 0, 
            Suppression Events: 2
Time: 791.42, 
            Production Events: 0, 
            Suppression Events: 3
Time: 791.42, 
            Production Events: 0, 
            Suppression Events: 0
Time: 791.42, 
            Production Events: 0, 
            Suppression Events: 0
Time: 792.54, 
            Production Events: 0, 
            Suppression Events: 3
Time: 793.46, 
            Production Events: 0, 
            Suppression Events: 2
Time: 794.44, 
            Production Events: 0, 
            Suppression Events: 1
Time: 795.75, 
            Production Events: 0, 
            Suppression Events: 2
Time: 796.4, 
            Production Events: 0, 
            Suppression Events: 1
Time: 798.99, 
            Production Events: 1, 
            Suppression Events: 2
Time: 798.99, 
            Production Events: 0, 
            Suppression Events: 0
Time: 799.14, 
            Production Events: 0, 
            Suppression Events: 1
Time: 800.43, 
            Production Events: 0, 
            Suppression Events: 1
Time: 804.77, 
            Production Events: 0, 
            Suppression Events: 1
Time: 804.77, 
            Production Events: 0, 
            Suppression Events: 0
Time: 804.77, 
            Production Events: 0, 
            Suppression Events: 0
Time: 804.77, 
            Production Events: 0, 
            Suppression Events: 0
Time: 805.21, 
            Production Events: 0, 
            Suppression Events: 1
Time: 806.12, 
            Production Events: 0, 
            Suppression Events: 2
Time: 811.97, 
            Production Events: 0, 
            Suppression Events: 2
Time: 811.97, 
            Production Events: 0, 
            Suppression Events: 0
Time: 811.97, 
            Production Events: 0, 
            Suppression Events: 0
Time: 811.97, 
            Production Events: 0, 
            Suppression Events: 0
Time: 811.97, 
            Production Events: 0, 
            Suppression Events: 0
Time: 813.69, 
            Production Events: 0, 
            Suppression Events: 1
Time: 813.69, 
            Production Events: 0, 
            Suppression Events: 0
Time: 814.23, 
            Production Events: 0, 
            Suppression Events: 1
Time: 815.47, 
            Production Events: 0, 
            Suppression Events: 2
Time: 816.9, 
            Production Events: 0, 
            Suppression Events: 2
Time: 817.88, 
            Production Events: 0, 
            Suppression Events: 1
Time: 818.11, 
            Production Events: 0, 
            Suppression Events: 1
Time: 819.55, 
            Production Events: 0, 
            Suppression Events: 4
Time: 822.57, 
            Production Events: 0, 
            Suppression Events: 1
Time: 822.57, 
            Production Events: 0, 
            Suppression Events: 0
Time: 822.57, 
            Production Events: 0, 
            Suppression Events: 0
Time: 823.23, 
            Production Events: 0, 
            Suppression Events: 1
Time: 824.22, 
            Production Events: 0, 
            Suppression Events: 2
Time: 825.72, 
            Production Events: 0, 
            Suppression Events: 1
Time: 826.36, 
            Production Events: 0, 
            Suppression Events: 1
Time: 827.08, 
            Production Events: 0, 
            Suppression Events: 3
Time: 828.73, 
            Production Events: 0, 
            Suppression Events: 2
Time: 829.38, 
            Production Events: 0, 
            Suppression Events: 1
Time: 831.78, 
            Production Events: 0, 
            Suppression Events: 2
Time: 831.78, 
            Production Events: 0, 
            Suppression Events: 0
Time: 833.83, 
            Production Events: 0, 
            Suppression Events: 1
Time: 833.83, 
            Production Events: 0, 
            Suppression Events: 0
Time: 836.23, 
            Production Events: 0, 
            Suppression Events: 1
Time: 836.23, 
            Production Events: 0, 
            Suppression Events: 0
Time: 836.23, 
            Production Events: 0, 
            Suppression Events: 0
Time: 837.17, 
            Production Events: 0, 
            Suppression Events: 2
Time: 839.59, 
            Production Events: 0, 
            Suppression Events: 1
Time: 839.59, 
            Production Events: 0, 
            Suppression Events: 0
Time: 841.19, 
            Production Events: 0, 
            Suppression Events: 1
Time: 841.19, 
            Production Events: 0, 
            Suppression Events: 0
Time: 845.26, 
            Production Events: 0, 
            Suppression Events: 1
Time: 845.26, 
            Production Events: 0, 
            Suppression Events: 0
Time: 845.26, 
            Production Events: 0, 
            Suppression Events: 0
Time: 845.26, 
            Production Events: 0, 
            Suppression Events: 0
Time: 846.71, 
            Production Events: 0, 
            Suppression Events: 5
Time: 852.75, 
            Production Events: 0, 
            Suppression Events: 1
Time: 852.75, 
            Production Events: 0, 
            Suppression Events: 0
Time: 852.75, 
            Production Events: 0, 
            Suppression Events: 0
Time: 852.75, 
            Production Events: 0, 
            Suppression Events: 0
Time: 852.75, 
            Production Events: 0, 
            Suppression Events: 0
Time: 852.75, 
            Production Events: 0, 
            Suppression Events: 0
Time: 853.16, 
            Production Events: 0, 
            Suppression Events: 1
Time: 855.59, 
            Production Events: 0, 
            Suppression Events: 2
Time: 855.59, 
            Production Events: 0, 
            Suppression Events: 0
Time: 856.11, 
            Production Events: 0, 
            Suppression Events: 2
Time: 857.07, 
            Production Events: 0, 
            Suppression Events: 2
Time: 858.33, 
            Production Events: 0, 
            Suppression Events: 1
Time: 859.46, 
            Production Events: 0, 
            Suppression Events: 1
Time: 860.35, 
            Production Events: 0, 
            Suppression Events: 2
Time: 861.39, 
            Production Events: 0, 
            Suppression Events: 1
Time: 862.9, 
            Production Events: 1, 
            Suppression Events: 0
Time: 866.59, 
            Production Events: 0, 
            Suppression Events: 1
Time: 866.59, 
            Production Events: 0, 
            Suppression Events: 0
Time: 866.59, 
            Production Events: 0, 
            Suppression Events: 0
Time: 866.59, 
            Production Events: 0, 
            Suppression Events: 0
Time: 867.15, 
            Production Events: 0, 
            Suppression Events: 2
Time: 868.03, 
            Production Events: 0, 
            Suppression Events: 2
Time: 871.97, 
            Production Events: 0, 
            Suppression Events: 1
Time: 871.97, 
            Production Events: 0, 
            Suppression Events: 0
Time: 871.97, 
            Production Events: 0, 
            Suppression Events: 0
Time: 873.86, 
            Production Events: 0, 
            Suppression Events: 1
Time: 873.86, 
            Production Events: 0, 
            Suppression Events: 0
Time: 874.88, 
            Production Events: 0, 
            Suppression Events: 1
Time: 879.43, 
            Production Events: 0, 
            Suppression Events: 1
Time: 879.43, 
            Production Events: 0, 
            Suppression Events: 0
Time: 879.43, 
            Production Events: 0, 
            Suppression Events: 0
Time: 879.43, 
            Production Events: 0, 
            Suppression Events: 0
Time: 879.43, 
            Production Events: 0, 
            Suppression Events: 0
Time: 880.67, 
            Production Events: 0, 
            Suppression Events: 1
Time: 882.09, 
            Production Events: 0, 
            Suppression Events: 1
Time: 882.09, 
            Production Events: 0, 
            Suppression Events: 0
Time: 883.81, 
            Production Events: 0, 
            Suppression Events: 1
Time: 886.21, 
            Production Events: 0, 
            Suppression Events: 1
Time: 886.21, 
            Production Events: 0, 
            Suppression Events: 0
Time: 886.21, 
            Production Events: 0, 
            Suppression Events: 0
Time: 887.04, 
            Production Events: 1, 
            Suppression Events: 0
Time: 888.05, 
            Production Events: 0, 
            Suppression Events: 1
Time: 889.01, 
            Production Events: 0, 
            Suppression Events: 1
Time: 891.76, 
            Production Events: 0, 
            Suppression Events: 2
Time: 891.76, 
            Production Events: 0, 
            Suppression Events: 0
Time: 892.01, 
            Production Events: 0, 
            Suppression Events: 1
Time: 894.18, 
            Production Events: 0, 
            Suppression Events: 3
Time: 894.18, 
            Production Events: 0, 
            Suppression Events: 0
Time: 895.51, 
            Production Events: 1, 
            Suppression Events: 1
Time: 897.1, 
            Production Events: 1, 
            Suppression Events: 1
Time: 897.1, 
            Production Events: 0, 
            Suppression Events: 0
Time: 899.81, 
            Production Events: 0, 
            Suppression Events: 2
Time: 899.81, 
            Production Events: 0, 
            Suppression Events: 0
Time: 900.53, 
            Production Events: 0, 
            Suppression Events: 1
Time: 901.32, 
            Production Events: 0, 
            Suppression Events: 2
Time: 902.34, 
            Production Events: 0, 
            Suppression Events: 1
Time: 903.3, 
            Production Events: 0, 
            Suppression Events: 1
Time: 904.18, 
            Production Events: 0, 
            Suppression Events: 2
Time: 905.64, 
            Production Events: 0, 
            Suppression Events: 1
Time: 906.67, 
            Production Events: 0, 
            Suppression Events: 1
Time: 909.62, 
            Production Events: 0, 
            Suppression Events: 2
Time: 909.62, 
            Production Events: 0, 
            Suppression Events: 0
Time: 909.62, 
            Production Events: 0, 
            Suppression Events: 0
Time: 910.8, 
            Production Events: 0, 
            Suppression Events: 1
Time: 911.11, 
            Production Events: 0, 
            Suppression Events: 1
Time: 912.17, 
            Production Events: 0, 
            Suppression Events: 1
Time: 914.89, 
            Production Events: 0, 
            Suppression Events: 1
Time: 914.89, 
            Production Events: 0, 
            Suppression Events: 0
Time: 915.23, 
            Production Events: 0, 
            Suppression Events: 1
Time: 917.56, 
            Production Events: 0, 
            Suppression Events: 2
Time: 917.56, 
            Production Events: 0, 
            Suppression Events: 0
Time: 918.75, 
            Production Events: 0, 
            Suppression Events: 1
Time: 920.08, 
            Production Events: 0, 
            Suppression Events: 2
Time: 920.08, 
            Production Events: 0, 
            Suppression Events: 0
Time: 924.51, 
            Production Events: 1, 
            Suppression Events: 1
Time: 924.51, 
            Production Events: 0, 
            Suppression Events: 0
Time: 924.51, 
            Production Events: 0, 
            Suppression Events: 0
Time: 924.51, 
            Production Events: 0, 
            Suppression Events: 0
Time: 925.73, 
            Production Events: 0, 
            Suppression Events: 1
Time: 926.09, 
            Production Events: 0, 
            Suppression Events: 1
Time: 927.17, 
            Production Events: 0, 
            Suppression Events: 1
Time: 930.88, 
            Production Events: 0, 
            Suppression Events: 4
Time: 930.88, 
            Production Events: 0, 
            Suppression Events: 0
Time: 930.88, 
            Production Events: 0, 
            Suppression Events: 0
Time: 931.32, 
            Production Events: 0, 
            Suppression Events: 2
Time: 932.38, 
            Production Events: 0, 
            Suppression Events: 3
Time: 935.11, 
            Production Events: 0, 
            Suppression Events: 1
Time: 935.11, 
            Production Events: 0, 
            Suppression Events: 0
Time: 935.11, 
            Production Events: 0, 
            Suppression Events: 0
Time: 936.19, 
            Production Events: 0, 
            Suppression Events: 2
Time: 939.64, 
            Production Events: 0, 
            Suppression Events: 2
Time: 939.64, 
            Production Events: 0, 
            Suppression Events: 0
Time: 939.64, 
            Production Events: 0, 
            Suppression Events: 0
Time: 940.3, 
            Production Events: 0, 
            Suppression Events: 1
Time: 941.36, 
            Production Events: 1, 
            Suppression Events: 1
Time: 943.14, 
            Production Events: 0, 
            Suppression Events: 2
Time: 943.14, 
            Production Events: 0, 
            Suppression Events: 0
Time: 945.16, 
            Production Events: 0, 
            Suppression Events: 1
Time: 945.16, 
            Production Events: 0, 
            Suppression Events: 0
Time: 947.98, 
            Production Events: 0, 
            Suppression Events: 2
Time: 947.98, 
            Production Events: 0, 
            Suppression Events: 0
Time: 948.53, 
            Production Events: 0, 
            Suppression Events: 1
Time: 950.44, 
            Production Events: 0, 
            Suppression Events: 2
Time: 950.44, 
            Production Events: 0, 
            Suppression Events: 0
Time: 951.16, 
            Production Events: 0, 
            Suppression Events: 1
Time: 954.11, 
            Production Events: 0, 
            Suppression Events: 1
Time: 954.11, 
            Production Events: 0, 
            Suppression Events: 0
Time: 954.11, 
            Production Events: 0, 
            Suppression Events: 0
Time: 956.65, 
            Production Events: 0, 
            Suppression Events: 2
Time: 956.65, 
            Production Events: 0, 
            Suppression Events: 0
Time: 960.52, 
            Production Events: 0, 
            Suppression Events: 1
Time: 960.52, 
            Production Events: 0, 
            Suppression Events: 0
Time: 960.52, 
            Production Events: 0, 
            Suppression Events: 0
Time: 960.52, 
            Production Events: 0, 
            Suppression Events: 0
Time: 963.2, 
            Production Events: 0, 
            Suppression Events: 2
Time: 963.2, 
            Production Events: 0, 
            Suppression Events: 0
Time: 963.2, 
            Production Events: 0, 
            Suppression Events: 0
Time: 964.38, 
            Production Events: 0, 
            Suppression Events: 3
Time: 965.27, 
            Production Events: 0, 
            Suppression Events: 1
Time: 966.74, 
            Production Events: 0, 
            Suppression Events: 2
Time: 967.23, 
            Production Events: 0, 
            Suppression Events: 1
Time: 968.42, 
            Production Events: 1, 
            Suppression Events: 3
Time: 970.17, 
            Production Events: 0, 
            Suppression Events: 1
Time: 970.17, 
            Production Events: 0, 
            Suppression Events: 0
Time: 971.17, 
            Production Events: 1, 
            Suppression Events: 3
Time: 972.24, 
            Production Events: 0, 
            Suppression Events: 2
Time: 974.58, 
            Production Events: 0, 
            Suppression Events: 1
Time: 974.58, 
            Production Events: 0, 
            Suppression Events: 0
Time: 977.03, 
            Production Events: 0, 
            Suppression Events: 1
Time: 977.03, 
            Production Events: 0, 
            Suppression Events: 0
Time: 977.03, 
            Production Events: 0, 
            Suppression Events: 0
Time: 980.58, 
            Production Events: 0, 
            Suppression Events: 2
Time: 980.58, 
            Production Events: 0, 
            Suppression Events: 0
Time: 980.58, 
            Production Events: 0, 
            Suppression Events: 0
Time: 981.11, 
            Production Events: 0, 
            Suppression Events: 2
Time: 986.76, 
            Production Events: 0, 
            Suppression Events: 2
Time: 986.76, 
            Production Events: 0, 
            Suppression Events: 0
Time: 986.76, 
            Production Events: 0, 
            Suppression Events: 0
Time: 986.76, 
            Production Events: 0, 
            Suppression Events: 0
Time: 986.76, 
            Production Events: 0, 
            Suppression Events: 0
Time: 988.96, 
            Production Events: 0, 
            Suppression Events: 1
Time: 988.96, 
            Production Events: 0, 
            Suppression Events: 0
Time: 989.95, 
            Production Events: 0, 
            Suppression Events: 1
Time: 991.64, 
            Production Events: 0, 
            Suppression Events: 1
Time: 991.64, 
            Production Events: 0, 
            Suppression Events: 0
Time: 995.83, 
            Production Events: 0, 
            Suppression Events: 1
Time: 995.83, 
            Production Events: 0, 
            Suppression Events: 0
Time: 995.83, 
            Production Events: 0, 
            Suppression Events: 0
Time: 995.83, 
            Production Events: 0, 
            Suppression Events: 0
Time: 996.58, 
            Production Events: 0, 
            Suppression Events: 1
Time: 997.0, 
            Production Events: 0, 
            Suppression Events: 1
Time: 998.65, 
            Production Events: 0, 
            Suppression Events: 1
Time: 999.47, 
            Production Events: 0, 
            Suppression Events: 1
Time: 1000.32, 
            Production Events: 0, 
            Suppression Events: 2
Simulation completed:
  Final time: 1000.3190317447602
  Total events: 1042
  Wall time: 6444.11 seconds

Saving simulation results with clean separation...
Task evolution saved to: 5t5b/5t5b_mfcsb/data/param_183_rep_1_2025-11-21_190205/states.csv
Events saved to: 5t5b/5t5b_mfcsb/data/param_183_rep_1_2025-11-21_190205/events.csv
Saving event log (raw and DataFrame)...
log DataFrame size: (1047, 9)
short view:
59 DataFrame
 Row  time     bee1_id  bee2_id  task_id  task_1   task_2   task_3     task_4 
      Float64  Int64    Int64    Int64    Float64  Float64  Float64    Float6 

   1      0.0        1        0        0   0.0838   0.1049  0.0662262   0.095 
   2      0.0        2        0        0   0.1161   0.0993  0.0698755   0.114
   3      0.0        3        0        0   0.1251   0.1067  0.0699524   0.096
   4      0.0        4        0        0   0.1179   0.0903  0.0964582   0.065
   5      0.0        5        0        0   0.1469   0.0977  0.0760602   0.053 
                                                               2 columns omittedEvent log saved to: 5t5b/5t5b_mfcsb/data/param_183_rep_1_2025-11-21_190205/event_log.json
Event log DataFrame saved to: 5t5b/5t5b_mfcsb/data/param_183_rep_1_2025-11-21_190205/event_log.csv
Metadata and configuration saved to: 5t5b/5t5b_mfcsb/data/param_183_rep_1_2025-11-21_190205/config.json
Task index mapping saved to: 5t5b/5t5b_mfcsb/data/param_183_rep_1_2025-11-21_190205/task_index_mapping.json
All results saved to directory: 5t5b/5t5b_mfcsb/data/param_183_rep_1_2025-11-21_190205
Simulation completed successfully!
Job finished at: Fri Nov 21 08:50:01 PM CET 2025
