Job array started at: Fri Nov 21 03:32:01 PM CET 2025
Job ID: 10860451
Array Job ID: 10860410
Array Task ID: 38
Node: th-ws-740m35
Loading Julia module...
Module loaded: /software/opt/el_9/x86_64/julia/1.11.3/bin/julia
Changing to project directory...
Current directory: /scratch/n/N.Pfaffenzeller/nikolas_nethive/nethive_multiverse
Running parameter combination 38, replicate 1
Starting Julia simulation...
Running simulation with the following configuration:
  dataset_names: [:mnist, :cifar10, :svhn2, :fashion_mnist, :bank]
  param_id: 38
  n_bees: 5
  batch_size: 32
  replicate_id: 1
  punish_rate: 0.1
  punishment: time_out
  lambda_sensitivity: 100
  save_nn_epochs: 0
  production_rate: 1
  interaction_rate: 100
  batches_per_step: 50
  learning_rate: 1.0e-6
  max_output_dim: 10
  n_steps_per_epoch: 1
  dead_time: 50
  max_input_dim: 3072
  n_epochs: 1000
  seed: 1130043042

Starting simulation with configuration:
  dataset_names: [:mnist, :cifar10, :svhn2, :fashion_mnist, :bank]
  param_id: 38
  n_bees: 5
  batch_size: 32
  replicate_id: 1
  punish_rate: 0.1
  punishment: time_out
  lambda_sensitivity: 100
  save_nn_epochs: 0
  production_rate: 1
  interaction_rate: 100
  batches_per_step: 50
  run_timestamp: 2025-11-21T15:32:51.540
  learning_rate: 1.0e-6
  max_output_dim: 10
  n_steps_per_epoch: 1
  dead_time: 50
  max_input_dim: 3072
  n_epochs: 1000
  seed: 1130043042
Random seed: 1130043042

Starting simulation...
Time: 2.29, 
            Production Events: 2, 
            Suppression Events: 2
Time: 2.29, 
            Production Events: 0, 
            Suppression Events: 0
Time: 3.44, 
            Production Events: 1, 
            Suppression Events: 1
Time: 5.28, 
            Production Events: 1, 
            Suppression Events: 1
Time: 5.28, 
            Production Events: 0, 
            Suppression Events: 0
Time: 7.55, 
            Production Events: 1, 
            Suppression Events: 0
Time: 7.55, 
            Production Events: 0, 
            Suppression Events: 0
Time: 11.52, 
            Production Events: 1, 
            Suppression Events: 0
Time: 11.52, 
            Production Events: 0, 
            Suppression Events: 0
Time: 11.52, 
            Production Events: 0, 
            Suppression Events: 0
Time: 11.52, 
            Production Events: 0, 
            Suppression Events: 0
Time: 12.55, 
            Production Events: 0, 
            Suppression Events: 2
Time: 13.16, 
            Production Events: 0, 
            Suppression Events: 1
Time: 14.28, 
            Production Events: 0, 
            Suppression Events: 2
Time: 15.59, 
            Production Events: 1, 
            Suppression Events: 1
Time: 19.02, 
            Production Events: 0, 
            Suppression Events: 2
Time: 19.02, 
            Production Events: 0, 
            Suppression Events: 0
Time: 19.02, 
            Production Events: 0, 
            Suppression Events: 0
Time: 19.02, 
            Production Events: 0, 
            Suppression Events: 0
Time: 20.48, 
            Production Events: 2, 
            Suppression Events: 1
Time: 26.75, 
            Production Events: 0, 
            Suppression Events: 2
Time: 26.75, 
            Production Events: 0, 
            Suppression Events: 0
Time: 26.75, 
            Production Events: 0, 
            Suppression Events: 0
Time: 26.75, 
            Production Events: 0, 
            Suppression Events: 0
Time: 26.75, 
            Production Events: 0, 
            Suppression Events: 0
Time: 26.75, 
            Production Events: 0, 
            Suppression Events: 0
Time: 27.39, 
            Production Events: 1, 
            Suppression Events: 1
Time: 30.63, 
            Production Events: 1, 
            Suppression Events: 0
Time: 30.63, 
            Production Events: 0, 
            Suppression Events: 0
Time: 30.63, 
            Production Events: 0, 
            Suppression Events: 0
Time: 32.26, 
            Production Events: 0, 
            Suppression Events: 2
Time: 32.26, 
            Production Events: 0, 
            Suppression Events: 0
Time: 34.02, 
            Production Events: 0, 
            Suppression Events: 1
Time: 34.02, 
            Production Events: 0, 
            Suppression Events: 0
Time: 35.43, 
            Production Events: 1, 
            Suppression Events: 2
Time: 37.52, 
            Production Events: 0, 
            Suppression Events: 2
Time: 37.52, 
            Production Events: 0, 
            Suppression Events: 0
Time: 38.15, 
            Production Events: 0, 
            Suppression Events: 1
Time: 39.06, 
            Production Events: 0, 
            Suppression Events: 1
Time: 40.6, 
            Production Events: 1, 
            Suppression Events: 2
Time: 41.49, 
            Production Events: 0, 
            Suppression Events: 1
Time: 42.04, 
            Production Events: 0, 
            Suppression Events: 1
Time: 43.54, 
            Production Events: 1, 
            Suppression Events: 0
Time: 45.26, 
            Production Events: 0, 
            Suppression Events: 3
Time: 45.26, 
            Production Events: 0, 
            Suppression Events: 0
Time: 47.2, 
            Production Events: 0, 
            Suppression Events: 2
Time: 47.2, 
            Production Events: 0, 
            Suppression Events: 0
Time: 48.93, 
            Production Events: 0, 
            Suppression Events: 2
Time: 50.48, 
            Production Events: 0, 
            Suppression Events: 1
Time: 50.48, 
            Production Events: 0, 
            Suppression Events: 0
Time: 52.36, 
            Production Events: 0, 
            Suppression Events: 3
Time: 52.36, 
            Production Events: 0, 
            Suppression Events: 0
Time: 54.74, 
            Production Events: 1, 
            Suppression Events: 1
Time: 54.74, 
            Production Events: 0, 
            Suppression Events: 0
Time: 55.26, 
            Production Events: 0, 
            Suppression Events: 1
Time: 56.04, 
            Production Events: 1, 
            Suppression Events: 0
Time: 58.12, 
            Production Events: 0, 
            Suppression Events: 1
Time: 58.12, 
            Production Events: 0, 
            Suppression Events: 0
Time: 59.69, 
            Production Events: 0, 
            Suppression Events: 2
Time: 60.58, 
            Production Events: 0, 
            Suppression Events: 1
Time: 61.79, 
            Production Events: 0, 
            Suppression Events: 2
Time: 62.5, 
            Production Events: 0, 
            Suppression Events: 1
Time: 63.26, 
            Production Events: 0, 
            Suppression Events: 1
Time: 65.93, 
            Production Events: 0, 
            Suppression Events: 1
Time: 65.93, 
            Production Events: 0, 
            Suppression Events: 0
Time: 67.54, 
            Production Events: 1, 
            Suppression Events: 0
Time: 67.54, 
            Production Events: 0, 
            Suppression Events: 0
Time: 68.18, 
            Production Events: 1, 
            Suppression Events: 1
Time: 69.65, 
            Production Events: 0, 
            Suppression Events: 4
Time: 70.15, 
            Production Events: 0, 
            Suppression Events: 2
Time: 76.39, 
            Production Events: 0, 
            Suppression Events: 1
Time: 76.39, 
            Production Events: 0, 
            Suppression Events: 0
Time: 76.39, 
            Production Events: 0, 
            Suppression Events: 0
Time: 76.39, 
            Production Events: 0, 
            Suppression Events: 0
Time: 76.39, 
            Production Events: 0, 
            Suppression Events: 0
Time: 76.39, 
            Production Events: 0, 
            Suppression Events: 0
Time: 77.08, 
            Production Events: 1, 
            Suppression Events: 2
Time: 78.08, 
            Production Events: 0, 
            Suppression Events: 2
Time: 79.17, 
            Production Events: 0, 
            Suppression Events: 3
Time: 81.59, 
            Production Events: 0, 
            Suppression Events: 1
Time: 81.59, 
            Production Events: 0, 
            Suppression Events: 0
Time: 82.25, 
            Production Events: 0, 
            Suppression Events: 1
Time: 83.51, 
            Production Events: 0, 
            Suppression Events: 1
Time: 84.73, 
            Production Events: 0, 
            Suppression Events: 2
Time: 85.28, 
            Production Events: 0, 
            Suppression Events: 2
Time: 87.6, 
            Production Events: 0, 
            Suppression Events: 2
Time: 87.6, 
            Production Events: 0, 
            Suppression Events: 0
Time: 88.91, 
            Production Events: 0, 
            Suppression Events: 1
Time: 90.13, 
            Production Events: 0, 
            Suppression Events: 1
Time: 90.13, 
            Production Events: 0, 
            Suppression Events: 0
Time: 91.6, 
            Production Events: 0, 
            Suppression Events: 1
Time: 92.37, 
            Production Events: 0, 
            Suppression Events: 1
Time: 94.24, 
            Production Events: 0, 
            Suppression Events: 3
Time: 94.24, 
            Production Events: 0, 
            Suppression Events: 0
Time: 96.13, 
            Production Events: 1, 
            Suppression Events: 2
Time: 96.13, 
            Production Events: 0, 
            Suppression Events: 0
Time: 97.96, 
            Production Events: 0, 
            Suppression Events: 2
Time: 98.21, 
            Production Events: 1, 
            Suppression Events: 0
Time: 100.38, 
            Production Events: 0, 
            Suppression Events: 3
Time: 100.38, 
            Production Events: 0, 
            Suppression Events: 0
Time: 102.18, 
            Production Events: 0, 
            Suppression Events: 1
Time: 102.18, 
            Production Events: 0, 
            Suppression Events: 0
Time: 106.72, 
            Production Events: 0, 
            Suppression Events: 2
Time: 106.72, 
            Production Events: 0, 
            Suppression Events: 0
Time: 106.72, 
            Production Events: 0, 
            Suppression Events: 0
Time: 106.72, 
            Production Events: 0, 
            Suppression Events: 0
Time: 108.2, 
            Production Events: 0, 
            Suppression Events: 2
Time: 108.2, 
            Production Events: 0, 
            Suppression Events: 0
Time: 110.2, 
            Production Events: 1, 
            Suppression Events: 0
Time: 110.2, 
            Production Events: 0, 
            Suppression Events: 0
Time: 111.54, 
            Production Events: 0, 
            Suppression Events: 1
Time: 113.02, 
            Production Events: 1, 
            Suppression Events: 1
Time: 113.02, 
            Production Events: 0, 
            Suppression Events: 0
Time: 115.61, 
            Production Events: 1, 
            Suppression Events: 1
Time: 115.61, 
            Production Events: 0, 
            Suppression Events: 0
Time: 116.5, 
            Production Events: 0, 
            Suppression Events: 1
Time: 117.68, 
            Production Events: 0, 
            Suppression Events: 1
Time: 118.01, 
            Production Events: 0, 
            Suppression Events: 1
Time: 119.8, 
            Production Events: 0, 
            Suppression Events: 2
Time: 122.27, 
            Production Events: 0, 
            Suppression Events: 1
Time: 122.27, 
            Production Events: 0, 
            Suppression Events: 0
Time: 122.27, 
            Production Events: 0, 
            Suppression Events: 0
Time: 124.59, 
            Production Events: 0, 
            Suppression Events: 2
Time: 124.59, 
            Production Events: 0, 
            Suppression Events: 0
Time: 126.31, 
            Production Events: 0, 
            Suppression Events: 1
Time: 126.31, 
            Production Events: 0, 
            Suppression Events: 0
Time: 127.55, 
            Production Events: 0, 
            Suppression Events: 2
Time: 130.0, 
            Production Events: 0, 
            Suppression Events: 1
Time: 130.0, 
            Production Events: 0, 
            Suppression Events: 0
Time: 130.0, 
            Production Events: 0, 
            Suppression Events: 0
Time: 131.46, 
            Production Events: 0, 
            Suppression Events: 1
Time: 132.28, 
            Production Events: 1, 
            Suppression Events: 1
Time: 133.15, 
            Production Events: 0, 
            Suppression Events: 2
Time: 134.06, 
            Production Events: 0, 
            Suppression Events: 2
Time: 136.07, 
            Production Events: 0, 
            Suppression Events: 2
Time: 136.07, 
            Production Events: 0, 
            Suppression Events: 0
Time: 139.71, 
            Production Events: 2, 
            Suppression Events: 0
Time: 139.71, 
            Production Events: 0, 
            Suppression Events: 0
Time: 139.71, 
            Production Events: 0, 
            Suppression Events: 0
Time: 140.11, 
            Production Events: 0, 
            Suppression Events: 1
Time: 141.95, 
            Production Events: 0, 
            Suppression Events: 2
Time: 142.25, 
            Production Events: 0, 
            Suppression Events: 1
Time: 143.38, 
            Production Events: 0, 
            Suppression Events: 1
Time: 145.93, 
            Production Events: 1, 
            Suppression Events: 1
Time: 145.93, 
            Production Events: 0, 
            Suppression Events: 0
Time: 146.03, 
            Production Events: 0, 
            Suppression Events: 1
Time: 148.56, 
            Production Events: 1, 
            Suppression Events: 2
Time: 148.56, 
            Production Events: 0, 
            Suppression Events: 0
Time: 152.45, 
            Production Events: 0, 
            Suppression Events: 1
Time: 152.45, 
            Production Events: 0, 
            Suppression Events: 0
Time: 152.45, 
            Production Events: 0, 
            Suppression Events: 0
Time: 152.45, 
            Production Events: 0, 
            Suppression Events: 0
Time: 154.29, 
            Production Events: 0, 
            Suppression Events: 1
Time: 154.29, 
            Production Events: 0, 
            Suppression Events: 0
Time: 155.84, 
            Production Events: 0, 
            Suppression Events: 1
Time: 156.35, 
            Production Events: 0, 
            Suppression Events: 1
Time: 157.01, 
            Production Events: 0, 
            Suppression Events: 1
Time: 159.18, 
            Production Events: 0, 
            Suppression Events: 2
Time: 159.18, 
            Production Events: 0, 
            Suppression Events: 0
Time: 162.3, 
            Production Events: 0, 
            Suppression Events: 1
Time: 162.3, 
            Production Events: 0, 
            Suppression Events: 0
Time: 162.3, 
            Production Events: 0, 
            Suppression Events: 0
Time: 163.36, 
            Production Events: 0, 
            Suppression Events: 2
Time: 164.68, 
            Production Events: 0, 
            Suppression Events: 1
Time: 167.58, 
            Production Events: 0, 
            Suppression Events: 1
Time: 167.58, 
            Production Events: 0, 
            Suppression Events: 0
Time: 167.58, 
            Production Events: 0, 
            Suppression Events: 0
Time: 169.4, 
            Production Events: 0, 
            Suppression Events: 1
Time: 169.4, 
            Production Events: 0, 
            Suppression Events: 0
Time: 170.61, 
            Production Events: 0, 
            Suppression Events: 1
Time: 171.17, 
            Production Events: 0, 
            Suppression Events: 1
Time: 172.42, 
            Production Events: 0, 
            Suppression Events: 1
Time: 173.18, 
            Production Events: 0, 
            Suppression Events: 1
Time: 174.17, 
            Production Events: 1, 
            Suppression Events: 1
Time: 176.33, 
            Production Events: 0, 
            Suppression Events: 2
Time: 176.33, 
            Production Events: 0, 
            Suppression Events: 0
Time: 179.21, 
            Production Events: 0, 
            Suppression Events: 1
Time: 179.21, 
            Production Events: 0, 
            Suppression Events: 0
Time: 179.21, 
            Production Events: 0, 
            Suppression Events: 0
Time: 181.08, 
            Production Events: 1, 
            Suppression Events: 2
Time: 181.08, 
            Production Events: 0, 
            Suppression Events: 0
Time: 182.05, 
            Production Events: 0, 
            Suppression Events: 1
Time: 184.52, 
            Production Events: 0, 
            Suppression Events: 1
Time: 184.52, 
            Production Events: 0, 
            Suppression Events: 0
Time: 186.04, 
            Production Events: 0, 
            Suppression Events: 1
Time: 186.04, 
            Production Events: 0, 
            Suppression Events: 0
Time: 187.19, 
            Production Events: 0, 
            Suppression Events: 2
Time: 191.71, 
            Production Events: 0, 
            Suppression Events: 2
Time: 191.71, 
            Production Events: 0, 
            Suppression Events: 0
Time: 191.71, 
            Production Events: 0, 
            Suppression Events: 0
Time: 191.71, 
            Production Events: 0, 
            Suppression Events: 0
Time: 192.02, 
            Production Events: 0, 
            Suppression Events: 1
Time: 193.02, 
            Production Events: 0, 
            Suppression Events: 1
Time: 194.09, 
            Production Events: 0, 
            Suppression Events: 2
Time: 195.96, 
            Production Events: 0, 
            Suppression Events: 1
Time: 197.44, 
            Production Events: 0, 
            Suppression Events: 1
Time: 197.44, 
            Production Events: 0, 
            Suppression Events: 0
Time: 198.64, 
            Production Events: 0, 
            Suppression Events: 2
Time: 199.34, 
            Production Events: 0, 
            Suppression Events: 1
Time: 200.12, 
            Production Events: 0, 
            Suppression Events: 2
Time: 201.63, 
            Production Events: 0, 
            Suppression Events: 4
Time: 202.14, 
            Production Events: 1, 
            Suppression Events: 0
Time: 204.11, 
            Production Events: 0, 
            Suppression Events: 2
Time: 204.11, 
            Production Events: 0, 
            Suppression Events: 0
Time: 212.82, 
            Production Events: 0, 
            Suppression Events: 1
Time: 212.82, 
            Production Events: 0, 
            Suppression Events: 0
Time: 212.82, 
            Production Events: 0, 
            Suppression Events: 0
Time: 212.82, 
            Production Events: 0, 
            Suppression Events: 0
Time: 212.82, 
            Production Events: 0, 
            Suppression Events: 0
Time: 212.82, 
            Production Events: 0, 
            Suppression Events: 0
Time: 212.82, 
            Production Events: 0, 
            Suppression Events: 0
Time: 212.82, 
            Production Events: 0, 
            Suppression Events: 0
Time: 213.03, 
            Production Events: 0, 
            Suppression Events: 1
Time: 215.09, 
            Production Events: 0, 
            Suppression Events: 2
Time: 215.09, 
            Production Events: 0, 
            Suppression Events: 0
Time: 216.61, 
            Production Events: 0, 
            Suppression Events: 1
Time: 218.61, 
            Production Events: 0, 
            Suppression Events: 1
Time: 218.61, 
            Production Events: 0, 
            Suppression Events: 0
Time: 219.53, 
            Production Events: 0, 
            Suppression Events: 1
Time: 220.82, 
            Production Events: 0, 
            Suppression Events: 1
Time: 221.18, 
            Production Events: 0, 
            Suppression Events: 1
Time: 223.23, 
            Production Events: 1, 
            Suppression Events: 0
Time: 223.23, 
            Production Events: 0, 
            Suppression Events: 0
Time: 224.37, 
            Production Events: 1, 
            Suppression Events: 3
Time: 225.34, 
            Production Events: 1, 
            Suppression Events: 0
Time: 226.35, 
            Production Events: 1, 
            Suppression Events: 0
Time: 230.61, 
            Production Events: 1, 
            Suppression Events: 0
Time: 230.61, 
            Production Events: 0, 
            Suppression Events: 0
Time: 230.61, 
            Production Events: 0, 
            Suppression Events: 0
Time: 230.61, 
            Production Events: 0, 
            Suppression Events: 0
Time: 231.05, 
            Production Events: 0, 
            Suppression Events: 1
Time: 232.08, 
            Production Events: 0, 
            Suppression Events: 1
Time: 233.54, 
            Production Events: 0, 
            Suppression Events: 2
Time: 234.82, 
            Production Events: 2, 
            Suppression Events: 2
Time: 235.32, 
            Production Events: 0, 
            Suppression Events: 1
Time: 236.24, 
            Production Events: 0, 
            Suppression Events: 1
Time: 237.67, 
            Production Events: 0, 
            Suppression Events: 2
Time: 239.31, 
            Production Events: 0, 
            Suppression Events: 1
Time: 239.31, 
            Production Events: 0, 
            Suppression Events: 0
Time: 244.52, 
            Production Events: 1, 
            Suppression Events: 1
Time: 244.52, 
            Production Events: 0, 
            Suppression Events: 0
Time: 244.52, 
            Production Events: 0, 
            Suppression Events: 0
Time: 244.52, 
            Production Events: 0, 
            Suppression Events: 0
Time: 244.52, 
            Production Events: 0, 
            Suppression Events: 0
Time: 245.26, 
            Production Events: 0, 
            Suppression Events: 3
Time: 246.89, 
            Production Events: 0, 
            Suppression Events: 1
Time: 247.35, 
            Production Events: 0, 
            Suppression Events: 1
Time: 248.77, 
            Production Events: 0, 
            Suppression Events: 2
Time: 251.11, 
            Production Events: 0, 
            Suppression Events: 2
Time: 251.11, 
            Production Events: 0, 
            Suppression Events: 0
Time: 251.11, 
            Production Events: 0, 
            Suppression Events: 0
Time: 252.78, 
            Production Events: 1, 
            Suppression Events: 0
Time: 253.53, 
            Production Events: 0, 
            Suppression Events: 1
Time: 254.5, 
            Production Events: 1, 
            Suppression Events: 0
Time: 255.28, 
            Production Events: 0, 
            Suppression Events: 1
Time: 256.45, 
            Production Events: 0, 
            Suppression Events: 1
Time: 257.1, 
            Production Events: 0, 
            Suppression Events: 1
Time: 258.76, 
            Production Events: 1, 
            Suppression Events: 3
Time: 260.06, 
            Production Events: 0, 
            Suppression Events: 2
Time: 260.06, 
            Production Events: 0, 
            Suppression Events: 0
Time: 262.02, 
            Production Events: 1, 
            Suppression Events: 1
Time: 262.02, 
            Production Events: 0, 
            Suppression Events: 0
Time: 265.19, 
            Production Events: 1, 
            Suppression Events: 1
Time: 265.19, 
            Production Events: 0, 
            Suppression Events: 0
Time: 265.19, 
            Production Events: 0, 
            Suppression Events: 0
Time: 266.4, 
            Production Events: 0, 
            Suppression Events: 1
Time: 267.86, 
            Production Events: 0, 
            Suppression Events: 1
Time: 269.53, 
            Production Events: 1, 
            Suppression Events: 0
Time: 269.53, 
            Production Events: 0, 
            Suppression Events: 0
Time: 270.86, 
            Production Events: 1, 
            Suppression Events: 0
Time: 271.12, 
            Production Events: 0, 
            Suppression Events: 1
Time: 272.42, 
            Production Events: 0, 
            Suppression Events: 1
Time: 277.53, 
            Production Events: 1, 
            Suppression Events: 2
Time: 277.53, 
            Production Events: 0, 
            Suppression Events: 0
Time: 277.53, 
            Production Events: 0, 
            Suppression Events: 0
Time: 277.53, 
            Production Events: 0, 
            Suppression Events: 0
Time: 277.53, 
            Production Events: 0, 
            Suppression Events: 0
Time: 278.44, 
            Production Events: 0, 
            Suppression Events: 1
Time: 279.24, 
            Production Events: 0, 
            Suppression Events: 1
Time: 280.87, 
            Production Events: 0, 
            Suppression Events: 1
Time: 282.12, 
            Production Events: 0, 
            Suppression Events: 1
Time: 282.12, 
            Production Events: 0, 
            Suppression Events: 0
Time: 286.49, 
            Production Events: 0, 
            Suppression Events: 1
Time: 286.49, 
            Production Events: 0, 
            Suppression Events: 0
Time: 286.49, 
            Production Events: 0, 
            Suppression Events: 0
Time: 286.49, 
            Production Events: 0, 
            Suppression Events: 0
Time: 287.79, 
            Production Events: 0, 
            Suppression Events: 1
Time: 288.3, 
            Production Events: 1, 
            Suppression Events: 0
Time: 289.04, 
            Production Events: 0, 
            Suppression Events: 2
Time: 290.21, 
            Production Events: 1, 
            Suppression Events: 3
Time: 292.47, 
            Production Events: 0, 
            Suppression Events: 1
Time: 292.47, 
            Production Events: 0, 
            Suppression Events: 0
Time: 293.54, 
            Production Events: 0, 
            Suppression Events: 1
Time: 294.57, 
            Production Events: 0, 
            Suppression Events: 1
Time: 295.38, 
            Production Events: 1, 
            Suppression Events: 0
Time: 296.71, 
            Production Events: 0, 
            Suppression Events: 1
Time: 297.35, 
            Production Events: 0, 
            Suppression Events: 2
Time: 300.01, 
            Production Events: 0, 
            Suppression Events: 1
Time: 300.01, 
            Production Events: 0, 
            Suppression Events: 0
Time: 300.01, 
            Production Events: 0, 
            Suppression Events: 0
Time: 301.22, 
            Production Events: 1, 
            Suppression Events: 3
Time: 303.54, 
            Production Events: 0, 
            Suppression Events: 1
Time: 303.54, 
            Production Events: 0, 
            Suppression Events: 0
Time: 306.08, 
            Production Events: 0, 
            Suppression Events: 1
Time: 306.08, 
            Production Events: 0, 
            Suppression Events: 0
Time: 306.08, 
            Production Events: 0, 
            Suppression Events: 0
Time: 307.83, 
            Production Events: 0, 
            Suppression Events: 2
Time: 308.38, 
            Production Events: 0, 
            Suppression Events: 1
Time: 309.96, 
            Production Events: 0, 
            Suppression Events: 3
Time: 310.31, 
            Production Events: 0, 
            Suppression Events: 1
Time: 311.32, 
            Production Events: 1, 
            Suppression Events: 2
Time: 312.1, 
            Production Events: 1, 
            Suppression Events: 1
Time: 313.88, 
            Production Events: 0, 
            Suppression Events: 1
Time: 314.46, 
            Production Events: 0, 
            Suppression Events: 2
Time: 315.6, 
            Production Events: 0, 
            Suppression Events: 2
Time: 317.72, 
            Production Events: 0, 
            Suppression Events: 2
Time: 317.72, 
            Production Events: 0, 
            Suppression Events: 0
Time: 318.2, 
            Production Events: 0, 
            Suppression Events: 1
Time: 320.12, 
            Production Events: 1, 
            Suppression Events: 0
Time: 320.12, 
            Production Events: 0, 
            Suppression Events: 0
Time: 321.03, 
            Production Events: 0, 
            Suppression Events: 1
Time: 324.38, 
            Production Events: 0, 
            Suppression Events: 1
Time: 324.38, 
            Production Events: 0, 
            Suppression Events: 0
Time: 324.38, 
            Production Events: 0, 
            Suppression Events: 0
Time: 325.43, 
            Production Events: 0, 
            Suppression Events: 3
Time: 326.62, 
            Production Events: 0, 
            Suppression Events: 1
Time: 327.08, 
            Production Events: 1, 
            Suppression Events: 0
Time: 328.64, 
            Production Events: 1, 
            Suppression Events: 2
Time: 330.76, 
            Production Events: 0, 
            Suppression Events: 1
Time: 330.76, 
            Production Events: 0, 
            Suppression Events: 0
Time: 331.17, 
            Production Events: 1, 
            Suppression Events: 0
Time: 337.35, 
            Production Events: 0, 
            Suppression Events: 1
Time: 337.35, 
            Production Events: 0, 
            Suppression Events: 0
Time: 337.35, 
            Production Events: 0, 
            Suppression Events: 0
Time: 337.35, 
            Production Events: 0, 
            Suppression Events: 0
Time: 337.35, 
            Production Events: 0, 
            Suppression Events: 0
Time: 337.35, 
            Production Events: 0, 
            Suppression Events: 0
Time: 338.65, 
            Production Events: 0, 
            Suppression Events: 4
Time: 339.17, 
            Production Events: 0, 
            Suppression Events: 2
Time: 341.23, 
            Production Events: 0, 
            Suppression Events: 2
Time: 341.23, 
            Production Events: 0, 
            Suppression Events: 0
Time: 342.28, 
            Production Events: 1, 
            Suppression Events: 0
Time: 343.34, 
            Production Events: 0, 
            Suppression Events: 2
Time: 344.1, 
            Production Events: 0, 
            Suppression Events: 1
Time: 346.05, 
            Production Events: 0, 
            Suppression Events: 2
Time: 346.05, 
            Production Events: 0, 
            Suppression Events: 0
Time: 348.38, 
            Production Events: 1, 
            Suppression Events: 4
Time: 348.38, 
            Production Events: 0, 
            Suppression Events: 0
Time: 353.86, 
            Production Events: 0, 
            Suppression Events: 1
Time: 353.86, 
            Production Events: 0, 
            Suppression Events: 0
Time: 353.86, 
            Production Events: 0, 
            Suppression Events: 0
Time: 353.86, 
            Production Events: 0, 
            Suppression Events: 0
Time: 353.86, 
            Production Events: 0, 
            Suppression Events: 0
Time: 354.85, 
            Production Events: 0, 
            Suppression Events: 3
Time: 356.52, 
            Production Events: 1, 
            Suppression Events: 1
Time: 356.52, 
            Production Events: 0, 
            Suppression Events: 0
Time: 357.08, 
            Production Events: 1, 
            Suppression Events: 1
Time: 358.54, 
            Production Events: 2, 
            Suppression Events: 0
Time: 359.0, 
            Production Events: 0, 
            Suppression Events: 1
Time: 360.38, 
            Production Events: 2, 
            Suppression Events: 0
Time: 361.87, 
            Production Events: 0, 
            Suppression Events: 1
Time: 363.13, 
            Production Events: 0, 
            Suppression Events: 1
Time: 363.13, 
            Production Events: 0, 
            Suppression Events: 0
Time: 364.14, 
            Production Events: 0, 
            Suppression Events: 1
Time: 366.16, 
            Production Events: 0, 
            Suppression Events: 1
Time: 366.16, 
            Production Events: 0, 
            Suppression Events: 0
Time: 369.64, 
            Production Events: 0, 
            Suppression Events: 1
Time: 369.64, 
            Production Events: 0, 
            Suppression Events: 0
Time: 369.64, 
            Production Events: 0, 
            Suppression Events: 0
Time: 370.85, 
            Production Events: 0, 
            Suppression Events: 2
Time: 375.4, 
            Production Events: 0, 
            Suppression Events: 1
Time: 375.4, 
            Production Events: 0, 
            Suppression Events: 0
Time: 375.4, 
            Production Events: 0, 
            Suppression Events: 0
Time: 375.4, 
            Production Events: 0, 
            Suppression Events: 0
Time: 375.4, 
            Production Events: 0, 
            Suppression Events: 0
Time: 376.08, 
            Production Events: 0, 
            Suppression Events: 1
Time: 377.71, 
            Production Events: 0, 
            Suppression Events: 1
Time: 378.49, 
            Production Events: 0, 
            Suppression Events: 2
Time: 379.44, 
            Production Events: 0, 
            Suppression Events: 2
Time: 381.78, 
            Production Events: 0, 
            Suppression Events: 1
Time: 381.78, 
            Production Events: 0, 
            Suppression Events: 0
Time: 384.0, 
            Production Events: 0, 
            Suppression Events: 1
Time: 384.0, 
            Production Events: 0, 
            Suppression Events: 0
Time: 384.0, 
            Production Events: 0, 
            Suppression Events: 0
Time: 386.03, 
            Production Events: 0, 
            Suppression Events: 1
Time: 386.03, 
            Production Events: 0, 
            Suppression Events: 0
Time: 387.09, 
            Production Events: 0, 
            Suppression Events: 5
Time: 390.65, 
            Production Events: 0, 
            Suppression Events: 2
Time: 390.65, 
            Production Events: 0, 
            Suppression Events: 0
Time: 390.65, 
            Production Events: 0, 
            Suppression Events: 0
Time: 391.14, 
            Production Events: 0, 
            Suppression Events: 1
Time: 392.93, 
            Production Events: 0, 
            Suppression Events: 1
Time: 394.99, 
            Production Events: 0, 
            Suppression Events: 1
Time: 394.99, 
            Production Events: 0, 
            Suppression Events: 0
Time: 395.45, 
            Production Events: 0, 
            Suppression Events: 1
Time: 396.09, 
            Production Events: 0, 
            Suppression Events: 2
Time: 397.91, 
            Production Events: 0, 
            Suppression Events: 2
Time: 400.11, 
            Production Events: 1, 
            Suppression Events: 1
Time: 400.11, 
            Production Events: 0, 
            Suppression Events: 0
Time: 400.11, 
            Production Events: 0, 
            Suppression Events: 0
Time: 401.4, 
            Production Events: 0, 
            Suppression Events: 1
Time: 402.35, 
            Production Events: 0, 
            Suppression Events: 1
Time: 406.05, 
            Production Events: 0, 
            Suppression Events: 1
Time: 406.05, 
            Production Events: 0, 
            Suppression Events: 0
Time: 406.05, 
            Production Events: 0, 
            Suppression Events: 0
Time: 406.05, 
            Production Events: 0, 
            Suppression Events: 0
Time: 407.68, 
            Production Events: 0, 
            Suppression Events: 1
Time: 408.42, 
            Production Events: 0, 
            Suppression Events: 1
Time: 409.89, 
            Production Events: 0, 
            Suppression Events: 1
Time: 412.22, 
            Production Events: 0, 
            Suppression Events: 1
Time: 412.22, 
            Production Events: 0, 
            Suppression Events: 0
Time: 412.22, 
            Production Events: 0, 
            Suppression Events: 0
Time: 413.76, 
            Production Events: 0, 
            Suppression Events: 2
Time: 415.75, 
            Production Events: 1, 
            Suppression Events: 0
Time: 415.75, 
            Production Events: 0, 
            Suppression Events: 0
Time: 416.75, 
            Production Events: 0, 
            Suppression Events: 1
Time: 417.12, 
            Production Events: 1, 
            Suppression Events: 1
Time: 418.48, 
            Production Events: 0, 
            Suppression Events: 1
Time: 419.45, 
            Production Events: 0, 
            Suppression Events: 1
Time: 420.48, 
            Production Events: 0, 
            Suppression Events: 3
Time: 422.06, 
            Production Events: 1, 
            Suppression Events: 1
Time: 422.06, 
            Production Events: 0, 
            Suppression Events: 0
Time: 423.69, 
            Production Events: 0, 
            Suppression Events: 1
Time: 424.21, 
            Production Events: 0, 
            Suppression Events: 1
Time: 425.82, 
            Production Events: 0, 
            Suppression Events: 1
Time: 426.94, 
            Production Events: 1, 
            Suppression Events: 0
Time: 428.07, 
            Production Events: 0, 
            Suppression Events: 2
Time: 428.07, 
            Production Events: 0, 
            Suppression Events: 0
Time: 429.87, 
            Production Events: 0, 
            Suppression Events: 1
Time: 430.38, 
            Production Events: 0, 
            Suppression Events: 1
Time: 431.24, 
            Production Events: 0, 
            Suppression Events: 1
Time: 432.13, 
            Production Events: 0, 
            Suppression Events: 1
Time: 433.04, 
            Production Events: 1, 
            Suppression Events: 0
Time: 434.78, 
            Production Events: 0, 
            Suppression Events: 2
Time: 436.86, 
            Production Events: 0, 
            Suppression Events: 2
Time: 436.86, 
            Production Events: 0, 
            Suppression Events: 0
Time: 437.44, 
            Production Events: 0, 
            Suppression Events: 2
Time: 438.9, 
            Production Events: 0, 
            Suppression Events: 3
Time: 440.25, 
            Production Events: 0, 
            Suppression Events: 1
Time: 440.25, 
            Production Events: 0, 
            Suppression Events: 0
Time: 441.43, 
            Production Events: 0, 
            Suppression Events: 2
Time: 442.03, 
            Production Events: 0, 
            Suppression Events: 1
Time: 444.34, 
            Production Events: 0, 
            Suppression Events: 3
Time: 444.34, 
            Production Events: 0, 
            Suppression Events: 0
Time: 445.92, 
            Production Events: 0, 
            Suppression Events: 1
Time: 446.8, 
            Production Events: 0, 
            Suppression Events: 1
Time: 447.6, 
            Production Events: 1, 
            Suppression Events: 1
Time: 449.21, 
            Production Events: 1, 
            Suppression Events: 2
Time: 449.21, 
            Production Events: 0, 
            Suppression Events: 0
Time: 450.84, 
            Production Events: 0, 
            Suppression Events: 3
Time: 451.63, 
            Production Events: 0, 
            Suppression Events: 1
Time: 452.8, 
            Production Events: 0, 
            Suppression Events: 2
Time: 454.85, 
            Production Events: 1, 
            Suppression Events: 1
Time: 454.85, 
            Production Events: 0, 
            Suppression Events: 0
Time: 455.95, 
            Production Events: 1, 
            Suppression Events: 0
Time: 456.33, 
            Production Events: 0, 
            Suppression Events: 1
Time: 457.79, 
            Production Events: 0, 
            Suppression Events: 1
Time: 458.25, 
            Production Events: 0, 
            Suppression Events: 1
Time: 459.35, 
            Production Events: 1, 
            Suppression Events: 1
Time: 461.32, 
            Production Events: 0, 
            Suppression Events: 1
Time: 461.32, 
            Production Events: 0, 
            Suppression Events: 0
Time: 462.77, 
            Production Events: 0, 
            Suppression Events: 1
Time: 466.03, 
            Production Events: 0, 
            Suppression Events: 1
Time: 466.03, 
            Production Events: 0, 
            Suppression Events: 0
Time: 466.03, 
            Production Events: 0, 
            Suppression Events: 0
Time: 466.03, 
            Production Events: 0, 
            Suppression Events: 0
Time: 467.98, 
            Production Events: 1, 
            Suppression Events: 1
Time: 468.36, 
            Production Events: 1, 
            Suppression Events: 0
Time: 470.71, 
            Production Events: 0, 
            Suppression Events: 3
Time: 470.71, 
            Production Events: 0, 
            Suppression Events: 0
Time: 471.66, 
            Production Events: 0, 
            Suppression Events: 1
Time: 473.12, 
            Production Events: 0, 
            Suppression Events: 2
Time: 473.12, 
            Production Events: 0, 
            Suppression Events: 0
Time: 474.09, 
            Production Events: 0, 
            Suppression Events: 1
Time: 475.82, 
            Production Events: 0, 
            Suppression Events: 2
Time: 480.34, 
            Production Events: 0, 
            Suppression Events: 1
Time: 480.34, 
            Production Events: 0, 
            Suppression Events: 0
Time: 480.34, 
            Production Events: 0, 
            Suppression Events: 0
Time: 480.34, 
            Production Events: 0, 
            Suppression Events: 0
Time: 480.34, 
            Production Events: 0, 
            Suppression Events: 0
Time: 481.27, 
            Production Events: 0, 
            Suppression Events: 1
Time: 482.19, 
            Production Events: 1, 
            Suppression Events: 1
Time: 485.23, 
            Production Events: 0, 
            Suppression Events: 1
Time: 485.23, 
            Production Events: 0, 
            Suppression Events: 0
Time: 485.23, 
            Production Events: 0, 
            Suppression Events: 0
Time: 487.38, 
            Production Events: 2, 
            Suppression Events: 0
Time: 487.38, 
            Production Events: 0, 
            Suppression Events: 0
Time: 488.48, 
            Production Events: 0, 
            Suppression Events: 1
Time: 489.0, 
            Production Events: 1, 
            Suppression Events: 0
Time: 490.54, 
            Production Events: 0, 
            Suppression Events: 2
Time: 491.76, 
            Production Events: 1, 
            Suppression Events: 1
Time: 492.53, 
            Production Events: 0, 
            Suppression Events: 1
Time: 493.37, 
            Production Events: 0, 
            Suppression Events: 1
Time: 495.59, 
            Production Events: 0, 
            Suppression Events: 1
Time: 495.59, 
            Production Events: 0, 
            Suppression Events: 0
Time: 496.29, 
            Production Events: 0, 
            Suppression Events: 1
Time: 497.37, 
            Production Events: 0, 
            Suppression Events: 2
Time: 498.63, 
            Production Events: 2, 
            Suppression Events: 1
Time: 499.08, 
            Production Events: 0, 
            Suppression Events: 2
Time: 500.21, 
            Production Events: 0, 
            Suppression Events: 2
Time: 501.19, 
            Production Events: 0, 
            Suppression Events: 2
Time: 502.57, 
            Production Events: 0, 
            Suppression Events: 2
Time: 503.41, 
            Production Events: 0, 
            Suppression Events: 1
Time: 504.55, 
            Production Events: 0, 
            Suppression Events: 3
Time: 505.25, 
            Production Events: 0, 
            Suppression Events: 2
Time: 506.24, 
            Production Events: 0, 
            Suppression Events: 2
Time: 508.73, 
            Production Events: 0, 
            Suppression Events: 2
Time: 508.73, 
            Production Events: 0, 
            Suppression Events: 0
Time: 509.19, 
            Production Events: 0, 
            Suppression Events: 1
Time: 510.24, 
            Production Events: 1, 
            Suppression Events: 1
Time: 513.68, 
            Production Events: 0, 
            Suppression Events: 2
Time: 513.68, 
            Production Events: 0, 
            Suppression Events: 0
Time: 513.68, 
            Production Events: 0, 
            Suppression Events: 0
Time: 514.24, 
            Production Events: 0, 
            Suppression Events: 1
Time: 517.6, 
            Production Events: 0, 
            Suppression Events: 2
Time: 517.6, 
            Production Events: 0, 
            Suppression Events: 0
Time: 517.6, 
            Production Events: 0, 
            Suppression Events: 0
Time: 518.28, 
            Production Events: 0, 
            Suppression Events: 1
Time: 520.0, 
            Production Events: 0, 
            Suppression Events: 1
Time: 520.9, 
            Production Events: 0, 
            Suppression Events: 1
Time: 522.21, 
            Production Events: 0, 
            Suppression Events: 1
Time: 522.21, 
            Production Events: 0, 
            Suppression Events: 0
Time: 523.05, 
            Production Events: 1, 
            Suppression Events: 1
Time: 525.99, 
            Production Events: 0, 
            Suppression Events: 3
Time: 525.99, 
            Production Events: 0, 
            Suppression Events: 0
Time: 527.11, 
            Production Events: 0, 
            Suppression Events: 1
Time: 527.11, 
            Production Events: 0, 
            Suppression Events: 0
Time: 528.49, 
            Production Events: 0, 
            Suppression Events: 2
Time: 530.28, 
            Production Events: 0, 
            Suppression Events: 1
Time: 530.28, 
            Production Events: 0, 
            Suppression Events: 0
Time: 531.56, 
            Production Events: 0, 
            Suppression Events: 3
Time: 532.51, 
            Production Events: 2, 
            Suppression Events: 1
Time: 533.92, 
            Production Events: 1, 
            Suppression Events: 0
Time: 535.43, 
            Production Events: 1, 
            Suppression Events: 1
Time: 535.43, 
            Production Events: 0, 
            Suppression Events: 0
Time: 536.44, 
            Production Events: 0, 
            Suppression Events: 1
Time: 537.03, 
            Production Events: 0, 
            Suppression Events: 1
Time: 538.34, 
            Production Events: 1, 
            Suppression Events: 3
Time: 539.39, 
            Production Events: 0, 
            Suppression Events: 2
Time: 540.81, 
            Production Events: 0, 
            Suppression Events: 1
Time: 541.59, 
            Production Events: 0, 
            Suppression Events: 1
Time: 542.69, 
            Production Events: 0, 
            Suppression Events: 2
Time: 544.55, 
            Production Events: 0, 
            Suppression Events: 1
Time: 544.55, 
            Production Events: 0, 
            Suppression Events: 0
Time: 545.25, 
            Production Events: 1, 
            Suppression Events: 1
Time: 546.88, 
            Production Events: 0, 
            Suppression Events: 1
Time: 547.41, 
            Production Events: 0, 
            Suppression Events: 1
Time: 548.37, 
            Production Events: 0, 
            Suppression Events: 1
Time: 550.02, 
            Production Events: 0, 
            Suppression Events: 1
Time: 550.02, 
            Production Events: 0, 
            Suppression Events: 0
Time: 551.01, 
            Production Events: 0, 
            Suppression Events: 1
Time: 552.05, 
            Production Events: 0, 
            Suppression Events: 2
Time: 554.08, 
            Production Events: 0, 
            Suppression Events: 2
Time: 554.08, 
            Production Events: 0, 
            Suppression Events: 0
Time: 555.06, 
            Production Events: 1, 
            Suppression Events: 4
Time: 556.01, 
            Production Events: 0, 
            Suppression Events: 1
Time: 557.22, 
            Production Events: 1, 
            Suppression Events: 2
Time: 559.16, 
            Production Events: 0, 
            Suppression Events: 1
Time: 559.16, 
            Production Events: 0, 
            Suppression Events: 0
Time: 560.73, 
            Production Events: 0, 
            Suppression Events: 1
Time: 562.2, 
            Production Events: 0, 
            Suppression Events: 1
Time: 562.2, 
            Production Events: 0, 
            Suppression Events: 0
Time: 563.51, 
            Production Events: 0, 
            Suppression Events: 3
Time: 564.35, 
            Production Events: 0, 
            Suppression Events: 1
Time: 565.95, 
            Production Events: 0, 
            Suppression Events: 1
Time: 567.58, 
            Production Events: 0, 
            Suppression Events: 1
Time: 567.58, 
            Production Events: 0, 
            Suppression Events: 0
Time: 568.14, 
            Production Events: 0, 
            Suppression Events: 1
Time: 571.84, 
            Production Events: 1, 
            Suppression Events: 1
Time: 571.84, 
            Production Events: 0, 
            Suppression Events: 0
Time: 571.84, 
            Production Events: 0, 
            Suppression Events: 0
Time: 572.75, 
            Production Events: 0, 
            Suppression Events: 1
Time: 574.53, 
            Production Events: 0, 
            Suppression Events: 1
Time: 574.53, 
            Production Events: 0, 
            Suppression Events: 0
Time: 575.01, 
            Production Events: 0, 
            Suppression Events: 1
Time: 576.38, 
            Production Events: 0, 
            Suppression Events: 1
Time: 577.07, 
            Production Events: 0, 
            Suppression Events: 3
Time: 578.56, 
            Production Events: 0, 
            Suppression Events: 1
Time: 579.43, 
            Production Events: 0, 
            Suppression Events: 3
Time: 581.05, 
            Production Events: 1, 
            Suppression Events: 1
Time: 581.05, 
            Production Events: 0, 
            Suppression Events: 0
Time: 582.51, 
            Production Events: 0, 
            Suppression Events: 2
Time: 587.06, 
            Production Events: 0, 
            Suppression Events: 2
Time: 587.06, 
            Production Events: 0, 
            Suppression Events: 0
Time: 587.06, 
            Production Events: 0, 
            Suppression Events: 0
Time: 587.06, 
            Production Events: 0, 
            Suppression Events: 0
Time: 587.06, 
            Production Events: 0, 
            Suppression Events: 0
Time: 588.42, 
            Production Events: 0, 
            Suppression Events: 4
Time: 594.33, 
            Production Events: 0, 
            Suppression Events: 1
Time: 594.33, 
            Production Events: 0, 
            Suppression Events: 0
Time: 594.33, 
            Production Events: 0, 
            Suppression Events: 0
Time: 594.33, 
            Production Events: 0, 
            Suppression Events: 0
Time: 594.33, 
            Production Events: 0, 
            Suppression Events: 0
Time: 594.33, 
            Production Events: 0, 
            Suppression Events: 0
Time: 596.78, 
            Production Events: 0, 
            Suppression Events: 4
Time: 596.78, 
            Production Events: 0, 
            Suppression Events: 0
Time: 597.16, 
            Production Events: 0, 
            Suppression Events: 1
Time: 598.46, 
            Production Events: 0, 
            Suppression Events: 2
Time: 599.14, 
            Production Events: 0, 
            Suppression Events: 2
Time: 600.45, 
            Production Events: 0, 
            Suppression Events: 4
Time: 601.82, 
            Production Events: 1, 
            Suppression Events: 2
Time: 602.33, 
            Production Events: 0, 
            Suppression Events: 2
Time: 603.1, 
            Production Events: 1, 
            Suppression Events: 1
Time: 604.89, 
            Production Events: 2, 
            Suppression Events: 0
Time: 606.17, 
            Production Events: 0, 
            Suppression Events: 1
Time: 606.17, 
            Production Events: 0, 
            Suppression Events: 0
Time: 607.58, 
            Production Events: 0, 
            Suppression Events: 2
Time: 608.58, 
            Production Events: 0, 
            Suppression Events: 1
Time: 610.99, 
            Production Events: 0, 
            Suppression Events: 1
Time: 610.99, 
            Production Events: 0, 
            Suppression Events: 0
Time: 611.55, 
            Production Events: 0, 
            Suppression Events: 1
Time: 612.2, 
            Production Events: 0, 
            Suppression Events: 1
Time: 613.71, 
            Production Events: 0, 
            Suppression Events: 2
Time: 614.73, 
            Production Events: 0, 
            Suppression Events: 1
Time: 618.31, 
            Production Events: 0, 
            Suppression Events: 1
Time: 618.31, 
            Production Events: 0, 
            Suppression Events: 0
Time: 618.31, 
            Production Events: 0, 
            Suppression Events: 0
Time: 618.31, 
            Production Events: 0, 
            Suppression Events: 0
Time: 619.33, 
            Production Events: 1, 
            Suppression Events: 0
Time: 620.45, 
            Production Events: 0, 
            Suppression Events: 2
Time: 621.07, 
            Production Events: 1, 
            Suppression Events: 0
Time: 622.05, 
            Production Events: 0, 
            Suppression Events: 1
Time: 623.51, 
            Production Events: 1, 
            Suppression Events: 2
Time: 625.04, 
            Production Events: 0, 
            Suppression Events: 1
Time: 625.04, 
            Production Events: 0, 
            Suppression Events: 0
Time: 628.96, 
            Production Events: 0, 
            Suppression Events: 1
Time: 628.96, 
            Production Events: 0, 
            Suppression Events: 0
Time: 628.96, 
            Production Events: 0, 
            Suppression Events: 0
Time: 629.75, 
            Production Events: 1, 
            Suppression Events: 0
Time: 630.07, 
            Production Events: 1, 
            Suppression Events: 1
Time: 631.02, 
            Production Events: 1, 
            Suppression Events: 1
Time: 633.88, 
            Production Events: 0, 
            Suppression Events: 1
Time: 633.88, 
            Production Events: 0, 
            Suppression Events: 0
Time: 634.45, 
            Production Events: 0, 
            Suppression Events: 1
Time: 635.28, 
            Production Events: 1, 
            Suppression Events: 0
Time: 636.03, 
            Production Events: 1, 
            Suppression Events: 1
Time: 637.71, 
            Production Events: 0, 
            Suppression Events: 1
Time: 638.51, 
            Production Events: 1, 
            Suppression Events: 0
Time: 640.26, 
            Production Events: 0, 
            Suppression Events: 1
Time: 640.26, 
            Production Events: 0, 
            Suppression Events: 0
Time: 641.27, 
            Production Events: 1, 
            Suppression Events: 0
Time: 642.25, 
            Production Events: 1, 
            Suppression Events: 2
Time: 643.39, 
            Production Events: 0, 
            Suppression Events: 3
Time: 644.19, 
            Production Events: 0, 
            Suppression Events: 1
Time: 645.11, 
            Production Events: 0, 
            Suppression Events: 2
Time: 647.14, 
            Production Events: 0, 
            Suppression Events: 1
Time: 647.14, 
            Production Events: 0, 
            Suppression Events: 0
Time: 649.64, 
            Production Events: 0, 
            Suppression Events: 1
Time: 649.64, 
            Production Events: 0, 
            Suppression Events: 0
Time: 650.22, 
            Production Events: 0, 
            Suppression Events: 1
Time: 651.25, 
            Production Events: 0, 
            Suppression Events: 1
Time: 652.13, 
            Production Events: 0, 
            Suppression Events: 2
Time: 654.01, 
            Production Events: 0, 
            Suppression Events: 1
Time: 654.01, 
            Production Events: 0, 
            Suppression Events: 0
Time: 656.18, 
            Production Events: 2, 
            Suppression Events: 3
Time: 656.18, 
            Production Events: 0, 
            Suppression Events: 0
Time: 657.01, 
            Production Events: 0, 
            Suppression Events: 1
Time: 658.38, 
            Production Events: 0, 
            Suppression Events: 2
Time: 660.95, 
            Production Events: 2, 
            Suppression Events: 2
Time: 660.95, 
            Production Events: 0, 
            Suppression Events: 0
Time: 662.84, 
            Production Events: 0, 
            Suppression Events: 1
Time: 662.84, 
            Production Events: 0, 
            Suppression Events: 0
Time: 663.77, 
            Production Events: 0, 
            Suppression Events: 2
Time: 664.23, 
            Production Events: 0, 
            Suppression Events: 1
Time: 667.62, 
            Production Events: 0, 
            Suppression Events: 1
Time: 667.62, 
            Production Events: 0, 
            Suppression Events: 0
Time: 667.62, 
            Production Events: 0, 
            Suppression Events: 0
Time: 668.57, 
            Production Events: 1, 
            Suppression Events: 0
Time: 669.65, 
            Production Events: 0, 
            Suppression Events: 1
Time: 670.72, 
            Production Events: 0, 
            Suppression Events: 1
Time: 671.67, 
            Production Events: 0, 
            Suppression Events: 1
Time: 672.43, 
            Production Events: 1, 
            Suppression Events: 1
Time: 674.36, 
            Production Events: 0, 
            Suppression Events: 1
Time: 674.36, 
            Production Events: 0, 
            Suppression Events: 0
Time: 675.79, 
            Production Events: 0, 
            Suppression Events: 2
Time: 677.55, 
            Production Events: 0, 
            Suppression Events: 1
Time: 677.55, 
            Production Events: 0, 
            Suppression Events: 0
Time: 678.97, 
            Production Events: 0, 
            Suppression Events: 1
Time: 679.26, 
            Production Events: 0, 
            Suppression Events: 1
Time: 680.49, 
            Production Events: 0, 
            Suppression Events: 1
Time: 681.96, 
            Production Events: 0, 
            Suppression Events: 1
Time: 682.23, 
            Production Events: 0, 
            Suppression Events: 1
Time: 684.47, 
            Production Events: 0, 
            Suppression Events: 1
Time: 684.47, 
            Production Events: 0, 
            Suppression Events: 0
Time: 685.62, 
            Production Events: 0, 
            Suppression Events: 2
Time: 687.28, 
            Production Events: 0, 
            Suppression Events: 1
Time: 687.28, 
            Production Events: 0, 
            Suppression Events: 0
Time: 688.02, 
            Production Events: 0, 
            Suppression Events: 1
Time: 689.18, 
            Production Events: 0, 
            Suppression Events: 2
Time: 692.2, 
            Production Events: 1, 
            Suppression Events: 1
Time: 692.2, 
            Production Events: 0, 
            Suppression Events: 0
Time: 692.2, 
            Production Events: 0, 
            Suppression Events: 0
Time: 694.37, 
            Production Events: 0, 
            Suppression Events: 2
Time: 694.37, 
            Production Events: 0, 
            Suppression Events: 0
Time: 695.03, 
            Production Events: 0, 
            Suppression Events: 2
Time: 697.52, 
            Production Events: 0, 
            Suppression Events: 2
Time: 697.52, 
            Production Events: 0, 
            Suppression Events: 0
Time: 698.38, 
            Production Events: 1, 
            Suppression Events: 0
Time: 700.5, 
            Production Events: 1, 
            Suppression Events: 2
Time: 700.5, 
            Production Events: 0, 
            Suppression Events: 0
Time: 704.69, 
            Production Events: 0, 
            Suppression Events: 2
Time: 704.69, 
            Production Events: 0, 
            Suppression Events: 0
Time: 704.69, 
            Production Events: 0, 
            Suppression Events: 0
Time: 704.69, 
            Production Events: 0, 
            Suppression Events: 0
Time: 705.12, 
            Production Events: 0, 
            Suppression Events: 2
Time: 708.21, 
            Production Events: 0, 
            Suppression Events: 1
Time: 708.21, 
            Production Events: 0, 
            Suppression Events: 0
Time: 708.21, 
            Production Events: 0, 
            Suppression Events: 0
Time: 710.01, 
            Production Events: 0, 
            Suppression Events: 2
Time: 710.01, 
            Production Events: 0, 
            Suppression Events: 0
Time: 711.4, 
            Production Events: 0, 
            Suppression Events: 1
Time: 714.02, 
            Production Events: 0, 
            Suppression Events: 1
Time: 714.02, 
            Production Events: 0, 
            Suppression Events: 0
Time: 714.02, 
            Production Events: 0, 
            Suppression Events: 0
Time: 715.63, 
            Production Events: 0, 
            Suppression Events: 3
Time: 717.16, 
            Production Events: 0, 
            Suppression Events: 1
Time: 717.16, 
            Production Events: 0, 
            Suppression Events: 0
Time: 718.62, 
            Production Events: 1, 
            Suppression Events: 3
Time: 719.38, 
            Production Events: 0, 
            Suppression Events: 1
Time: 721.17, 
            Production Events: 0, 
            Suppression Events: 1
Time: 721.17, 
            Production Events: 0, 
            Suppression Events: 0
Time: 722.66, 
            Production Events: 0, 
            Suppression Events: 2
Time: 723.14, 
            Production Events: 0, 
            Suppression Events: 1
Time: 726.21, 
            Production Events: 0, 
            Suppression Events: 4
Time: 726.21, 
            Production Events: 0, 
            Suppression Events: 0
Time: 726.21, 
            Production Events: 0, 
            Suppression Events: 0
Time: 727.3, 
            Production Events: 0, 
            Suppression Events: 3
Time: 728.86, 
            Production Events: 1, 
            Suppression Events: 1
Time: 729.09, 
            Production Events: 0, 
            Suppression Events: 1
Time: 730.86, 
            Production Events: 0, 
            Suppression Events: 1
Time: 731.54, 
            Production Events: 0, 
            Suppression Events: 2
Time: 733.95, 
            Production Events: 0, 
            Suppression Events: 1
Time: 733.95, 
            Production Events: 0, 
            Suppression Events: 0
Time: 735.85, 
            Production Events: 0, 
            Suppression Events: 1
Time: 735.85, 
            Production Events: 0, 
            Suppression Events: 0
Time: 737.65, 
            Production Events: 0, 
            Suppression Events: 1
Time: 737.65, 
            Production Events: 0, 
            Suppression Events: 0
Time: 738.03, 
            Production Events: 0, 
            Suppression Events: 2
Time: 739.15, 
            Production Events: 0, 
            Suppression Events: 2
Time: 741.14, 
            Production Events: 1, 
            Suppression Events: 2
Time: 741.14, 
            Production Events: 0, 
            Suppression Events: 0
Time: 742.28, 
            Production Events: 1, 
            Suppression Events: 1
Time: 743.22, 
            Production Events: 1, 
            Suppression Events: 1
Time: 744.17, 
            Production Events: 0, 
            Suppression Events: 1
Time: 745.61, 
            Production Events: 0, 
            Suppression Events: 2
Time: 747.91, 
            Production Events: 0, 
            Suppression Events: 1
Time: 747.91, 
            Production Events: 0, 
            Suppression Events: 0
Time: 748.04, 
            Production Events: 0, 
            Suppression Events: 1
Time: 751.74, 
            Production Events: 0, 
            Suppression Events: 3
Time: 751.74, 
            Production Events: 0, 
            Suppression Events: 0
Time: 751.74, 
            Production Events: 0, 
            Suppression Events: 0
Time: 752.95, 
            Production Events: 0, 
            Suppression Events: 1
Time: 754.24, 
            Production Events: 0, 
            Suppression Events: 1
Time: 754.24, 
            Production Events: 0, 
            Suppression Events: 0
Time: 755.28, 
            Production Events: 0, 
            Suppression Events: 2
Time: 757.1, 
            Production Events: 1, 
            Suppression Events: 2
Time: 757.1, 
            Production Events: 0, 
            Suppression Events: 0
Time: 758.9, 
            Production Events: 0, 
            Suppression Events: 2
Time: 759.12, 
            Production Events: 1, 
            Suppression Events: 0
Time: 760.0, 
            Production Events: 0, 
            Suppression Events: 3
Time: 762.01, 
            Production Events: 0, 
            Suppression Events: 2
Time: 762.01, 
            Production Events: 0, 
            Suppression Events: 0
Time: 763.64, 
            Production Events: 0, 
            Suppression Events: 1
Time: 766.59, 
            Production Events: 0, 
            Suppression Events: 3
Time: 766.59, 
            Production Events: 0, 
            Suppression Events: 0
Time: 766.59, 
            Production Events: 0, 
            Suppression Events: 0
Time: 770.92, 
            Production Events: 0, 
            Suppression Events: 3
Time: 770.92, 
            Production Events: 0, 
            Suppression Events: 0
Time: 770.92, 
            Production Events: 0, 
            Suppression Events: 0
Time: 770.92, 
            Production Events: 0, 
            Suppression Events: 0
Time: 772.46, 
            Production Events: 0, 
            Suppression Events: 1
Time: 772.46, 
            Production Events: 0, 
            Suppression Events: 0
Time: 775.92, 
            Production Events: 2, 
            Suppression Events: 0
Time: 775.92, 
            Production Events: 0, 
            Suppression Events: 0
Time: 775.92, 
            Production Events: 0, 
            Suppression Events: 0
Time: 777.45, 
            Production Events: 0, 
            Suppression Events: 1
Time: 777.45, 
            Production Events: 0, 
            Suppression Events: 0
Time: 778.78, 
            Production Events: 0, 
            Suppression Events: 2
Time: 779.67, 
            Production Events: 0, 
            Suppression Events: 2
Time: 780.75, 
            Production Events: 0, 
            Suppression Events: 1
Time: 782.07, 
            Production Events: 0, 
            Suppression Events: 1
Time: 782.07, 
            Production Events: 0, 
            Suppression Events: 0
Time: 786.06, 
            Production Events: 0, 
            Suppression Events: 2
Time: 786.06, 
            Production Events: 0, 
            Suppression Events: 0
Time: 786.06, 
            Production Events: 0, 
            Suppression Events: 0
Time: 786.06, 
            Production Events: 0, 
            Suppression Events: 0
Time: 787.6, 
            Production Events: 0, 
            Suppression Events: 2
Time: 790.49, 
            Production Events: 1, 
            Suppression Events: 0
Time: 790.49, 
            Production Events: 0, 
            Suppression Events: 0
Time: 790.49, 
            Production Events: 0, 
            Suppression Events: 0
Time: 791.41, 
            Production Events: 0, 
            Suppression Events: 1
Time: 793.03, 
            Production Events: 0, 
            Suppression Events: 1
Time: 793.03, 
            Production Events: 0, 
            Suppression Events: 0
Time: 795.55, 
            Production Events: 0, 
            Suppression Events: 1
Time: 795.55, 
            Production Events: 0, 
            Suppression Events: 0
Time: 796.12, 
            Production Events: 0, 
            Suppression Events: 1
Time: 797.48, 
            Production Events: 1, 
            Suppression Events: 2
Time: 800.76, 
            Production Events: 0, 
            Suppression Events: 2
Time: 800.76, 
            Production Events: 0, 
            Suppression Events: 0
Time: 800.76, 
            Production Events: 0, 
            Suppression Events: 0
Time: 802.4, 
            Production Events: 0, 
            Suppression Events: 1
Time: 802.4, 
            Production Events: 0, 
            Suppression Events: 0
Time: 803.64, 
            Production Events: 0, 
            Suppression Events: 2
Time: 804.45, 
            Production Events: 0, 
            Suppression Events: 1
Time: 807.25, 
            Production Events: 0, 
            Suppression Events: 2
Time: 807.25, 
            Production Events: 0, 
            Suppression Events: 0
Time: 807.25, 
            Production Events: 0, 
            Suppression Events: 0
Time: 809.97, 
            Production Events: 0, 
            Suppression Events: 1
Time: 809.97, 
            Production Events: 0, 
            Suppression Events: 0
Time: 810.75, 
            Production Events: 0, 
            Suppression Events: 1
Time: 812.59, 
            Production Events: 0, 
            Suppression Events: 1
Time: 812.59, 
            Production Events: 0, 
            Suppression Events: 0
Time: 814.18, 
            Production Events: 0, 
            Suppression Events: 1
Time: 814.18, 
            Production Events: 0, 
            Suppression Events: 0
Time: 815.44, 
            Production Events: 0, 
            Suppression Events: 1
Time: 816.12, 
            Production Events: 0, 
            Suppression Events: 2
Time: 817.96, 
            Production Events: 0, 
            Suppression Events: 1
Time: 818.18, 
            Production Events: 0, 
            Suppression Events: 1
Time: 819.14, 
            Production Events: 0, 
            Suppression Events: 2
Time: 820.28, 
            Production Events: 0, 
            Suppression Events: 1
Time: 821.93, 
            Production Events: 2, 
            Suppression Events: 2
Time: 822.1, 
            Production Events: 0, 
            Suppression Events: 1
Time: 825.16, 
            Production Events: 0, 
            Suppression Events: 1
Time: 825.16, 
            Production Events: 0, 
            Suppression Events: 0
Time: 825.16, 
            Production Events: 0, 
            Suppression Events: 0
Time: 830.6, 
            Production Events: 0, 
            Suppression Events: 2
Time: 830.6, 
            Production Events: 0, 
            Suppression Events: 0
Time: 830.6, 
            Production Events: 0, 
            Suppression Events: 0
Time: 830.6, 
            Production Events: 0, 
            Suppression Events: 0
Time: 830.6, 
            Production Events: 0, 
            Suppression Events: 0
Time: 831.86, 
            Production Events: 0, 
            Suppression Events: 2
Time: 832.08, 
            Production Events: 0, 
            Suppression Events: 1
Time: 833.59, 
            Production Events: 1, 
            Suppression Events: 1
Time: 834.94, 
            Production Events: 0, 
            Suppression Events: 1
Time: 836.27, 
            Production Events: 0, 
            Suppression Events: 1
Time: 836.27, 
            Production Events: 0, 
            Suppression Events: 0
Time: 838.03, 
            Production Events: 0, 
            Suppression Events: 3
Time: 838.03, 
            Production Events: 0, 
            Suppression Events: 0
Time: 840.01, 
            Production Events: 0, 
            Suppression Events: 1
Time: 840.01, 
            Production Events: 0, 
            Suppression Events: 0
Time: 842.09, 
            Production Events: 0, 
            Suppression Events: 1
Time: 842.09, 
            Production Events: 0, 
            Suppression Events: 0
Time: 843.27, 
            Production Events: 0, 
            Suppression Events: 3
Time: 845.22, 
            Production Events: 1, 
            Suppression Events: 1
Time: 845.22, 
            Production Events: 0, 
            Suppression Events: 0
Time: 846.92, 
            Production Events: 0, 
            Suppression Events: 3
Time: 847.38, 
            Production Events: 0, 
            Suppression Events: 1
Time: 851.08, 
            Production Events: 0, 
            Suppression Events: 1
Time: 851.08, 
            Production Events: 0, 
            Suppression Events: 0
Time: 851.08, 
            Production Events: 0, 
            Suppression Events: 0
Time: 851.08, 
            Production Events: 0, 
            Suppression Events: 0
Time: 852.07, 
            Production Events: 0, 
            Suppression Events: 3
Time: 854.55, 
            Production Events: 1, 
            Suppression Events: 0
Time: 854.55, 
            Production Events: 0, 
            Suppression Events: 0
Time: 856.67, 
            Production Events: 0, 
            Suppression Events: 2
Time: 856.67, 
            Production Events: 0, 
            Suppression Events: 0
Time: 857.31, 
            Production Events: 0, 
            Suppression Events: 1
Time: 858.34, 
            Production Events: 0, 
            Suppression Events: 2
Time: 860.94, 
            Production Events: 0, 
            Suppression Events: 3
Time: 860.94, 
            Production Events: 0, 
            Suppression Events: 0
Time: 862.01, 
            Production Events: 0, 
            Suppression Events: 1
Time: 862.01, 
            Production Events: 0, 
            Suppression Events: 0
Time: 863.16, 
            Production Events: 0, 
            Suppression Events: 2
Time: 864.08, 
            Production Events: 1, 
            Suppression Events: 1
Time: 866.16, 
            Production Events: 0, 
            Suppression Events: 1
Time: 866.16, 
            Production Events: 0, 
            Suppression Events: 0
Time: 869.13, 
            Production Events: 0, 
            Suppression Events: 4
Time: 869.13, 
            Production Events: 0, 
            Suppression Events: 0
Time: 869.13, 
            Production Events: 0, 
            Suppression Events: 0
Time: 870.32, 
            Production Events: 0, 
            Suppression Events: 3
Time: 871.4, 
            Production Events: 0, 
            Suppression Events: 3
Time: 872.08, 
            Production Events: 0, 
            Suppression Events: 3
Time: 873.96, 
            Production Events: 0, 
            Suppression Events: 1
Time: 875.3, 
            Production Events: 0, 
            Suppression Events: 1
Time: 875.3, 
            Production Events: 0, 
            Suppression Events: 0
Time: 879.27, 
            Production Events: 0, 
            Suppression Events: 1
Time: 879.27, 
            Production Events: 0, 
            Suppression Events: 0
Time: 879.27, 
            Production Events: 0, 
            Suppression Events: 0
Time: 879.27, 
            Production Events: 0, 
            Suppression Events: 0
Time: 880.46, 
            Production Events: 0, 
            Suppression Events: 1
Time: 881.12, 
            Production Events: 0, 
            Suppression Events: 1
Time: 882.47, 
            Production Events: 0, 
            Suppression Events: 1
Time: 886.07, 
            Production Events: 0, 
            Suppression Events: 1
Time: 886.07, 
            Production Events: 0, 
            Suppression Events: 0
Time: 886.07, 
            Production Events: 0, 
            Suppression Events: 0
Time: 886.07, 
            Production Events: 0, 
            Suppression Events: 0
Time: 887.42, 
            Production Events: 0, 
            Suppression Events: 2
Time: 890.09, 
            Production Events: 0, 
            Suppression Events: 2
Time: 890.09, 
            Production Events: 0, 
            Suppression Events: 0
Time: 890.09, 
            Production Events: 0, 
            Suppression Events: 0
Time: 893.53, 
            Production Events: 1, 
            Suppression Events: 1
Time: 893.53, 
            Production Events: 0, 
            Suppression Events: 0
Time: 893.53, 
            Production Events: 0, 
            Suppression Events: 0
Time: 898.26, 
            Production Events: 0, 
            Suppression Events: 1
Time: 898.26, 
            Production Events: 0, 
            Suppression Events: 0
Time: 898.26, 
            Production Events: 0, 
            Suppression Events: 0
Time: 898.26, 
            Production Events: 0, 
            Suppression Events: 0
Time: 898.26, 
            Production Events: 0, 
            Suppression Events: 0
Time: 899.79, 
            Production Events: 0, 
            Suppression Events: 1
Time: 900.03, 
            Production Events: 0, 
            Suppression Events: 1
Time: 901.44, 
            Production Events: 1, 
            Suppression Events: 1
Time: 902.14, 
            Production Events: 0, 
            Suppression Events: 3
Time: 903.65, 
            Production Events: 0, 
            Suppression Events: 1
Time: 904.01, 
            Production Events: 0, 
            Suppression Events: 2
Time: 906.59, 
            Production Events: 2, 
            Suppression Events: 2
Time: 906.59, 
            Production Events: 0, 
            Suppression Events: 0
Time: 907.64, 
            Production Events: 0, 
            Suppression Events: 2
Time: 908.65, 
            Production Events: 0, 
            Suppression Events: 1
Time: 909.23, 
            Production Events: 0, 
            Suppression Events: 2
Time: 910.07, 
            Production Events: 0, 
            Suppression Events: 2
Time: 911.35, 
            Production Events: 0, 
            Suppression Events: 2
Time: 912.57, 
            Production Events: 0, 
            Suppression Events: 3
Time: 913.32, 
            Production Events: 0, 
            Suppression Events: 1
Time: 914.34, 
            Production Events: 0, 
            Suppression Events: 1
Time: 915.38, 
            Production Events: 0, 
            Suppression Events: 1
Time: 916.29, 
            Production Events: 0, 
            Suppression Events: 2
Time: 917.56, 
            Production Events: 0, 
            Suppression Events: 2
Time: 918.89, 
            Production Events: 0, 
            Suppression Events: 1
Time: 919.17, 
            Production Events: 0, 
            Suppression Events: 1
Time: 920.09, 
            Production Events: 0, 
            Suppression Events: 1
Time: 921.45, 
            Production Events: 0, 
            Suppression Events: 1
Time: 922.21, 
            Production Events: 0, 
            Suppression Events: 2
Time: 923.17, 
            Production Events: 1, 
            Suppression Events: 2
Time: 924.14, 
            Production Events: 0, 
            Suppression Events: 2
Time: 927.28, 
            Production Events: 0, 
            Suppression Events: 1
Time: 927.28, 
            Production Events: 0, 
            Suppression Events: 0
Time: 927.28, 
            Production Events: 0, 
            Suppression Events: 0
Time: 930.53, 
            Production Events: 0, 
            Suppression Events: 2
Time: 930.53, 
            Production Events: 0, 
            Suppression Events: 0
Time: 930.53, 
            Production Events: 0, 
            Suppression Events: 0
Time: 932.13, 
            Production Events: 0, 
            Suppression Events: 2
Time: 932.13, 
            Production Events: 0, 
            Suppression Events: 0
Time: 934.25, 
            Production Events: 0, 
            Suppression Events: 1
Time: 934.25, 
            Production Events: 0, 
            Suppression Events: 0
Time: 935.38, 
            Production Events: 0, 
            Suppression Events: 2
Time: 937.01, 
            Production Events: 0, 
            Suppression Events: 2
Time: 937.01, 
            Production Events: 0, 
            Suppression Events: 0
Time: 938.48, 
            Production Events: 0, 
            Suppression Events: 2
Time: 939.07, 
            Production Events: 0, 
            Suppression Events: 2
Time: 941.85, 
            Production Events: 0, 
            Suppression Events: 1
Time: 941.85, 
            Production Events: 0, 
            Suppression Events: 0
Time: 942.78, 
            Production Events: 0, 
            Suppression Events: 2
Time: 945.79, 
            Production Events: 0, 
            Suppression Events: 1
Time: 945.79, 
            Production Events: 0, 
            Suppression Events: 0
Time: 945.79, 
            Production Events: 0, 
            Suppression Events: 0
Time: 946.16, 
            Production Events: 0, 
            Suppression Events: 1
Time: 947.36, 
            Production Events: 0, 
            Suppression Events: 2
Time: 948.38, 
            Production Events: 0, 
            Suppression Events: 1
Time: 949.52, 
            Production Events: 0, 
            Suppression Events: 1
Time: 951.62, 
            Production Events: 1, 
            Suppression Events: 0
Time: 951.62, 
            Production Events: 0, 
            Suppression Events: 0
Time: 956.86, 
            Production Events: 0, 
            Suppression Events: 2
Time: 956.86, 
            Production Events: 0, 
            Suppression Events: 0
Time: 956.86, 
            Production Events: 0, 
            Suppression Events: 0
Time: 956.86, 
            Production Events: 0, 
            Suppression Events: 0
Time: 956.86, 
            Production Events: 0, 
            Suppression Events: 0
Time: 958.89, 
            Production Events: 0, 
            Suppression Events: 1
Time: 958.89, 
            Production Events: 0, 
            Suppression Events: 0
Time: 961.15, 
            Production Events: 0, 
            Suppression Events: 1
Time: 961.15, 
            Production Events: 0, 
            Suppression Events: 0
Time: 961.15, 
            Production Events: 0, 
            Suppression Events: 0
Time: 962.08, 
            Production Events: 0, 
            Suppression Events: 1
Time: 963.98, 
            Production Events: 0, 
            Suppression Events: 2
Time: 964.06, 
            Production Events: 0, 
            Suppression Events: 1
Time: 966.34, 
            Production Events: 0, 
            Suppression Events: 2
Time: 966.34, 
            Production Events: 0, 
            Suppression Events: 0
Time: 967.18, 
            Production Events: 0, 
            Suppression Events: 3
Time: 968.41, 
            Production Events: 0, 
            Suppression Events: 1
Time: 969.9, 
            Production Events: 0, 
            Suppression Events: 1
Time: 973.24, 
            Production Events: 1, 
            Suppression Events: 0
Time: 973.24, 
            Production Events: 0, 
            Suppression Events: 0
Time: 973.24, 
            Production Events: 0, 
            Suppression Events: 0
Time: 973.24, 
            Production Events: 0, 
            Suppression Events: 0
Time: 979.45, 
            Production Events: 0, 
            Suppression Events: 1
Time: 979.45, 
            Production Events: 0, 
            Suppression Events: 0
Time: 979.45, 
            Production Events: 0, 
            Suppression Events: 0
Time: 979.45, 
            Production Events: 0, 
            Suppression Events: 0
Time: 979.45, 
            Production Events: 0, 
            Suppression Events: 0
Time: 979.45, 
            Production Events: 0, 
            Suppression Events: 0
Time: 982.22, 
            Production Events: 0, 
            Suppression Events: 2
Time: 982.22, 
            Production Events: 0, 
            Suppression Events: 0
Time: 982.22, 
            Production Events: 0, 
            Suppression Events: 0
Time: 983.34, 
            Production Events: 0, 
            Suppression Events: 1
Time: 985.83, 
            Production Events: 0, 
            Suppression Events: 2
Time: 985.83, 
            Production Events: 0, 
            Suppression Events: 0
Time: 986.94, 
            Production Events: 0, 
            Suppression Events: 1
Time: 988.0, 
            Production Events: 0, 
            Suppression Events: 1
Time: 988.59, 
            Production Events: 0, 
            Suppression Events: 1
Time: 989.63, 
            Production Events: 0, 
            Suppression Events: 2
Time: 990.13, 
            Production Events: 0, 
            Suppression Events: 2
Time: 991.33, 
            Production Events: 0, 
            Suppression Events: 2
Time: 993.62, 
            Production Events: 0, 
            Suppression Events: 2
Time: 993.62, 
            Production Events: 0, 
            Suppression Events: 0
Time: 996.02, 
            Production Events: 0, 
            Suppression Events: 1
Time: 996.02, 
            Production Events: 0, 
            Suppression Events: 0
Time: 996.02, 
            Production Events: 0, 
            Suppression Events: 0
Time: 997.53, 
            Production Events: 0, 
            Suppression Events: 1
Time: 998.94, 
            Production Events: 0, 
            Suppression Events: 1
Time: 999.31, 
            Production Events: 0, 
            Suppression Events: 1
Time: 1000.08, 
            Production Events: 0, 
            Suppression Events: 1
Simulation completed:
  Final time: 1000.0752330963014
  Total events: 1044
  Wall time: 11534.63 seconds

Saving simulation results with clean separation...
Task evolution saved to: 5t5b/5t5b_mfcsb/data/param_38_rep_1_2025-11-21_153251/states.csv
Events saved to: 5t5b/5t5b_mfcsb/data/param_38_rep_1_2025-11-21_153251/events.csv
Saving event log (raw and DataFrame)...
log DataFrame size: (1049, 9)
short view:
59 DataFrame
 Row  time     bee1_id  bee2_id  task_id  task_1   task_2   task_3     task_4 
      Float64  Int64    Int64    Int64    Float64  Float64  Float64    Float6 

   1      0.0        1        0        0   0.0992   0.1062  0.168447    0.101 
   2      0.0        2        0        0   0.072    0.0956  0.101683    0.039
   3      0.0        3        0        0   0.1218   0.099   0.0613092   0.087
   4      0.0        4        0        0   0.0711   0.1033  0.0964582   0.147
   5      0.0        5        0        0   0.1055   0.0768  0.180163    0.080 
                                                               2 columns omittedEvent log saved to: 5t5b/5t5b_mfcsb/data/param_38_rep_1_2025-11-21_153251/event_log.json
Event log DataFrame saved to: 5t5b/5t5b_mfcsb/data/param_38_rep_1_2025-11-21_153251/event_log.csv
Metadata and configuration saved to: 5t5b/5t5b_mfcsb/data/param_38_rep_1_2025-11-21_153251/config.json
Task index mapping saved to: 5t5b/5t5b_mfcsb/data/param_38_rep_1_2025-11-21_153251/task_index_mapping.json
All results saved to directory: 5t5b/5t5b_mfcsb/data/param_38_rep_1_2025-11-21_153251
Simulation completed successfully!
Job finished at: Fri Nov 21 06:45:47 PM CET 2025
