Job array started at: Fri Nov 21 06:32:48 PM CET 2025
Job ID: 10862114
Array Job ID: 10860410
Array Task ID: 153
Node: th-ws-7010m55
Loading Julia module...
Module loaded: /software/opt/el_9/x86_64/julia/1.11.3/bin/julia
Changing to project directory...
Current directory: /scratch/n/N.Pfaffenzeller/nikolas_nethive/nethive_multiverse
Running parameter combination 153, replicate 1
Starting Julia simulation...
Running simulation with the following configuration:
  dataset_names: [:mnist, :cifar10, :svhn2, :fashion_mnist, :bank]
  param_id: 153
  n_bees: 5
  batch_size: 32
  replicate_id: 1
  punish_rate: 0.1
  punishment: time_out
  lambda_sensitivity: 10
  save_nn_epochs: 0
  production_rate: 1
  interaction_rate: 50
  batches_per_step: 100
  learning_rate: 0.0001
  max_output_dim: 10
  n_steps_per_epoch: 1
  dead_time: 10
  max_input_dim: 3072
  n_epochs: 1000
  seed: 1130158042

Starting simulation with configuration:
  dataset_names: [:mnist, :cifar10, :svhn2, :fashion_mnist, :bank]
  param_id: 153
  n_bees: 5
  batch_size: 32
  replicate_id: 1
  punish_rate: 0.1
  punishment: time_out
  lambda_sensitivity: 10
  save_nn_epochs: 0
  production_rate: 1
  interaction_rate: 50
  batches_per_step: 100
  run_timestamp: 2025-11-21T18:33:19.841
  learning_rate: 0.0001
  max_output_dim: 10
  n_steps_per_epoch: 1
  dead_time: 10
  max_input_dim: 3072
  n_epochs: 1000
  seed: 1130158042
Random seed: 1130158042

Starting simulation...
Time: 1.72, 
            Production Events: 0, 
            Suppression Events: 1
Time: 2.94, 
            Production Events: 1, 
            Suppression Events: 1
Time: 6.71, 
            Production Events: 1, 
            Suppression Events: 0
Time: 6.71, 
            Production Events: 0, 
            Suppression Events: 0
Time: 6.71, 
            Production Events: 0, 
            Suppression Events: 0
Time: 6.71, 
            Production Events: 0, 
            Suppression Events: 0
Time: 10.26, 
            Production Events: 1, 
            Suppression Events: 2
Time: 10.26, 
            Production Events: 0, 
            Suppression Events: 0
Time: 10.26, 
            Production Events: 0, 
            Suppression Events: 0
Time: 10.26, 
            Production Events: 0, 
            Suppression Events: 0
Time: 11.49, 
            Production Events: 0, 
            Suppression Events: 1
Time: 12.82, 
            Production Events: 0, 
            Suppression Events: 1
Time: 14.87, 
            Production Events: 0, 
            Suppression Events: 1
Time: 14.87, 
            Production Events: 0, 
            Suppression Events: 0
Time: 16.75, 
            Production Events: 1, 
            Suppression Events: 1
Time: 16.75, 
            Production Events: 0, 
            Suppression Events: 0
Time: 18.84, 
            Production Events: 1, 
            Suppression Events: 0
Time: 18.84, 
            Production Events: 0, 
            Suppression Events: 0
Time: 19.04, 
            Production Events: 0, 
            Suppression Events: 1
Time: 20.98, 
            Production Events: 1, 
            Suppression Events: 1
Time: 24.41, 
            Production Events: 1, 
            Suppression Events: 0
Time: 24.41, 
            Production Events: 0, 
            Suppression Events: 0
Time: 24.41, 
            Production Events: 0, 
            Suppression Events: 0
Time: 24.41, 
            Production Events: 0, 
            Suppression Events: 0
Time: 26.21, 
            Production Events: 0, 
            Suppression Events: 2
Time: 26.21, 
            Production Events: 0, 
            Suppression Events: 0
Time: 27.08, 
            Production Events: 0, 
            Suppression Events: 2
Time: 30.35, 
            Production Events: 2, 
            Suppression Events: 2
Time: 30.35, 
            Production Events: 0, 
            Suppression Events: 0
Time: 30.35, 
            Production Events: 0, 
            Suppression Events: 0
Time: 31.83, 
            Production Events: 0, 
            Suppression Events: 2
Time: 32.7, 
            Production Events: 0, 
            Suppression Events: 1
Time: 33.72, 
            Production Events: 0, 
            Suppression Events: 1
Time: 34.92, 
            Production Events: 0, 
            Suppression Events: 1
Time: 35.12, 
            Production Events: 0, 
            Suppression Events: 1
Time: 36.53, 
            Production Events: 0, 
            Suppression Events: 2
Time: 39.55, 
            Production Events: 0, 
            Suppression Events: 1
Time: 39.55, 
            Production Events: 0, 
            Suppression Events: 0
Time: 39.55, 
            Production Events: 0, 
            Suppression Events: 0
Time: 40.05, 
            Production Events: 0, 
            Suppression Events: 2
Time: 41.4, 
            Production Events: 0, 
            Suppression Events: 5
Time: 45.76, 
            Production Events: 0, 
            Suppression Events: 1
Time: 45.76, 
            Production Events: 0, 
            Suppression Events: 0
Time: 45.76, 
            Production Events: 0, 
            Suppression Events: 0
Time: 45.76, 
            Production Events: 0, 
            Suppression Events: 0
Time: 46.5, 
            Production Events: 1, 
            Suppression Events: 0
Time: 47.48, 
            Production Events: 1, 
            Suppression Events: 1
Time: 48.27, 
            Production Events: 0, 
            Suppression Events: 2
Time: 51.06, 
            Production Events: 0, 
            Suppression Events: 1
Time: 51.06, 
            Production Events: 0, 
            Suppression Events: 0
Time: 51.06, 
            Production Events: 0, 
            Suppression Events: 0
Time: 52.88, 
            Production Events: 1, 
            Suppression Events: 1
Time: 53.01, 
            Production Events: 1, 
            Suppression Events: 0
Time: 54.22, 
            Production Events: 0, 
            Suppression Events: 1
Time: 55.07, 
            Production Events: 0, 
            Suppression Events: 3
Time: 56.03, 
            Production Events: 0, 
            Suppression Events: 1
Time: 60.19, 
            Production Events: 1, 
            Suppression Events: 2
Time: 60.19, 
            Production Events: 0, 
            Suppression Events: 0
Time: 60.19, 
            Production Events: 0, 
            Suppression Events: 0
Time: 60.19, 
            Production Events: 0, 
            Suppression Events: 0
Time: 61.85, 
            Production Events: 0, 
            Suppression Events: 2
Time: 62.19, 
            Production Events: 0, 
            Suppression Events: 1
Time: 63.68, 
            Production Events: 0, 
            Suppression Events: 3
Time: 64.07, 
            Production Events: 0, 
            Suppression Events: 2
Time: 65.06, 
            Production Events: 2, 
            Suppression Events: 0
Time: 66.19, 
            Production Events: 0, 
            Suppression Events: 2
Time: 70.25, 
            Production Events: 0, 
            Suppression Events: 2
Time: 70.25, 
            Production Events: 0, 
            Suppression Events: 0
Time: 70.25, 
            Production Events: 0, 
            Suppression Events: 0
Time: 70.25, 
            Production Events: 0, 
            Suppression Events: 0
Time: 71.23, 
            Production Events: 0, 
            Suppression Events: 1
Time: 72.07, 
            Production Events: 0, 
            Suppression Events: 2
Time: 73.75, 
            Production Events: 0, 
            Suppression Events: 1
Time: 75.82, 
            Production Events: 0, 
            Suppression Events: 2
Time: 75.82, 
            Production Events: 0, 
            Suppression Events: 0
Time: 78.57, 
            Production Events: 0, 
            Suppression Events: 2
Time: 78.57, 
            Production Events: 0, 
            Suppression Events: 0
Time: 78.57, 
            Production Events: 0, 
            Suppression Events: 0
Time: 81.01, 
            Production Events: 0, 
            Suppression Events: 1
Time: 81.01, 
            Production Events: 0, 
            Suppression Events: 0
Time: 81.01, 
            Production Events: 0, 
            Suppression Events: 0
Time: 82.01, 
            Production Events: 0, 
            Suppression Events: 2
Time: 84.98, 
            Production Events: 0, 
            Suppression Events: 2
Time: 84.98, 
            Production Events: 0, 
            Suppression Events: 0
Time: 85.87, 
            Production Events: 0, 
            Suppression Events: 1
Time: 86.61, 
            Production Events: 0, 
            Suppression Events: 1
Time: 90.01, 
            Production Events: 2, 
            Suppression Events: 0
Time: 90.01, 
            Production Events: 0, 
            Suppression Events: 0
Time: 90.01, 
            Production Events: 0, 
            Suppression Events: 0
Time: 90.01, 
            Production Events: 0, 
            Suppression Events: 0
Time: 94.71, 
            Production Events: 0, 
            Suppression Events: 2
Time: 94.71, 
            Production Events: 0, 
            Suppression Events: 0
Time: 94.71, 
            Production Events: 0, 
            Suppression Events: 0
Time: 94.71, 
            Production Events: 0, 
            Suppression Events: 0
Time: 95.36, 
            Production Events: 0, 
            Suppression Events: 1
Time: 97.14, 
            Production Events: 0, 
            Suppression Events: 1
Time: 97.14, 
            Production Events: 0, 
            Suppression Events: 0
Time: 98.36, 
            Production Events: 0, 
            Suppression Events: 1
Time: 99.67, 
            Production Events: 0, 
            Suppression Events: 2
Time: 100.85, 
            Production Events: 0, 
            Suppression Events: 1
Time: 101.54, 
            Production Events: 0, 
            Suppression Events: 1
Time: 102.29, 
            Production Events: 0, 
            Suppression Events: 1
Time: 104.66, 
            Production Events: 0, 
            Suppression Events: 1
Time: 104.66, 
            Production Events: 0, 
            Suppression Events: 0
Time: 105.93, 
            Production Events: 0, 
            Suppression Events: 3
Time: 106.93, 
            Production Events: 1, 
            Suppression Events: 0
Time: 107.22, 
            Production Events: 0, 
            Suppression Events: 1
Time: 109.59, 
            Production Events: 0, 
            Suppression Events: 1
Time: 109.59, 
            Production Events: 0, 
            Suppression Events: 0
Time: 110.16, 
            Production Events: 0, 
            Suppression Events: 1
Time: 111.15, 
            Production Events: 0, 
            Suppression Events: 1
Time: 112.68, 
            Production Events: 0, 
            Suppression Events: 1
Time: 114.87, 
            Production Events: 0, 
            Suppression Events: 1
Time: 114.87, 
            Production Events: 0, 
            Suppression Events: 0
Time: 115.21, 
            Production Events: 0, 
            Suppression Events: 1
Time: 117.68, 
            Production Events: 0, 
            Suppression Events: 2
Time: 117.68, 
            Production Events: 0, 
            Suppression Events: 0
Time: 118.04, 
            Production Events: 1, 
            Suppression Events: 0
Time: 119.88, 
            Production Events: 0, 
            Suppression Events: 1
Time: 122.14, 
            Production Events: 0, 
            Suppression Events: 1
Time: 122.14, 
            Production Events: 0, 
            Suppression Events: 0
Time: 122.14, 
            Production Events: 0, 
            Suppression Events: 0
Time: 125.16, 
            Production Events: 0, 
            Suppression Events: 1
Time: 125.16, 
            Production Events: 0, 
            Suppression Events: 0
Time: 125.16, 
            Production Events: 0, 
            Suppression Events: 0
Time: 128.09, 
            Production Events: 0, 
            Suppression Events: 1
Time: 128.09, 
            Production Events: 0, 
            Suppression Events: 0
Time: 128.09, 
            Production Events: 0, 
            Suppression Events: 0
Time: 129.13, 
            Production Events: 1, 
            Suppression Events: 1
Time: 130.53, 
            Production Events: 0, 
            Suppression Events: 2
Time: 131.67, 
            Production Events: 1, 
            Suppression Events: 3
Time: 132.23, 
            Production Events: 0, 
            Suppression Events: 1
Time: 133.15, 
            Production Events: 1, 
            Suppression Events: 1
Time: 136.35, 
            Production Events: 1, 
            Suppression Events: 1
Time: 136.35, 
            Production Events: 0, 
            Suppression Events: 0
Time: 136.35, 
            Production Events: 0, 
            Suppression Events: 0
Time: 138.49, 
            Production Events: 0, 
            Suppression Events: 1
Time: 138.49, 
            Production Events: 0, 
            Suppression Events: 0
Time: 139.79, 
            Production Events: 0, 
            Suppression Events: 1
Time: 140.16, 
            Production Events: 0, 
            Suppression Events: 1
Time: 141.49, 
            Production Events: 0, 
            Suppression Events: 4
Time: 147.09, 
            Production Events: 0, 
            Suppression Events: 1
Time: 147.09, 
            Production Events: 0, 
            Suppression Events: 0
Time: 147.09, 
            Production Events: 0, 
            Suppression Events: 0
Time: 147.09, 
            Production Events: 0, 
            Suppression Events: 0
Time: 147.09, 
            Production Events: 0, 
            Suppression Events: 0
Time: 147.09, 
            Production Events: 0, 
            Suppression Events: 0
Time: 152.48, 
            Production Events: 0, 
            Suppression Events: 1
Time: 152.48, 
            Production Events: 0, 
            Suppression Events: 0
Time: 152.48, 
            Production Events: 0, 
            Suppression Events: 0
Time: 152.48, 
            Production Events: 0, 
            Suppression Events: 0
Time: 152.48, 
            Production Events: 0, 
            Suppression Events: 0
Time: 153.96, 
            Production Events: 0, 
            Suppression Events: 1
Time: 155.62, 
            Production Events: 0, 
            Suppression Events: 1
Time: 155.62, 
            Production Events: 0, 
            Suppression Events: 0
Time: 159.28, 
            Production Events: 0, 
            Suppression Events: 1
Time: 159.28, 
            Production Events: 0, 
            Suppression Events: 0
Time: 159.28, 
            Production Events: 0, 
            Suppression Events: 0
Time: 159.28, 
            Production Events: 0, 
            Suppression Events: 0
Time: 160.41, 
            Production Events: 0, 
            Suppression Events: 1
Time: 161.7, 
            Production Events: 0, 
            Suppression Events: 4
Time: 162.79, 
            Production Events: 0, 
            Suppression Events: 1
Time: 164.2, 
            Production Events: 0, 
            Suppression Events: 2
Time: 164.2, 
            Production Events: 0, 
            Suppression Events: 0
Time: 166.38, 
            Production Events: 0, 
            Suppression Events: 2
Time: 166.38, 
            Production Events: 0, 
            Suppression Events: 0
Time: 167.07, 
            Production Events: 1, 
            Suppression Events: 1
Time: 168.51, 
            Production Events: 1, 
            Suppression Events: 1
Time: 170.48, 
            Production Events: 1, 
            Suppression Events: 1
Time: 170.48, 
            Production Events: 0, 
            Suppression Events: 0
Time: 171.41, 
            Production Events: 1, 
            Suppression Events: 3
Time: 173.08, 
            Production Events: 0, 
            Suppression Events: 1
Time: 173.08, 
            Production Events: 0, 
            Suppression Events: 0
Time: 177.76, 
            Production Events: 1, 
            Suppression Events: 0
Time: 177.76, 
            Production Events: 0, 
            Suppression Events: 0
Time: 177.76, 
            Production Events: 0, 
            Suppression Events: 0
Time: 177.76, 
            Production Events: 0, 
            Suppression Events: 0
Time: 178.69, 
            Production Events: 0, 
            Suppression Events: 1
Time: 180.2, 
            Production Events: 0, 
            Suppression Events: 1
Time: 180.2, 
            Production Events: 0, 
            Suppression Events: 0
Time: 183.73, 
            Production Events: 1, 
            Suppression Events: 2
Time: 183.73, 
            Production Events: 0, 
            Suppression Events: 0
Time: 183.73, 
            Production Events: 0, 
            Suppression Events: 0
Time: 186.32, 
            Production Events: 0, 
            Suppression Events: 1
Time: 186.32, 
            Production Events: 0, 
            Suppression Events: 0
Time: 186.32, 
            Production Events: 0, 
            Suppression Events: 0
Time: 187.78, 
            Production Events: 0, 
            Suppression Events: 2
Time: 188.01, 
            Production Events: 0, 
            Suppression Events: 1
Time: 192.12, 
            Production Events: 0, 
            Suppression Events: 4
Time: 192.12, 
            Production Events: 0, 
            Suppression Events: 0
Time: 192.12, 
            Production Events: 0, 
            Suppression Events: 0
Time: 192.12, 
            Production Events: 0, 
            Suppression Events: 0
Time: 194.81, 
            Production Events: 0, 
            Suppression Events: 2
Time: 194.81, 
            Production Events: 0, 
            Suppression Events: 0
Time: 195.56, 
            Production Events: 0, 
            Suppression Events: 1
Time: 196.02, 
            Production Events: 0, 
            Suppression Events: 3
Time: 197.11, 
            Production Events: 0, 
            Suppression Events: 2
Time: 198.78, 
            Production Events: 0, 
            Suppression Events: 1
Time: 199.27, 
            Production Events: 0, 
            Suppression Events: 1
Time: 200.39, 
            Production Events: 0, 
            Suppression Events: 1
Time: 201.09, 
            Production Events: 0, 
            Suppression Events: 1
Time: 202.77, 
            Production Events: 0, 
            Suppression Events: 1
Time: 203.96, 
            Production Events: 0, 
            Suppression Events: 1
Time: 204.65, 
            Production Events: 1, 
            Suppression Events: 0
Time: 205.08, 
            Production Events: 0, 
            Suppression Events: 1
Time: 207.41, 
            Production Events: 0, 
            Suppression Events: 1
Time: 207.41, 
            Production Events: 0, 
            Suppression Events: 0
Time: 208.04, 
            Production Events: 2, 
            Suppression Events: 1
Time: 211.07, 
            Production Events: 0, 
            Suppression Events: 2
Time: 211.07, 
            Production Events: 0, 
            Suppression Events: 0
Time: 211.07, 
            Production Events: 0, 
            Suppression Events: 0
Time: 213.05, 
            Production Events: 0, 
            Suppression Events: 1
Time: 213.05, 
            Production Events: 0, 
            Suppression Events: 0
Time: 214.81, 
            Production Events: 0, 
            Suppression Events: 1
Time: 216.6, 
            Production Events: 0, 
            Suppression Events: 1
Time: 216.6, 
            Production Events: 0, 
            Suppression Events: 0
Time: 217.38, 
            Production Events: 0, 
            Suppression Events: 1
Time: 218.85, 
            Production Events: 0, 
            Suppression Events: 1
Time: 219.93, 
            Production Events: 0, 
            Suppression Events: 2
Time: 220.99, 
            Production Events: 0, 
            Suppression Events: 1
Time: 225.77, 
            Production Events: 0, 
            Suppression Events: 1
Time: 225.77, 
            Production Events: 0, 
            Suppression Events: 0
Time: 225.77, 
            Production Events: 0, 
            Suppression Events: 0
Time: 225.77, 
            Production Events: 0, 
            Suppression Events: 0
Time: 225.77, 
            Production Events: 0, 
            Suppression Events: 0
Time: 226.43, 
            Production Events: 0, 
            Suppression Events: 1
Time: 227.18, 
            Production Events: 0, 
            Suppression Events: 1
Time: 228.37, 
            Production Events: 0, 
            Suppression Events: 3
Time: 231.41, 
            Production Events: 0, 
            Suppression Events: 1
Time: 231.41, 
            Production Events: 0, 
            Suppression Events: 0
Time: 231.41, 
            Production Events: 0, 
            Suppression Events: 0
Time: 234.85, 
            Production Events: 0, 
            Suppression Events: 1
Time: 234.85, 
            Production Events: 0, 
            Suppression Events: 0
Time: 234.85, 
            Production Events: 0, 
            Suppression Events: 0
Time: 236.77, 
            Production Events: 0, 
            Suppression Events: 1
Time: 236.77, 
            Production Events: 0, 
            Suppression Events: 0
Time: 237.81, 
            Production Events: 0, 
            Suppression Events: 2
Time: 238.82, 
            Production Events: 0, 
            Suppression Events: 1
Time: 239.21, 
            Production Events: 0, 
            Suppression Events: 1
Time: 241.31, 
            Production Events: 0, 
            Suppression Events: 2
Time: 241.31, 
            Production Events: 0, 
            Suppression Events: 0
Time: 243.1, 
            Production Events: 0, 
            Suppression Events: 2
Time: 243.1, 
            Production Events: 0, 
            Suppression Events: 0
Time: 244.11, 
            Production Events: 0, 
            Suppression Events: 1
Time: 246.23, 
            Production Events: 0, 
            Suppression Events: 3
Time: 246.23, 
            Production Events: 0, 
            Suppression Events: 0
Time: 248.06, 
            Production Events: 0, 
            Suppression Events: 2
Time: 248.06, 
            Production Events: 0, 
            Suppression Events: 0
Time: 249.91, 
            Production Events: 0, 
            Suppression Events: 3
Time: 251.61, 
            Production Events: 0, 
            Suppression Events: 1
Time: 251.61, 
            Production Events: 0, 
            Suppression Events: 0
Time: 256.45, 
            Production Events: 0, 
            Suppression Events: 2
Time: 256.45, 
            Production Events: 0, 
            Suppression Events: 0
Time: 256.45, 
            Production Events: 0, 
            Suppression Events: 0
Time: 256.45, 
            Production Events: 0, 
            Suppression Events: 0
Time: 256.45, 
            Production Events: 0, 
            Suppression Events: 0
Time: 259.3, 
            Production Events: 0, 
            Suppression Events: 2
Time: 259.3, 
            Production Events: 0, 
            Suppression Events: 0
Time: 259.3, 
            Production Events: 0, 
            Suppression Events: 0
Time: 260.59, 
            Production Events: 0, 
            Suppression Events: 1
Time: 263.1, 
            Production Events: 0, 
            Suppression Events: 1
Time: 263.1, 
            Production Events: 0, 
            Suppression Events: 0
Time: 263.1, 
            Production Events: 0, 
            Suppression Events: 0
Time: 264.96, 
            Production Events: 0, 
            Suppression Events: 2
Time: 265.75, 
            Production Events: 0, 
            Suppression Events: 1
Time: 267.82, 
            Production Events: 0, 
            Suppression Events: 1
Time: 267.82, 
            Production Events: 0, 
            Suppression Events: 0
Time: 268.99, 
            Production Events: 0, 
            Suppression Events: 1
Time: 271.11, 
            Production Events: 0, 
            Suppression Events: 1
Time: 271.11, 
            Production Events: 0, 
            Suppression Events: 0
Time: 271.11, 
            Production Events: 0, 
            Suppression Events: 0
Time: 272.02, 
            Production Events: 0, 
            Suppression Events: 3
Time: 273.57, 
            Production Events: 0, 
            Suppression Events: 1
Time: 274.08, 
            Production Events: 0, 
            Suppression Events: 1
Time: 276.46, 
            Production Events: 0, 
            Suppression Events: 2
Time: 276.46, 
            Production Events: 0, 
            Suppression Events: 0
Time: 278.94, 
            Production Events: 1, 
            Suppression Events: 0
Time: 278.94, 
            Production Events: 0, 
            Suppression Events: 0
Time: 280.0, 
            Production Events: 0, 
            Suppression Events: 1
Time: 280.0, 
            Production Events: 0, 
            Suppression Events: 0
Time: 281.15, 
            Production Events: 0, 
            Suppression Events: 1
Time: 282.55, 
            Production Events: 0, 
            Suppression Events: 1
Time: 283.56, 
            Production Events: 0, 
            Suppression Events: 1
Time: 284.16, 
            Production Events: 0, 
            Suppression Events: 2
Time: 290.41, 
            Production Events: 0, 
            Suppression Events: 2
Time: 290.41, 
            Production Events: 0, 
            Suppression Events: 0
Time: 290.41, 
            Production Events: 0, 
            Suppression Events: 0
Time: 290.41, 
            Production Events: 0, 
            Suppression Events: 0
Time: 290.41, 
            Production Events: 0, 
            Suppression Events: 0
Time: 290.41, 
            Production Events: 0, 
            Suppression Events: 0
Time: 292.83, 
            Production Events: 0, 
            Suppression Events: 1
Time: 292.83, 
            Production Events: 0, 
            Suppression Events: 0
Time: 295.43, 
            Production Events: 0, 
            Suppression Events: 1
Time: 295.43, 
            Production Events: 0, 
            Suppression Events: 0
Time: 295.43, 
            Production Events: 0, 
            Suppression Events: 0
Time: 296.51, 
            Production Events: 0, 
            Suppression Events: 3
Time: 297.15, 
            Production Events: 0, 
            Suppression Events: 1
Time: 301.59, 
            Production Events: 0, 
            Suppression Events: 1
Time: 301.59, 
            Production Events: 0, 
            Suppression Events: 0
Time: 301.59, 
            Production Events: 0, 
            Suppression Events: 0
Time: 301.59, 
            Production Events: 0, 
            Suppression Events: 0
Time: 303.71, 
            Production Events: 0, 
            Suppression Events: 1
Time: 303.71, 
            Production Events: 0, 
            Suppression Events: 0
Time: 304.41, 
            Production Events: 0, 
            Suppression Events: 1
Time: 305.09, 
            Production Events: 0, 
            Suppression Events: 2
Time: 306.18, 
            Production Events: 0, 
            Suppression Events: 5
Time: 307.84, 
            Production Events: 0, 
            Suppression Events: 1
Time: 309.21, 
            Production Events: 0, 
            Suppression Events: 1
Time: 309.21, 
            Production Events: 0, 
            Suppression Events: 0
Time: 310.06, 
            Production Events: 0, 
            Suppression Events: 2
Time: 311.44, 
            Production Events: 1, 
            Suppression Events: 0
Time: 312.57, 
            Production Events: 0, 
            Suppression Events: 1
Time: 313.37, 
            Production Events: 1, 
            Suppression Events: 3
Time: 315.45, 
            Production Events: 1, 
            Suppression Events: 0
Time: 315.45, 
            Production Events: 0, 
            Suppression Events: 0
Time: 316.24, 
            Production Events: 0, 
            Suppression Events: 1
Time: 319.41, 
            Production Events: 0, 
            Suppression Events: 5
Time: 319.41, 
            Production Events: 0, 
            Suppression Events: 0
Time: 319.41, 
            Production Events: 0, 
            Suppression Events: 0
Time: 321.39, 
            Production Events: 0, 
            Suppression Events: 1
Time: 321.39, 
            Production Events: 0, 
            Suppression Events: 0
Time: 323.16, 
            Production Events: 1, 
            Suppression Events: 0
Time: 323.16, 
            Production Events: 0, 
            Suppression Events: 0
Time: 324.77, 
            Production Events: 0, 
            Suppression Events: 3
Time: 325.29, 
            Production Events: 0, 
            Suppression Events: 1
Time: 326.14, 
            Production Events: 0, 
            Suppression Events: 1
Time: 327.06, 
            Production Events: 0, 
            Suppression Events: 3
Time: 328.6, 
            Production Events: 0, 
            Suppression Events: 1
Time: 329.14, 
            Production Events: 0, 
            Suppression Events: 3
Time: 330.21, 
            Production Events: 0, 
            Suppression Events: 2
Time: 332.41, 
            Production Events: 0, 
            Suppression Events: 1
Time: 332.41, 
            Production Events: 0, 
            Suppression Events: 0
Time: 333.05, 
            Production Events: 0, 
            Suppression Events: 1
Time: 334.92, 
            Production Events: 0, 
            Suppression Events: 1
Time: 335.19, 
            Production Events: 0, 
            Suppression Events: 1
Time: 336.88, 
            Production Events: 0, 
            Suppression Events: 1
Time: 337.66, 
            Production Events: 0, 
            Suppression Events: 1
Time: 338.79, 
            Production Events: 0, 
            Suppression Events: 1
Time: 339.41, 
            Production Events: 0, 
            Suppression Events: 2
Time: 340.18, 
            Production Events: 2, 
            Suppression Events: 2
Time: 342.66, 
            Production Events: 1, 
            Suppression Events: 1
Time: 342.66, 
            Production Events: 0, 
            Suppression Events: 0
Time: 344.25, 
            Production Events: 0, 
            Suppression Events: 1
Time: 344.25, 
            Production Events: 0, 
            Suppression Events: 0
Time: 345.27, 
            Production Events: 0, 
            Suppression Events: 1
Time: 346.06, 
            Production Events: 1, 
            Suppression Events: 1
Time: 349.54, 
            Production Events: 0, 
            Suppression Events: 3
Time: 349.54, 
            Production Events: 0, 
            Suppression Events: 0
Time: 349.54, 
            Production Events: 0, 
            Suppression Events: 0
Time: 352.61, 
            Production Events: 0, 
            Suppression Events: 1
Time: 352.61, 
            Production Events: 0, 
            Suppression Events: 0
Time: 352.61, 
            Production Events: 0, 
            Suppression Events: 0
Time: 353.17, 
            Production Events: 0, 
            Suppression Events: 3
Time: 354.88, 
            Production Events: 0, 
            Suppression Events: 1
Time: 355.05, 
            Production Events: 0, 
            Suppression Events: 1
Time: 356.19, 
            Production Events: 0, 
            Suppression Events: 1
Time: 357.55, 
            Production Events: 0, 
            Suppression Events: 2
Time: 358.93, 
            Production Events: 0, 
            Suppression Events: 4
Time: 359.23, 
            Production Events: 1, 
            Suppression Events: 0
Time: 362.88, 
            Production Events: 0, 
            Suppression Events: 2
Time: 362.88, 
            Production Events: 0, 
            Suppression Events: 0
Time: 362.88, 
            Production Events: 0, 
            Suppression Events: 0
Time: 363.02, 
            Production Events: 0, 
            Suppression Events: 1
Time: 366.84, 
            Production Events: 0, 
            Suppression Events: 5
Time: 366.84, 
            Production Events: 0, 
            Suppression Events: 0
Time: 366.84, 
            Production Events: 0, 
            Suppression Events: 0
Time: 369.93, 
            Production Events: 1, 
            Suppression Events: 0
Time: 369.93, 
            Production Events: 0, 
            Suppression Events: 0
Time: 369.93, 
            Production Events: 0, 
            Suppression Events: 0
Time: 370.46, 
            Production Events: 0, 
            Suppression Events: 1
Time: 372.52, 
            Production Events: 0, 
            Suppression Events: 2
Time: 372.52, 
            Production Events: 0, 
            Suppression Events: 0
Time: 373.12, 
            Production Events: 0, 
            Suppression Events: 3
Time: 374.14, 
            Production Events: 0, 
            Suppression Events: 2
Time: 375.05, 
            Production Events: 0, 
            Suppression Events: 3
Time: 377.32, 
            Production Events: 0, 
            Suppression Events: 2
Time: 377.32, 
            Production Events: 0, 
            Suppression Events: 0
Time: 379.02, 
            Production Events: 0, 
            Suppression Events: 4
Time: 379.02, 
            Production Events: 0, 
            Suppression Events: 0
Time: 381.46, 
            Production Events: 0, 
            Suppression Events: 1
Time: 381.46, 
            Production Events: 0, 
            Suppression Events: 0
Time: 382.08, 
            Production Events: 1, 
            Suppression Events: 0
Time: 383.14, 
            Production Events: 0, 
            Suppression Events: 2
Time: 384.02, 
            Production Events: 0, 
            Suppression Events: 2
Time: 385.3, 
            Production Events: 0, 
            Suppression Events: 1
Time: 388.85, 
            Production Events: 0, 
            Suppression Events: 1
Time: 388.85, 
            Production Events: 0, 
            Suppression Events: 0
Time: 388.85, 
            Production Events: 0, 
            Suppression Events: 0
Time: 389.66, 
            Production Events: 0, 
            Suppression Events: 1
Time: 393.57, 
            Production Events: 0, 
            Suppression Events: 1
Time: 393.57, 
            Production Events: 0, 
            Suppression Events: 0
Time: 393.57, 
            Production Events: 0, 
            Suppression Events: 0
Time: 393.57, 
            Production Events: 0, 
            Suppression Events: 0
Time: 394.48, 
            Production Events: 0, 
            Suppression Events: 2
Time: 395.56, 
            Production Events: 0, 
            Suppression Events: 2
Time: 397.41, 
            Production Events: 0, 
            Suppression Events: 1
Time: 397.41, 
            Production Events: 0, 
            Suppression Events: 0
Time: 398.59, 
            Production Events: 1, 
            Suppression Events: 1
Time: 402.35, 
            Production Events: 0, 
            Suppression Events: 1
Time: 402.35, 
            Production Events: 0, 
            Suppression Events: 0
Time: 402.35, 
            Production Events: 0, 
            Suppression Events: 0
Time: 402.35, 
            Production Events: 0, 
            Suppression Events: 0
Time: 406.31, 
            Production Events: 1, 
            Suppression Events: 1
Time: 406.31, 
            Production Events: 0, 
            Suppression Events: 0
Time: 406.31, 
            Production Events: 0, 
            Suppression Events: 0
Time: 406.31, 
            Production Events: 0, 
            Suppression Events: 0
Time: 407.02, 
            Production Events: 0, 
            Suppression Events: 1
Time: 410.2, 
            Production Events: 1, 
            Suppression Events: 0
Time: 410.2, 
            Production Events: 0, 
            Suppression Events: 0
Time: 410.2, 
            Production Events: 0, 
            Suppression Events: 0
Time: 412.49, 
            Production Events: 1, 
            Suppression Events: 0
Time: 412.49, 
            Production Events: 0, 
            Suppression Events: 0
Time: 413.43, 
            Production Events: 0, 
            Suppression Events: 1
Time: 414.27, 
            Production Events: 0, 
            Suppression Events: 1
Time: 415.14, 
            Production Events: 0, 
            Suppression Events: 2
Time: 417.75, 
            Production Events: 0, 
            Suppression Events: 3
Time: 417.75, 
            Production Events: 0, 
            Suppression Events: 0
Time: 418.55, 
            Production Events: 0, 
            Suppression Events: 1
Time: 422.08, 
            Production Events: 0, 
            Suppression Events: 1
Time: 422.08, 
            Production Events: 0, 
            Suppression Events: 0
Time: 422.08, 
            Production Events: 0, 
            Suppression Events: 0
Time: 422.08, 
            Production Events: 0, 
            Suppression Events: 0
Time: 424.69, 
            Production Events: 0, 
            Suppression Events: 1
Time: 424.69, 
            Production Events: 0, 
            Suppression Events: 0
Time: 426.78, 
            Production Events: 0, 
            Suppression Events: 1
Time: 426.78, 
            Production Events: 0, 
            Suppression Events: 0
Time: 428.36, 
            Production Events: 0, 
            Suppression Events: 1
Time: 428.36, 
            Production Events: 0, 
            Suppression Events: 0
Time: 429.12, 
            Production Events: 0, 
            Suppression Events: 1
Time: 430.36, 
            Production Events: 0, 
            Suppression Events: 3
Time: 431.2, 
            Production Events: 0, 
            Suppression Events: 1
Time: 432.78, 
            Production Events: 0, 
            Suppression Events: 1
Time: 433.69, 
            Production Events: 0, 
            Suppression Events: 3
Time: 434.0, 
            Production Events: 0, 
            Suppression Events: 1
Time: 435.16, 
            Production Events: 0, 
            Suppression Events: 3
Time: 436.05, 
            Production Events: 0, 
            Suppression Events: 4
Time: 439.39, 
            Production Events: 1, 
            Suppression Events: 3
Time: 439.39, 
            Production Events: 0, 
            Suppression Events: 0
Time: 439.39, 
            Production Events: 0, 
            Suppression Events: 0
Time: 440.8, 
            Production Events: 1, 
            Suppression Events: 1
Time: 441.77, 
            Production Events: 1, 
            Suppression Events: 1
Time: 442.22, 
            Production Events: 0, 
            Suppression Events: 1
Time: 443.17, 
            Production Events: 0, 
            Suppression Events: 2
Time: 444.35, 
            Production Events: 0, 
            Suppression Events: 2
Time: 446.61, 
            Production Events: 0, 
            Suppression Events: 1
Time: 446.61, 
            Production Events: 0, 
            Suppression Events: 0
Time: 447.39, 
            Production Events: 0, 
            Suppression Events: 1
Time: 448.15, 
            Production Events: 0, 
            Suppression Events: 2
Time: 449.74, 
            Production Events: 0, 
            Suppression Events: 2
Time: 452.29, 
            Production Events: 0, 
            Suppression Events: 1
Time: 452.29, 
            Production Events: 0, 
            Suppression Events: 0
Time: 452.29, 
            Production Events: 0, 
            Suppression Events: 0
Time: 453.67, 
            Production Events: 0, 
            Suppression Events: 1
Time: 455.68, 
            Production Events: 1, 
            Suppression Events: 1
Time: 455.68, 
            Production Events: 0, 
            Suppression Events: 0
Time: 456.64, 
            Production Events: 0, 
            Suppression Events: 1
Time: 458.65, 
            Production Events: 0, 
            Suppression Events: 3
Time: 458.65, 
            Production Events: 0, 
            Suppression Events: 0
Time: 459.31, 
            Production Events: 1, 
            Suppression Events: 2
Time: 460.83, 
            Production Events: 0, 
            Suppression Events: 1
Time: 461.87, 
            Production Events: 0, 
            Suppression Events: 2
Time: 462.48, 
            Production Events: 1, 
            Suppression Events: 0
Time: 463.59, 
            Production Events: 0, 
            Suppression Events: 1
Time: 464.8, 
            Production Events: 0, 
            Suppression Events: 1
Time: 465.11, 
            Production Events: 0, 
            Suppression Events: 1
Time: 467.94, 
            Production Events: 0, 
            Suppression Events: 2
Time: 467.94, 
            Production Events: 0, 
            Suppression Events: 0
Time: 468.37, 
            Production Events: 0, 
            Suppression Events: 2
Time: 469.14, 
            Production Events: 0, 
            Suppression Events: 2
Time: 470.14, 
            Production Events: 0, 
            Suppression Events: 1
Time: 471.01, 
            Production Events: 0, 
            Suppression Events: 2
Time: 473.54, 
            Production Events: 0, 
            Suppression Events: 1
Time: 473.54, 
            Production Events: 0, 
            Suppression Events: 0
Time: 474.96, 
            Production Events: 0, 
            Suppression Events: 1
Time: 476.96, 
            Production Events: 0, 
            Suppression Events: 1
Time: 476.96, 
            Production Events: 0, 
            Suppression Events: 0
Time: 477.72, 
            Production Events: 0, 
            Suppression Events: 1
Time: 482.37, 
            Production Events: 0, 
            Suppression Events: 1
Time: 482.37, 
            Production Events: 0, 
            Suppression Events: 0
Time: 482.37, 
            Production Events: 0, 
            Suppression Events: 0
Time: 482.37, 
            Production Events: 0, 
            Suppression Events: 0
Time: 482.37, 
            Production Events: 0, 
            Suppression Events: 0
Time: 483.07, 
            Production Events: 1, 
            Suppression Events: 0
Time: 484.64, 
            Production Events: 0, 
            Suppression Events: 3
Time: 486.08, 
            Production Events: 0, 
            Suppression Events: 1
Time: 486.08, 
            Production Events: 0, 
            Suppression Events: 0
Time: 487.04, 
            Production Events: 0, 
            Suppression Events: 2
Time: 488.22, 
            Production Events: 0, 
            Suppression Events: 2
Time: 489.87, 
            Production Events: 0, 
            Suppression Events: 1
Time: 490.05, 
            Production Events: 0, 
            Suppression Events: 1
Time: 493.14, 
            Production Events: 0, 
            Suppression Events: 1
Time: 493.14, 
            Production Events: 0, 
            Suppression Events: 0
Time: 493.14, 
            Production Events: 0, 
            Suppression Events: 0
Time: 494.24, 
            Production Events: 0, 
            Suppression Events: 1
Time: 495.01, 
            Production Events: 0, 
            Suppression Events: 2
Time: 496.8, 
            Production Events: 1, 
            Suppression Events: 1
Time: 497.4, 
            Production Events: 0, 
            Suppression Events: 1
Time: 499.19, 
            Production Events: 0, 
            Suppression Events: 2
Time: 499.19, 
            Production Events: 0, 
            Suppression Events: 0
Time: 500.08, 
            Production Events: 0, 
            Suppression Events: 2
Time: 501.15, 
            Production Events: 1, 
            Suppression Events: 3
Time: 502.25, 
            Production Events: 0, 
            Suppression Events: 1
Time: 503.59, 
            Production Events: 1, 
            Suppression Events: 0
Time: 506.1, 
            Production Events: 1, 
            Suppression Events: 0
Time: 506.1, 
            Production Events: 0, 
            Suppression Events: 0
Time: 506.1, 
            Production Events: 0, 
            Suppression Events: 0
Time: 507.55, 
            Production Events: 0, 
            Suppression Events: 1
Time: 508.14, 
            Production Events: 0, 
            Suppression Events: 1
Time: 512.03, 
            Production Events: 0, 
            Suppression Events: 1
Time: 512.03, 
            Production Events: 0, 
            Suppression Events: 0
Time: 512.03, 
            Production Events: 0, 
            Suppression Events: 0
Time: 512.03, 
            Production Events: 0, 
            Suppression Events: 0
Time: 513.53, 
            Production Events: 0, 
            Suppression Events: 2
Time: 514.24, 
            Production Events: 1, 
            Suppression Events: 1
Time: 515.52, 
            Production Events: 0, 
            Suppression Events: 4
Time: 516.09, 
            Production Events: 0, 
            Suppression Events: 2
Time: 517.07, 
            Production Events: 0, 
            Suppression Events: 3
Time: 518.19, 
            Production Events: 0, 
            Suppression Events: 1
Time: 520.04, 
            Production Events: 0, 
            Suppression Events: 1
Time: 520.04, 
            Production Events: 0, 
            Suppression Events: 0
Time: 522.67, 
            Production Events: 0, 
            Suppression Events: 2
Time: 522.67, 
            Production Events: 0, 
            Suppression Events: 0
Time: 523.98, 
            Production Events: 0, 
            Suppression Events: 1
Time: 524.95, 
            Production Events: 1, 
            Suppression Events: 0
Time: 525.9, 
            Production Events: 0, 
            Suppression Events: 1
Time: 529.12, 
            Production Events: 0, 
            Suppression Events: 1
Time: 529.12, 
            Production Events: 0, 
            Suppression Events: 0
Time: 529.12, 
            Production Events: 0, 
            Suppression Events: 0
Time: 529.12, 
            Production Events: 0, 
            Suppression Events: 0
Time: 531.9, 
            Production Events: 0, 
            Suppression Events: 1
Time: 531.9, 
            Production Events: 0, 
            Suppression Events: 0
Time: 532.06, 
            Production Events: 0, 
            Suppression Events: 1
Time: 535.12, 
            Production Events: 0, 
            Suppression Events: 2
Time: 535.12, 
            Production Events: 0, 
            Suppression Events: 0
Time: 535.12, 
            Production Events: 0, 
            Suppression Events: 0
Time: 536.66, 
            Production Events: 0, 
            Suppression Events: 2
Time: 537.27, 
            Production Events: 0, 
            Suppression Events: 1
Time: 539.81, 
            Production Events: 0, 
            Suppression Events: 3
Time: 539.81, 
            Production Events: 0, 
            Suppression Events: 0
Time: 540.87, 
            Production Events: 0, 
            Suppression Events: 3
Time: 545.63, 
            Production Events: 0, 
            Suppression Events: 1
Time: 545.63, 
            Production Events: 0, 
            Suppression Events: 0
Time: 545.63, 
            Production Events: 0, 
            Suppression Events: 0
Time: 545.63, 
            Production Events: 0, 
            Suppression Events: 0
Time: 545.63, 
            Production Events: 0, 
            Suppression Events: 0
Time: 546.34, 
            Production Events: 0, 
            Suppression Events: 1
Time: 548.0, 
            Production Events: 0, 
            Suppression Events: 1
Time: 550.8, 
            Production Events: 1, 
            Suppression Events: 0
Time: 550.8, 
            Production Events: 0, 
            Suppression Events: 0
Time: 550.8, 
            Production Events: 0, 
            Suppression Events: 0
Time: 551.45, 
            Production Events: 0, 
            Suppression Events: 1
Time: 552.0, 
            Production Events: 0, 
            Suppression Events: 3
Time: 553.66, 
            Production Events: 0, 
            Suppression Events: 2
Time: 554.23, 
            Production Events: 0, 
            Suppression Events: 1
Time: 556.17, 
            Production Events: 0, 
            Suppression Events: 2
Time: 556.17, 
            Production Events: 0, 
            Suppression Events: 0
Time: 558.26, 
            Production Events: 1, 
            Suppression Events: 1
Time: 558.26, 
            Production Events: 0, 
            Suppression Events: 0
Time: 559.1, 
            Production Events: 0, 
            Suppression Events: 2
Time: 560.12, 
            Production Events: 1, 
            Suppression Events: 1
Time: 561.76, 
            Production Events: 0, 
            Suppression Events: 1
Time: 569.57, 
            Production Events: 0, 
            Suppression Events: 1
Time: 569.57, 
            Production Events: 0, 
            Suppression Events: 0
Time: 569.57, 
            Production Events: 0, 
            Suppression Events: 0
Time: 569.57, 
            Production Events: 0, 
            Suppression Events: 0
Time: 569.57, 
            Production Events: 0, 
            Suppression Events: 0
Time: 569.57, 
            Production Events: 0, 
            Suppression Events: 0
Time: 569.57, 
            Production Events: 0, 
            Suppression Events: 0
Time: 569.57, 
            Production Events: 0, 
            Suppression Events: 0
Time: 570.98, 
            Production Events: 0, 
            Suppression Events: 1
Time: 572.64, 
            Production Events: 0, 
            Suppression Events: 1
Time: 572.64, 
            Production Events: 0, 
            Suppression Events: 0
Time: 573.9, 
            Production Events: 0, 
            Suppression Events: 1
Time: 574.48, 
            Production Events: 0, 
            Suppression Events: 1
Time: 575.26, 
            Production Events: 0, 
            Suppression Events: 1
Time: 576.85, 
            Production Events: 0, 
            Suppression Events: 2
Time: 577.45, 
            Production Events: 0, 
            Suppression Events: 1
Time: 578.47, 
            Production Events: 0, 
            Suppression Events: 1
Time: 579.7, 
            Production Events: 0, 
            Suppression Events: 1
Time: 580.35, 
            Production Events: 0, 
            Suppression Events: 1
Time: 582.23, 
            Production Events: 0, 
            Suppression Events: 2
Time: 582.23, 
            Production Events: 0, 
            Suppression Events: 0
Time: 583.63, 
            Production Events: 0, 
            Suppression Events: 3
Time: 584.71, 
            Production Events: 0, 
            Suppression Events: 1
Time: 585.66, 
            Production Events: 0, 
            Suppression Events: 1
Time: 586.96, 
            Production Events: 0, 
            Suppression Events: 1
Time: 587.05, 
            Production Events: 0, 
            Suppression Events: 1
Time: 589.77, 
            Production Events: 0, 
            Suppression Events: 2
Time: 589.77, 
            Production Events: 0, 
            Suppression Events: 0
Time: 593.32, 
            Production Events: 0, 
            Suppression Events: 1
Time: 593.32, 
            Production Events: 0, 
            Suppression Events: 0
Time: 593.32, 
            Production Events: 0, 
            Suppression Events: 0
Time: 593.32, 
            Production Events: 0, 
            Suppression Events: 0
Time: 594.63, 
            Production Events: 0, 
            Suppression Events: 1
Time: 596.44, 
            Production Events: 0, 
            Suppression Events: 1
Time: 596.44, 
            Production Events: 0, 
            Suppression Events: 0
Time: 597.42, 
            Production Events: 0, 
            Suppression Events: 4
Time: 598.11, 
            Production Events: 0, 
            Suppression Events: 1
Time: 599.62, 
            Production Events: 0, 
            Suppression Events: 2
Time: 600.46, 
            Production Events: 0, 
            Suppression Events: 2
Time: 601.1, 
            Production Events: 1, 
            Suppression Events: 0
Time: 604.14, 
            Production Events: 1, 
            Suppression Events: 2
Time: 604.14, 
            Production Events: 0, 
            Suppression Events: 0
Time: 604.14, 
            Production Events: 0, 
            Suppression Events: 0
Time: 605.14, 
            Production Events: 0, 
            Suppression Events: 1
Time: 606.26, 
            Production Events: 0, 
            Suppression Events: 2
Time: 607.01, 
            Production Events: 1, 
            Suppression Events: 1
Time: 608.81, 
            Production Events: 0, 
            Suppression Events: 1
Time: 610.24, 
            Production Events: 0, 
            Suppression Events: 1
Time: 610.24, 
            Production Events: 0, 
            Suppression Events: 0
Time: 611.9, 
            Production Events: 1, 
            Suppression Events: 1
Time: 613.13, 
            Production Events: 0, 
            Suppression Events: 1
Time: 613.13, 
            Production Events: 0, 
            Suppression Events: 0
Time: 614.36, 
            Production Events: 1, 
            Suppression Events: 3
Time: 616.07, 
            Production Events: 0, 
            Suppression Events: 2
Time: 616.07, 
            Production Events: 0, 
            Suppression Events: 0
Time: 617.85, 
            Production Events: 0, 
            Suppression Events: 2
Time: 618.22, 
            Production Events: 0, 
            Suppression Events: 1
Time: 620.41, 
            Production Events: 0, 
            Suppression Events: 3
Time: 620.41, 
            Production Events: 0, 
            Suppression Events: 0
Time: 621.44, 
            Production Events: 0, 
            Suppression Events: 1
Time: 622.14, 
            Production Events: 0, 
            Suppression Events: 2
Time: 624.35, 
            Production Events: 1, 
            Suppression Events: 2
Time: 624.35, 
            Production Events: 0, 
            Suppression Events: 0
Time: 625.3, 
            Production Events: 0, 
            Suppression Events: 2
Time: 626.09, 
            Production Events: 0, 
            Suppression Events: 3
Time: 627.26, 
            Production Events: 0, 
            Suppression Events: 2
Time: 628.41, 
            Production Events: 0, 
            Suppression Events: 3
Time: 630.88, 
            Production Events: 0, 
            Suppression Events: 1
Time: 630.88, 
            Production Events: 0, 
            Suppression Events: 0
Time: 632.15, 
            Production Events: 0, 
            Suppression Events: 1
Time: 632.15, 
            Production Events: 0, 
            Suppression Events: 0
Time: 633.1, 
            Production Events: 1, 
            Suppression Events: 0
Time: 636.02, 
            Production Events: 0, 
            Suppression Events: 1
Time: 636.02, 
            Production Events: 0, 
            Suppression Events: 0
Time: 636.02, 
            Production Events: 0, 
            Suppression Events: 0
Time: 640.7, 
            Production Events: 0, 
            Suppression Events: 1
Time: 640.7, 
            Production Events: 0, 
            Suppression Events: 0
Time: 640.7, 
            Production Events: 0, 
            Suppression Events: 0
Time: 640.7, 
            Production Events: 0, 
            Suppression Events: 0
Time: 641.23, 
            Production Events: 0, 
            Suppression Events: 1
Time: 643.57, 
            Production Events: 0, 
            Suppression Events: 2
Time: 643.57, 
            Production Events: 0, 
            Suppression Events: 0
Time: 644.1, 
            Production Events: 0, 
            Suppression Events: 1
Time: 645.68, 
            Production Events: 0, 
            Suppression Events: 4
Time: 646.06, 
            Production Events: 0, 
            Suppression Events: 1
Time: 648.2, 
            Production Events: 0, 
            Suppression Events: 2
Time: 648.2, 
            Production Events: 0, 
            Suppression Events: 0
Time: 650.53, 
            Production Events: 0, 
            Suppression Events: 3
Time: 650.53, 
            Production Events: 0, 
            Suppression Events: 0
Time: 651.53, 
            Production Events: 0, 
            Suppression Events: 3
Time: 652.36, 
            Production Events: 0, 
            Suppression Events: 1
Time: 653.22, 
            Production Events: 0, 
            Suppression Events: 2
Time: 654.23, 
            Production Events: 0, 
            Suppression Events: 3
Time: 656.31, 
            Production Events: 0, 
            Suppression Events: 3
Time: 656.31, 
            Production Events: 0, 
            Suppression Events: 0
Time: 657.02, 
            Production Events: 1, 
            Suppression Events: 1
Time: 658.74, 
            Production Events: 0, 
            Suppression Events: 3
Time: 659.43, 
            Production Events: 0, 
            Suppression Events: 1
Time: 660.52, 
            Production Events: 0, 
            Suppression Events: 1
Time: 661.18, 
            Production Events: 0, 
            Suppression Events: 2
Time: 662.84, 
            Production Events: 1, 
            Suppression Events: 1
Time: 663.76, 
            Production Events: 0, 
            Suppression Events: 1
Time: 665.28, 
            Production Events: 0, 
            Suppression Events: 1
Time: 665.28, 
            Production Events: 0, 
            Suppression Events: 0
Time: 667.27, 
            Production Events: 0, 
            Suppression Events: 2
Time: 667.27, 
            Production Events: 0, 
            Suppression Events: 0
Time: 668.04, 
            Production Events: 0, 
            Suppression Events: 2
Time: 673.55, 
            Production Events: 0, 
            Suppression Events: 3
Time: 673.55, 
            Production Events: 0, 
            Suppression Events: 0
Time: 673.55, 
            Production Events: 0, 
            Suppression Events: 0
Time: 673.55, 
            Production Events: 0, 
            Suppression Events: 0
Time: 673.55, 
            Production Events: 0, 
            Suppression Events: 0
Time: 674.64, 
            Production Events: 0, 
            Suppression Events: 2
Time: 675.35, 
            Production Events: 0, 
            Suppression Events: 1
Time: 676.7, 
            Production Events: 0, 
            Suppression Events: 1
Time: 677.07, 
            Production Events: 1, 
            Suppression Events: 1
Time: 678.03, 
            Production Events: 0, 
            Suppression Events: 1
Time: 679.1, 
            Production Events: 1, 
            Suppression Events: 1
Time: 680.4, 
            Production Events: 0, 
            Suppression Events: 1
Time: 681.27, 
            Production Events: 0, 
            Suppression Events: 3
Time: 682.37, 
            Production Events: 0, 
            Suppression Events: 1
Time: 686.43, 
            Production Events: 0, 
            Suppression Events: 1
Time: 686.43, 
            Production Events: 0, 
            Suppression Events: 0
Time: 686.43, 
            Production Events: 0, 
            Suppression Events: 0
Time: 686.43, 
            Production Events: 0, 
            Suppression Events: 0
Time: 687.26, 
            Production Events: 0, 
            Suppression Events: 3
Time: 688.28, 
            Production Events: 2, 
            Suppression Events: 2
Time: 690.77, 
            Production Events: 0, 
            Suppression Events: 4
Time: 690.77, 
            Production Events: 0, 
            Suppression Events: 0
Time: 691.19, 
            Production Events: 1, 
            Suppression Events: 0
Time: 693.53, 
            Production Events: 0, 
            Suppression Events: 2
Time: 693.53, 
            Production Events: 0, 
            Suppression Events: 0
Time: 694.66, 
            Production Events: 0, 
            Suppression Events: 1
Time: 695.27, 
            Production Events: 0, 
            Suppression Events: 2
Time: 696.93, 
            Production Events: 0, 
            Suppression Events: 1
Time: 697.46, 
            Production Events: 0, 
            Suppression Events: 1
Time: 698.5, 
            Production Events: 1, 
            Suppression Events: 0
Time: 700.2, 
            Production Events: 0, 
            Suppression Events: 3
Time: 700.2, 
            Production Events: 0, 
            Suppression Events: 0
Time: 703.42, 
            Production Events: 1, 
            Suppression Events: 0
Time: 703.42, 
            Production Events: 0, 
            Suppression Events: 0
Time: 703.42, 
            Production Events: 0, 
            Suppression Events: 0
Time: 704.11, 
            Production Events: 0, 
            Suppression Events: 1
Time: 706.33, 
            Production Events: 0, 
            Suppression Events: 1
Time: 706.33, 
            Production Events: 0, 
            Suppression Events: 0
Time: 707.88, 
            Production Events: 0, 
            Suppression Events: 1
Time: 708.84, 
            Production Events: 0, 
            Suppression Events: 1
Time: 709.33, 
            Production Events: 0, 
            Suppression Events: 1
Time: 710.13, 
            Production Events: 0, 
            Suppression Events: 1
Time: 711.47, 
            Production Events: 0, 
            Suppression Events: 4
Time: 715.45, 
            Production Events: 1, 
            Suppression Events: 1
Time: 715.45, 
            Production Events: 0, 
            Suppression Events: 0
Time: 715.45, 
            Production Events: 0, 
            Suppression Events: 0
Time: 715.45, 
            Production Events: 0, 
            Suppression Events: 0
Time: 716.18, 
            Production Events: 0, 
            Suppression Events: 1
Time: 717.55, 
            Production Events: 0, 
            Suppression Events: 1
Time: 718.4, 
            Production Events: 0, 
            Suppression Events: 2
Time: 719.57, 
            Production Events: 0, 
            Suppression Events: 1
Time: 720.64, 
            Production Events: 0, 
            Suppression Events: 1
Time: 723.02, 
            Production Events: 1, 
            Suppression Events: 0
Time: 723.02, 
            Production Events: 0, 
            Suppression Events: 0
Time: 723.02, 
            Production Events: 0, 
            Suppression Events: 0
Time: 725.18, 
            Production Events: 0, 
            Suppression Events: 1
Time: 725.18, 
            Production Events: 0, 
            Suppression Events: 0
Time: 727.12, 
            Production Events: 0, 
            Suppression Events: 3
Time: 727.12, 
            Production Events: 0, 
            Suppression Events: 0
Time: 728.76, 
            Production Events: 0, 
            Suppression Events: 1
Time: 729.33, 
            Production Events: 0, 
            Suppression Events: 1
Time: 730.1, 
            Production Events: 1, 
            Suppression Events: 1
Time: 732.45, 
            Production Events: 0, 
            Suppression Events: 1
Time: 732.45, 
            Production Events: 0, 
            Suppression Events: 0
Time: 735.49, 
            Production Events: 0, 
            Suppression Events: 1
Time: 735.49, 
            Production Events: 0, 
            Suppression Events: 0
Time: 735.49, 
            Production Events: 0, 
            Suppression Events: 0
Time: 736.54, 
            Production Events: 0, 
            Suppression Events: 1
Time: 739.93, 
            Production Events: 0, 
            Suppression Events: 1
Time: 739.93, 
            Production Events: 0, 
            Suppression Events: 0
Time: 739.93, 
            Production Events: 0, 
            Suppression Events: 0
Time: 740.19, 
            Production Events: 0, 
            Suppression Events: 1
Time: 741.24, 
            Production Events: 0, 
            Suppression Events: 1
Time: 742.92, 
            Production Events: 0, 
            Suppression Events: 2
Time: 743.49, 
            Production Events: 0, 
            Suppression Events: 1
Time: 745.13, 
            Production Events: 0, 
            Suppression Events: 1
Time: 745.13, 
            Production Events: 0, 
            Suppression Events: 0
Time: 747.4, 
            Production Events: 0, 
            Suppression Events: 1
Time: 747.4, 
            Production Events: 0, 
            Suppression Events: 0
Time: 748.03, 
            Production Events: 1, 
            Suppression Events: 0
Time: 749.53, 
            Production Events: 0, 
            Suppression Events: 2
Time: 750.22, 
            Production Events: 0, 
            Suppression Events: 1
Time: 751.71, 
            Production Events: 0, 
            Suppression Events: 1
Time: 752.82, 
            Production Events: 0, 
            Suppression Events: 1
Time: 754.62, 
            Production Events: 0, 
            Suppression Events: 1
Time: 754.62, 
            Production Events: 0, 
            Suppression Events: 0
Time: 757.88, 
            Production Events: 0, 
            Suppression Events: 2
Time: 757.88, 
            Production Events: 0, 
            Suppression Events: 0
Time: 757.88, 
            Production Events: 0, 
            Suppression Events: 0
Time: 758.08, 
            Production Events: 0, 
            Suppression Events: 2
Time: 761.58, 
            Production Events: 1, 
            Suppression Events: 0
Time: 761.58, 
            Production Events: 0, 
            Suppression Events: 0
Time: 761.58, 
            Production Events: 0, 
            Suppression Events: 0
Time: 762.29, 
            Production Events: 0, 
            Suppression Events: 1
Time: 764.0, 
            Production Events: 0, 
            Suppression Events: 2
Time: 764.0, 
            Production Events: 0, 
            Suppression Events: 0
Time: 765.81, 
            Production Events: 1, 
            Suppression Events: 0
Time: 767.07, 
            Production Events: 0, 
            Suppression Events: 2
Time: 767.07, 
            Production Events: 0, 
            Suppression Events: 0
Time: 770.07, 
            Production Events: 0, 
            Suppression Events: 4
Time: 770.07, 
            Production Events: 0, 
            Suppression Events: 0
Time: 770.07, 
            Production Events: 0, 
            Suppression Events: 0
Time: 771.18, 
            Production Events: 0, 
            Suppression Events: 2
Time: 772.64, 
            Production Events: 0, 
            Suppression Events: 3
Time: 774.08, 
            Production Events: 0, 
            Suppression Events: 1
Time: 774.08, 
            Production Events: 0, 
            Suppression Events: 0
Time: 775.43, 
            Production Events: 0, 
            Suppression Events: 2
Time: 776.85, 
            Production Events: 0, 
            Suppression Events: 1
Time: 778.13, 
            Production Events: 0, 
            Suppression Events: 1
Time: 778.13, 
            Production Events: 0, 
            Suppression Events: 0
Time: 779.32, 
            Production Events: 0, 
            Suppression Events: 3
Time: 780.41, 
            Production Events: 0, 
            Suppression Events: 1
Time: 782.59, 
            Production Events: 0, 
            Suppression Events: 2
Time: 782.59, 
            Production Events: 0, 
            Suppression Events: 0
Time: 784.67, 
            Production Events: 0, 
            Suppression Events: 1
Time: 784.67, 
            Production Events: 0, 
            Suppression Events: 0
Time: 785.59, 
            Production Events: 0, 
            Suppression Events: 1
Time: 786.58, 
            Production Events: 0, 
            Suppression Events: 3
Time: 787.12, 
            Production Events: 0, 
            Suppression Events: 2
Time: 789.55, 
            Production Events: 0, 
            Suppression Events: 2
Time: 789.55, 
            Production Events: 0, 
            Suppression Events: 0
Time: 792.7, 
            Production Events: 0, 
            Suppression Events: 1
Time: 792.7, 
            Production Events: 0, 
            Suppression Events: 0
Time: 792.7, 
            Production Events: 0, 
            Suppression Events: 0
Time: 793.12, 
            Production Events: 0, 
            Suppression Events: 1
Time: 794.59, 
            Production Events: 0, 
            Suppression Events: 2
Time: 798.36, 
            Production Events: 0, 
            Suppression Events: 1
Time: 798.36, 
            Production Events: 0, 
            Suppression Events: 0
Time: 798.36, 
            Production Events: 0, 
            Suppression Events: 0
Time: 798.36, 
            Production Events: 0, 
            Suppression Events: 0
Time: 799.55, 
            Production Events: 0, 
            Suppression Events: 1
Time: 800.08, 
            Production Events: 0, 
            Suppression Events: 1
Time: 801.19, 
            Production Events: 0, 
            Suppression Events: 6
Time: 806.04, 
            Production Events: 0, 
            Suppression Events: 3
Time: 806.04, 
            Production Events: 0, 
            Suppression Events: 0
Time: 806.04, 
            Production Events: 0, 
            Suppression Events: 0
Time: 806.04, 
            Production Events: 0, 
            Suppression Events: 0
Time: 806.04, 
            Production Events: 0, 
            Suppression Events: 0
Time: 807.47, 
            Production Events: 1, 
            Suppression Events: 0
Time: 808.64, 
            Production Events: 0, 
            Suppression Events: 1
Time: 809.04, 
            Production Events: 0, 
            Suppression Events: 1
Time: 811.31, 
            Production Events: 0, 
            Suppression Events: 2
Time: 811.31, 
            Production Events: 0, 
            Suppression Events: 0
Time: 812.45, 
            Production Events: 0, 
            Suppression Events: 3
Time: 813.04, 
            Production Events: 0, 
            Suppression Events: 1
Time: 814.4, 
            Production Events: 0, 
            Suppression Events: 2
Time: 815.27, 
            Production Events: 0, 
            Suppression Events: 1
Time: 816.58, 
            Production Events: 0, 
            Suppression Events: 1
Time: 817.17, 
            Production Events: 0, 
            Suppression Events: 1
Time: 819.36, 
            Production Events: 0, 
            Suppression Events: 1
Time: 819.36, 
            Production Events: 0, 
            Suppression Events: 0
Time: 820.19, 
            Production Events: 1, 
            Suppression Events: 1
Time: 822.33, 
            Production Events: 0, 
            Suppression Events: 2
Time: 822.33, 
            Production Events: 0, 
            Suppression Events: 0
Time: 824.94, 
            Production Events: 1, 
            Suppression Events: 0
Time: 824.94, 
            Production Events: 0, 
            Suppression Events: 0
Time: 825.01, 
            Production Events: 0, 
            Suppression Events: 1
Time: 827.11, 
            Production Events: 0, 
            Suppression Events: 2
Time: 827.11, 
            Production Events: 0, 
            Suppression Events: 0
Time: 831.37, 
            Production Events: 0, 
            Suppression Events: 1
Time: 831.37, 
            Production Events: 0, 
            Suppression Events: 0
Time: 831.37, 
            Production Events: 0, 
            Suppression Events: 0
Time: 831.37, 
            Production Events: 0, 
            Suppression Events: 0
Time: 834.63, 
            Production Events: 0, 
            Suppression Events: 1
Time: 834.63, 
            Production Events: 0, 
            Suppression Events: 0
Time: 834.63, 
            Production Events: 0, 
            Suppression Events: 0
Time: 836.98, 
            Production Events: 0, 
            Suppression Events: 2
Time: 836.98, 
            Production Events: 0, 
            Suppression Events: 0
Time: 838.38, 
            Production Events: 0, 
            Suppression Events: 1
Time: 838.38, 
            Production Events: 0, 
            Suppression Events: 0
Time: 839.1, 
            Production Events: 0, 
            Suppression Events: 1
Time: 843.26, 
            Production Events: 0, 
            Suppression Events: 1
Time: 843.26, 
            Production Events: 0, 
            Suppression Events: 0
Time: 843.26, 
            Production Events: 0, 
            Suppression Events: 0
Time: 843.26, 
            Production Events: 0, 
            Suppression Events: 0
Time: 844.08, 
            Production Events: 0, 
            Suppression Events: 1
Time: 845.71, 
            Production Events: 0, 
            Suppression Events: 1
Time: 846.5, 
            Production Events: 0, 
            Suppression Events: 1
Time: 849.32, 
            Production Events: 0, 
            Suppression Events: 2
Time: 849.32, 
            Production Events: 0, 
            Suppression Events: 0
Time: 849.32, 
            Production Events: 0, 
            Suppression Events: 0
Time: 850.57, 
            Production Events: 0, 
            Suppression Events: 3
Time: 851.7, 
            Production Events: 0, 
            Suppression Events: 1
Time: 852.43, 
            Production Events: 0, 
            Suppression Events: 1
Time: 853.19, 
            Production Events: 0, 
            Suppression Events: 3
Time: 854.64, 
            Production Events: 0, 
            Suppression Events: 2
Time: 855.73, 
            Production Events: 0, 
            Suppression Events: 3
Time: 857.99, 
            Production Events: 0, 
            Suppression Events: 2
Time: 857.99, 
            Production Events: 0, 
            Suppression Events: 0
Time: 858.96, 
            Production Events: 1, 
            Suppression Events: 0
Time: 859.26, 
            Production Events: 0, 
            Suppression Events: 1
Time: 860.33, 
            Production Events: 0, 
            Suppression Events: 1
Time: 861.05, 
            Production Events: 0, 
            Suppression Events: 1
Time: 863.94, 
            Production Events: 0, 
            Suppression Events: 1
Time: 863.94, 
            Production Events: 0, 
            Suppression Events: 0
Time: 864.05, 
            Production Events: 0, 
            Suppression Events: 1
Time: 866.81, 
            Production Events: 0, 
            Suppression Events: 4
Time: 866.81, 
            Production Events: 0, 
            Suppression Events: 0
Time: 867.23, 
            Production Events: 0, 
            Suppression Events: 1
Time: 868.8, 
            Production Events: 0, 
            Suppression Events: 1
Time: 870.73, 
            Production Events: 0, 
            Suppression Events: 1
Time: 870.73, 
            Production Events: 0, 
            Suppression Events: 0
Time: 873.32, 
            Production Events: 0, 
            Suppression Events: 1
Time: 873.32, 
            Production Events: 0, 
            Suppression Events: 0
Time: 873.32, 
            Production Events: 0, 
            Suppression Events: 0
Time: 874.59, 
            Production Events: 0, 
            Suppression Events: 1
Time: 877.59, 
            Production Events: 0, 
            Suppression Events: 2
Time: 877.59, 
            Production Events: 0, 
            Suppression Events: 0
Time: 877.59, 
            Production Events: 0, 
            Suppression Events: 0
Time: 878.64, 
            Production Events: 0, 
            Suppression Events: 1
Time: 879.1, 
            Production Events: 0, 
            Suppression Events: 1
Time: 880.11, 
            Production Events: 1, 
            Suppression Events: 1
Time: 881.22, 
            Production Events: 0, 
            Suppression Events: 1
Time: 882.04, 
            Production Events: 0, 
            Suppression Events: 2
Time: 883.27, 
            Production Events: 0, 
            Suppression Events: 1
Time: 884.91, 
            Production Events: 0, 
            Suppression Events: 2
Time: 885.06, 
            Production Events: 0, 
            Suppression Events: 1
Time: 888.93, 
            Production Events: 0, 
            Suppression Events: 2
Time: 888.93, 
            Production Events: 0, 
            Suppression Events: 0
Time: 888.93, 
            Production Events: 0, 
            Suppression Events: 0
Time: 889.08, 
            Production Events: 0, 
            Suppression Events: 1
Time: 890.09, 
            Production Events: 0, 
            Suppression Events: 2
Time: 892.45, 
            Production Events: 0, 
            Suppression Events: 1
Time: 892.45, 
            Production Events: 0, 
            Suppression Events: 0
Time: 893.59, 
            Production Events: 0, 
            Suppression Events: 1
Time: 894.37, 
            Production Events: 0, 
            Suppression Events: 3
Time: 895.93, 
            Production Events: 0, 
            Suppression Events: 2
Time: 896.6, 
            Production Events: 0, 
            Suppression Events: 2
Time: 898.9, 
            Production Events: 0, 
            Suppression Events: 1
Time: 898.9, 
            Production Events: 0, 
            Suppression Events: 0
Time: 899.32, 
            Production Events: 0, 
            Suppression Events: 1
Time: 900.52, 
            Production Events: 0, 
            Suppression Events: 3
Time: 902.13, 
            Production Events: 0, 
            Suppression Events: 1
Time: 902.13, 
            Production Events: 0, 
            Suppression Events: 0
Time: 903.14, 
            Production Events: 0, 
            Suppression Events: 3
Time: 904.62, 
            Production Events: 0, 
            Suppression Events: 2
Time: 906.86, 
            Production Events: 0, 
            Suppression Events: 1
Time: 906.86, 
            Production Events: 0, 
            Suppression Events: 0
Time: 907.02, 
            Production Events: 0, 
            Suppression Events: 1
Time: 908.04, 
            Production Events: 0, 
            Suppression Events: 2
Time: 909.05, 
            Production Events: 0, 
            Suppression Events: 2
Time: 910.35, 
            Production Events: 0, 
            Suppression Events: 2
Time: 911.88, 
            Production Events: 0, 
            Suppression Events: 4
Time: 912.09, 
            Production Events: 0, 
            Suppression Events: 1
Time: 913.86, 
            Production Events: 0, 
            Suppression Events: 1
Time: 914.52, 
            Production Events: 0, 
            Suppression Events: 1
Time: 915.16, 
            Production Events: 0, 
            Suppression Events: 2
Time: 916.41, 
            Production Events: 0, 
            Suppression Events: 1
Time: 917.37, 
            Production Events: 0, 
            Suppression Events: 1
Time: 920.18, 
            Production Events: 0, 
            Suppression Events: 1
Time: 920.18, 
            Production Events: 0, 
            Suppression Events: 0
Time: 920.18, 
            Production Events: 0, 
            Suppression Events: 0
Time: 923.43, 
            Production Events: 0, 
            Suppression Events: 1
Time: 923.43, 
            Production Events: 0, 
            Suppression Events: 0
Time: 923.43, 
            Production Events: 0, 
            Suppression Events: 0
Time: 928.72, 
            Production Events: 1, 
            Suppression Events: 0
Time: 928.72, 
            Production Events: 0, 
            Suppression Events: 0
Time: 928.72, 
            Production Events: 0, 
            Suppression Events: 0
Time: 928.72, 
            Production Events: 0, 
            Suppression Events: 0
Time: 928.72, 
            Production Events: 0, 
            Suppression Events: 0
Time: 929.59, 
            Production Events: 0, 
            Suppression Events: 2
Time: 930.23, 
            Production Events: 0, 
            Suppression Events: 2
Time: 932.28, 
            Production Events: 0, 
            Suppression Events: 1
Time: 932.28, 
            Production Events: 0, 
            Suppression Events: 0
Time: 933.88, 
            Production Events: 0, 
            Suppression Events: 2
Time: 934.94, 
            Production Events: 0, 
            Suppression Events: 1
Time: 935.27, 
            Production Events: 0, 
            Suppression Events: 1
Time: 936.85, 
            Production Events: 0, 
            Suppression Events: 2
Time: 938.73, 
            Production Events: 0, 
            Suppression Events: 1
Time: 938.73, 
            Production Events: 0, 
            Suppression Events: 0
Time: 940.23, 
            Production Events: 0, 
            Suppression Events: 1
Time: 940.23, 
            Production Events: 0, 
            Suppression Events: 0
Time: 943.52, 
            Production Events: 0, 
            Suppression Events: 1
Time: 943.52, 
            Production Events: 0, 
            Suppression Events: 0
Time: 943.52, 
            Production Events: 0, 
            Suppression Events: 0
Time: 945.41, 
            Production Events: 0, 
            Suppression Events: 3
Time: 945.41, 
            Production Events: 0, 
            Suppression Events: 0
Time: 946.86, 
            Production Events: 0, 
            Suppression Events: 1
Time: 947.89, 
            Production Events: 0, 
            Suppression Events: 1
Time: 949.81, 
            Production Events: 1, 
            Suppression Events: 0
Time: 949.81, 
            Production Events: 0, 
            Suppression Events: 0
Time: 950.36, 
            Production Events: 0, 
            Suppression Events: 1
Time: 952.42, 
            Production Events: 0, 
            Suppression Events: 1
Time: 952.42, 
            Production Events: 0, 
            Suppression Events: 0
Time: 953.15, 
            Production Events: 0, 
            Suppression Events: 4
Time: 954.21, 
            Production Events: 0, 
            Suppression Events: 1
Time: 956.77, 
            Production Events: 0, 
            Suppression Events: 2
Time: 956.77, 
            Production Events: 0, 
            Suppression Events: 0
Time: 957.64, 
            Production Events: 0, 
            Suppression Events: 1
Time: 960.16, 
            Production Events: 0, 
            Suppression Events: 2
Time: 960.16, 
            Production Events: 0, 
            Suppression Events: 0
Time: 960.16, 
            Production Events: 0, 
            Suppression Events: 0
Time: 961.62, 
            Production Events: 0, 
            Suppression Events: 2
Time: 962.61, 
            Production Events: 1, 
            Suppression Events: 1
Time: 963.48, 
            Production Events: 0, 
            Suppression Events: 2
Time: 965.99, 
            Production Events: 0, 
            Suppression Events: 2
Time: 965.99, 
            Production Events: 0, 
            Suppression Events: 0
Time: 966.21, 
            Production Events: 1, 
            Suppression Events: 0
Time: 967.53, 
            Production Events: 0, 
            Suppression Events: 3
Time: 970.53, 
            Production Events: 0, 
            Suppression Events: 1
Time: 970.53, 
            Production Events: 0, 
            Suppression Events: 0
Time: 970.53, 
            Production Events: 0, 
            Suppression Events: 0
Time: 972.33, 
            Production Events: 0, 
            Suppression Events: 2
Time: 972.33, 
            Production Events: 0, 
            Suppression Events: 0
Time: 973.27, 
            Production Events: 0, 
            Suppression Events: 1
Time: 976.2, 
            Production Events: 0, 
            Suppression Events: 1
Time: 976.2, 
            Production Events: 0, 
            Suppression Events: 0
Time: 976.2, 
            Production Events: 0, 
            Suppression Events: 0
Time: 977.08, 
            Production Events: 0, 
            Suppression Events: 2
Time: 979.08, 
            Production Events: 0, 
            Suppression Events: 3
Time: 979.08, 
            Production Events: 0, 
            Suppression Events: 0
Time: 980.02, 
            Production Events: 0, 
            Suppression Events: 2
Time: 983.63, 
            Production Events: 0, 
            Suppression Events: 1
Time: 983.63, 
            Production Events: 0, 
            Suppression Events: 0
Time: 983.63, 
            Production Events: 0, 
            Suppression Events: 0
Time: 985.67, 
            Production Events: 1, 
            Suppression Events: 1
Time: 985.67, 
            Production Events: 0, 
            Suppression Events: 0
Time: 987.15, 
            Production Events: 0, 
            Suppression Events: 1
Time: 987.15, 
            Production Events: 0, 
            Suppression Events: 0
Time: 989.31, 
            Production Events: 0, 
            Suppression Events: 4
Time: 989.31, 
            Production Events: 0, 
            Suppression Events: 0
Time: 993.44, 
            Production Events: 0, 
            Suppression Events: 2
Time: 993.44, 
            Production Events: 0, 
            Suppression Events: 0
Time: 993.44, 
            Production Events: 0, 
            Suppression Events: 0
Time: 993.44, 
            Production Events: 0, 
            Suppression Events: 0
Time: 994.23, 
            Production Events: 1, 
            Suppression Events: 2
Time: 995.27, 
            Production Events: 0, 
            Suppression Events: 1
Time: 996.03, 
            Production Events: 0, 
            Suppression Events: 1
Time: 997.08, 
            Production Events: 0, 
            Suppression Events: 1
Time: 998.95, 
            Production Events: 0, 
            Suppression Events: 1
Time: 1002.31, 
            Production Events: 0, 
            Suppression Events: 1
Time: 1002.31, 
            Production Events: 0, 
            Suppression Events: 0
Simulation completed:
  Final time: 1002.3118792451374
  Total events: 1031
  Wall time: 11049.57 seconds

Saving simulation results with clean separation...
Task evolution saved to: 5t5b/5t5b_mfcsb/data/param_153_rep_1_2025-11-21_183319/states.csv
Events saved to: 5t5b/5t5b_mfcsb/data/param_153_rep_1_2025-11-21_183319/events.csv
Saving event log (raw and DataFrame)...
log DataFrame size: (1036, 9)
short view:
59 DataFrame
 Row  time     bee1_id  bee2_id  task_id  task_1   task_2   task_3     task_4 
      Float64  Int64    Int64    Int64    Float64  Float64  Float64    Float6 

   1      0.0        1        0        0   0.1058   0.1007  0.130724    0.079 
   2      0.0        2        0        0   0.099    0.101   0.108367    0.101
   3      0.0        3        0        0   0.0899   0.1023  0.0919637   0.076
   4      0.0        4        0        0   0.1183   0.0832  0.0633067   0.162
   5      0.0        5        0        0   0.1683   0.0983  0.0969576   0.072 
                                                               2 columns omittedEvent log saved to: 5t5b/5t5b_mfcsb/data/param_153_rep_1_2025-11-21_183319/event_log.json
Event log DataFrame saved to: 5t5b/5t5b_mfcsb/data/param_153_rep_1_2025-11-21_183319/event_log.csv
Metadata and configuration saved to: 5t5b/5t5b_mfcsb/data/param_153_rep_1_2025-11-21_183319/config.json
Task index mapping saved to: 5t5b/5t5b_mfcsb/data/param_153_rep_1_2025-11-21_183319/task_index_mapping.json
All results saved to directory: 5t5b/5t5b_mfcsb/data/param_153_rep_1_2025-11-21_183319
Simulation completed successfully!
Job finished at: Fri Nov 21 09:38:00 PM CET 2025
