Job array started at: Fri Nov 21 06:29:46 PM CET 2025
Job ID: 10862107
Array Job ID: 10860410
Array Task ID: 150
Node: th-ws-740m24
Loading Julia module...
Module loaded: /software/opt/el_9/x86_64/julia/1.11.3/bin/julia
Changing to project directory...
Current directory: /scratch/n/N.Pfaffenzeller/nikolas_nethive/nethive_multiverse
Running parameter combination 150, replicate 1
Starting Julia simulation...
Running simulation with the following configuration:
  dataset_names: [:mnist, :cifar10, :svhn2, :fashion_mnist, :bank]
  param_id: 150
  n_bees: 5
  batch_size: 32
  replicate_id: 1
  punish_rate: 0.1
  punishment: time_out
  lambda_sensitivity: 100
  save_nn_epochs: 0
  production_rate: 1
  interaction_rate: 50
  batches_per_step: 50
  learning_rate: 0.0001
  max_output_dim: 10
  n_steps_per_epoch: 1
  dead_time: 50
  max_input_dim: 3072
  n_epochs: 1000
  seed: 1130155042

Starting simulation with configuration:
  dataset_names: [:mnist, :cifar10, :svhn2, :fashion_mnist, :bank]
  param_id: 150
  n_bees: 5
  batch_size: 32
  replicate_id: 1
  punish_rate: 0.1
  punishment: time_out
  lambda_sensitivity: 100
  save_nn_epochs: 0
  production_rate: 1
  interaction_rate: 50
  batches_per_step: 50
  run_timestamp: 2025-11-21T18:30:23.302
  learning_rate: 0.0001
  max_output_dim: 10
  n_steps_per_epoch: 1
  dead_time: 50
  max_input_dim: 3072
  n_epochs: 1000
  seed: 1130155042
Random seed: 1130155042

Starting simulation...
Time: 1.1, 
            Production Events: 0, 
            Suppression Events: 2
Time: 3.17, 
            Production Events: 1, 
            Suppression Events: 1
Time: 3.17, 
            Production Events: 0, 
            Suppression Events: 0
Time: 4.2, 
            Production Events: 0, 
            Suppression Events: 1
Time: 5.09, 
            Production Events: 0, 
            Suppression Events: 2
Time: 6.4, 
            Production Events: 1, 
            Suppression Events: 1
Time: 7.43, 
            Production Events: 1, 
            Suppression Events: 0
Time: 8.41, 
            Production Events: 0, 
            Suppression Events: 2
Time: 9.03, 
            Production Events: 0, 
            Suppression Events: 1
Time: 11.28, 
            Production Events: 0, 
            Suppression Events: 3
Time: 11.28, 
            Production Events: 0, 
            Suppression Events: 0
Time: 12.28, 
            Production Events: 0, 
            Suppression Events: 1
Time: 17.05, 
            Production Events: 0, 
            Suppression Events: 1
Time: 17.05, 
            Production Events: 0, 
            Suppression Events: 0
Time: 17.05, 
            Production Events: 0, 
            Suppression Events: 0
Time: 17.05, 
            Production Events: 0, 
            Suppression Events: 0
Time: 17.05, 
            Production Events: 0, 
            Suppression Events: 0
Time: 20.07, 
            Production Events: 0, 
            Suppression Events: 1
Time: 20.07, 
            Production Events: 0, 
            Suppression Events: 0
Time: 20.07, 
            Production Events: 0, 
            Suppression Events: 0
Time: 22.69, 
            Production Events: 0, 
            Suppression Events: 1
Time: 22.69, 
            Production Events: 0, 
            Suppression Events: 0
Time: 23.69, 
            Production Events: 0, 
            Suppression Events: 1
Time: 24.86, 
            Production Events: 1, 
            Suppression Events: 0
Time: 25.09, 
            Production Events: 0, 
            Suppression Events: 1
Time: 26.43, 
            Production Events: 1, 
            Suppression Events: 2
Time: 28.05, 
            Production Events: 0, 
            Suppression Events: 2
Time: 28.05, 
            Production Events: 0, 
            Suppression Events: 0
Time: 29.72, 
            Production Events: 0, 
            Suppression Events: 2
Time: 30.75, 
            Production Events: 0, 
            Suppression Events: 1
Time: 31.71, 
            Production Events: 0, 
            Suppression Events: 1
Time: 32.3, 
            Production Events: 0, 
            Suppression Events: 1
Time: 33.5, 
            Production Events: 0, 
            Suppression Events: 2
Time: 34.97, 
            Production Events: 0, 
            Suppression Events: 2
Time: 35.05, 
            Production Events: 0, 
            Suppression Events: 1
Time: 36.6, 
            Production Events: 0, 
            Suppression Events: 1
Time: 40.91, 
            Production Events: 1, 
            Suppression Events: 1
Time: 40.91, 
            Production Events: 0, 
            Suppression Events: 0
Time: 40.91, 
            Production Events: 0, 
            Suppression Events: 0
Time: 40.91, 
            Production Events: 0, 
            Suppression Events: 0
Time: 42.23, 
            Production Events: 0, 
            Suppression Events: 1
Time: 42.23, 
            Production Events: 0, 
            Suppression Events: 0
Time: 43.31, 
            Production Events: 0, 
            Suppression Events: 2
Time: 44.15, 
            Production Events: 0, 
            Suppression Events: 1
Time: 46.05, 
            Production Events: 1, 
            Suppression Events: 3
Time: 46.05, 
            Production Events: 0, 
            Suppression Events: 0
Time: 48.31, 
            Production Events: 0, 
            Suppression Events: 3
Time: 48.31, 
            Production Events: 0, 
            Suppression Events: 0
Time: 49.17, 
            Production Events: 0, 
            Suppression Events: 2
Time: 50.8, 
            Production Events: 0, 
            Suppression Events: 1
Time: 51.07, 
            Production Events: 0, 
            Suppression Events: 1
Time: 52.31, 
            Production Events: 1, 
            Suppression Events: 2
Time: 53.98, 
            Production Events: 0, 
            Suppression Events: 1
Time: 55.66, 
            Production Events: 0, 
            Suppression Events: 1
Time: 55.66, 
            Production Events: 0, 
            Suppression Events: 0
Time: 58.08, 
            Production Events: 0, 
            Suppression Events: 1
Time: 58.08, 
            Production Events: 0, 
            Suppression Events: 0
Time: 58.08, 
            Production Events: 0, 
            Suppression Events: 0
Time: 60.98, 
            Production Events: 0, 
            Suppression Events: 2
Time: 60.98, 
            Production Events: 0, 
            Suppression Events: 0
Time: 61.79, 
            Production Events: 1, 
            Suppression Events: 0
Time: 62.6, 
            Production Events: 0, 
            Suppression Events: 1
Time: 63.83, 
            Production Events: 0, 
            Suppression Events: 2
Time: 64.17, 
            Production Events: 0, 
            Suppression Events: 1
Time: 65.32, 
            Production Events: 0, 
            Suppression Events: 2
Time: 66.61, 
            Production Events: 0, 
            Suppression Events: 1
Time: 67.45, 
            Production Events: 0, 
            Suppression Events: 1
Time: 68.77, 
            Production Events: 1, 
            Suppression Events: 1
Time: 70.25, 
            Production Events: 2, 
            Suppression Events: 0
Time: 70.25, 
            Production Events: 0, 
            Suppression Events: 0
Time: 71.44, 
            Production Events: 1, 
            Suppression Events: 2
Time: 72.21, 
            Production Events: 0, 
            Suppression Events: 2
Time: 73.55, 
            Production Events: 0, 
            Suppression Events: 1
Time: 75.37, 
            Production Events: 0, 
            Suppression Events: 1
Time: 75.37, 
            Production Events: 0, 
            Suppression Events: 0
Time: 76.12, 
            Production Events: 0, 
            Suppression Events: 1
Time: 77.4, 
            Production Events: 0, 
            Suppression Events: 2
Time: 78.36, 
            Production Events: 1, 
            Suppression Events: 0
Time: 79.46, 
            Production Events: 0, 
            Suppression Events: 1
Time: 80.65, 
            Production Events: 0, 
            Suppression Events: 1
Time: 81.21, 
            Production Events: 0, 
            Suppression Events: 1
Time: 82.4, 
            Production Events: 0, 
            Suppression Events: 2
Time: 83.93, 
            Production Events: 0, 
            Suppression Events: 1
Time: 84.26, 
            Production Events: 0, 
            Suppression Events: 1
Time: 86.88, 
            Production Events: 0, 
            Suppression Events: 1
Time: 86.88, 
            Production Events: 0, 
            Suppression Events: 0
Time: 87.75, 
            Production Events: 0, 
            Suppression Events: 1
Time: 90.54, 
            Production Events: 0, 
            Suppression Events: 1
Time: 90.54, 
            Production Events: 0, 
            Suppression Events: 0
Time: 90.54, 
            Production Events: 0, 
            Suppression Events: 0
Time: 94.43, 
            Production Events: 0, 
            Suppression Events: 1
Time: 94.43, 
            Production Events: 0, 
            Suppression Events: 0
Time: 94.43, 
            Production Events: 0, 
            Suppression Events: 0
Time: 94.43, 
            Production Events: 0, 
            Suppression Events: 0
Time: 96.05, 
            Production Events: 1, 
            Suppression Events: 1
Time: 96.05, 
            Production Events: 0, 
            Suppression Events: 0
Time: 97.76, 
            Production Events: 0, 
            Suppression Events: 2
Time: 103.84, 
            Production Events: 0, 
            Suppression Events: 1
Time: 103.84, 
            Production Events: 0, 
            Suppression Events: 0
Time: 103.84, 
            Production Events: 0, 
            Suppression Events: 0
Time: 103.84, 
            Production Events: 0, 
            Suppression Events: 0
Time: 103.84, 
            Production Events: 0, 
            Suppression Events: 0
Time: 103.84, 
            Production Events: 0, 
            Suppression Events: 0
Time: 105.39, 
            Production Events: 0, 
            Suppression Events: 1
Time: 105.39, 
            Production Events: 0, 
            Suppression Events: 0
Time: 106.69, 
            Production Events: 1, 
            Suppression Events: 0
Time: 108.46, 
            Production Events: 0, 
            Suppression Events: 1
Time: 108.46, 
            Production Events: 0, 
            Suppression Events: 0
Time: 109.27, 
            Production Events: 0, 
            Suppression Events: 1
Time: 110.32, 
            Production Events: 0, 
            Suppression Events: 1
Time: 112.97, 
            Production Events: 0, 
            Suppression Events: 1
Time: 112.97, 
            Production Events: 0, 
            Suppression Events: 0
Time: 114.37, 
            Production Events: 0, 
            Suppression Events: 1
Time: 114.37, 
            Production Events: 0, 
            Suppression Events: 0
Time: 115.4, 
            Production Events: 0, 
            Suppression Events: 2
Time: 117.39, 
            Production Events: 0, 
            Suppression Events: 4
Time: 117.39, 
            Production Events: 0, 
            Suppression Events: 0
Time: 118.25, 
            Production Events: 1, 
            Suppression Events: 1
Time: 119.89, 
            Production Events: 1, 
            Suppression Events: 0
Time: 120.04, 
            Production Events: 0, 
            Suppression Events: 1
Time: 121.55, 
            Production Events: 0, 
            Suppression Events: 1
Time: 126.02, 
            Production Events: 0, 
            Suppression Events: 2
Time: 126.02, 
            Production Events: 0, 
            Suppression Events: 0
Time: 126.02, 
            Production Events: 0, 
            Suppression Events: 0
Time: 126.02, 
            Production Events: 0, 
            Suppression Events: 0
Time: 126.02, 
            Production Events: 0, 
            Suppression Events: 0
Time: 127.07, 
            Production Events: 1, 
            Suppression Events: 1
Time: 129.14, 
            Production Events: 1, 
            Suppression Events: 1
Time: 129.14, 
            Production Events: 0, 
            Suppression Events: 0
Time: 130.16, 
            Production Events: 0, 
            Suppression Events: 2
Time: 135.71, 
            Production Events: 1, 
            Suppression Events: 1
Time: 135.71, 
            Production Events: 0, 
            Suppression Events: 0
Time: 135.71, 
            Production Events: 0, 
            Suppression Events: 0
Time: 135.71, 
            Production Events: 0, 
            Suppression Events: 0
Time: 135.71, 
            Production Events: 0, 
            Suppression Events: 0
Time: 136.1, 
            Production Events: 0, 
            Suppression Events: 1
Time: 137.84, 
            Production Events: 2, 
            Suppression Events: 2
Time: 140.16, 
            Production Events: 1, 
            Suppression Events: 0
Time: 140.16, 
            Production Events: 0, 
            Suppression Events: 0
Time: 140.16, 
            Production Events: 0, 
            Suppression Events: 0
Time: 141.06, 
            Production Events: 0, 
            Suppression Events: 2
Time: 142.03, 
            Production Events: 0, 
            Suppression Events: 1
Time: 143.44, 
            Production Events: 0, 
            Suppression Events: 2
Time: 144.54, 
            Production Events: 1, 
            Suppression Events: 3
Time: 145.41, 
            Production Events: 0, 
            Suppression Events: 1
Time: 147.12, 
            Production Events: 0, 
            Suppression Events: 1
Time: 147.12, 
            Production Events: 0, 
            Suppression Events: 0
Time: 149.34, 
            Production Events: 0, 
            Suppression Events: 2
Time: 149.34, 
            Production Events: 0, 
            Suppression Events: 0
Time: 151.22, 
            Production Events: 0, 
            Suppression Events: 3
Time: 151.22, 
            Production Events: 0, 
            Suppression Events: 0
Time: 152.05, 
            Production Events: 0, 
            Suppression Events: 1
Time: 153.55, 
            Production Events: 2, 
            Suppression Events: 0
Time: 154.1, 
            Production Events: 0, 
            Suppression Events: 1
Time: 156.02, 
            Production Events: 0, 
            Suppression Events: 1
Time: 156.02, 
            Production Events: 0, 
            Suppression Events: 0
Time: 159.59, 
            Production Events: 0, 
            Suppression Events: 3
Time: 159.59, 
            Production Events: 0, 
            Suppression Events: 0
Time: 159.59, 
            Production Events: 0, 
            Suppression Events: 0
Time: 160.26, 
            Production Events: 0, 
            Suppression Events: 1
Time: 163.0, 
            Production Events: 0, 
            Suppression Events: 1
Time: 163.0, 
            Production Events: 0, 
            Suppression Events: 0
Time: 163.0, 
            Production Events: 0, 
            Suppression Events: 0
Time: 164.1, 
            Production Events: 0, 
            Suppression Events: 2
Time: 167.11, 
            Production Events: 0, 
            Suppression Events: 2
Time: 167.11, 
            Production Events: 0, 
            Suppression Events: 0
Time: 167.11, 
            Production Events: 0, 
            Suppression Events: 0
Time: 168.16, 
            Production Events: 0, 
            Suppression Events: 2
Time: 170.5, 
            Production Events: 0, 
            Suppression Events: 2
Time: 170.5, 
            Production Events: 0, 
            Suppression Events: 0
Time: 172.89, 
            Production Events: 0, 
            Suppression Events: 1
Time: 172.89, 
            Production Events: 0, 
            Suppression Events: 0
Time: 178.22, 
            Production Events: 0, 
            Suppression Events: 1
Time: 178.22, 
            Production Events: 0, 
            Suppression Events: 0
Time: 178.22, 
            Production Events: 0, 
            Suppression Events: 0
Time: 178.22, 
            Production Events: 0, 
            Suppression Events: 0
Time: 178.22, 
            Production Events: 0, 
            Suppression Events: 0
Time: 178.22, 
            Production Events: 0, 
            Suppression Events: 0
Time: 181.44, 
            Production Events: 1, 
            Suppression Events: 4
Time: 181.44, 
            Production Events: 0, 
            Suppression Events: 0
Time: 181.44, 
            Production Events: 0, 
            Suppression Events: 0
Time: 182.02, 
            Production Events: 0, 
            Suppression Events: 1
Time: 183.55, 
            Production Events: 0, 
            Suppression Events: 3
Time: 184.26, 
            Production Events: 0, 
            Suppression Events: 1
Time: 185.27, 
            Production Events: 0, 
            Suppression Events: 2
Time: 187.18, 
            Production Events: 0, 
            Suppression Events: 2
Time: 187.18, 
            Production Events: 0, 
            Suppression Events: 0
Time: 191.57, 
            Production Events: 1, 
            Suppression Events: 0
Time: 191.57, 
            Production Events: 0, 
            Suppression Events: 0
Time: 191.57, 
            Production Events: 0, 
            Suppression Events: 0
Time: 191.57, 
            Production Events: 0, 
            Suppression Events: 0
Time: 192.29, 
            Production Events: 0, 
            Suppression Events: 1
Time: 193.13, 
            Production Events: 1, 
            Suppression Events: 1
Time: 194.48, 
            Production Events: 1, 
            Suppression Events: 1
Time: 198.82, 
            Production Events: 0, 
            Suppression Events: 1
Time: 198.82, 
            Production Events: 0, 
            Suppression Events: 0
Time: 198.82, 
            Production Events: 0, 
            Suppression Events: 0
Time: 198.82, 
            Production Events: 0, 
            Suppression Events: 0
Time: 201.51, 
            Production Events: 0, 
            Suppression Events: 1
Time: 201.51, 
            Production Events: 0, 
            Suppression Events: 0
Time: 201.51, 
            Production Events: 0, 
            Suppression Events: 0
Time: 202.14, 
            Production Events: 0, 
            Suppression Events: 2
Time: 203.85, 
            Production Events: 0, 
            Suppression Events: 2
Time: 205.24, 
            Production Events: 0, 
            Suppression Events: 1
Time: 205.24, 
            Production Events: 0, 
            Suppression Events: 0
Time: 206.78, 
            Production Events: 0, 
            Suppression Events: 3
Time: 209.36, 
            Production Events: 0, 
            Suppression Events: 1
Time: 209.36, 
            Production Events: 0, 
            Suppression Events: 0
Time: 209.36, 
            Production Events: 0, 
            Suppression Events: 0
Time: 210.31, 
            Production Events: 1, 
            Suppression Events: 0
Time: 214.27, 
            Production Events: 0, 
            Suppression Events: 1
Time: 214.27, 
            Production Events: 0, 
            Suppression Events: 0
Time: 214.27, 
            Production Events: 0, 
            Suppression Events: 0
Time: 214.27, 
            Production Events: 0, 
            Suppression Events: 0
Time: 215.28, 
            Production Events: 0, 
            Suppression Events: 3
Time: 216.19, 
            Production Events: 0, 
            Suppression Events: 2
Time: 218.32, 
            Production Events: 0, 
            Suppression Events: 1
Time: 218.32, 
            Production Events: 0, 
            Suppression Events: 0
Time: 220.32, 
            Production Events: 0, 
            Suppression Events: 1
Time: 220.32, 
            Production Events: 0, 
            Suppression Events: 0
Time: 222.72, 
            Production Events: 0, 
            Suppression Events: 1
Time: 222.72, 
            Production Events: 0, 
            Suppression Events: 0
Time: 225.18, 
            Production Events: 0, 
            Suppression Events: 1
Time: 225.18, 
            Production Events: 0, 
            Suppression Events: 0
Time: 225.18, 
            Production Events: 0, 
            Suppression Events: 0
Time: 230.15, 
            Production Events: 1, 
            Suppression Events: 1
Time: 230.15, 
            Production Events: 0, 
            Suppression Events: 0
Time: 230.15, 
            Production Events: 0, 
            Suppression Events: 0
Time: 230.15, 
            Production Events: 0, 
            Suppression Events: 0
Time: 230.15, 
            Production Events: 0, 
            Suppression Events: 0
Time: 232.15, 
            Production Events: 0, 
            Suppression Events: 1
Time: 232.15, 
            Production Events: 0, 
            Suppression Events: 0
Time: 233.83, 
            Production Events: 1, 
            Suppression Events: 1
Time: 235.64, 
            Production Events: 1, 
            Suppression Events: 0
Time: 235.64, 
            Production Events: 0, 
            Suppression Events: 0
Time: 236.37, 
            Production Events: 0, 
            Suppression Events: 1
Time: 237.1, 
            Production Events: 1, 
            Suppression Events: 0
Time: 238.7, 
            Production Events: 0, 
            Suppression Events: 4
Time: 239.56, 
            Production Events: 0, 
            Suppression Events: 2
Time: 241.6, 
            Production Events: 0, 
            Suppression Events: 2
Time: 241.6, 
            Production Events: 0, 
            Suppression Events: 0
Time: 242.43, 
            Production Events: 0, 
            Suppression Events: 1
Time: 243.49, 
            Production Events: 0, 
            Suppression Events: 3
Time: 244.08, 
            Production Events: 0, 
            Suppression Events: 1
Time: 245.55, 
            Production Events: 0, 
            Suppression Events: 2
Time: 247.12, 
            Production Events: 1, 
            Suppression Events: 0
Time: 247.12, 
            Production Events: 0, 
            Suppression Events: 0
Time: 248.91, 
            Production Events: 0, 
            Suppression Events: 1
Time: 249.16, 
            Production Events: 0, 
            Suppression Events: 1
Time: 253.41, 
            Production Events: 0, 
            Suppression Events: 2
Time: 253.41, 
            Production Events: 0, 
            Suppression Events: 0
Time: 253.41, 
            Production Events: 0, 
            Suppression Events: 0
Time: 253.41, 
            Production Events: 0, 
            Suppression Events: 0
Time: 254.84, 
            Production Events: 0, 
            Suppression Events: 1
Time: 255.66, 
            Production Events: 0, 
            Suppression Events: 1
Time: 260.06, 
            Production Events: 0, 
            Suppression Events: 1
Time: 260.06, 
            Production Events: 0, 
            Suppression Events: 0
Time: 260.06, 
            Production Events: 0, 
            Suppression Events: 0
Time: 260.06, 
            Production Events: 0, 
            Suppression Events: 0
Time: 260.06, 
            Production Events: 0, 
            Suppression Events: 0
Time: 261.32, 
            Production Events: 0, 
            Suppression Events: 2
Time: 265.21, 
            Production Events: 0, 
            Suppression Events: 1
Time: 265.21, 
            Production Events: 0, 
            Suppression Events: 0
Time: 265.21, 
            Production Events: 0, 
            Suppression Events: 0
Time: 265.21, 
            Production Events: 0, 
            Suppression Events: 0
Time: 266.22, 
            Production Events: 0, 
            Suppression Events: 5
Time: 267.78, 
            Production Events: 0, 
            Suppression Events: 1
Time: 269.07, 
            Production Events: 0, 
            Suppression Events: 1
Time: 269.07, 
            Production Events: 0, 
            Suppression Events: 0
Time: 270.92, 
            Production Events: 1, 
            Suppression Events: 2
Time: 272.73, 
            Production Events: 0, 
            Suppression Events: 1
Time: 272.73, 
            Production Events: 0, 
            Suppression Events: 0
Time: 273.17, 
            Production Events: 0, 
            Suppression Events: 2
Time: 274.15, 
            Production Events: 1, 
            Suppression Events: 4
Time: 275.11, 
            Production Events: 0, 
            Suppression Events: 2
Time: 276.91, 
            Production Events: 0, 
            Suppression Events: 1
Time: 277.06, 
            Production Events: 0, 
            Suppression Events: 1
Time: 280.4, 
            Production Events: 0, 
            Suppression Events: 1
Time: 280.4, 
            Production Events: 0, 
            Suppression Events: 0
Time: 280.4, 
            Production Events: 0, 
            Suppression Events: 0
Time: 281.18, 
            Production Events: 0, 
            Suppression Events: 1
Time: 282.29, 
            Production Events: 0, 
            Suppression Events: 3
Time: 283.01, 
            Production Events: 0, 
            Suppression Events: 2
Time: 284.32, 
            Production Events: 0, 
            Suppression Events: 2
Time: 285.16, 
            Production Events: 0, 
            Suppression Events: 4
Time: 286.04, 
            Production Events: 0, 
            Suppression Events: 1
Time: 287.79, 
            Production Events: 0, 
            Suppression Events: 1
Time: 290.08, 
            Production Events: 0, 
            Suppression Events: 1
Time: 290.08, 
            Production Events: 0, 
            Suppression Events: 0
Time: 290.08, 
            Production Events: 0, 
            Suppression Events: 0
Time: 292.22, 
            Production Events: 0, 
            Suppression Events: 3
Time: 292.22, 
            Production Events: 0, 
            Suppression Events: 0
Time: 295.12, 
            Production Events: 1, 
            Suppression Events: 1
Time: 295.12, 
            Production Events: 0, 
            Suppression Events: 0
Time: 295.12, 
            Production Events: 0, 
            Suppression Events: 0
Time: 297.21, 
            Production Events: 0, 
            Suppression Events: 3
Time: 297.21, 
            Production Events: 0, 
            Suppression Events: 0
Time: 298.22, 
            Production Events: 0, 
            Suppression Events: 1
Time: 301.23, 
            Production Events: 0, 
            Suppression Events: 1
Time: 301.23, 
            Production Events: 0, 
            Suppression Events: 0
Time: 301.23, 
            Production Events: 0, 
            Suppression Events: 0
Time: 302.28, 
            Production Events: 1, 
            Suppression Events: 1
Time: 303.21, 
            Production Events: 1, 
            Suppression Events: 0
Time: 309.99, 
            Production Events: 0, 
            Suppression Events: 2
Time: 309.99, 
            Production Events: 0, 
            Suppression Events: 0
Time: 309.99, 
            Production Events: 0, 
            Suppression Events: 0
Time: 309.99, 
            Production Events: 0, 
            Suppression Events: 0
Time: 309.99, 
            Production Events: 0, 
            Suppression Events: 0
Time: 309.99, 
            Production Events: 0, 
            Suppression Events: 0
Time: 310.15, 
            Production Events: 0, 
            Suppression Events: 1
Time: 311.12, 
            Production Events: 0, 
            Suppression Events: 1
Time: 312.03, 
            Production Events: 0, 
            Suppression Events: 1
Time: 314.06, 
            Production Events: 0, 
            Suppression Events: 2
Time: 314.06, 
            Production Events: 0, 
            Suppression Events: 0
Time: 315.9, 
            Production Events: 0, 
            Suppression Events: 1
Time: 318.29, 
            Production Events: 0, 
            Suppression Events: 1
Time: 318.29, 
            Production Events: 0, 
            Suppression Events: 0
Time: 318.29, 
            Production Events: 0, 
            Suppression Events: 0
Time: 320.01, 
            Production Events: 0, 
            Suppression Events: 2
Time: 320.01, 
            Production Events: 0, 
            Suppression Events: 0
Time: 321.29, 
            Production Events: 0, 
            Suppression Events: 1
Time: 322.03, 
            Production Events: 1, 
            Suppression Events: 0
Time: 324.44, 
            Production Events: 0, 
            Suppression Events: 1
Time: 324.44, 
            Production Events: 0, 
            Suppression Events: 0
Time: 327.33, 
            Production Events: 1, 
            Suppression Events: 1
Time: 327.33, 
            Production Events: 0, 
            Suppression Events: 0
Time: 327.33, 
            Production Events: 0, 
            Suppression Events: 0
Time: 328.05, 
            Production Events: 0, 
            Suppression Events: 3
Time: 330.2, 
            Production Events: 0, 
            Suppression Events: 2
Time: 330.2, 
            Production Events: 0, 
            Suppression Events: 0
Time: 332.02, 
            Production Events: 0, 
            Suppression Events: 2
Time: 332.02, 
            Production Events: 0, 
            Suppression Events: 0
Time: 333.96, 
            Production Events: 0, 
            Suppression Events: 3
Time: 334.03, 
            Production Events: 0, 
            Suppression Events: 2
Time: 335.07, 
            Production Events: 2, 
            Suppression Events: 0
Time: 336.19, 
            Production Events: 0, 
            Suppression Events: 1
Time: 341.24, 
            Production Events: 0, 
            Suppression Events: 1
Time: 341.24, 
            Production Events: 0, 
            Suppression Events: 0
Time: 341.24, 
            Production Events: 0, 
            Suppression Events: 0
Time: 341.24, 
            Production Events: 0, 
            Suppression Events: 0
Time: 341.24, 
            Production Events: 0, 
            Suppression Events: 0
Time: 342.51, 
            Production Events: 1, 
            Suppression Events: 2
Time: 344.96, 
            Production Events: 0, 
            Suppression Events: 2
Time: 344.96, 
            Production Events: 0, 
            Suppression Events: 0
Time: 346.56, 
            Production Events: 0, 
            Suppression Events: 1
Time: 346.56, 
            Production Events: 0, 
            Suppression Events: 0
Time: 347.63, 
            Production Events: 1, 
            Suppression Events: 1
Time: 348.33, 
            Production Events: 0, 
            Suppression Events: 2
Time: 349.13, 
            Production Events: 0, 
            Suppression Events: 2
Time: 351.1, 
            Production Events: 0, 
            Suppression Events: 3
Time: 351.1, 
            Production Events: 0, 
            Suppression Events: 0
Time: 352.83, 
            Production Events: 0, 
            Suppression Events: 2
Time: 354.26, 
            Production Events: 0, 
            Suppression Events: 1
Time: 354.26, 
            Production Events: 0, 
            Suppression Events: 0
Time: 356.13, 
            Production Events: 1, 
            Suppression Events: 3
Time: 356.13, 
            Production Events: 0, 
            Suppression Events: 0
Time: 357.36, 
            Production Events: 1, 
            Suppression Events: 0
Time: 358.24, 
            Production Events: 0, 
            Suppression Events: 1
Time: 359.02, 
            Production Events: 0, 
            Suppression Events: 2
Time: 360.66, 
            Production Events: 0, 
            Suppression Events: 1
Time: 361.17, 
            Production Events: 0, 
            Suppression Events: 2
Time: 363.32, 
            Production Events: 0, 
            Suppression Events: 1
Time: 363.32, 
            Production Events: 0, 
            Suppression Events: 0
Time: 364.17, 
            Production Events: 0, 
            Suppression Events: 3
Time: 365.23, 
            Production Events: 0, 
            Suppression Events: 1
Time: 367.54, 
            Production Events: 0, 
            Suppression Events: 1
Time: 367.54, 
            Production Events: 0, 
            Suppression Events: 0
Time: 368.41, 
            Production Events: 0, 
            Suppression Events: 1
Time: 369.59, 
            Production Events: 0, 
            Suppression Events: 2
Time: 370.11, 
            Production Events: 0, 
            Suppression Events: 1
Time: 371.42, 
            Production Events: 0, 
            Suppression Events: 4
Time: 373.96, 
            Production Events: 0, 
            Suppression Events: 2
Time: 373.96, 
            Production Events: 0, 
            Suppression Events: 0
Time: 374.18, 
            Production Events: 0, 
            Suppression Events: 1
Time: 375.05, 
            Production Events: 0, 
            Suppression Events: 4
Time: 377.01, 
            Production Events: 0, 
            Suppression Events: 1
Time: 377.01, 
            Production Events: 0, 
            Suppression Events: 0
Time: 378.7, 
            Production Events: 1, 
            Suppression Events: 1
Time: 379.52, 
            Production Events: 0, 
            Suppression Events: 1
Time: 380.22, 
            Production Events: 0, 
            Suppression Events: 3
Time: 381.6, 
            Production Events: 0, 
            Suppression Events: 2
Time: 383.8, 
            Production Events: 0, 
            Suppression Events: 1
Time: 383.8, 
            Production Events: 0, 
            Suppression Events: 0
Time: 385.1, 
            Production Events: 0, 
            Suppression Events: 1
Time: 385.1, 
            Production Events: 0, 
            Suppression Events: 0
Time: 386.97, 
            Production Events: 0, 
            Suppression Events: 2
Time: 387.18, 
            Production Events: 1, 
            Suppression Events: 0
Time: 388.25, 
            Production Events: 0, 
            Suppression Events: 2
Time: 389.57, 
            Production Events: 0, 
            Suppression Events: 2
Time: 391.28, 
            Production Events: 0, 
            Suppression Events: 1
Time: 391.28, 
            Production Events: 0, 
            Suppression Events: 0
Time: 392.11, 
            Production Events: 0, 
            Suppression Events: 1
Time: 393.46, 
            Production Events: 1, 
            Suppression Events: 1
Time: 397.03, 
            Production Events: 0, 
            Suppression Events: 1
Time: 397.03, 
            Production Events: 0, 
            Suppression Events: 0
Time: 397.03, 
            Production Events: 0, 
            Suppression Events: 0
Time: 397.03, 
            Production Events: 0, 
            Suppression Events: 0
Time: 398.21, 
            Production Events: 0, 
            Suppression Events: 2
Time: 399.73, 
            Production Events: 1, 
            Suppression Events: 0
Time: 402.5, 
            Production Events: 0, 
            Suppression Events: 1
Time: 402.5, 
            Production Events: 0, 
            Suppression Events: 0
Time: 402.5, 
            Production Events: 0, 
            Suppression Events: 0
Time: 403.97, 
            Production Events: 0, 
            Suppression Events: 1
Time: 404.37, 
            Production Events: 0, 
            Suppression Events: 1
Time: 405.81, 
            Production Events: 1, 
            Suppression Events: 0
Time: 406.42, 
            Production Events: 0, 
            Suppression Events: 1
Time: 410.14, 
            Production Events: 0, 
            Suppression Events: 1
Time: 410.14, 
            Production Events: 0, 
            Suppression Events: 0
Time: 410.14, 
            Production Events: 0, 
            Suppression Events: 0
Time: 410.14, 
            Production Events: 0, 
            Suppression Events: 0
Time: 412.53, 
            Production Events: 0, 
            Suppression Events: 3
Time: 412.53, 
            Production Events: 0, 
            Suppression Events: 0
Time: 413.21, 
            Production Events: 0, 
            Suppression Events: 3
Time: 414.78, 
            Production Events: 1, 
            Suppression Events: 0
Time: 416.34, 
            Production Events: 0, 
            Suppression Events: 1
Time: 416.34, 
            Production Events: 0, 
            Suppression Events: 0
Time: 418.01, 
            Production Events: 0, 
            Suppression Events: 2
Time: 418.01, 
            Production Events: 0, 
            Suppression Events: 0
Time: 419.07, 
            Production Events: 0, 
            Suppression Events: 3
Time: 420.85, 
            Production Events: 0, 
            Suppression Events: 1
Time: 421.35, 
            Production Events: 0, 
            Suppression Events: 1
Time: 422.12, 
            Production Events: 0, 
            Suppression Events: 1
Time: 426.42, 
            Production Events: 0, 
            Suppression Events: 2
Time: 426.42, 
            Production Events: 0, 
            Suppression Events: 0
Time: 426.42, 
            Production Events: 0, 
            Suppression Events: 0
Time: 426.42, 
            Production Events: 0, 
            Suppression Events: 0
Time: 427.21, 
            Production Events: 1, 
            Suppression Events: 0
Time: 429.24, 
            Production Events: 1, 
            Suppression Events: 2
Time: 429.24, 
            Production Events: 0, 
            Suppression Events: 0
Time: 431.41, 
            Production Events: 0, 
            Suppression Events: 3
Time: 431.41, 
            Production Events: 0, 
            Suppression Events: 0
Time: 433.77, 
            Production Events: 0, 
            Suppression Events: 1
Time: 433.77, 
            Production Events: 0, 
            Suppression Events: 0
Time: 434.33, 
            Production Events: 0, 
            Suppression Events: 1
Time: 435.18, 
            Production Events: 0, 
            Suppression Events: 1
Time: 437.01, 
            Production Events: 0, 
            Suppression Events: 1
Time: 437.01, 
            Production Events: 0, 
            Suppression Events: 0
Time: 439.08, 
            Production Events: 0, 
            Suppression Events: 4
Time: 439.08, 
            Production Events: 0, 
            Suppression Events: 0
Time: 440.97, 
            Production Events: 0, 
            Suppression Events: 2
Time: 441.69, 
            Production Events: 0, 
            Suppression Events: 1
Time: 443.1, 
            Production Events: 0, 
            Suppression Events: 1
Time: 443.1, 
            Production Events: 0, 
            Suppression Events: 0
Time: 444.5, 
            Production Events: 1, 
            Suppression Events: 1
Time: 446.18, 
            Production Events: 0, 
            Suppression Events: 1
Time: 446.18, 
            Production Events: 0, 
            Suppression Events: 0
Time: 447.32, 
            Production Events: 0, 
            Suppression Events: 1
Time: 448.01, 
            Production Events: 0, 
            Suppression Events: 1
Time: 450.54, 
            Production Events: 0, 
            Suppression Events: 3
Time: 450.54, 
            Production Events: 0, 
            Suppression Events: 0
Time: 451.4, 
            Production Events: 0, 
            Suppression Events: 1
Time: 452.49, 
            Production Events: 0, 
            Suppression Events: 3
Time: 453.31, 
            Production Events: 0, 
            Suppression Events: 1
Time: 455.84, 
            Production Events: 0, 
            Suppression Events: 2
Time: 455.84, 
            Production Events: 0, 
            Suppression Events: 0
Time: 457.25, 
            Production Events: 0, 
            Suppression Events: 1
Time: 457.25, 
            Production Events: 0, 
            Suppression Events: 0
Time: 458.77, 
            Production Events: 0, 
            Suppression Events: 2
Time: 460.28, 
            Production Events: 0, 
            Suppression Events: 1
Time: 460.28, 
            Production Events: 0, 
            Suppression Events: 0
Time: 461.65, 
            Production Events: 0, 
            Suppression Events: 3
Time: 463.32, 
            Production Events: 0, 
            Suppression Events: 2
Time: 463.32, 
            Production Events: 0, 
            Suppression Events: 0
Time: 464.84, 
            Production Events: 0, 
            Suppression Events: 2
Time: 465.09, 
            Production Events: 1, 
            Suppression Events: 1
Time: 467.08, 
            Production Events: 1, 
            Suppression Events: 1
Time: 467.08, 
            Production Events: 0, 
            Suppression Events: 0
Time: 468.3, 
            Production Events: 0, 
            Suppression Events: 1
Time: 469.09, 
            Production Events: 0, 
            Suppression Events: 1
Time: 471.19, 
            Production Events: 0, 
            Suppression Events: 4
Time: 471.19, 
            Production Events: 0, 
            Suppression Events: 0
Time: 474.37, 
            Production Events: 0, 
            Suppression Events: 2
Time: 474.37, 
            Production Events: 0, 
            Suppression Events: 0
Time: 474.37, 
            Production Events: 0, 
            Suppression Events: 0
Time: 475.22, 
            Production Events: 0, 
            Suppression Events: 2
Time: 476.67, 
            Production Events: 0, 
            Suppression Events: 1
Time: 478.19, 
            Production Events: 1, 
            Suppression Events: 1
Time: 478.19, 
            Production Events: 0, 
            Suppression Events: 0
Time: 480.39, 
            Production Events: 0, 
            Suppression Events: 1
Time: 480.39, 
            Production Events: 0, 
            Suppression Events: 0
Time: 481.01, 
            Production Events: 0, 
            Suppression Events: 1
Time: 482.19, 
            Production Events: 0, 
            Suppression Events: 4
Time: 484.29, 
            Production Events: 0, 
            Suppression Events: 2
Time: 484.29, 
            Production Events: 0, 
            Suppression Events: 0
Time: 491.07, 
            Production Events: 0, 
            Suppression Events: 1
Time: 491.07, 
            Production Events: 0, 
            Suppression Events: 0
Time: 491.07, 
            Production Events: 0, 
            Suppression Events: 0
Time: 491.07, 
            Production Events: 0, 
            Suppression Events: 0
Time: 491.07, 
            Production Events: 0, 
            Suppression Events: 0
Time: 491.07, 
            Production Events: 0, 
            Suppression Events: 0
Time: 491.07, 
            Production Events: 0, 
            Suppression Events: 0
Time: 493.01, 
            Production Events: 1, 
            Suppression Events: 2
Time: 493.01, 
            Production Events: 0, 
            Suppression Events: 0
Time: 494.03, 
            Production Events: 0, 
            Suppression Events: 1
Time: 495.75, 
            Production Events: 0, 
            Suppression Events: 2
Time: 496.67, 
            Production Events: 1, 
            Suppression Events: 0
Time: 497.41, 
            Production Events: 0, 
            Suppression Events: 1
Time: 499.16, 
            Production Events: 1, 
            Suppression Events: 1
Time: 499.16, 
            Production Events: 0, 
            Suppression Events: 0
Time: 500.02, 
            Production Events: 0, 
            Suppression Events: 1
Time: 501.48, 
            Production Events: 0, 
            Suppression Events: 5
Time: 503.12, 
            Production Events: 0, 
            Suppression Events: 2
Time: 503.12, 
            Production Events: 0, 
            Suppression Events: 0
Time: 504.42, 
            Production Events: 1, 
            Suppression Events: 0
Time: 506.39, 
            Production Events: 0, 
            Suppression Events: 3
Time: 506.39, 
            Production Events: 0, 
            Suppression Events: 0
Time: 507.2, 
            Production Events: 0, 
            Suppression Events: 1
Time: 509.08, 
            Production Events: 1, 
            Suppression Events: 2
Time: 509.08, 
            Production Events: 0, 
            Suppression Events: 0
Time: 511.19, 
            Production Events: 0, 
            Suppression Events: 2
Time: 511.19, 
            Production Events: 0, 
            Suppression Events: 0
Time: 513.42, 
            Production Events: 0, 
            Suppression Events: 1
Time: 513.42, 
            Production Events: 0, 
            Suppression Events: 0
Time: 514.42, 
            Production Events: 0, 
            Suppression Events: 1
Time: 515.16, 
            Production Events: 0, 
            Suppression Events: 3
Time: 517.55, 
            Production Events: 0, 
            Suppression Events: 2
Time: 517.55, 
            Production Events: 0, 
            Suppression Events: 0
Time: 518.09, 
            Production Events: 0, 
            Suppression Events: 1
Time: 519.14, 
            Production Events: 1, 
            Suppression Events: 1
Time: 521.17, 
            Production Events: 0, 
            Suppression Events: 1
Time: 521.17, 
            Production Events: 0, 
            Suppression Events: 0
Time: 522.16, 
            Production Events: 0, 
            Suppression Events: 3
Time: 524.64, 
            Production Events: 0, 
            Suppression Events: 2
Time: 524.64, 
            Production Events: 0, 
            Suppression Events: 0
Time: 525.32, 
            Production Events: 0, 
            Suppression Events: 1
Time: 529.95, 
            Production Events: 1, 
            Suppression Events: 2
Time: 529.95, 
            Production Events: 0, 
            Suppression Events: 0
Time: 529.95, 
            Production Events: 0, 
            Suppression Events: 0
Time: 529.95, 
            Production Events: 0, 
            Suppression Events: 0
Time: 530.58, 
            Production Events: 0, 
            Suppression Events: 1
Time: 531.25, 
            Production Events: 0, 
            Suppression Events: 2
Time: 532.03, 
            Production Events: 0, 
            Suppression Events: 3
Time: 533.24, 
            Production Events: 0, 
            Suppression Events: 5
Time: 535.51, 
            Production Events: 0, 
            Suppression Events: 2
Time: 535.51, 
            Production Events: 0, 
            Suppression Events: 0
Time: 539.76, 
            Production Events: 0, 
            Suppression Events: 1
Time: 539.76, 
            Production Events: 0, 
            Suppression Events: 0
Time: 539.76, 
            Production Events: 0, 
            Suppression Events: 0
Time: 539.76, 
            Production Events: 0, 
            Suppression Events: 0
Time: 540.73, 
            Production Events: 0, 
            Suppression Events: 1
Time: 541.27, 
            Production Events: 0, 
            Suppression Events: 1
Time: 542.91, 
            Production Events: 1, 
            Suppression Events: 0
Time: 543.08, 
            Production Events: 0, 
            Suppression Events: 1
Time: 544.99, 
            Production Events: 0, 
            Suppression Events: 2
Time: 545.07, 
            Production Events: 0, 
            Suppression Events: 1
Time: 546.58, 
            Production Events: 0, 
            Suppression Events: 3
Time: 547.08, 
            Production Events: 0, 
            Suppression Events: 1
Time: 548.11, 
            Production Events: 1, 
            Suppression Events: 0
Time: 549.36, 
            Production Events: 0, 
            Suppression Events: 2
Time: 551.12, 
            Production Events: 0, 
            Suppression Events: 1
Time: 551.12, 
            Production Events: 0, 
            Suppression Events: 0
Time: 553.07, 
            Production Events: 0, 
            Suppression Events: 2
Time: 553.07, 
            Production Events: 0, 
            Suppression Events: 0
Time: 557.46, 
            Production Events: 0, 
            Suppression Events: 2
Time: 557.46, 
            Production Events: 0, 
            Suppression Events: 0
Time: 557.46, 
            Production Events: 0, 
            Suppression Events: 0
Time: 557.46, 
            Production Events: 0, 
            Suppression Events: 0
Time: 558.13, 
            Production Events: 0, 
            Suppression Events: 1
Time: 560.37, 
            Production Events: 0, 
            Suppression Events: 2
Time: 560.37, 
            Production Events: 0, 
            Suppression Events: 0
Time: 564.53, 
            Production Events: 0, 
            Suppression Events: 1
Time: 564.53, 
            Production Events: 0, 
            Suppression Events: 0
Time: 564.53, 
            Production Events: 0, 
            Suppression Events: 0
Time: 564.53, 
            Production Events: 0, 
            Suppression Events: 0
Time: 565.01, 
            Production Events: 1, 
            Suppression Events: 0
Time: 566.01, 
            Production Events: 0, 
            Suppression Events: 1
Time: 567.94, 
            Production Events: 0, 
            Suppression Events: 2
Time: 568.97, 
            Production Events: 0, 
            Suppression Events: 1
Time: 569.42, 
            Production Events: 0, 
            Suppression Events: 1
Time: 571.5, 
            Production Events: 1, 
            Suppression Events: 3
Time: 571.5, 
            Production Events: 0, 
            Suppression Events: 0
Time: 572.22, 
            Production Events: 0, 
            Suppression Events: 3
Time: 573.74, 
            Production Events: 0, 
            Suppression Events: 1
Time: 574.3, 
            Production Events: 0, 
            Suppression Events: 1
Time: 575.42, 
            Production Events: 0, 
            Suppression Events: 4
Time: 576.27, 
            Production Events: 0, 
            Suppression Events: 2
Time: 578.57, 
            Production Events: 0, 
            Suppression Events: 1
Time: 578.57, 
            Production Events: 0, 
            Suppression Events: 0
Time: 579.34, 
            Production Events: 0, 
            Suppression Events: 2
Time: 581.15, 
            Production Events: 0, 
            Suppression Events: 4
Time: 581.15, 
            Production Events: 0, 
            Suppression Events: 0
Time: 582.05, 
            Production Events: 1, 
            Suppression Events: 1
Time: 584.1, 
            Production Events: 0, 
            Suppression Events: 1
Time: 584.1, 
            Production Events: 0, 
            Suppression Events: 0
Time: 585.63, 
            Production Events: 0, 
            Suppression Events: 2
Time: 586.16, 
            Production Events: 0, 
            Suppression Events: 1
Time: 588.22, 
            Production Events: 0, 
            Suppression Events: 1
Time: 588.22, 
            Production Events: 0, 
            Suppression Events: 0
Time: 589.51, 
            Production Events: 0, 
            Suppression Events: 1
Time: 590.03, 
            Production Events: 0, 
            Suppression Events: 1
Time: 591.13, 
            Production Events: 0, 
            Suppression Events: 2
Time: 592.03, 
            Production Events: 0, 
            Suppression Events: 1
Time: 594.27, 
            Production Events: 0, 
            Suppression Events: 3
Time: 594.27, 
            Production Events: 0, 
            Suppression Events: 0
Time: 595.69, 
            Production Events: 0, 
            Suppression Events: 1
Time: 597.58, 
            Production Events: 0, 
            Suppression Events: 1
Time: 597.58, 
            Production Events: 0, 
            Suppression Events: 0
Time: 598.02, 
            Production Events: 0, 
            Suppression Events: 1
Time: 599.61, 
            Production Events: 0, 
            Suppression Events: 2
Time: 600.23, 
            Production Events: 0, 
            Suppression Events: 1
Time: 602.34, 
            Production Events: 0, 
            Suppression Events: 1
Time: 602.34, 
            Production Events: 0, 
            Suppression Events: 0
Time: 603.52, 
            Production Events: 1, 
            Suppression Events: 1
Time: 604.85, 
            Production Events: 1, 
            Suppression Events: 0
Time: 605.65, 
            Production Events: 0, 
            Suppression Events: 1
Time: 607.12, 
            Production Events: 0, 
            Suppression Events: 1
Time: 607.12, 
            Production Events: 0, 
            Suppression Events: 0
Time: 608.41, 
            Production Events: 0, 
            Suppression Events: 2
Time: 610.14, 
            Production Events: 0, 
            Suppression Events: 1
Time: 610.14, 
            Production Events: 0, 
            Suppression Events: 0
Time: 611.43, 
            Production Events: 0, 
            Suppression Events: 2
Time: 612.34, 
            Production Events: 0, 
            Suppression Events: 2
Time: 614.76, 
            Production Events: 0, 
            Suppression Events: 1
Time: 614.76, 
            Production Events: 0, 
            Suppression Events: 0
Time: 615.69, 
            Production Events: 0, 
            Suppression Events: 1
Time: 618.35, 
            Production Events: 0, 
            Suppression Events: 1
Time: 618.35, 
            Production Events: 0, 
            Suppression Events: 0
Time: 618.35, 
            Production Events: 0, 
            Suppression Events: 0
Time: 620.51, 
            Production Events: 0, 
            Suppression Events: 2
Time: 620.51, 
            Production Events: 0, 
            Suppression Events: 0
Time: 621.14, 
            Production Events: 0, 
            Suppression Events: 1
Time: 622.04, 
            Production Events: 0, 
            Suppression Events: 2
Time: 626.17, 
            Production Events: 0, 
            Suppression Events: 1
Time: 626.17, 
            Production Events: 0, 
            Suppression Events: 0
Time: 626.17, 
            Production Events: 0, 
            Suppression Events: 0
Time: 626.17, 
            Production Events: 0, 
            Suppression Events: 0
Time: 628.71, 
            Production Events: 0, 
            Suppression Events: 2
Time: 628.71, 
            Production Events: 0, 
            Suppression Events: 0
Time: 629.78, 
            Production Events: 0, 
            Suppression Events: 1
Time: 630.33, 
            Production Events: 0, 
            Suppression Events: 2
Time: 631.7, 
            Production Events: 0, 
            Suppression Events: 1
Time: 632.51, 
            Production Events: 0, 
            Suppression Events: 1
Time: 633.51, 
            Production Events: 0, 
            Suppression Events: 1
Time: 634.24, 
            Production Events: 0, 
            Suppression Events: 1
Time: 635.87, 
            Production Events: 0, 
            Suppression Events: 1
Time: 637.81, 
            Production Events: 0, 
            Suppression Events: 1
Time: 637.81, 
            Production Events: 0, 
            Suppression Events: 0
Time: 638.05, 
            Production Events: 1, 
            Suppression Events: 0
Time: 641.03, 
            Production Events: 0, 
            Suppression Events: 2
Time: 641.03, 
            Production Events: 0, 
            Suppression Events: 0
Time: 641.03, 
            Production Events: 0, 
            Suppression Events: 0
Time: 642.05, 
            Production Events: 0, 
            Suppression Events: 1
Time: 643.51, 
            Production Events: 0, 
            Suppression Events: 2
Time: 644.04, 
            Production Events: 0, 
            Suppression Events: 1
Time: 645.15, 
            Production Events: 0, 
            Suppression Events: 2
Time: 647.93, 
            Production Events: 0, 
            Suppression Events: 1
Time: 647.93, 
            Production Events: 0, 
            Suppression Events: 0
Time: 649.11, 
            Production Events: 0, 
            Suppression Events: 1
Time: 649.11, 
            Production Events: 0, 
            Suppression Events: 0
Time: 651.73, 
            Production Events: 0, 
            Suppression Events: 2
Time: 651.73, 
            Production Events: 0, 
            Suppression Events: 0
Time: 655.76, 
            Production Events: 0, 
            Suppression Events: 1
Time: 655.76, 
            Production Events: 0, 
            Suppression Events: 0
Time: 655.76, 
            Production Events: 0, 
            Suppression Events: 0
Time: 655.76, 
            Production Events: 0, 
            Suppression Events: 0
Time: 658.86, 
            Production Events: 0, 
            Suppression Events: 2
Time: 658.86, 
            Production Events: 0, 
            Suppression Events: 0
Time: 658.86, 
            Production Events: 0, 
            Suppression Events: 0
Time: 661.06, 
            Production Events: 0, 
            Suppression Events: 2
Time: 661.06, 
            Production Events: 0, 
            Suppression Events: 0
Time: 661.06, 
            Production Events: 0, 
            Suppression Events: 0
Time: 663.58, 
            Production Events: 0, 
            Suppression Events: 2
Time: 663.58, 
            Production Events: 0, 
            Suppression Events: 0
Time: 665.8, 
            Production Events: 0, 
            Suppression Events: 2
Time: 665.8, 
            Production Events: 0, 
            Suppression Events: 0
Time: 667.24, 
            Production Events: 0, 
            Suppression Events: 1
Time: 667.24, 
            Production Events: 0, 
            Suppression Events: 0
Time: 669.34, 
            Production Events: 0, 
            Suppression Events: 1
Time: 669.34, 
            Production Events: 0, 
            Suppression Events: 0
Time: 670.19, 
            Production Events: 0, 
            Suppression Events: 2
Time: 671.28, 
            Production Events: 1, 
            Suppression Events: 1
Time: 672.47, 
            Production Events: 0, 
            Suppression Events: 1
Time: 674.61, 
            Production Events: 0, 
            Suppression Events: 1
Time: 674.61, 
            Production Events: 0, 
            Suppression Events: 0
Time: 675.99, 
            Production Events: 0, 
            Suppression Events: 2
Time: 676.24, 
            Production Events: 0, 
            Suppression Events: 1
Time: 677.07, 
            Production Events: 0, 
            Suppression Events: 2
Time: 678.09, 
            Production Events: 0, 
            Suppression Events: 3
Time: 679.07, 
            Production Events: 0, 
            Suppression Events: 1
Time: 680.42, 
            Production Events: 0, 
            Suppression Events: 2
Time: 681.73, 
            Production Events: 0, 
            Suppression Events: 1
Time: 683.17, 
            Production Events: 0, 
            Suppression Events: 1
Time: 683.17, 
            Production Events: 0, 
            Suppression Events: 0
Time: 686.5, 
            Production Events: 0, 
            Suppression Events: 3
Time: 686.5, 
            Production Events: 0, 
            Suppression Events: 0
Time: 686.5, 
            Production Events: 0, 
            Suppression Events: 0
Time: 687.34, 
            Production Events: 1, 
            Suppression Events: 0
Time: 689.43, 
            Production Events: 0, 
            Suppression Events: 1
Time: 689.43, 
            Production Events: 0, 
            Suppression Events: 0
Time: 691.14, 
            Production Events: 0, 
            Suppression Events: 1
Time: 691.14, 
            Production Events: 0, 
            Suppression Events: 0
Time: 692.43, 
            Production Events: 0, 
            Suppression Events: 2
Time: 693.4, 
            Production Events: 0, 
            Suppression Events: 1
Time: 697.69, 
            Production Events: 0, 
            Suppression Events: 3
Time: 697.69, 
            Production Events: 0, 
            Suppression Events: 0
Time: 697.69, 
            Production Events: 0, 
            Suppression Events: 0
Time: 697.69, 
            Production Events: 0, 
            Suppression Events: 0
Time: 698.15, 
            Production Events: 0, 
            Suppression Events: 1
Time: 701.64, 
            Production Events: 0, 
            Suppression Events: 2
Time: 701.64, 
            Production Events: 0, 
            Suppression Events: 0
Time: 701.64, 
            Production Events: 0, 
            Suppression Events: 0
Time: 703.52, 
            Production Events: 0, 
            Suppression Events: 1
Time: 703.52, 
            Production Events: 0, 
            Suppression Events: 0
Time: 704.21, 
            Production Events: 0, 
            Suppression Events: 2
Time: 705.91, 
            Production Events: 0, 
            Suppression Events: 1
Time: 707.5, 
            Production Events: 0, 
            Suppression Events: 1
Time: 707.5, 
            Production Events: 0, 
            Suppression Events: 0
Time: 708.61, 
            Production Events: 0, 
            Suppression Events: 1
Time: 709.61, 
            Production Events: 0, 
            Suppression Events: 1
Time: 710.77, 
            Production Events: 0, 
            Suppression Events: 1
Time: 711.34, 
            Production Events: 0, 
            Suppression Events: 1
Time: 712.75, 
            Production Events: 0, 
            Suppression Events: 1
Time: 716.53, 
            Production Events: 0, 
            Suppression Events: 1
Time: 716.53, 
            Production Events: 0, 
            Suppression Events: 0
Time: 716.53, 
            Production Events: 0, 
            Suppression Events: 0
Time: 716.53, 
            Production Events: 0, 
            Suppression Events: 0
Time: 717.7, 
            Production Events: 0, 
            Suppression Events: 1
Time: 718.15, 
            Production Events: 0, 
            Suppression Events: 1
Time: 720.47, 
            Production Events: 0, 
            Suppression Events: 1
Time: 720.47, 
            Production Events: 0, 
            Suppression Events: 0
Time: 721.27, 
            Production Events: 0, 
            Suppression Events: 2
Time: 723.7, 
            Production Events: 0, 
            Suppression Events: 2
Time: 723.7, 
            Production Events: 0, 
            Suppression Events: 0
Time: 724.52, 
            Production Events: 0, 
            Suppression Events: 1
Time: 725.91, 
            Production Events: 0, 
            Suppression Events: 3
Time: 726.43, 
            Production Events: 0, 
            Suppression Events: 1
Time: 727.31, 
            Production Events: 0, 
            Suppression Events: 4
Time: 728.23, 
            Production Events: 0, 
            Suppression Events: 3
Time: 729.08, 
            Production Events: 0, 
            Suppression Events: 1
Time: 730.4, 
            Production Events: 0, 
            Suppression Events: 3
Time: 731.6, 
            Production Events: 0, 
            Suppression Events: 1
Time: 732.51, 
            Production Events: 0, 
            Suppression Events: 1
Time: 733.26, 
            Production Events: 0, 
            Suppression Events: 1
Time: 734.52, 
            Production Events: 0, 
            Suppression Events: 1
Time: 735.05, 
            Production Events: 0, 
            Suppression Events: 1
Time: 736.96, 
            Production Events: 0, 
            Suppression Events: 2
Time: 741.02, 
            Production Events: 1, 
            Suppression Events: 1
Time: 741.02, 
            Production Events: 0, 
            Suppression Events: 0
Time: 741.02, 
            Production Events: 0, 
            Suppression Events: 0
Time: 741.02, 
            Production Events: 0, 
            Suppression Events: 0
Time: 741.02, 
            Production Events: 0, 
            Suppression Events: 0
Time: 743.8, 
            Production Events: 0, 
            Suppression Events: 1
Time: 743.8, 
            Production Events: 0, 
            Suppression Events: 0
Time: 744.49, 
            Production Events: 0, 
            Suppression Events: 2
Time: 745.38, 
            Production Events: 0, 
            Suppression Events: 1
Time: 746.78, 
            Production Events: 0, 
            Suppression Events: 2
Time: 747.28, 
            Production Events: 0, 
            Suppression Events: 1
Time: 748.95, 
            Production Events: 1, 
            Suppression Events: 3
Time: 749.18, 
            Production Events: 0, 
            Suppression Events: 1
Time: 750.37, 
            Production Events: 0, 
            Suppression Events: 2
Time: 752.12, 
            Production Events: 0, 
            Suppression Events: 2
Time: 752.12, 
            Production Events: 0, 
            Suppression Events: 0
Time: 753.31, 
            Production Events: 0, 
            Suppression Events: 1
Time: 754.41, 
            Production Events: 0, 
            Suppression Events: 1
Time: 756.18, 
            Production Events: 0, 
            Suppression Events: 2
Time: 756.18, 
            Production Events: 0, 
            Suppression Events: 0
Time: 758.4, 
            Production Events: 0, 
            Suppression Events: 2
Time: 758.4, 
            Production Events: 0, 
            Suppression Events: 0
Time: 759.45, 
            Production Events: 0, 
            Suppression Events: 1
Time: 762.23, 
            Production Events: 0, 
            Suppression Events: 1
Time: 762.23, 
            Production Events: 0, 
            Suppression Events: 0
Time: 762.23, 
            Production Events: 0, 
            Suppression Events: 0
Time: 763.55, 
            Production Events: 0, 
            Suppression Events: 2
Time: 766.09, 
            Production Events: 0, 
            Suppression Events: 1
Time: 766.09, 
            Production Events: 0, 
            Suppression Events: 0
Time: 766.09, 
            Production Events: 0, 
            Suppression Events: 0
Time: 767.98, 
            Production Events: 0, 
            Suppression Events: 1
Time: 768.27, 
            Production Events: 0, 
            Suppression Events: 1
Time: 771.57, 
            Production Events: 0, 
            Suppression Events: 1
Time: 771.57, 
            Production Events: 0, 
            Suppression Events: 0
Time: 771.57, 
            Production Events: 0, 
            Suppression Events: 0
Time: 773.04, 
            Production Events: 0, 
            Suppression Events: 2
Time: 773.04, 
            Production Events: 0, 
            Suppression Events: 0
Time: 776.1, 
            Production Events: 0, 
            Suppression Events: 3
Time: 776.1, 
            Production Events: 0, 
            Suppression Events: 0
Time: 776.1, 
            Production Events: 0, 
            Suppression Events: 0
Time: 777.62, 
            Production Events: 0, 
            Suppression Events: 1
Time: 779.93, 
            Production Events: 0, 
            Suppression Events: 1
Time: 779.93, 
            Production Events: 0, 
            Suppression Events: 0
Time: 781.64, 
            Production Events: 0, 
            Suppression Events: 1
Time: 781.64, 
            Production Events: 0, 
            Suppression Events: 0
Time: 782.04, 
            Production Events: 0, 
            Suppression Events: 1
Time: 783.88, 
            Production Events: 0, 
            Suppression Events: 2
Time: 784.61, 
            Production Events: 0, 
            Suppression Events: 1
Time: 787.06, 
            Production Events: 0, 
            Suppression Events: 1
Time: 787.06, 
            Production Events: 0, 
            Suppression Events: 0
Time: 787.06, 
            Production Events: 0, 
            Suppression Events: 0
Time: 788.4, 
            Production Events: 0, 
            Suppression Events: 1
Time: 789.38, 
            Production Events: 1, 
            Suppression Events: 0
Time: 791.43, 
            Production Events: 0, 
            Suppression Events: 2
Time: 791.43, 
            Production Events: 0, 
            Suppression Events: 0
Time: 792.7, 
            Production Events: 0, 
            Suppression Events: 3
Time: 794.08, 
            Production Events: 0, 
            Suppression Events: 1
Time: 794.08, 
            Production Events: 0, 
            Suppression Events: 0
Time: 797.15, 
            Production Events: 0, 
            Suppression Events: 2
Time: 797.15, 
            Production Events: 0, 
            Suppression Events: 0
Time: 797.15, 
            Production Events: 0, 
            Suppression Events: 0
Time: 798.26, 
            Production Events: 0, 
            Suppression Events: 1
Time: 800.55, 
            Production Events: 0, 
            Suppression Events: 2
Time: 800.55, 
            Production Events: 0, 
            Suppression Events: 0
Time: 802.39, 
            Production Events: 0, 
            Suppression Events: 3
Time: 802.39, 
            Production Events: 0, 
            Suppression Events: 0
Time: 804.13, 
            Production Events: 0, 
            Suppression Events: 2
Time: 804.13, 
            Production Events: 0, 
            Suppression Events: 0
Time: 805.69, 
            Production Events: 0, 
            Suppression Events: 3
Time: 806.6, 
            Production Events: 0, 
            Suppression Events: 1
Time: 807.28, 
            Production Events: 0, 
            Suppression Events: 1
Time: 809.49, 
            Production Events: 0, 
            Suppression Events: 1
Time: 809.49, 
            Production Events: 0, 
            Suppression Events: 0
Time: 812.83, 
            Production Events: 0, 
            Suppression Events: 2
Time: 812.83, 
            Production Events: 0, 
            Suppression Events: 0
Time: 812.83, 
            Production Events: 0, 
            Suppression Events: 0
Time: 813.62, 
            Production Events: 0, 
            Suppression Events: 1
Time: 814.25, 
            Production Events: 0, 
            Suppression Events: 1
Time: 816.84, 
            Production Events: 1, 
            Suppression Events: 0
Time: 816.84, 
            Production Events: 0, 
            Suppression Events: 0
Time: 817.09, 
            Production Events: 0, 
            Suppression Events: 1
Time: 818.24, 
            Production Events: 0, 
            Suppression Events: 1
Time: 820.16, 
            Production Events: 1, 
            Suppression Events: 2
Time: 820.16, 
            Production Events: 0, 
            Suppression Events: 0
Time: 821.71, 
            Production Events: 1, 
            Suppression Events: 1
Time: 822.02, 
            Production Events: 0, 
            Suppression Events: 1
Time: 823.09, 
            Production Events: 0, 
            Suppression Events: 2
Time: 825.85, 
            Production Events: 0, 
            Suppression Events: 3
Time: 825.85, 
            Production Events: 0, 
            Suppression Events: 0
Time: 826.5, 
            Production Events: 0, 
            Suppression Events: 1
Time: 827.78, 
            Production Events: 0, 
            Suppression Events: 1
Time: 828.57, 
            Production Events: 0, 
            Suppression Events: 1
Time: 830.01, 
            Production Events: 1, 
            Suppression Events: 0
Time: 830.01, 
            Production Events: 0, 
            Suppression Events: 0
Time: 831.61, 
            Production Events: 1, 
            Suppression Events: 1
Time: 836.53, 
            Production Events: 0, 
            Suppression Events: 1
Time: 836.53, 
            Production Events: 0, 
            Suppression Events: 0
Time: 836.53, 
            Production Events: 0, 
            Suppression Events: 0
Time: 836.53, 
            Production Events: 0, 
            Suppression Events: 0
Time: 836.53, 
            Production Events: 0, 
            Suppression Events: 0
Time: 837.77, 
            Production Events: 0, 
            Suppression Events: 2
Time: 838.44, 
            Production Events: 0, 
            Suppression Events: 1
Time: 839.47, 
            Production Events: 0, 
            Suppression Events: 1
Time: 840.15, 
            Production Events: 0, 
            Suppression Events: 1
Time: 841.1, 
            Production Events: 0, 
            Suppression Events: 2
Time: 842.64, 
            Production Events: 0, 
            Suppression Events: 3
Time: 843.98, 
            Production Events: 0, 
            Suppression Events: 3
Time: 844.71, 
            Production Events: 0, 
            Suppression Events: 1
Time: 846.15, 
            Production Events: 0, 
            Suppression Events: 1
Time: 846.15, 
            Production Events: 0, 
            Suppression Events: 0
Time: 850.7, 
            Production Events: 0, 
            Suppression Events: 2
Time: 850.7, 
            Production Events: 0, 
            Suppression Events: 0
Time: 850.7, 
            Production Events: 0, 
            Suppression Events: 0
Time: 850.7, 
            Production Events: 0, 
            Suppression Events: 0
Time: 853.31, 
            Production Events: 2, 
            Suppression Events: 1
Time: 853.31, 
            Production Events: 0, 
            Suppression Events: 0
Time: 853.31, 
            Production Events: 0, 
            Suppression Events: 0
Time: 854.51, 
            Production Events: 0, 
            Suppression Events: 1
Time: 858.37, 
            Production Events: 0, 
            Suppression Events: 2
Time: 858.37, 
            Production Events: 0, 
            Suppression Events: 0
Time: 858.37, 
            Production Events: 0, 
            Suppression Events: 0
Time: 858.37, 
            Production Events: 0, 
            Suppression Events: 0
Time: 861.7, 
            Production Events: 0, 
            Suppression Events: 2
Time: 861.7, 
            Production Events: 0, 
            Suppression Events: 0
Time: 861.7, 
            Production Events: 0, 
            Suppression Events: 0
Time: 863.41, 
            Production Events: 0, 
            Suppression Events: 1
Time: 863.41, 
            Production Events: 0, 
            Suppression Events: 0
Time: 865.42, 
            Production Events: 0, 
            Suppression Events: 1
Time: 865.42, 
            Production Events: 0, 
            Suppression Events: 0
Time: 866.38, 
            Production Events: 0, 
            Suppression Events: 1
Time: 869.0, 
            Production Events: 0, 
            Suppression Events: 1
Time: 869.0, 
            Production Events: 0, 
            Suppression Events: 0
Time: 871.92, 
            Production Events: 1, 
            Suppression Events: 0
Time: 871.92, 
            Production Events: 0, 
            Suppression Events: 0
Time: 871.92, 
            Production Events: 0, 
            Suppression Events: 0
Time: 873.24, 
            Production Events: 0, 
            Suppression Events: 1
Time: 873.24, 
            Production Events: 0, 
            Suppression Events: 0
Time: 875.16, 
            Production Events: 0, 
            Suppression Events: 4
Time: 875.16, 
            Production Events: 0, 
            Suppression Events: 0
Time: 876.63, 
            Production Events: 0, 
            Suppression Events: 1
Time: 877.09, 
            Production Events: 0, 
            Suppression Events: 1
Time: 880.29, 
            Production Events: 1, 
            Suppression Events: 2
Time: 880.29, 
            Production Events: 0, 
            Suppression Events: 0
Time: 880.29, 
            Production Events: 0, 
            Suppression Events: 0
Time: 881.26, 
            Production Events: 1, 
            Suppression Events: 2
Time: 882.92, 
            Production Events: 0, 
            Suppression Events: 1
Time: 883.9, 
            Production Events: 0, 
            Suppression Events: 1
Time: 884.3, 
            Production Events: 0, 
            Suppression Events: 1
Time: 885.23, 
            Production Events: 0, 
            Suppression Events: 2
Time: 886.08, 
            Production Events: 0, 
            Suppression Events: 1
Time: 888.09, 
            Production Events: 1, 
            Suppression Events: 1
Time: 888.09, 
            Production Events: 0, 
            Suppression Events: 0
Time: 889.66, 
            Production Events: 0, 
            Suppression Events: 4
Time: 890.08, 
            Production Events: 0, 
            Suppression Events: 4
Time: 892.34, 
            Production Events: 0, 
            Suppression Events: 2
Time: 892.34, 
            Production Events: 0, 
            Suppression Events: 0
Time: 894.57, 
            Production Events: 1, 
            Suppression Events: 1
Time: 894.57, 
            Production Events: 0, 
            Suppression Events: 0
Time: 897.04, 
            Production Events: 0, 
            Suppression Events: 1
Time: 897.04, 
            Production Events: 0, 
            Suppression Events: 0
Time: 897.04, 
            Production Events: 0, 
            Suppression Events: 0
Time: 898.04, 
            Production Events: 0, 
            Suppression Events: 1
Time: 899.44, 
            Production Events: 0, 
            Suppression Events: 2
Time: 902.22, 
            Production Events: 0, 
            Suppression Events: 2
Time: 902.22, 
            Production Events: 0, 
            Suppression Events: 0
Time: 902.22, 
            Production Events: 0, 
            Suppression Events: 0
Time: 905.2, 
            Production Events: 0, 
            Suppression Events: 1
Time: 905.2, 
            Production Events: 0, 
            Suppression Events: 0
Time: 905.2, 
            Production Events: 0, 
            Suppression Events: 0
Time: 906.82, 
            Production Events: 0, 
            Suppression Events: 2
Time: 907.99, 
            Production Events: 0, 
            Suppression Events: 1
Time: 909.93, 
            Production Events: 0, 
            Suppression Events: 1
Time: 909.93, 
            Production Events: 0, 
            Suppression Events: 0
Time: 910.17, 
            Production Events: 0, 
            Suppression Events: 1
Time: 911.16, 
            Production Events: 0, 
            Suppression Events: 2
Time: 912.01, 
            Production Events: 0, 
            Suppression Events: 1
Time: 915.81, 
            Production Events: 0, 
            Suppression Events: 2
Time: 915.81, 
            Production Events: 0, 
            Suppression Events: 0
Time: 915.81, 
            Production Events: 0, 
            Suppression Events: 0
Time: 916.5, 
            Production Events: 0, 
            Suppression Events: 1
Time: 917.27, 
            Production Events: 1, 
            Suppression Events: 0
Time: 919.63, 
            Production Events: 0, 
            Suppression Events: 2
Time: 919.63, 
            Production Events: 0, 
            Suppression Events: 0
Time: 921.03, 
            Production Events: 0, 
            Suppression Events: 1
Time: 921.03, 
            Production Events: 0, 
            Suppression Events: 0
Time: 922.19, 
            Production Events: 0, 
            Suppression Events: 1
Time: 923.36, 
            Production Events: 0, 
            Suppression Events: 1
Time: 924.18, 
            Production Events: 0, 
            Suppression Events: 1
Time: 925.19, 
            Production Events: 0, 
            Suppression Events: 2
Time: 926.41, 
            Production Events: 0, 
            Suppression Events: 1
Time: 927.62, 
            Production Events: 0, 
            Suppression Events: 1
Time: 937.63, 
            Production Events: 0, 
            Suppression Events: 1
Time: 937.63, 
            Production Events: 0, 
            Suppression Events: 0
Time: 937.63, 
            Production Events: 0, 
            Suppression Events: 0
Time: 937.63, 
            Production Events: 0, 
            Suppression Events: 0
Time: 937.63, 
            Production Events: 0, 
            Suppression Events: 0
Time: 937.63, 
            Production Events: 0, 
            Suppression Events: 0
Time: 937.63, 
            Production Events: 0, 
            Suppression Events: 0
Time: 937.63, 
            Production Events: 0, 
            Suppression Events: 0
Time: 937.63, 
            Production Events: 0, 
            Suppression Events: 0
Time: 937.63, 
            Production Events: 0, 
            Suppression Events: 0
Time: 939.28, 
            Production Events: 0, 
            Suppression Events: 2
Time: 939.28, 
            Production Events: 0, 
            Suppression Events: 0
Time: 940.38, 
            Production Events: 0, 
            Suppression Events: 2
Time: 941.2, 
            Production Events: 0, 
            Suppression Events: 3
Time: 945.06, 
            Production Events: 0, 
            Suppression Events: 2
Time: 945.06, 
            Production Events: 0, 
            Suppression Events: 0
Time: 945.06, 
            Production Events: 0, 
            Suppression Events: 0
Time: 945.06, 
            Production Events: 0, 
            Suppression Events: 0
Time: 946.07, 
            Production Events: 0, 
            Suppression Events: 1
Time: 947.5, 
            Production Events: 0, 
            Suppression Events: 2
Time: 948.16, 
            Production Events: 0, 
            Suppression Events: 1
Time: 952.71, 
            Production Events: 0, 
            Suppression Events: 1
Time: 952.71, 
            Production Events: 0, 
            Suppression Events: 0
Time: 952.71, 
            Production Events: 0, 
            Suppression Events: 0
Time: 952.71, 
            Production Events: 0, 
            Suppression Events: 0
Time: 954.94, 
            Production Events: 0, 
            Suppression Events: 1
Time: 954.94, 
            Production Events: 0, 
            Suppression Events: 0
Time: 956.41, 
            Production Events: 0, 
            Suppression Events: 1
Time: 956.41, 
            Production Events: 0, 
            Suppression Events: 0
Time: 959.1, 
            Production Events: 0, 
            Suppression Events: 2
Time: 959.1, 
            Production Events: 0, 
            Suppression Events: 0
Time: 959.1, 
            Production Events: 0, 
            Suppression Events: 0
Time: 960.59, 
            Production Events: 0, 
            Suppression Events: 1
Time: 964.09, 
            Production Events: 0, 
            Suppression Events: 1
Time: 964.09, 
            Production Events: 0, 
            Suppression Events: 0
Time: 964.09, 
            Production Events: 0, 
            Suppression Events: 0
Time: 964.09, 
            Production Events: 0, 
            Suppression Events: 0
Time: 965.24, 
            Production Events: 0, 
            Suppression Events: 1
Time: 966.5, 
            Production Events: 0, 
            Suppression Events: 2
Time: 970.26, 
            Production Events: 0, 
            Suppression Events: 1
Time: 970.26, 
            Production Events: 0, 
            Suppression Events: 0
Time: 970.26, 
            Production Events: 0, 
            Suppression Events: 0
Time: 970.26, 
            Production Events: 0, 
            Suppression Events: 0
Time: 971.48, 
            Production Events: 1, 
            Suppression Events: 0
Time: 972.88, 
            Production Events: 0, 
            Suppression Events: 2
Time: 973.78, 
            Production Events: 0, 
            Suppression Events: 1
Time: 974.16, 
            Production Events: 0, 
            Suppression Events: 2
Time: 975.26, 
            Production Events: 0, 
            Suppression Events: 2
Time: 976.1, 
            Production Events: 0, 
            Suppression Events: 3
Time: 977.16, 
            Production Events: 0, 
            Suppression Events: 1
Time: 978.68, 
            Production Events: 0, 
            Suppression Events: 2
Time: 982.23, 
            Production Events: 0, 
            Suppression Events: 1
Time: 982.23, 
            Production Events: 0, 
            Suppression Events: 0
Time: 982.23, 
            Production Events: 0, 
            Suppression Events: 0
Time: 982.23, 
            Production Events: 0, 
            Suppression Events: 0
Time: 984.58, 
            Production Events: 0, 
            Suppression Events: 1
Time: 984.58, 
            Production Events: 0, 
            Suppression Events: 0
Time: 985.79, 
            Production Events: 0, 
            Suppression Events: 1
Time: 986.2, 
            Production Events: 0, 
            Suppression Events: 1
Time: 988.04, 
            Production Events: 0, 
            Suppression Events: 3
Time: 988.04, 
            Production Events: 0, 
            Suppression Events: 0
Time: 989.09, 
            Production Events: 0, 
            Suppression Events: 1
Time: 990.65, 
            Production Events: 0, 
            Suppression Events: 1
Time: 991.65, 
            Production Events: 0, 
            Suppression Events: 1
Time: 992.47, 
            Production Events: 0, 
            Suppression Events: 1
Time: 995.21, 
            Production Events: 0, 
            Suppression Events: 1
Time: 995.21, 
            Production Events: 0, 
            Suppression Events: 0
Time: 995.21, 
            Production Events: 0, 
            Suppression Events: 0
Time: 996.28, 
            Production Events: 0, 
            Suppression Events: 1
Time: 997.03, 
            Production Events: 0, 
            Suppression Events: 3
Time: 999.88, 
            Production Events: 0, 
            Suppression Events: 1
Time: 999.88, 
            Production Events: 0, 
            Suppression Events: 0
Time: 1000.8, 
            Production Events: 0, 
            Suppression Events: 1
Simulation completed:
  Final time: 1000.7963213784692
  Total events: 1013
  Wall time: 10929.24 seconds

Saving simulation results with clean separation...
Task evolution saved to: 5t5b/5t5b_mfcsb/data/param_150_rep_1_2025-11-21_183023/states.csv
Events saved to: 5t5b/5t5b_mfcsb/data/param_150_rep_1_2025-11-21_183023/events.csv
Saving event log (raw and DataFrame)...
log DataFrame size: (1018, 9)
short view:
59 DataFrame
 Row  time     bee1_id  bee2_id  task_id  task_1   task_2   task_3     task_4 
      Float64  Int64    Int64    Int64    Float64  Float64  Float64    Float6 

   1      0.0        1        0        0   0.0889   0.1006  0.0781346   0.087 
   2      0.0        2        0        0   0.0994   0.1011  0.146896    0.073
   3      0.0        3        0        0   0.0705   0.0988  0.112131    0.044
   4      0.0        4        0        0   0.077    0.111   0.150891    0.141
   5      0.0        5        0        0   0.0828   0.0939  0.0885833   0.128 
                                                               2 columns omittedEvent log saved to: 5t5b/5t5b_mfcsb/data/param_150_rep_1_2025-11-21_183023/event_log.json
Event log DataFrame saved to: 5t5b/5t5b_mfcsb/data/param_150_rep_1_2025-11-21_183023/event_log.csv
Metadata and configuration saved to: 5t5b/5t5b_mfcsb/data/param_150_rep_1_2025-11-21_183023/config.json
Task index mapping saved to: 5t5b/5t5b_mfcsb/data/param_150_rep_1_2025-11-21_183023/task_index_mapping.json
All results saved to directory: 5t5b/5t5b_mfcsb/data/param_150_rep_1_2025-11-21_183023
Simulation completed successfully!
Job finished at: Fri Nov 21 09:33:12 PM CET 2025
