Job array started at: Fri Nov 21 06:38:51 PM CET 2025
Job ID: 10862136
Array Job ID: 10860410
Array Task ID: 165
Node: th-ws-740m26
Loading Julia module...
Module loaded: /software/opt/el_9/x86_64/julia/1.11.3/bin/julia
Changing to project directory...
Current directory: /scratch/n/N.Pfaffenzeller/nikolas_nethive/nethive_multiverse
Running parameter combination 165, replicate 1
Starting Julia simulation...
Running simulation with the following configuration:
  dataset_names: [:mnist, :cifar10, :svhn2, :fashion_mnist, :bank]
  param_id: 165
  n_bees: 5
  batch_size: 32
  replicate_id: 1
  punish_rate: 0.1
  punishment: time_out
  lambda_sensitivity: 100
  save_nn_epochs: 0
  production_rate: 1
  interaction_rate: 100
  batches_per_step: 50
  learning_rate: 0.0001
  max_output_dim: 10
  n_steps_per_epoch: 1
  dead_time: 10
  max_input_dim: 3072
  n_epochs: 1000
  seed: 1130170042

Starting simulation with configuration:
  dataset_names: [:mnist, :cifar10, :svhn2, :fashion_mnist, :bank]
  param_id: 165
  n_bees: 5
  batch_size: 32
  replicate_id: 1
  punish_rate: 0.1
  punishment: time_out
  lambda_sensitivity: 100
  save_nn_epochs: 0
  production_rate: 1
  interaction_rate: 100
  batches_per_step: 50
  run_timestamp: 2025-11-21T18:39:28.928
  learning_rate: 0.0001
  max_output_dim: 10
  n_steps_per_epoch: 1
  dead_time: 10
  max_input_dim: 3072
  n_epochs: 1000
  seed: 1130170042
Random seed: 1130170042

Starting simulation...
Time: 1.24, 
            Production Events: 3, 
            Suppression Events: 1
Time: 2.06, 
            Production Events: 0, 
            Suppression Events: 3
Time: 5.93, 
            Production Events: 1, 
            Suppression Events: 0
Time: 5.93, 
            Production Events: 0, 
            Suppression Events: 0
Time: 5.93, 
            Production Events: 0, 
            Suppression Events: 0
Time: 6.15, 
            Production Events: 0, 
            Suppression Events: 1
Time: 7.31, 
            Production Events: 0, 
            Suppression Events: 1
Time: 8.35, 
            Production Events: 0, 
            Suppression Events: 2
Time: 9.05, 
            Production Events: 0, 
            Suppression Events: 1
Time: 11.62, 
            Production Events: 0, 
            Suppression Events: 2
Time: 11.62, 
            Production Events: 0, 
            Suppression Events: 0
Time: 12.07, 
            Production Events: 2, 
            Suppression Events: 1
Time: 15.41, 
            Production Events: 0, 
            Suppression Events: 3
Time: 15.41, 
            Production Events: 0, 
            Suppression Events: 0
Time: 15.41, 
            Production Events: 0, 
            Suppression Events: 0
Time: 17.72, 
            Production Events: 0, 
            Suppression Events: 1
Time: 17.72, 
            Production Events: 0, 
            Suppression Events: 0
Time: 18.65, 
            Production Events: 0, 
            Suppression Events: 2
Time: 19.15, 
            Production Events: 1, 
            Suppression Events: 2
Time: 21.56, 
            Production Events: 0, 
            Suppression Events: 3
Time: 21.56, 
            Production Events: 0, 
            Suppression Events: 0
Time: 22.71, 
            Production Events: 0, 
            Suppression Events: 1
Time: 23.04, 
            Production Events: 0, 
            Suppression Events: 1
Time: 26.52, 
            Production Events: 0, 
            Suppression Events: 3
Time: 26.52, 
            Production Events: 0, 
            Suppression Events: 0
Time: 26.52, 
            Production Events: 0, 
            Suppression Events: 0
Time: 28.32, 
            Production Events: 1, 
            Suppression Events: 1
Time: 28.32, 
            Production Events: 0, 
            Suppression Events: 0
Time: 29.1, 
            Production Events: 0, 
            Suppression Events: 1
Time: 31.23, 
            Production Events: 0, 
            Suppression Events: 3
Time: 31.23, 
            Production Events: 0, 
            Suppression Events: 0
Time: 32.79, 
            Production Events: 0, 
            Suppression Events: 1
Time: 33.35, 
            Production Events: 0, 
            Suppression Events: 1
Time: 34.43, 
            Production Events: 0, 
            Suppression Events: 2
Time: 35.36, 
            Production Events: 0, 
            Suppression Events: 2
Time: 36.63, 
            Production Events: 0, 
            Suppression Events: 1
Time: 38.13, 
            Production Events: 0, 
            Suppression Events: 1
Time: 38.13, 
            Production Events: 0, 
            Suppression Events: 0
Time: 39.16, 
            Production Events: 1, 
            Suppression Events: 1
Time: 41.47, 
            Production Events: 1, 
            Suppression Events: 0
Time: 41.47, 
            Production Events: 0, 
            Suppression Events: 0
Time: 42.12, 
            Production Events: 0, 
            Suppression Events: 1
Time: 44.46, 
            Production Events: 0, 
            Suppression Events: 2
Time: 44.46, 
            Production Events: 0, 
            Suppression Events: 0
Time: 45.37, 
            Production Events: 0, 
            Suppression Events: 1
Time: 46.64, 
            Production Events: 0, 
            Suppression Events: 2
Time: 47.23, 
            Production Events: 0, 
            Suppression Events: 1
Time: 49.78, 
            Production Events: 0, 
            Suppression Events: 1
Time: 49.78, 
            Production Events: 0, 
            Suppression Events: 0
Time: 50.07, 
            Production Events: 0, 
            Suppression Events: 1
Time: 52.45, 
            Production Events: 1, 
            Suppression Events: 4
Time: 52.45, 
            Production Events: 0, 
            Suppression Events: 0
Time: 53.14, 
            Production Events: 0, 
            Suppression Events: 1
Time: 54.18, 
            Production Events: 0, 
            Suppression Events: 1
Time: 55.18, 
            Production Events: 0, 
            Suppression Events: 2
Time: 61.08, 
            Production Events: 0, 
            Suppression Events: 2
Time: 61.08, 
            Production Events: 0, 
            Suppression Events: 0
Time: 61.08, 
            Production Events: 0, 
            Suppression Events: 0
Time: 61.08, 
            Production Events: 0, 
            Suppression Events: 0
Time: 61.08, 
            Production Events: 0, 
            Suppression Events: 0
Time: 61.08, 
            Production Events: 0, 
            Suppression Events: 0
Time: 62.37, 
            Production Events: 0, 
            Suppression Events: 3
Time: 65.45, 
            Production Events: 0, 
            Suppression Events: 1
Time: 65.45, 
            Production Events: 0, 
            Suppression Events: 0
Time: 65.45, 
            Production Events: 0, 
            Suppression Events: 0
Time: 66.02, 
            Production Events: 1, 
            Suppression Events: 1
Time: 67.35, 
            Production Events: 0, 
            Suppression Events: 3
Time: 75.79, 
            Production Events: 0, 
            Suppression Events: 2
Time: 75.79, 
            Production Events: 0, 
            Suppression Events: 0
Time: 75.79, 
            Production Events: 0, 
            Suppression Events: 0
Time: 75.79, 
            Production Events: 0, 
            Suppression Events: 0
Time: 75.79, 
            Production Events: 0, 
            Suppression Events: 0
Time: 75.79, 
            Production Events: 0, 
            Suppression Events: 0
Time: 75.79, 
            Production Events: 0, 
            Suppression Events: 0
Time: 75.79, 
            Production Events: 0, 
            Suppression Events: 0
Time: 77.07, 
            Production Events: 1, 
            Suppression Events: 0
Time: 77.07, 
            Production Events: 0, 
            Suppression Events: 0
Time: 78.18, 
            Production Events: 1, 
            Suppression Events: 0
Time: 79.06, 
            Production Events: 0, 
            Suppression Events: 1
Time: 82.0, 
            Production Events: 0, 
            Suppression Events: 3
Time: 82.0, 
            Production Events: 0, 
            Suppression Events: 0
Time: 82.0, 
            Production Events: 0, 
            Suppression Events: 0
Time: 83.11, 
            Production Events: 0, 
            Suppression Events: 5
Time: 84.12, 
            Production Events: 0, 
            Suppression Events: 2
Time: 85.23, 
            Production Events: 0, 
            Suppression Events: 1
Time: 86.72, 
            Production Events: 0, 
            Suppression Events: 1
Time: 87.19, 
            Production Events: 0, 
            Suppression Events: 1
Time: 89.86, 
            Production Events: 0, 
            Suppression Events: 3
Time: 89.86, 
            Production Events: 0, 
            Suppression Events: 0
Time: 90.33, 
            Production Events: 0, 
            Suppression Events: 1
Time: 91.05, 
            Production Events: 0, 
            Suppression Events: 2
Time: 96.42, 
            Production Events: 0, 
            Suppression Events: 3
Time: 96.42, 
            Production Events: 0, 
            Suppression Events: 0
Time: 96.42, 
            Production Events: 0, 
            Suppression Events: 0
Time: 96.42, 
            Production Events: 0, 
            Suppression Events: 0
Time: 96.42, 
            Production Events: 0, 
            Suppression Events: 0
Time: 97.07, 
            Production Events: 0, 
            Suppression Events: 2
Time: 98.98, 
            Production Events: 0, 
            Suppression Events: 1
Time: 99.43, 
            Production Events: 0, 
            Suppression Events: 1
Time: 102.01, 
            Production Events: 0, 
            Suppression Events: 1
Time: 102.01, 
            Production Events: 0, 
            Suppression Events: 0
Time: 102.01, 
            Production Events: 0, 
            Suppression Events: 0
Time: 103.3, 
            Production Events: 0, 
            Suppression Events: 2
Time: 107.94, 
            Production Events: 1, 
            Suppression Events: 0
Time: 107.94, 
            Production Events: 0, 
            Suppression Events: 0
Time: 107.94, 
            Production Events: 0, 
            Suppression Events: 0
Time: 107.94, 
            Production Events: 0, 
            Suppression Events: 0
Time: 109.25, 
            Production Events: 0, 
            Suppression Events: 1
Time: 109.25, 
            Production Events: 0, 
            Suppression Events: 0
Time: 110.33, 
            Production Events: 0, 
            Suppression Events: 2
Time: 113.63, 
            Production Events: 0, 
            Suppression Events: 1
Time: 113.63, 
            Production Events: 0, 
            Suppression Events: 0
Time: 113.63, 
            Production Events: 0, 
            Suppression Events: 0
Time: 115.49, 
            Production Events: 0, 
            Suppression Events: 1
Time: 115.49, 
            Production Events: 0, 
            Suppression Events: 0
Time: 116.53, 
            Production Events: 0, 
            Suppression Events: 2
Time: 117.22, 
            Production Events: 0, 
            Suppression Events: 1
Time: 118.39, 
            Production Events: 1, 
            Suppression Events: 1
Time: 119.75, 
            Production Events: 0, 
            Suppression Events: 1
Time: 120.52, 
            Production Events: 0, 
            Suppression Events: 1
Time: 121.58, 
            Production Events: 0, 
            Suppression Events: 1
Time: 123.13, 
            Production Events: 0, 
            Suppression Events: 2
Time: 123.13, 
            Production Events: 0, 
            Suppression Events: 0
Time: 124.16, 
            Production Events: 0, 
            Suppression Events: 2
Time: 125.37, 
            Production Events: 0, 
            Suppression Events: 1
Time: 126.04, 
            Production Events: 0, 
            Suppression Events: 3
Time: 127.4, 
            Production Events: 0, 
            Suppression Events: 1
Time: 129.03, 
            Production Events: 0, 
            Suppression Events: 1
Time: 129.03, 
            Production Events: 0, 
            Suppression Events: 0
Time: 132.16, 
            Production Events: 0, 
            Suppression Events: 1
Time: 132.16, 
            Production Events: 0, 
            Suppression Events: 0
Time: 132.16, 
            Production Events: 0, 
            Suppression Events: 0
Time: 133.24, 
            Production Events: 0, 
            Suppression Events: 1
Time: 134.69, 
            Production Events: 0, 
            Suppression Events: 3
Time: 135.64, 
            Production Events: 0, 
            Suppression Events: 1
Time: 136.92, 
            Production Events: 0, 
            Suppression Events: 1
Time: 137.04, 
            Production Events: 0, 
            Suppression Events: 1
Time: 141.14, 
            Production Events: 1, 
            Suppression Events: 0
Time: 141.14, 
            Production Events: 0, 
            Suppression Events: 0
Time: 141.14, 
            Production Events: 0, 
            Suppression Events: 0
Time: 141.14, 
            Production Events: 0, 
            Suppression Events: 0
Time: 143.31, 
            Production Events: 1, 
            Suppression Events: 2
Time: 143.31, 
            Production Events: 0, 
            Suppression Events: 0
Time: 145.23, 
            Production Events: 1, 
            Suppression Events: 1
Time: 145.23, 
            Production Events: 0, 
            Suppression Events: 0
Time: 146.68, 
            Production Events: 0, 
            Suppression Events: 2
Time: 147.11, 
            Production Events: 0, 
            Suppression Events: 1
Time: 148.96, 
            Production Events: 1, 
            Suppression Events: 1
Time: 150.41, 
            Production Events: 0, 
            Suppression Events: 1
Time: 150.41, 
            Production Events: 0, 
            Suppression Events: 0
Time: 152.72, 
            Production Events: 0, 
            Suppression Events: 1
Time: 152.72, 
            Production Events: 0, 
            Suppression Events: 0
Time: 155.06, 
            Production Events: 0, 
            Suppression Events: 1
Time: 155.06, 
            Production Events: 0, 
            Suppression Events: 0
Time: 155.06, 
            Production Events: 0, 
            Suppression Events: 0
Time: 158.9, 
            Production Events: 0, 
            Suppression Events: 2
Time: 158.9, 
            Production Events: 0, 
            Suppression Events: 0
Time: 158.9, 
            Production Events: 0, 
            Suppression Events: 0
Time: 159.06, 
            Production Events: 0, 
            Suppression Events: 1
Time: 161.62, 
            Production Events: 0, 
            Suppression Events: 2
Time: 161.62, 
            Production Events: 0, 
            Suppression Events: 0
Time: 166.06, 
            Production Events: 0, 
            Suppression Events: 2
Time: 166.06, 
            Production Events: 0, 
            Suppression Events: 0
Time: 166.06, 
            Production Events: 0, 
            Suppression Events: 0
Time: 166.06, 
            Production Events: 0, 
            Suppression Events: 0
Time: 166.06, 
            Production Events: 0, 
            Suppression Events: 0
Time: 167.06, 
            Production Events: 2, 
            Suppression Events: 0
Time: 168.57, 
            Production Events: 0, 
            Suppression Events: 1
Time: 169.6, 
            Production Events: 0, 
            Suppression Events: 1
Time: 170.64, 
            Production Events: 1, 
            Suppression Events: 0
Time: 171.19, 
            Production Events: 0, 
            Suppression Events: 2
Time: 173.02, 
            Production Events: 0, 
            Suppression Events: 1
Time: 173.02, 
            Production Events: 0, 
            Suppression Events: 0
Time: 174.18, 
            Production Events: 0, 
            Suppression Events: 1
Time: 176.64, 
            Production Events: 1, 
            Suppression Events: 1
Time: 176.64, 
            Production Events: 0, 
            Suppression Events: 0
Time: 177.55, 
            Production Events: 0, 
            Suppression Events: 1
Time: 178.71, 
            Production Events: 0, 
            Suppression Events: 1
Time: 180.57, 
            Production Events: 0, 
            Suppression Events: 2
Time: 180.57, 
            Production Events: 0, 
            Suppression Events: 0
Time: 181.1, 
            Production Events: 0, 
            Suppression Events: 1
Time: 182.35, 
            Production Events: 0, 
            Suppression Events: 1
Time: 183.38, 
            Production Events: 0, 
            Suppression Events: 1
Time: 186.48, 
            Production Events: 0, 
            Suppression Events: 1
Time: 186.48, 
            Production Events: 0, 
            Suppression Events: 0
Time: 186.48, 
            Production Events: 0, 
            Suppression Events: 0
Time: 187.82, 
            Production Events: 0, 
            Suppression Events: 1
Time: 190.29, 
            Production Events: 1, 
            Suppression Events: 0
Time: 190.29, 
            Production Events: 0, 
            Suppression Events: 0
Time: 190.29, 
            Production Events: 0, 
            Suppression Events: 0
Time: 192.47, 
            Production Events: 0, 
            Suppression Events: 2
Time: 192.47, 
            Production Events: 0, 
            Suppression Events: 0
Time: 195.74, 
            Production Events: 0, 
            Suppression Events: 1
Time: 195.74, 
            Production Events: 0, 
            Suppression Events: 0
Time: 195.74, 
            Production Events: 0, 
            Suppression Events: 0
Time: 196.26, 
            Production Events: 2, 
            Suppression Events: 1
Time: 198.54, 
            Production Events: 0, 
            Suppression Events: 1
Time: 198.54, 
            Production Events: 0, 
            Suppression Events: 0
Time: 199.39, 
            Production Events: 1, 
            Suppression Events: 1
Time: 202.32, 
            Production Events: 1, 
            Suppression Events: 2
Time: 202.32, 
            Production Events: 0, 
            Suppression Events: 0
Time: 202.32, 
            Production Events: 0, 
            Suppression Events: 0
Time: 203.91, 
            Production Events: 0, 
            Suppression Events: 1
Time: 207.37, 
            Production Events: 0, 
            Suppression Events: 1
Time: 207.37, 
            Production Events: 0, 
            Suppression Events: 0
Time: 207.37, 
            Production Events: 0, 
            Suppression Events: 0
Time: 207.37, 
            Production Events: 0, 
            Suppression Events: 0
Time: 208.84, 
            Production Events: 0, 
            Suppression Events: 3
Time: 210.65, 
            Production Events: 0, 
            Suppression Events: 1
Time: 210.65, 
            Production Events: 0, 
            Suppression Events: 0
Time: 215.97, 
            Production Events: 0, 
            Suppression Events: 1
Time: 215.97, 
            Production Events: 0, 
            Suppression Events: 0
Time: 215.97, 
            Production Events: 0, 
            Suppression Events: 0
Time: 215.97, 
            Production Events: 0, 
            Suppression Events: 0
Time: 215.97, 
            Production Events: 0, 
            Suppression Events: 0
Time: 216.09, 
            Production Events: 1, 
            Suppression Events: 0
Time: 217.98, 
            Production Events: 0, 
            Suppression Events: 1
Time: 218.22, 
            Production Events: 0, 
            Suppression Events: 1
Time: 219.97, 
            Production Events: 1, 
            Suppression Events: 2
Time: 220.53, 
            Production Events: 1, 
            Suppression Events: 0
Time: 221.12, 
            Production Events: 0, 
            Suppression Events: 1
Time: 222.76, 
            Production Events: 1, 
            Suppression Events: 1
Time: 223.3, 
            Production Events: 0, 
            Suppression Events: 1
Time: 224.56, 
            Production Events: 0, 
            Suppression Events: 1
Time: 225.08, 
            Production Events: 0, 
            Suppression Events: 2
Time: 226.63, 
            Production Events: 0, 
            Suppression Events: 1
Time: 229.47, 
            Production Events: 0, 
            Suppression Events: 1
Time: 229.47, 
            Production Events: 0, 
            Suppression Events: 0
Time: 229.47, 
            Production Events: 0, 
            Suppression Events: 0
Time: 231.28, 
            Production Events: 0, 
            Suppression Events: 1
Time: 231.28, 
            Production Events: 0, 
            Suppression Events: 0
Time: 232.6, 
            Production Events: 1, 
            Suppression Events: 1
Time: 233.96, 
            Production Events: 0, 
            Suppression Events: 2
Time: 234.02, 
            Production Events: 0, 
            Suppression Events: 1
Time: 235.28, 
            Production Events: 0, 
            Suppression Events: 2
Time: 237.91, 
            Production Events: 1, 
            Suppression Events: 0
Time: 237.91, 
            Production Events: 0, 
            Suppression Events: 0
Time: 238.55, 
            Production Events: 1, 
            Suppression Events: 0
Time: 240.03, 
            Production Events: 1, 
            Suppression Events: 0
Time: 240.03, 
            Production Events: 0, 
            Suppression Events: 0
Time: 241.92, 
            Production Events: 0, 
            Suppression Events: 2
Time: 242.08, 
            Production Events: 0, 
            Suppression Events: 1
Time: 243.22, 
            Production Events: 0, 
            Suppression Events: 1
Time: 244.42, 
            Production Events: 0, 
            Suppression Events: 1
Time: 246.55, 
            Production Events: 0, 
            Suppression Events: 1
Time: 246.55, 
            Production Events: 0, 
            Suppression Events: 0
Time: 248.29, 
            Production Events: 0, 
            Suppression Events: 1
Time: 248.29, 
            Production Events: 0, 
            Suppression Events: 0
Time: 249.61, 
            Production Events: 0, 
            Suppression Events: 1
Time: 250.3, 
            Production Events: 1, 
            Suppression Events: 0
Time: 253.09, 
            Production Events: 0, 
            Suppression Events: 1
Time: 253.09, 
            Production Events: 0, 
            Suppression Events: 0
Time: 253.09, 
            Production Events: 0, 
            Suppression Events: 0
Time: 255.54, 
            Production Events: 1, 
            Suppression Events: 0
Time: 255.54, 
            Production Events: 0, 
            Suppression Events: 0
Time: 256.21, 
            Production Events: 0, 
            Suppression Events: 2
Time: 257.25, 
            Production Events: 0, 
            Suppression Events: 1
Time: 258.69, 
            Production Events: 0, 
            Suppression Events: 1
Time: 259.17, 
            Production Events: 0, 
            Suppression Events: 1
Time: 262.03, 
            Production Events: 0, 
            Suppression Events: 1
Time: 262.03, 
            Production Events: 0, 
            Suppression Events: 0
Time: 262.03, 
            Production Events: 0, 
            Suppression Events: 0
Time: 263.98, 
            Production Events: 0, 
            Suppression Events: 1
Time: 266.31, 
            Production Events: 0, 
            Suppression Events: 1
Time: 266.31, 
            Production Events: 0, 
            Suppression Events: 0
Time: 266.31, 
            Production Events: 0, 
            Suppression Events: 0
Time: 267.43, 
            Production Events: 0, 
            Suppression Events: 2
Time: 268.5, 
            Production Events: 0, 
            Suppression Events: 3
Time: 269.0, 
            Production Events: 1, 
            Suppression Events: 2
Time: 270.51, 
            Production Events: 0, 
            Suppression Events: 1
Time: 271.06, 
            Production Events: 0, 
            Suppression Events: 1
Time: 272.28, 
            Production Events: 1, 
            Suppression Events: 3
Time: 275.14, 
            Production Events: 0, 
            Suppression Events: 2
Time: 275.14, 
            Production Events: 0, 
            Suppression Events: 0
Time: 275.14, 
            Production Events: 0, 
            Suppression Events: 0
Time: 278.21, 
            Production Events: 0, 
            Suppression Events: 5
Time: 278.21, 
            Production Events: 0, 
            Suppression Events: 0
Time: 278.21, 
            Production Events: 0, 
            Suppression Events: 0
Time: 279.02, 
            Production Events: 0, 
            Suppression Events: 2
Time: 282.62, 
            Production Events: 0, 
            Suppression Events: 1
Time: 282.62, 
            Production Events: 0, 
            Suppression Events: 0
Time: 282.62, 
            Production Events: 0, 
            Suppression Events: 0
Time: 283.3, 
            Production Events: 1, 
            Suppression Events: 1
Time: 285.59, 
            Production Events: 0, 
            Suppression Events: 2
Time: 285.59, 
            Production Events: 0, 
            Suppression Events: 0
Time: 286.13, 
            Production Events: 0, 
            Suppression Events: 1
Time: 289.65, 
            Production Events: 0, 
            Suppression Events: 1
Time: 289.65, 
            Production Events: 0, 
            Suppression Events: 0
Time: 289.65, 
            Production Events: 0, 
            Suppression Events: 0
Time: 290.57, 
            Production Events: 1, 
            Suppression Events: 0
Time: 291.42, 
            Production Events: 0, 
            Suppression Events: 2
Time: 292.25, 
            Production Events: 0, 
            Suppression Events: 2
Time: 293.09, 
            Production Events: 0, 
            Suppression Events: 2
Time: 294.1, 
            Production Events: 0, 
            Suppression Events: 2
Time: 296.27, 
            Production Events: 0, 
            Suppression Events: 1
Time: 296.27, 
            Production Events: 0, 
            Suppression Events: 0
Time: 298.31, 
            Production Events: 0, 
            Suppression Events: 2
Time: 298.31, 
            Production Events: 0, 
            Suppression Events: 0
Time: 300.36, 
            Production Events: 0, 
            Suppression Events: 1
Time: 300.36, 
            Production Events: 0, 
            Suppression Events: 0
Time: 302.96, 
            Production Events: 0, 
            Suppression Events: 2
Time: 302.96, 
            Production Events: 0, 
            Suppression Events: 0
Time: 306.89, 
            Production Events: 0, 
            Suppression Events: 1
Time: 306.89, 
            Production Events: 0, 
            Suppression Events: 0
Time: 306.89, 
            Production Events: 0, 
            Suppression Events: 0
Time: 306.89, 
            Production Events: 0, 
            Suppression Events: 0
Time: 308.33, 
            Production Events: 0, 
            Suppression Events: 1
Time: 308.33, 
            Production Events: 0, 
            Suppression Events: 0
Time: 309.79, 
            Production Events: 0, 
            Suppression Events: 1
Time: 310.59, 
            Production Events: 0, 
            Suppression Events: 1
Time: 311.35, 
            Production Events: 0, 
            Suppression Events: 1
Time: 312.08, 
            Production Events: 0, 
            Suppression Events: 1
Time: 315.23, 
            Production Events: 0, 
            Suppression Events: 1
Time: 315.23, 
            Production Events: 0, 
            Suppression Events: 0
Time: 315.23, 
            Production Events: 0, 
            Suppression Events: 0
Time: 318.19, 
            Production Events: 0, 
            Suppression Events: 1
Time: 318.19, 
            Production Events: 0, 
            Suppression Events: 0
Time: 318.19, 
            Production Events: 0, 
            Suppression Events: 0
Time: 319.38, 
            Production Events: 0, 
            Suppression Events: 1
Time: 320.85, 
            Production Events: 0, 
            Suppression Events: 2
Time: 322.81, 
            Production Events: 0, 
            Suppression Events: 1
Time: 322.81, 
            Production Events: 0, 
            Suppression Events: 0
Time: 324.59, 
            Production Events: 0, 
            Suppression Events: 1
Time: 324.59, 
            Production Events: 0, 
            Suppression Events: 0
Time: 325.09, 
            Production Events: 0, 
            Suppression Events: 1
Time: 327.22, 
            Production Events: 0, 
            Suppression Events: 1
Time: 327.22, 
            Production Events: 0, 
            Suppression Events: 0
Time: 328.54, 
            Production Events: 0, 
            Suppression Events: 1
Time: 329.49, 
            Production Events: 0, 
            Suppression Events: 1
Time: 331.55, 
            Production Events: 0, 
            Suppression Events: 3
Time: 331.55, 
            Production Events: 0, 
            Suppression Events: 0
Time: 332.07, 
            Production Events: 0, 
            Suppression Events: 2
Time: 334.8, 
            Production Events: 0, 
            Suppression Events: 1
Time: 334.8, 
            Production Events: 0, 
            Suppression Events: 0
Time: 336.28, 
            Production Events: 0, 
            Suppression Events: 1
Time: 336.28, 
            Production Events: 0, 
            Suppression Events: 0
Time: 339.96, 
            Production Events: 0, 
            Suppression Events: 1
Time: 339.96, 
            Production Events: 0, 
            Suppression Events: 0
Time: 339.96, 
            Production Events: 0, 
            Suppression Events: 0
Time: 340.09, 
            Production Events: 0, 
            Suppression Events: 2
Time: 341.56, 
            Production Events: 1, 
            Suppression Events: 4
Time: 343.13, 
            Production Events: 0, 
            Suppression Events: 1
Time: 343.13, 
            Production Events: 0, 
            Suppression Events: 0
Time: 345.43, 
            Production Events: 0, 
            Suppression Events: 1
Time: 345.43, 
            Production Events: 0, 
            Suppression Events: 0
Time: 347.83, 
            Production Events: 0, 
            Suppression Events: 2
Time: 347.83, 
            Production Events: 0, 
            Suppression Events: 0
Time: 349.01, 
            Production Events: 0, 
            Suppression Events: 1
Time: 349.01, 
            Production Events: 0, 
            Suppression Events: 0
Time: 352.86, 
            Production Events: 0, 
            Suppression Events: 3
Time: 352.86, 
            Production Events: 0, 
            Suppression Events: 0
Time: 352.86, 
            Production Events: 0, 
            Suppression Events: 0
Time: 353.61, 
            Production Events: 0, 
            Suppression Events: 1
Time: 354.64, 
            Production Events: 0, 
            Suppression Events: 1
Time: 356.01, 
            Production Events: 0, 
            Suppression Events: 1
Time: 356.01, 
            Production Events: 0, 
            Suppression Events: 0
Time: 358.55, 
            Production Events: 1, 
            Suppression Events: 1
Time: 358.55, 
            Production Events: 0, 
            Suppression Events: 0
Time: 359.7, 
            Production Events: 0, 
            Suppression Events: 1
Time: 360.85, 
            Production Events: 0, 
            Suppression Events: 1
Time: 362.12, 
            Production Events: 0, 
            Suppression Events: 1
Time: 362.12, 
            Production Events: 0, 
            Suppression Events: 0
Time: 364.56, 
            Production Events: 0, 
            Suppression Events: 4
Time: 364.56, 
            Production Events: 0, 
            Suppression Events: 0
Time: 366.27, 
            Production Events: 0, 
            Suppression Events: 1
Time: 366.27, 
            Production Events: 0, 
            Suppression Events: 0
Time: 369.99, 
            Production Events: 0, 
            Suppression Events: 1
Time: 369.99, 
            Production Events: 0, 
            Suppression Events: 0
Time: 369.99, 
            Production Events: 0, 
            Suppression Events: 0
Time: 370.68, 
            Production Events: 1, 
            Suppression Events: 0
Time: 373.05, 
            Production Events: 0, 
            Suppression Events: 1
Time: 373.05, 
            Production Events: 0, 
            Suppression Events: 0
Time: 373.05, 
            Production Events: 0, 
            Suppression Events: 0
Time: 374.48, 
            Production Events: 0, 
            Suppression Events: 4
Time: 375.08, 
            Production Events: 1, 
            Suppression Events: 1
Time: 376.45, 
            Production Events: 0, 
            Suppression Events: 1
Time: 377.89, 
            Production Events: 0, 
            Suppression Events: 1
Time: 378.28, 
            Production Events: 0, 
            Suppression Events: 1
Time: 380.14, 
            Production Events: 0, 
            Suppression Events: 1
Time: 380.14, 
            Production Events: 0, 
            Suppression Events: 0
Time: 381.35, 
            Production Events: 0, 
            Suppression Events: 1
Time: 382.55, 
            Production Events: 0, 
            Suppression Events: 1
Time: 383.27, 
            Production Events: 1, 
            Suppression Events: 0
Time: 384.15, 
            Production Events: 0, 
            Suppression Events: 1
Time: 388.74, 
            Production Events: 0, 
            Suppression Events: 2
Time: 388.74, 
            Production Events: 0, 
            Suppression Events: 0
Time: 388.74, 
            Production Events: 0, 
            Suppression Events: 0
Time: 388.74, 
            Production Events: 0, 
            Suppression Events: 0
Time: 390.32, 
            Production Events: 0, 
            Suppression Events: 2
Time: 390.32, 
            Production Events: 0, 
            Suppression Events: 0
Time: 391.11, 
            Production Events: 0, 
            Suppression Events: 1
Time: 392.92, 
            Production Events: 0, 
            Suppression Events: 1
Time: 393.34, 
            Production Events: 0, 
            Suppression Events: 1
Time: 394.19, 
            Production Events: 0, 
            Suppression Events: 1
Time: 395.41, 
            Production Events: 0, 
            Suppression Events: 1
Time: 397.08, 
            Production Events: 0, 
            Suppression Events: 2
Time: 397.08, 
            Production Events: 0, 
            Suppression Events: 0
Time: 398.32, 
            Production Events: 0, 
            Suppression Events: 1
Time: 399.62, 
            Production Events: 0, 
            Suppression Events: 1
Time: 400.71, 
            Production Events: 0, 
            Suppression Events: 1
Time: 401.76, 
            Production Events: 0, 
            Suppression Events: 2
Time: 402.86, 
            Production Events: 0, 
            Suppression Events: 1
Time: 403.33, 
            Production Events: 0, 
            Suppression Events: 1
Time: 405.88, 
            Production Events: 0, 
            Suppression Events: 1
Time: 405.88, 
            Production Events: 0, 
            Suppression Events: 0
Time: 406.06, 
            Production Events: 1, 
            Suppression Events: 1
Time: 408.17, 
            Production Events: 0, 
            Suppression Events: 2
Time: 408.17, 
            Production Events: 0, 
            Suppression Events: 0
Time: 410.31, 
            Production Events: 0, 
            Suppression Events: 1
Time: 410.31, 
            Production Events: 0, 
            Suppression Events: 0
Time: 411.03, 
            Production Events: 0, 
            Suppression Events: 1
Time: 412.94, 
            Production Events: 0, 
            Suppression Events: 2
Time: 413.18, 
            Production Events: 1, 
            Suppression Events: 0
Time: 414.27, 
            Production Events: 0, 
            Suppression Events: 2
Time: 415.65, 
            Production Events: 0, 
            Suppression Events: 2
Time: 416.58, 
            Production Events: 1, 
            Suppression Events: 0
Time: 417.94, 
            Production Events: 0, 
            Suppression Events: 1
Time: 418.18, 
            Production Events: 0, 
            Suppression Events: 1
Time: 419.53, 
            Production Events: 0, 
            Suppression Events: 1
Time: 421.27, 
            Production Events: 0, 
            Suppression Events: 1
Time: 421.27, 
            Production Events: 0, 
            Suppression Events: 0
Time: 422.02, 
            Production Events: 0, 
            Suppression Events: 3
Time: 423.13, 
            Production Events: 0, 
            Suppression Events: 1
Time: 425.21, 
            Production Events: 0, 
            Suppression Events: 2
Time: 425.21, 
            Production Events: 0, 
            Suppression Events: 0
Time: 426.03, 
            Production Events: 0, 
            Suppression Events: 2
Time: 427.06, 
            Production Events: 0, 
            Suppression Events: 3
Time: 429.28, 
            Production Events: 0, 
            Suppression Events: 3
Time: 429.28, 
            Production Events: 0, 
            Suppression Events: 0
Time: 431.31, 
            Production Events: 0, 
            Suppression Events: 1
Time: 431.31, 
            Production Events: 0, 
            Suppression Events: 0
Time: 436.16, 
            Production Events: 0, 
            Suppression Events: 2
Time: 436.16, 
            Production Events: 0, 
            Suppression Events: 0
Time: 436.16, 
            Production Events: 0, 
            Suppression Events: 0
Time: 436.16, 
            Production Events: 0, 
            Suppression Events: 0
Time: 436.16, 
            Production Events: 0, 
            Suppression Events: 0
Time: 437.66, 
            Production Events: 0, 
            Suppression Events: 1
Time: 438.01, 
            Production Events: 0, 
            Suppression Events: 1
Time: 441.32, 
            Production Events: 0, 
            Suppression Events: 1
Time: 441.32, 
            Production Events: 0, 
            Suppression Events: 0
Time: 441.32, 
            Production Events: 0, 
            Suppression Events: 0
Time: 442.23, 
            Production Events: 0, 
            Suppression Events: 3
Time: 444.82, 
            Production Events: 1, 
            Suppression Events: 1
Time: 444.82, 
            Production Events: 0, 
            Suppression Events: 0
Time: 445.09, 
            Production Events: 0, 
            Suppression Events: 1
Time: 446.09, 
            Production Events: 0, 
            Suppression Events: 1
Time: 447.29, 
            Production Events: 0, 
            Suppression Events: 2
Time: 448.76, 
            Production Events: 0, 
            Suppression Events: 2
Time: 449.8, 
            Production Events: 0, 
            Suppression Events: 1
Time: 450.14, 
            Production Events: 0, 
            Suppression Events: 1
Time: 451.43, 
            Production Events: 0, 
            Suppression Events: 6
Time: 453.67, 
            Production Events: 0, 
            Suppression Events: 1
Time: 453.67, 
            Production Events: 0, 
            Suppression Events: 0
Time: 454.99, 
            Production Events: 0, 
            Suppression Events: 1
Time: 455.89, 
            Production Events: 0, 
            Suppression Events: 1
Time: 457.89, 
            Production Events: 0, 
            Suppression Events: 1
Time: 457.89, 
            Production Events: 0, 
            Suppression Events: 0
Time: 460.14, 
            Production Events: 0, 
            Suppression Events: 1
Time: 460.14, 
            Production Events: 0, 
            Suppression Events: 0
Time: 460.14, 
            Production Events: 0, 
            Suppression Events: 0
Time: 461.61, 
            Production Events: 0, 
            Suppression Events: 3
Time: 464.8, 
            Production Events: 0, 
            Suppression Events: 1
Time: 464.8, 
            Production Events: 0, 
            Suppression Events: 0
Time: 464.8, 
            Production Events: 0, 
            Suppression Events: 0
Time: 465.95, 
            Production Events: 0, 
            Suppression Events: 1
Time: 469.57, 
            Production Events: 0, 
            Suppression Events: 1
Time: 469.57, 
            Production Events: 0, 
            Suppression Events: 0
Time: 469.57, 
            Production Events: 0, 
            Suppression Events: 0
Time: 469.57, 
            Production Events: 0, 
            Suppression Events: 0
Time: 471.47, 
            Production Events: 0, 
            Suppression Events: 1
Time: 471.47, 
            Production Events: 0, 
            Suppression Events: 0
Time: 473.13, 
            Production Events: 1, 
            Suppression Events: 1
Time: 473.13, 
            Production Events: 0, 
            Suppression Events: 0
Time: 475.16, 
            Production Events: 0, 
            Suppression Events: 1
Time: 475.16, 
            Production Events: 0, 
            Suppression Events: 0
Time: 476.12, 
            Production Events: 0, 
            Suppression Events: 1
Time: 478.82, 
            Production Events: 0, 
            Suppression Events: 2
Time: 478.82, 
            Production Events: 0, 
            Suppression Events: 0
Time: 479.29, 
            Production Events: 0, 
            Suppression Events: 2
Time: 482.39, 
            Production Events: 0, 
            Suppression Events: 1
Time: 482.39, 
            Production Events: 0, 
            Suppression Events: 0
Time: 482.39, 
            Production Events: 0, 
            Suppression Events: 0
Time: 483.2, 
            Production Events: 0, 
            Suppression Events: 3
Time: 484.24, 
            Production Events: 0, 
            Suppression Events: 1
Time: 486.42, 
            Production Events: 0, 
            Suppression Events: 1
Time: 486.42, 
            Production Events: 0, 
            Suppression Events: 0
Time: 488.08, 
            Production Events: 0, 
            Suppression Events: 1
Time: 488.08, 
            Production Events: 0, 
            Suppression Events: 0
Time: 490.36, 
            Production Events: 0, 
            Suppression Events: 3
Time: 490.36, 
            Production Events: 0, 
            Suppression Events: 0
Time: 492.36, 
            Production Events: 0, 
            Suppression Events: 1
Time: 492.36, 
            Production Events: 0, 
            Suppression Events: 0
Time: 493.18, 
            Production Events: 0, 
            Suppression Events: 1
Time: 496.14, 
            Production Events: 0, 
            Suppression Events: 2
Time: 496.14, 
            Production Events: 0, 
            Suppression Events: 0
Time: 496.14, 
            Production Events: 0, 
            Suppression Events: 0
Time: 497.23, 
            Production Events: 0, 
            Suppression Events: 3
Time: 498.88, 
            Production Events: 0, 
            Suppression Events: 2
Time: 499.61, 
            Production Events: 0, 
            Suppression Events: 2
Time: 500.1, 
            Production Events: 0, 
            Suppression Events: 4
Time: 501.71, 
            Production Events: 0, 
            Suppression Events: 3
Time: 502.71, 
            Production Events: 0, 
            Suppression Events: 2
Time: 504.47, 
            Production Events: 0, 
            Suppression Events: 1
Time: 504.47, 
            Production Events: 0, 
            Suppression Events: 0
Time: 507.48, 
            Production Events: 0, 
            Suppression Events: 1
Time: 507.48, 
            Production Events: 0, 
            Suppression Events: 0
Time: 507.48, 
            Production Events: 0, 
            Suppression Events: 0
Time: 508.56, 
            Production Events: 0, 
            Suppression Events: 2
Time: 510.06, 
            Production Events: 0, 
            Suppression Events: 2
Time: 510.06, 
            Production Events: 0, 
            Suppression Events: 0
Time: 511.69, 
            Production Events: 0, 
            Suppression Events: 2
Time: 513.01, 
            Production Events: 0, 
            Suppression Events: 3
Time: 513.01, 
            Production Events: 0, 
            Suppression Events: 0
Time: 516.45, 
            Production Events: 0, 
            Suppression Events: 3
Time: 516.45, 
            Production Events: 0, 
            Suppression Events: 0
Time: 516.45, 
            Production Events: 0, 
            Suppression Events: 0
Time: 517.57, 
            Production Events: 0, 
            Suppression Events: 1
Time: 520.86, 
            Production Events: 0, 
            Suppression Events: 3
Time: 520.86, 
            Production Events: 0, 
            Suppression Events: 0
Time: 520.86, 
            Production Events: 0, 
            Suppression Events: 0
Time: 521.29, 
            Production Events: 0, 
            Suppression Events: 1
Time: 523.17, 
            Production Events: 0, 
            Suppression Events: 1
Time: 523.17, 
            Production Events: 0, 
            Suppression Events: 0
Time: 524.23, 
            Production Events: 0, 
            Suppression Events: 3
Time: 526.59, 
            Production Events: 0, 
            Suppression Events: 3
Time: 526.59, 
            Production Events: 0, 
            Suppression Events: 0
Time: 527.94, 
            Production Events: 0, 
            Suppression Events: 1
Time: 529.73, 
            Production Events: 0, 
            Suppression Events: 1
Time: 529.73, 
            Production Events: 0, 
            Suppression Events: 0
Time: 530.86, 
            Production Events: 0, 
            Suppression Events: 1
Time: 531.43, 
            Production Events: 0, 
            Suppression Events: 1
Time: 532.93, 
            Production Events: 0, 
            Suppression Events: 1
Time: 535.71, 
            Production Events: 0, 
            Suppression Events: 1
Time: 535.71, 
            Production Events: 0, 
            Suppression Events: 0
Time: 535.71, 
            Production Events: 0, 
            Suppression Events: 0
Time: 537.12, 
            Production Events: 0, 
            Suppression Events: 1
Time: 537.12, 
            Production Events: 0, 
            Suppression Events: 0
Time: 538.25, 
            Production Events: 0, 
            Suppression Events: 1
Time: 540.27, 
            Production Events: 1, 
            Suppression Events: 0
Time: 540.27, 
            Production Events: 0, 
            Suppression Events: 0
Time: 543.84, 
            Production Events: 0, 
            Suppression Events: 1
Time: 543.84, 
            Production Events: 0, 
            Suppression Events: 0
Time: 543.84, 
            Production Events: 0, 
            Suppression Events: 0
Time: 544.29, 
            Production Events: 1, 
            Suppression Events: 1
Time: 548.37, 
            Production Events: 1, 
            Suppression Events: 0
Time: 548.37, 
            Production Events: 0, 
            Suppression Events: 0
Time: 548.37, 
            Production Events: 0, 
            Suppression Events: 0
Time: 548.37, 
            Production Events: 0, 
            Suppression Events: 0
Time: 550.18, 
            Production Events: 0, 
            Suppression Events: 2
Time: 550.18, 
            Production Events: 0, 
            Suppression Events: 0
Time: 552.98, 
            Production Events: 0, 
            Suppression Events: 1
Time: 552.98, 
            Production Events: 0, 
            Suppression Events: 0
Time: 553.8, 
            Production Events: 0, 
            Suppression Events: 1
Time: 557.08, 
            Production Events: 0, 
            Suppression Events: 1
Time: 557.08, 
            Production Events: 0, 
            Suppression Events: 0
Time: 557.08, 
            Production Events: 0, 
            Suppression Events: 0
Time: 557.08, 
            Production Events: 0, 
            Suppression Events: 0
Time: 559.46, 
            Production Events: 0, 
            Suppression Events: 2
Time: 559.46, 
            Production Events: 0, 
            Suppression Events: 0
Time: 561.8, 
            Production Events: 0, 
            Suppression Events: 1
Time: 561.8, 
            Production Events: 0, 
            Suppression Events: 0
Time: 562.37, 
            Production Events: 0, 
            Suppression Events: 1
Time: 563.5, 
            Production Events: 0, 
            Suppression Events: 1
Time: 564.47, 
            Production Events: 0, 
            Suppression Events: 1
Time: 565.17, 
            Production Events: 0, 
            Suppression Events: 2
Time: 567.08, 
            Production Events: 0, 
            Suppression Events: 2
Time: 567.08, 
            Production Events: 0, 
            Suppression Events: 0
Time: 568.4, 
            Production Events: 1, 
            Suppression Events: 0
Time: 569.74, 
            Production Events: 0, 
            Suppression Events: 1
Time: 570.93, 
            Production Events: 0, 
            Suppression Events: 2
Time: 572.9, 
            Production Events: 1, 
            Suppression Events: 1
Time: 572.9, 
            Production Events: 0, 
            Suppression Events: 0
Time: 574.0, 
            Production Events: 1, 
            Suppression Events: 1
Time: 574.17, 
            Production Events: 1, 
            Suppression Events: 0
Time: 576.53, 
            Production Events: 1, 
            Suppression Events: 0
Time: 576.53, 
            Production Events: 0, 
            Suppression Events: 0
Time: 577.85, 
            Production Events: 0, 
            Suppression Events: 1
Time: 581.25, 
            Production Events: 0, 
            Suppression Events: 1
Time: 581.25, 
            Production Events: 0, 
            Suppression Events: 0
Time: 581.25, 
            Production Events: 0, 
            Suppression Events: 0
Time: 581.25, 
            Production Events: 0, 
            Suppression Events: 0
Time: 582.61, 
            Production Events: 0, 
            Suppression Events: 1
Time: 585.28, 
            Production Events: 0, 
            Suppression Events: 2
Time: 585.28, 
            Production Events: 0, 
            Suppression Events: 0
Time: 585.28, 
            Production Events: 0, 
            Suppression Events: 0
Time: 586.17, 
            Production Events: 0, 
            Suppression Events: 1
Time: 588.55, 
            Production Events: 1, 
            Suppression Events: 0
Time: 588.55, 
            Production Events: 0, 
            Suppression Events: 0
Time: 589.11, 
            Production Events: 0, 
            Suppression Events: 2
Time: 591.12, 
            Production Events: 0, 
            Suppression Events: 2
Time: 591.12, 
            Production Events: 0, 
            Suppression Events: 0
Time: 592.55, 
            Production Events: 0, 
            Suppression Events: 4
Time: 593.95, 
            Production Events: 0, 
            Suppression Events: 1
Time: 594.13, 
            Production Events: 1, 
            Suppression Events: 0
Time: 596.55, 
            Production Events: 0, 
            Suppression Events: 5
Time: 596.55, 
            Production Events: 0, 
            Suppression Events: 0
Time: 598.7, 
            Production Events: 0, 
            Suppression Events: 1
Time: 598.7, 
            Production Events: 0, 
            Suppression Events: 0
Time: 599.45, 
            Production Events: 0, 
            Suppression Events: 1
Time: 600.92, 
            Production Events: 0, 
            Suppression Events: 1
Time: 601.69, 
            Production Events: 0, 
            Suppression Events: 1
Time: 604.69, 
            Production Events: 0, 
            Suppression Events: 1
Time: 604.69, 
            Production Events: 0, 
            Suppression Events: 0
Time: 604.69, 
            Production Events: 0, 
            Suppression Events: 0
Time: 605.55, 
            Production Events: 0, 
            Suppression Events: 1
Time: 606.36, 
            Production Events: 0, 
            Suppression Events: 1
Time: 608.12, 
            Production Events: 0, 
            Suppression Events: 1
Time: 608.12, 
            Production Events: 0, 
            Suppression Events: 0
Time: 611.15, 
            Production Events: 0, 
            Suppression Events: 1
Time: 611.15, 
            Production Events: 0, 
            Suppression Events: 0
Time: 611.15, 
            Production Events: 0, 
            Suppression Events: 0
Time: 613.58, 
            Production Events: 0, 
            Suppression Events: 2
Time: 613.58, 
            Production Events: 0, 
            Suppression Events: 0
Time: 614.08, 
            Production Events: 0, 
            Suppression Events: 1
Time: 615.16, 
            Production Events: 0, 
            Suppression Events: 1
Time: 616.13, 
            Production Events: 0, 
            Suppression Events: 1
Time: 617.06, 
            Production Events: 0, 
            Suppression Events: 1
Time: 620.17, 
            Production Events: 0, 
            Suppression Events: 1
Time: 620.17, 
            Production Events: 0, 
            Suppression Events: 0
Time: 620.17, 
            Production Events: 0, 
            Suppression Events: 0
Time: 621.56, 
            Production Events: 0, 
            Suppression Events: 3
Time: 622.64, 
            Production Events: 0, 
            Suppression Events: 1
Time: 623.22, 
            Production Events: 0, 
            Suppression Events: 1
Time: 624.8, 
            Production Events: 0, 
            Suppression Events: 2
Time: 626.48, 
            Production Events: 0, 
            Suppression Events: 1
Time: 626.48, 
            Production Events: 0, 
            Suppression Events: 0
Time: 628.4, 
            Production Events: 1, 
            Suppression Events: 1
Time: 628.4, 
            Production Events: 0, 
            Suppression Events: 0
Time: 630.59, 
            Production Events: 0, 
            Suppression Events: 2
Time: 630.59, 
            Production Events: 0, 
            Suppression Events: 0
Time: 633.53, 
            Production Events: 0, 
            Suppression Events: 1
Time: 633.53, 
            Production Events: 0, 
            Suppression Events: 0
Time: 633.53, 
            Production Events: 0, 
            Suppression Events: 0
Time: 634.4, 
            Production Events: 1, 
            Suppression Events: 0
Time: 635.85, 
            Production Events: 0, 
            Suppression Events: 2
Time: 636.01, 
            Production Events: 0, 
            Suppression Events: 1
Time: 640.39, 
            Production Events: 0, 
            Suppression Events: 2
Time: 640.39, 
            Production Events: 0, 
            Suppression Events: 0
Time: 640.39, 
            Production Events: 0, 
            Suppression Events: 0
Time: 640.39, 
            Production Events: 0, 
            Suppression Events: 0
Time: 641.63, 
            Production Events: 1, 
            Suppression Events: 0
Time: 642.17, 
            Production Events: 0, 
            Suppression Events: 2
Time: 643.85, 
            Production Events: 1, 
            Suppression Events: 1
Time: 644.39, 
            Production Events: 0, 
            Suppression Events: 2
Time: 645.31, 
            Production Events: 1, 
            Suppression Events: 1
Time: 646.4, 
            Production Events: 0, 
            Suppression Events: 5
Time: 648.22, 
            Production Events: 0, 
            Suppression Events: 1
Time: 648.22, 
            Production Events: 0, 
            Suppression Events: 0
Time: 650.39, 
            Production Events: 0, 
            Suppression Events: 2
Time: 650.39, 
            Production Events: 0, 
            Suppression Events: 0
Time: 652.84, 
            Production Events: 0, 
            Suppression Events: 1
Time: 652.84, 
            Production Events: 0, 
            Suppression Events: 0
Time: 654.65, 
            Production Events: 0, 
            Suppression Events: 1
Time: 654.65, 
            Production Events: 0, 
            Suppression Events: 0
Time: 655.36, 
            Production Events: 0, 
            Suppression Events: 2
Time: 656.72, 
            Production Events: 1, 
            Suppression Events: 1
Time: 657.5, 
            Production Events: 1, 
            Suppression Events: 0
Time: 660.08, 
            Production Events: 0, 
            Suppression Events: 2
Time: 660.08, 
            Production Events: 0, 
            Suppression Events: 0
Time: 660.08, 
            Production Events: 0, 
            Suppression Events: 0
Time: 661.27, 
            Production Events: 0, 
            Suppression Events: 2
Time: 663.0, 
            Production Events: 0, 
            Suppression Events: 1
Time: 663.0, 
            Production Events: 0, 
            Suppression Events: 0
Time: 665.66, 
            Production Events: 0, 
            Suppression Events: 1
Time: 665.66, 
            Production Events: 0, 
            Suppression Events: 0
Time: 666.33, 
            Production Events: 0, 
            Suppression Events: 1
Time: 667.64, 
            Production Events: 1, 
            Suppression Events: 0
Time: 668.54, 
            Production Events: 0, 
            Suppression Events: 1
Time: 669.03, 
            Production Events: 0, 
            Suppression Events: 1
Time: 670.18, 
            Production Events: 0, 
            Suppression Events: 1
Time: 671.72, 
            Production Events: 0, 
            Suppression Events: 2
Time: 672.53, 
            Production Events: 0, 
            Suppression Events: 1
Time: 673.39, 
            Production Events: 0, 
            Suppression Events: 1
Time: 677.03, 
            Production Events: 0, 
            Suppression Events: 1
Time: 677.03, 
            Production Events: 0, 
            Suppression Events: 0
Time: 677.03, 
            Production Events: 0, 
            Suppression Events: 0
Time: 677.03, 
            Production Events: 0, 
            Suppression Events: 0
Time: 678.08, 
            Production Events: 1, 
            Suppression Events: 2
Time: 679.19, 
            Production Events: 0, 
            Suppression Events: 2
Time: 683.18, 
            Production Events: 0, 
            Suppression Events: 1
Time: 683.18, 
            Production Events: 0, 
            Suppression Events: 0
Time: 683.18, 
            Production Events: 0, 
            Suppression Events: 0
Time: 683.18, 
            Production Events: 0, 
            Suppression Events: 0
Time: 684.62, 
            Production Events: 0, 
            Suppression Events: 3
Time: 685.51, 
            Production Events: 0, 
            Suppression Events: 2
Time: 686.32, 
            Production Events: 0, 
            Suppression Events: 1
Time: 687.2, 
            Production Events: 0, 
            Suppression Events: 2
Time: 690.74, 
            Production Events: 0, 
            Suppression Events: 2
Time: 690.74, 
            Production Events: 0, 
            Suppression Events: 0
Time: 690.74, 
            Production Events: 0, 
            Suppression Events: 0
Time: 691.99, 
            Production Events: 0, 
            Suppression Events: 1
Time: 692.61, 
            Production Events: 0, 
            Suppression Events: 1
Time: 693.34, 
            Production Events: 0, 
            Suppression Events: 1
Time: 694.88, 
            Production Events: 0, 
            Suppression Events: 2
Time: 695.72, 
            Production Events: 0, 
            Suppression Events: 1
Time: 696.09, 
            Production Events: 0, 
            Suppression Events: 1
Time: 697.2, 
            Production Events: 0, 
            Suppression Events: 1
Time: 698.84, 
            Production Events: 1, 
            Suppression Events: 0
Time: 699.02, 
            Production Events: 0, 
            Suppression Events: 2
Time: 700.4, 
            Production Events: 0, 
            Suppression Events: 1
Time: 704.06, 
            Production Events: 1, 
            Suppression Events: 2
Time: 704.06, 
            Production Events: 0, 
            Suppression Events: 0
Time: 704.06, 
            Production Events: 0, 
            Suppression Events: 0
Time: 704.06, 
            Production Events: 0, 
            Suppression Events: 0
Time: 705.75, 
            Production Events: 0, 
            Suppression Events: 1
Time: 706.36, 
            Production Events: 1, 
            Suppression Events: 1
Time: 707.33, 
            Production Events: 0, 
            Suppression Events: 1
Time: 708.54, 
            Production Events: 1, 
            Suppression Events: 2
Time: 709.72, 
            Production Events: 0, 
            Suppression Events: 2
Time: 710.99, 
            Production Events: 0, 
            Suppression Events: 1
Time: 712.38, 
            Production Events: 0, 
            Suppression Events: 1
Time: 712.38, 
            Production Events: 0, 
            Suppression Events: 0
Time: 716.29, 
            Production Events: 0, 
            Suppression Events: 1
Time: 716.29, 
            Production Events: 0, 
            Suppression Events: 0
Time: 716.29, 
            Production Events: 0, 
            Suppression Events: 0
Time: 716.29, 
            Production Events: 0, 
            Suppression Events: 0
Time: 717.71, 
            Production Events: 0, 
            Suppression Events: 2
Time: 719.12, 
            Production Events: 0, 
            Suppression Events: 1
Time: 719.12, 
            Production Events: 0, 
            Suppression Events: 0
Time: 722.07, 
            Production Events: 0, 
            Suppression Events: 1
Time: 722.07, 
            Production Events: 0, 
            Suppression Events: 0
Time: 722.07, 
            Production Events: 0, 
            Suppression Events: 0
Time: 723.69, 
            Production Events: 0, 
            Suppression Events: 1
Time: 724.43, 
            Production Events: 0, 
            Suppression Events: 1
Time: 726.91, 
            Production Events: 0, 
            Suppression Events: 2
Time: 726.91, 
            Production Events: 0, 
            Suppression Events: 0
Time: 727.8, 
            Production Events: 1, 
            Suppression Events: 0
Time: 728.37, 
            Production Events: 0, 
            Suppression Events: 2
Time: 729.33, 
            Production Events: 0, 
            Suppression Events: 3
Time: 730.97, 
            Production Events: 0, 
            Suppression Events: 2
Time: 731.78, 
            Production Events: 0, 
            Suppression Events: 1
Time: 732.03, 
            Production Events: 0, 
            Suppression Events: 1
Time: 733.3, 
            Production Events: 0, 
            Suppression Events: 2
Time: 734.44, 
            Production Events: 0, 
            Suppression Events: 2
Time: 735.8, 
            Production Events: 0, 
            Suppression Events: 1
Time: 737.52, 
            Production Events: 0, 
            Suppression Events: 1
Time: 737.52, 
            Production Events: 0, 
            Suppression Events: 0
Time: 739.73, 
            Production Events: 1, 
            Suppression Events: 0
Time: 739.73, 
            Production Events: 0, 
            Suppression Events: 0
Time: 740.92, 
            Production Events: 0, 
            Suppression Events: 1
Time: 741.43, 
            Production Events: 0, 
            Suppression Events: 1
Time: 742.18, 
            Production Events: 0, 
            Suppression Events: 2
Time: 743.33, 
            Production Events: 0, 
            Suppression Events: 1
Time: 748.7, 
            Production Events: 0, 
            Suppression Events: 1
Time: 748.7, 
            Production Events: 0, 
            Suppression Events: 0
Time: 748.7, 
            Production Events: 0, 
            Suppression Events: 0
Time: 748.7, 
            Production Events: 0, 
            Suppression Events: 0
Time: 748.7, 
            Production Events: 0, 
            Suppression Events: 0
Time: 749.46, 
            Production Events: 0, 
            Suppression Events: 1
Time: 750.4, 
            Production Events: 0, 
            Suppression Events: 1
Time: 752.63, 
            Production Events: 0, 
            Suppression Events: 2
Time: 752.63, 
            Production Events: 0, 
            Suppression Events: 0
Time: 754.14, 
            Production Events: 0, 
            Suppression Events: 1
Time: 754.14, 
            Production Events: 0, 
            Suppression Events: 0
Time: 755.59, 
            Production Events: 1, 
            Suppression Events: 1
Time: 756.43, 
            Production Events: 0, 
            Suppression Events: 1
Time: 757.3, 
            Production Events: 0, 
            Suppression Events: 1
Time: 758.04, 
            Production Events: 0, 
            Suppression Events: 1
Time: 763.94, 
            Production Events: 0, 
            Suppression Events: 2
Time: 763.94, 
            Production Events: 0, 
            Suppression Events: 0
Time: 763.94, 
            Production Events: 0, 
            Suppression Events: 0
Time: 763.94, 
            Production Events: 0, 
            Suppression Events: 0
Time: 763.94, 
            Production Events: 0, 
            Suppression Events: 0
Time: 764.19, 
            Production Events: 0, 
            Suppression Events: 1
Time: 765.57, 
            Production Events: 0, 
            Suppression Events: 2
Time: 766.06, 
            Production Events: 0, 
            Suppression Events: 2
Time: 767.86, 
            Production Events: 0, 
            Suppression Events: 2
Time: 768.34, 
            Production Events: 0, 
            Suppression Events: 1
Time: 769.22, 
            Production Events: 0, 
            Suppression Events: 1
Time: 773.58, 
            Production Events: 1, 
            Suppression Events: 1
Time: 773.58, 
            Production Events: 0, 
            Suppression Events: 0
Time: 773.58, 
            Production Events: 0, 
            Suppression Events: 0
Time: 773.58, 
            Production Events: 0, 
            Suppression Events: 0
Time: 775.56, 
            Production Events: 0, 
            Suppression Events: 1
Time: 775.56, 
            Production Events: 0, 
            Suppression Events: 0
Time: 776.26, 
            Production Events: 1, 
            Suppression Events: 1
Time: 777.24, 
            Production Events: 0, 
            Suppression Events: 2
Time: 779.06, 
            Production Events: 0, 
            Suppression Events: 2
Time: 779.06, 
            Production Events: 0, 
            Suppression Events: 0
Time: 781.34, 
            Production Events: 1, 
            Suppression Events: 0
Time: 781.34, 
            Production Events: 0, 
            Suppression Events: 0
Time: 782.19, 
            Production Events: 0, 
            Suppression Events: 2
Time: 784.11, 
            Production Events: 0, 
            Suppression Events: 2
Time: 784.11, 
            Production Events: 0, 
            Suppression Events: 0
Time: 786.09, 
            Production Events: 0, 
            Suppression Events: 1
Time: 786.09, 
            Production Events: 0, 
            Suppression Events: 0
Time: 787.77, 
            Production Events: 0, 
            Suppression Events: 3
Time: 788.18, 
            Production Events: 0, 
            Suppression Events: 1
Time: 789.79, 
            Production Events: 0, 
            Suppression Events: 2
Time: 790.34, 
            Production Events: 1, 
            Suppression Events: 1
Time: 791.46, 
            Production Events: 0, 
            Suppression Events: 3
Time: 795.46, 
            Production Events: 0, 
            Suppression Events: 1
Time: 795.46, 
            Production Events: 0, 
            Suppression Events: 0
Time: 795.46, 
            Production Events: 0, 
            Suppression Events: 0
Time: 795.46, 
            Production Events: 0, 
            Suppression Events: 0
Time: 796.53, 
            Production Events: 0, 
            Suppression Events: 1
Time: 797.13, 
            Production Events: 0, 
            Suppression Events: 1
Time: 798.69, 
            Production Events: 0, 
            Suppression Events: 1
Time: 800.43, 
            Production Events: 0, 
            Suppression Events: 2
Time: 800.43, 
            Production Events: 0, 
            Suppression Events: 0
Time: 801.39, 
            Production Events: 0, 
            Suppression Events: 1
Time: 802.15, 
            Production Events: 0, 
            Suppression Events: 2
Time: 803.06, 
            Production Events: 0, 
            Suppression Events: 1
Time: 806.31, 
            Production Events: 0, 
            Suppression Events: 3
Time: 806.31, 
            Production Events: 0, 
            Suppression Events: 0
Time: 806.31, 
            Production Events: 0, 
            Suppression Events: 0
Time: 807.68, 
            Production Events: 0, 
            Suppression Events: 1
Time: 808.72, 
            Production Events: 0, 
            Suppression Events: 1
Time: 809.07, 
            Production Events: 0, 
            Suppression Events: 2
Time: 810.24, 
            Production Events: 0, 
            Suppression Events: 1
Time: 811.78, 
            Production Events: 0, 
            Suppression Events: 1
Time: 813.22, 
            Production Events: 0, 
            Suppression Events: 2
Time: 813.22, 
            Production Events: 0, 
            Suppression Events: 0
Time: 814.24, 
            Production Events: 0, 
            Suppression Events: 3
Time: 815.86, 
            Production Events: 0, 
            Suppression Events: 1
Time: 816.88, 
            Production Events: 1, 
            Suppression Events: 0
Time: 817.66, 
            Production Events: 0, 
            Suppression Events: 1
Time: 818.15, 
            Production Events: 0, 
            Suppression Events: 1
Time: 820.45, 
            Production Events: 0, 
            Suppression Events: 5
Time: 820.45, 
            Production Events: 0, 
            Suppression Events: 0
Time: 822.19, 
            Production Events: 0, 
            Suppression Events: 1
Time: 822.19, 
            Production Events: 0, 
            Suppression Events: 0
Time: 825.42, 
            Production Events: 0, 
            Suppression Events: 1
Time: 825.42, 
            Production Events: 0, 
            Suppression Events: 0
Time: 825.42, 
            Production Events: 0, 
            Suppression Events: 0
Time: 826.28, 
            Production Events: 0, 
            Suppression Events: 2
Time: 827.71, 
            Production Events: 0, 
            Suppression Events: 2
Time: 828.0, 
            Production Events: 0, 
            Suppression Events: 3
Time: 829.1, 
            Production Events: 0, 
            Suppression Events: 2
Time: 830.42, 
            Production Events: 0, 
            Suppression Events: 3
Time: 831.11, 
            Production Events: 0, 
            Suppression Events: 1
Time: 832.25, 
            Production Events: 0, 
            Suppression Events: 2
Time: 833.63, 
            Production Events: 0, 
            Suppression Events: 1
Time: 835.26, 
            Production Events: 0, 
            Suppression Events: 2
Time: 835.26, 
            Production Events: 0, 
            Suppression Events: 0
Time: 837.04, 
            Production Events: 0, 
            Suppression Events: 2
Time: 837.04, 
            Production Events: 0, 
            Suppression Events: 0
Time: 838.08, 
            Production Events: 0, 
            Suppression Events: 1
Time: 839.5, 
            Production Events: 0, 
            Suppression Events: 3
Time: 840.37, 
            Production Events: 0, 
            Suppression Events: 1
Time: 843.09, 
            Production Events: 0, 
            Suppression Events: 1
Time: 843.09, 
            Production Events: 0, 
            Suppression Events: 0
Time: 843.09, 
            Production Events: 0, 
            Suppression Events: 0
Time: 846.41, 
            Production Events: 0, 
            Suppression Events: 2
Time: 846.41, 
            Production Events: 0, 
            Suppression Events: 0
Time: 846.41, 
            Production Events: 0, 
            Suppression Events: 0
Time: 847.97, 
            Production Events: 0, 
            Suppression Events: 1
Time: 848.49, 
            Production Events: 0, 
            Suppression Events: 1
Time: 849.29, 
            Production Events: 0, 
            Suppression Events: 1
Time: 850.06, 
            Production Events: 0, 
            Suppression Events: 1
Time: 852.17, 
            Production Events: 0, 
            Suppression Events: 1
Time: 852.17, 
            Production Events: 0, 
            Suppression Events: 0
Time: 853.29, 
            Production Events: 0, 
            Suppression Events: 3
Time: 855.28, 
            Production Events: 2, 
            Suppression Events: 1
Time: 855.28, 
            Production Events: 0, 
            Suppression Events: 0
Time: 856.99, 
            Production Events: 0, 
            Suppression Events: 2
Time: 857.3, 
            Production Events: 0, 
            Suppression Events: 1
Time: 858.06, 
            Production Events: 0, 
            Suppression Events: 1
Time: 859.33, 
            Production Events: 0, 
            Suppression Events: 2
Time: 860.07, 
            Production Events: 0, 
            Suppression Events: 1
Time: 866.61, 
            Production Events: 1, 
            Suppression Events: 2
Time: 866.61, 
            Production Events: 0, 
            Suppression Events: 0
Time: 866.61, 
            Production Events: 0, 
            Suppression Events: 0
Time: 866.61, 
            Production Events: 0, 
            Suppression Events: 0
Time: 866.61, 
            Production Events: 0, 
            Suppression Events: 0
Time: 866.61, 
            Production Events: 0, 
            Suppression Events: 0
Time: 867.84, 
            Production Events: 0, 
            Suppression Events: 1
Time: 868.59, 
            Production Events: 0, 
            Suppression Events: 1
Time: 869.1, 
            Production Events: 0, 
            Suppression Events: 1
Time: 870.54, 
            Production Events: 0, 
            Suppression Events: 1
Time: 871.01, 
            Production Events: 0, 
            Suppression Events: 2
Time: 872.12, 
            Production Events: 0, 
            Suppression Events: 2
Time: 875.21, 
            Production Events: 0, 
            Suppression Events: 2
Time: 875.21, 
            Production Events: 0, 
            Suppression Events: 0
Time: 875.21, 
            Production Events: 0, 
            Suppression Events: 0
Time: 878.68, 
            Production Events: 0, 
            Suppression Events: 1
Time: 878.68, 
            Production Events: 0, 
            Suppression Events: 0
Time: 878.68, 
            Production Events: 0, 
            Suppression Events: 0
Time: 879.91, 
            Production Events: 0, 
            Suppression Events: 2
Time: 880.94, 
            Production Events: 0, 
            Suppression Events: 1
Time: 883.86, 
            Production Events: 0, 
            Suppression Events: 1
Time: 883.86, 
            Production Events: 0, 
            Suppression Events: 0
Time: 883.86, 
            Production Events: 0, 
            Suppression Events: 0
Time: 884.02, 
            Production Events: 0, 
            Suppression Events: 1
Time: 887.86, 
            Production Events: 1, 
            Suppression Events: 2
Time: 887.86, 
            Production Events: 0, 
            Suppression Events: 0
Time: 887.86, 
            Production Events: 0, 
            Suppression Events: 0
Time: 890.44, 
            Production Events: 0, 
            Suppression Events: 1
Time: 890.44, 
            Production Events: 0, 
            Suppression Events: 0
Time: 890.44, 
            Production Events: 0, 
            Suppression Events: 0
Time: 891.72, 
            Production Events: 0, 
            Suppression Events: 1
Time: 893.82, 
            Production Events: 0, 
            Suppression Events: 1
Time: 893.82, 
            Production Events: 0, 
            Suppression Events: 0
Time: 894.26, 
            Production Events: 0, 
            Suppression Events: 1
Time: 896.62, 
            Production Events: 0, 
            Suppression Events: 2
Time: 896.62, 
            Production Events: 0, 
            Suppression Events: 0
Time: 898.84, 
            Production Events: 0, 
            Suppression Events: 2
Time: 898.84, 
            Production Events: 0, 
            Suppression Events: 0
Time: 901.8, 
            Production Events: 0, 
            Suppression Events: 1
Time: 901.8, 
            Production Events: 0, 
            Suppression Events: 0
Time: 901.8, 
            Production Events: 0, 
            Suppression Events: 0
Time: 902.21, 
            Production Events: 0, 
            Suppression Events: 1
Time: 903.42, 
            Production Events: 0, 
            Suppression Events: 2
Time: 904.85, 
            Production Events: 1, 
            Suppression Events: 0
Time: 906.18, 
            Production Events: 0, 
            Suppression Events: 1
Time: 906.18, 
            Production Events: 0, 
            Suppression Events: 0
Time: 907.04, 
            Production Events: 0, 
            Suppression Events: 3
Time: 909.13, 
            Production Events: 0, 
            Suppression Events: 1
Time: 909.13, 
            Production Events: 0, 
            Suppression Events: 0
Time: 910.03, 
            Production Events: 1, 
            Suppression Events: 0
Time: 913.25, 
            Production Events: 0, 
            Suppression Events: 1
Time: 913.25, 
            Production Events: 0, 
            Suppression Events: 0
Time: 913.25, 
            Production Events: 0, 
            Suppression Events: 0
Time: 914.24, 
            Production Events: 0, 
            Suppression Events: 1
Time: 915.81, 
            Production Events: 0, 
            Suppression Events: 1
Time: 917.6, 
            Production Events: 0, 
            Suppression Events: 1
Time: 917.6, 
            Production Events: 0, 
            Suppression Events: 0
Time: 918.18, 
            Production Events: 0, 
            Suppression Events: 2
Time: 920.34, 
            Production Events: 0, 
            Suppression Events: 1
Time: 920.34, 
            Production Events: 0, 
            Suppression Events: 0
Time: 923.24, 
            Production Events: 0, 
            Suppression Events: 4
Time: 923.24, 
            Production Events: 0, 
            Suppression Events: 0
Time: 923.24, 
            Production Events: 0, 
            Suppression Events: 0
Time: 925.61, 
            Production Events: 0, 
            Suppression Events: 1
Time: 925.61, 
            Production Events: 0, 
            Suppression Events: 0
Time: 926.3, 
            Production Events: 0, 
            Suppression Events: 1
Time: 927.06, 
            Production Events: 0, 
            Suppression Events: 1
Time: 929.24, 
            Production Events: 0, 
            Suppression Events: 2
Time: 929.24, 
            Production Events: 0, 
            Suppression Events: 0
Time: 931.17, 
            Production Events: 0, 
            Suppression Events: 1
Time: 931.17, 
            Production Events: 0, 
            Suppression Events: 0
Time: 932.88, 
            Production Events: 0, 
            Suppression Events: 1
Time: 933.22, 
            Production Events: 1, 
            Suppression Events: 1
Time: 934.6, 
            Production Events: 0, 
            Suppression Events: 2
Time: 935.25, 
            Production Events: 1, 
            Suppression Events: 0
Time: 936.0, 
            Production Events: 0, 
            Suppression Events: 3
Time: 937.34, 
            Production Events: 0, 
            Suppression Events: 2
Time: 938.22, 
            Production Events: 0, 
            Suppression Events: 1
Time: 939.23, 
            Production Events: 0, 
            Suppression Events: 2
Time: 940.4, 
            Production Events: 0, 
            Suppression Events: 1
Time: 942.85, 
            Production Events: 0, 
            Suppression Events: 1
Time: 942.85, 
            Production Events: 0, 
            Suppression Events: 0
Time: 944.1, 
            Production Events: 0, 
            Suppression Events: 1
Time: 944.1, 
            Production Events: 0, 
            Suppression Events: 0
Time: 945.42, 
            Production Events: 0, 
            Suppression Events: 2
Time: 946.98, 
            Production Events: 0, 
            Suppression Events: 1
Time: 948.08, 
            Production Events: 0, 
            Suppression Events: 1
Time: 948.08, 
            Production Events: 0, 
            Suppression Events: 0
Time: 949.42, 
            Production Events: 0, 
            Suppression Events: 2
Time: 953.11, 
            Production Events: 0, 
            Suppression Events: 2
Time: 953.11, 
            Production Events: 0, 
            Suppression Events: 0
Time: 953.11, 
            Production Events: 0, 
            Suppression Events: 0
Time: 953.11, 
            Production Events: 0, 
            Suppression Events: 0
Time: 954.35, 
            Production Events: 0, 
            Suppression Events: 4
Time: 955.02, 
            Production Events: 0, 
            Suppression Events: 1
Time: 958.69, 
            Production Events: 0, 
            Suppression Events: 1
Time: 958.69, 
            Production Events: 0, 
            Suppression Events: 0
Time: 958.69, 
            Production Events: 0, 
            Suppression Events: 0
Time: 959.5, 
            Production Events: 0, 
            Suppression Events: 2
Time: 960.75, 
            Production Events: 0, 
            Suppression Events: 1
Time: 963.82, 
            Production Events: 0, 
            Suppression Events: 1
Time: 963.82, 
            Production Events: 0, 
            Suppression Events: 0
Time: 963.82, 
            Production Events: 0, 
            Suppression Events: 0
Time: 964.23, 
            Production Events: 0, 
            Suppression Events: 1
Time: 965.45, 
            Production Events: 0, 
            Suppression Events: 1
Time: 968.8, 
            Production Events: 0, 
            Suppression Events: 1
Time: 968.8, 
            Production Events: 0, 
            Suppression Events: 0
Time: 968.8, 
            Production Events: 0, 
            Suppression Events: 0
Time: 971.2, 
            Production Events: 0, 
            Suppression Events: 1
Time: 971.2, 
            Production Events: 0, 
            Suppression Events: 0
Time: 971.2, 
            Production Events: 0, 
            Suppression Events: 0
Time: 977.73, 
            Production Events: 0, 
            Suppression Events: 1
Time: 977.73, 
            Production Events: 0, 
            Suppression Events: 0
Time: 977.73, 
            Production Events: 0, 
            Suppression Events: 0
Time: 977.73, 
            Production Events: 0, 
            Suppression Events: 0
Time: 977.73, 
            Production Events: 0, 
            Suppression Events: 0
Time: 977.73, 
            Production Events: 0, 
            Suppression Events: 0
Time: 978.09, 
            Production Events: 0, 
            Suppression Events: 1
Time: 980.52, 
            Production Events: 0, 
            Suppression Events: 1
Time: 980.52, 
            Production Events: 0, 
            Suppression Events: 0
Time: 984.51, 
            Production Events: 0, 
            Suppression Events: 2
Time: 984.51, 
            Production Events: 0, 
            Suppression Events: 0
Time: 984.51, 
            Production Events: 0, 
            Suppression Events: 0
Time: 984.51, 
            Production Events: 0, 
            Suppression Events: 0
Time: 985.1, 
            Production Events: 0, 
            Suppression Events: 1
Time: 986.34, 
            Production Events: 0, 
            Suppression Events: 2
Time: 988.01, 
            Production Events: 0, 
            Suppression Events: 1
Time: 988.01, 
            Production Events: 0, 
            Suppression Events: 0
Time: 990.48, 
            Production Events: 0, 
            Suppression Events: 1
Time: 990.48, 
            Production Events: 0, 
            Suppression Events: 0
Time: 991.65, 
            Production Events: 0, 
            Suppression Events: 1
Time: 993.46, 
            Production Events: 0, 
            Suppression Events: 1
Time: 993.46, 
            Production Events: 0, 
            Suppression Events: 0
Time: 994.29, 
            Production Events: 0, 
            Suppression Events: 1
Time: 995.88, 
            Production Events: 0, 
            Suppression Events: 2
Time: 997.37, 
            Production Events: 0, 
            Suppression Events: 1
Time: 997.37, 
            Production Events: 0, 
            Suppression Events: 0
Time: 998.57, 
            Production Events: 0, 
            Suppression Events: 2
Time: 999.02, 
            Production Events: 0, 
            Suppression Events: 1
Time: 1000.17, 
            Production Events: 0, 
            Suppression Events: 1
Simulation completed:
  Final time: 1000.1737029365181
  Total events: 975
  Wall time: 11277.28 seconds

Saving simulation results with clean separation...
Task evolution saved to: 5t5b/5t5b_mfcsb/data/param_165_rep_1_2025-11-21_183928/states.csv
Events saved to: 5t5b/5t5b_mfcsb/data/param_165_rep_1_2025-11-21_183928/events.csv
Saving event log (raw and DataFrame)...
log DataFrame size: (980, 9)
short view:
59 DataFrame
 Row  time     bee1_id  bee2_id  task_id  task_1   task_2   task_3     task_4 
      Float64  Int64    Int64    Int64    Float64  Float64  Float64    Float6 

   1      0.0        1        0        0   0.1033   0.0995  0.110633    0.101 
   2      0.0        2        0        0   0.0991   0.0902  0.0654579   0.121
   3      0.0        3        0        0   0.0769   0.1078  0.157806    0.095
   4      0.0        4        0        0   0.0762   0.114   0.0751767   0.184
   5      0.0        5        0        0   0.114    0.0977  0.13906     0.116 
                                                               2 columns omittedEvent log saved to: 5t5b/5t5b_mfcsb/data/param_165_rep_1_2025-11-21_183928/event_log.json
Event log DataFrame saved to: 5t5b/5t5b_mfcsb/data/param_165_rep_1_2025-11-21_183928/event_log.csv
Metadata and configuration saved to: 5t5b/5t5b_mfcsb/data/param_165_rep_1_2025-11-21_183928/config.json
Task index mapping saved to: 5t5b/5t5b_mfcsb/data/param_165_rep_1_2025-11-21_183928/task_index_mapping.json
All results saved to directory: 5t5b/5t5b_mfcsb/data/param_165_rep_1_2025-11-21_183928
Simulation completed successfully!
Job finished at: Fri Nov 21 09:48:05 PM CET 2025
