Job array started at: Fri Nov 21 03:33:01 PM CET 2025
Job ID: 10860472
Array Job ID: 10860410
Array Task ID: 58
Node: th-ws-7010m49
Loading Julia module...
Module loaded: /software/opt/el_9/x86_64/julia/1.11.3/bin/julia
Changing to project directory...
Current directory: /scratch/n/N.Pfaffenzeller/nikolas_nethive/nethive_multiverse
Running parameter combination 58, replicate 1
Starting Julia simulation...
Running simulation with the following configuration:
  dataset_names: [:mnist, :cifar10, :svhn2, :fashion_mnist, :bank]
  param_id: 58
  n_bees: 5
  batch_size: 32
  replicate_id: 1
  punish_rate: 0.1
  punishment: time_out
  lambda_sensitivity: 10
  save_nn_epochs: 0
  production_rate: 1
  interaction_rate: 150
  batches_per_step: 100
  learning_rate: 1.0e-6
  max_output_dim: 10
  n_steps_per_epoch: 1
  dead_time: 50
  max_input_dim: 3072
  n_epochs: 1000
  seed: 1130063042

Starting simulation with configuration:
  dataset_names: [:mnist, :cifar10, :svhn2, :fashion_mnist, :bank]
  param_id: 58
  n_bees: 5
  batch_size: 32
  replicate_id: 1
  punish_rate: 0.1
  punishment: time_out
  lambda_sensitivity: 10
  save_nn_epochs: 0
  production_rate: 1
  interaction_rate: 150
  batches_per_step: 100
  run_timestamp: 2025-11-21T15:33:44.608
  learning_rate: 1.0e-6
  max_output_dim: 10
  n_steps_per_epoch: 1
  dead_time: 50
  max_input_dim: 3072
  n_epochs: 1000
  seed: 1130063042
Random seed: 1130063042

Starting simulation...
Time: 1.23, 
            Production Events: 0, 
            Suppression Events: 1
Time: 2.11, 
            Production Events: 0, 
            Suppression Events: 1
Time: 3.26, 
            Production Events: 1, 
            Suppression Events: 0
Time: 4.65, 
            Production Events: 1, 
            Suppression Events: 1
Time: 6.1, 
            Production Events: 0, 
            Suppression Events: 1
Time: 6.1, 
            Production Events: 0, 
            Suppression Events: 0
Time: 7.15, 
            Production Events: 0, 
            Suppression Events: 1
Time: 8.29, 
            Production Events: 2, 
            Suppression Events: 2
Time: 9.38, 
            Production Events: 1, 
            Suppression Events: 0
Time: 11.16, 
            Production Events: 0, 
            Suppression Events: 2
Time: 11.16, 
            Production Events: 0, 
            Suppression Events: 0
Time: 13.1, 
            Production Events: 0, 
            Suppression Events: 2
Time: 13.1, 
            Production Events: 0, 
            Suppression Events: 0
Time: 14.43, 
            Production Events: 0, 
            Suppression Events: 5
Time: 15.31, 
            Production Events: 0, 
            Suppression Events: 2
Time: 16.26, 
            Production Events: 0, 
            Suppression Events: 1
Time: 18.0, 
            Production Events: 0, 
            Suppression Events: 1
Time: 19.35, 
            Production Events: 0, 
            Suppression Events: 1
Time: 19.35, 
            Production Events: 0, 
            Suppression Events: 0
Time: 21.18, 
            Production Events: 2, 
            Suppression Events: 0
Time: 21.18, 
            Production Events: 0, 
            Suppression Events: 0
Time: 22.68, 
            Production Events: 1, 
            Suppression Events: 1
Time: 24.03, 
            Production Events: 0, 
            Suppression Events: 1
Time: 24.03, 
            Production Events: 0, 
            Suppression Events: 0
Time: 25.3, 
            Production Events: 0, 
            Suppression Events: 2
Time: 28.48, 
            Production Events: 0, 
            Suppression Events: 1
Time: 28.48, 
            Production Events: 0, 
            Suppression Events: 0
Time: 28.48, 
            Production Events: 0, 
            Suppression Events: 0
Time: 29.83, 
            Production Events: 0, 
            Suppression Events: 2
Time: 30.88, 
            Production Events: 1, 
            Suppression Events: 0
Time: 31.82, 
            Production Events: 0, 
            Suppression Events: 1
Time: 32.35, 
            Production Events: 0, 
            Suppression Events: 1
Time: 34.22, 
            Production Events: 0, 
            Suppression Events: 3
Time: 34.22, 
            Production Events: 0, 
            Suppression Events: 0
Time: 35.86, 
            Production Events: 0, 
            Suppression Events: 1
Time: 37.72, 
            Production Events: 0, 
            Suppression Events: 1
Time: 37.72, 
            Production Events: 0, 
            Suppression Events: 0
Time: 38.36, 
            Production Events: 0, 
            Suppression Events: 1
Time: 39.02, 
            Production Events: 1, 
            Suppression Events: 4
Time: 43.41, 
            Production Events: 0, 
            Suppression Events: 2
Time: 43.41, 
            Production Events: 0, 
            Suppression Events: 0
Time: 43.41, 
            Production Events: 0, 
            Suppression Events: 0
Time: 43.41, 
            Production Events: 0, 
            Suppression Events: 0
Time: 44.23, 
            Production Events: 0, 
            Suppression Events: 3
Time: 46.05, 
            Production Events: 0, 
            Suppression Events: 1
Time: 46.05, 
            Production Events: 0, 
            Suppression Events: 0
Time: 47.09, 
            Production Events: 0, 
            Suppression Events: 1
Time: 49.62, 
            Production Events: 0, 
            Suppression Events: 1
Time: 49.62, 
            Production Events: 0, 
            Suppression Events: 0
Time: 52.48, 
            Production Events: 0, 
            Suppression Events: 1
Time: 52.48, 
            Production Events: 0, 
            Suppression Events: 0
Time: 52.48, 
            Production Events: 0, 
            Suppression Events: 0
Time: 58.98, 
            Production Events: 0, 
            Suppression Events: 2
Time: 58.98, 
            Production Events: 0, 
            Suppression Events: 0
Time: 58.98, 
            Production Events: 0, 
            Suppression Events: 0
Time: 58.98, 
            Production Events: 0, 
            Suppression Events: 0
Time: 58.98, 
            Production Events: 0, 
            Suppression Events: 0
Time: 58.98, 
            Production Events: 0, 
            Suppression Events: 0
Time: 63.98, 
            Production Events: 0, 
            Suppression Events: 1
Time: 63.98, 
            Production Events: 0, 
            Suppression Events: 0
Time: 63.98, 
            Production Events: 0, 
            Suppression Events: 0
Time: 63.98, 
            Production Events: 0, 
            Suppression Events: 0
Time: 63.98, 
            Production Events: 0, 
            Suppression Events: 0
Time: 64.7, 
            Production Events: 1, 
            Suppression Events: 0
Time: 65.0, 
            Production Events: 0, 
            Suppression Events: 1
Time: 67.72, 
            Production Events: 0, 
            Suppression Events: 2
Time: 67.72, 
            Production Events: 0, 
            Suppression Events: 0
Time: 68.21, 
            Production Events: 0, 
            Suppression Events: 1
Time: 69.83, 
            Production Events: 0, 
            Suppression Events: 3
Time: 71.15, 
            Production Events: 0, 
            Suppression Events: 1
Time: 71.15, 
            Production Events: 0, 
            Suppression Events: 0
Time: 73.6, 
            Production Events: 0, 
            Suppression Events: 3
Time: 73.6, 
            Production Events: 0, 
            Suppression Events: 0
Time: 74.6, 
            Production Events: 0, 
            Suppression Events: 1
Time: 76.03, 
            Production Events: 0, 
            Suppression Events: 1
Time: 76.03, 
            Production Events: 0, 
            Suppression Events: 0
Time: 77.59, 
            Production Events: 0, 
            Suppression Events: 2
Time: 78.21, 
            Production Events: 0, 
            Suppression Events: 1
Time: 79.44, 
            Production Events: 0, 
            Suppression Events: 1
Time: 83.52, 
            Production Events: 1, 
            Suppression Events: 2
Time: 83.52, 
            Production Events: 0, 
            Suppression Events: 0
Time: 83.52, 
            Production Events: 0, 
            Suppression Events: 0
Time: 83.52, 
            Production Events: 0, 
            Suppression Events: 0
Time: 84.24, 
            Production Events: 0, 
            Suppression Events: 1
Time: 85.88, 
            Production Events: 0, 
            Suppression Events: 2
Time: 86.12, 
            Production Events: 0, 
            Suppression Events: 2
Time: 88.49, 
            Production Events: 0, 
            Suppression Events: 1
Time: 88.49, 
            Production Events: 0, 
            Suppression Events: 0
Time: 90.91, 
            Production Events: 0, 
            Suppression Events: 1
Time: 90.91, 
            Production Events: 0, 
            Suppression Events: 0
Time: 91.94, 
            Production Events: 0, 
            Suppression Events: 1
Time: 92.25, 
            Production Events: 0, 
            Suppression Events: 1
Time: 93.77, 
            Production Events: 0, 
            Suppression Events: 3
Time: 96.45, 
            Production Events: 0, 
            Suppression Events: 1
Time: 96.45, 
            Production Events: 0, 
            Suppression Events: 0
Time: 96.45, 
            Production Events: 0, 
            Suppression Events: 0
Time: 98.2, 
            Production Events: 0, 
            Suppression Events: 1
Time: 98.2, 
            Production Events: 0, 
            Suppression Events: 0
Time: 99.58, 
            Production Events: 0, 
            Suppression Events: 2
Time: 100.18, 
            Production Events: 1, 
            Suppression Events: 1
Time: 101.57, 
            Production Events: 0, 
            Suppression Events: 1
Time: 103.6, 
            Production Events: 0, 
            Suppression Events: 1
Time: 103.6, 
            Production Events: 0, 
            Suppression Events: 0
Time: 105.3, 
            Production Events: 0, 
            Suppression Events: 1
Time: 105.3, 
            Production Events: 0, 
            Suppression Events: 0
Time: 107.39, 
            Production Events: 0, 
            Suppression Events: 1
Time: 107.39, 
            Production Events: 0, 
            Suppression Events: 0
Time: 108.76, 
            Production Events: 0, 
            Suppression Events: 1
Time: 111.52, 
            Production Events: 0, 
            Suppression Events: 1
Time: 111.52, 
            Production Events: 0, 
            Suppression Events: 0
Time: 111.52, 
            Production Events: 0, 
            Suppression Events: 0
Time: 112.98, 
            Production Events: 1, 
            Suppression Events: 1
Time: 113.25, 
            Production Events: 0, 
            Suppression Events: 1
Time: 114.49, 
            Production Events: 0, 
            Suppression Events: 3
Time: 115.49, 
            Production Events: 0, 
            Suppression Events: 5
Time: 117.68, 
            Production Events: 0, 
            Suppression Events: 1
Time: 117.68, 
            Production Events: 0, 
            Suppression Events: 0
Time: 119.35, 
            Production Events: 1, 
            Suppression Events: 0
Time: 119.35, 
            Production Events: 0, 
            Suppression Events: 0
Time: 120.99, 
            Production Events: 0, 
            Suppression Events: 2
Time: 121.98, 
            Production Events: 0, 
            Suppression Events: 1
Time: 123.16, 
            Production Events: 0, 
            Suppression Events: 1
Time: 123.16, 
            Production Events: 0, 
            Suppression Events: 0
Time: 125.55, 
            Production Events: 1, 
            Suppression Events: 0
Time: 125.55, 
            Production Events: 0, 
            Suppression Events: 0
Time: 127.1, 
            Production Events: 1, 
            Suppression Events: 1
Time: 127.1, 
            Production Events: 0, 
            Suppression Events: 0
Time: 131.86, 
            Production Events: 1, 
            Suppression Events: 0
Time: 131.86, 
            Production Events: 0, 
            Suppression Events: 0
Time: 131.86, 
            Production Events: 0, 
            Suppression Events: 0
Time: 131.86, 
            Production Events: 0, 
            Suppression Events: 0
Time: 132.46, 
            Production Events: 1, 
            Suppression Events: 1
Time: 133.18, 
            Production Events: 1, 
            Suppression Events: 1
Time: 134.09, 
            Production Events: 0, 
            Suppression Events: 2
Time: 135.33, 
            Production Events: 0, 
            Suppression Events: 2
Time: 136.95, 
            Production Events: 1, 
            Suppression Events: 0
Time: 137.32, 
            Production Events: 0, 
            Suppression Events: 1
Time: 138.81, 
            Production Events: 0, 
            Suppression Events: 2
Time: 139.05, 
            Production Events: 0, 
            Suppression Events: 1
Time: 140.85, 
            Production Events: 0, 
            Suppression Events: 1
Time: 141.42, 
            Production Events: 0, 
            Suppression Events: 1
Time: 148.55, 
            Production Events: 0, 
            Suppression Events: 1
Time: 148.55, 
            Production Events: 0, 
            Suppression Events: 0
Time: 148.55, 
            Production Events: 0, 
            Suppression Events: 0
Time: 148.55, 
            Production Events: 0, 
            Suppression Events: 0
Time: 148.55, 
            Production Events: 0, 
            Suppression Events: 0
Time: 148.55, 
            Production Events: 0, 
            Suppression Events: 0
Time: 148.55, 
            Production Events: 0, 
            Suppression Events: 0
Time: 149.03, 
            Production Events: 0, 
            Suppression Events: 2
Time: 150.88, 
            Production Events: 0, 
            Suppression Events: 3
Time: 151.79, 
            Production Events: 0, 
            Suppression Events: 1
Time: 153.62, 
            Production Events: 0, 
            Suppression Events: 1
Time: 153.62, 
            Production Events: 0, 
            Suppression Events: 0
Time: 154.9, 
            Production Events: 0, 
            Suppression Events: 1
Time: 156.04, 
            Production Events: 0, 
            Suppression Events: 1
Time: 156.04, 
            Production Events: 0, 
            Suppression Events: 0
Time: 157.06, 
            Production Events: 1, 
            Suppression Events: 1
Time: 159.03, 
            Production Events: 0, 
            Suppression Events: 1
Time: 159.03, 
            Production Events: 0, 
            Suppression Events: 0
Time: 163.33, 
            Production Events: 0, 
            Suppression Events: 2
Time: 163.33, 
            Production Events: 0, 
            Suppression Events: 0
Time: 163.33, 
            Production Events: 0, 
            Suppression Events: 0
Time: 163.33, 
            Production Events: 0, 
            Suppression Events: 0
Time: 164.96, 
            Production Events: 0, 
            Suppression Events: 1
Time: 168.46, 
            Production Events: 0, 
            Suppression Events: 1
Time: 168.46, 
            Production Events: 0, 
            Suppression Events: 0
Time: 168.46, 
            Production Events: 0, 
            Suppression Events: 0
Time: 168.46, 
            Production Events: 0, 
            Suppression Events: 0
Time: 169.04, 
            Production Events: 0, 
            Suppression Events: 1
Time: 171.47, 
            Production Events: 0, 
            Suppression Events: 3
Time: 171.47, 
            Production Events: 0, 
            Suppression Events: 0
Time: 172.11, 
            Production Events: 0, 
            Suppression Events: 1
Time: 174.18, 
            Production Events: 1, 
            Suppression Events: 3
Time: 174.18, 
            Production Events: 0, 
            Suppression Events: 0
Time: 175.42, 
            Production Events: 0, 
            Suppression Events: 3
Time: 179.37, 
            Production Events: 0, 
            Suppression Events: 1
Time: 179.37, 
            Production Events: 0, 
            Suppression Events: 0
Time: 179.37, 
            Production Events: 0, 
            Suppression Events: 0
Time: 179.37, 
            Production Events: 0, 
            Suppression Events: 0
Time: 182.43, 
            Production Events: 0, 
            Suppression Events: 1
Time: 182.43, 
            Production Events: 0, 
            Suppression Events: 0
Time: 182.43, 
            Production Events: 0, 
            Suppression Events: 0
Time: 183.92, 
            Production Events: 0, 
            Suppression Events: 1
Time: 184.21, 
            Production Events: 0, 
            Suppression Events: 1
Time: 185.2, 
            Production Events: 0, 
            Suppression Events: 2
Time: 187.66, 
            Production Events: 0, 
            Suppression Events: 1
Time: 187.66, 
            Production Events: 0, 
            Suppression Events: 0
Time: 188.09, 
            Production Events: 0, 
            Suppression Events: 1
Time: 189.76, 
            Production Events: 0, 
            Suppression Events: 2
Time: 190.12, 
            Production Events: 0, 
            Suppression Events: 1
Time: 192.34, 
            Production Events: 0, 
            Suppression Events: 1
Time: 192.34, 
            Production Events: 0, 
            Suppression Events: 0
Time: 193.92, 
            Production Events: 0, 
            Suppression Events: 1
Time: 194.69, 
            Production Events: 0, 
            Suppression Events: 1
Time: 195.3, 
            Production Events: 0, 
            Suppression Events: 1
Time: 197.11, 
            Production Events: 0, 
            Suppression Events: 1
Time: 197.11, 
            Production Events: 0, 
            Suppression Events: 0
Time: 199.87, 
            Production Events: 0, 
            Suppression Events: 1
Time: 199.87, 
            Production Events: 0, 
            Suppression Events: 0
Time: 201.37, 
            Production Events: 0, 
            Suppression Events: 1
Time: 201.37, 
            Production Events: 0, 
            Suppression Events: 0
Time: 206.23, 
            Production Events: 0, 
            Suppression Events: 1
Time: 206.23, 
            Production Events: 0, 
            Suppression Events: 0
Time: 206.23, 
            Production Events: 0, 
            Suppression Events: 0
Time: 206.23, 
            Production Events: 0, 
            Suppression Events: 0
Time: 206.23, 
            Production Events: 0, 
            Suppression Events: 0
Time: 208.91, 
            Production Events: 0, 
            Suppression Events: 1
Time: 208.91, 
            Production Events: 0, 
            Suppression Events: 0
Time: 209.17, 
            Production Events: 0, 
            Suppression Events: 1
Time: 210.3, 
            Production Events: 0, 
            Suppression Events: 1
Time: 212.51, 
            Production Events: 0, 
            Suppression Events: 2
Time: 212.51, 
            Production Events: 0, 
            Suppression Events: 0
Time: 213.06, 
            Production Events: 0, 
            Suppression Events: 1
Time: 214.63, 
            Production Events: 1, 
            Suppression Events: 1
Time: 215.29, 
            Production Events: 0, 
            Suppression Events: 1
Time: 217.7, 
            Production Events: 0, 
            Suppression Events: 1
Time: 217.7, 
            Production Events: 0, 
            Suppression Events: 0
Time: 219.18, 
            Production Events: 0, 
            Suppression Events: 3
Time: 219.18, 
            Production Events: 0, 
            Suppression Events: 0
Time: 220.01, 
            Production Events: 0, 
            Suppression Events: 2
Time: 221.03, 
            Production Events: 0, 
            Suppression Events: 3
Time: 222.37, 
            Production Events: 0, 
            Suppression Events: 2
Time: 223.77, 
            Production Events: 0, 
            Suppression Events: 1
Time: 224.91, 
            Production Events: 0, 
            Suppression Events: 1
Time: 228.16, 
            Production Events: 0, 
            Suppression Events: 1
Time: 228.16, 
            Production Events: 0, 
            Suppression Events: 0
Time: 228.16, 
            Production Events: 0, 
            Suppression Events: 0
Time: 228.16, 
            Production Events: 0, 
            Suppression Events: 0
Time: 231.59, 
            Production Events: 0, 
            Suppression Events: 1
Time: 231.59, 
            Production Events: 0, 
            Suppression Events: 0
Time: 231.59, 
            Production Events: 0, 
            Suppression Events: 0
Time: 232.13, 
            Production Events: 0, 
            Suppression Events: 1
Time: 233.93, 
            Production Events: 0, 
            Suppression Events: 4
Time: 234.15, 
            Production Events: 0, 
            Suppression Events: 2
Time: 235.05, 
            Production Events: 0, 
            Suppression Events: 1
Time: 237.0, 
            Production Events: 0, 
            Suppression Events: 1
Time: 237.0, 
            Production Events: 0, 
            Suppression Events: 0
Time: 239.09, 
            Production Events: 0, 
            Suppression Events: 3
Time: 239.09, 
            Production Events: 0, 
            Suppression Events: 0
Time: 240.41, 
            Production Events: 0, 
            Suppression Events: 2
Time: 242.3, 
            Production Events: 0, 
            Suppression Events: 1
Time: 242.3, 
            Production Events: 0, 
            Suppression Events: 0
Time: 244.01, 
            Production Events: 0, 
            Suppression Events: 2
Time: 244.01, 
            Production Events: 0, 
            Suppression Events: 0
Time: 245.1, 
            Production Events: 0, 
            Suppression Events: 2
Time: 246.33, 
            Production Events: 0, 
            Suppression Events: 1
Time: 248.98, 
            Production Events: 0, 
            Suppression Events: 1
Time: 248.98, 
            Production Events: 0, 
            Suppression Events: 0
Time: 251.02, 
            Production Events: 0, 
            Suppression Events: 1
Time: 251.02, 
            Production Events: 0, 
            Suppression Events: 0
Time: 251.02, 
            Production Events: 0, 
            Suppression Events: 0
Time: 255.99, 
            Production Events: 0, 
            Suppression Events: 2
Time: 255.99, 
            Production Events: 0, 
            Suppression Events: 0
Time: 255.99, 
            Production Events: 0, 
            Suppression Events: 0
Time: 255.99, 
            Production Events: 0, 
            Suppression Events: 0
Time: 256.39, 
            Production Events: 0, 
            Suppression Events: 1
Time: 258.41, 
            Production Events: 0, 
            Suppression Events: 1
Time: 258.41, 
            Production Events: 0, 
            Suppression Events: 0
Time: 259.31, 
            Production Events: 0, 
            Suppression Events: 1
Time: 260.23, 
            Production Events: 1, 
            Suppression Events: 1
Time: 264.03, 
            Production Events: 0, 
            Suppression Events: 2
Time: 264.03, 
            Production Events: 0, 
            Suppression Events: 0
Time: 264.03, 
            Production Events: 0, 
            Suppression Events: 0
Time: 264.03, 
            Production Events: 0, 
            Suppression Events: 0
Time: 265.21, 
            Production Events: 0, 
            Suppression Events: 3
Time: 266.94, 
            Production Events: 0, 
            Suppression Events: 1
Time: 267.57, 
            Production Events: 0, 
            Suppression Events: 1
Time: 269.53, 
            Production Events: 0, 
            Suppression Events: 1
Time: 269.53, 
            Production Events: 0, 
            Suppression Events: 0
Time: 270.81, 
            Production Events: 0, 
            Suppression Events: 1
Time: 273.0, 
            Production Events: 0, 
            Suppression Events: 1
Time: 273.0, 
            Production Events: 0, 
            Suppression Events: 0
Time: 273.0, 
            Production Events: 0, 
            Suppression Events: 0
Time: 274.33, 
            Production Events: 0, 
            Suppression Events: 2
Time: 275.51, 
            Production Events: 0, 
            Suppression Events: 2
Time: 276.39, 
            Production Events: 0, 
            Suppression Events: 1
Time: 277.63, 
            Production Events: 1, 
            Suppression Events: 0
Time: 278.32, 
            Production Events: 0, 
            Suppression Events: 2
Time: 279.28, 
            Production Events: 0, 
            Suppression Events: 1
Time: 281.34, 
            Production Events: 0, 
            Suppression Events: 1
Time: 281.34, 
            Production Events: 0, 
            Suppression Events: 0
Time: 282.97, 
            Production Events: 0, 
            Suppression Events: 1
Time: 283.3, 
            Production Events: 0, 
            Suppression Events: 1
Time: 284.29, 
            Production Events: 0, 
            Suppression Events: 1
Time: 285.18, 
            Production Events: 0, 
            Suppression Events: 3
Time: 288.8, 
            Production Events: 0, 
            Suppression Events: 1
Time: 288.8, 
            Production Events: 0, 
            Suppression Events: 0
Time: 288.8, 
            Production Events: 0, 
            Suppression Events: 0
Time: 290.93, 
            Production Events: 0, 
            Suppression Events: 1
Time: 290.93, 
            Production Events: 0, 
            Suppression Events: 0
Time: 291.11, 
            Production Events: 0, 
            Suppression Events: 1
Time: 293.27, 
            Production Events: 0, 
            Suppression Events: 2
Time: 293.27, 
            Production Events: 0, 
            Suppression Events: 0
Time: 294.85, 
            Production Events: 0, 
            Suppression Events: 2
Time: 295.88, 
            Production Events: 0, 
            Suppression Events: 1
Time: 296.97, 
            Production Events: 0, 
            Suppression Events: 1
Time: 300.97, 
            Production Events: 0, 
            Suppression Events: 1
Time: 300.97, 
            Production Events: 0, 
            Suppression Events: 0
Time: 300.97, 
            Production Events: 0, 
            Suppression Events: 0
Time: 300.97, 
            Production Events: 0, 
            Suppression Events: 0
Time: 301.88, 
            Production Events: 0, 
            Suppression Events: 1
Time: 302.43, 
            Production Events: 0, 
            Suppression Events: 1
Time: 304.21, 
            Production Events: 0, 
            Suppression Events: 1
Time: 304.21, 
            Production Events: 0, 
            Suppression Events: 0
Time: 306.14, 
            Production Events: 0, 
            Suppression Events: 2
Time: 306.14, 
            Production Events: 0, 
            Suppression Events: 0
Time: 307.6, 
            Production Events: 0, 
            Suppression Events: 1
Time: 309.53, 
            Production Events: 1, 
            Suppression Events: 0
Time: 309.53, 
            Production Events: 0, 
            Suppression Events: 0
Time: 310.19, 
            Production Events: 0, 
            Suppression Events: 1
Time: 311.14, 
            Production Events: 0, 
            Suppression Events: 2
Time: 312.86, 
            Production Events: 0, 
            Suppression Events: 2
Time: 315.33, 
            Production Events: 0, 
            Suppression Events: 1
Time: 315.33, 
            Production Events: 0, 
            Suppression Events: 0
Time: 315.33, 
            Production Events: 0, 
            Suppression Events: 0
Time: 316.77, 
            Production Events: 0, 
            Suppression Events: 1
Time: 317.36, 
            Production Events: 0, 
            Suppression Events: 1
Time: 318.03, 
            Production Events: 0, 
            Suppression Events: 1
Time: 320.23, 
            Production Events: 1, 
            Suppression Events: 1
Time: 320.23, 
            Production Events: 0, 
            Suppression Events: 0
Time: 323.21, 
            Production Events: 0, 
            Suppression Events: 2
Time: 323.21, 
            Production Events: 0, 
            Suppression Events: 0
Time: 323.21, 
            Production Events: 0, 
            Suppression Events: 0
Time: 324.06, 
            Production Events: 1, 
            Suppression Events: 0
Time: 325.96, 
            Production Events: 0, 
            Suppression Events: 1
Time: 327.64, 
            Production Events: 0, 
            Suppression Events: 1
Time: 327.64, 
            Production Events: 0, 
            Suppression Events: 0
Time: 328.01, 
            Production Events: 0, 
            Suppression Events: 1
Time: 329.23, 
            Production Events: 1, 
            Suppression Events: 3
Time: 330.19, 
            Production Events: 0, 
            Suppression Events: 1
Time: 337.06, 
            Production Events: 0, 
            Suppression Events: 4
Time: 337.06, 
            Production Events: 0, 
            Suppression Events: 0
Time: 337.06, 
            Production Events: 0, 
            Suppression Events: 0
Time: 337.06, 
            Production Events: 0, 
            Suppression Events: 0
Time: 337.06, 
            Production Events: 0, 
            Suppression Events: 0
Time: 337.06, 
            Production Events: 0, 
            Suppression Events: 0
Time: 337.06, 
            Production Events: 0, 
            Suppression Events: 0
Time: 338.88, 
            Production Events: 0, 
            Suppression Events: 1
Time: 339.26, 
            Production Events: 0, 
            Suppression Events: 1
Time: 340.13, 
            Production Events: 1, 
            Suppression Events: 4
Time: 341.51, 
            Production Events: 0, 
            Suppression Events: 2
Time: 342.16, 
            Production Events: 0, 
            Suppression Events: 2
Time: 344.28, 
            Production Events: 0, 
            Suppression Events: 1
Time: 344.28, 
            Production Events: 0, 
            Suppression Events: 0
Time: 345.5, 
            Production Events: 0, 
            Suppression Events: 2
Time: 347.13, 
            Production Events: 0, 
            Suppression Events: 1
Time: 347.13, 
            Production Events: 0, 
            Suppression Events: 0
Time: 349.34, 
            Production Events: 0, 
            Suppression Events: 4
Time: 349.34, 
            Production Events: 0, 
            Suppression Events: 0
Time: 350.19, 
            Production Events: 0, 
            Suppression Events: 1
Time: 351.11, 
            Production Events: 0, 
            Suppression Events: 3
Time: 353.02, 
            Production Events: 0, 
            Suppression Events: 3
Time: 353.02, 
            Production Events: 0, 
            Suppression Events: 0
Time: 354.09, 
            Production Events: 0, 
            Suppression Events: 1
Time: 355.31, 
            Production Events: 0, 
            Suppression Events: 1
Time: 357.38, 
            Production Events: 0, 
            Suppression Events: 1
Time: 357.38, 
            Production Events: 0, 
            Suppression Events: 0
Time: 359.01, 
            Production Events: 0, 
            Suppression Events: 1
Time: 359.01, 
            Production Events: 0, 
            Suppression Events: 0
Time: 361.25, 
            Production Events: 1, 
            Suppression Events: 1
Time: 361.25, 
            Production Events: 0, 
            Suppression Events: 0
Time: 365.46, 
            Production Events: 0, 
            Suppression Events: 1
Time: 365.46, 
            Production Events: 0, 
            Suppression Events: 0
Time: 365.46, 
            Production Events: 0, 
            Suppression Events: 0
Time: 365.46, 
            Production Events: 0, 
            Suppression Events: 0
Time: 368.43, 
            Production Events: 0, 
            Suppression Events: 3
Time: 368.43, 
            Production Events: 0, 
            Suppression Events: 0
Time: 368.43, 
            Production Events: 0, 
            Suppression Events: 0
Time: 370.04, 
            Production Events: 0, 
            Suppression Events: 2
Time: 370.04, 
            Production Events: 0, 
            Suppression Events: 0
Time: 371.52, 
            Production Events: 0, 
            Suppression Events: 2
Time: 372.44, 
            Production Events: 0, 
            Suppression Events: 2
Time: 374.25, 
            Production Events: 0, 
            Suppression Events: 2
Time: 374.25, 
            Production Events: 0, 
            Suppression Events: 0
Time: 377.24, 
            Production Events: 0, 
            Suppression Events: 2
Time: 377.24, 
            Production Events: 0, 
            Suppression Events: 0
Time: 377.24, 
            Production Events: 0, 
            Suppression Events: 0
Time: 378.36, 
            Production Events: 1, 
            Suppression Events: 0
Time: 383.66, 
            Production Events: 0, 
            Suppression Events: 1
Time: 383.66, 
            Production Events: 0, 
            Suppression Events: 0
Time: 383.66, 
            Production Events: 0, 
            Suppression Events: 0
Time: 383.66, 
            Production Events: 0, 
            Suppression Events: 0
Time: 383.66, 
            Production Events: 0, 
            Suppression Events: 0
Time: 385.86, 
            Production Events: 0, 
            Suppression Events: 1
Time: 385.86, 
            Production Events: 0, 
            Suppression Events: 0
Time: 386.34, 
            Production Events: 0, 
            Suppression Events: 1
Time: 387.88, 
            Production Events: 0, 
            Suppression Events: 1
Time: 388.04, 
            Production Events: 0, 
            Suppression Events: 1
Time: 391.88, 
            Production Events: 0, 
            Suppression Events: 3
Time: 391.88, 
            Production Events: 0, 
            Suppression Events: 0
Time: 391.88, 
            Production Events: 0, 
            Suppression Events: 0
Time: 392.14, 
            Production Events: 0, 
            Suppression Events: 1
Time: 395.67, 
            Production Events: 0, 
            Suppression Events: 2
Time: 395.67, 
            Production Events: 0, 
            Suppression Events: 0
Time: 395.67, 
            Production Events: 0, 
            Suppression Events: 0
Time: 396.09, 
            Production Events: 0, 
            Suppression Events: 1
Time: 400.84, 
            Production Events: 0, 
            Suppression Events: 1
Time: 400.84, 
            Production Events: 0, 
            Suppression Events: 0
Time: 400.84, 
            Production Events: 0, 
            Suppression Events: 0
Time: 400.84, 
            Production Events: 0, 
            Suppression Events: 0
Time: 404.13, 
            Production Events: 0, 
            Suppression Events: 1
Time: 404.13, 
            Production Events: 0, 
            Suppression Events: 0
Time: 404.13, 
            Production Events: 0, 
            Suppression Events: 0
Time: 404.13, 
            Production Events: 0, 
            Suppression Events: 0
Time: 405.08, 
            Production Events: 1, 
            Suppression Events: 0
Time: 407.67, 
            Production Events: 1, 
            Suppression Events: 2
Time: 407.67, 
            Production Events: 0, 
            Suppression Events: 0
Time: 409.18, 
            Production Events: 0, 
            Suppression Events: 1
Time: 409.18, 
            Production Events: 0, 
            Suppression Events: 0
Time: 410.71, 
            Production Events: 0, 
            Suppression Events: 1
Time: 412.33, 
            Production Events: 1, 
            Suppression Events: 1
Time: 412.33, 
            Production Events: 0, 
            Suppression Events: 0
Time: 413.32, 
            Production Events: 0, 
            Suppression Events: 3
Time: 414.65, 
            Production Events: 0, 
            Suppression Events: 1
Time: 415.16, 
            Production Events: 0, 
            Suppression Events: 2
Time: 416.53, 
            Production Events: 0, 
            Suppression Events: 2
Time: 417.52, 
            Production Events: 0, 
            Suppression Events: 1
Time: 418.22, 
            Production Events: 0, 
            Suppression Events: 1
Time: 419.17, 
            Production Events: 1, 
            Suppression Events: 4
Time: 420.36, 
            Production Events: 0, 
            Suppression Events: 2
Time: 421.13, 
            Production Events: 0, 
            Suppression Events: 3
Time: 422.64, 
            Production Events: 0, 
            Suppression Events: 1
Time: 423.42, 
            Production Events: 1, 
            Suppression Events: 1
Time: 424.83, 
            Production Events: 0, 
            Suppression Events: 1
Time: 425.79, 
            Production Events: 0, 
            Suppression Events: 1
Time: 427.05, 
            Production Events: 0, 
            Suppression Events: 2
Time: 427.05, 
            Production Events: 0, 
            Suppression Events: 0
Time: 428.06, 
            Production Events: 0, 
            Suppression Events: 4
Time: 430.32, 
            Production Events: 0, 
            Suppression Events: 2
Time: 430.32, 
            Production Events: 0, 
            Suppression Events: 0
Time: 431.35, 
            Production Events: 0, 
            Suppression Events: 1
Time: 433.67, 
            Production Events: 0, 
            Suppression Events: 1
Time: 433.67, 
            Production Events: 0, 
            Suppression Events: 0
Time: 435.86, 
            Production Events: 0, 
            Suppression Events: 1
Time: 435.86, 
            Production Events: 0, 
            Suppression Events: 0
Time: 436.07, 
            Production Events: 0, 
            Suppression Events: 1
Time: 437.33, 
            Production Events: 0, 
            Suppression Events: 1
Time: 438.16, 
            Production Events: 0, 
            Suppression Events: 2
Time: 439.6, 
            Production Events: 0, 
            Suppression Events: 2
Time: 440.02, 
            Production Events: 0, 
            Suppression Events: 1
Time: 441.76, 
            Production Events: 0, 
            Suppression Events: 3
Time: 442.72, 
            Production Events: 0, 
            Suppression Events: 1
Time: 443.53, 
            Production Events: 0, 
            Suppression Events: 1
Time: 445.23, 
            Production Events: 0, 
            Suppression Events: 2
Time: 445.23, 
            Production Events: 0, 
            Suppression Events: 0
Time: 446.62, 
            Production Events: 0, 
            Suppression Events: 1
Time: 448.02, 
            Production Events: 0, 
            Suppression Events: 1
Time: 448.02, 
            Production Events: 0, 
            Suppression Events: 0
Time: 449.61, 
            Production Events: 0, 
            Suppression Events: 4
Time: 450.96, 
            Production Events: 0, 
            Suppression Events: 1
Time: 454.33, 
            Production Events: 0, 
            Suppression Events: 1
Time: 454.33, 
            Production Events: 0, 
            Suppression Events: 0
Time: 454.33, 
            Production Events: 0, 
            Suppression Events: 0
Time: 454.33, 
            Production Events: 0, 
            Suppression Events: 0
Time: 456.3, 
            Production Events: 1, 
            Suppression Events: 0
Time: 456.3, 
            Production Events: 0, 
            Suppression Events: 0
Time: 457.28, 
            Production Events: 0, 
            Suppression Events: 3
Time: 460.23, 
            Production Events: 0, 
            Suppression Events: 2
Time: 460.23, 
            Production Events: 0, 
            Suppression Events: 0
Time: 460.23, 
            Production Events: 0, 
            Suppression Events: 0
Time: 461.67, 
            Production Events: 1, 
            Suppression Events: 1
Time: 464.09, 
            Production Events: 0, 
            Suppression Events: 1
Time: 464.09, 
            Production Events: 0, 
            Suppression Events: 0
Time: 464.09, 
            Production Events: 0, 
            Suppression Events: 0
Time: 465.32, 
            Production Events: 0, 
            Suppression Events: 1
Time: 466.21, 
            Production Events: 0, 
            Suppression Events: 3
Time: 467.18, 
            Production Events: 0, 
            Suppression Events: 1
Time: 468.09, 
            Production Events: 0, 
            Suppression Events: 1
Time: 469.86, 
            Production Events: 0, 
            Suppression Events: 2
Time: 471.35, 
            Production Events: 0, 
            Suppression Events: 1
Time: 471.35, 
            Production Events: 0, 
            Suppression Events: 0
Time: 472.0, 
            Production Events: 0, 
            Suppression Events: 1
Time: 473.71, 
            Production Events: 0, 
            Suppression Events: 1
Time: 476.54, 
            Production Events: 0, 
            Suppression Events: 4
Time: 476.54, 
            Production Events: 0, 
            Suppression Events: 0
Time: 476.54, 
            Production Events: 0, 
            Suppression Events: 0
Time: 477.81, 
            Production Events: 0, 
            Suppression Events: 1
Time: 479.6, 
            Production Events: 0, 
            Suppression Events: 1
Time: 479.6, 
            Production Events: 0, 
            Suppression Events: 0
Time: 482.6, 
            Production Events: 1, 
            Suppression Events: 0
Time: 482.6, 
            Production Events: 0, 
            Suppression Events: 0
Time: 482.6, 
            Production Events: 0, 
            Suppression Events: 0
Time: 483.15, 
            Production Events: 0, 
            Suppression Events: 2
Time: 485.04, 
            Production Events: 0, 
            Suppression Events: 1
Time: 485.04, 
            Production Events: 0, 
            Suppression Events: 0
Time: 486.96, 
            Production Events: 0, 
            Suppression Events: 4
Time: 487.49, 
            Production Events: 0, 
            Suppression Events: 1
Time: 489.21, 
            Production Events: 0, 
            Suppression Events: 3
Time: 489.21, 
            Production Events: 0, 
            Suppression Events: 0
Time: 491.25, 
            Production Events: 0, 
            Suppression Events: 2
Time: 491.25, 
            Production Events: 0, 
            Suppression Events: 0
Time: 492.42, 
            Production Events: 0, 
            Suppression Events: 1
Time: 493.1, 
            Production Events: 1, 
            Suppression Events: 1
Time: 494.32, 
            Production Events: 0, 
            Suppression Events: 2
Time: 495.85, 
            Production Events: 1, 
            Suppression Events: 0
Time: 497.96, 
            Production Events: 1, 
            Suppression Events: 1
Time: 497.96, 
            Production Events: 0, 
            Suppression Events: 0
Time: 498.07, 
            Production Events: 0, 
            Suppression Events: 1
Time: 499.1, 
            Production Events: 0, 
            Suppression Events: 2
Time: 500.89, 
            Production Events: 0, 
            Suppression Events: 1
Time: 501.64, 
            Production Events: 0, 
            Suppression Events: 1
Time: 502.11, 
            Production Events: 0, 
            Suppression Events: 1
Time: 503.49, 
            Production Events: 0, 
            Suppression Events: 2
Time: 504.28, 
            Production Events: 0, 
            Suppression Events: 1
Time: 505.45, 
            Production Events: 0, 
            Suppression Events: 1
Time: 506.05, 
            Production Events: 0, 
            Suppression Events: 1
Time: 507.37, 
            Production Events: 0, 
            Suppression Events: 2
Time: 508.39, 
            Production Events: 0, 
            Suppression Events: 2
Time: 509.55, 
            Production Events: 0, 
            Suppression Events: 3
Time: 510.08, 
            Production Events: 0, 
            Suppression Events: 1
Time: 511.27, 
            Production Events: 0, 
            Suppression Events: 2
Time: 512.3, 
            Production Events: 0, 
            Suppression Events: 2
Time: 515.61, 
            Production Events: 0, 
            Suppression Events: 1
Time: 515.61, 
            Production Events: 0, 
            Suppression Events: 0
Time: 515.61, 
            Production Events: 0, 
            Suppression Events: 0
Time: 516.29, 
            Production Events: 0, 
            Suppression Events: 2
Time: 517.31, 
            Production Events: 0, 
            Suppression Events: 1
Time: 518.19, 
            Production Events: 0, 
            Suppression Events: 1
Time: 519.26, 
            Production Events: 0, 
            Suppression Events: 1
Time: 523.1, 
            Production Events: 0, 
            Suppression Events: 1
Time: 523.1, 
            Production Events: 0, 
            Suppression Events: 0
Time: 523.1, 
            Production Events: 0, 
            Suppression Events: 0
Time: 523.1, 
            Production Events: 0, 
            Suppression Events: 0
Time: 524.24, 
            Production Events: 0, 
            Suppression Events: 2
Time: 525.45, 
            Production Events: 0, 
            Suppression Events: 2
Time: 526.43, 
            Production Events: 0, 
            Suppression Events: 1
Time: 528.26, 
            Production Events: 0, 
            Suppression Events: 1
Time: 528.26, 
            Production Events: 0, 
            Suppression Events: 0
Time: 531.35, 
            Production Events: 0, 
            Suppression Events: 2
Time: 531.35, 
            Production Events: 0, 
            Suppression Events: 0
Time: 531.35, 
            Production Events: 0, 
            Suppression Events: 0
Time: 533.76, 
            Production Events: 0, 
            Suppression Events: 1
Time: 533.76, 
            Production Events: 0, 
            Suppression Events: 0
Time: 537.11, 
            Production Events: 1, 
            Suppression Events: 0
Time: 537.11, 
            Production Events: 0, 
            Suppression Events: 0
Time: 537.11, 
            Production Events: 0, 
            Suppression Events: 0
Time: 537.11, 
            Production Events: 0, 
            Suppression Events: 0
Time: 539.48, 
            Production Events: 0, 
            Suppression Events: 4
Time: 539.48, 
            Production Events: 0, 
            Suppression Events: 0
Time: 540.51, 
            Production Events: 0, 
            Suppression Events: 1
Time: 541.57, 
            Production Events: 0, 
            Suppression Events: 2
Time: 542.15, 
            Production Events: 0, 
            Suppression Events: 2
Time: 544.18, 
            Production Events: 0, 
            Suppression Events: 2
Time: 544.18, 
            Production Events: 0, 
            Suppression Events: 0
Time: 545.65, 
            Production Events: 0, 
            Suppression Events: 2
Time: 546.12, 
            Production Events: 0, 
            Suppression Events: 1
Time: 551.56, 
            Production Events: 0, 
            Suppression Events: 2
Time: 551.56, 
            Production Events: 0, 
            Suppression Events: 0
Time: 551.56, 
            Production Events: 0, 
            Suppression Events: 0
Time: 551.56, 
            Production Events: 0, 
            Suppression Events: 0
Time: 551.56, 
            Production Events: 0, 
            Suppression Events: 0
Time: 554.53, 
            Production Events: 0, 
            Suppression Events: 2
Time: 554.53, 
            Production Events: 0, 
            Suppression Events: 0
Time: 554.53, 
            Production Events: 0, 
            Suppression Events: 0
Time: 555.03, 
            Production Events: 0, 
            Suppression Events: 1
Time: 556.35, 
            Production Events: 0, 
            Suppression Events: 1
Time: 557.25, 
            Production Events: 1, 
            Suppression Events: 2
Time: 558.1, 
            Production Events: 0, 
            Suppression Events: 2
Time: 559.71, 
            Production Events: 0, 
            Suppression Events: 2
Time: 560.74, 
            Production Events: 0, 
            Suppression Events: 1
Time: 561.11, 
            Production Events: 1, 
            Suppression Events: 0
Time: 562.2, 
            Production Events: 0, 
            Suppression Events: 1
Time: 563.36, 
            Production Events: 0, 
            Suppression Events: 1
Time: 564.51, 
            Production Events: 0, 
            Suppression Events: 2
Time: 565.88, 
            Production Events: 0, 
            Suppression Events: 1
Time: 566.12, 
            Production Events: 0, 
            Suppression Events: 1
Time: 567.81, 
            Production Events: 0, 
            Suppression Events: 1
Time: 568.63, 
            Production Events: 0, 
            Suppression Events: 1
Time: 569.86, 
            Production Events: 0, 
            Suppression Events: 1
Time: 570.26, 
            Production Events: 0, 
            Suppression Events: 1
Time: 571.34, 
            Production Events: 0, 
            Suppression Events: 3
Time: 572.87, 
            Production Events: 0, 
            Suppression Events: 1
Time: 574.26, 
            Production Events: 0, 
            Suppression Events: 1
Time: 574.26, 
            Production Events: 0, 
            Suppression Events: 0
Time: 575.97, 
            Production Events: 1, 
            Suppression Events: 1
Time: 576.79, 
            Production Events: 0, 
            Suppression Events: 1
Time: 577.13, 
            Production Events: 0, 
            Suppression Events: 1
Time: 578.33, 
            Production Events: 0, 
            Suppression Events: 4
Time: 579.17, 
            Production Events: 0, 
            Suppression Events: 1
Time: 580.64, 
            Production Events: 0, 
            Suppression Events: 1
Time: 581.04, 
            Production Events: 0, 
            Suppression Events: 1
Time: 582.31, 
            Production Events: 0, 
            Suppression Events: 1
Time: 583.55, 
            Production Events: 0, 
            Suppression Events: 1
Time: 585.13, 
            Production Events: 0, 
            Suppression Events: 2
Time: 585.13, 
            Production Events: 0, 
            Suppression Events: 0
Time: 586.87, 
            Production Events: 0, 
            Suppression Events: 1
Time: 588.2, 
            Production Events: 0, 
            Suppression Events: 1
Time: 588.2, 
            Production Events: 0, 
            Suppression Events: 0
Time: 589.16, 
            Production Events: 0, 
            Suppression Events: 3
Time: 590.94, 
            Production Events: 0, 
            Suppression Events: 2
Time: 592.75, 
            Production Events: 0, 
            Suppression Events: 1
Time: 592.75, 
            Production Events: 0, 
            Suppression Events: 0
Time: 594.01, 
            Production Events: 0, 
            Suppression Events: 1
Time: 594.01, 
            Production Events: 0, 
            Suppression Events: 0
Time: 595.17, 
            Production Events: 0, 
            Suppression Events: 4
Time: 596.14, 
            Production Events: 0, 
            Suppression Events: 1
Time: 597.28, 
            Production Events: 0, 
            Suppression Events: 4
Time: 598.39, 
            Production Events: 0, 
            Suppression Events: 3
Time: 599.32, 
            Production Events: 0, 
            Suppression Events: 2
Time: 600.72, 
            Production Events: 0, 
            Suppression Events: 1
Time: 601.03, 
            Production Events: 0, 
            Suppression Events: 1
Time: 602.56, 
            Production Events: 0, 
            Suppression Events: 2
Time: 603.61, 
            Production Events: 0, 
            Suppression Events: 2
Time: 605.91, 
            Production Events: 1, 
            Suppression Events: 1
Time: 605.91, 
            Production Events: 0, 
            Suppression Events: 0
Time: 606.49, 
            Production Events: 0, 
            Suppression Events: 1
Time: 607.48, 
            Production Events: 0, 
            Suppression Events: 3
Time: 608.59, 
            Production Events: 0, 
            Suppression Events: 1
Time: 609.23, 
            Production Events: 0, 
            Suppression Events: 1
Time: 610.13, 
            Production Events: 0, 
            Suppression Events: 2
Time: 612.92, 
            Production Events: 0, 
            Suppression Events: 1
Time: 612.92, 
            Production Events: 0, 
            Suppression Events: 0
Time: 615.11, 
            Production Events: 0, 
            Suppression Events: 1
Time: 615.11, 
            Production Events: 0, 
            Suppression Events: 0
Time: 615.11, 
            Production Events: 0, 
            Suppression Events: 0
Time: 616.08, 
            Production Events: 0, 
            Suppression Events: 2
Time: 617.59, 
            Production Events: 0, 
            Suppression Events: 2
Time: 618.45, 
            Production Events: 1, 
            Suppression Events: 1
Time: 620.94, 
            Production Events: 0, 
            Suppression Events: 2
Time: 620.94, 
            Production Events: 0, 
            Suppression Events: 0
Time: 622.52, 
            Production Events: 0, 
            Suppression Events: 1
Time: 622.52, 
            Production Events: 0, 
            Suppression Events: 0
Time: 624.48, 
            Production Events: 0, 
            Suppression Events: 2
Time: 624.48, 
            Production Events: 0, 
            Suppression Events: 0
Time: 625.07, 
            Production Events: 0, 
            Suppression Events: 1
Time: 626.25, 
            Production Events: 0, 
            Suppression Events: 1
Time: 628.91, 
            Production Events: 0, 
            Suppression Events: 4
Time: 628.91, 
            Production Events: 0, 
            Suppression Events: 0
Time: 629.65, 
            Production Events: 0, 
            Suppression Events: 1
Time: 630.29, 
            Production Events: 0, 
            Suppression Events: 1
Time: 631.45, 
            Production Events: 0, 
            Suppression Events: 1
Time: 632.98, 
            Production Events: 0, 
            Suppression Events: 1
Time: 637.64, 
            Production Events: 0, 
            Suppression Events: 1
Time: 637.64, 
            Production Events: 0, 
            Suppression Events: 0
Time: 637.64, 
            Production Events: 0, 
            Suppression Events: 0
Time: 637.64, 
            Production Events: 0, 
            Suppression Events: 0
Time: 637.64, 
            Production Events: 0, 
            Suppression Events: 0
Time: 641.13, 
            Production Events: 0, 
            Suppression Events: 1
Time: 641.13, 
            Production Events: 0, 
            Suppression Events: 0
Time: 641.13, 
            Production Events: 0, 
            Suppression Events: 0
Time: 641.13, 
            Production Events: 0, 
            Suppression Events: 0
Time: 643.49, 
            Production Events: 0, 
            Suppression Events: 1
Time: 643.49, 
            Production Events: 0, 
            Suppression Events: 0
Time: 645.3, 
            Production Events: 0, 
            Suppression Events: 1
Time: 645.3, 
            Production Events: 0, 
            Suppression Events: 0
Time: 647.55, 
            Production Events: 0, 
            Suppression Events: 1
Time: 647.55, 
            Production Events: 0, 
            Suppression Events: 0
Time: 650.23, 
            Production Events: 0, 
            Suppression Events: 2
Time: 650.23, 
            Production Events: 0, 
            Suppression Events: 0
Time: 650.23, 
            Production Events: 0, 
            Suppression Events: 0
Time: 651.79, 
            Production Events: 0, 
            Suppression Events: 2
Time: 652.19, 
            Production Events: 1, 
            Suppression Events: 0
Time: 653.08, 
            Production Events: 1, 
            Suppression Events: 0
Time: 654.43, 
            Production Events: 0, 
            Suppression Events: 2
Time: 657.03, 
            Production Events: 0, 
            Suppression Events: 2
Time: 657.03, 
            Production Events: 0, 
            Suppression Events: 0
Time: 657.03, 
            Production Events: 0, 
            Suppression Events: 0
Time: 658.98, 
            Production Events: 0, 
            Suppression Events: 2
Time: 661.22, 
            Production Events: 0, 
            Suppression Events: 1
Time: 661.22, 
            Production Events: 0, 
            Suppression Events: 0
Time: 661.22, 
            Production Events: 0, 
            Suppression Events: 0
Time: 662.07, 
            Production Events: 0, 
            Suppression Events: 3
Time: 663.93, 
            Production Events: 0, 
            Suppression Events: 2
Time: 665.83, 
            Production Events: 0, 
            Suppression Events: 1
Time: 665.83, 
            Production Events: 0, 
            Suppression Events: 0
Time: 667.24, 
            Production Events: 0, 
            Suppression Events: 1
Time: 667.24, 
            Production Events: 0, 
            Suppression Events: 0
Time: 668.12, 
            Production Events: 0, 
            Suppression Events: 2
Time: 669.49, 
            Production Events: 0, 
            Suppression Events: 1
Time: 670.63, 
            Production Events: 0, 
            Suppression Events: 1
Time: 671.34, 
            Production Events: 0, 
            Suppression Events: 1
Time: 672.31, 
            Production Events: 0, 
            Suppression Events: 2
Time: 673.19, 
            Production Events: 0, 
            Suppression Events: 2
Time: 674.42, 
            Production Events: 0, 
            Suppression Events: 2
Time: 676.08, 
            Production Events: 0, 
            Suppression Events: 2
Time: 676.08, 
            Production Events: 0, 
            Suppression Events: 0
Time: 677.89, 
            Production Events: 0, 
            Suppression Events: 2
Time: 678.0, 
            Production Events: 0, 
            Suppression Events: 1
Time: 679.67, 
            Production Events: 0, 
            Suppression Events: 2
Time: 682.38, 
            Production Events: 0, 
            Suppression Events: 1
Time: 682.38, 
            Production Events: 0, 
            Suppression Events: 0
Time: 682.38, 
            Production Events: 0, 
            Suppression Events: 0
Time: 683.02, 
            Production Events: 1, 
            Suppression Events: 0
Time: 685.24, 
            Production Events: 0, 
            Suppression Events: 1
Time: 685.24, 
            Production Events: 0, 
            Suppression Events: 0
Time: 686.19, 
            Production Events: 0, 
            Suppression Events: 1
Time: 687.58, 
            Production Events: 0, 
            Suppression Events: 2
Time: 688.14, 
            Production Events: 0, 
            Suppression Events: 1
Time: 689.38, 
            Production Events: 0, 
            Suppression Events: 3
Time: 690.27, 
            Production Events: 0, 
            Suppression Events: 2
Time: 692.98, 
            Production Events: 0, 
            Suppression Events: 1
Time: 692.98, 
            Production Events: 0, 
            Suppression Events: 0
Time: 693.13, 
            Production Events: 0, 
            Suppression Events: 1
Time: 694.31, 
            Production Events: 0, 
            Suppression Events: 2
Time: 695.42, 
            Production Events: 0, 
            Suppression Events: 1
Time: 696.84, 
            Production Events: 0, 
            Suppression Events: 1
Time: 699.38, 
            Production Events: 0, 
            Suppression Events: 1
Time: 699.38, 
            Production Events: 0, 
            Suppression Events: 0
Time: 699.38, 
            Production Events: 0, 
            Suppression Events: 0
Time: 700.04, 
            Production Events: 0, 
            Suppression Events: 2
Time: 701.43, 
            Production Events: 0, 
            Suppression Events: 1
Time: 702.97, 
            Production Events: 0, 
            Suppression Events: 2
Time: 704.58, 
            Production Events: 0, 
            Suppression Events: 1
Time: 704.58, 
            Production Events: 0, 
            Suppression Events: 0
Time: 705.24, 
            Production Events: 0, 
            Suppression Events: 2
Time: 706.02, 
            Production Events: 0, 
            Suppression Events: 1
Time: 707.66, 
            Production Events: 0, 
            Suppression Events: 3
Time: 709.15, 
            Production Events: 1, 
            Suppression Events: 0
Time: 709.15, 
            Production Events: 0, 
            Suppression Events: 0
Time: 711.16, 
            Production Events: 0, 
            Suppression Events: 1
Time: 711.16, 
            Production Events: 0, 
            Suppression Events: 0
Time: 712.07, 
            Production Events: 0, 
            Suppression Events: 1
Time: 714.21, 
            Production Events: 0, 
            Suppression Events: 3
Time: 714.21, 
            Production Events: 0, 
            Suppression Events: 0
Time: 715.77, 
            Production Events: 0, 
            Suppression Events: 1
Time: 716.6, 
            Production Events: 0, 
            Suppression Events: 1
Time: 717.14, 
            Production Events: 0, 
            Suppression Events: 1
Time: 718.32, 
            Production Events: 0, 
            Suppression Events: 1
Time: 722.9, 
            Production Events: 0, 
            Suppression Events: 2
Time: 722.9, 
            Production Events: 0, 
            Suppression Events: 0
Time: 722.9, 
            Production Events: 0, 
            Suppression Events: 0
Time: 722.9, 
            Production Events: 0, 
            Suppression Events: 0
Time: 724.92, 
            Production Events: 0, 
            Suppression Events: 1
Time: 724.92, 
            Production Events: 0, 
            Suppression Events: 0
Time: 727.03, 
            Production Events: 0, 
            Suppression Events: 2
Time: 727.03, 
            Production Events: 0, 
            Suppression Events: 0
Time: 727.03, 
            Production Events: 0, 
            Suppression Events: 0
Time: 729.9, 
            Production Events: 0, 
            Suppression Events: 1
Time: 729.9, 
            Production Events: 0, 
            Suppression Events: 0
Time: 731.0, 
            Production Events: 0, 
            Suppression Events: 1
Time: 732.06, 
            Production Events: 0, 
            Suppression Events: 1
Time: 732.06, 
            Production Events: 0, 
            Suppression Events: 0
Time: 734.9, 
            Production Events: 0, 
            Suppression Events: 2
Time: 734.9, 
            Production Events: 0, 
            Suppression Events: 0
Time: 735.66, 
            Production Events: 0, 
            Suppression Events: 1
Time: 736.03, 
            Production Events: 1, 
            Suppression Events: 0
Time: 737.55, 
            Production Events: 0, 
            Suppression Events: 3
Time: 744.01, 
            Production Events: 0, 
            Suppression Events: 3
Time: 744.01, 
            Production Events: 0, 
            Suppression Events: 0
Time: 744.01, 
            Production Events: 0, 
            Suppression Events: 0
Time: 744.01, 
            Production Events: 0, 
            Suppression Events: 0
Time: 744.01, 
            Production Events: 0, 
            Suppression Events: 0
Time: 744.01, 
            Production Events: 0, 
            Suppression Events: 0
Time: 744.01, 
            Production Events: 0, 
            Suppression Events: 0
Time: 746.3, 
            Production Events: 0, 
            Suppression Events: 2
Time: 746.3, 
            Production Events: 0, 
            Suppression Events: 0
Time: 747.71, 
            Production Events: 0, 
            Suppression Events: 2
Time: 749.12, 
            Production Events: 0, 
            Suppression Events: 1
Time: 749.12, 
            Production Events: 0, 
            Suppression Events: 0
Time: 750.63, 
            Production Events: 0, 
            Suppression Events: 2
Time: 752.92, 
            Production Events: 0, 
            Suppression Events: 1
Time: 752.92, 
            Production Events: 0, 
            Suppression Events: 0
Time: 754.65, 
            Production Events: 0, 
            Suppression Events: 1
Time: 754.65, 
            Production Events: 0, 
            Suppression Events: 0
Time: 756.81, 
            Production Events: 0, 
            Suppression Events: 1
Time: 756.81, 
            Production Events: 0, 
            Suppression Events: 0
Time: 758.83, 
            Production Events: 0, 
            Suppression Events: 1
Time: 758.83, 
            Production Events: 0, 
            Suppression Events: 0
Time: 759.3, 
            Production Events: 1, 
            Suppression Events: 0
Time: 760.69, 
            Production Events: 0, 
            Suppression Events: 1
Time: 761.34, 
            Production Events: 0, 
            Suppression Events: 1
Time: 762.13, 
            Production Events: 1, 
            Suppression Events: 3
Time: 763.08, 
            Production Events: 1, 
            Suppression Events: 2
Time: 765.37, 
            Production Events: 1, 
            Suppression Events: 2
Time: 765.37, 
            Production Events: 0, 
            Suppression Events: 0
Time: 766.38, 
            Production Events: 0, 
            Suppression Events: 1
Time: 767.11, 
            Production Events: 1, 
            Suppression Events: 2
Time: 769.54, 
            Production Events: 1, 
            Suppression Events: 1
Time: 769.54, 
            Production Events: 0, 
            Suppression Events: 0
Time: 771.14, 
            Production Events: 0, 
            Suppression Events: 1
Time: 771.14, 
            Production Events: 0, 
            Suppression Events: 0
Time: 772.48, 
            Production Events: 0, 
            Suppression Events: 2
Time: 773.57, 
            Production Events: 0, 
            Suppression Events: 2
Time: 775.56, 
            Production Events: 0, 
            Suppression Events: 2
Time: 775.56, 
            Production Events: 0, 
            Suppression Events: 0
Time: 776.3, 
            Production Events: 0, 
            Suppression Events: 2
Time: 777.53, 
            Production Events: 0, 
            Suppression Events: 1
Time: 779.12, 
            Production Events: 0, 
            Suppression Events: 1
Time: 779.12, 
            Production Events: 0, 
            Suppression Events: 0
Time: 780.02, 
            Production Events: 0, 
            Suppression Events: 2
Time: 782.01, 
            Production Events: 0, 
            Suppression Events: 3
Time: 782.01, 
            Production Events: 0, 
            Suppression Events: 0
Time: 783.6, 
            Production Events: 0, 
            Suppression Events: 2
Time: 784.77, 
            Production Events: 0, 
            Suppression Events: 1
Time: 785.6, 
            Production Events: 0, 
            Suppression Events: 2
Time: 787.18, 
            Production Events: 0, 
            Suppression Events: 1
Time: 787.18, 
            Production Events: 0, 
            Suppression Events: 0
Time: 788.11, 
            Production Events: 0, 
            Suppression Events: 2
Time: 789.5, 
            Production Events: 0, 
            Suppression Events: 1
Time: 790.68, 
            Production Events: 0, 
            Suppression Events: 1
Time: 791.43, 
            Production Events: 0, 
            Suppression Events: 1
Time: 792.51, 
            Production Events: 0, 
            Suppression Events: 2
Time: 793.39, 
            Production Events: 1, 
            Suppression Events: 0
Time: 798.73, 
            Production Events: 0, 
            Suppression Events: 2
Time: 798.73, 
            Production Events: 0, 
            Suppression Events: 0
Time: 798.73, 
            Production Events: 0, 
            Suppression Events: 0
Time: 798.73, 
            Production Events: 0, 
            Suppression Events: 0
Time: 798.73, 
            Production Events: 0, 
            Suppression Events: 0
Time: 800.38, 
            Production Events: 0, 
            Suppression Events: 1
Time: 800.38, 
            Production Events: 0, 
            Suppression Events: 0
Time: 803.41, 
            Production Events: 0, 
            Suppression Events: 1
Time: 803.41, 
            Production Events: 0, 
            Suppression Events: 0
Time: 803.41, 
            Production Events: 0, 
            Suppression Events: 0
Time: 804.05, 
            Production Events: 0, 
            Suppression Events: 1
Time: 805.09, 
            Production Events: 0, 
            Suppression Events: 3
Time: 807.48, 
            Production Events: 0, 
            Suppression Events: 3
Time: 807.48, 
            Production Events: 0, 
            Suppression Events: 0
Time: 808.41, 
            Production Events: 0, 
            Suppression Events: 2
Time: 810.29, 
            Production Events: 0, 
            Suppression Events: 1
Time: 810.29, 
            Production Events: 0, 
            Suppression Events: 0
Time: 812.27, 
            Production Events: 0, 
            Suppression Events: 1
Time: 812.27, 
            Production Events: 0, 
            Suppression Events: 0
Time: 813.31, 
            Production Events: 0, 
            Suppression Events: 2
Time: 815.2, 
            Production Events: 0, 
            Suppression Events: 1
Time: 815.2, 
            Production Events: 0, 
            Suppression Events: 0
Time: 817.91, 
            Production Events: 0, 
            Suppression Events: 2
Time: 817.91, 
            Production Events: 0, 
            Suppression Events: 0
Time: 818.38, 
            Production Events: 0, 
            Suppression Events: 1
Time: 820.25, 
            Production Events: 0, 
            Suppression Events: 1
Time: 820.25, 
            Production Events: 0, 
            Suppression Events: 0
Time: 821.47, 
            Production Events: 1, 
            Suppression Events: 1
Time: 822.53, 
            Production Events: 0, 
            Suppression Events: 1
Time: 824.25, 
            Production Events: 0, 
            Suppression Events: 1
Time: 824.25, 
            Production Events: 0, 
            Suppression Events: 0
Time: 828.46, 
            Production Events: 0, 
            Suppression Events: 1
Time: 828.46, 
            Production Events: 0, 
            Suppression Events: 0
Time: 828.46, 
            Production Events: 0, 
            Suppression Events: 0
Time: 828.46, 
            Production Events: 0, 
            Suppression Events: 0
Time: 831.88, 
            Production Events: 0, 
            Suppression Events: 1
Time: 831.88, 
            Production Events: 0, 
            Suppression Events: 0
Time: 831.88, 
            Production Events: 0, 
            Suppression Events: 0
Time: 834.81, 
            Production Events: 0, 
            Suppression Events: 1
Time: 834.81, 
            Production Events: 0, 
            Suppression Events: 0
Time: 834.81, 
            Production Events: 0, 
            Suppression Events: 0
Time: 839.99, 
            Production Events: 1, 
            Suppression Events: 0
Time: 839.99, 
            Production Events: 0, 
            Suppression Events: 0
Time: 839.99, 
            Production Events: 0, 
            Suppression Events: 0
Time: 839.99, 
            Production Events: 0, 
            Suppression Events: 0
Time: 839.99, 
            Production Events: 0, 
            Suppression Events: 0
Time: 840.22, 
            Production Events: 0, 
            Suppression Events: 1
Time: 841.02, 
            Production Events: 0, 
            Suppression Events: 3
Time: 845.18, 
            Production Events: 1, 
            Suppression Events: 0
Time: 845.18, 
            Production Events: 0, 
            Suppression Events: 0
Time: 845.18, 
            Production Events: 0, 
            Suppression Events: 0
Time: 845.18, 
            Production Events: 0, 
            Suppression Events: 0
Time: 846.72, 
            Production Events: 0, 
            Suppression Events: 1
Time: 847.35, 
            Production Events: 0, 
            Suppression Events: 1
Time: 849.26, 
            Production Events: 1, 
            Suppression Events: 2
Time: 849.26, 
            Production Events: 0, 
            Suppression Events: 0
Time: 851.32, 
            Production Events: 0, 
            Suppression Events: 1
Time: 851.32, 
            Production Events: 0, 
            Suppression Events: 0
Time: 853.25, 
            Production Events: 0, 
            Suppression Events: 1
Time: 853.25, 
            Production Events: 0, 
            Suppression Events: 0
Time: 854.27, 
            Production Events: 0, 
            Suppression Events: 1
Time: 856.13, 
            Production Events: 0, 
            Suppression Events: 4
Time: 856.13, 
            Production Events: 0, 
            Suppression Events: 0
Time: 857.76, 
            Production Events: 0, 
            Suppression Events: 4
Time: 859.58, 
            Production Events: 0, 
            Suppression Events: 2
Time: 859.58, 
            Production Events: 0, 
            Suppression Events: 0
Time: 861.28, 
            Production Events: 0, 
            Suppression Events: 2
Time: 861.28, 
            Production Events: 0, 
            Suppression Events: 0
Time: 862.56, 
            Production Events: 0, 
            Suppression Events: 1
Time: 863.69, 
            Production Events: 0, 
            Suppression Events: 1
Time: 864.69, 
            Production Events: 0, 
            Suppression Events: 2
Time: 866.52, 
            Production Events: 0, 
            Suppression Events: 1
Time: 866.52, 
            Production Events: 0, 
            Suppression Events: 0
Time: 867.46, 
            Production Events: 0, 
            Suppression Events: 1
Time: 868.35, 
            Production Events: 0, 
            Suppression Events: 1
Time: 869.87, 
            Production Events: 0, 
            Suppression Events: 3
Time: 871.91, 
            Production Events: 0, 
            Suppression Events: 1
Time: 871.91, 
            Production Events: 0, 
            Suppression Events: 0
Time: 872.61, 
            Production Events: 0, 
            Suppression Events: 1
Time: 873.14, 
            Production Events: 0, 
            Suppression Events: 1
Time: 874.21, 
            Production Events: 0, 
            Suppression Events: 2
Time: 876.09, 
            Production Events: 0, 
            Suppression Events: 1
Time: 876.09, 
            Production Events: 0, 
            Suppression Events: 0
Time: 877.7, 
            Production Events: 0, 
            Suppression Events: 4
Time: 878.33, 
            Production Events: 0, 
            Suppression Events: 1
Time: 879.62, 
            Production Events: 0, 
            Suppression Events: 1
Time: 880.43, 
            Production Events: 0, 
            Suppression Events: 2
Time: 881.49, 
            Production Events: 0, 
            Suppression Events: 1
Time: 886.77, 
            Production Events: 0, 
            Suppression Events: 2
Time: 886.77, 
            Production Events: 0, 
            Suppression Events: 0
Time: 886.77, 
            Production Events: 0, 
            Suppression Events: 0
Time: 886.77, 
            Production Events: 0, 
            Suppression Events: 0
Time: 886.77, 
            Production Events: 0, 
            Suppression Events: 0
Time: 887.5, 
            Production Events: 0, 
            Suppression Events: 1
Time: 889.86, 
            Production Events: 0, 
            Suppression Events: 1
Time: 889.86, 
            Production Events: 0, 
            Suppression Events: 0
Time: 891.94, 
            Production Events: 0, 
            Suppression Events: 2
Time: 891.94, 
            Production Events: 0, 
            Suppression Events: 0
Time: 893.21, 
            Production Events: 0, 
            Suppression Events: 1
Time: 893.21, 
            Production Events: 0, 
            Suppression Events: 0
Time: 894.27, 
            Production Events: 0, 
            Suppression Events: 2
Time: 895.33, 
            Production Events: 0, 
            Suppression Events: 1
Time: 898.71, 
            Production Events: 0, 
            Suppression Events: 1
Time: 898.71, 
            Production Events: 0, 
            Suppression Events: 0
Time: 898.71, 
            Production Events: 0, 
            Suppression Events: 0
Time: 899.02, 
            Production Events: 0, 
            Suppression Events: 1
Time: 900.01, 
            Production Events: 0, 
            Suppression Events: 1
Time: 901.07, 
            Production Events: 0, 
            Suppression Events: 2
Time: 902.57, 
            Production Events: 0, 
            Suppression Events: 2
Time: 903.46, 
            Production Events: 0, 
            Suppression Events: 3
Time: 905.05, 
            Production Events: 0, 
            Suppression Events: 4
Time: 905.05, 
            Production Events: 0, 
            Suppression Events: 0
Time: 906.01, 
            Production Events: 0, 
            Suppression Events: 3
Time: 907.01, 
            Production Events: 0, 
            Suppression Events: 2
Time: 909.2, 
            Production Events: 0, 
            Suppression Events: 2
Time: 909.2, 
            Production Events: 0, 
            Suppression Events: 0
Time: 910.1, 
            Production Events: 0, 
            Suppression Events: 1
Time: 911.81, 
            Production Events: 0, 
            Suppression Events: 2
Time: 913.3, 
            Production Events: 0, 
            Suppression Events: 1
Time: 913.3, 
            Production Events: 0, 
            Suppression Events: 0
Time: 915.07, 
            Production Events: 0, 
            Suppression Events: 2
Time: 915.07, 
            Production Events: 0, 
            Suppression Events: 0
Time: 916.06, 
            Production Events: 0, 
            Suppression Events: 2
Time: 917.16, 
            Production Events: 0, 
            Suppression Events: 2
Time: 920.43, 
            Production Events: 0, 
            Suppression Events: 2
Time: 920.43, 
            Production Events: 0, 
            Suppression Events: 0
Time: 920.43, 
            Production Events: 0, 
            Suppression Events: 0
Time: 921.22, 
            Production Events: 0, 
            Suppression Events: 1
Time: 922.05, 
            Production Events: 0, 
            Suppression Events: 1
Time: 923.51, 
            Production Events: 0, 
            Suppression Events: 3
Time: 924.27, 
            Production Events: 0, 
            Suppression Events: 1
Time: 925.55, 
            Production Events: 0, 
            Suppression Events: 2
Time: 927.62, 
            Production Events: 0, 
            Suppression Events: 3
Time: 927.62, 
            Production Events: 0, 
            Suppression Events: 0
Time: 928.37, 
            Production Events: 0, 
            Suppression Events: 1
Time: 929.11, 
            Production Events: 0, 
            Suppression Events: 1
Time: 930.1, 
            Production Events: 1, 
            Suppression Events: 1
Time: 931.03, 
            Production Events: 0, 
            Suppression Events: 1
Time: 932.15, 
            Production Events: 0, 
            Suppression Events: 1
Time: 934.08, 
            Production Events: 0, 
            Suppression Events: 3
Time: 934.08, 
            Production Events: 0, 
            Suppression Events: 0
Time: 938.52, 
            Production Events: 1, 
            Suppression Events: 0
Time: 938.52, 
            Production Events: 0, 
            Suppression Events: 0
Time: 938.52, 
            Production Events: 0, 
            Suppression Events: 0
Time: 938.52, 
            Production Events: 0, 
            Suppression Events: 0
Time: 939.51, 
            Production Events: 0, 
            Suppression Events: 1
Time: 940.55, 
            Production Events: 0, 
            Suppression Events: 2
Time: 941.11, 
            Production Events: 0, 
            Suppression Events: 1
Time: 942.61, 
            Production Events: 0, 
            Suppression Events: 1
Time: 943.45, 
            Production Events: 0, 
            Suppression Events: 1
Time: 945.39, 
            Production Events: 0, 
            Suppression Events: 2
Time: 945.39, 
            Production Events: 0, 
            Suppression Events: 0
Time: 947.04, 
            Production Events: 0, 
            Suppression Events: 2
Time: 947.04, 
            Production Events: 0, 
            Suppression Events: 0
Time: 948.02, 
            Production Events: 0, 
            Suppression Events: 2
Time: 949.83, 
            Production Events: 0, 
            Suppression Events: 2
Time: 950.39, 
            Production Events: 0, 
            Suppression Events: 1
Time: 951.74, 
            Production Events: 0, 
            Suppression Events: 2
Time: 953.58, 
            Production Events: 1, 
            Suppression Events: 0
Time: 953.58, 
            Production Events: 0, 
            Suppression Events: 0
Time: 957.42, 
            Production Events: 0, 
            Suppression Events: 1
Time: 957.42, 
            Production Events: 0, 
            Suppression Events: 0
Time: 957.42, 
            Production Events: 0, 
            Suppression Events: 0
Time: 957.42, 
            Production Events: 0, 
            Suppression Events: 0
Time: 958.89, 
            Production Events: 0, 
            Suppression Events: 2
Time: 964.04, 
            Production Events: 0, 
            Suppression Events: 1
Time: 964.04, 
            Production Events: 0, 
            Suppression Events: 0
Time: 964.04, 
            Production Events: 0, 
            Suppression Events: 0
Time: 964.04, 
            Production Events: 0, 
            Suppression Events: 0
Time: 964.04, 
            Production Events: 0, 
            Suppression Events: 0
Time: 964.04, 
            Production Events: 0, 
            Suppression Events: 0
Time: 965.27, 
            Production Events: 0, 
            Suppression Events: 2
Time: 966.16, 
            Production Events: 0, 
            Suppression Events: 1
Time: 967.35, 
            Production Events: 0, 
            Suppression Events: 2
Time: 968.62, 
            Production Events: 0, 
            Suppression Events: 1
Time: 971.77, 
            Production Events: 0, 
            Suppression Events: 1
Time: 971.77, 
            Production Events: 0, 
            Suppression Events: 0
Time: 971.77, 
            Production Events: 0, 
            Suppression Events: 0
Time: 972.31, 
            Production Events: 0, 
            Suppression Events: 1
Time: 975.5, 
            Production Events: 1, 
            Suppression Events: 1
Time: 975.5, 
            Production Events: 0, 
            Suppression Events: 0
Time: 975.5, 
            Production Events: 0, 
            Suppression Events: 0
Time: 976.24, 
            Production Events: 0, 
            Suppression Events: 1
Time: 978.66, 
            Production Events: 0, 
            Suppression Events: 4
Time: 978.66, 
            Production Events: 0, 
            Suppression Events: 0
Time: 984.22, 
            Production Events: 0, 
            Suppression Events: 1
Time: 984.22, 
            Production Events: 0, 
            Suppression Events: 0
Time: 984.22, 
            Production Events: 0, 
            Suppression Events: 0
Time: 984.22, 
            Production Events: 0, 
            Suppression Events: 0
Time: 984.22, 
            Production Events: 0, 
            Suppression Events: 0
Time: 984.22, 
            Production Events: 0, 
            Suppression Events: 0
Time: 985.04, 
            Production Events: 0, 
            Suppression Events: 2
Time: 987.33, 
            Production Events: 0, 
            Suppression Events: 1
Time: 987.33, 
            Production Events: 0, 
            Suppression Events: 0
Time: 988.85, 
            Production Events: 0, 
            Suppression Events: 1
Time: 994.27, 
            Production Events: 0, 
            Suppression Events: 1
Time: 994.27, 
            Production Events: 0, 
            Suppression Events: 0
Time: 994.27, 
            Production Events: 0, 
            Suppression Events: 0
Time: 994.27, 
            Production Events: 0, 
            Suppression Events: 0
Time: 994.27, 
            Production Events: 0, 
            Suppression Events: 0
Time: 994.27, 
            Production Events: 0, 
            Suppression Events: 0
Time: 995.63, 
            Production Events: 0, 
            Suppression Events: 2
Time: 996.34, 
            Production Events: 0, 
            Suppression Events: 1
Time: 997.55, 
            Production Events: 0, 
            Suppression Events: 1
Time: 998.79, 
            Production Events: 0, 
            Suppression Events: 1
Time: 999.08, 
            Production Events: 0, 
            Suppression Events: 1
Time: 1000.41, 
            Production Events: 0, 
            Suppression Events: 2
Simulation completed:
  Final time: 1000.4116164437982
  Total events: 1006
  Wall time: 6230.29 seconds

Saving simulation results with clean separation...
Task evolution saved to: 5t5b/5t5b_mfcsb/data/param_58_rep_1_2025-11-21_153344/states.csv
Events saved to: 5t5b/5t5b_mfcsb/data/param_58_rep_1_2025-11-21_153344/events.csv
Saving event log (raw and DataFrame)...
log DataFrame size: (1011, 9)
short view:
59 DataFrame
 Row  time     bee1_id  bee2_id  task_id  task_1   task_2   task_3     task_4 
      Float64  Int64    Int64    Int64    Float64  Float64  Float64    Float6 

   1      0.0        1        0        0   0.1071   0.087   0.0981868   0.071 
   2      0.0        2        0        0   0.0998   0.1026  0.159496    0.084
   3      0.0        3        0        0   0.0937   0.0895  0.139751    0.112
   4      0.0        4        0        0   0.0705   0.1044  0.0774816   0.088
   5      0.0        5        0        0   0.0789   0.1046  0.105908    0.124 
                                                               2 columns omittedEvent log saved to: 5t5b/5t5b_mfcsb/data/param_58_rep_1_2025-11-21_153344/event_log.json
Event log DataFrame saved to: 5t5b/5t5b_mfcsb/data/param_58_rep_1_2025-11-21_153344/event_log.csv
Metadata and configuration saved to: 5t5b/5t5b_mfcsb/data/param_58_rep_1_2025-11-21_153344/config.json
Task index mapping saved to: 5t5b/5t5b_mfcsb/data/param_58_rep_1_2025-11-21_153344/task_index_mapping.json
All results saved to directory: 5t5b/5t5b_mfcsb/data/param_58_rep_1_2025-11-21_153344
Simulation completed successfully!
Job finished at: Fri Nov 21 05:18:05 PM CET 2025
