Job array started at: Fri Nov 21 05:25:37 PM CET 2025
Job ID: 10861747
Array Job ID: 10860410
Array Task ID: 128
Node: th-ws-7010m12
Loading Julia module...
Module loaded: /software/opt/el_9/x86_64/julia/1.11.3/bin/julia
Changing to project directory...
Current directory: /scratch/n/N.Pfaffenzeller/nikolas_nethive/nethive_multiverse
Running parameter combination 128, replicate 1
Starting Julia simulation...
Running simulation with the following configuration:
  dataset_names: [:mnist, :cifar10, :svhn2, :fashion_mnist, :bank]
  param_id: 128
  n_bees: 5
  batch_size: 32
  replicate_id: 1
  punish_rate: 0.1
  punishment: time_out
  lambda_sensitivity: 100
  save_nn_epochs: 0
  production_rate: 1
  interaction_rate: 150
  batches_per_step: 100
  learning_rate: 1.0e-5
  max_output_dim: 10
  n_steps_per_epoch: 1
  dead_time: 200
  max_input_dim: 3072
  n_epochs: 1000
  seed: 1130133042

Starting simulation with configuration:
  dataset_names: [:mnist, :cifar10, :svhn2, :fashion_mnist, :bank]
  param_id: 128
  n_bees: 5
  batch_size: 32
  replicate_id: 1
  punish_rate: 0.1
  punishment: time_out
  lambda_sensitivity: 100
  save_nn_epochs: 0
  production_rate: 1
  interaction_rate: 150
  batches_per_step: 100
  run_timestamp: 2025-11-21T17:26:05.287
  learning_rate: 1.0e-5
  max_output_dim: 10
  n_steps_per_epoch: 1
  dead_time: 200
  max_input_dim: 3072
  n_epochs: 1000
  seed: 1130133042
Random seed: 1130133042

Starting simulation...
Time: 2.39, 
            Production Events: 3, 
            Suppression Events: 1
Time: 2.39, 
            Production Events: 0, 
            Suppression Events: 0
Time: 4.16, 
            Production Events: 0, 
            Suppression Events: 2
Time: 4.16, 
            Production Events: 0, 
            Suppression Events: 0
Time: 5.78, 
            Production Events: 1, 
            Suppression Events: 2
Time: 6.46, 
            Production Events: 0, 
            Suppression Events: 2
Time: 8.08, 
            Production Events: 0, 
            Suppression Events: 1
Time: 8.08, 
            Production Events: 0, 
            Suppression Events: 0
Time: 9.94, 
            Production Events: 0, 
            Suppression Events: 2
Time: 10.05, 
            Production Events: 1, 
            Suppression Events: 0
Time: 11.53, 
            Production Events: 0, 
            Suppression Events: 1
Time: 12.9, 
            Production Events: 0, 
            Suppression Events: 1
Time: 14.36, 
            Production Events: 0, 
            Suppression Events: 1
Time: 14.36, 
            Production Events: 0, 
            Suppression Events: 0
Time: 16.16, 
            Production Events: 0, 
            Suppression Events: 2
Time: 16.16, 
            Production Events: 0, 
            Suppression Events: 0
Time: 17.51, 
            Production Events: 0, 
            Suppression Events: 3
Time: 19.19, 
            Production Events: 0, 
            Suppression Events: 1
Time: 19.19, 
            Production Events: 0, 
            Suppression Events: 0
Time: 20.76, 
            Production Events: 0, 
            Suppression Events: 2
Time: 24.26, 
            Production Events: 0, 
            Suppression Events: 1
Time: 24.26, 
            Production Events: 0, 
            Suppression Events: 0
Time: 24.26, 
            Production Events: 0, 
            Suppression Events: 0
Time: 24.26, 
            Production Events: 0, 
            Suppression Events: 0
Time: 25.15, 
            Production Events: 0, 
            Suppression Events: 1
Time: 26.35, 
            Production Events: 0, 
            Suppression Events: 3
Time: 28.41, 
            Production Events: 0, 
            Suppression Events: 1
Time: 28.41, 
            Production Events: 0, 
            Suppression Events: 0
Time: 29.31, 
            Production Events: 0, 
            Suppression Events: 2
Time: 30.92, 
            Production Events: 0, 
            Suppression Events: 2
Time: 31.06, 
            Production Events: 0, 
            Suppression Events: 1
Time: 34.12, 
            Production Events: 0, 
            Suppression Events: 3
Time: 34.12, 
            Production Events: 0, 
            Suppression Events: 0
Time: 34.12, 
            Production Events: 0, 
            Suppression Events: 0
Time: 35.05, 
            Production Events: 0, 
            Suppression Events: 2
Time: 36.05, 
            Production Events: 0, 
            Suppression Events: 2
Time: 37.3, 
            Production Events: 0, 
            Suppression Events: 2
Time: 38.79, 
            Production Events: 0, 
            Suppression Events: 2
Time: 39.41, 
            Production Events: 0, 
            Suppression Events: 1
Time: 41.1, 
            Production Events: 0, 
            Suppression Events: 3
Time: 41.1, 
            Production Events: 0, 
            Suppression Events: 0
Time: 42.94, 
            Production Events: 0, 
            Suppression Events: 1
Time: 43.77, 
            Production Events: 1, 
            Suppression Events: 0
Time: 49.35, 
            Production Events: 0, 
            Suppression Events: 1
Time: 49.35, 
            Production Events: 0, 
            Suppression Events: 0
Time: 49.35, 
            Production Events: 0, 
            Suppression Events: 0
Time: 49.35, 
            Production Events: 0, 
            Suppression Events: 0
Time: 49.35, 
            Production Events: 0, 
            Suppression Events: 0
Time: 49.35, 
            Production Events: 0, 
            Suppression Events: 0
Time: 50.37, 
            Production Events: 1, 
            Suppression Events: 0
Time: 52.02, 
            Production Events: 0, 
            Suppression Events: 1
Time: 52.02, 
            Production Events: 0, 
            Suppression Events: 0
Time: 53.02, 
            Production Events: 0, 
            Suppression Events: 1
Time: 56.02, 
            Production Events: 0, 
            Suppression Events: 1
Time: 56.02, 
            Production Events: 0, 
            Suppression Events: 0
Time: 56.02, 
            Production Events: 0, 
            Suppression Events: 0
Time: 57.47, 
            Production Events: 0, 
            Suppression Events: 2
Time: 59.07, 
            Production Events: 0, 
            Suppression Events: 1
Time: 59.07, 
            Production Events: 0, 
            Suppression Events: 0
Time: 60.4, 
            Production Events: 0, 
            Suppression Events: 2
Time: 61.07, 
            Production Events: 0, 
            Suppression Events: 2
Time: 62.88, 
            Production Events: 1, 
            Suppression Events: 2
Time: 63.27, 
            Production Events: 0, 
            Suppression Events: 1
Time: 66.28, 
            Production Events: 0, 
            Suppression Events: 2
Time: 66.28, 
            Production Events: 0, 
            Suppression Events: 0
Time: 66.28, 
            Production Events: 0, 
            Suppression Events: 0
Time: 67.02, 
            Production Events: 0, 
            Suppression Events: 3
Time: 68.38, 
            Production Events: 0, 
            Suppression Events: 1
Time: 69.2, 
            Production Events: 0, 
            Suppression Events: 1
Time: 70.25, 
            Production Events: 0, 
            Suppression Events: 2
Time: 73.18, 
            Production Events: 0, 
            Suppression Events: 1
Time: 73.18, 
            Production Events: 0, 
            Suppression Events: 0
Time: 73.18, 
            Production Events: 0, 
            Suppression Events: 0
Time: 74.29, 
            Production Events: 0, 
            Suppression Events: 2
Time: 75.37, 
            Production Events: 0, 
            Suppression Events: 5
Time: 77.53, 
            Production Events: 0, 
            Suppression Events: 2
Time: 77.53, 
            Production Events: 0, 
            Suppression Events: 0
Time: 82.81, 
            Production Events: 1, 
            Suppression Events: 0
Time: 82.81, 
            Production Events: 0, 
            Suppression Events: 0
Time: 82.81, 
            Production Events: 0, 
            Suppression Events: 0
Time: 82.81, 
            Production Events: 0, 
            Suppression Events: 0
Time: 82.81, 
            Production Events: 0, 
            Suppression Events: 0
Time: 84.08, 
            Production Events: 0, 
            Suppression Events: 2
Time: 84.08, 
            Production Events: 0, 
            Suppression Events: 0
Time: 88.15, 
            Production Events: 0, 
            Suppression Events: 1
Time: 88.15, 
            Production Events: 0, 
            Suppression Events: 0
Time: 88.15, 
            Production Events: 0, 
            Suppression Events: 0
Time: 88.15, 
            Production Events: 0, 
            Suppression Events: 0
Time: 92.07, 
            Production Events: 0, 
            Suppression Events: 2
Time: 92.07, 
            Production Events: 0, 
            Suppression Events: 0
Time: 92.07, 
            Production Events: 0, 
            Suppression Events: 0
Time: 92.07, 
            Production Events: 0, 
            Suppression Events: 0
Time: 94.48, 
            Production Events: 0, 
            Suppression Events: 1
Time: 94.48, 
            Production Events: 0, 
            Suppression Events: 0
Time: 95.14, 
            Production Events: 0, 
            Suppression Events: 2
Time: 96.63, 
            Production Events: 1, 
            Suppression Events: 0
Time: 100.17, 
            Production Events: 0, 
            Suppression Events: 1
Time: 100.17, 
            Production Events: 0, 
            Suppression Events: 0
Time: 100.17, 
            Production Events: 0, 
            Suppression Events: 0
Time: 100.17, 
            Production Events: 0, 
            Suppression Events: 0
Time: 101.43, 
            Production Events: 1, 
            Suppression Events: 1
Time: 102.62, 
            Production Events: 0, 
            Suppression Events: 2
Time: 103.26, 
            Production Events: 0, 
            Suppression Events: 1
Time: 104.36, 
            Production Events: 0, 
            Suppression Events: 2
Time: 106.66, 
            Production Events: 0, 
            Suppression Events: 2
Time: 106.66, 
            Production Events: 0, 
            Suppression Events: 0
Time: 107.12, 
            Production Events: 0, 
            Suppression Events: 1
Time: 112.23, 
            Production Events: 0, 
            Suppression Events: 2
Time: 112.23, 
            Production Events: 0, 
            Suppression Events: 0
Time: 112.23, 
            Production Events: 0, 
            Suppression Events: 0
Time: 112.23, 
            Production Events: 0, 
            Suppression Events: 0
Time: 112.23, 
            Production Events: 0, 
            Suppression Events: 0
Time: 113.41, 
            Production Events: 0, 
            Suppression Events: 4
Time: 114.74, 
            Production Events: 1, 
            Suppression Events: 0
Time: 117.21, 
            Production Events: 0, 
            Suppression Events: 1
Time: 117.21, 
            Production Events: 0, 
            Suppression Events: 0
Time: 117.21, 
            Production Events: 0, 
            Suppression Events: 0
Time: 120.46, 
            Production Events: 0, 
            Suppression Events: 2
Time: 120.46, 
            Production Events: 0, 
            Suppression Events: 0
Time: 120.46, 
            Production Events: 0, 
            Suppression Events: 0
Time: 122.02, 
            Production Events: 0, 
            Suppression Events: 1
Time: 122.02, 
            Production Events: 0, 
            Suppression Events: 0
Time: 123.77, 
            Production Events: 0, 
            Suppression Events: 1
Time: 125.62, 
            Production Events: 0, 
            Suppression Events: 1
Time: 125.62, 
            Production Events: 0, 
            Suppression Events: 0
Time: 126.13, 
            Production Events: 0, 
            Suppression Events: 1
Time: 127.75, 
            Production Events: 0, 
            Suppression Events: 1
Time: 128.81, 
            Production Events: 1, 
            Suppression Events: 0
Time: 130.74, 
            Production Events: 0, 
            Suppression Events: 1
Time: 130.74, 
            Production Events: 0, 
            Suppression Events: 0
Time: 134.43, 
            Production Events: 0, 
            Suppression Events: 1
Time: 134.43, 
            Production Events: 0, 
            Suppression Events: 0
Time: 134.43, 
            Production Events: 0, 
            Suppression Events: 0
Time: 134.43, 
            Production Events: 0, 
            Suppression Events: 0
Time: 135.05, 
            Production Events: 0, 
            Suppression Events: 4
Time: 137.5, 
            Production Events: 0, 
            Suppression Events: 3
Time: 137.5, 
            Production Events: 0, 
            Suppression Events: 0
Time: 138.56, 
            Production Events: 0, 
            Suppression Events: 1
Time: 140.65, 
            Production Events: 0, 
            Suppression Events: 2
Time: 140.65, 
            Production Events: 0, 
            Suppression Events: 0
Time: 141.84, 
            Production Events: 0, 
            Suppression Events: 2
Time: 145.19, 
            Production Events: 0, 
            Suppression Events: 1
Time: 145.19, 
            Production Events: 0, 
            Suppression Events: 0
Time: 145.19, 
            Production Events: 0, 
            Suppression Events: 0
Time: 145.19, 
            Production Events: 0, 
            Suppression Events: 0
Time: 149.22, 
            Production Events: 1, 
            Suppression Events: 2
Time: 149.22, 
            Production Events: 0, 
            Suppression Events: 0
Time: 149.22, 
            Production Events: 0, 
            Suppression Events: 0
Time: 149.22, 
            Production Events: 0, 
            Suppression Events: 0
Time: 150.78, 
            Production Events: 0, 
            Suppression Events: 4
Time: 151.56, 
            Production Events: 0, 
            Suppression Events: 2
Time: 153.69, 
            Production Events: 0, 
            Suppression Events: 1
Time: 153.69, 
            Production Events: 0, 
            Suppression Events: 0
Time: 155.62, 
            Production Events: 0, 
            Suppression Events: 1
Time: 155.62, 
            Production Events: 0, 
            Suppression Events: 0
Time: 156.25, 
            Production Events: 0, 
            Suppression Events: 1
Time: 158.15, 
            Production Events: 0, 
            Suppression Events: 2
Time: 158.15, 
            Production Events: 0, 
            Suppression Events: 0
Time: 159.04, 
            Production Events: 0, 
            Suppression Events: 1
Time: 161.56, 
            Production Events: 1, 
            Suppression Events: 0
Time: 161.56, 
            Production Events: 0, 
            Suppression Events: 0
Time: 162.09, 
            Production Events: 0, 
            Suppression Events: 3
Time: 163.03, 
            Production Events: 0, 
            Suppression Events: 2
Time: 165.21, 
            Production Events: 0, 
            Suppression Events: 2
Time: 165.21, 
            Production Events: 0, 
            Suppression Events: 0
Time: 166.73, 
            Production Events: 0, 
            Suppression Events: 1
Time: 167.7, 
            Production Events: 0, 
            Suppression Events: 1
Time: 171.07, 
            Production Events: 0, 
            Suppression Events: 2
Time: 171.07, 
            Production Events: 0, 
            Suppression Events: 0
Time: 171.07, 
            Production Events: 0, 
            Suppression Events: 0
Time: 171.07, 
            Production Events: 0, 
            Suppression Events: 0
Time: 172.2, 
            Production Events: 0, 
            Suppression Events: 1
Time: 175.94, 
            Production Events: 0, 
            Suppression Events: 1
Time: 175.94, 
            Production Events: 0, 
            Suppression Events: 0
Time: 175.94, 
            Production Events: 0, 
            Suppression Events: 0
Time: 178.98, 
            Production Events: 0, 
            Suppression Events: 1
Time: 178.98, 
            Production Events: 0, 
            Suppression Events: 0
Time: 178.98, 
            Production Events: 0, 
            Suppression Events: 0
Time: 181.33, 
            Production Events: 0, 
            Suppression Events: 1
Time: 181.33, 
            Production Events: 0, 
            Suppression Events: 0
Time: 181.33, 
            Production Events: 0, 
            Suppression Events: 0
Time: 182.64, 
            Production Events: 0, 
            Suppression Events: 1
Time: 183.12, 
            Production Events: 0, 
            Suppression Events: 2
Time: 184.9, 
            Production Events: 0, 
            Suppression Events: 1
Time: 186.5, 
            Production Events: 0, 
            Suppression Events: 1
Time: 186.5, 
            Production Events: 0, 
            Suppression Events: 0
Time: 187.21, 
            Production Events: 0, 
            Suppression Events: 2
Time: 190.53, 
            Production Events: 0, 
            Suppression Events: 1
Time: 190.53, 
            Production Events: 0, 
            Suppression Events: 0
Time: 190.53, 
            Production Events: 0, 
            Suppression Events: 0
Time: 191.54, 
            Production Events: 1, 
            Suppression Events: 0
Time: 193.01, 
            Production Events: 0, 
            Suppression Events: 1
Time: 193.01, 
            Production Events: 0, 
            Suppression Events: 0
Time: 194.72, 
            Production Events: 0, 
            Suppression Events: 1
Time: 195.1, 
            Production Events: 0, 
            Suppression Events: 1
Time: 200.09, 
            Production Events: 0, 
            Suppression Events: 3
Time: 200.09, 
            Production Events: 0, 
            Suppression Events: 0
Time: 200.09, 
            Production Events: 0, 
            Suppression Events: 0
Time: 200.09, 
            Production Events: 0, 
            Suppression Events: 0
Time: 200.09, 
            Production Events: 0, 
            Suppression Events: 0
Time: 202.37, 
            Production Events: 0, 
            Suppression Events: 4
Time: 202.37, 
            Production Events: 0, 
            Suppression Events: 0
Time: 205.49, 
            Production Events: 0, 
            Suppression Events: 1
Time: 205.49, 
            Production Events: 0, 
            Suppression Events: 0
Time: 205.49, 
            Production Events: 0, 
            Suppression Events: 0
Time: 206.13, 
            Production Events: 0, 
            Suppression Events: 2
Time: 207.03, 
            Production Events: 0, 
            Suppression Events: 6
Time: 210.89, 
            Production Events: 0, 
            Suppression Events: 2
Time: 210.89, 
            Production Events: 0, 
            Suppression Events: 0
Time: 210.89, 
            Production Events: 0, 
            Suppression Events: 0
Time: 211.51, 
            Production Events: 0, 
            Suppression Events: 1
Time: 212.12, 
            Production Events: 0, 
            Suppression Events: 3
Time: 215.25, 
            Production Events: 0, 
            Suppression Events: 2
Time: 215.25, 
            Production Events: 0, 
            Suppression Events: 0
Time: 215.25, 
            Production Events: 0, 
            Suppression Events: 0
Time: 216.96, 
            Production Events: 0, 
            Suppression Events: 1
Time: 218.06, 
            Production Events: 0, 
            Suppression Events: 1
Time: 218.06, 
            Production Events: 0, 
            Suppression Events: 0
Time: 219.24, 
            Production Events: 0, 
            Suppression Events: 1
Time: 224.5, 
            Production Events: 0, 
            Suppression Events: 1
Time: 224.5, 
            Production Events: 0, 
            Suppression Events: 0
Time: 224.5, 
            Production Events: 0, 
            Suppression Events: 0
Time: 224.5, 
            Production Events: 0, 
            Suppression Events: 0
Time: 224.5, 
            Production Events: 0, 
            Suppression Events: 0
Time: 225.36, 
            Production Events: 0, 
            Suppression Events: 2
Time: 226.09, 
            Production Events: 0, 
            Suppression Events: 2
Time: 227.43, 
            Production Events: 0, 
            Suppression Events: 3
Time: 228.12, 
            Production Events: 0, 
            Suppression Events: 4
Time: 229.2, 
            Production Events: 0, 
            Suppression Events: 1
Time: 230.27, 
            Production Events: 0, 
            Suppression Events: 3
Time: 232.45, 
            Production Events: 0, 
            Suppression Events: 1
Time: 232.45, 
            Production Events: 0, 
            Suppression Events: 0
Time: 235.13, 
            Production Events: 0, 
            Suppression Events: 1
Time: 235.13, 
            Production Events: 0, 
            Suppression Events: 0
Time: 235.13, 
            Production Events: 0, 
            Suppression Events: 0
Time: 237.2, 
            Production Events: 0, 
            Suppression Events: 3
Time: 237.2, 
            Production Events: 0, 
            Suppression Events: 0
Time: 239.05, 
            Production Events: 0, 
            Suppression Events: 2
Time: 239.05, 
            Production Events: 0, 
            Suppression Events: 0
Time: 240.08, 
            Production Events: 0, 
            Suppression Events: 3
Time: 241.79, 
            Production Events: 0, 
            Suppression Events: 1
Time: 242.38, 
            Production Events: 0, 
            Suppression Events: 1
Time: 245.61, 
            Production Events: 0, 
            Suppression Events: 1
Time: 245.61, 
            Production Events: 0, 
            Suppression Events: 0
Time: 245.61, 
            Production Events: 0, 
            Suppression Events: 0
Time: 246.65, 
            Production Events: 0, 
            Suppression Events: 3
Time: 247.23, 
            Production Events: 0, 
            Suppression Events: 1
Time: 249.01, 
            Production Events: 0, 
            Suppression Events: 1
Time: 249.01, 
            Production Events: 0, 
            Suppression Events: 0
Time: 252.2, 
            Production Events: 0, 
            Suppression Events: 2
Time: 252.2, 
            Production Events: 0, 
            Suppression Events: 0
Time: 252.2, 
            Production Events: 0, 
            Suppression Events: 0
Time: 256.12, 
            Production Events: 0, 
            Suppression Events: 2
Time: 256.12, 
            Production Events: 0, 
            Suppression Events: 0
Time: 256.12, 
            Production Events: 0, 
            Suppression Events: 0
Time: 256.12, 
            Production Events: 0, 
            Suppression Events: 0
Time: 257.53, 
            Production Events: 0, 
            Suppression Events: 2
Time: 259.16, 
            Production Events: 0, 
            Suppression Events: 2
Time: 259.16, 
            Production Events: 0, 
            Suppression Events: 0
Time: 260.3, 
            Production Events: 0, 
            Suppression Events: 2
Time: 261.88, 
            Production Events: 0, 
            Suppression Events: 1
Time: 262.37, 
            Production Events: 0, 
            Suppression Events: 2
Time: 268.04, 
            Production Events: 0, 
            Suppression Events: 2
Time: 268.04, 
            Production Events: 0, 
            Suppression Events: 0
Time: 268.04, 
            Production Events: 0, 
            Suppression Events: 0
Time: 268.04, 
            Production Events: 0, 
            Suppression Events: 0
Time: 268.04, 
            Production Events: 0, 
            Suppression Events: 0
Time: 268.04, 
            Production Events: 0, 
            Suppression Events: 0
Time: 273.6, 
            Production Events: 0, 
            Suppression Events: 1
Time: 273.6, 
            Production Events: 0, 
            Suppression Events: 0
Time: 273.6, 
            Production Events: 0, 
            Suppression Events: 0
Time: 273.6, 
            Production Events: 0, 
            Suppression Events: 0
Time: 273.6, 
            Production Events: 0, 
            Suppression Events: 0
Time: 274.96, 
            Production Events: 0, 
            Suppression Events: 1
Time: 275.43, 
            Production Events: 0, 
            Suppression Events: 1
Time: 277.33, 
            Production Events: 0, 
            Suppression Events: 2
Time: 277.33, 
            Production Events: 0, 
            Suppression Events: 0
Time: 280.14, 
            Production Events: 0, 
            Suppression Events: 1
Time: 280.14, 
            Production Events: 0, 
            Suppression Events: 0
Time: 280.14, 
            Production Events: 0, 
            Suppression Events: 0
Time: 281.46, 
            Production Events: 0, 
            Suppression Events: 3
Time: 282.39, 
            Production Events: 0, 
            Suppression Events: 1
Time: 284.98, 
            Production Events: 0, 
            Suppression Events: 1
Time: 284.98, 
            Production Events: 0, 
            Suppression Events: 0
Time: 285.05, 
            Production Events: 0, 
            Suppression Events: 1
Time: 286.73, 
            Production Events: 0, 
            Suppression Events: 1
Time: 290.06, 
            Production Events: 0, 
            Suppression Events: 1
Time: 290.06, 
            Production Events: 0, 
            Suppression Events: 0
Time: 290.06, 
            Production Events: 0, 
            Suppression Events: 0
Time: 290.06, 
            Production Events: 0, 
            Suppression Events: 0
Time: 291.93, 
            Production Events: 0, 
            Suppression Events: 1
Time: 293.38, 
            Production Events: 0, 
            Suppression Events: 1
Time: 293.38, 
            Production Events: 0, 
            Suppression Events: 0
Time: 294.39, 
            Production Events: 0, 
            Suppression Events: 1
Time: 297.57, 
            Production Events: 0, 
            Suppression Events: 2
Time: 297.57, 
            Production Events: 0, 
            Suppression Events: 0
Time: 297.57, 
            Production Events: 0, 
            Suppression Events: 0
Time: 301.01, 
            Production Events: 0, 
            Suppression Events: 1
Time: 301.01, 
            Production Events: 0, 
            Suppression Events: 0
Time: 301.01, 
            Production Events: 0, 
            Suppression Events: 0
Time: 301.01, 
            Production Events: 0, 
            Suppression Events: 0
Time: 302.49, 
            Production Events: 0, 
            Suppression Events: 2
Time: 303.15, 
            Production Events: 0, 
            Suppression Events: 1
Time: 304.48, 
            Production Events: 0, 
            Suppression Events: 2
Time: 305.49, 
            Production Events: 0, 
            Suppression Events: 1
Time: 310.54, 
            Production Events: 0, 
            Suppression Events: 1
Time: 310.54, 
            Production Events: 0, 
            Suppression Events: 0
Time: 310.54, 
            Production Events: 0, 
            Suppression Events: 0
Time: 310.54, 
            Production Events: 0, 
            Suppression Events: 0
Time: 310.54, 
            Production Events: 0, 
            Suppression Events: 0
Time: 311.01, 
            Production Events: 0, 
            Suppression Events: 1
Time: 312.36, 
            Production Events: 0, 
            Suppression Events: 2
Time: 314.63, 
            Production Events: 0, 
            Suppression Events: 1
Time: 314.63, 
            Production Events: 0, 
            Suppression Events: 0
Time: 315.21, 
            Production Events: 1, 
            Suppression Events: 0
Time: 316.29, 
            Production Events: 0, 
            Suppression Events: 1
Time: 317.33, 
            Production Events: 0, 
            Suppression Events: 1
Time: 318.63, 
            Production Events: 0, 
            Suppression Events: 1
Time: 319.71, 
            Production Events: 0, 
            Suppression Events: 1
Time: 321.37, 
            Production Events: 0, 
            Suppression Events: 2
Time: 321.37, 
            Production Events: 0, 
            Suppression Events: 0
Time: 323.86, 
            Production Events: 0, 
            Suppression Events: 1
Time: 323.86, 
            Production Events: 0, 
            Suppression Events: 0
Time: 326.54, 
            Production Events: 0, 
            Suppression Events: 1
Time: 326.54, 
            Production Events: 0, 
            Suppression Events: 0
Time: 326.54, 
            Production Events: 0, 
            Suppression Events: 0
Time: 329.47, 
            Production Events: 0, 
            Suppression Events: 3
Time: 329.47, 
            Production Events: 0, 
            Suppression Events: 0
Time: 329.47, 
            Production Events: 0, 
            Suppression Events: 0
Time: 330.2, 
            Production Events: 0, 
            Suppression Events: 2
Time: 331.15, 
            Production Events: 0, 
            Suppression Events: 1
Time: 332.05, 
            Production Events: 0, 
            Suppression Events: 1
Time: 333.97, 
            Production Events: 0, 
            Suppression Events: 1
Time: 335.57, 
            Production Events: 0, 
            Suppression Events: 1
Time: 335.57, 
            Production Events: 0, 
            Suppression Events: 0
Time: 337.17, 
            Production Events: 0, 
            Suppression Events: 1
Time: 337.17, 
            Production Events: 0, 
            Suppression Events: 0
Time: 338.83, 
            Production Events: 0, 
            Suppression Events: 2
Time: 341.13, 
            Production Events: 0, 
            Suppression Events: 1
Time: 341.13, 
            Production Events: 0, 
            Suppression Events: 0
Time: 341.13, 
            Production Events: 0, 
            Suppression Events: 0
Time: 342.6, 
            Production Events: 0, 
            Suppression Events: 1
Time: 343.46, 
            Production Events: 0, 
            Suppression Events: 1
Time: 344.36, 
            Production Events: 1, 
            Suppression Events: 2
Time: 346.09, 
            Production Events: 0, 
            Suppression Events: 3
Time: 346.09, 
            Production Events: 0, 
            Suppression Events: 0
Time: 348.32, 
            Production Events: 0, 
            Suppression Events: 2
Time: 348.32, 
            Production Events: 0, 
            Suppression Events: 0
Time: 349.02, 
            Production Events: 0, 
            Suppression Events: 1
Time: 351.09, 
            Production Events: 0, 
            Suppression Events: 2
Time: 351.09, 
            Production Events: 0, 
            Suppression Events: 0
Time: 353.0, 
            Production Events: 0, 
            Suppression Events: 1
Time: 353.0, 
            Production Events: 0, 
            Suppression Events: 0
Time: 354.07, 
            Production Events: 0, 
            Suppression Events: 3
Time: 355.45, 
            Production Events: 0, 
            Suppression Events: 2
Time: 357.25, 
            Production Events: 1, 
            Suppression Events: 0
Time: 357.25, 
            Production Events: 0, 
            Suppression Events: 0
Time: 358.72, 
            Production Events: 0, 
            Suppression Events: 3
Time: 359.28, 
            Production Events: 0, 
            Suppression Events: 3
Time: 361.19, 
            Production Events: 0, 
            Suppression Events: 2
Time: 361.19, 
            Production Events: 0, 
            Suppression Events: 0
Time: 364.07, 
            Production Events: 0, 
            Suppression Events: 1
Time: 364.07, 
            Production Events: 0, 
            Suppression Events: 0
Time: 364.07, 
            Production Events: 0, 
            Suppression Events: 0
Time: 366.39, 
            Production Events: 0, 
            Suppression Events: 1
Time: 366.39, 
            Production Events: 0, 
            Suppression Events: 0
Time: 371.51, 
            Production Events: 0, 
            Suppression Events: 2
Time: 371.51, 
            Production Events: 0, 
            Suppression Events: 0
Time: 371.51, 
            Production Events: 0, 
            Suppression Events: 0
Time: 371.51, 
            Production Events: 0, 
            Suppression Events: 0
Time: 371.51, 
            Production Events: 0, 
            Suppression Events: 0
Time: 372.04, 
            Production Events: 0, 
            Suppression Events: 1
Time: 374.52, 
            Production Events: 0, 
            Suppression Events: 1
Time: 374.52, 
            Production Events: 0, 
            Suppression Events: 0
Time: 375.96, 
            Production Events: 0, 
            Suppression Events: 1
Time: 377.77, 
            Production Events: 0, 
            Suppression Events: 1
Time: 377.77, 
            Production Events: 0, 
            Suppression Events: 0
Time: 378.52, 
            Production Events: 0, 
            Suppression Events: 1
Time: 379.17, 
            Production Events: 0, 
            Suppression Events: 1
