Job array started at: Fri Nov 21 06:36:50 PM CET 2025
Job ID: 10862124
Array Job ID: 10860410
Array Task ID: 158
Node: th-ws-740m31
Loading Julia module...
Module loaded: /software/opt/el_9/x86_64/julia/1.11.3/bin/julia
Changing to project directory...
Current directory: /scratch/n/N.Pfaffenzeller/nikolas_nethive/nethive_multiverse
Running parameter combination 158, replicate 1
Starting Julia simulation...
Running simulation with the following configuration:
  dataset_names: [:mnist, :cifar10, :svhn2, :fashion_mnist, :bank]
  param_id: 158
  n_bees: 5
  batch_size: 32
  replicate_id: 1
  punish_rate: 0.1
  punishment: time_out
  lambda_sensitivity: 100
  save_nn_epochs: 0
  production_rate: 1
  interaction_rate: 50
  batches_per_step: 100
  learning_rate: 0.0001
  max_output_dim: 10
  n_steps_per_epoch: 1
  dead_time: 50
  max_input_dim: 3072
  n_epochs: 1000
  seed: 1130163042

Starting simulation with configuration:
  dataset_names: [:mnist, :cifar10, :svhn2, :fashion_mnist, :bank]
  param_id: 158
  n_bees: 5
  batch_size: 32
  replicate_id: 1
  punish_rate: 0.1
  punishment: time_out
  lambda_sensitivity: 100
  save_nn_epochs: 0
  production_rate: 1
  interaction_rate: 50
  batches_per_step: 100
  run_timestamp: 2025-11-21T18:37:37.934
  learning_rate: 0.0001
  max_output_dim: 10
  n_steps_per_epoch: 1
  dead_time: 50
  max_input_dim: 3072
  n_epochs: 1000
  seed: 1130163042
Random seed: 1130163042

Starting simulation...
Time: 1.76, 
            Production Events: 0, 
            Suppression Events: 2
Time: 2.54, 
            Production Events: 0, 
            Suppression Events: 1
Time: 3.71, 
            Production Events: 0, 
            Suppression Events: 1
Time: 4.22, 
            Production Events: 0, 
            Suppression Events: 1
Time: 7.09, 
            Production Events: 1, 
            Suppression Events: 1
Time: 7.09, 
            Production Events: 0, 
            Suppression Events: 0
Time: 7.09, 
            Production Events: 0, 
            Suppression Events: 0
Time: 10.49, 
            Production Events: 0, 
            Suppression Events: 5
Time: 10.49, 
            Production Events: 0, 
            Suppression Events: 0
Time: 10.49, 
            Production Events: 0, 
            Suppression Events: 0
Time: 11.13, 
            Production Events: 0, 
            Suppression Events: 1
Time: 12.64, 
            Production Events: 0, 
            Suppression Events: 1
Time: 15.36, 
            Production Events: 0, 
            Suppression Events: 2
Time: 15.36, 
            Production Events: 0, 
            Suppression Events: 0
Time: 15.36, 
            Production Events: 0, 
            Suppression Events: 0
Time: 16.0, 
            Production Events: 1, 
            Suppression Events: 2
Time: 17.75, 
            Production Events: 0, 
            Suppression Events: 5
Time: 19.46, 
            Production Events: 0, 
            Suppression Events: 1
Time: 19.46, 
            Production Events: 0, 
            Suppression Events: 0
Time: 22.21, 
            Production Events: 1, 
            Suppression Events: 0
Time: 22.21, 
            Production Events: 0, 
            Suppression Events: 0
Time: 22.21, 
            Production Events: 0, 
            Suppression Events: 0
Time: 24.37, 
            Production Events: 0, 
            Suppression Events: 2
Time: 24.37, 
            Production Events: 0, 
            Suppression Events: 0
Time: 25.25, 
            Production Events: 0, 
            Suppression Events: 2
Time: 26.69, 
            Production Events: 0, 
            Suppression Events: 3
Time: 27.44, 
            Production Events: 1, 
            Suppression Events: 1
Time: 28.77, 
            Production Events: 0, 
            Suppression Events: 1
Time: 29.57, 
            Production Events: 0, 
            Suppression Events: 1
Time: 30.59, 
            Production Events: 0, 
            Suppression Events: 1
Time: 31.32, 
            Production Events: 1, 
            Suppression Events: 2
Time: 32.11, 
            Production Events: 0, 
            Suppression Events: 3
Time: 33.69, 
            Production Events: 0, 
            Suppression Events: 1
Time: 34.02, 
            Production Events: 0, 
            Suppression Events: 1
Time: 35.49, 
            Production Events: 0, 
            Suppression Events: 1
Time: 37.53, 
            Production Events: 0, 
            Suppression Events: 1
Time: 37.53, 
            Production Events: 0, 
            Suppression Events: 0
Time: 38.4, 
            Production Events: 0, 
            Suppression Events: 4
Time: 41.11, 
            Production Events: 0, 
            Suppression Events: 2
Time: 41.11, 
            Production Events: 0, 
            Suppression Events: 0
Time: 41.11, 
            Production Events: 0, 
            Suppression Events: 0
Time: 42.56, 
            Production Events: 1, 
            Suppression Events: 1
Time: 44.46, 
            Production Events: 0, 
            Suppression Events: 2
Time: 44.46, 
            Production Events: 0, 
            Suppression Events: 0
Time: 45.99, 
            Production Events: 0, 
            Suppression Events: 2
Time: 46.62, 
            Production Events: 0, 
            Suppression Events: 1
Time: 47.57, 
            Production Events: 0, 
            Suppression Events: 2
Time: 49.88, 
            Production Events: 0, 
            Suppression Events: 1
Time: 49.88, 
            Production Events: 0, 
            Suppression Events: 0
Time: 51.9, 
            Production Events: 1, 
            Suppression Events: 0
Time: 51.9, 
            Production Events: 0, 
            Suppression Events: 0
Time: 52.18, 
            Production Events: 0, 
            Suppression Events: 1
Time: 53.28, 
            Production Events: 0, 
            Suppression Events: 1
Time: 54.08, 
            Production Events: 0, 
            Suppression Events: 2
Time: 55.08, 
            Production Events: 0, 
            Suppression Events: 1
Time: 57.16, 
            Production Events: 0, 
            Suppression Events: 1
Time: 57.16, 
            Production Events: 0, 
            Suppression Events: 0
Time: 58.47, 
            Production Events: 0, 
            Suppression Events: 2
Time: 59.25, 
            Production Events: 0, 
            Suppression Events: 1
Time: 60.42, 
            Production Events: 0, 
            Suppression Events: 1
Time: 61.05, 
            Production Events: 0, 
            Suppression Events: 3
Time: 65.55, 
            Production Events: 0, 
            Suppression Events: 3
Time: 65.55, 
            Production Events: 0, 
            Suppression Events: 0
Time: 65.55, 
            Production Events: 0, 
            Suppression Events: 0
Time: 65.55, 
            Production Events: 0, 
            Suppression Events: 0
Time: 71.65, 
            Production Events: 0, 
            Suppression Events: 2
Time: 71.65, 
            Production Events: 0, 
            Suppression Events: 0
Time: 71.65, 
            Production Events: 0, 
            Suppression Events: 0
Time: 71.65, 
            Production Events: 0, 
            Suppression Events: 0
Time: 71.65, 
            Production Events: 0, 
            Suppression Events: 0
Time: 71.65, 
            Production Events: 0, 
            Suppression Events: 0
Time: 73.61, 
            Production Events: 0, 
            Suppression Events: 2
Time: 73.61, 
            Production Events: 0, 
            Suppression Events: 0
Time: 74.01, 
            Production Events: 1, 
            Suppression Events: 0
Time: 75.07, 
            Production Events: 0, 
            Suppression Events: 3
Time: 76.69, 
            Production Events: 0, 
            Suppression Events: 2
Time: 77.06, 
            Production Events: 0, 
            Suppression Events: 2
Time: 78.46, 
            Production Events: 0, 
            Suppression Events: 1
Time: 79.29, 
            Production Events: 0, 
            Suppression Events: 1
Time: 81.68, 
            Production Events: 0, 
            Suppression Events: 2
Time: 81.68, 
            Production Events: 0, 
            Suppression Events: 0
Time: 82.01, 
            Production Events: 1, 
            Suppression Events: 0
Time: 83.69, 
            Production Events: 0, 
            Suppression Events: 2
Time: 85.65, 
            Production Events: 0, 
            Suppression Events: 1
Time: 85.65, 
            Production Events: 0, 
            Suppression Events: 0
Time: 88.39, 
            Production Events: 1, 
            Suppression Events: 1
Time: 88.39, 
            Production Events: 0, 
            Suppression Events: 0
Time: 88.39, 
            Production Events: 0, 
            Suppression Events: 0
Time: 92.44, 
            Production Events: 1, 
            Suppression Events: 2
Time: 92.44, 
            Production Events: 0, 
            Suppression Events: 0
Time: 92.44, 
            Production Events: 0, 
            Suppression Events: 0
Time: 92.44, 
            Production Events: 0, 
            Suppression Events: 0
Time: 93.84, 
            Production Events: 0, 
            Suppression Events: 2
Time: 95.65, 
            Production Events: 0, 
            Suppression Events: 1
Time: 95.65, 
            Production Events: 0, 
            Suppression Events: 0
Time: 96.67, 
            Production Events: 0, 
            Suppression Events: 1
Time: 97.02, 
            Production Events: 1, 
            Suppression Events: 1
Time: 98.47, 
            Production Events: 0, 
            Suppression Events: 2
Time: 99.51, 
            Production Events: 0, 
            Suppression Events: 1
Time: 100.42, 
            Production Events: 0, 
            Suppression Events: 1
Time: 101.06, 
            Production Events: 0, 
            Suppression Events: 1
Time: 102.4, 
            Production Events: 0, 
            Suppression Events: 4
Time: 104.61, 
            Production Events: 0, 
            Suppression Events: 1
Time: 104.61, 
            Production Events: 0, 
            Suppression Events: 0
Time: 105.17, 
            Production Events: 1, 
            Suppression Events: 1
Time: 106.17, 
            Production Events: 0, 
            Suppression Events: 1
Time: 107.28, 
            Production Events: 0, 
            Suppression Events: 3
Time: 108.08, 
            Production Events: 0, 
            Suppression Events: 2
Time: 109.73, 
            Production Events: 0, 
            Suppression Events: 2
Time: 110.72, 
            Production Events: 0, 
            Suppression Events: 1
Time: 111.82, 
            Production Events: 0, 
            Suppression Events: 2
Time: 112.1, 
            Production Events: 0, 
            Suppression Events: 2
Time: 113.77, 
            Production Events: 0, 
            Suppression Events: 1
Time: 114.25, 
            Production Events: 0, 
            Suppression Events: 1
Time: 115.22, 
            Production Events: 0, 
            Suppression Events: 1
Time: 116.37, 
            Production Events: 0, 
            Suppression Events: 2
Time: 117.23, 
            Production Events: 0, 
            Suppression Events: 1
Time: 118.21, 
            Production Events: 0, 
            Suppression Events: 2
Time: 121.57, 
            Production Events: 0, 
            Suppression Events: 1
Time: 121.57, 
            Production Events: 0, 
            Suppression Events: 0
Time: 121.57, 
            Production Events: 0, 
            Suppression Events: 0
Time: 122.08, 
            Production Events: 0, 
            Suppression Events: 2
Time: 123.26, 
            Production Events: 0, 
            Suppression Events: 2
Time: 124.32, 
            Production Events: 1, 
            Suppression Events: 1
Time: 125.14, 
            Production Events: 1, 
            Suppression Events: 1
Time: 126.96, 
            Production Events: 0, 
            Suppression Events: 1
Time: 127.98, 
            Production Events: 0, 
            Suppression Events: 1
Time: 128.23, 
            Production Events: 0, 
            Suppression Events: 1
Time: 129.36, 
            Production Events: 0, 
            Suppression Events: 1
Time: 130.86, 
            Production Events: 0, 
            Suppression Events: 2
Time: 132.03, 
            Production Events: 0, 
            Suppression Events: 1
Time: 132.03, 
            Production Events: 0, 
            Suppression Events: 0
Time: 136.52, 
            Production Events: 0, 
            Suppression Events: 1
Time: 136.52, 
            Production Events: 0, 
            Suppression Events: 0
Time: 136.52, 
            Production Events: 0, 
            Suppression Events: 0
Time: 136.52, 
            Production Events: 0, 
            Suppression Events: 0
Time: 137.95, 
            Production Events: 0, 
            Suppression Events: 2
Time: 139.33, 
            Production Events: 0, 
            Suppression Events: 1
Time: 139.33, 
            Production Events: 0, 
            Suppression Events: 0
Time: 141.4, 
            Production Events: 0, 
            Suppression Events: 1
Time: 141.4, 
            Production Events: 0, 
            Suppression Events: 0
Time: 143.45, 
            Production Events: 0, 
            Suppression Events: 1
Time: 143.45, 
            Production Events: 0, 
            Suppression Events: 0
Time: 145.27, 
            Production Events: 0, 
            Suppression Events: 2
Time: 145.27, 
            Production Events: 0, 
            Suppression Events: 0
Time: 147.82, 
            Production Events: 0, 
            Suppression Events: 3
Time: 147.82, 
            Production Events: 0, 
            Suppression Events: 0
Time: 148.1, 
            Production Events: 0, 
            Suppression Events: 2
Time: 149.26, 
            Production Events: 0, 
            Suppression Events: 1
Time: 150.97, 
            Production Events: 1, 
            Suppression Events: 0
Time: 151.5, 
            Production Events: 0, 
            Suppression Events: 1
Time: 154.09, 
            Production Events: 1, 
            Suppression Events: 0
Time: 154.09, 
            Production Events: 0, 
            Suppression Events: 0
Time: 154.09, 
            Production Events: 0, 
            Suppression Events: 0
Time: 155.64, 
            Production Events: 1, 
            Suppression Events: 1
Time: 156.71, 
            Production Events: 0, 
            Suppression Events: 1
Time: 157.28, 
            Production Events: 0, 
            Suppression Events: 1
Time: 160.65, 
            Production Events: 0, 
            Suppression Events: 1
Time: 160.65, 
            Production Events: 0, 
            Suppression Events: 0
Time: 160.65, 
            Production Events: 0, 
            Suppression Events: 0
Time: 164.78, 
            Production Events: 1, 
            Suppression Events: 0
Time: 164.78, 
            Production Events: 0, 
            Suppression Events: 0
Time: 164.78, 
            Production Events: 0, 
            Suppression Events: 0
Time: 164.78, 
            Production Events: 0, 
            Suppression Events: 0
Time: 166.3, 
            Production Events: 0, 
            Suppression Events: 1
Time: 166.3, 
            Production Events: 0, 
            Suppression Events: 0
Time: 167.85, 
            Production Events: 0, 
            Suppression Events: 1
Time: 168.16, 
            Production Events: 0, 
            Suppression Events: 2
Time: 169.16, 
            Production Events: 1, 
            Suppression Events: 1
Time: 172.55, 
            Production Events: 1, 
            Suppression Events: 0
Time: 172.55, 
            Production Events: 0, 
            Suppression Events: 0
Time: 172.55, 
            Production Events: 0, 
            Suppression Events: 0
Time: 173.18, 
            Production Events: 0, 
            Suppression Events: 2
Time: 174.05, 
            Production Events: 1, 
            Suppression Events: 2
Time: 175.93, 
            Production Events: 0, 
            Suppression Events: 3
Time: 177.01, 
            Production Events: 0, 
            Suppression Events: 1
Time: 177.01, 
            Production Events: 0, 
            Suppression Events: 0
Time: 178.15, 
            Production Events: 0, 
            Suppression Events: 3
Time: 179.15, 
            Production Events: 0, 
            Suppression Events: 1
Time: 183.16, 
            Production Events: 0, 
            Suppression Events: 1
Time: 183.16, 
            Production Events: 0, 
            Suppression Events: 0
Time: 183.16, 
            Production Events: 0, 
            Suppression Events: 0
Time: 183.16, 
            Production Events: 0, 
            Suppression Events: 0
Time: 185.91, 
            Production Events: 0, 
            Suppression Events: 3
Time: 185.91, 
            Production Events: 0, 
            Suppression Events: 0
Time: 186.7, 
            Production Events: 0, 
            Suppression Events: 1
Time: 188.86, 
            Production Events: 0, 
            Suppression Events: 1
Time: 188.86, 
            Production Events: 0, 
            Suppression Events: 0
Time: 189.65, 
            Production Events: 1, 
            Suppression Events: 0
Time: 190.07, 
            Production Events: 0, 
            Suppression Events: 1
Time: 192.25, 
            Production Events: 0, 
            Suppression Events: 2
Time: 192.25, 
            Production Events: 0, 
            Suppression Events: 0
Time: 194.53, 
            Production Events: 1, 
            Suppression Events: 1
Time: 194.53, 
            Production Events: 0, 
            Suppression Events: 0
Time: 199.68, 
            Production Events: 0, 
            Suppression Events: 1
Time: 199.68, 
            Production Events: 0, 
            Suppression Events: 0
Time: 199.68, 
            Production Events: 0, 
            Suppression Events: 0
Time: 199.68, 
            Production Events: 0, 
            Suppression Events: 0
Time: 199.68, 
            Production Events: 0, 
            Suppression Events: 0
Time: 205.57, 
            Production Events: 0, 
            Suppression Events: 1
Time: 205.57, 
            Production Events: 0, 
            Suppression Events: 0
Time: 205.57, 
            Production Events: 0, 
            Suppression Events: 0
Time: 205.57, 
            Production Events: 0, 
            Suppression Events: 0
Time: 205.57, 
            Production Events: 0, 
            Suppression Events: 0
Time: 205.57, 
            Production Events: 0, 
            Suppression Events: 0
Time: 206.64, 
            Production Events: 0, 
            Suppression Events: 2
Time: 207.81, 
            Production Events: 0, 
            Suppression Events: 1
Time: 208.65, 
            Production Events: 0, 
            Suppression Events: 2
Time: 211.63, 
            Production Events: 0, 
            Suppression Events: 2
Time: 211.63, 
            Production Events: 0, 
            Suppression Events: 0
Time: 211.63, 
            Production Events: 0, 
            Suppression Events: 0
Time: 212.8, 
            Production Events: 0, 
            Suppression Events: 1
Time: 215.02, 
            Production Events: 0, 
            Suppression Events: 1
Time: 215.02, 
            Production Events: 0, 
            Suppression Events: 0
Time: 215.02, 
            Production Events: 0, 
            Suppression Events: 0
Time: 217.48, 
            Production Events: 0, 
            Suppression Events: 1
Time: 217.48, 
            Production Events: 0, 
            Suppression Events: 0
Time: 220.58, 
            Production Events: 0, 
            Suppression Events: 1
Time: 220.58, 
            Production Events: 0, 
            Suppression Events: 0
Time: 220.58, 
            Production Events: 0, 
            Suppression Events: 0
Time: 221.17, 
            Production Events: 1, 
            Suppression Events: 0
Time: 222.02, 
            Production Events: 1, 
            Suppression Events: 0
Time: 223.58, 
            Production Events: 0, 
            Suppression Events: 1
Time: 224.14, 
            Production Events: 1, 
            Suppression Events: 1
Time: 225.74, 
            Production Events: 0, 
            Suppression Events: 3
Time: 227.38, 
            Production Events: 0, 
            Suppression Events: 1
Time: 227.38, 
            Production Events: 0, 
            Suppression Events: 0
Time: 228.73, 
            Production Events: 0, 
            Suppression Events: 1
Time: 229.55, 
            Production Events: 1, 
            Suppression Events: 0
Time: 230.11, 
            Production Events: 0, 
            Suppression Events: 1
Time: 231.87, 
            Production Events: 0, 
            Suppression Events: 2
Time: 232.26, 
            Production Events: 0, 
            Suppression Events: 1
Time: 233.06, 
            Production Events: 1, 
            Suppression Events: 1
Time: 234.25, 
            Production Events: 0, 
            Suppression Events: 2
Time: 235.06, 
            Production Events: 0, 
            Suppression Events: 2
Time: 236.37, 
            Production Events: 0, 
            Suppression Events: 2
Time: 240.8, 
            Production Events: 0, 
            Suppression Events: 2
Time: 240.8, 
            Production Events: 0, 
            Suppression Events: 0
Time: 240.8, 
            Production Events: 0, 
            Suppression Events: 0
Time: 240.8, 
            Production Events: 0, 
            Suppression Events: 0
Time: 242.7, 
            Production Events: 0, 
            Suppression Events: 1
Time: 242.7, 
            Production Events: 0, 
            Suppression Events: 0
Time: 246.36, 
            Production Events: 0, 
            Suppression Events: 1
Time: 246.36, 
            Production Events: 0, 
            Suppression Events: 0
Time: 246.36, 
            Production Events: 0, 
            Suppression Events: 0
Time: 246.36, 
            Production Events: 0, 
            Suppression Events: 0
Time: 247.77, 
            Production Events: 1, 
            Suppression Events: 2
Time: 250.58, 
            Production Events: 0, 
            Suppression Events: 2
Time: 250.58, 
            Production Events: 0, 
            Suppression Events: 0
Time: 250.58, 
            Production Events: 0, 
            Suppression Events: 0
Time: 251.37, 
            Production Events: 0, 
            Suppression Events: 2
Time: 252.95, 
            Production Events: 0, 
            Suppression Events: 2
Time: 253.77, 
            Production Events: 0, 
            Suppression Events: 1
Time: 254.58, 
            Production Events: 0, 
            Suppression Events: 1
Time: 257.02, 
            Production Events: 0, 
            Suppression Events: 1
Time: 257.02, 
            Production Events: 0, 
            Suppression Events: 0
Time: 257.02, 
            Production Events: 0, 
            Suppression Events: 0
Time: 258.54, 
            Production Events: 0, 
            Suppression Events: 1
Time: 259.18, 
            Production Events: 0, 
            Suppression Events: 1
Time: 260.16, 
            Production Events: 1, 
            Suppression Events: 1
Time: 263.04, 
            Production Events: 0, 
            Suppression Events: 2
Time: 263.04, 
            Production Events: 0, 
            Suppression Events: 0
Time: 263.04, 
            Production Events: 0, 
            Suppression Events: 0
Time: 264.04, 
            Production Events: 0, 
            Suppression Events: 1
Time: 265.43, 
            Production Events: 0, 
            Suppression Events: 3
Time: 266.02, 
            Production Events: 0, 
            Suppression Events: 1
Time: 267.29, 
            Production Events: 0, 
            Suppression Events: 1
Time: 268.27, 
            Production Events: 0, 
            Suppression Events: 1
Time: 271.47, 
            Production Events: 1, 
            Suppression Events: 0
Time: 271.47, 
            Production Events: 0, 
            Suppression Events: 0
Time: 271.47, 
            Production Events: 0, 
            Suppression Events: 0
Time: 272.15, 
            Production Events: 1, 
            Suppression Events: 2
Time: 273.37, 
            Production Events: 0, 
            Suppression Events: 2
Time: 274.76, 
            Production Events: 0, 
            Suppression Events: 1
Time: 276.35, 
            Production Events: 0, 
            Suppression Events: 1
Time: 276.35, 
            Production Events: 0, 
            Suppression Events: 0
Time: 277.36, 
            Production Events: 0, 
            Suppression Events: 2
Time: 280.08, 
            Production Events: 0, 
            Suppression Events: 1
Time: 280.08, 
            Production Events: 0, 
            Suppression Events: 0
Time: 280.08, 
            Production Events: 0, 
            Suppression Events: 0
Time: 282.64, 
            Production Events: 0, 
            Suppression Events: 2
Time: 282.64, 
            Production Events: 0, 
            Suppression Events: 0
Time: 283.71, 
            Production Events: 0, 
            Suppression Events: 2
Time: 284.54, 
            Production Events: 0, 
            Suppression Events: 1
Time: 285.01, 
            Production Events: 0, 
            Suppression Events: 2
Time: 287.36, 
            Production Events: 0, 
            Suppression Events: 1
Time: 287.36, 
            Production Events: 0, 
            Suppression Events: 0
Time: 290.05, 
            Production Events: 0, 
            Suppression Events: 3
Time: 290.05, 
            Production Events: 0, 
            Suppression Events: 0
Time: 290.05, 
            Production Events: 0, 
            Suppression Events: 0
Time: 292.38, 
            Production Events: 0, 
            Suppression Events: 2
Time: 292.38, 
            Production Events: 0, 
            Suppression Events: 0
Time: 293.06, 
            Production Events: 0, 
            Suppression Events: 1
Time: 294.34, 
            Production Events: 0, 
            Suppression Events: 3
Time: 296.77, 
            Production Events: 0, 
            Suppression Events: 1
Time: 296.77, 
            Production Events: 0, 
            Suppression Events: 0
Time: 297.02, 
            Production Events: 0, 
            Suppression Events: 2
Time: 298.24, 
            Production Events: 0, 
            Suppression Events: 1
Time: 299.5, 
            Production Events: 0, 
            Suppression Events: 1
Time: 300.41, 
            Production Events: 0, 
            Suppression Events: 1
Time: 302.7, 
            Production Events: 0, 
            Suppression Events: 3
Time: 302.7, 
            Production Events: 0, 
            Suppression Events: 0
Time: 303.43, 
            Production Events: 1, 
            Suppression Events: 0
Time: 304.23, 
            Production Events: 0, 
            Suppression Events: 3
Time: 305.13, 
            Production Events: 0, 
            Suppression Events: 4
Time: 306.22, 
            Production Events: 0, 
            Suppression Events: 2
Time: 307.64, 
            Production Events: 0, 
            Suppression Events: 1
Time: 308.18, 
            Production Events: 0, 
            Suppression Events: 1
Time: 311.3, 
            Production Events: 1, 
            Suppression Events: 1
Time: 311.3, 
            Production Events: 0, 
            Suppression Events: 0
Time: 311.3, 
            Production Events: 0, 
            Suppression Events: 0
Time: 315.43, 
            Production Events: 0, 
            Suppression Events: 1
Time: 315.43, 
            Production Events: 0, 
            Suppression Events: 0
Time: 315.43, 
            Production Events: 0, 
            Suppression Events: 0
Time: 315.43, 
            Production Events: 0, 
            Suppression Events: 0
Time: 316.68, 
            Production Events: 0, 
            Suppression Events: 2
Time: 317.77, 
            Production Events: 0, 
            Suppression Events: 1
Time: 318.73, 
            Production Events: 0, 
            Suppression Events: 1
Time: 319.47, 
            Production Events: 0, 
            Suppression Events: 2
Time: 320.04, 
            Production Events: 0, 
            Suppression Events: 1
Time: 321.79, 
            Production Events: 0, 
            Suppression Events: 2
Time: 322.27, 
            Production Events: 0, 
            Suppression Events: 1
Time: 324.21, 
            Production Events: 0, 
            Suppression Events: 3
Time: 324.21, 
            Production Events: 0, 
            Suppression Events: 0
Time: 326.02, 
            Production Events: 0, 
            Suppression Events: 2
Time: 326.02, 
            Production Events: 0, 
            Suppression Events: 0
Time: 327.88, 
            Production Events: 0, 
            Suppression Events: 2
Time: 328.94, 
            Production Events: 0, 
            Suppression Events: 1
Time: 329.32, 
            Production Events: 0, 
            Suppression Events: 1
Time: 330.03, 
            Production Events: 0, 
            Suppression Events: 2
Time: 332.04, 
            Production Events: 2, 
            Suppression Events: 1
Time: 332.04, 
            Production Events: 0, 
            Suppression Events: 0
Time: 333.12, 
            Production Events: 0, 
            Suppression Events: 1
Time: 334.63, 
            Production Events: 0, 
            Suppression Events: 2
Time: 335.81, 
            Production Events: 0, 
            Suppression Events: 1
Time: 336.14, 
            Production Events: 0, 
            Suppression Events: 1
Time: 337.46, 
            Production Events: 0, 
            Suppression Events: 1
Time: 338.03, 
            Production Events: 0, 
            Suppression Events: 2
Time: 339.68, 
            Production Events: 0, 
            Suppression Events: 2
Time: 340.72, 
            Production Events: 0, 
            Suppression Events: 1
Time: 341.25, 
            Production Events: 0, 
            Suppression Events: 1
Time: 342.45, 
            Production Events: 0, 
            Suppression Events: 1
Time: 343.05, 
            Production Events: 0, 
            Suppression Events: 1
Time: 344.39, 
            Production Events: 0, 
            Suppression Events: 1
Time: 345.62, 
            Production Events: 0, 
            Suppression Events: 2
Time: 346.28, 
            Production Events: 1, 
            Suppression Events: 0
Time: 349.22, 
            Production Events: 0, 
            Suppression Events: 1
Time: 349.22, 
            Production Events: 0, 
            Suppression Events: 0
Time: 349.22, 
            Production Events: 0, 
            Suppression Events: 0
Time: 350.66, 
            Production Events: 0, 
            Suppression Events: 1
Time: 351.34, 
            Production Events: 0, 
            Suppression Events: 2
Time: 353.93, 
            Production Events: 0, 
            Suppression Events: 1
Time: 353.93, 
            Production Events: 0, 
            Suppression Events: 0
Time: 354.74, 
            Production Events: 0, 
            Suppression Events: 1
Time: 355.2, 
            Production Events: 0, 
            Suppression Events: 1
Time: 357.04, 
            Production Events: 0, 
            Suppression Events: 4
Time: 357.04, 
            Production Events: 0, 
            Suppression Events: 0
Time: 359.56, 
            Production Events: 1, 
            Suppression Events: 1
Time: 359.56, 
            Production Events: 0, 
            Suppression Events: 0
Time: 365.13, 
            Production Events: 0, 
            Suppression Events: 2
Time: 365.13, 
            Production Events: 0, 
            Suppression Events: 0
Time: 365.13, 
            Production Events: 0, 
            Suppression Events: 0
Time: 365.13, 
            Production Events: 0, 
            Suppression Events: 0
Time: 365.13, 
            Production Events: 0, 
            Suppression Events: 0
Time: 365.13, 
            Production Events: 0, 
            Suppression Events: 0
Time: 366.62, 
            Production Events: 1, 
            Suppression Events: 1
Time: 367.45, 
            Production Events: 0, 
            Suppression Events: 1
Time: 368.98, 
            Production Events: 0, 
            Suppression Events: 1
Time: 370.29, 
            Production Events: 0, 
            Suppression Events: 1
Time: 370.29, 
            Production Events: 0, 
            Suppression Events: 0
Time: 371.75, 
            Production Events: 0, 
            Suppression Events: 1
Time: 373.84, 
            Production Events: 0, 
            Suppression Events: 1
Time: 373.84, 
            Production Events: 0, 
            Suppression Events: 0
Time: 374.64, 
            Production Events: 1, 
            Suppression Events: 0
Time: 375.07, 
            Production Events: 0, 
            Suppression Events: 2
Time: 377.88, 
            Production Events: 0, 
            Suppression Events: 1
Time: 377.88, 
            Production Events: 0, 
            Suppression Events: 0
Time: 379.53, 
            Production Events: 0, 
            Suppression Events: 1
Time: 379.53, 
            Production Events: 0, 
            Suppression Events: 0
Time: 380.32, 
            Production Events: 0, 
            Suppression Events: 1
Time: 381.49, 
            Production Events: 1, 
            Suppression Events: 0
Time: 384.47, 
            Production Events: 1, 
            Suppression Events: 0
Time: 384.47, 
            Production Events: 0, 
            Suppression Events: 0
Time: 384.47, 
            Production Events: 0, 
            Suppression Events: 0
Time: 386.49, 
            Production Events: 0, 
            Suppression Events: 1
Time: 386.49, 
            Production Events: 0, 
            Suppression Events: 0
Time: 387.33, 
            Production Events: 0, 
            Suppression Events: 1
Time: 388.14, 
            Production Events: 0, 
            Suppression Events: 3
Time: 390.1, 
            Production Events: 1, 
            Suppression Events: 2
Time: 390.1, 
            Production Events: 0, 
            Suppression Events: 0
Time: 393.2, 
            Production Events: 0, 
            Suppression Events: 1
Time: 393.2, 
            Production Events: 0, 
            Suppression Events: 0
Time: 393.2, 
            Production Events: 0, 
            Suppression Events: 0
Time: 394.46, 
            Production Events: 0, 
            Suppression Events: 2
Time: 395.77, 
            Production Events: 0, 
            Suppression Events: 1
Time: 396.42, 
            Production Events: 0, 
            Suppression Events: 2
Time: 399.13, 
            Production Events: 0, 
            Suppression Events: 1
Time: 399.13, 
            Production Events: 0, 
            Suppression Events: 0
Time: 399.13, 
            Production Events: 0, 
            Suppression Events: 0
Time: 400.5, 
            Production Events: 0, 
            Suppression Events: 1
Time: 401.85, 
            Production Events: 0, 
            Suppression Events: 1
Time: 402.38, 
            Production Events: 0, 
            Suppression Events: 1
Time: 403.1, 
            Production Events: 0, 
            Suppression Events: 1
Time: 404.43, 
            Production Events: 0, 
            Suppression Events: 3
Time: 406.75, 
            Production Events: 0, 
            Suppression Events: 1
Time: 406.75, 
            Production Events: 0, 
            Suppression Events: 0
Time: 408.0, 
            Production Events: 1, 
            Suppression Events: 1
Time: 409.59, 
            Production Events: 0, 
            Suppression Events: 1
Time: 409.59, 
            Production Events: 0, 
            Suppression Events: 0
Time: 412.39, 
            Production Events: 0, 
            Suppression Events: 3
Time: 412.39, 
            Production Events: 0, 
            Suppression Events: 0
Time: 412.39, 
            Production Events: 0, 
            Suppression Events: 0
Time: 413.34, 
            Production Events: 0, 
            Suppression Events: 1
Time: 417.69, 
            Production Events: 0, 
            Suppression Events: 1
Time: 417.69, 
            Production Events: 0, 
            Suppression Events: 0
Time: 417.69, 
            Production Events: 0, 
            Suppression Events: 0
Time: 417.69, 
            Production Events: 0, 
            Suppression Events: 0
Time: 422.96, 
            Production Events: 0, 
            Suppression Events: 2
Time: 422.96, 
            Production Events: 0, 
            Suppression Events: 0
Time: 422.96, 
            Production Events: 0, 
            Suppression Events: 0
Time: 422.96, 
            Production Events: 0, 
            Suppression Events: 0
Time: 422.96, 
            Production Events: 0, 
            Suppression Events: 0
Time: 423.32, 
            Production Events: 0, 
            Suppression Events: 1
Time: 424.83, 
            Production Events: 0, 
            Suppression Events: 2
Time: 426.06, 
            Production Events: 0, 
            Suppression Events: 2
Time: 426.06, 
            Production Events: 0, 
            Suppression Events: 0
Time: 427.16, 
            Production Events: 0, 
            Suppression Events: 2
Time: 428.54, 
            Production Events: 0, 
            Suppression Events: 3
Time: 429.9, 
            Production Events: 0, 
            Suppression Events: 3
Time: 432.14, 
            Production Events: 0, 
            Suppression Events: 1
Time: 432.14, 
            Production Events: 0, 
            Suppression Events: 0
Time: 432.14, 
            Production Events: 0, 
            Suppression Events: 0
Time: 433.13, 
            Production Events: 0, 
            Suppression Events: 3
Time: 434.53, 
            Production Events: 0, 
            Suppression Events: 1
Time: 435.05, 
            Production Events: 0, 
            Suppression Events: 1
Time: 436.73, 
            Production Events: 0, 
            Suppression Events: 3
Time: 438.48, 
            Production Events: 0, 
            Suppression Events: 1
Time: 438.48, 
            Production Events: 0, 
            Suppression Events: 0
Time: 439.09, 
            Production Events: 0, 
            Suppression Events: 2
Time: 441.82, 
            Production Events: 0, 
            Suppression Events: 2
Time: 441.82, 
            Production Events: 0, 
            Suppression Events: 0
Time: 442.04, 
            Production Events: 0, 
            Suppression Events: 2
Time: 443.26, 
            Production Events: 0, 
            Suppression Events: 3
Time: 444.71, 
            Production Events: 0, 
            Suppression Events: 2
Time: 445.5, 
            Production Events: 0, 
            Suppression Events: 1
Time: 447.58, 
            Production Events: 0, 
            Suppression Events: 1
Time: 447.58, 
            Production Events: 0, 
            Suppression Events: 0
Time: 448.32, 
            Production Events: 0, 
            Suppression Events: 1
Time: 449.03, 
            Production Events: 0, 
            Suppression Events: 3
Time: 450.33, 
            Production Events: 0, 
            Suppression Events: 1
Time: 451.46, 
            Production Events: 0, 
            Suppression Events: 1
Time: 453.47, 
            Production Events: 1, 
            Suppression Events: 2
Time: 453.47, 
            Production Events: 0, 
            Suppression Events: 0
Time: 454.49, 
            Production Events: 0, 
            Suppression Events: 1
Time: 456.62, 
            Production Events: 0, 
            Suppression Events: 1
Time: 456.62, 
            Production Events: 0, 
            Suppression Events: 0
Time: 457.63, 
            Production Events: 0, 
            Suppression Events: 2
Time: 458.14, 
            Production Events: 0, 
            Suppression Events: 3
Time: 459.46, 
            Production Events: 0, 
            Suppression Events: 1
Time: 460.81, 
            Production Events: 0, 
            Suppression Events: 1
Time: 461.62, 
            Production Events: 0, 
            Suppression Events: 1
Time: 462.26, 
            Production Events: 0, 
            Suppression Events: 2
Time: 463.99, 
            Production Events: 0, 
            Suppression Events: 1
Time: 464.53, 
            Production Events: 0, 
            Suppression Events: 1
Time: 465.08, 
            Production Events: 0, 
            Suppression Events: 1
Time: 466.24, 
            Production Events: 0, 
            Suppression Events: 2
Time: 467.45, 
            Production Events: 0, 
            Suppression Events: 1
Time: 468.1, 
            Production Events: 0, 
            Suppression Events: 3
Time: 469.89, 
            Production Events: 0, 
            Suppression Events: 1
Time: 470.6, 
            Production Events: 1, 
            Suppression Events: 0
Time: 472.17, 
            Production Events: 0, 
            Suppression Events: 1
Time: 472.17, 
            Production Events: 0, 
            Suppression Events: 0
Time: 475.79, 
            Production Events: 0, 
            Suppression Events: 2
Time: 475.79, 
            Production Events: 0, 
            Suppression Events: 0
Time: 475.79, 
            Production Events: 0, 
            Suppression Events: 0
Time: 476.45, 
            Production Events: 0, 
            Suppression Events: 1
Time: 477.49, 
            Production Events: 0, 
            Suppression Events: 1
Time: 480.7, 
            Production Events: 0, 
            Suppression Events: 2
Time: 480.7, 
            Production Events: 0, 
            Suppression Events: 0
Time: 480.7, 
            Production Events: 0, 
            Suppression Events: 0
Time: 481.72, 
            Production Events: 0, 
            Suppression Events: 1
Time: 483.42, 
            Production Events: 0, 
            Suppression Events: 1
Time: 483.42, 
            Production Events: 0, 
            Suppression Events: 0
Time: 487.45, 
            Production Events: 0, 
            Suppression Events: 2
Time: 487.45, 
            Production Events: 0, 
            Suppression Events: 0
Time: 487.45, 
            Production Events: 0, 
            Suppression Events: 0
Time: 487.45, 
            Production Events: 0, 
            Suppression Events: 0
Time: 489.95, 
            Production Events: 1, 
            Suppression Events: 1
Time: 489.95, 
            Production Events: 0, 
            Suppression Events: 0
Time: 490.53, 
            Production Events: 0, 
            Suppression Events: 1
Time: 492.62, 
            Production Events: 0, 
            Suppression Events: 1
Time: 492.62, 
            Production Events: 0, 
            Suppression Events: 0
Time: 494.33, 
            Production Events: 0, 
            Suppression Events: 1
Time: 494.33, 
            Production Events: 0, 
            Suppression Events: 0
Time: 495.21, 
            Production Events: 0, 
            Suppression Events: 2
Time: 496.94, 
            Production Events: 0, 
            Suppression Events: 3
Time: 497.11, 
            Production Events: 0, 
            Suppression Events: 1
Time: 501.2, 
            Production Events: 0, 
            Suppression Events: 1
Time: 501.2, 
            Production Events: 0, 
            Suppression Events: 0
Time: 501.2, 
            Production Events: 0, 
            Suppression Events: 0
Time: 501.2, 
            Production Events: 0, 
            Suppression Events: 0
Time: 503.75, 
            Production Events: 0, 
            Suppression Events: 1
Time: 503.75, 
            Production Events: 0, 
            Suppression Events: 0
Time: 505.88, 
            Production Events: 1, 
            Suppression Events: 1
Time: 505.88, 
            Production Events: 0, 
            Suppression Events: 0
Time: 506.49, 
            Production Events: 0, 
            Suppression Events: 1
Time: 507.66, 
            Production Events: 3, 
            Suppression Events: 1
Time: 509.55, 
            Production Events: 0, 
            Suppression Events: 1
Time: 509.55, 
            Production Events: 0, 
            Suppression Events: 0
Time: 510.1, 
            Production Events: 0, 
            Suppression Events: 1
Time: 512.39, 
            Production Events: 0, 
            Suppression Events: 3
Time: 512.39, 
            Production Events: 0, 
            Suppression Events: 0
Time: 513.09, 
            Production Events: 0, 
            Suppression Events: 2
Time: 515.08, 
            Production Events: 0, 
            Suppression Events: 1
Time: 515.08, 
            Production Events: 0, 
            Suppression Events: 0
Time: 516.0, 
            Production Events: 2, 
            Suppression Events: 3
Time: 518.86, 
            Production Events: 0, 
            Suppression Events: 3
Time: 518.86, 
            Production Events: 0, 
            Suppression Events: 0
Time: 520.06, 
            Production Events: 0, 
            Suppression Events: 1
Time: 520.06, 
            Production Events: 0, 
            Suppression Events: 0
Time: 522.21, 
            Production Events: 0, 
            Suppression Events: 4
Time: 522.21, 
            Production Events: 0, 
            Suppression Events: 0
Time: 523.9, 
            Production Events: 0, 
            Suppression Events: 2
Time: 524.39, 
            Production Events: 0, 
            Suppression Events: 1
Time: 525.76, 
            Production Events: 0, 
            Suppression Events: 1
Time: 526.45, 
            Production Events: 0, 
            Suppression Events: 1
Time: 528.81, 
            Production Events: 0, 
            Suppression Events: 1
Time: 528.81, 
            Production Events: 0, 
            Suppression Events: 0
Time: 530.03, 
            Production Events: 0, 
            Suppression Events: 1
Time: 530.03, 
            Production Events: 0, 
            Suppression Events: 0
Time: 531.12, 
            Production Events: 0, 
            Suppression Events: 1
Time: 532.6, 
            Production Events: 0, 
            Suppression Events: 1
Time: 533.77, 
            Production Events: 0, 
            Suppression Events: 1
Time: 534.13, 
            Production Events: 0, 
            Suppression Events: 1
Time: 535.66, 
            Production Events: 1, 
            Suppression Events: 2
Time: 536.89, 
            Production Events: 0, 
            Suppression Events: 1
Time: 537.95, 
            Production Events: 0, 
            Suppression Events: 1
Time: 538.18, 
            Production Events: 0, 
            Suppression Events: 1
Time: 540.53, 
            Production Events: 0, 
            Suppression Events: 2
Time: 540.53, 
            Production Events: 0, 
            Suppression Events: 0
Time: 541.18, 
            Production Events: 0, 
            Suppression Events: 2
Time: 545.09, 
            Production Events: 0, 
            Suppression Events: 1
Time: 545.09, 
            Production Events: 0, 
            Suppression Events: 0
Time: 545.09, 
            Production Events: 0, 
            Suppression Events: 0
Time: 545.09, 
            Production Events: 0, 
            Suppression Events: 0
Time: 546.17, 
            Production Events: 0, 
            Suppression Events: 2
Time: 547.35, 
            Production Events: 0, 
            Suppression Events: 2
Time: 550.56, 
            Production Events: 0, 
            Suppression Events: 1
Time: 550.56, 
            Production Events: 0, 
            Suppression Events: 0
Time: 550.56, 
            Production Events: 0, 
            Suppression Events: 0
Time: 552.25, 
            Production Events: 0, 
            Suppression Events: 2
Time: 552.25, 
            Production Events: 0, 
            Suppression Events: 0
Time: 554.52, 
            Production Events: 0, 
            Suppression Events: 2
Time: 554.52, 
            Production Events: 0, 
            Suppression Events: 0
Time: 555.08, 
            Production Events: 0, 
            Suppression Events: 2
Time: 556.57, 
            Production Events: 0, 
            Suppression Events: 1
Time: 558.19, 
            Production Events: 0, 
            Suppression Events: 1
Time: 558.19, 
            Production Events: 0, 
            Suppression Events: 0
Time: 559.65, 
            Production Events: 1, 
            Suppression Events: 1
Time: 560.62, 
            Production Events: 0, 
            Suppression Events: 1
Time: 561.15, 
            Production Events: 0, 
            Suppression Events: 1
Time: 562.1, 
            Production Events: 0, 
            Suppression Events: 2
Time: 563.21, 
            Production Events: 0, 
            Suppression Events: 3
Time: 564.0, 
            Production Events: 0, 
            Suppression Events: 2
Time: 565.56, 
            Production Events: 0, 
            Suppression Events: 2
Time: 566.16, 
            Production Events: 0, 
            Suppression Events: 1
Time: 567.05, 
            Production Events: 0, 
            Suppression Events: 1
Time: 568.2, 
            Production Events: 0, 
            Suppression Events: 3
Time: 571.52, 
            Production Events: 0, 
            Suppression Events: 2
Time: 571.52, 
            Production Events: 0, 
            Suppression Events: 0
Time: 571.52, 
            Production Events: 0, 
            Suppression Events: 0
Time: 573.16, 
            Production Events: 1, 
            Suppression Events: 1
Time: 573.16, 
            Production Events: 0, 
            Suppression Events: 0
Time: 577.15, 
            Production Events: 0, 
            Suppression Events: 2
Time: 577.15, 
            Production Events: 0, 
            Suppression Events: 0
Time: 577.15, 
            Production Events: 0, 
            Suppression Events: 0
Time: 577.15, 
            Production Events: 0, 
            Suppression Events: 0
Time: 578.23, 
            Production Events: 1, 
            Suppression Events: 0
Time: 579.51, 
            Production Events: 0, 
            Suppression Events: 2
Time: 580.13, 
            Production Events: 0, 
            Suppression Events: 1
Time: 583.04, 
            Production Events: 0, 
            Suppression Events: 1
Time: 583.04, 
            Production Events: 0, 
            Suppression Events: 0
Time: 583.04, 
            Production Events: 0, 
            Suppression Events: 0
Time: 587.13, 
            Production Events: 0, 
            Suppression Events: 1
Time: 587.13, 
            Production Events: 0, 
            Suppression Events: 0
Time: 587.13, 
            Production Events: 0, 
            Suppression Events: 0
Time: 587.13, 
            Production Events: 0, 
            Suppression Events: 0
Time: 588.42, 
            Production Events: 0, 
            Suppression Events: 1
Time: 589.16, 
            Production Events: 1, 
            Suppression Events: 0
Time: 591.28, 
            Production Events: 1, 
            Suppression Events: 1
Time: 591.28, 
            Production Events: 0, 
            Suppression Events: 0
Time: 592.11, 
            Production Events: 0, 
            Suppression Events: 1
Time: 594.59, 
            Production Events: 0, 
            Suppression Events: 2
Time: 594.59, 
            Production Events: 0, 
            Suppression Events: 0
Time: 596.29, 
            Production Events: 0, 
            Suppression Events: 1
Time: 596.29, 
            Production Events: 0, 
            Suppression Events: 0
Time: 597.63, 
            Production Events: 0, 
            Suppression Events: 1
Time: 603.23, 
            Production Events: 0, 
            Suppression Events: 1
Time: 603.23, 
            Production Events: 0, 
            Suppression Events: 0
Time: 603.23, 
            Production Events: 0, 
            Suppression Events: 0
Time: 603.23, 
            Production Events: 0, 
            Suppression Events: 0
Time: 603.23, 
            Production Events: 0, 
            Suppression Events: 0
Time: 603.23, 
            Production Events: 0, 
            Suppression Events: 0
Time: 604.69, 
            Production Events: 0, 
            Suppression Events: 2
Time: 609.09, 
            Production Events: 0, 
            Suppression Events: 1
Time: 609.09, 
            Production Events: 0, 
            Suppression Events: 0
Time: 609.09, 
            Production Events: 0, 
            Suppression Events: 0
Time: 609.09, 
            Production Events: 0, 
            Suppression Events: 0
Time: 609.09, 
            Production Events: 0, 
            Suppression Events: 0
Time: 611.7, 
            Production Events: 0, 
            Suppression Events: 1
Time: 611.7, 
            Production Events: 0, 
            Suppression Events: 0
Time: 616.93, 
            Production Events: 0, 
            Suppression Events: 1
Time: 616.93, 
            Production Events: 0, 
            Suppression Events: 0
Time: 616.93, 
            Production Events: 0, 
            Suppression Events: 0
Time: 616.93, 
            Production Events: 0, 
            Suppression Events: 0
Time: 616.93, 
            Production Events: 0, 
            Suppression Events: 0
Time: 617.21, 
            Production Events: 0, 
            Suppression Events: 1
Time: 618.12, 
            Production Events: 0, 
            Suppression Events: 1
Time: 621.69, 
            Production Events: 0, 
            Suppression Events: 1
Time: 621.69, 
            Production Events: 0, 
            Suppression Events: 0
Time: 621.69, 
            Production Events: 0, 
            Suppression Events: 0
Time: 622.6, 
            Production Events: 0, 
            Suppression Events: 2
Time: 625.42, 
            Production Events: 1, 
            Suppression Events: 0
Time: 625.42, 
            Production Events: 0, 
            Suppression Events: 0
Time: 625.42, 
            Production Events: 0, 
            Suppression Events: 0
Time: 628.47, 
            Production Events: 0, 
            Suppression Events: 1
Time: 628.47, 
            Production Events: 0, 
            Suppression Events: 0
Time: 628.47, 
            Production Events: 0, 
            Suppression Events: 0
Time: 629.37, 
            Production Events: 0, 
            Suppression Events: 1
Time: 630.28, 
            Production Events: 1, 
            Suppression Events: 2
Time: 631.24, 
            Production Events: 0, 
            Suppression Events: 1
Time: 632.38, 
            Production Events: 0, 
            Suppression Events: 2
Time: 634.44, 
            Production Events: 0, 
            Suppression Events: 1
Time: 634.44, 
            Production Events: 0, 
            Suppression Events: 0
Time: 635.51, 
            Production Events: 0, 
            Suppression Events: 1
Time: 637.4, 
            Production Events: 0, 
            Suppression Events: 1
Time: 637.4, 
            Production Events: 0, 
            Suppression Events: 0
Time: 638.84, 
            Production Events: 0, 
            Suppression Events: 2
Time: 639.16, 
            Production Events: 0, 
            Suppression Events: 1
Time: 640.17, 
            Production Events: 0, 
            Suppression Events: 2
Time: 642.73, 
            Production Events: 0, 
            Suppression Events: 2
Time: 642.73, 
            Production Events: 0, 
            Suppression Events: 0
Time: 644.89, 
            Production Events: 0, 
            Suppression Events: 2
Time: 644.89, 
            Production Events: 0, 
            Suppression Events: 0
Time: 645.23, 
            Production Events: 1, 
            Suppression Events: 1
Time: 646.09, 
            Production Events: 0, 
            Suppression Events: 1
Time: 647.32, 
            Production Events: 0, 
            Suppression Events: 3
Time: 648.05, 
            Production Events: 0, 
            Suppression Events: 1
Time: 650.57, 
            Production Events: 1, 
            Suppression Events: 2
Time: 650.57, 
            Production Events: 0, 
            Suppression Events: 0
Time: 653.34, 
            Production Events: 0, 
            Suppression Events: 1
Time: 653.34, 
            Production Events: 0, 
            Suppression Events: 0
Time: 653.34, 
            Production Events: 0, 
            Suppression Events: 0
Time: 654.04, 
            Production Events: 0, 
            Suppression Events: 2
Time: 655.31, 
            Production Events: 0, 
            Suppression Events: 1
Time: 656.99, 
            Production Events: 0, 
            Suppression Events: 1
Time: 657.15, 
            Production Events: 0, 
            Suppression Events: 1
Time: 658.62, 
            Production Events: 0, 
            Suppression Events: 1
Time: 659.15, 
            Production Events: 0, 
            Suppression Events: 1
Time: 661.03, 
            Production Events: 0, 
            Suppression Events: 1
Time: 661.03, 
            Production Events: 0, 
            Suppression Events: 0
Time: 662.39, 
            Production Events: 0, 
            Suppression Events: 1
Time: 663.88, 
            Production Events: 0, 
            Suppression Events: 4
Time: 665.54, 
            Production Events: 0, 
            Suppression Events: 1
Time: 665.54, 
            Production Events: 0, 
            Suppression Events: 0
Time: 666.42, 
            Production Events: 0, 
            Suppression Events: 1
Time: 667.35, 
            Production Events: 0, 
            Suppression Events: 2
Time: 669.8, 
            Production Events: 0, 
            Suppression Events: 3
Time: 669.8, 
            Production Events: 0, 
            Suppression Events: 0
Time: 671.55, 
            Production Events: 0, 
            Suppression Events: 1
Time: 671.55, 
            Production Events: 0, 
            Suppression Events: 0
Time: 672.73, 
            Production Events: 0, 
            Suppression Events: 2
Time: 676.1, 
            Production Events: 1, 
            Suppression Events: 1
Time: 676.1, 
            Production Events: 0, 
            Suppression Events: 0
Time: 676.1, 
            Production Events: 0, 
            Suppression Events: 0
Time: 676.1, 
            Production Events: 0, 
            Suppression Events: 0
Time: 679.71, 
            Production Events: 0, 
            Suppression Events: 2
Time: 679.71, 
            Production Events: 0, 
            Suppression Events: 0
Time: 679.71, 
            Production Events: 0, 
            Suppression Events: 0
Time: 682.11, 
            Production Events: 0, 
            Suppression Events: 2
Time: 682.11, 
            Production Events: 0, 
            Suppression Events: 0
Time: 682.11, 
            Production Events: 0, 
            Suppression Events: 0
Time: 683.98, 
            Production Events: 0, 
            Suppression Events: 1
Time: 684.04, 
            Production Events: 0, 
            Suppression Events: 1
Time: 686.93, 
            Production Events: 1, 
            Suppression Events: 2
Time: 686.93, 
            Production Events: 0, 
            Suppression Events: 0
Time: 687.75, 
            Production Events: 0, 
            Suppression Events: 1
Time: 688.52, 
            Production Events: 0, 
            Suppression Events: 1
Time: 689.62, 
            Production Events: 0, 
            Suppression Events: 1
Time: 690.31, 
            Production Events: 0, 
            Suppression Events: 2
Time: 691.95, 
            Production Events: 0, 
            Suppression Events: 2
Time: 692.34, 
            Production Events: 0, 
            Suppression Events: 1
Time: 693.17, 
            Production Events: 0, 
            Suppression Events: 1
Time: 695.55, 
            Production Events: 0, 
            Suppression Events: 2
Time: 695.55, 
            Production Events: 0, 
            Suppression Events: 0
Time: 696.45, 
            Production Events: 0, 
            Suppression Events: 2
Time: 697.53, 
            Production Events: 0, 
            Suppression Events: 2
Time: 698.32, 
            Production Events: 0, 
            Suppression Events: 1
Time: 699.86, 
            Production Events: 0, 
            Suppression Events: 2
Time: 700.69, 
            Production Events: 0, 
            Suppression Events: 1
Time: 704.67, 
            Production Events: 0, 
            Suppression Events: 2
Time: 704.67, 
            Production Events: 0, 
            Suppression Events: 0
Time: 704.67, 
            Production Events: 0, 
            Suppression Events: 0
Time: 704.67, 
            Production Events: 0, 
            Suppression Events: 0
Time: 705.4, 
            Production Events: 0, 
            Suppression Events: 2
Time: 706.92, 
            Production Events: 0, 
            Suppression Events: 1
Time: 710.58, 
            Production Events: 0, 
            Suppression Events: 1
Time: 710.58, 
            Production Events: 0, 
            Suppression Events: 0
Time: 710.58, 
            Production Events: 0, 
            Suppression Events: 0
Time: 710.58, 
            Production Events: 0, 
            Suppression Events: 0
Time: 712.11, 
            Production Events: 0, 
            Suppression Events: 1
Time: 712.11, 
            Production Events: 0, 
            Suppression Events: 0
Time: 714.53, 
            Production Events: 0, 
            Suppression Events: 2
Time: 714.53, 
            Production Events: 0, 
            Suppression Events: 0
Time: 715.16, 
            Production Events: 0, 
            Suppression Events: 2
Time: 717.87, 
            Production Events: 0, 
            Suppression Events: 1
Time: 717.87, 
            Production Events: 0, 
            Suppression Events: 0
Time: 718.73, 
            Production Events: 0, 
            Suppression Events: 1
Time: 721.96, 
            Production Events: 0, 
            Suppression Events: 1
Time: 721.96, 
            Production Events: 0, 
            Suppression Events: 0
Time: 721.96, 
            Production Events: 0, 
            Suppression Events: 0
Time: 722.98, 
            Production Events: 1, 
            Suppression Events: 0
Time: 723.83, 
            Production Events: 0, 
            Suppression Events: 1
Time: 724.17, 
            Production Events: 0, 
            Suppression Events: 1
Time: 725.35, 
            Production Events: 0, 
            Suppression Events: 2
Time: 726.96, 
            Production Events: 0, 
            Suppression Events: 1
Time: 727.06, 
            Production Events: 0, 
            Suppression Events: 1
Time: 730.31, 
            Production Events: 0, 
            Suppression Events: 1
Time: 730.31, 
            Production Events: 0, 
            Suppression Events: 0
Time: 730.31, 
            Production Events: 0, 
            Suppression Events: 0
Time: 731.08, 
            Production Events: 0, 
            Suppression Events: 1
Time: 732.4, 
            Production Events: 1, 
            Suppression Events: 3
Time: 733.37, 
            Production Events: 0, 
            Suppression Events: 1
Time: 734.43, 
            Production Events: 0, 
            Suppression Events: 2
Time: 735.14, 
            Production Events: 0, 
            Suppression Events: 2
Time: 736.31, 
            Production Events: 0, 
            Suppression Events: 1
Time: 737.68, 
            Production Events: 0, 
            Suppression Events: 3
Time: 739.16, 
            Production Events: 0, 
            Suppression Events: 1
Time: 739.16, 
            Production Events: 0, 
            Suppression Events: 0
Time: 740.48, 
            Production Events: 0, 
            Suppression Events: 2
Time: 742.5, 
            Production Events: 0, 
            Suppression Events: 1
Time: 742.5, 
            Production Events: 0, 
            Suppression Events: 0
Time: 743.32, 
            Production Events: 0, 
            Suppression Events: 1
Time: 747.12, 
            Production Events: 0, 
            Suppression Events: 1
Time: 747.12, 
            Production Events: 0, 
            Suppression Events: 0
Time: 747.12, 
            Production Events: 0, 
            Suppression Events: 0
Time: 747.12, 
            Production Events: 0, 
            Suppression Events: 0
Time: 751.0, 
            Production Events: 1, 
            Suppression Events: 0
Time: 751.0, 
            Production Events: 0, 
            Suppression Events: 0
Time: 751.0, 
            Production Events: 0, 
            Suppression Events: 0
Time: 751.51, 
            Production Events: 0, 
            Suppression Events: 1
Time: 752.95, 
            Production Events: 0, 
            Suppression Events: 2
Time: 753.38, 
            Production Events: 0, 
            Suppression Events: 1
Time: 754.04, 
            Production Events: 0, 
            Suppression Events: 1
Time: 758.24, 
            Production Events: 1, 
            Suppression Events: 0
Time: 758.24, 
            Production Events: 0, 
            Suppression Events: 0
Time: 758.24, 
            Production Events: 0, 
            Suppression Events: 0
Time: 758.24, 
            Production Events: 0, 
            Suppression Events: 0
Time: 759.96, 
            Production Events: 0, 
            Suppression Events: 1
Time: 760.22, 
            Production Events: 0, 
            Suppression Events: 1
Time: 761.02, 
            Production Events: 1, 
            Suppression Events: 2
Time: 763.09, 
            Production Events: 2, 
            Suppression Events: 0
Time: 763.09, 
            Production Events: 0, 
            Suppression Events: 0
Time: 764.25, 
            Production Events: 1, 
            Suppression Events: 0
Time: 765.68, 
            Production Events: 0, 
            Suppression Events: 1
Time: 766.67, 
            Production Events: 0, 
            Suppression Events: 1
Time: 774.68, 
            Production Events: 0, 
            Suppression Events: 1
Time: 774.68, 
            Production Events: 0, 
            Suppression Events: 0
Time: 774.68, 
            Production Events: 0, 
            Suppression Events: 0
Time: 774.68, 
            Production Events: 0, 
            Suppression Events: 0
Time: 774.68, 
            Production Events: 0, 
            Suppression Events: 0
Time: 774.68, 
            Production Events: 0, 
            Suppression Events: 0
Time: 774.68, 
            Production Events: 0, 
            Suppression Events: 0
Time: 774.68, 
            Production Events: 0, 
            Suppression Events: 0
Time: 775.63, 
            Production Events: 0, 
            Suppression Events: 2
Time: 776.82, 
            Production Events: 0, 
            Suppression Events: 1
Time: 778.22, 
            Production Events: 0, 
            Suppression Events: 1
Time: 778.22, 
            Production Events: 0, 
            Suppression Events: 0
Time: 779.18, 
            Production Events: 0, 
            Suppression Events: 3
Time: 781.57, 
            Production Events: 1, 
            Suppression Events: 0
Time: 781.57, 
            Production Events: 0, 
            Suppression Events: 0
Time: 783.58, 
            Production Events: 0, 
            Suppression Events: 1
Time: 783.58, 
            Production Events: 0, 
            Suppression Events: 0
Time: 784.41, 
            Production Events: 0, 
            Suppression Events: 2
Time: 787.35, 
            Production Events: 0, 
            Suppression Events: 1
Time: 787.35, 
            Production Events: 0, 
            Suppression Events: 0
Time: 787.35, 
            Production Events: 0, 
            Suppression Events: 0
Time: 788.37, 
            Production Events: 0, 
            Suppression Events: 1
Time: 789.83, 
            Production Events: 0, 
            Suppression Events: 1
Time: 792.51, 
            Production Events: 0, 
            Suppression Events: 1
Time: 792.51, 
            Production Events: 0, 
            Suppression Events: 0
Time: 792.51, 
            Production Events: 0, 
            Suppression Events: 0
Time: 793.54, 
            Production Events: 1, 
            Suppression Events: 2
Time: 795.05, 
            Production Events: 0, 
            Suppression Events: 1
Time: 795.05, 
            Production Events: 0, 
            Suppression Events: 0
Time: 799.18, 
            Production Events: 1, 
            Suppression Events: 2
Time: 799.18, 
            Production Events: 0, 
            Suppression Events: 0
Time: 799.18, 
            Production Events: 0, 
            Suppression Events: 0
Time: 799.18, 
            Production Events: 0, 
            Suppression Events: 0
Time: 800.2, 
            Production Events: 0, 
            Suppression Events: 3
Time: 801.25, 
            Production Events: 1, 
            Suppression Events: 4
Time: 802.83, 
            Production Events: 0, 
            Suppression Events: 1
Time: 803.23, 
            Production Events: 0, 
            Suppression Events: 3
Time: 804.02, 
            Production Events: 0, 
            Suppression Events: 1
Time: 805.14, 
            Production Events: 0, 
            Suppression Events: 3
Time: 807.17, 
            Production Events: 0, 
            Suppression Events: 2
Time: 807.17, 
            Production Events: 0, 
            Suppression Events: 0
Time: 808.13, 
            Production Events: 0, 
            Suppression Events: 1
Time: 810.31, 
            Production Events: 0, 
            Suppression Events: 2
Time: 810.31, 
            Production Events: 0, 
            Suppression Events: 0
Time: 811.75, 
            Production Events: 0, 
            Suppression Events: 2
Time: 812.73, 
            Production Events: 0, 
            Suppression Events: 1
Time: 813.2, 
            Production Events: 0, 
            Suppression Events: 2
Time: 814.56, 
            Production Events: 0, 
            Suppression Events: 2
Time: 817.16, 
            Production Events: 0, 
            Suppression Events: 1
Time: 817.16, 
            Production Events: 0, 
            Suppression Events: 0
Time: 817.16, 
            Production Events: 0, 
            Suppression Events: 0
Time: 818.9, 
            Production Events: 1, 
            Suppression Events: 0
Time: 819.18, 
            Production Events: 0, 
            Suppression Events: 1
Time: 820.22, 
            Production Events: 0, 
            Suppression Events: 1
Time: 825.98, 
            Production Events: 0, 
            Suppression Events: 2
Time: 825.98, 
            Production Events: 0, 
            Suppression Events: 0
Time: 825.98, 
            Production Events: 0, 
            Suppression Events: 0
Time: 825.98, 
            Production Events: 0, 
            Suppression Events: 0
Time: 825.98, 
            Production Events: 0, 
            Suppression Events: 0
Time: 827.17, 
            Production Events: 0, 
            Suppression Events: 1
Time: 827.17, 
            Production Events: 0, 
            Suppression Events: 0
Time: 828.38, 
            Production Events: 0, 
            Suppression Events: 1
Time: 829.65, 
            Production Events: 0, 
            Suppression Events: 2
Time: 832.05, 
            Production Events: 0, 
            Suppression Events: 1
Time: 832.05, 
            Production Events: 0, 
            Suppression Events: 0
Time: 832.05, 
            Production Events: 0, 
            Suppression Events: 0
Time: 833.5, 
            Production Events: 0, 
            Suppression Events: 2
Time: 834.29, 
            Production Events: 0, 
            Suppression Events: 1
Time: 836.06, 
            Production Events: 0, 
            Suppression Events: 1
Time: 836.06, 
            Production Events: 0, 
            Suppression Events: 0
Time: 840.36, 
            Production Events: 0, 
            Suppression Events: 3
Time: 840.36, 
            Production Events: 0, 
            Suppression Events: 0
Time: 840.36, 
            Production Events: 0, 
            Suppression Events: 0
Time: 840.36, 
            Production Events: 0, 
            Suppression Events: 0
Time: 842.18, 
            Production Events: 0, 
            Suppression Events: 1
Time: 842.18, 
            Production Events: 0, 
            Suppression Events: 0
Time: 843.8, 
            Production Events: 1, 
            Suppression Events: 1
Time: 844.08, 
            Production Events: 0, 
            Suppression Events: 1
Time: 845.73, 
            Production Events: 0, 
            Suppression Events: 1
Time: 848.44, 
            Production Events: 0, 
            Suppression Events: 1
Time: 848.44, 
            Production Events: 0, 
            Suppression Events: 0
Time: 848.44, 
            Production Events: 0, 
            Suppression Events: 0
Time: 850.63, 
            Production Events: 0, 
            Suppression Events: 2
Time: 850.63, 
            Production Events: 0, 
            Suppression Events: 0
Time: 851.12, 
            Production Events: 1, 
            Suppression Events: 0
Time: 853.35, 
            Production Events: 0, 
            Suppression Events: 3
Time: 853.35, 
            Production Events: 0, 
            Suppression Events: 0
Time: 856.61, 
            Production Events: 0, 
            Suppression Events: 1
Time: 856.61, 
            Production Events: 0, 
            Suppression Events: 0
Time: 856.61, 
            Production Events: 0, 
            Suppression Events: 0
Time: 857.78, 
            Production Events: 1, 
            Suppression Events: 1
Time: 858.77, 
            Production Events: 1, 
            Suppression Events: 0
Time: 859.48, 
            Production Events: 0, 
            Suppression Events: 2
Time: 862.04, 
            Production Events: 0, 
            Suppression Events: 1
Time: 862.04, 
            Production Events: 0, 
            Suppression Events: 0
Time: 862.04, 
            Production Events: 0, 
            Suppression Events: 0
Time: 863.56, 
            Production Events: 0, 
            Suppression Events: 4
Time: 864.44, 
            Production Events: 0, 
            Suppression Events: 2
Time: 866.68, 
            Production Events: 0, 
            Suppression Events: 2
Time: 866.68, 
            Production Events: 0, 
            Suppression Events: 0
Time: 867.69, 
            Production Events: 0, 
            Suppression Events: 1
Time: 870.06, 
            Production Events: 0, 
            Suppression Events: 1
Time: 870.06, 
            Production Events: 0, 
            Suppression Events: 0
Time: 870.06, 
            Production Events: 0, 
            Suppression Events: 0
Time: 871.11, 
            Production Events: 0, 
            Suppression Events: 2
Time: 872.95, 
            Production Events: 0, 
            Suppression Events: 1
Time: 873.14, 
            Production Events: 0, 
            Suppression Events: 1
Time: 874.36, 
            Production Events: 0, 
            Suppression Events: 2
Time: 875.42, 
            Production Events: 0, 
            Suppression Events: 1
Time: 876.1, 
            Production Events: 0, 
            Suppression Events: 2
Time: 877.78, 
            Production Events: 0, 
            Suppression Events: 1
Time: 878.36, 
            Production Events: 0, 
            Suppression Events: 2
Time: 880.33, 
            Production Events: 0, 
            Suppression Events: 1
Time: 880.33, 
            Production Events: 0, 
            Suppression Events: 0
Time: 882.24, 
            Production Events: 0, 
            Suppression Events: 2
Time: 882.24, 
            Production Events: 0, 
            Suppression Events: 0
Time: 883.61, 
            Production Events: 0, 
            Suppression Events: 1
Time: 884.42, 
            Production Events: 0, 
            Suppression Events: 2
Time: 885.25, 
            Production Events: 0, 
            Suppression Events: 2
Time: 886.67, 
            Production Events: 0, 
            Suppression Events: 1
Time: 887.13, 
            Production Events: 0, 
            Suppression Events: 1
Time: 889.35, 
            Production Events: 0, 
            Suppression Events: 1
Time: 889.35, 
            Production Events: 0, 
            Suppression Events: 0
Time: 891.76, 
            Production Events: 0, 
            Suppression Events: 1
Time: 891.76, 
            Production Events: 0, 
            Suppression Events: 0
Time: 893.52, 
            Production Events: 0, 
            Suppression Events: 3
Time: 893.52, 
            Production Events: 0, 
            Suppression Events: 0
Time: 894.13, 
            Production Events: 0, 
            Suppression Events: 1
Time: 895.69, 
            Production Events: 0, 
            Suppression Events: 2
Time: 897.86, 
            Production Events: 0, 
            Suppression Events: 1
Time: 897.86, 
            Production Events: 0, 
            Suppression Events: 0
Time: 898.27, 
            Production Events: 0, 
            Suppression Events: 1
Time: 900.15, 
            Production Events: 2, 
            Suppression Events: 0
Time: 900.15, 
            Production Events: 0, 
            Suppression Events: 0
Time: 901.87, 
            Production Events: 0, 
            Suppression Events: 4
Time: 902.63, 
            Production Events: 0, 
            Suppression Events: 1
Time: 903.84, 
            Production Events: 1, 
            Suppression Events: 0
Time: 907.29, 
            Production Events: 0, 
            Suppression Events: 1
Time: 907.29, 
            Production Events: 0, 
            Suppression Events: 0
Time: 907.29, 
            Production Events: 0, 
            Suppression Events: 0
Time: 907.29, 
            Production Events: 0, 
            Suppression Events: 0
Time: 908.19, 
            Production Events: 2, 
            Suppression Events: 1
Time: 910.06, 
            Production Events: 0, 
            Suppression Events: 1
Time: 910.06, 
            Production Events: 0, 
            Suppression Events: 0
Time: 911.13, 
            Production Events: 0, 
            Suppression Events: 1
Time: 912.78, 
            Production Events: 0, 
            Suppression Events: 1
Time: 913.4, 
            Production Events: 0, 
            Suppression Events: 1
Time: 915.34, 
            Production Events: 0, 
            Suppression Events: 1
Time: 915.34, 
            Production Events: 0, 
            Suppression Events: 0
Time: 916.07, 
            Production Events: 0, 
            Suppression Events: 1
Time: 917.27, 
            Production Events: 0, 
            Suppression Events: 2
Time: 918.2, 
            Production Events: 0, 
            Suppression Events: 3
Time: 920.95, 
            Production Events: 0, 
            Suppression Events: 3
Time: 920.95, 
            Production Events: 0, 
            Suppression Events: 0
Time: 922.21, 
            Production Events: 0, 
            Suppression Events: 1
Time: 922.21, 
            Production Events: 0, 
            Suppression Events: 0
Time: 923.52, 
            Production Events: 0, 
            Suppression Events: 1
Time: 924.66, 
            Production Events: 0, 
            Suppression Events: 2
Time: 925.93, 
            Production Events: 0, 
            Suppression Events: 2
Time: 927.35, 
            Production Events: 0, 
            Suppression Events: 1
Time: 927.35, 
            Production Events: 0, 
            Suppression Events: 0
Time: 928.2, 
            Production Events: 0, 
            Suppression Events: 3
Time: 930.88, 
            Production Events: 1, 
            Suppression Events: 1
Time: 930.88, 
            Production Events: 0, 
            Suppression Events: 0
Time: 931.37, 
            Production Events: 0, 
            Suppression Events: 1
Time: 932.39, 
            Production Events: 0, 
            Suppression Events: 1
Time: 933.07, 
            Production Events: 0, 
            Suppression Events: 1
Time: 934.49, 
            Production Events: 0, 
            Suppression Events: 2
Time: 935.42, 
            Production Events: 0, 
            Suppression Events: 1
Time: 936.16, 
            Production Events: 0, 
            Suppression Events: 1
Time: 937.74, 
            Production Events: 0, 
            Suppression Events: 2
Time: 938.98, 
            Production Events: 0, 
            Suppression Events: 1
Time: 940.24, 
            Production Events: 0, 
            Suppression Events: 1
Time: 940.24, 
            Production Events: 0, 
            Suppression Events: 0
Time: 941.45, 
            Production Events: 0, 
            Suppression Events: 2
Time: 943.15, 
            Production Events: 0, 
            Suppression Events: 2
Time: 943.15, 
            Production Events: 0, 
            Suppression Events: 0
Time: 944.56, 
            Production Events: 0, 
            Suppression Events: 3
Time: 945.56, 
            Production Events: 0, 
            Suppression Events: 1
Time: 946.07, 
            Production Events: 0, 
            Suppression Events: 1
Time: 947.07, 
            Production Events: 0, 
            Suppression Events: 1
Time: 949.69, 
            Production Events: 0, 
            Suppression Events: 2
Time: 949.69, 
            Production Events: 0, 
            Suppression Events: 0
Time: 951.78, 
            Production Events: 1, 
            Suppression Events: 0
Time: 951.78, 
            Production Events: 0, 
            Suppression Events: 0
Time: 952.24, 
            Production Events: 0, 
            Suppression Events: 1
Time: 953.83, 
            Production Events: 0, 
            Suppression Events: 2
Time: 954.18, 
            Production Events: 1, 
            Suppression Events: 1
Time: 955.27, 
            Production Events: 0, 
            Suppression Events: 2
Time: 956.17, 
            Production Events: 0, 
            Suppression Events: 1
Time: 958.09, 
            Production Events: 0, 
            Suppression Events: 2
Time: 958.09, 
            Production Events: 0, 
            Suppression Events: 0
Time: 960.53, 
            Production Events: 0, 
            Suppression Events: 1
Time: 960.53, 
            Production Events: 0, 
            Suppression Events: 0
Time: 962.12, 
            Production Events: 0, 
            Suppression Events: 1
Time: 962.12, 
            Production Events: 0, 
            Suppression Events: 0
Time: 963.22, 
            Production Events: 0, 
            Suppression Events: 3
Time: 964.37, 
            Production Events: 0, 
            Suppression Events: 2
Time: 965.15, 
            Production Events: 0, 
            Suppression Events: 3
Time: 966.15, 
            Production Events: 0, 
            Suppression Events: 2
Time: 968.41, 
            Production Events: 0, 
            Suppression Events: 2
Time: 968.41, 
            Production Events: 0, 
            Suppression Events: 0
Time: 971.06, 
            Production Events: 1, 
            Suppression Events: 2
Time: 971.06, 
            Production Events: 0, 
            Suppression Events: 0
Time: 971.06, 
            Production Events: 0, 
            Suppression Events: 0
Time: 972.07, 
            Production Events: 0, 
            Suppression Events: 2
Time: 974.85, 
            Production Events: 0, 
            Suppression Events: 3
Time: 974.85, 
            Production Events: 0, 
            Suppression Events: 0
Time: 976.13, 
            Production Events: 0, 
            Suppression Events: 1
Time: 976.13, 
            Production Events: 0, 
            Suppression Events: 0
Time: 977.04, 
            Production Events: 0, 
            Suppression Events: 1
Time: 978.04, 
            Production Events: 0, 
            Suppression Events: 4
Time: 979.83, 
            Production Events: 0, 
            Suppression Events: 1
Time: 981.24, 
            Production Events: 1, 
            Suppression Events: 1
Time: 981.24, 
            Production Events: 0, 
            Suppression Events: 0
Time: 982.43, 
            Production Events: 0, 
            Suppression Events: 1
Time: 984.3, 
            Production Events: 0, 
            Suppression Events: 1
Time: 984.3, 
            Production Events: 0, 
            Suppression Events: 0
Time: 985.18, 
            Production Events: 0, 
            Suppression Events: 3
Time: 987.23, 
            Production Events: 0, 
            Suppression Events: 1
Time: 987.23, 
            Production Events: 0, 
            Suppression Events: 0
Time: 989.35, 
            Production Events: 0, 
            Suppression Events: 2
Time: 989.35, 
            Production Events: 0, 
            Suppression Events: 0
Time: 990.36, 
            Production Events: 0, 
            Suppression Events: 1
Time: 991.01, 
            Production Events: 0, 
            Suppression Events: 2
Time: 995.3, 
            Production Events: 0, 
            Suppression Events: 3
Time: 995.3, 
            Production Events: 0, 
            Suppression Events: 0
Time: 995.3, 
            Production Events: 0, 
            Suppression Events: 0
Time: 995.3, 
            Production Events: 0, 
            Suppression Events: 0
Time: 996.34, 
            Production Events: 0, 
            Suppression Events: 1
Time: 997.58, 
            Production Events: 1, 
            Suppression Events: 0
Time: 1000.98, 
            Production Events: 0, 
            Suppression Events: 1
Time: 1000.98, 
            Production Events: 0, 
            Suppression Events: 0
Time: 1000.98, 
            Production Events: 0, 
            Suppression Events: 0
Simulation completed:
  Final time: 1000.9829129064137
  Total events: 1037
  Wall time: 11001.72 seconds

Saving simulation results with clean separation...
Task evolution saved to: 5t5b/5t5b_mfcsb/data/param_158_rep_1_2025-11-21_183737/states.csv
Events saved to: 5t5b/5t5b_mfcsb/data/param_158_rep_1_2025-11-21_183737/events.csv
Saving event log (raw and DataFrame)...
log DataFrame size: (1042, 9)
short view:
59 DataFrame
 Row  time     bee1_id  bee2_id  task_id  task_1   task_2   task_3     task_4 
      Float64  Int64    Int64    Int64    Float64  Float64  Float64    Float6 

   1      0.0        1        0        0   0.0475   0.094   0.0705286   0.077 
   2      0.0        2        0        0   0.0901   0.1045  0.0933082   0.101
   3      0.0        3        0        0   0.1169   0.0998  0.0959972   0.118
   4      0.0        4        0        0   0.0899   0.0989  0.158459    0.120
   5      0.0        5        0        0   0.1688   0.0958  0.0806315   0.121 
                                                               2 columns omittedEvent log saved to: 5t5b/5t5b_mfcsb/data/param_158_rep_1_2025-11-21_183737/event_log.json
Event log DataFrame saved to: 5t5b/5t5b_mfcsb/data/param_158_rep_1_2025-11-21_183737/event_log.csv
Metadata and configuration saved to: 5t5b/5t5b_mfcsb/data/param_158_rep_1_2025-11-21_183737/config.json
Task index mapping saved to: 5t5b/5t5b_mfcsb/data/param_158_rep_1_2025-11-21_183737/task_index_mapping.json
All results saved to directory: 5t5b/5t5b_mfcsb/data/param_158_rep_1_2025-11-21_183737
Simulation completed successfully!
Job finished at: Fri Nov 21 09:41:39 PM CET 2025
