Job array started at: Fri Nov 21 06:28:46 PM CET 2025
Job ID: 10862106
Array Job ID: 10860410
Array Task ID: 149
Node: th-ws-7010m19
Loading Julia module...
Module loaded: /software/opt/el_9/x86_64/julia/1.11.3/bin/julia
Changing to project directory...
Current directory: /scratch/n/N.Pfaffenzeller/nikolas_nethive/nethive_multiverse
Running parameter combination 149, replicate 1
Starting Julia simulation...
Running simulation with the following configuration:
  dataset_names: [:mnist, :cifar10, :svhn2, :fashion_mnist, :bank]
  param_id: 149
  n_bees: 5
  batch_size: 32
  replicate_id: 1
  punish_rate: 0.1
  punishment: time_out
  lambda_sensitivity: 100
  save_nn_epochs: 0
  production_rate: 1
  interaction_rate: 50
  batches_per_step: 50
  learning_rate: 0.0001
  max_output_dim: 10
  n_steps_per_epoch: 1
  dead_time: 10
  max_input_dim: 3072
  n_epochs: 1000
  seed: 1130154042

Starting simulation with configuration:
  dataset_names: [:mnist, :cifar10, :svhn2, :fashion_mnist, :bank]
  param_id: 149
  n_bees: 5
  batch_size: 32
  replicate_id: 1
  punish_rate: 0.1
  punishment: time_out
  lambda_sensitivity: 100
  save_nn_epochs: 0
  production_rate: 1
  interaction_rate: 50
  batches_per_step: 50
  run_timestamp: 2025-11-21T18:29:16.294
  learning_rate: 0.0001
  max_output_dim: 10
  n_steps_per_epoch: 1
  dead_time: 10
  max_input_dim: 3072
  n_epochs: 1000
  seed: 1130154042
Random seed: 1130154042

Starting simulation...
Time: 1.24, 
            Production Events: 1, 
            Suppression Events: 2
Time: 3.39, 
            Production Events: 0, 
            Suppression Events: 1
Time: 3.39, 
            Production Events: 0, 
            Suppression Events: 0
Time: 4.66, 
            Production Events: 0, 
            Suppression Events: 1
Time: 6.07, 
            Production Events: 1, 
            Suppression Events: 1
Time: 6.07, 
            Production Events: 0, 
            Suppression Events: 0
Time: 7.82, 
            Production Events: 0, 
            Suppression Events: 1
Time: 8.13, 
            Production Events: 0, 
            Suppression Events: 1
Time: 10.03, 
            Production Events: 2, 
            Suppression Events: 0
Time: 10.03, 
            Production Events: 0, 
            Suppression Events: 0
Time: 12.87, 
            Production Events: 1, 
            Suppression Events: 1
Time: 12.87, 
            Production Events: 0, 
            Suppression Events: 0
Time: 13.47, 
            Production Events: 0, 
            Suppression Events: 1
Time: 14.03, 
            Production Events: 0, 
            Suppression Events: 2
Time: 15.27, 
            Production Events: 0, 
            Suppression Events: 3
Time: 17.51, 
            Production Events: 1, 
            Suppression Events: 0
Time: 17.51, 
            Production Events: 0, 
            Suppression Events: 0
Time: 18.19, 
            Production Events: 1, 
            Suppression Events: 1
Time: 20.58, 
            Production Events: 0, 
            Suppression Events: 2
Time: 20.58, 
            Production Events: 0, 
            Suppression Events: 0
Time: 21.96, 
            Production Events: 0, 
            Suppression Events: 1
Time: 23.38, 
            Production Events: 0, 
            Suppression Events: 1
Time: 23.38, 
            Production Events: 0, 
            Suppression Events: 0
Time: 24.83, 
            Production Events: 0, 
            Suppression Events: 1
Time: 27.62, 
            Production Events: 0, 
            Suppression Events: 1
Time: 27.62, 
            Production Events: 0, 
            Suppression Events: 0
Time: 27.62, 
            Production Events: 0, 
            Suppression Events: 0
Time: 29.62, 
            Production Events: 0, 
            Suppression Events: 1
Time: 29.62, 
            Production Events: 0, 
            Suppression Events: 0
Time: 30.31, 
            Production Events: 1, 
            Suppression Events: 2
Time: 32.54, 
            Production Events: 0, 
            Suppression Events: 2
Time: 32.54, 
            Production Events: 0, 
            Suppression Events: 0
Time: 33.18, 
            Production Events: 0, 
            Suppression Events: 2
Time: 35.66, 
            Production Events: 1, 
            Suppression Events: 3
Time: 35.66, 
            Production Events: 0, 
            Suppression Events: 0
Time: 36.7, 
            Production Events: 0, 
            Suppression Events: 2
Time: 37.14, 
            Production Events: 0, 
            Suppression Events: 1
Time: 38.26, 
            Production Events: 0, 
            Suppression Events: 2
Time: 40.2, 
            Production Events: 1, 
            Suppression Events: 0
Time: 40.2, 
            Production Events: 0, 
            Suppression Events: 0
Time: 41.02, 
            Production Events: 0, 
            Suppression Events: 3
Time: 42.51, 
            Production Events: 0, 
            Suppression Events: 2
Time: 43.18, 
            Production Events: 1, 
            Suppression Events: 0
Time: 44.14, 
            Production Events: 1, 
            Suppression Events: 3
Time: 45.6, 
            Production Events: 0, 
            Suppression Events: 2
Time: 47.14, 
            Production Events: 0, 
            Suppression Events: 1
Time: 47.14, 
            Production Events: 0, 
            Suppression Events: 0
Time: 49.66, 
            Production Events: 1, 
            Suppression Events: 1
Time: 49.66, 
            Production Events: 0, 
            Suppression Events: 0
Time: 50.34, 
            Production Events: 0, 
            Suppression Events: 1
Time: 51.03, 
            Production Events: 0, 
            Suppression Events: 2
Time: 52.19, 
            Production Events: 0, 
            Suppression Events: 1
Time: 53.87, 
            Production Events: 0, 
            Suppression Events: 1
Time: 54.27, 
            Production Events: 0, 
            Suppression Events: 1
Time: 55.33, 
            Production Events: 0, 
            Suppression Events: 1
Time: 56.79, 
            Production Events: 0, 
            Suppression Events: 3
Time: 57.1, 
            Production Events: 0, 
            Suppression Events: 1
Time: 59.63, 
            Production Events: 0, 
            Suppression Events: 2
Time: 59.63, 
            Production Events: 0, 
            Suppression Events: 0
Time: 60.01, 
            Production Events: 0, 
            Suppression Events: 1
Time: 62.74, 
            Production Events: 1, 
            Suppression Events: 1
Time: 62.74, 
            Production Events: 0, 
            Suppression Events: 0
Time: 63.24, 
            Production Events: 0, 
            Suppression Events: 1
Time: 68.71, 
            Production Events: 0, 
            Suppression Events: 3
Time: 68.71, 
            Production Events: 0, 
            Suppression Events: 0
Time: 68.71, 
            Production Events: 0, 
            Suppression Events: 0
Time: 68.71, 
            Production Events: 0, 
            Suppression Events: 0
Time: 68.71, 
            Production Events: 0, 
            Suppression Events: 0
Time: 69.39, 
            Production Events: 0, 
            Suppression Events: 1
Time: 74.42, 
            Production Events: 0, 
            Suppression Events: 1
Time: 74.42, 
            Production Events: 0, 
            Suppression Events: 0
Time: 74.42, 
            Production Events: 0, 
            Suppression Events: 0
Time: 74.42, 
            Production Events: 0, 
            Suppression Events: 0
Time: 74.42, 
            Production Events: 0, 
            Suppression Events: 0
Time: 75.51, 
            Production Events: 1, 
            Suppression Events: 2
Time: 76.22, 
            Production Events: 1, 
            Suppression Events: 0
Time: 79.04, 
            Production Events: 0, 
            Suppression Events: 4
Time: 79.04, 
            Production Events: 0, 
            Suppression Events: 0
Time: 79.04, 
            Production Events: 0, 
            Suppression Events: 0
Time: 81.19, 
            Production Events: 0, 
            Suppression Events: 3
Time: 81.19, 
            Production Events: 0, 
            Suppression Events: 0
Time: 84.88, 
            Production Events: 1, 
            Suppression Events: 0
Time: 84.88, 
            Production Events: 0, 
            Suppression Events: 0
Time: 84.88, 
            Production Events: 0, 
            Suppression Events: 0
Time: 85.47, 
            Production Events: 1, 
            Suppression Events: 1
Time: 86.06, 
            Production Events: 0, 
            Suppression Events: 1
Time: 88.46, 
            Production Events: 0, 
            Suppression Events: 2
Time: 88.46, 
            Production Events: 0, 
            Suppression Events: 0
Time: 89.46, 
            Production Events: 1, 
            Suppression Events: 0
Time: 91.37, 
            Production Events: 0, 
            Suppression Events: 2
Time: 91.37, 
            Production Events: 0, 
            Suppression Events: 0
Time: 97.39, 
            Production Events: 0, 
            Suppression Events: 1
Time: 97.39, 
            Production Events: 0, 
            Suppression Events: 0
Time: 97.39, 
            Production Events: 0, 
            Suppression Events: 0
Time: 97.39, 
            Production Events: 0, 
            Suppression Events: 0
Time: 97.39, 
            Production Events: 0, 
            Suppression Events: 0
Time: 97.39, 
            Production Events: 0, 
            Suppression Events: 0
Time: 98.85, 
            Production Events: 1, 
            Suppression Events: 0
Time: 99.53, 
            Production Events: 0, 
            Suppression Events: 1
Time: 100.3, 
            Production Events: 0, 
            Suppression Events: 2
Time: 101.08, 
            Production Events: 1, 
            Suppression Events: 1
Time: 102.59, 
            Production Events: 0, 
            Suppression Events: 1
Time: 103.05, 
            Production Events: 0, 
            Suppression Events: 3
Time: 105.13, 
            Production Events: 1, 
            Suppression Events: 1
Time: 105.13, 
            Production Events: 0, 
            Suppression Events: 0
Time: 107.27, 
            Production Events: 0, 
            Suppression Events: 1
Time: 107.27, 
            Production Events: 0, 
            Suppression Events: 0
Time: 108.71, 
            Production Events: 0, 
            Suppression Events: 2
Time: 113.17, 
            Production Events: 1, 
            Suppression Events: 1
Time: 113.17, 
            Production Events: 0, 
            Suppression Events: 0
Time: 113.17, 
            Production Events: 0, 
            Suppression Events: 0
Time: 113.17, 
            Production Events: 0, 
            Suppression Events: 0
Time: 113.17, 
            Production Events: 0, 
            Suppression Events: 0
Time: 114.09, 
            Production Events: 0, 
            Suppression Events: 1
Time: 115.16, 
            Production Events: 0, 
            Suppression Events: 2
Time: 116.05, 
            Production Events: 0, 
            Suppression Events: 2
Time: 117.08, 
            Production Events: 1, 
            Suppression Events: 1
Time: 118.2, 
            Production Events: 0, 
            Suppression Events: 4
Time: 120.36, 
            Production Events: 0, 
            Suppression Events: 1
Time: 120.36, 
            Production Events: 0, 
            Suppression Events: 0
Time: 121.83, 
            Production Events: 0, 
            Suppression Events: 3
Time: 122.08, 
            Production Events: 0, 
            Suppression Events: 1
Time: 124.66, 
            Production Events: 0, 
            Suppression Events: 2
Time: 124.66, 
            Production Events: 0, 
            Suppression Events: 0
Time: 125.11, 
            Production Events: 0, 
            Suppression Events: 1
Time: 126.35, 
            Production Events: 1, 
            Suppression Events: 2
Time: 128.12, 
            Production Events: 1, 
            Suppression Events: 0
Time: 128.12, 
            Production Events: 0, 
            Suppression Events: 0
Time: 129.79, 
            Production Events: 0, 
            Suppression Events: 1
Time: 130.29, 
            Production Events: 0, 
            Suppression Events: 1
Time: 131.73, 
            Production Events: 0, 
            Suppression Events: 2
Time: 133.02, 
            Production Events: 0, 
            Suppression Events: 1
Time: 133.02, 
            Production Events: 0, 
            Suppression Events: 0
Time: 134.1, 
            Production Events: 0, 
            Suppression Events: 1
Time: 135.19, 
            Production Events: 0, 
            Suppression Events: 2
Time: 137.77, 
            Production Events: 0, 
            Suppression Events: 1
Time: 137.77, 
            Production Events: 0, 
            Suppression Events: 0
Time: 139.12, 
            Production Events: 0, 
            Suppression Events: 1
Time: 139.12, 
            Production Events: 0, 
            Suppression Events: 0
Time: 140.74, 
            Production Events: 1, 
            Suppression Events: 1
Time: 141.41, 
            Production Events: 1, 
            Suppression Events: 0
Time: 142.28, 
            Production Events: 0, 
            Suppression Events: 1
Time: 143.95, 
            Production Events: 0, 
            Suppression Events: 2
Time: 145.35, 
            Production Events: 0, 
            Suppression Events: 1
Time: 145.35, 
            Production Events: 0, 
            Suppression Events: 0
Time: 146.3, 
            Production Events: 0, 
            Suppression Events: 2
Time: 149.42, 
            Production Events: 0, 
            Suppression Events: 2
Time: 149.42, 
            Production Events: 0, 
            Suppression Events: 0
Time: 149.42, 
            Production Events: 0, 
            Suppression Events: 0
Time: 150.17, 
            Production Events: 2, 
            Suppression Events: 1
Time: 151.3, 
            Production Events: 1, 
            Suppression Events: 0
Time: 152.94, 
            Production Events: 0, 
            Suppression Events: 2
Time: 153.05, 
            Production Events: 0, 
            Suppression Events: 1
Time: 154.13, 
            Production Events: 0, 
            Suppression Events: 4
Time: 155.35, 
            Production Events: 0, 
            Suppression Events: 1
Time: 156.44, 
            Production Events: 0, 
            Suppression Events: 2
Time: 158.45, 
            Production Events: 0, 
            Suppression Events: 1
Time: 158.45, 
            Production Events: 0, 
            Suppression Events: 0
Time: 159.45, 
            Production Events: 0, 
            Suppression Events: 2
Time: 160.26, 
            Production Events: 0, 
            Suppression Events: 1
Time: 161.54, 
            Production Events: 0, 
            Suppression Events: 1
Time: 162.34, 
            Production Events: 0, 
            Suppression Events: 1
Time: 164.0, 
            Production Events: 0, 
            Suppression Events: 2
Time: 164.0, 
            Production Events: 0, 
            Suppression Events: 1
Time: 165.79, 
            Production Events: 1, 
            Suppression Events: 2
Time: 167.17, 
            Production Events: 1, 
            Suppression Events: 0
Time: 167.17, 
            Production Events: 0, 
            Suppression Events: 0
Time: 168.26, 
            Production Events: 1, 
            Suppression Events: 0
Time: 170.36, 
            Production Events: 0, 
            Suppression Events: 2
Time: 170.36, 
            Production Events: 0, 
            Suppression Events: 0
Time: 171.38, 
            Production Events: 0, 
            Suppression Events: 2
Time: 172.94, 
            Production Events: 0, 
            Suppression Events: 1
Time: 173.03, 
            Production Events: 0, 
            Suppression Events: 1
Time: 174.15, 
            Production Events: 0, 
            Suppression Events: 3
Time: 177.09, 
            Production Events: 0, 
            Suppression Events: 1
Time: 177.09, 
            Production Events: 0, 
            Suppression Events: 0
Time: 177.09, 
            Production Events: 0, 
            Suppression Events: 0
Time: 178.14, 
            Production Events: 1, 
            Suppression Events: 3
Time: 179.35, 
            Production Events: 0, 
            Suppression Events: 2
Time: 180.94, 
            Production Events: 0, 
            Suppression Events: 2
Time: 181.47, 
            Production Events: 1, 
            Suppression Events: 0
Time: 183.1, 
            Production Events: 0, 
            Suppression Events: 1
Time: 183.1, 
            Production Events: 0, 
            Suppression Events: 0
Time: 184.15, 
            Production Events: 1, 
            Suppression Events: 1
Time: 185.28, 
            Production Events: 1, 
            Suppression Events: 2
Time: 186.47, 
            Production Events: 0, 
            Suppression Events: 2
Time: 187.3, 
            Production Events: 0, 
            Suppression Events: 1
Time: 188.46, 
            Production Events: 0, 
            Suppression Events: 1
Time: 193.14, 
            Production Events: 0, 
            Suppression Events: 1
Time: 193.14, 
            Production Events: 0, 
            Suppression Events: 0
Time: 193.14, 
            Production Events: 0, 
            Suppression Events: 0
Time: 193.14, 
            Production Events: 0, 
            Suppression Events: 0
Time: 193.14, 
            Production Events: 0, 
            Suppression Events: 0
Time: 194.46, 
            Production Events: 0, 
            Suppression Events: 1
Time: 195.14, 
            Production Events: 0, 
            Suppression Events: 1
Time: 196.53, 
            Production Events: 1, 
            Suppression Events: 1
Time: 199.33, 
            Production Events: 0, 
            Suppression Events: 3
Time: 199.33, 
            Production Events: 0, 
            Suppression Events: 0
Time: 199.33, 
            Production Events: 0, 
            Suppression Events: 0
Time: 205.15, 
            Production Events: 0, 
            Suppression Events: 1
Time: 205.15, 
            Production Events: 0, 
            Suppression Events: 0
Time: 205.15, 
            Production Events: 0, 
            Suppression Events: 0
Time: 205.15, 
            Production Events: 0, 
            Suppression Events: 0
Time: 205.15, 
            Production Events: 0, 
            Suppression Events: 0
Time: 205.15, 
            Production Events: 0, 
            Suppression Events: 0
Time: 206.15, 
            Production Events: 0, 
            Suppression Events: 2
Time: 210.16, 
            Production Events: 0, 
            Suppression Events: 1
Time: 210.16, 
            Production Events: 0, 
            Suppression Events: 0
Time: 210.16, 
            Production Events: 0, 
            Suppression Events: 0
Time: 210.16, 
            Production Events: 0, 
            Suppression Events: 0
Time: 211.14, 
            Production Events: 1, 
            Suppression Events: 1
Time: 212.12, 
            Production Events: 0, 
            Suppression Events: 1
Time: 214.29, 
            Production Events: 0, 
            Suppression Events: 1
Time: 214.29, 
            Production Events: 0, 
            Suppression Events: 0
Time: 215.33, 
            Production Events: 0, 
            Suppression Events: 1
Time: 217.07, 
            Production Events: 0, 
            Suppression Events: 1
Time: 217.07, 
            Production Events: 0, 
            Suppression Events: 0
Time: 218.21, 
            Production Events: 0, 
            Suppression Events: 1
Time: 219.92, 
            Production Events: 0, 
            Suppression Events: 1
Time: 220.91, 
            Production Events: 0, 
            Suppression Events: 1
Time: 221.01, 
            Production Events: 0, 
            Suppression Events: 1
Time: 222.7, 
            Production Events: 0, 
            Suppression Events: 3
Time: 227.43, 
            Production Events: 0, 
            Suppression Events: 2
Time: 227.43, 
            Production Events: 0, 
            Suppression Events: 0
Time: 227.43, 
            Production Events: 0, 
            Suppression Events: 0
Time: 227.43, 
            Production Events: 0, 
            Suppression Events: 0
Time: 227.43, 
            Production Events: 0, 
            Suppression Events: 0
Time: 228.07, 
            Production Events: 1, 
            Suppression Events: 0
Time: 230.01, 
            Production Events: 0, 
            Suppression Events: 3
Time: 230.01, 
            Production Events: 0, 
            Suppression Events: 0
Time: 231.42, 
            Production Events: 0, 
            Suppression Events: 3
Time: 232.25, 
            Production Events: 1, 
            Suppression Events: 0
Time: 237.81, 
            Production Events: 1, 
            Suppression Events: 0
Time: 237.81, 
            Production Events: 0, 
            Suppression Events: 0
Time: 237.81, 
            Production Events: 0, 
            Suppression Events: 0
Time: 237.81, 
            Production Events: 0, 
            Suppression Events: 0
Time: 237.81, 
            Production Events: 0, 
            Suppression Events: 0
Time: 240.04, 
            Production Events: 0, 
            Suppression Events: 1
Time: 240.04, 
            Production Events: 0, 
            Suppression Events: 0
Time: 240.04, 
            Production Events: 0, 
            Suppression Events: 0
Time: 241.12, 
            Production Events: 0, 
            Suppression Events: 3
Time: 242.82, 
            Production Events: 1, 
            Suppression Events: 2
Time: 245.77, 
            Production Events: 1, 
            Suppression Events: 1
Time: 245.77, 
            Production Events: 0, 
            Suppression Events: 0
Time: 245.77, 
            Production Events: 0, 
            Suppression Events: 0
Time: 246.32, 
            Production Events: 0, 
            Suppression Events: 1
Time: 247.68, 
            Production Events: 0, 
            Suppression Events: 1
Time: 249.68, 
            Production Events: 1, 
            Suppression Events: 1
Time: 249.68, 
            Production Events: 0, 
            Suppression Events: 0
Time: 250.38, 
            Production Events: 0, 
            Suppression Events: 1
Time: 251.19, 
            Production Events: 0, 
            Suppression Events: 1
Time: 253.96, 
            Production Events: 0, 
            Suppression Events: 1
Time: 253.96, 
            Production Events: 0, 
            Suppression Events: 0
Time: 254.63, 
            Production Events: 0, 
            Suppression Events: 1
Time: 255.29, 
            Production Events: 1, 
            Suppression Events: 0
Time: 256.56, 
            Production Events: 0, 
            Suppression Events: 2
Time: 258.7, 
            Production Events: 0, 
            Suppression Events: 1
Time: 258.7, 
            Production Events: 0, 
            Suppression Events: 0
Time: 266.1, 
            Production Events: 0, 
            Suppression Events: 1
Time: 266.1, 
            Production Events: 0, 
            Suppression Events: 0
Time: 266.1, 
            Production Events: 0, 
            Suppression Events: 0
Time: 266.1, 
            Production Events: 0, 
            Suppression Events: 0
Time: 266.1, 
            Production Events: 0, 
            Suppression Events: 0
Time: 266.1, 
            Production Events: 0, 
            Suppression Events: 0
Time: 266.1, 
            Production Events: 0, 
            Suppression Events: 0
Time: 266.1, 
            Production Events: 0, 
            Suppression Events: 0
Time: 271.53, 
            Production Events: 0, 
            Suppression Events: 1
Time: 271.53, 
            Production Events: 0, 
            Suppression Events: 0
Time: 271.53, 
            Production Events: 0, 
            Suppression Events: 0
Time: 271.53, 
            Production Events: 0, 
            Suppression Events: 0
Time: 271.53, 
            Production Events: 0, 
            Suppression Events: 0
Time: 272.8, 
            Production Events: 1, 
            Suppression Events: 1
Time: 273.7, 
            Production Events: 0, 
            Suppression Events: 1
Time: 275.41, 
            Production Events: 0, 
            Suppression Events: 1
Time: 275.41, 
            Production Events: 0, 
            Suppression Events: 0
Time: 276.01, 
            Production Events: 0, 
            Suppression Events: 1
Time: 277.03, 
            Production Events: 0, 
            Suppression Events: 3
Time: 281.76, 
            Production Events: 0, 
            Suppression Events: 1
Time: 281.76, 
            Production Events: 0, 
            Suppression Events: 0
Time: 281.76, 
            Production Events: 0, 
            Suppression Events: 0
Time: 281.76, 
            Production Events: 0, 
            Suppression Events: 0
Time: 283.49, 
            Production Events: 0, 
            Suppression Events: 1
Time: 283.49, 
            Production Events: 0, 
            Suppression Events: 0
Time: 284.02, 
            Production Events: 0, 
            Suppression Events: 2
Time: 285.93, 
            Production Events: 0, 
            Suppression Events: 2
Time: 286.11, 
            Production Events: 0, 
            Suppression Events: 1
Time: 287.71, 
            Production Events: 0, 
            Suppression Events: 3
Time: 288.53, 
            Production Events: 0, 
            Suppression Events: 1
Time: 290.4, 
            Production Events: 0, 
            Suppression Events: 1
Time: 290.4, 
            Production Events: 0, 
            Suppression Events: 0
Time: 294.16, 
            Production Events: 0, 
            Suppression Events: 2
Time: 294.16, 
            Production Events: 0, 
            Suppression Events: 0
Time: 294.16, 
            Production Events: 0, 
            Suppression Events: 0
Time: 294.16, 
            Production Events: 0, 
            Suppression Events: 0
Time: 298.43, 
            Production Events: 0, 
            Suppression Events: 1
Time: 298.43, 
            Production Events: 0, 
            Suppression Events: 0
Time: 298.43, 
            Production Events: 0, 
            Suppression Events: 0
Time: 298.43, 
            Production Events: 0, 
            Suppression Events: 0
Time: 299.37, 
            Production Events: 1, 
            Suppression Events: 0
Time: 301.53, 
            Production Events: 0, 
            Suppression Events: 1
Time: 301.53, 
            Production Events: 0, 
            Suppression Events: 0
Time: 303.17, 
            Production Events: 0, 
            Suppression Events: 1
Time: 303.17, 
            Production Events: 0, 
            Suppression Events: 0
Time: 304.09, 
            Production Events: 0, 
            Suppression Events: 2
Time: 306.37, 
            Production Events: 0, 
            Suppression Events: 2
Time: 306.37, 
            Production Events: 0, 
            Suppression Events: 0
Time: 307.28, 
            Production Events: 0, 
            Suppression Events: 2
Time: 308.4, 
            Production Events: 0, 
            Suppression Events: 1
Time: 309.17, 
            Production Events: 0, 
            Suppression Events: 1
Time: 310.98, 
            Production Events: 0, 
            Suppression Events: 2
Time: 311.76, 
            Production Events: 0, 
            Suppression Events: 1
Time: 312.65, 
            Production Events: 0, 
            Suppression Events: 1
Time: 313.47, 
            Production Events: 0, 
            Suppression Events: 1
Time: 314.02, 
            Production Events: 1, 
            Suppression Events: 0
Time: 315.38, 
            Production Events: 1, 
            Suppression Events: 2
Time: 316.86, 
            Production Events: 0, 
            Suppression Events: 2
Time: 318.02, 
            Production Events: 0, 
            Suppression Events: 1
Time: 318.02, 
            Production Events: 0, 
            Suppression Events: 0
Time: 319.01, 
            Production Events: 1, 
            Suppression Events: 1
Time: 320.54, 
            Production Events: 0, 
            Suppression Events: 1
Time: 321.69, 
            Production Events: 1, 
            Suppression Events: 0
Time: 322.18, 
            Production Events: 0, 
            Suppression Events: 1
Time: 323.89, 
            Production Events: 2, 
            Suppression Events: 0
Time: 324.63, 
            Production Events: 0, 
            Suppression Events: 1
Time: 325.55, 
            Production Events: 1, 
            Suppression Events: 0
Time: 326.26, 
            Production Events: 0, 
            Suppression Events: 1
Time: 327.51, 
            Production Events: 0, 
            Suppression Events: 1
Time: 328.08, 
            Production Events: 0, 
            Suppression Events: 1
Time: 329.5, 
            Production Events: 0, 
            Suppression Events: 3
Time: 331.04, 
            Production Events: 0, 
            Suppression Events: 1
Time: 331.04, 
            Production Events: 0, 
            Suppression Events: 0
Time: 332.27, 
            Production Events: 0, 
            Suppression Events: 1
Time: 333.61, 
            Production Events: 0, 
            Suppression Events: 1
Time: 334.95, 
            Production Events: 0, 
            Suppression Events: 1
Time: 335.39, 
            Production Events: 0, 
            Suppression Events: 1
Time: 336.28, 
            Production Events: 0, 
            Suppression Events: 2
Time: 337.44, 
            Production Events: 1, 
            Suppression Events: 1
Time: 338.32, 
            Production Events: 0, 
            Suppression Events: 1
Time: 340.71, 
            Production Events: 0, 
            Suppression Events: 2
Time: 340.71, 
            Production Events: 0, 
            Suppression Events: 0
Time: 342.29, 
            Production Events: 2, 
            Suppression Events: 1
Time: 342.29, 
            Production Events: 0, 
            Suppression Events: 0
Time: 345.05, 
            Production Events: 1, 
            Suppression Events: 1
Time: 345.05, 
            Production Events: 0, 
            Suppression Events: 0
Time: 345.05, 
            Production Events: 0, 
            Suppression Events: 0
Time: 346.12, 
            Production Events: 0, 
            Suppression Events: 1
Time: 347.44, 
            Production Events: 0, 
            Suppression Events: 2
Time: 349.06, 
            Production Events: 0, 
            Suppression Events: 1
Time: 349.06, 
            Production Events: 0, 
            Suppression Events: 0
Time: 350.44, 
            Production Events: 0, 
            Suppression Events: 3
Time: 351.19, 
            Production Events: 0, 
            Suppression Events: 1
Time: 352.41, 
            Production Events: 1, 
            Suppression Events: 2
Time: 353.8, 
            Production Events: 0, 
            Suppression Events: 1
Time: 354.91, 
            Production Events: 0, 
            Suppression Events: 1
Time: 355.8, 
            Production Events: 0, 
            Suppression Events: 1
Time: 356.36, 
            Production Events: 0, 
            Suppression Events: 2
Time: 358.89, 
            Production Events: 0, 
            Suppression Events: 2
Time: 358.89, 
            Production Events: 0, 
            Suppression Events: 0
Time: 359.26, 
            Production Events: 1, 
            Suppression Events: 1
Time: 362.87, 
            Production Events: 0, 
            Suppression Events: 1
Time: 362.87, 
            Production Events: 0, 
            Suppression Events: 0
Time: 362.87, 
            Production Events: 0, 
            Suppression Events: 0
Time: 363.36, 
            Production Events: 0, 
            Suppression Events: 1
Time: 364.3, 
            Production Events: 0, 
            Suppression Events: 1
Time: 366.43, 
            Production Events: 0, 
            Suppression Events: 1
Time: 366.43, 
            Production Events: 0, 
            Suppression Events: 0
Time: 367.43, 
            Production Events: 0, 
            Suppression Events: 4
Time: 368.54, 
            Production Events: 0, 
            Suppression Events: 2
Time: 370.29, 
            Production Events: 0, 
            Suppression Events: 1
Time: 370.29, 
            Production Events: 0, 
            Suppression Events: 0
Time: 371.06, 
            Production Events: 1, 
            Suppression Events: 1
Time: 372.01, 
            Production Events: 0, 
            Suppression Events: 3
Time: 374.62, 
            Production Events: 0, 
            Suppression Events: 1
Time: 374.62, 
            Production Events: 0, 
            Suppression Events: 0
Time: 375.88, 
            Production Events: 0, 
            Suppression Events: 1
Time: 380.88, 
            Production Events: 0, 
            Suppression Events: 2
Time: 380.88, 
            Production Events: 0, 
            Suppression Events: 0
Time: 380.88, 
            Production Events: 0, 
            Suppression Events: 0
Time: 380.88, 
            Production Events: 0, 
            Suppression Events: 0
Time: 380.88, 
            Production Events: 0, 
            Suppression Events: 0
Time: 382.58, 
            Production Events: 0, 
            Suppression Events: 1
Time: 382.58, 
            Production Events: 0, 
            Suppression Events: 0
Time: 383.13, 
            Production Events: 0, 
            Suppression Events: 2
Time: 384.24, 
            Production Events: 0, 
            Suppression Events: 1
Time: 387.82, 
            Production Events: 0, 
            Suppression Events: 1
Time: 387.82, 
            Production Events: 0, 
            Suppression Events: 0
Time: 387.82, 
            Production Events: 0, 
            Suppression Events: 0
Time: 388.14, 
            Production Events: 0, 
            Suppression Events: 1
Time: 389.15, 
            Production Events: 0, 
            Suppression Events: 1
Time: 390.72, 
            Production Events: 1, 
            Suppression Events: 1
Time: 391.41, 
            Production Events: 1, 
            Suppression Events: 0
Time: 393.46, 
            Production Events: 0, 
            Suppression Events: 1
Time: 393.46, 
            Production Events: 0, 
            Suppression Events: 0
Time: 394.47, 
            Production Events: 0, 
            Suppression Events: 2
Time: 395.86, 
            Production Events: 0, 
            Suppression Events: 1
Time: 397.31, 
            Production Events: 0, 
            Suppression Events: 2
Time: 397.31, 
            Production Events: 0, 
            Suppression Events: 0
Time: 398.77, 
            Production Events: 0, 
            Suppression Events: 3
Time: 399.79, 
            Production Events: 1, 
            Suppression Events: 0
Time: 401.31, 
            Production Events: 0, 
            Suppression Events: 1
Time: 401.31, 
            Production Events: 0, 
            Suppression Events: 0
Time: 405.5, 
            Production Events: 0, 
            Suppression Events: 2
Time: 405.5, 
            Production Events: 0, 
            Suppression Events: 0
Time: 405.5, 
            Production Events: 0, 
            Suppression Events: 0
Time: 405.5, 
            Production Events: 0, 
            Suppression Events: 0
Time: 407.1, 
            Production Events: 1, 
            Suppression Events: 0
Time: 407.1, 
            Production Events: 0, 
            Suppression Events: 0
Time: 408.37, 
            Production Events: 0, 
            Suppression Events: 1
Time: 412.51, 
            Production Events: 1, 
            Suppression Events: 1
Time: 412.51, 
            Production Events: 0, 
            Suppression Events: 0
Time: 412.51, 
            Production Events: 0, 
            Suppression Events: 0
Time: 412.51, 
            Production Events: 0, 
            Suppression Events: 0
Time: 414.24, 
            Production Events: 0, 
            Suppression Events: 2
Time: 414.24, 
            Production Events: 0, 
            Suppression Events: 0
Time: 417.38, 
            Production Events: 0, 
            Suppression Events: 3
Time: 417.38, 
            Production Events: 0, 
            Suppression Events: 0
Time: 417.38, 
            Production Events: 0, 
            Suppression Events: 0
Time: 420.13, 
            Production Events: 0, 
            Suppression Events: 1
Time: 420.13, 
            Production Events: 0, 
            Suppression Events: 0
Time: 420.13, 
            Production Events: 0, 
            Suppression Events: 0
Time: 422.45, 
            Production Events: 1, 
            Suppression Events: 1
Time: 422.45, 
            Production Events: 0, 
            Suppression Events: 0
Time: 423.89, 
            Production Events: 0, 
            Suppression Events: 1
Time: 424.06, 
            Production Events: 0, 
            Suppression Events: 1
Time: 425.4, 
            Production Events: 1, 
            Suppression Events: 0
Time: 427.55, 
            Production Events: 1, 
            Suppression Events: 1
Time: 427.55, 
            Production Events: 0, 
            Suppression Events: 0
Time: 428.7, 
            Production Events: 0, 
            Suppression Events: 1
Time: 429.52, 
            Production Events: 0, 
            Suppression Events: 2
Time: 430.92, 
            Production Events: 0, 
            Suppression Events: 1
Time: 435.36, 
            Production Events: 0, 
            Suppression Events: 2
Time: 435.36, 
            Production Events: 0, 
            Suppression Events: 0
Time: 435.36, 
            Production Events: 0, 
            Suppression Events: 0
Time: 435.36, 
            Production Events: 0, 
            Suppression Events: 0
Time: 435.36, 
            Production Events: 0, 
            Suppression Events: 0
Time: 437.35, 
            Production Events: 0, 
            Suppression Events: 2
Time: 437.35, 
            Production Events: 0, 
            Suppression Events: 0
Time: 438.09, 
            Production Events: 0, 
            Suppression Events: 2
Time: 440.97, 
            Production Events: 0, 
            Suppression Events: 1
Time: 440.97, 
            Production Events: 0, 
            Suppression Events: 0
Time: 441.3, 
            Production Events: 0, 
            Suppression Events: 1
Time: 442.41, 
            Production Events: 0, 
            Suppression Events: 2
Time: 443.0, 
            Production Events: 0, 
            Suppression Events: 3
Time: 444.42, 
            Production Events: 0, 
            Suppression Events: 2
Time: 445.72, 
            Production Events: 0, 
            Suppression Events: 2
Time: 447.43, 
            Production Events: 0, 
            Suppression Events: 2
Time: 447.43, 
            Production Events: 0, 
            Suppression Events: 0
Time: 449.96, 
            Production Events: 0, 
            Suppression Events: 2
Time: 449.96, 
            Production Events: 0, 
            Suppression Events: 0
Time: 450.34, 
            Production Events: 0, 
            Suppression Events: 1
Time: 451.17, 
            Production Events: 0, 
            Suppression Events: 1
Time: 452.21, 
            Production Events: 0, 
            Suppression Events: 2
Time: 453.7, 
            Production Events: 1, 
            Suppression Events: 1
Time: 454.93, 
            Production Events: 0, 
            Suppression Events: 1
Time: 456.19, 
            Production Events: 1, 
            Suppression Events: 0
Time: 456.19, 
            Production Events: 0, 
            Suppression Events: 0
Time: 458.97, 
            Production Events: 0, 
            Suppression Events: 1
Time: 458.97, 
            Production Events: 0, 
            Suppression Events: 0
Time: 461.64, 
            Production Events: 0, 
            Suppression Events: 1
Time: 461.64, 
            Production Events: 0, 
            Suppression Events: 0
Time: 461.64, 
            Production Events: 0, 
            Suppression Events: 0
Time: 463.72, 
            Production Events: 0, 
            Suppression Events: 1
Time: 463.72, 
            Production Events: 0, 
            Suppression Events: 0
Time: 465.57, 
            Production Events: 0, 
            Suppression Events: 1
Time: 465.57, 
            Production Events: 0, 
            Suppression Events: 0
Time: 467.11, 
            Production Events: 1, 
            Suppression Events: 2
Time: 467.11, 
            Production Events: 0, 
            Suppression Events: 0
Time: 468.29, 
            Production Events: 0, 
            Suppression Events: 4
Time: 469.65, 
            Production Events: 1, 
            Suppression Events: 1
Time: 471.2, 
            Production Events: 1, 
            Suppression Events: 0
Time: 471.2, 
            Production Events: 0, 
            Suppression Events: 0
Time: 473.95, 
            Production Events: 1, 
            Suppression Events: 1
Time: 473.95, 
            Production Events: 0, 
            Suppression Events: 0
Time: 474.47, 
            Production Events: 1, 
            Suppression Events: 1
Time: 475.35, 
            Production Events: 0, 
            Suppression Events: 2
Time: 478.54, 
            Production Events: 0, 
            Suppression Events: 1
Time: 478.54, 
            Production Events: 0, 
            Suppression Events: 0
Time: 478.54, 
            Production Events: 0, 
            Suppression Events: 0
Time: 479.69, 
            Production Events: 0, 
            Suppression Events: 1
Time: 480.16, 
            Production Events: 1, 
            Suppression Events: 1
Time: 482.47, 
            Production Events: 0, 
            Suppression Events: 1
Time: 482.47, 
            Production Events: 0, 
            Suppression Events: 0
Time: 487.86, 
            Production Events: 1, 
            Suppression Events: 1
Time: 487.86, 
            Production Events: 0, 
            Suppression Events: 0
Time: 487.86, 
            Production Events: 0, 
            Suppression Events: 0
Time: 487.86, 
            Production Events: 0, 
            Suppression Events: 0
Time: 487.86, 
            Production Events: 0, 
            Suppression Events: 0
Time: 488.27, 
            Production Events: 0, 
            Suppression Events: 2
Time: 490.18, 
            Production Events: 0, 
            Suppression Events: 2
Time: 490.18, 
            Production Events: 0, 
            Suppression Events: 0
Time: 492.02, 
            Production Events: 1, 
            Suppression Events: 0
Time: 492.02, 
            Production Events: 0, 
            Suppression Events: 0
Time: 493.84, 
            Production Events: 0, 
            Suppression Events: 1
Time: 494.81, 
            Production Events: 0, 
            Suppression Events: 1
Time: 496.52, 
            Production Events: 0, 
            Suppression Events: 1
Time: 496.52, 
            Production Events: 0, 
            Suppression Events: 0
Time: 498.06, 
            Production Events: 0, 
            Suppression Events: 1
Time: 498.06, 
            Production Events: 0, 
            Suppression Events: 0
Time: 499.78, 
            Production Events: 0, 
            Suppression Events: 1
Time: 500.08, 
            Production Events: 0, 
            Suppression Events: 1
Time: 502.57, 
            Production Events: 0, 
            Suppression Events: 2
Time: 502.57, 
            Production Events: 0, 
            Suppression Events: 0
Time: 503.06, 
            Production Events: 0, 
            Suppression Events: 2
Time: 505.6, 
            Production Events: 1, 
            Suppression Events: 1
Time: 505.6, 
            Production Events: 0, 
            Suppression Events: 0
Time: 507.42, 
            Production Events: 0, 
            Suppression Events: 2
Time: 507.42, 
            Production Events: 0, 
            Suppression Events: 0
Time: 511.8, 
            Production Events: 0, 
            Suppression Events: 3
Time: 511.8, 
            Production Events: 0, 
            Suppression Events: 0
Time: 511.8, 
            Production Events: 0, 
            Suppression Events: 0
Time: 511.8, 
            Production Events: 0, 
            Suppression Events: 0
Time: 512.21, 
            Production Events: 0, 
            Suppression Events: 1
Time: 515.98, 
            Production Events: 1, 
            Suppression Events: 1
Time: 515.98, 
            Production Events: 0, 
            Suppression Events: 0
Time: 515.98, 
            Production Events: 0, 
            Suppression Events: 0
Time: 516.05, 
            Production Events: 0, 
            Suppression Events: 1
Time: 518.38, 
            Production Events: 0, 
            Suppression Events: 1
Time: 518.38, 
            Production Events: 0, 
            Suppression Events: 0
Time: 519.92, 
            Production Events: 1, 
            Suppression Events: 0
Time: 521.06, 
            Production Events: 0, 
            Suppression Events: 1
Time: 521.06, 
            Production Events: 0, 
            Suppression Events: 0
Time: 522.19, 
            Production Events: 0, 
            Suppression Events: 2
Time: 523.25, 
            Production Events: 0, 
            Suppression Events: 1
Time: 524.78, 
            Production Events: 1, 
            Suppression Events: 2
Time: 525.04, 
            Production Events: 1, 
            Suppression Events: 0
Time: 526.6, 
            Production Events: 0, 
            Suppression Events: 1
Time: 527.05, 
            Production Events: 2, 
            Suppression Events: 1
Time: 528.06, 
            Production Events: 0, 
            Suppression Events: 2
Time: 529.45, 
            Production Events: 1, 
            Suppression Events: 0
Time: 532.38, 
            Production Events: 0, 
            Suppression Events: 1
Time: 532.38, 
            Production Events: 0, 
            Suppression Events: 0
Time: 532.38, 
            Production Events: 0, 
            Suppression Events: 0
Time: 533.16, 
            Production Events: 0, 
            Suppression Events: 1
Time: 534.58, 
            Production Events: 0, 
            Suppression Events: 1
Time: 535.05, 
            Production Events: 1, 
            Suppression Events: 0
Time: 536.52, 
            Production Events: 0, 
            Suppression Events: 2
Time: 539.15, 
            Production Events: 0, 
            Suppression Events: 1
Time: 539.15, 
            Production Events: 0, 
            Suppression Events: 0
Time: 539.15, 
            Production Events: 0, 
            Suppression Events: 0
Time: 540.04, 
            Production Events: 0, 
            Suppression Events: 2
Time: 541.33, 
            Production Events: 1, 
            Suppression Events: 0
Time: 542.74, 
            Production Events: 0, 
            Suppression Events: 2
Time: 543.04, 
            Production Events: 1, 
            Suppression Events: 2
Time: 544.22, 
            Production Events: 0, 
            Suppression Events: 1
Time: 545.18, 
            Production Events: 1, 
            Suppression Events: 2
Time: 546.83, 
            Production Events: 0, 
            Suppression Events: 2
Time: 549.41, 
            Production Events: 0, 
            Suppression Events: 1
Time: 549.41, 
            Production Events: 0, 
            Suppression Events: 0
Time: 549.41, 
            Production Events: 0, 
            Suppression Events: 0
Time: 550.22, 
            Production Events: 0, 
            Suppression Events: 1
Time: 551.26, 
            Production Events: 0, 
            Suppression Events: 1
Time: 552.37, 
            Production Events: 1, 
            Suppression Events: 1
Time: 553.91, 
            Production Events: 0, 
            Suppression Events: 1
Time: 555.04, 
            Production Events: 0, 
            Suppression Events: 1
Time: 555.04, 
            Production Events: 0, 
            Suppression Events: 0
Time: 556.18, 
            Production Events: 0, 
            Suppression Events: 2
Time: 560.87, 
            Production Events: 0, 
            Suppression Events: 1
Time: 560.87, 
            Production Events: 0, 
            Suppression Events: 0
Time: 560.87, 
            Production Events: 0, 
            Suppression Events: 0
Time: 560.87, 
            Production Events: 0, 
            Suppression Events: 0
Time: 561.39, 
            Production Events: 0, 
            Suppression Events: 1
Time: 563.8, 
            Production Events: 0, 
            Suppression Events: 2
Time: 563.8, 
            Production Events: 0, 
            Suppression Events: 0
Time: 565.37, 
            Production Events: 0, 
            Suppression Events: 2
Time: 565.37, 
            Production Events: 0, 
            Suppression Events: 0
Time: 566.61, 
            Production Events: 0, 
            Suppression Events: 2
Time: 567.2, 
            Production Events: 1, 
            Suppression Events: 0
Time: 569.2, 
            Production Events: 0, 
            Suppression Events: 2
Time: 569.2, 
            Production Events: 0, 
            Suppression Events: 0
Time: 570.16, 
            Production Events: 0, 
            Suppression Events: 1
Time: 572.38, 
            Production Events: 0, 
            Suppression Events: 1
Time: 572.38, 
            Production Events: 0, 
            Suppression Events: 0
Time: 573.49, 
            Production Events: 1, 
            Suppression Events: 1
Time: 574.37, 
            Production Events: 0, 
            Suppression Events: 2
Time: 575.3, 
            Production Events: 1, 
            Suppression Events: 0
Time: 576.12, 
            Production Events: 1, 
            Suppression Events: 1
Time: 577.33, 
            Production Events: 0, 
            Suppression Events: 1
Time: 580.91, 
            Production Events: 1, 
            Suppression Events: 0
Time: 580.91, 
            Production Events: 0, 
            Suppression Events: 0
Time: 580.91, 
            Production Events: 0, 
            Suppression Events: 0
Time: 583.73, 
            Production Events: 0, 
            Suppression Events: 2
Time: 583.73, 
            Production Events: 0, 
            Suppression Events: 0
Time: 583.73, 
            Production Events: 0, 
            Suppression Events: 0
Time: 584.57, 
            Production Events: 0, 
            Suppression Events: 1
Time: 587.29, 
            Production Events: 0, 
            Suppression Events: 1
Time: 587.29, 
            Production Events: 0, 
            Suppression Events: 0
Time: 587.29, 
            Production Events: 0, 
            Suppression Events: 0
Time: 588.52, 
            Production Events: 0, 
            Suppression Events: 1
Time: 589.61, 
            Production Events: 0, 
            Suppression Events: 1
Time: 590.63, 
            Production Events: 0, 
            Suppression Events: 2
Time: 591.11, 
            Production Events: 0, 
            Suppression Events: 1
Time: 593.73, 
            Production Events: 0, 
            Suppression Events: 1
Time: 593.73, 
            Production Events: 0, 
            Suppression Events: 0
Time: 594.89, 
            Production Events: 0, 
            Suppression Events: 1
Time: 595.93, 
            Production Events: 0, 
            Suppression Events: 2
Time: 596.23, 
            Production Events: 0, 
            Suppression Events: 1
Time: 597.8, 
            Production Events: 0, 
            Suppression Events: 2
Time: 600.33, 
            Production Events: 0, 
            Suppression Events: 1
Time: 600.33, 
            Production Events: 0, 
            Suppression Events: 0
Time: 600.33, 
            Production Events: 0, 
            Suppression Events: 0
Time: 601.31, 
            Production Events: 0, 
            Suppression Events: 1
Time: 603.21, 
            Production Events: 0, 
            Suppression Events: 1
Time: 603.21, 
            Production Events: 0, 
            Suppression Events: 0
Time: 604.83, 
            Production Events: 1, 
            Suppression Events: 0
Time: 606.49, 
            Production Events: 0, 
            Suppression Events: 1
Time: 606.49, 
            Production Events: 0, 
            Suppression Events: 0
Time: 607.36, 
            Production Events: 0, 
            Suppression Events: 1
Time: 610.0, 
            Production Events: 1, 
            Suppression Events: 0
Time: 610.0, 
            Production Events: 0, 
            Suppression Events: 0
Time: 610.29, 
            Production Events: 0, 
            Suppression Events: 1
Time: 611.58, 
            Production Events: 0, 
            Suppression Events: 1
Time: 613.54, 
            Production Events: 0, 
            Suppression Events: 1
Time: 613.54, 
            Production Events: 0, 
            Suppression Events: 0
Time: 614.29, 
            Production Events: 0, 
            Suppression Events: 1
Time: 615.13, 
            Production Events: 1, 
            Suppression Events: 0
Time: 616.47, 
            Production Events: 1, 
            Suppression Events: 0
Time: 619.11, 
            Production Events: 0, 
            Suppression Events: 1
Time: 619.11, 
            Production Events: 0, 
            Suppression Events: 0
Time: 619.11, 
            Production Events: 0, 
            Suppression Events: 0
Time: 623.01, 
            Production Events: 0, 
            Suppression Events: 1
Time: 623.01, 
            Production Events: 0, 
            Suppression Events: 0
Time: 623.01, 
            Production Events: 0, 
            Suppression Events: 0
Time: 623.01, 
            Production Events: 0, 
            Suppression Events: 0
Time: 624.22, 
            Production Events: 0, 
            Suppression Events: 2
Time: 627.37, 
            Production Events: 0, 
            Suppression Events: 1
Time: 627.37, 
            Production Events: 0, 
            Suppression Events: 0
Time: 627.37, 
            Production Events: 0, 
            Suppression Events: 0
Time: 628.23, 
            Production Events: 0, 
            Suppression Events: 1
Time: 629.49, 
            Production Events: 0, 
            Suppression Events: 1
Time: 630.86, 
            Production Events: 0, 
            Suppression Events: 2
Time: 634.24, 
            Production Events: 0, 
            Suppression Events: 2
Time: 634.24, 
            Production Events: 0, 
            Suppression Events: 0
Time: 634.24, 
            Production Events: 0, 
            Suppression Events: 0
Time: 634.24, 
            Production Events: 0, 
            Suppression Events: 0
Time: 635.15, 
            Production Events: 1, 
            Suppression Events: 1
Time: 636.94, 
            Production Events: 0, 
            Suppression Events: 2
Time: 638.3, 
            Production Events: 0, 
            Suppression Events: 1
Time: 638.3, 
            Production Events: 0, 
            Suppression Events: 0
Time: 644.13, 
            Production Events: 0, 
            Suppression Events: 1
Time: 644.13, 
            Production Events: 0, 
            Suppression Events: 0
Time: 644.13, 
            Production Events: 0, 
            Suppression Events: 0
Time: 644.13, 
            Production Events: 0, 
            Suppression Events: 0
Time: 644.13, 
            Production Events: 0, 
            Suppression Events: 0
Time: 644.13, 
            Production Events: 0, 
            Suppression Events: 0
Time: 645.03, 
            Production Events: 0, 
            Suppression Events: 1
Time: 646.23, 
            Production Events: 0, 
            Suppression Events: 1
Time: 647.58, 
            Production Events: 0, 
            Suppression Events: 1
Time: 653.69, 
            Production Events: 0, 
            Suppression Events: 1
Time: 653.69, 
            Production Events: 0, 
            Suppression Events: 0
Time: 653.69, 
            Production Events: 0, 
            Suppression Events: 0
Time: 653.69, 
            Production Events: 0, 
            Suppression Events: 0
Time: 653.69, 
            Production Events: 0, 
            Suppression Events: 0
Time: 653.69, 
            Production Events: 0, 
            Suppression Events: 0
Time: 654.36, 
            Production Events: 0, 
            Suppression Events: 1
Time: 657.24, 
            Production Events: 0, 
            Suppression Events: 4
Time: 657.24, 
            Production Events: 0, 
            Suppression Events: 0
Time: 657.24, 
            Production Events: 0, 
            Suppression Events: 0
Time: 658.53, 
            Production Events: 0, 
            Suppression Events: 2
Time: 660.73, 
            Production Events: 0, 
            Suppression Events: 1
Time: 660.73, 
            Production Events: 0, 
            Suppression Events: 0
Time: 663.17, 
            Production Events: 0, 
            Suppression Events: 1
Time: 663.17, 
            Production Events: 0, 
            Suppression Events: 0
Time: 663.17, 
            Production Events: 0, 
            Suppression Events: 0
Time: 665.49, 
            Production Events: 0, 
            Suppression Events: 2
Time: 665.49, 
            Production Events: 0, 
            Suppression Events: 0
Time: 666.39, 
            Production Events: 0, 
            Suppression Events: 2
Time: 667.06, 
            Production Events: 0, 
            Suppression Events: 1
Time: 668.19, 
            Production Events: 0, 
            Suppression Events: 2
Time: 669.95, 
            Production Events: 0, 
            Suppression Events: 3
Time: 670.12, 
            Production Events: 0, 
            Suppression Events: 1
Time: 671.13, 
            Production Events: 0, 
            Suppression Events: 3
Time: 672.57, 
            Production Events: 0, 
            Suppression Events: 1
Time: 673.35, 
            Production Events: 0, 
            Suppression Events: 2
Time: 674.49, 
            Production Events: 0, 
            Suppression Events: 1
Time: 675.84, 
            Production Events: 0, 
            Suppression Events: 1
Time: 676.32, 
            Production Events: 0, 
            Suppression Events: 1
Time: 677.71, 
            Production Events: 0, 
            Suppression Events: 2
Time: 678.81, 
            Production Events: 0, 
            Suppression Events: 1
Time: 680.12, 
            Production Events: 0, 
            Suppression Events: 1
Time: 680.12, 
            Production Events: 0, 
            Suppression Events: 0
Time: 681.09, 
            Production Events: 0, 
            Suppression Events: 4
Time: 683.05, 
            Production Events: 1, 
            Suppression Events: 0
Time: 683.05, 
            Production Events: 0, 
            Suppression Events: 0
Time: 684.29, 
            Production Events: 0, 
            Suppression Events: 2
Time: 685.26, 
            Production Events: 1, 
            Suppression Events: 1
Time: 686.45, 
            Production Events: 0, 
            Suppression Events: 1
Time: 688.62, 
            Production Events: 0, 
            Suppression Events: 2
Time: 688.62, 
            Production Events: 0, 
            Suppression Events: 0
Time: 690.16, 
            Production Events: 0, 
            Suppression Events: 1
Time: 690.16, 
            Production Events: 0, 
            Suppression Events: 0
Time: 691.27, 
            Production Events: 0, 
            Suppression Events: 1
Time: 692.31, 
            Production Events: 0, 
            Suppression Events: 1
Time: 693.23, 
            Production Events: 0, 
            Suppression Events: 2
Time: 694.09, 
            Production Events: 0, 
            Suppression Events: 1
Time: 695.05, 
            Production Events: 0, 
            Suppression Events: 1
Time: 696.23, 
            Production Events: 0, 
            Suppression Events: 2
Time: 697.62, 
            Production Events: 0, 
            Suppression Events: 1
Time: 702.87, 
            Production Events: 0, 
            Suppression Events: 1
Time: 702.87, 
            Production Events: 0, 
            Suppression Events: 0
Time: 702.87, 
            Production Events: 0, 
            Suppression Events: 0
Time: 702.87, 
            Production Events: 0, 
            Suppression Events: 0
Time: 702.87, 
            Production Events: 0, 
            Suppression Events: 0
Time: 704.74, 
            Production Events: 0, 
            Suppression Events: 1
Time: 704.74, 
            Production Events: 0, 
            Suppression Events: 0
Time: 705.23, 
            Production Events: 1, 
            Suppression Events: 0
Time: 706.28, 
            Production Events: 0, 
            Suppression Events: 1
Time: 707.71, 
            Production Events: 0, 
            Suppression Events: 3
Time: 708.27, 
            Production Events: 0, 
            Suppression Events: 3
Time: 709.19, 
            Production Events: 0, 
            Suppression Events: 3
Time: 711.38, 
            Production Events: 0, 
            Suppression Events: 1
Time: 711.38, 
            Production Events: 0, 
            Suppression Events: 0
Time: 712.33, 
            Production Events: 0, 
            Suppression Events: 2
Time: 713.31, 
            Production Events: 0, 
            Suppression Events: 1
Time: 715.36, 
            Production Events: 0, 
            Suppression Events: 2
Time: 715.36, 
            Production Events: 0, 
            Suppression Events: 0
Time: 716.65, 
            Production Events: 0, 
            Suppression Events: 1
Time: 720.02, 
            Production Events: 0, 
            Suppression Events: 1
Time: 720.02, 
            Production Events: 0, 
            Suppression Events: 0
Time: 720.02, 
            Production Events: 0, 
            Suppression Events: 0
Time: 720.02, 
            Production Events: 0, 
            Suppression Events: 0
Time: 721.87, 
            Production Events: 0, 
            Suppression Events: 2
Time: 723.34, 
            Production Events: 0, 
            Suppression Events: 1
Time: 723.34, 
            Production Events: 0, 
            Suppression Events: 0
Time: 724.49, 
            Production Events: 0, 
            Suppression Events: 1
Time: 726.2, 
            Production Events: 0, 
            Suppression Events: 3
Time: 726.2, 
            Production Events: 0, 
            Suppression Events: 0
Time: 727.0, 
            Production Events: 0, 
            Suppression Events: 2
Time: 728.32, 
            Production Events: 1, 
            Suppression Events: 0
Time: 729.08, 
            Production Events: 0, 
            Suppression Events: 3
Time: 730.01, 
            Production Events: 0, 
            Suppression Events: 1
Time: 731.7, 
            Production Events: 0, 
            Suppression Events: 2
Time: 734.62, 
            Production Events: 0, 
            Suppression Events: 1
Time: 734.62, 
            Production Events: 0, 
            Suppression Events: 0
Time: 734.62, 
            Production Events: 0, 
            Suppression Events: 0
Time: 735.54, 
            Production Events: 0, 
            Suppression Events: 1
Time: 736.76, 
            Production Events: 0, 
            Suppression Events: 1
Time: 737.04, 
            Production Events: 0, 
            Suppression Events: 1
Time: 739.58, 
            Production Events: 1, 
            Suppression Events: 1
Time: 739.58, 
            Production Events: 0, 
            Suppression Events: 0
Time: 742.8, 
            Production Events: 0, 
            Suppression Events: 1
Time: 742.8, 
            Production Events: 0, 
            Suppression Events: 0
Time: 742.8, 
            Production Events: 0, 
            Suppression Events: 0
Time: 743.29, 
            Production Events: 0, 
            Suppression Events: 1
Time: 744.65, 
            Production Events: 0, 
            Suppression Events: 1
Time: 745.12, 
            Production Events: 0, 
            Suppression Events: 1
Time: 746.38, 
            Production Events: 0, 
            Suppression Events: 2
Time: 747.91, 
            Production Events: 0, 
            Suppression Events: 1
Time: 748.69, 
            Production Events: 0, 
            Suppression Events: 1
Time: 751.59, 
            Production Events: 1, 
            Suppression Events: 0
Time: 751.59, 
            Production Events: 0, 
            Suppression Events: 0
Time: 751.59, 
            Production Events: 0, 
            Suppression Events: 0
Time: 755.25, 
            Production Events: 1, 
            Suppression Events: 1
Time: 755.25, 
            Production Events: 0, 
            Suppression Events: 0
Time: 755.25, 
            Production Events: 0, 
            Suppression Events: 0
Time: 755.25, 
            Production Events: 0, 
            Suppression Events: 0
Time: 758.13, 
            Production Events: 0, 
            Suppression Events: 2
Time: 758.13, 
            Production Events: 0, 
            Suppression Events: 0
Time: 758.13, 
            Production Events: 0, 
            Suppression Events: 0
Time: 759.98, 
            Production Events: 0, 
            Suppression Events: 2
Time: 761.47, 
            Production Events: 0, 
            Suppression Events: 1
Time: 761.47, 
            Production Events: 0, 
            Suppression Events: 0
Time: 762.48, 
            Production Events: 0, 
            Suppression Events: 1
Time: 763.73, 
            Production Events: 0, 
            Suppression Events: 1
Time: 764.05, 
            Production Events: 1, 
            Suppression Events: 2
Time: 766.28, 
            Production Events: 0, 
            Suppression Events: 2
Time: 766.28, 
            Production Events: 0, 
            Suppression Events: 0
Time: 768.78, 
            Production Events: 0, 
            Suppression Events: 2
Time: 768.78, 
            Production Events: 0, 
            Suppression Events: 0
Time: 769.54, 
            Production Events: 0, 
            Suppression Events: 1
Time: 770.01, 
            Production Events: 0, 
            Suppression Events: 2
Time: 772.0, 
            Production Events: 0, 
            Suppression Events: 2
Time: 772.74, 
            Production Events: 0, 
            Suppression Events: 1
Time: 774.65, 
            Production Events: 0, 
            Suppression Events: 1
Time: 774.65, 
            Production Events: 0, 
            Suppression Events: 0
Time: 777.57, 
            Production Events: 0, 
            Suppression Events: 1
Time: 777.57, 
            Production Events: 0, 
            Suppression Events: 0
Time: 777.57, 
            Production Events: 0, 
            Suppression Events: 0
Time: 780.03, 
            Production Events: 0, 
            Suppression Events: 2
Time: 780.03, 
            Production Events: 0, 
            Suppression Events: 0
Time: 780.03, 
            Production Events: 0, 
            Suppression Events: 0
Time: 781.1, 
            Production Events: 0, 
            Suppression Events: 1
Time: 782.6, 
            Production Events: 0, 
            Suppression Events: 3
Time: 783.9, 
            Production Events: 1, 
            Suppression Events: 0
Time: 786.47, 
            Production Events: 0, 
            Suppression Events: 1
Time: 786.47, 
            Production Events: 0, 
            Suppression Events: 0
Time: 786.47, 
            Production Events: 0, 
            Suppression Events: 0
Time: 788.99, 
            Production Events: 0, 
            Suppression Events: 1
Time: 788.99, 
            Production Events: 0, 
            Suppression Events: 0
Time: 791.14, 
            Production Events: 1, 
            Suppression Events: 0
Time: 791.14, 
            Production Events: 0, 
            Suppression Events: 0
Time: 791.14, 
            Production Events: 0, 
            Suppression Events: 0
Time: 793.85, 
            Production Events: 0, 
            Suppression Events: 1
Time: 793.85, 
            Production Events: 0, 
            Suppression Events: 0
Time: 795.29, 
            Production Events: 0, 
            Suppression Events: 1
Time: 795.29, 
            Production Events: 0, 
            Suppression Events: 0
Time: 797.14, 
            Production Events: 0, 
            Suppression Events: 1
Time: 797.14, 
            Production Events: 0, 
            Suppression Events: 0
Time: 798.8, 
            Production Events: 0, 
            Suppression Events: 2
Time: 800.94, 
            Production Events: 0, 
            Suppression Events: 1
Time: 800.94, 
            Production Events: 0, 
            Suppression Events: 0
Time: 801.27, 
            Production Events: 0, 
            Suppression Events: 1
Time: 805.81, 
            Production Events: 0, 
            Suppression Events: 1
Time: 805.81, 
            Production Events: 0, 
            Suppression Events: 0
Time: 805.81, 
            Production Events: 0, 
            Suppression Events: 0
Time: 805.81, 
            Production Events: 0, 
            Suppression Events: 0
Time: 806.84, 
            Production Events: 0, 
            Suppression Events: 1
Time: 808.6, 
            Production Events: 1, 
            Suppression Events: 0
Time: 808.6, 
            Production Events: 0, 
            Suppression Events: 0
Time: 809.12, 
            Production Events: 0, 
            Suppression Events: 2
Time: 810.71, 
            Production Events: 0, 
            Suppression Events: 1
Time: 812.54, 
            Production Events: 0, 
            Suppression Events: 3
Time: 812.54, 
            Production Events: 0, 
            Suppression Events: 0
Time: 813.98, 
            Production Events: 0, 
            Suppression Events: 1
Time: 814.78, 
            Production Events: 0, 
            Suppression Events: 1
Time: 818.23, 
            Production Events: 1, 
            Suppression Events: 0
Time: 818.23, 
            Production Events: 0, 
            Suppression Events: 0
Time: 818.23, 
            Production Events: 0, 
            Suppression Events: 0
Time: 818.23, 
            Production Events: 0, 
            Suppression Events: 0
Time: 819.28, 
            Production Events: 1, 
            Suppression Events: 0
Time: 820.54, 
            Production Events: 0, 
            Suppression Events: 1
Time: 821.93, 
            Production Events: 0, 
            Suppression Events: 1
Time: 822.08, 
            Production Events: 0, 
            Suppression Events: 1
Time: 824.56, 
            Production Events: 0, 
            Suppression Events: 2
Time: 824.56, 
            Production Events: 0, 
            Suppression Events: 0
Time: 827.15, 
            Production Events: 0, 
            Suppression Events: 1
Time: 827.15, 
            Production Events: 0, 
            Suppression Events: 0
Time: 827.15, 
            Production Events: 0, 
            Suppression Events: 0
Time: 828.79, 
            Production Events: 0, 
            Suppression Events: 1
Time: 831.86, 
            Production Events: 1, 
            Suppression Events: 0
Time: 831.86, 
            Production Events: 0, 
            Suppression Events: 0
Time: 831.86, 
            Production Events: 0, 
            Suppression Events: 0
Time: 833.28, 
            Production Events: 0, 
            Suppression Events: 1
Time: 833.28, 
            Production Events: 0, 
            Suppression Events: 0
Time: 834.99, 
            Production Events: 1, 
            Suppression Events: 1
Time: 835.34, 
            Production Events: 0, 
            Suppression Events: 1
Time: 836.26, 
            Production Events: 0, 
            Suppression Events: 1
Time: 838.44, 
            Production Events: 0, 
            Suppression Events: 1
Time: 838.44, 
            Production Events: 0, 
            Suppression Events: 0
Time: 840.14, 
            Production Events: 1, 
            Suppression Events: 1
Time: 840.14, 
            Production Events: 0, 
            Suppression Events: 0
Time: 841.58, 
            Production Events: 0, 
            Suppression Events: 4
Time: 843.58, 
            Production Events: 0, 
            Suppression Events: 2
Time: 843.58, 
            Production Events: 0, 
            Suppression Events: 0
Time: 844.15, 
            Production Events: 0, 
            Suppression Events: 1
Time: 848.02, 
            Production Events: 0, 
            Suppression Events: 1
Time: 848.02, 
            Production Events: 0, 
            Suppression Events: 0
Time: 848.02, 
            Production Events: 0, 
            Suppression Events: 0
Time: 848.02, 
            Production Events: 0, 
            Suppression Events: 0
Time: 849.41, 
            Production Events: 0, 
            Suppression Events: 3
Time: 852.93, 
            Production Events: 0, 
            Suppression Events: 1
Time: 852.93, 
            Production Events: 0, 
            Suppression Events: 0
Time: 852.93, 
            Production Events: 0, 
            Suppression Events: 0
Time: 853.47, 
            Production Events: 0, 
            Suppression Events: 1
Time: 854.47, 
            Production Events: 0, 
            Suppression Events: 1
Time: 858.41, 
            Production Events: 0, 
            Suppression Events: 2
Time: 858.41, 
            Production Events: 0, 
            Suppression Events: 0
Time: 858.41, 
            Production Events: 0, 
            Suppression Events: 0
Time: 858.41, 
            Production Events: 0, 
            Suppression Events: 0
Time: 860.68, 
            Production Events: 1, 
            Suppression Events: 0
Time: 860.68, 
            Production Events: 0, 
            Suppression Events: 0
Time: 861.64, 
            Production Events: 0, 
            Suppression Events: 1
Time: 862.09, 
            Production Events: 0, 
            Suppression Events: 1
Time: 863.29, 
            Production Events: 1, 
            Suppression Events: 3
Time: 864.23, 
            Production Events: 0, 
            Suppression Events: 1
Time: 865.66, 
            Production Events: 1, 
            Suppression Events: 2
Time: 866.16, 
            Production Events: 0, 
            Suppression Events: 1
Time: 868.22, 
            Production Events: 0, 
            Suppression Events: 1
Time: 868.22, 
            Production Events: 0, 
            Suppression Events: 0
Time: 870.98, 
            Production Events: 0, 
            Suppression Events: 2
Time: 870.98, 
            Production Events: 0, 
            Suppression Events: 0
Time: 872.98, 
            Production Events: 0, 
            Suppression Events: 1
Time: 872.98, 
            Production Events: 0, 
            Suppression Events: 0
Time: 874.08, 
            Production Events: 0, 
            Suppression Events: 2
Time: 874.08, 
            Production Events: 0, 
            Suppression Events: 0
Time: 876.21, 
            Production Events: 0, 
            Suppression Events: 1
Time: 876.21, 
            Production Events: 0, 
            Suppression Events: 0
Time: 880.13, 
            Production Events: 0, 
            Suppression Events: 3
Time: 880.13, 
            Production Events: 0, 
            Suppression Events: 0
Time: 880.13, 
            Production Events: 0, 
            Suppression Events: 0
Time: 880.13, 
            Production Events: 0, 
            Suppression Events: 0
Time: 881.33, 
            Production Events: 0, 
            Suppression Events: 2
Time: 882.51, 
            Production Events: 0, 
            Suppression Events: 3
Time: 883.96, 
            Production Events: 0, 
            Suppression Events: 2
Time: 887.69, 
            Production Events: 0, 
            Suppression Events: 1
Time: 887.69, 
            Production Events: 0, 
            Suppression Events: 0
Time: 887.69, 
            Production Events: 0, 
            Suppression Events: 0
Time: 887.69, 
            Production Events: 0, 
            Suppression Events: 0
Time: 888.39, 
            Production Events: 0, 
            Suppression Events: 1
Time: 890.13, 
            Production Events: 0, 
            Suppression Events: 2
Time: 890.13, 
            Production Events: 0, 
            Suppression Events: 0
Time: 891.29, 
            Production Events: 0, 
            Suppression Events: 1
Time: 893.38, 
            Production Events: 0, 
            Suppression Events: 1
Time: 893.38, 
            Production Events: 0, 
            Suppression Events: 0
Time: 894.28, 
            Production Events: 0, 
            Suppression Events: 3
Time: 895.71, 
            Production Events: 1, 
            Suppression Events: 0
Time: 896.9, 
            Production Events: 0, 
            Suppression Events: 1
Time: 897.44, 
            Production Events: 0, 
            Suppression Events: 1
Time: 901.07, 
            Production Events: 0, 
            Suppression Events: 3
Time: 901.07, 
            Production Events: 0, 
            Suppression Events: 0
Time: 901.07, 
            Production Events: 0, 
            Suppression Events: 0
Time: 901.07, 
            Production Events: 0, 
            Suppression Events: 0
Time: 902.39, 
            Production Events: 0, 
            Suppression Events: 4
Time: 903.67, 
            Production Events: 0, 
            Suppression Events: 2
Time: 904.51, 
            Production Events: 0, 
            Suppression Events: 2
Time: 906.03, 
            Production Events: 0, 
            Suppression Events: 1
Time: 906.03, 
            Production Events: 0, 
            Suppression Events: 0
Time: 909.03, 
            Production Events: 0, 
            Suppression Events: 1
Time: 909.03, 
            Production Events: 0, 
            Suppression Events: 0
Time: 909.03, 
            Production Events: 0, 
            Suppression Events: 0
Time: 910.3, 
            Production Events: 0, 
            Suppression Events: 2
Time: 911.36, 
            Production Events: 0, 
            Suppression Events: 2
Time: 912.15, 
            Production Events: 0, 
            Suppression Events: 2
Time: 913.53, 
            Production Events: 0, 
            Suppression Events: 1
Time: 914.45, 
            Production Events: 0, 
            Suppression Events: 1
Time: 915.98, 
            Production Events: 0, 
            Suppression Events: 1
Time: 917.53, 
            Production Events: 0, 
            Suppression Events: 1
Time: 917.53, 
            Production Events: 0, 
            Suppression Events: 0
Time: 920.08, 
            Production Events: 0, 
            Suppression Events: 2
Time: 920.08, 
            Production Events: 0, 
            Suppression Events: 0
Time: 920.08, 
            Production Events: 0, 
            Suppression Events: 0
Time: 921.41, 
            Production Events: 1, 
            Suppression Events: 2
Time: 923.11, 
            Production Events: 0, 
            Suppression Events: 2
Time: 923.11, 
            Production Events: 0, 
            Suppression Events: 0
Time: 924.37, 
            Production Events: 0, 
            Suppression Events: 1
Time: 925.11, 
            Production Events: 0, 
            Suppression Events: 1
Time: 926.02, 
            Production Events: 0, 
            Suppression Events: 5
Time: 927.06, 
            Production Events: 0, 
            Suppression Events: 4
Time: 928.28, 
            Production Events: 0, 
            Suppression Events: 1
Time: 930.33, 
            Production Events: 0, 
            Suppression Events: 1
Time: 930.33, 
            Production Events: 0, 
            Suppression Events: 0
Time: 932.12, 
            Production Events: 1, 
            Suppression Events: 3
Time: 932.12, 
            Production Events: 0, 
            Suppression Events: 0
Time: 933.3, 
            Production Events: 0, 
            Suppression Events: 1
Time: 934.71, 
            Production Events: 0, 
            Suppression Events: 1
Time: 937.01, 
            Production Events: 0, 
            Suppression Events: 1
Time: 937.01, 
            Production Events: 0, 
            Suppression Events: 0
Time: 937.01, 
            Production Events: 0, 
            Suppression Events: 0
Time: 940.12, 
            Production Events: 0, 
            Suppression Events: 1
Time: 940.12, 
            Production Events: 0, 
            Suppression Events: 0
Time: 940.12, 
            Production Events: 0, 
            Suppression Events: 0
Time: 941.4, 
            Production Events: 0, 
            Suppression Events: 3
Time: 942.48, 
            Production Events: 0, 
            Suppression Events: 1
Time: 943.15, 
            Production Events: 0, 
            Suppression Events: 1
Time: 944.16, 
            Production Events: 1, 
            Suppression Events: 0
Time: 946.08, 
            Production Events: 0, 
            Suppression Events: 1
Time: 946.08, 
            Production Events: 0, 
            Suppression Events: 0
Time: 947.42, 
            Production Events: 0, 
            Suppression Events: 3
Time: 948.02, 
            Production Events: 0, 
            Suppression Events: 1
Time: 949.41, 
            Production Events: 1, 
            Suppression Events: 1
Time: 950.47, 
            Production Events: 0, 
            Suppression Events: 1
Time: 952.91, 
            Production Events: 0, 
            Suppression Events: 1
Time: 952.91, 
            Production Events: 0, 
            Suppression Events: 0
Time: 953.04, 
            Production Events: 0, 
            Suppression Events: 1
Time: 954.31, 
            Production Events: 0, 
            Suppression Events: 4
Time: 956.25, 
            Production Events: 0, 
            Suppression Events: 2
Time: 956.25, 
            Production Events: 0, 
            Suppression Events: 0
Time: 957.8, 
            Production Events: 0, 
            Suppression Events: 2
Time: 958.69, 
            Production Events: 0, 
            Suppression Events: 1
Time: 959.15, 
            Production Events: 0, 
            Suppression Events: 1
Time: 960.59, 
            Production Events: 1, 
            Suppression Events: 1
Time: 961.15, 
            Production Events: 0, 
            Suppression Events: 1
Time: 964.47, 
            Production Events: 0, 
            Suppression Events: 1
Time: 964.47, 
            Production Events: 0, 
            Suppression Events: 0
Time: 964.47, 
            Production Events: 0, 
            Suppression Events: 0
Time: 965.28, 
            Production Events: 0, 
            Suppression Events: 1
Time: 966.33, 
            Production Events: 0, 
            Suppression Events: 2
Time: 967.52, 
            Production Events: 0, 
            Suppression Events: 3
Time: 970.65, 
            Production Events: 0, 
            Suppression Events: 1
Time: 970.65, 
            Production Events: 0, 
            Suppression Events: 0
Time: 970.65, 
            Production Events: 0, 
            Suppression Events: 0
Time: 971.1, 
            Production Events: 0, 
            Suppression Events: 1
Time: 974.21, 
            Production Events: 0, 
            Suppression Events: 2
Time: 974.21, 
            Production Events: 0, 
            Suppression Events: 0
Time: 974.21, 
            Production Events: 0, 
            Suppression Events: 0
Time: 977.42, 
            Production Events: 0, 
            Suppression Events: 2
Time: 977.42, 
            Production Events: 0, 
            Suppression Events: 0
Time: 977.42, 
            Production Events: 0, 
            Suppression Events: 0
Time: 978.11, 
            Production Events: 0, 
            Suppression Events: 1
Time: 979.93, 
            Production Events: 0, 
            Suppression Events: 1
Time: 981.48, 
            Production Events: 1, 
            Suppression Events: 0
Time: 981.48, 
            Production Events: 0, 
            Suppression Events: 0
Time: 987.76, 
            Production Events: 1, 
            Suppression Events: 0
Time: 987.76, 
            Production Events: 0, 
            Suppression Events: 0
Time: 987.76, 
            Production Events: 0, 
            Suppression Events: 0
Time: 987.76, 
            Production Events: 0, 
            Suppression Events: 0
Time: 987.76, 
            Production Events: 0, 
            Suppression Events: 0
Time: 987.76, 
            Production Events: 0, 
            Suppression Events: 0
Time: 988.97, 
            Production Events: 0, 
            Suppression Events: 1
Time: 989.12, 
            Production Events: 0, 
            Suppression Events: 1
Time: 991.51, 
            Production Events: 0, 
            Suppression Events: 5
Time: 991.51, 
            Production Events: 0, 
            Suppression Events: 0
Time: 994.14, 
            Production Events: 0, 
            Suppression Events: 2
Time: 994.14, 
            Production Events: 0, 
            Suppression Events: 0
Time: 994.14, 
            Production Events: 0, 
            Suppression Events: 0
Time: 995.32, 
            Production Events: 0, 
            Suppression Events: 2
Time: 996.61, 
            Production Events: 0, 
            Suppression Events: 2
Time: 997.28, 
            Production Events: 0, 
            Suppression Events: 1
Time: 999.8, 
            Production Events: 1, 
            Suppression Events: 1
Time: 999.8, 
            Production Events: 0, 
            Suppression Events: 0
Time: 1000.83, 
            Production Events: 0, 
            Suppression Events: 1
Simulation completed:
  Final time: 1000.8335325113662
  Total events: 992
  Wall time: 11580.42 seconds

Saving simulation results with clean separation...
Task evolution saved to: 5t5b/5t5b_mfcsb/data/param_149_rep_1_2025-11-21_182916/states.csv
Events saved to: 5t5b/5t5b_mfcsb/data/param_149_rep_1_2025-11-21_182916/events.csv
Saving event log (raw and DataFrame)...
log DataFrame size: (997, 9)
short view:
59 DataFrame
 Row  time     bee1_id  bee2_id  task_id  task_1   task_2   task_3     task_4 
      Float64  Int64    Int64    Int64    Float64  Float64  Float64    Float6 

   1      0.0        1        0        0   0.0759   0.0879  0.0933082   0.097 
   2      0.0        2        0        0   0.0901   0.0988  0.155539    0.089
   3      0.0        3        0        0   0.1166   0.1153  0.0642671   0.078
   4      0.0        4        0        0   0.1148   0.1054  0.0676091   0.196
   5      0.0        5        0        0   0.1214   0.1001  0.0613092   0.064 
                                                               2 columns omittedEvent log saved to: 5t5b/5t5b_mfcsb/data/param_149_rep_1_2025-11-21_182916/event_log.json
Event log DataFrame saved to: 5t5b/5t5b_mfcsb/data/param_149_rep_1_2025-11-21_182916/event_log.csv
Metadata and configuration saved to: 5t5b/5t5b_mfcsb/data/param_149_rep_1_2025-11-21_182916/config.json
Task index mapping saved to: 5t5b/5t5b_mfcsb/data/param_149_rep_1_2025-11-21_182916/task_index_mapping.json
All results saved to directory: 5t5b/5t5b_mfcsb/data/param_149_rep_1_2025-11-21_182916
Simulation completed successfully!
Job finished at: Fri Nov 21 09:42:46 PM CET 2025
