Job array started at: Fri Nov 21 03:32:02 PM CET 2025
Job ID: 10860462
Array Job ID: 10860410
Array Task ID: 49
Node: th-ws-740m13
Loading Julia module...
Module loaded: /software/opt/el_9/x86_64/julia/1.11.3/bin/julia
Changing to project directory...
Current directory: /scratch/n/N.Pfaffenzeller/nikolas_nethive/nethive_multiverse
Running parameter combination 49, replicate 1
Starting Julia simulation...
Running simulation with the following configuration:
  dataset_names: [:mnist, :cifar10, :svhn2, :fashion_mnist, :bank]
  param_id: 49
  n_bees: 5
  batch_size: 32
  replicate_id: 1
  punish_rate: 0.1
  punishment: time_out
  lambda_sensitivity: 10
  save_nn_epochs: 0
  production_rate: 1
  interaction_rate: 150
  batches_per_step: 50
  learning_rate: 1.0e-6
  max_output_dim: 10
  n_steps_per_epoch: 1
  dead_time: 10
  max_input_dim: 3072
  n_epochs: 1000
  seed: 1130054042

Starting simulation with configuration:
  dataset_names: [:mnist, :cifar10, :svhn2, :fashion_mnist, :bank]
  param_id: 49
  n_bees: 5
  batch_size: 32
  replicate_id: 1
  punish_rate: 0.1
  punishment: time_out
  lambda_sensitivity: 10
  save_nn_epochs: 0
  production_rate: 1
  interaction_rate: 150
  batches_per_step: 50
  run_timestamp: 2025-11-21T15:32:40.470
  learning_rate: 1.0e-6
  max_output_dim: 10
  n_steps_per_epoch: 1
  dead_time: 10
  max_input_dim: 3072
  n_epochs: 1000
  seed: 1130054042
Random seed: 1130054042

Starting simulation...
Time: 1.88, 
            Production Events: 2, 
            Suppression Events: 2
Time: 2.31, 
            Production Events: 1, 
            Suppression Events: 0
Time: 3.06, 
            Production Events: 2, 
            Suppression Events: 0
Time: 4.69, 
            Production Events: 1, 
            Suppression Events: 3
Time: 6.29, 
            Production Events: 0, 
            Suppression Events: 1
Time: 6.29, 
            Production Events: 0, 
            Suppression Events: 0
Time: 8.09, 
            Production Events: 0, 
            Suppression Events: 3
Time: 8.09, 
            Production Events: 0, 
            Suppression Events: 0
Time: 9.67, 
            Production Events: 0, 
            Suppression Events: 2
Time: 10.22, 
            Production Events: 0, 
            Suppression Events: 1
Time: 12.05, 
            Production Events: 1, 
            Suppression Events: 0
Time: 12.05, 
            Production Events: 0, 
            Suppression Events: 0
Time: 13.47, 
            Production Events: 0, 
            Suppression Events: 2
Time: 14.66, 
            Production Events: 0, 
            Suppression Events: 1
Time: 17.2, 
            Production Events: 0, 
            Suppression Events: 1
Time: 17.2, 
            Production Events: 0, 
            Suppression Events: 0
Time: 17.2, 
            Production Events: 0, 
            Suppression Events: 0
Time: 21.08, 
            Production Events: 0, 
            Suppression Events: 1
Time: 21.08, 
            Production Events: 0, 
            Suppression Events: 0
Time: 21.08, 
            Production Events: 0, 
            Suppression Events: 0
Time: 21.08, 
            Production Events: 0, 
            Suppression Events: 0
Time: 22.96, 
            Production Events: 0, 
            Suppression Events: 1
Time: 23.42, 
            Production Events: 1, 
            Suppression Events: 0
Time: 24.17, 
            Production Events: 0, 
            Suppression Events: 1
Time: 25.93, 
            Production Events: 1, 
            Suppression Events: 3
Time: 26.41, 
            Production Events: 0, 
            Suppression Events: 1
Time: 27.17, 
            Production Events: 0, 
            Suppression Events: 2
Time: 28.28, 
            Production Events: 0, 
            Suppression Events: 3
Time: 29.98, 
            Production Events: 1, 
            Suppression Events: 0
Time: 30.82, 
            Production Events: 1, 
            Suppression Events: 0
Time: 31.04, 
            Production Events: 0, 
            Suppression Events: 1
Time: 32.67, 
            Production Events: 0, 
            Suppression Events: 2
Time: 33.08, 
            Production Events: 1, 
            Suppression Events: 0
Time: 34.95, 
            Production Events: 0, 
            Suppression Events: 2
Time: 35.79, 
            Production Events: 1, 
            Suppression Events: 0
Time: 38.34, 
            Production Events: 0, 
            Suppression Events: 2
Time: 38.34, 
            Production Events: 0, 
            Suppression Events: 0
Time: 38.34, 
            Production Events: 0, 
            Suppression Events: 0
Time: 40.04, 
            Production Events: 0, 
            Suppression Events: 2
Time: 40.04, 
            Production Events: 0, 
            Suppression Events: 0
Time: 41.33, 
            Production Events: 0, 
            Suppression Events: 1
Time: 44.06, 
            Production Events: 0, 
            Suppression Events: 3
Time: 44.06, 
            Production Events: 0, 
            Suppression Events: 0
Time: 44.06, 
            Production Events: 0, 
            Suppression Events: 0
Time: 45.05, 
            Production Events: 0, 
            Suppression Events: 1
Time: 46.35, 
            Production Events: 0, 
            Suppression Events: 1
Time: 47.78, 
            Production Events: 0, 
            Suppression Events: 2
Time: 48.43, 
            Production Events: 1, 
            Suppression Events: 0
Time: 50.0, 
            Production Events: 1, 
            Suppression Events: 0
Time: 50.47, 
            Production Events: 0, 
            Suppression Events: 1
Time: 52.45, 
            Production Events: 0, 
            Suppression Events: 2
Time: 52.45, 
            Production Events: 0, 
            Suppression Events: 0
Time: 54.16, 
            Production Events: 0, 
            Suppression Events: 2
Time: 54.16, 
            Production Events: 0, 
            Suppression Events: 0
Time: 55.84, 
            Production Events: 0, 
            Suppression Events: 2
Time: 56.41, 
            Production Events: 1, 
            Suppression Events: 1
Time: 58.17, 
            Production Events: 0, 
            Suppression Events: 1
Time: 58.17, 
            Production Events: 0, 
            Suppression Events: 0
Time: 59.2, 
            Production Events: 0, 
            Suppression Events: 2
Time: 60.23, 
            Production Events: 1, 
            Suppression Events: 2
Time: 64.49, 
            Production Events: 1, 
            Suppression Events: 1
Time: 64.49, 
            Production Events: 0, 
            Suppression Events: 0
Time: 64.49, 
            Production Events: 0, 
            Suppression Events: 0
Time: 64.49, 
            Production Events: 0, 
            Suppression Events: 0
Time: 66.25, 
            Production Events: 1, 
            Suppression Events: 0
Time: 66.25, 
            Production Events: 0, 
            Suppression Events: 0
Time: 67.09, 
            Production Events: 0, 
            Suppression Events: 2
Time: 68.31, 
            Production Events: 0, 
            Suppression Events: 2
Time: 69.1, 
            Production Events: 2, 
            Suppression Events: 2
Time: 70.66, 
            Production Events: 1, 
            Suppression Events: 0
Time: 71.83, 
            Production Events: 0, 
            Suppression Events: 1
Time: 72.33, 
            Production Events: 1, 
            Suppression Events: 0
Time: 73.17, 
            Production Events: 0, 
            Suppression Events: 1
Time: 74.34, 
            Production Events: 0, 
            Suppression Events: 2
Time: 75.6, 
            Production Events: 1, 
            Suppression Events: 1
Time: 79.77, 
            Production Events: 0, 
            Suppression Events: 1
Time: 79.77, 
            Production Events: 0, 
            Suppression Events: 0
Time: 79.77, 
            Production Events: 0, 
            Suppression Events: 0
Time: 79.77, 
            Production Events: 0, 
            Suppression Events: 0
Time: 80.4, 
            Production Events: 1, 
            Suppression Events: 1
Time: 82.6, 
            Production Events: 0, 
            Suppression Events: 1
Time: 82.6, 
            Production Events: 0, 
            Suppression Events: 0
Time: 85.01, 
            Production Events: 0, 
            Suppression Events: 1
Time: 85.01, 
            Production Events: 0, 
            Suppression Events: 0
Time: 85.01, 
            Production Events: 0, 
            Suppression Events: 0
Time: 88.97, 
            Production Events: 0, 
            Suppression Events: 1
Time: 88.97, 
            Production Events: 0, 
            Suppression Events: 0
Time: 88.97, 
            Production Events: 0, 
            Suppression Events: 0
Time: 89.14, 
            Production Events: 0, 
            Suppression Events: 1
Time: 90.48, 
            Production Events: 0, 
            Suppression Events: 2
Time: 92.0, 
            Production Events: 1, 
            Suppression Events: 2
Time: 92.0, 
            Production Events: 0, 
            Suppression Events: 0
Time: 95.92, 
            Production Events: 0, 
            Suppression Events: 1
Time: 95.92, 
            Production Events: 0, 
            Suppression Events: 0
Time: 95.92, 
            Production Events: 0, 
            Suppression Events: 0
Time: 96.32, 
            Production Events: 1, 
            Suppression Events: 1
Time: 97.71, 
            Production Events: 0, 
            Suppression Events: 1
Time: 98.89, 
            Production Events: 0, 
            Suppression Events: 1
Time: 99.57, 
            Production Events: 0, 
            Suppression Events: 1
Time: 100.27, 
            Production Events: 1, 
            Suppression Events: 1
Time: 102.2, 
            Production Events: 0, 
            Suppression Events: 1
Time: 102.2, 
            Production Events: 0, 
            Suppression Events: 0
Time: 103.85, 
            Production Events: 0, 
            Suppression Events: 1
Time: 105.76, 
            Production Events: 0, 
            Suppression Events: 1
Time: 105.76, 
            Production Events: 0, 
            Suppression Events: 0
Time: 106.08, 
            Production Events: 1, 
            Suppression Events: 0
Time: 107.17, 
            Production Events: 0, 
            Suppression Events: 2
Time: 109.38, 
            Production Events: 1, 
            Suppression Events: 0
Time: 109.38, 
            Production Events: 0, 
            Suppression Events: 0
Time: 110.92, 
            Production Events: 0, 
            Suppression Events: 2
Time: 111.02, 
            Production Events: 0, 
            Suppression Events: 1
Time: 113.3, 
            Production Events: 0, 
            Suppression Events: 2
Time: 113.3, 
            Production Events: 0, 
            Suppression Events: 0
Time: 116.16, 
            Production Events: 0, 
            Suppression Events: 2
Time: 116.16, 
            Production Events: 0, 
            Suppression Events: 0
Time: 116.16, 
            Production Events: 0, 
            Suppression Events: 0
Time: 118.03, 
            Production Events: 1, 
            Suppression Events: 1
Time: 118.03, 
            Production Events: 0, 
            Suppression Events: 0
Time: 119.62, 
            Production Events: 0, 
            Suppression Events: 1
Time: 120.77, 
            Production Events: 1, 
            Suppression Events: 0
Time: 121.43, 
            Production Events: 0, 
            Suppression Events: 1
Time: 122.83, 
            Production Events: 0, 
            Suppression Events: 1
Time: 123.25, 
            Production Events: 1, 
            Suppression Events: 0
Time: 125.14, 
            Production Events: 0, 
            Suppression Events: 1
Time: 125.14, 
            Production Events: 0, 
            Suppression Events: 0
Time: 126.07, 
            Production Events: 0, 
            Suppression Events: 1
Time: 127.28, 
            Production Events: 1, 
            Suppression Events: 2
Time: 128.09, 
            Production Events: 1, 
            Suppression Events: 1
Time: 131.14, 
            Production Events: 1, 
            Suppression Events: 2
Time: 131.14, 
            Production Events: 0, 
            Suppression Events: 0
Time: 131.14, 
            Production Events: 0, 
            Suppression Events: 0
Time: 136.97, 
            Production Events: 0, 
            Suppression Events: 1
Time: 136.97, 
            Production Events: 0, 
            Suppression Events: 0
Time: 136.97, 
            Production Events: 0, 
            Suppression Events: 0
Time: 136.97, 
            Production Events: 0, 
            Suppression Events: 0
Time: 136.97, 
            Production Events: 0, 
            Suppression Events: 0
Time: 137.07, 
            Production Events: 0, 
            Suppression Events: 1
Time: 138.15, 
            Production Events: 1, 
            Suppression Events: 1
Time: 140.12, 
            Production Events: 0, 
            Suppression Events: 1
Time: 140.12, 
            Production Events: 0, 
            Suppression Events: 0
Time: 141.87, 
            Production Events: 0, 
            Suppression Events: 1
Time: 142.01, 
            Production Events: 0, 
            Suppression Events: 1
Time: 144.26, 
            Production Events: 1, 
            Suppression Events: 4
Time: 144.26, 
            Production Events: 0, 
            Suppression Events: 0
Time: 145.52, 
            Production Events: 0, 
            Suppression Events: 2
Time: 147.47, 
            Production Events: 0, 
            Suppression Events: 1
Time: 147.47, 
            Production Events: 0, 
            Suppression Events: 0
Time: 148.25, 
            Production Events: 0, 
            Suppression Events: 1
Time: 151.74, 
            Production Events: 0, 
            Suppression Events: 1
Time: 151.74, 
            Production Events: 0, 
            Suppression Events: 0
Time: 151.74, 
            Production Events: 0, 
            Suppression Events: 0
Time: 152.13, 
            Production Events: 0, 
            Suppression Events: 1
Time: 154.26, 
            Production Events: 1, 
            Suppression Events: 3
Time: 154.26, 
            Production Events: 0, 
            Suppression Events: 0
Time: 155.01, 
            Production Events: 0, 
            Suppression Events: 1
Time: 157.21, 
            Production Events: 0, 
            Suppression Events: 1
Time: 157.21, 
            Production Events: 0, 
            Suppression Events: 0
Time: 158.27, 
            Production Events: 0, 
            Suppression Events: 1
Time: 159.04, 
            Production Events: 0, 
            Suppression Events: 2
Time: 160.39, 
            Production Events: 0, 
            Suppression Events: 2
Time: 161.08, 
            Production Events: 0, 
            Suppression Events: 2
Time: 163.57, 
            Production Events: 0, 
            Suppression Events: 1
Time: 163.57, 
            Production Events: 0, 
            Suppression Events: 0
Time: 166.44, 
            Production Events: 0, 
            Suppression Events: 1
Time: 166.44, 
            Production Events: 0, 
            Suppression Events: 0
Time: 166.44, 
            Production Events: 0, 
            Suppression Events: 0
Time: 169.86, 
            Production Events: 0, 
            Suppression Events: 1
Time: 169.86, 
            Production Events: 0, 
            Suppression Events: 0
Time: 169.86, 
            Production Events: 0, 
            Suppression Events: 0
Time: 170.06, 
            Production Events: 1, 
            Suppression Events: 1
Time: 171.48, 
            Production Events: 0, 
            Suppression Events: 1
Time: 172.39, 
            Production Events: 1, 
            Suppression Events: 0
Time: 173.9, 
            Production Events: 0, 
            Suppression Events: 2
Time: 174.02, 
            Production Events: 0, 
            Suppression Events: 1
Time: 176.15, 
            Production Events: 0, 
            Suppression Events: 1
Time: 176.15, 
            Production Events: 0, 
            Suppression Events: 0
Time: 178.48, 
            Production Events: 1, 
            Suppression Events: 1
Time: 178.48, 
            Production Events: 0, 
            Suppression Events: 0
Time: 180.1, 
            Production Events: 1, 
            Suppression Events: 3
Time: 180.1, 
            Production Events: 0, 
            Suppression Events: 0
Time: 183.04, 
            Production Events: 0, 
            Suppression Events: 1
Time: 183.04, 
            Production Events: 0, 
            Suppression Events: 0
Time: 183.04, 
            Production Events: 0, 
            Suppression Events: 0
Time: 184.15, 
            Production Events: 0, 
            Suppression Events: 2
Time: 185.61, 
            Production Events: 0, 
            Suppression Events: 1
Time: 186.21, 
            Production Events: 0, 
            Suppression Events: 1
Time: 187.62, 
            Production Events: 0, 
            Suppression Events: 1
Time: 188.81, 
            Production Events: 0, 
            Suppression Events: 1
Time: 189.33, 
            Production Events: 0, 
            Suppression Events: 1
Time: 190.5, 
            Production Events: 0, 
            Suppression Events: 3
Time: 194.24, 
            Production Events: 0, 
            Suppression Events: 3
Time: 194.24, 
            Production Events: 0, 
            Suppression Events: 0
Time: 194.24, 
            Production Events: 0, 
            Suppression Events: 0
Time: 194.24, 
            Production Events: 0, 
            Suppression Events: 0
Time: 195.5, 
            Production Events: 0, 
            Suppression Events: 2
Time: 197.09, 
            Production Events: 0, 
            Suppression Events: 2
Time: 197.09, 
            Production Events: 0, 
            Suppression Events: 0
Time: 198.99, 
            Production Events: 1, 
            Suppression Events: 1
Time: 199.33, 
            Production Events: 0, 
            Suppression Events: 1
Time: 200.27, 
            Production Events: 0, 
            Suppression Events: 4
Time: 201.59, 
            Production Events: 1, 
            Suppression Events: 0
Time: 202.97, 
            Production Events: 0, 
            Suppression Events: 2
Time: 203.51, 
            Production Events: 0, 
            Suppression Events: 1
Time: 204.53, 
            Production Events: 0, 
            Suppression Events: 1
Time: 205.23, 
            Production Events: 0, 
            Suppression Events: 2
Time: 207.12, 
            Production Events: 0, 
            Suppression Events: 4
Time: 207.12, 
            Production Events: 0, 
            Suppression Events: 0
Time: 208.16, 
            Production Events: 3, 
            Suppression Events: 0
Time: 209.16, 
            Production Events: 1, 
            Suppression Events: 2
Time: 212.6, 
            Production Events: 0, 
            Suppression Events: 1
Time: 212.6, 
            Production Events: 0, 
            Suppression Events: 0
Time: 212.6, 
            Production Events: 0, 
            Suppression Events: 0
Time: 217.1, 
            Production Events: 0, 
            Suppression Events: 1
Time: 217.1, 
            Production Events: 0, 
            Suppression Events: 0
Time: 217.1, 
            Production Events: 0, 
            Suppression Events: 0
Time: 217.1, 
            Production Events: 0, 
            Suppression Events: 0
Time: 217.1, 
            Production Events: 0, 
            Suppression Events: 0
Time: 218.71, 
            Production Events: 0, 
            Suppression Events: 1
Time: 220.97, 
            Production Events: 1, 
            Suppression Events: 1
Time: 220.97, 
            Production Events: 0, 
            Suppression Events: 0
Time: 221.02, 
            Production Events: 1, 
            Suppression Events: 0
Time: 222.53, 
            Production Events: 0, 
            Suppression Events: 2
Time: 224.4, 
            Production Events: 0, 
            Suppression Events: 1
Time: 224.4, 
            Production Events: 0, 
            Suppression Events: 0
Time: 227.86, 
            Production Events: 0, 
            Suppression Events: 2
Time: 227.86, 
            Production Events: 0, 
            Suppression Events: 0
Time: 227.86, 
            Production Events: 0, 
            Suppression Events: 0
Time: 232.58, 
            Production Events: 0, 
            Suppression Events: 1
Time: 232.58, 
            Production Events: 0, 
            Suppression Events: 0
Time: 232.58, 
            Production Events: 0, 
            Suppression Events: 0
Time: 232.58, 
            Production Events: 0, 
            Suppression Events: 0
Time: 232.58, 
            Production Events: 0, 
            Suppression Events: 0
Time: 233.89, 
            Production Events: 0, 
            Suppression Events: 1
Time: 234.26, 
            Production Events: 0, 
            Suppression Events: 1
Time: 235.72, 
            Production Events: 0, 
            Suppression Events: 1
Time: 236.89, 
            Production Events: 0, 
            Suppression Events: 1
Time: 237.91, 
            Production Events: 0, 
            Suppression Events: 1
Time: 238.91, 
            Production Events: 1, 
            Suppression Events: 0
Time: 239.14, 
            Production Events: 0, 
            Suppression Events: 1
Time: 240.6, 
            Production Events: 0, 
            Suppression Events: 1
Time: 244.13, 
            Production Events: 1, 
            Suppression Events: 2
Time: 244.13, 
            Production Events: 0, 
            Suppression Events: 0
Time: 244.13, 
            Production Events: 0, 
            Suppression Events: 0
Time: 244.13, 
            Production Events: 0, 
            Suppression Events: 0
Time: 247.46, 
            Production Events: 1, 
            Suppression Events: 1
Time: 247.46, 
            Production Events: 0, 
            Suppression Events: 0
Time: 247.46, 
            Production Events: 0, 
            Suppression Events: 0
Time: 248.03, 
            Production Events: 2, 
            Suppression Events: 3
Time: 249.39, 
            Production Events: 1, 
            Suppression Events: 0
Time: 250.06, 
            Production Events: 0, 
            Suppression Events: 1
Time: 253.2, 
            Production Events: 0, 
            Suppression Events: 5
Time: 253.2, 
            Production Events: 0, 
            Suppression Events: 0
Time: 253.2, 
            Production Events: 0, 
            Suppression Events: 0
Time: 257.9, 
            Production Events: 1, 
            Suppression Events: 1
Time: 257.9, 
            Production Events: 0, 
            Suppression Events: 0
Time: 257.9, 
            Production Events: 0, 
            Suppression Events: 0
Time: 257.9, 
            Production Events: 0, 
            Suppression Events: 0
Time: 258.46, 
            Production Events: 0, 
            Suppression Events: 1
Time: 259.63, 
            Production Events: 1, 
            Suppression Events: 1
Time: 260.78, 
            Production Events: 0, 
            Suppression Events: 1
Time: 261.92, 
            Production Events: 0, 
            Suppression Events: 1
Time: 262.55, 
            Production Events: 0, 
            Suppression Events: 1
Time: 263.28, 
            Production Events: 0, 
            Suppression Events: 1
Time: 265.65, 
            Production Events: 0, 
            Suppression Events: 2
Time: 265.65, 
            Production Events: 0, 
            Suppression Events: 0
Time: 266.3, 
            Production Events: 0, 
            Suppression Events: 1
Time: 268.81, 
            Production Events: 0, 
            Suppression Events: 3
Time: 268.81, 
            Production Events: 0, 
            Suppression Events: 0
Time: 269.19, 
            Production Events: 0, 
            Suppression Events: 1
Time: 270.29, 
            Production Events: 1, 
            Suppression Events: 2
Time: 271.0, 
            Production Events: 0, 
            Suppression Events: 1
Time: 272.5, 
            Production Events: 1, 
            Suppression Events: 1
Time: 273.14, 
            Production Events: 0, 
            Suppression Events: 1
Time: 275.23, 
            Production Events: 0, 
            Suppression Events: 1
Time: 275.23, 
            Production Events: 0, 
            Suppression Events: 0
Time: 276.23, 
            Production Events: 0, 
            Suppression Events: 2
Time: 278.15, 
            Production Events: 0, 
            Suppression Events: 2
Time: 278.15, 
            Production Events: 0, 
            Suppression Events: 0
Time: 279.16, 
            Production Events: 0, 
            Suppression Events: 2
Time: 280.02, 
            Production Events: 0, 
            Suppression Events: 2
Time: 281.14, 
            Production Events: 0, 
            Suppression Events: 1
Time: 283.55, 
            Production Events: 1, 
            Suppression Events: 0
Time: 283.55, 
            Production Events: 0, 
            Suppression Events: 0
Time: 284.77, 
            Production Events: 0, 
            Suppression Events: 1
Time: 285.97, 
            Production Events: 1, 
            Suppression Events: 0
Time: 287.05, 
            Production Events: 0, 
            Suppression Events: 1
Time: 287.05, 
            Production Events: 0, 
            Suppression Events: 0
Time: 288.21, 
            Production Events: 0, 
            Suppression Events: 3
Time: 290.32, 
            Production Events: 0, 
            Suppression Events: 1
Time: 290.32, 
            Production Events: 0, 
            Suppression Events: 0
Time: 293.38, 
            Production Events: 0, 
            Suppression Events: 1
Time: 293.38, 
            Production Events: 0, 
            Suppression Events: 0
Time: 293.38, 
            Production Events: 0, 
            Suppression Events: 0
Time: 295.86, 
            Production Events: 0, 
            Suppression Events: 1
Time: 295.86, 
            Production Events: 0, 
            Suppression Events: 0
Time: 296.07, 
            Production Events: 0, 
            Suppression Events: 1
Time: 297.4, 
            Production Events: 1, 
            Suppression Events: 1
Time: 298.34, 
            Production Events: 0, 
            Suppression Events: 1
Time: 299.35, 
            Production Events: 0, 
            Suppression Events: 2
Time: 301.8, 
            Production Events: 0, 
            Suppression Events: 2
Time: 301.8, 
            Production Events: 0, 
            Suppression Events: 0
Time: 302.03, 
            Production Events: 0, 
            Suppression Events: 1
Time: 303.11, 
            Production Events: 1, 
            Suppression Events: 1
Time: 304.69, 
            Production Events: 0, 
            Suppression Events: 2
Time: 305.26, 
            Production Events: 0, 
            Suppression Events: 2
Time: 306.11, 
            Production Events: 0, 
            Suppression Events: 3
Time: 307.14, 
            Production Events: 0, 
            Suppression Events: 1
Time: 310.43, 
            Production Events: 1, 
            Suppression Events: 2
Time: 310.43, 
            Production Events: 0, 
            Suppression Events: 0
Time: 310.43, 
            Production Events: 0, 
            Suppression Events: 0
Time: 311.67, 
            Production Events: 0, 
            Suppression Events: 2
Time: 313.58, 
            Production Events: 0, 
            Suppression Events: 1
Time: 313.58, 
            Production Events: 0, 
            Suppression Events: 0
Time: 315.07, 
            Production Events: 0, 
            Suppression Events: 1
Time: 315.07, 
            Production Events: 0, 
            Suppression Events: 0
Time: 317.32, 
            Production Events: 0, 
            Suppression Events: 1
Time: 317.32, 
            Production Events: 0, 
            Suppression Events: 0
Time: 320.25, 
            Production Events: 0, 
            Suppression Events: 2
Time: 320.25, 
            Production Events: 0, 
            Suppression Events: 0
Time: 320.25, 
            Production Events: 0, 
            Suppression Events: 0
Time: 321.97, 
            Production Events: 0, 
            Suppression Events: 1
Time: 324.12, 
            Production Events: 1, 
            Suppression Events: 0
Time: 324.12, 
            Production Events: 0, 
            Suppression Events: 0
Time: 324.12, 
            Production Events: 0, 
            Suppression Events: 0
Time: 325.29, 
            Production Events: 0, 
            Suppression Events: 5
Time: 327.39, 
            Production Events: 1, 
            Suppression Events: 1
Time: 327.39, 
            Production Events: 0, 
            Suppression Events: 0
Time: 328.09, 
            Production Events: 0, 
            Suppression Events: 1
Time: 329.59, 
            Production Events: 1, 
            Suppression Events: 1
Time: 330.94, 
            Production Events: 0, 
            Suppression Events: 1
Time: 332.72, 
            Production Events: 0, 
            Suppression Events: 1
Time: 332.72, 
            Production Events: 0, 
            Suppression Events: 0
Time: 335.84, 
            Production Events: 0, 
            Suppression Events: 1
Time: 335.84, 
            Production Events: 0, 
            Suppression Events: 0
Time: 335.84, 
            Production Events: 0, 
            Suppression Events: 0
Time: 336.16, 
            Production Events: 0, 
            Suppression Events: 1
Time: 337.15, 
            Production Events: 0, 
            Suppression Events: 1
Time: 338.63, 
            Production Events: 0, 
            Suppression Events: 2
Time: 340.4, 
            Production Events: 0, 
            Suppression Events: 1
Time: 340.4, 
            Production Events: 0, 
            Suppression Events: 0
Time: 341.69, 
            Production Events: 0, 
            Suppression Events: 1
Time: 342.16, 
            Production Events: 1, 
            Suppression Events: 0
Time: 343.04, 
            Production Events: 1, 
            Suppression Events: 2
Time: 344.8, 
            Production Events: 0, 
            Suppression Events: 3
Time: 346.24, 
            Production Events: 0, 
            Suppression Events: 2
Time: 346.24, 
            Production Events: 0, 
            Suppression Events: 0
Time: 348.19, 
            Production Events: 0, 
            Suppression Events: 1
Time: 348.19, 
            Production Events: 0, 
            Suppression Events: 0
Time: 349.07, 
            Production Events: 0, 
            Suppression Events: 3
Time: 350.06, 
            Production Events: 2, 
            Suppression Events: 1
Time: 351.21, 
            Production Events: 0, 
            Suppression Events: 1
Time: 355.38, 
            Production Events: 0, 
            Suppression Events: 1
Time: 355.38, 
            Production Events: 0, 
            Suppression Events: 0
Time: 355.38, 
            Production Events: 0, 
            Suppression Events: 0
Time: 355.38, 
            Production Events: 0, 
            Suppression Events: 0
Time: 356.03, 
            Production Events: 0, 
            Suppression Events: 1
Time: 358.43, 
            Production Events: 0, 
            Suppression Events: 2
Time: 358.43, 
            Production Events: 0, 
            Suppression Events: 0
Time: 360.18, 
            Production Events: 0, 
            Suppression Events: 1
Time: 360.18, 
            Production Events: 0, 
            Suppression Events: 0
Time: 361.02, 
            Production Events: 0, 
            Suppression Events: 2
Time: 362.03, 
            Production Events: 0, 
            Suppression Events: 2
Time: 363.0, 
            Production Events: 0, 
            Suppression Events: 1
Time: 366.24, 
            Production Events: 0, 
            Suppression Events: 1
Time: 366.24, 
            Production Events: 0, 
            Suppression Events: 0
Time: 366.24, 
            Production Events: 0, 
            Suppression Events: 0
Time: 367.02, 
            Production Events: 1, 
            Suppression Events: 3
Time: 371.89, 
            Production Events: 1, 
            Suppression Events: 1
Time: 371.89, 
            Production Events: 0, 
            Suppression Events: 0
Time: 371.89, 
            Production Events: 0, 
            Suppression Events: 0
Time: 371.89, 
            Production Events: 0, 
            Suppression Events: 0
Time: 375.55, 
            Production Events: 0, 
            Suppression Events: 1
Time: 375.55, 
            Production Events: 0, 
            Suppression Events: 0
Time: 375.55, 
            Production Events: 0, 
            Suppression Events: 0
Time: 375.55, 
            Production Events: 0, 
            Suppression Events: 0
Time: 377.94, 
            Production Events: 0, 
            Suppression Events: 1
Time: 377.94, 
            Production Events: 0, 
            Suppression Events: 0
Time: 378.42, 
            Production Events: 0, 
            Suppression Events: 1
Time: 379.27, 
            Production Events: 0, 
            Suppression Events: 1
Time: 381.14, 
            Production Events: 0, 
            Suppression Events: 1
Time: 381.14, 
            Production Events: 0, 
            Suppression Events: 0
Time: 382.35, 
            Production Events: 0, 
            Suppression Events: 1
Time: 383.55, 
            Production Events: 1, 
            Suppression Events: 1
Time: 384.68, 
            Production Events: 0, 
            Suppression Events: 1
Time: 385.94, 
            Production Events: 0, 
            Suppression Events: 1
Time: 386.81, 
            Production Events: 0, 
            Suppression Events: 1
Time: 387.1, 
            Production Events: 0, 
            Suppression Events: 1
Time: 388.04, 
            Production Events: 0, 
            Suppression Events: 2
Time: 389.46, 
            Production Events: 0, 
            Suppression Events: 2
Time: 392.74, 
            Production Events: 0, 
            Suppression Events: 1
Time: 392.74, 
            Production Events: 0, 
            Suppression Events: 0
Time: 392.74, 
            Production Events: 0, 
            Suppression Events: 0
Time: 394.31, 
            Production Events: 0, 
            Suppression Events: 2
Time: 394.31, 
            Production Events: 0, 
            Suppression Events: 0
Time: 395.48, 
            Production Events: 0, 
            Suppression Events: 2
Time: 398.8, 
            Production Events: 1, 
            Suppression Events: 3
Time: 398.8, 
            Production Events: 0, 
            Suppression Events: 0
Time: 398.8, 
            Production Events: 0, 
            Suppression Events: 0
Time: 399.29, 
            Production Events: 1, 
            Suppression Events: 0
Time: 400.63, 
            Production Events: 1, 
            Suppression Events: 0
Time: 401.11, 
            Production Events: 0, 
            Suppression Events: 1
Time: 404.23, 
            Production Events: 0, 
            Suppression Events: 5
Time: 404.23, 
            Production Events: 0, 
            Suppression Events: 0
Time: 404.23, 
            Production Events: 0, 
            Suppression Events: 0
Time: 405.15, 
            Production Events: 0, 
            Suppression Events: 1
Time: 406.1, 
            Production Events: 0, 
            Suppression Events: 2
Time: 407.9, 
            Production Events: 0, 
            Suppression Events: 1
Time: 408.95, 
            Production Events: 0, 
            Suppression Events: 1
Time: 409.71, 
            Production Events: 0, 
            Suppression Events: 1
Time: 410.24, 
            Production Events: 1, 
            Suppression Events: 1
Time: 411.9, 
            Production Events: 0, 
            Suppression Events: 3
Time: 413.45, 
            Production Events: 0, 
            Suppression Events: 1
Time: 413.45, 
            Production Events: 0, 
            Suppression Events: 0
Time: 414.14, 
            Production Events: 0, 
            Suppression Events: 2
Time: 416.53, 
            Production Events: 0, 
            Suppression Events: 3
Time: 416.53, 
            Production Events: 0, 
            Suppression Events: 0
Time: 417.02, 
            Production Events: 0, 
            Suppression Events: 1
Time: 418.21, 
            Production Events: 0, 
            Suppression Events: 1
Time: 419.33, 
            Production Events: 1, 
            Suppression Events: 1
Time: 420.47, 
            Production Events: 0, 
            Suppression Events: 1
Time: 422.92, 
            Production Events: 0, 
            Suppression Events: 2
Time: 422.92, 
            Production Events: 0, 
            Suppression Events: 0
Time: 423.79, 
            Production Events: 0, 
            Suppression Events: 1
Time: 427.28, 
            Production Events: 0, 
            Suppression Events: 3
Time: 427.28, 
            Production Events: 0, 
            Suppression Events: 0
Time: 427.28, 
            Production Events: 0, 
            Suppression Events: 0
Time: 427.28, 
            Production Events: 0, 
            Suppression Events: 0
Time: 428.05, 
            Production Events: 0, 
            Suppression Events: 1
Time: 429.21, 
            Production Events: 0, 
            Suppression Events: 2
Time: 431.61, 
            Production Events: 2, 
            Suppression Events: 1
Time: 431.61, 
            Production Events: 0, 
            Suppression Events: 0
Time: 432.59, 
            Production Events: 0, 
            Suppression Events: 1
Time: 433.98, 
            Production Events: 0, 
            Suppression Events: 1
Time: 435.81, 
            Production Events: 0, 
            Suppression Events: 1
Time: 435.81, 
            Production Events: 0, 
            Suppression Events: 0
Time: 437.6, 
            Production Events: 0, 
            Suppression Events: 1
Time: 437.6, 
            Production Events: 0, 
            Suppression Events: 0
Time: 440.01, 
            Production Events: 0, 
            Suppression Events: 2
Time: 440.01, 
            Production Events: 0, 
            Suppression Events: 0
Time: 440.01, 
            Production Events: 0, 
            Suppression Events: 0
Time: 443.08, 
            Production Events: 0, 
            Suppression Events: 2
Time: 443.08, 
            Production Events: 0, 
            Suppression Events: 0
Time: 443.08, 
            Production Events: 0, 
            Suppression Events: 0
Time: 446.42, 
            Production Events: 1, 
            Suppression Events: 3
Time: 446.42, 
            Production Events: 0, 
            Suppression Events: 0
Time: 446.42, 
            Production Events: 0, 
            Suppression Events: 0
Time: 447.53, 
            Production Events: 0, 
            Suppression Events: 2
Time: 448.9, 
            Production Events: 1, 
            Suppression Events: 0
Time: 449.19, 
            Production Events: 1, 
            Suppression Events: 0
Time: 451.57, 
            Production Events: 0, 
            Suppression Events: 1
Time: 451.57, 
            Production Events: 0, 
            Suppression Events: 0
Time: 452.15, 
            Production Events: 1, 
            Suppression Events: 1
Time: 453.78, 
            Production Events: 0, 
            Suppression Events: 2
Time: 455.15, 
            Production Events: 1, 
            Suppression Events: 0
Time: 455.15, 
            Production Events: 0, 
            Suppression Events: 0
Time: 456.89, 
            Production Events: 0, 
            Suppression Events: 1
Time: 457.81, 
            Production Events: 0, 
            Suppression Events: 1
Time: 459.18, 
            Production Events: 1, 
            Suppression Events: 0
Time: 459.18, 
            Production Events: 0, 
            Suppression Events: 0
Time: 462.08, 
            Production Events: 0, 
            Suppression Events: 2
Time: 462.08, 
            Production Events: 0, 
            Suppression Events: 0
Time: 462.08, 
            Production Events: 0, 
            Suppression Events: 0
Time: 464.3, 
            Production Events: 0, 
            Suppression Events: 2
Time: 464.3, 
            Production Events: 0, 
            Suppression Events: 0
Time: 465.05, 
            Production Events: 0, 
            Suppression Events: 1
Time: 466.8, 
            Production Events: 0, 
            Suppression Events: 2
Time: 468.91, 
            Production Events: 1, 
            Suppression Events: 0
Time: 468.91, 
            Production Events: 0, 
            Suppression Events: 0
Time: 469.21, 
            Production Events: 0, 
            Suppression Events: 1
Time: 471.15, 
            Production Events: 0, 
            Suppression Events: 2
Time: 471.15, 
            Production Events: 0, 
            Suppression Events: 0
Time: 475.65, 
            Production Events: 0, 
            Suppression Events: 2
Time: 475.65, 
            Production Events: 0, 
            Suppression Events: 0
Time: 475.65, 
            Production Events: 0, 
            Suppression Events: 0
Time: 475.65, 
            Production Events: 0, 
            Suppression Events: 0
Time: 476.65, 
            Production Events: 0, 
            Suppression Events: 1
Time: 477.23, 
            Production Events: 1, 
            Suppression Events: 0
Time: 479.9, 
            Production Events: 0, 
            Suppression Events: 2
Time: 479.9, 
            Production Events: 0, 
            Suppression Events: 0
Time: 480.1, 
            Production Events: 0, 
            Suppression Events: 1
Time: 481.45, 
            Production Events: 1, 
            Suppression Events: 1
Time: 483.16, 
            Production Events: 0, 
            Suppression Events: 2
Time: 483.16, 
            Production Events: 0, 
            Suppression Events: 0
Time: 485.61, 
            Production Events: 1, 
            Suppression Events: 0
Time: 485.61, 
            Production Events: 0, 
            Suppression Events: 0
Time: 488.89, 
            Production Events: 1, 
            Suppression Events: 1
Time: 488.89, 
            Production Events: 0, 
            Suppression Events: 0
Time: 488.89, 
            Production Events: 0, 
            Suppression Events: 0
Time: 489.39, 
            Production Events: 0, 
            Suppression Events: 1
Time: 491.46, 
            Production Events: 0, 
            Suppression Events: 1
Time: 491.46, 
            Production Events: 0, 
            Suppression Events: 0
Time: 492.23, 
            Production Events: 0, 
            Suppression Events: 2
Time: 495.12, 
            Production Events: 1, 
            Suppression Events: 1
Time: 495.12, 
            Production Events: 0, 
            Suppression Events: 0
Time: 495.12, 
            Production Events: 0, 
            Suppression Events: 0
Time: 496.92, 
            Production Events: 0, 
            Suppression Events: 2
Time: 497.07, 
            Production Events: 0, 
            Suppression Events: 1
Time: 498.95, 
            Production Events: 0, 
            Suppression Events: 2
Time: 500.65, 
            Production Events: 0, 
            Suppression Events: 1
Time: 500.65, 
            Production Events: 0, 
            Suppression Events: 0
Time: 501.07, 
            Production Events: 0, 
            Suppression Events: 1
Time: 502.23, 
            Production Events: 0, 
            Suppression Events: 1
Time: 503.25, 
            Production Events: 0, 
            Suppression Events: 2
Time: 505.26, 
            Production Events: 0, 
            Suppression Events: 3
Time: 505.26, 
            Production Events: 0, 
            Suppression Events: 0
Time: 506.23, 
            Production Events: 0, 
            Suppression Events: 2
Time: 508.28, 
            Production Events: 1, 
            Suppression Events: 1
Time: 508.28, 
            Production Events: 0, 
            Suppression Events: 0
Time: 509.84, 
            Production Events: 0, 
            Suppression Events: 1
Time: 510.37, 
            Production Events: 1, 
            Suppression Events: 0
Time: 511.02, 
            Production Events: 1, 
            Suppression Events: 0
Time: 512.01, 
            Production Events: 0, 
            Suppression Events: 2
Time: 513.42, 
            Production Events: 0, 
            Suppression Events: 2
Time: 514.24, 
            Production Events: 0, 
            Suppression Events: 1
Time: 516.15, 
            Production Events: 0, 
            Suppression Events: 2
Time: 516.15, 
            Production Events: 0, 
            Suppression Events: 0
Time: 517.12, 
            Production Events: 0, 
            Suppression Events: 1
Time: 518.75, 
            Production Events: 1, 
            Suppression Events: 1
Time: 519.04, 
            Production Events: 0, 
            Suppression Events: 1
Time: 520.3, 
            Production Events: 0, 
            Suppression Events: 4
Time: 521.61, 
            Production Events: 0, 
            Suppression Events: 2
Time: 523.11, 
            Production Events: 0, 
            Suppression Events: 1
Time: 523.11, 
            Production Events: 0, 
            Suppression Events: 0
Time: 525.44, 
            Production Events: 0, 
            Suppression Events: 2
Time: 525.44, 
            Production Events: 0, 
            Suppression Events: 0
Time: 526.73, 
            Production Events: 1, 
            Suppression Events: 2
Time: 529.48, 
            Production Events: 0, 
            Suppression Events: 1
Time: 529.48, 
            Production Events: 0, 
            Suppression Events: 0
Time: 529.48, 
            Production Events: 0, 
            Suppression Events: 0
Time: 530.91, 
            Production Events: 0, 
            Suppression Events: 1
Time: 532.01, 
            Production Events: 0, 
            Suppression Events: 1
Time: 532.01, 
            Production Events: 0, 
            Suppression Events: 0
Time: 536.52, 
            Production Events: 1, 
            Suppression Events: 2
Time: 536.52, 
            Production Events: 0, 
            Suppression Events: 0
Time: 536.52, 
            Production Events: 0, 
            Suppression Events: 0
Time: 536.52, 
            Production Events: 0, 
            Suppression Events: 0
Time: 538.82, 
            Production Events: 1, 
            Suppression Events: 0
Time: 538.82, 
            Production Events: 0, 
            Suppression Events: 0
Time: 539.34, 
            Production Events: 0, 
            Suppression Events: 2
Time: 540.36, 
            Production Events: 1, 
            Suppression Events: 1
Time: 541.34, 
            Production Events: 0, 
            Suppression Events: 1
Time: 542.01, 
            Production Events: 0, 
            Suppression Events: 1
Time: 544.11, 
            Production Events: 0, 
            Suppression Events: 1
Time: 544.11, 
            Production Events: 0, 
            Suppression Events: 0
Time: 547.04, 
            Production Events: 0, 
            Suppression Events: 1
Time: 547.04, 
            Production Events: 0, 
            Suppression Events: 0
Time: 547.04, 
            Production Events: 0, 
            Suppression Events: 0
Time: 548.94, 
            Production Events: 2, 
            Suppression Events: 1
Time: 550.16, 
            Production Events: 0, 
            Suppression Events: 1
Time: 550.16, 
            Production Events: 0, 
            Suppression Events: 0
Time: 551.33, 
            Production Events: 0, 
            Suppression Events: 3
Time: 552.24, 
            Production Events: 1, 
            Suppression Events: 2
Time: 553.65, 
            Production Events: 0, 
            Suppression Events: 2
Time: 555.21, 
            Production Events: 0, 
            Suppression Events: 1
Time: 555.21, 
            Production Events: 0, 
            Suppression Events: 0
Time: 556.31, 
            Production Events: 0, 
            Suppression Events: 1
Time: 558.03, 
            Production Events: 0, 
            Suppression Events: 1
Time: 558.03, 
            Production Events: 0, 
            Suppression Events: 0
Time: 560.48, 
            Production Events: 0, 
            Suppression Events: 3
Time: 560.48, 
            Production Events: 0, 
            Suppression Events: 0
Time: 561.29, 
            Production Events: 0, 
            Suppression Events: 1
Time: 562.9, 
            Production Events: 0, 
            Suppression Events: 3
Time: 564.19, 
            Production Events: 0, 
            Suppression Events: 1
Time: 564.19, 
            Production Events: 0, 
            Suppression Events: 0
Time: 565.5, 
            Production Events: 1, 
            Suppression Events: 0
Time: 566.09, 
            Production Events: 1, 
            Suppression Events: 1
Time: 568.03, 
            Production Events: 0, 
            Suppression Events: 1
Time: 568.03, 
            Production Events: 0, 
            Suppression Events: 0
Time: 569.56, 
            Production Events: 0, 
            Suppression Events: 2
Time: 570.37, 
            Production Events: 0, 
            Suppression Events: 2
Time: 571.61, 
            Production Events: 0, 
            Suppression Events: 1
Time: 573.17, 
            Production Events: 0, 
            Suppression Events: 1
Time: 573.17, 
            Production Events: 0, 
            Suppression Events: 0
Time: 574.03, 
            Production Events: 0, 
            Suppression Events: 2
Time: 575.06, 
            Production Events: 1, 
            Suppression Events: 2
Time: 576.66, 
            Production Events: 0, 
            Suppression Events: 4
Time: 577.56, 
            Production Events: 0, 
            Suppression Events: 2
Time: 579.13, 
            Production Events: 0, 
            Suppression Events: 1
Time: 579.13, 
            Production Events: 0, 
            Suppression Events: 0
Time: 581.1, 
            Production Events: 0, 
            Suppression Events: 3
Time: 581.1, 
            Production Events: 0, 
            Suppression Events: 0
Time: 582.01, 
            Production Events: 0, 
            Suppression Events: 3
Time: 587.98, 
            Production Events: 0, 
            Suppression Events: 2
Time: 587.98, 
            Production Events: 0, 
            Suppression Events: 0
Time: 587.98, 
            Production Events: 0, 
            Suppression Events: 0
Time: 587.98, 
            Production Events: 0, 
            Suppression Events: 0
Time: 587.98, 
            Production Events: 0, 
            Suppression Events: 0
Time: 591.88, 
            Production Events: 0, 
            Suppression Events: 1
Time: 591.88, 
            Production Events: 0, 
            Suppression Events: 0
Time: 591.88, 
            Production Events: 0, 
            Suppression Events: 0
Time: 591.88, 
            Production Events: 0, 
            Suppression Events: 0
Time: 592.19, 
            Production Events: 1, 
            Suppression Events: 0
Time: 593.26, 
            Production Events: 1, 
            Suppression Events: 2
Time: 597.85, 
            Production Events: 0, 
            Suppression Events: 2
Time: 597.85, 
            Production Events: 0, 
            Suppression Events: 0
Time: 597.85, 
            Production Events: 0, 
            Suppression Events: 0
Time: 597.85, 
            Production Events: 0, 
            Suppression Events: 0
Time: 599.72, 
            Production Events: 1, 
            Suppression Events: 0
Time: 599.72, 
            Production Events: 0, 
            Suppression Events: 0
Time: 600.84, 
            Production Events: 0, 
            Suppression Events: 1
Time: 601.9, 
            Production Events: 1, 
            Suppression Events: 0
Time: 602.15, 
            Production Events: 0, 
            Suppression Events: 1
Time: 607.83, 
            Production Events: 0, 
            Suppression Events: 2
Time: 607.83, 
            Production Events: 0, 
            Suppression Events: 0
Time: 607.83, 
            Production Events: 0, 
            Suppression Events: 0
Time: 607.83, 
            Production Events: 0, 
            Suppression Events: 0
Time: 607.83, 
            Production Events: 0, 
            Suppression Events: 0
Time: 608.48, 
            Production Events: 0, 
            Suppression Events: 1
Time: 609.29, 
            Production Events: 1, 
            Suppression Events: 1
Time: 610.81, 
            Production Events: 0, 
            Suppression Events: 2
Time: 612.47, 
            Production Events: 0, 
            Suppression Events: 1
Time: 612.47, 
            Production Events: 0, 
            Suppression Events: 0
Time: 613.42, 
            Production Events: 0, 
            Suppression Events: 1
Time: 614.1, 
            Production Events: 1, 
            Suppression Events: 1
Time: 615.19, 
            Production Events: 0, 
            Suppression Events: 2
Time: 616.66, 
            Production Events: 0, 
            Suppression Events: 1
Time: 617.79, 
            Production Events: 1, 
            Suppression Events: 0
Time: 618.12, 
            Production Events: 0, 
            Suppression Events: 1
Time: 619.68, 
            Production Events: 0, 
            Suppression Events: 3
Time: 620.97, 
            Production Events: 1, 
            Suppression Events: 0
Time: 623.12, 
            Production Events: 1, 
            Suppression Events: 0
Time: 623.12, 
            Production Events: 0, 
            Suppression Events: 0
Time: 623.12, 
            Production Events: 0, 
            Suppression Events: 0
Time: 625.48, 
            Production Events: 0, 
            Suppression Events: 1
Time: 625.48, 
            Production Events: 0, 
            Suppression Events: 0
Time: 627.88, 
            Production Events: 0, 
            Suppression Events: 1
Time: 627.88, 
            Production Events: 0, 
            Suppression Events: 0
Time: 628.61, 
            Production Events: 0, 
            Suppression Events: 1
Time: 629.36, 
            Production Events: 0, 
            Suppression Events: 2
Time: 630.07, 
            Production Events: 1, 
            Suppression Events: 0
Time: 632.33, 
            Production Events: 1, 
            Suppression Events: 2
Time: 632.33, 
            Production Events: 0, 
            Suppression Events: 0
Time: 633.28, 
            Production Events: 0, 
            Suppression Events: 2
Time: 636.01, 
            Production Events: 0, 
            Suppression Events: 2
Time: 636.01, 
            Production Events: 0, 
            Suppression Events: 0
Time: 636.01, 
            Production Events: 0, 
            Suppression Events: 0
Time: 637.14, 
            Production Events: 0, 
            Suppression Events: 1
Time: 641.26, 
            Production Events: 0, 
            Suppression Events: 4
Time: 641.26, 
            Production Events: 0, 
            Suppression Events: 0
Time: 641.26, 
            Production Events: 0, 
            Suppression Events: 0
Time: 641.26, 
            Production Events: 0, 
            Suppression Events: 0
Time: 642.38, 
            Production Events: 0, 
            Suppression Events: 1
Time: 643.91, 
            Production Events: 0, 
            Suppression Events: 1
Time: 644.28, 
            Production Events: 0, 
            Suppression Events: 2
Time: 646.63, 
            Production Events: 1, 
            Suppression Events: 0
Time: 646.63, 
            Production Events: 0, 
            Suppression Events: 0
Time: 647.24, 
            Production Events: 0, 
            Suppression Events: 1
Time: 650.29, 
            Production Events: 0, 
            Suppression Events: 2
Time: 650.29, 
            Production Events: 0, 
            Suppression Events: 0
Time: 650.29, 
            Production Events: 0, 
            Suppression Events: 0
Time: 651.18, 
            Production Events: 0, 
            Suppression Events: 1
Time: 653.46, 
            Production Events: 0, 
            Suppression Events: 1
Time: 653.46, 
            Production Events: 0, 
            Suppression Events: 0
Time: 655.26, 
            Production Events: 0, 
            Suppression Events: 1
Time: 655.26, 
            Production Events: 0, 
            Suppression Events: 0
Time: 656.89, 
            Production Events: 1, 
            Suppression Events: 1
Time: 657.79, 
            Production Events: 1, 
            Suppression Events: 0
Time: 658.14, 
            Production Events: 1, 
            Suppression Events: 0
Time: 659.92, 
            Production Events: 0, 
            Suppression Events: 2
Time: 661.45, 
            Production Events: 0, 
            Suppression Events: 1
Time: 661.45, 
            Production Events: 0, 
            Suppression Events: 0
Time: 664.51, 
            Production Events: 1, 
            Suppression Events: 1
Time: 664.51, 
            Production Events: 0, 
            Suppression Events: 0
Time: 664.51, 
            Production Events: 0, 
            Suppression Events: 0
Time: 665.39, 
            Production Events: 0, 
            Suppression Events: 1
Time: 668.08, 
            Production Events: 0, 
            Suppression Events: 1
Time: 668.08, 
            Production Events: 0, 
            Suppression Events: 0
Time: 668.08, 
            Production Events: 0, 
            Suppression Events: 0
Time: 670.43, 
            Production Events: 0, 
            Suppression Events: 1
Time: 670.43, 
            Production Events: 0, 
            Suppression Events: 0
Time: 671.49, 
            Production Events: 0, 
            Suppression Events: 2
Time: 673.38, 
            Production Events: 1, 
            Suppression Events: 0
Time: 673.38, 
            Production Events: 0, 
            Suppression Events: 0
Time: 674.04, 
            Production Events: 0, 
            Suppression Events: 1
Time: 675.11, 
            Production Events: 0, 
            Suppression Events: 2
Time: 677.03, 
            Production Events: 0, 
            Suppression Events: 2
Time: 677.03, 
            Production Events: 0, 
            Suppression Events: 0
Time: 681.47, 
            Production Events: 1, 
            Suppression Events: 0
Time: 681.47, 
            Production Events: 0, 
            Suppression Events: 0
Time: 681.47, 
            Production Events: 0, 
            Suppression Events: 0
Time: 681.47, 
            Production Events: 0, 
            Suppression Events: 0
Time: 684.35, 
            Production Events: 0, 
            Suppression Events: 2
Time: 684.35, 
            Production Events: 0, 
            Suppression Events: 0
Time: 684.35, 
            Production Events: 0, 
            Suppression Events: 0
Time: 689.13, 
            Production Events: 0, 
            Suppression Events: 1
Time: 689.13, 
            Production Events: 0, 
            Suppression Events: 0
Time: 689.13, 
            Production Events: 0, 
            Suppression Events: 0
Time: 689.13, 
            Production Events: 0, 
            Suppression Events: 0
Time: 689.13, 
            Production Events: 0, 
            Suppression Events: 0
Time: 690.02, 
            Production Events: 0, 
            Suppression Events: 1
Time: 692.72, 
            Production Events: 0, 
            Suppression Events: 3
Time: 692.72, 
            Production Events: 0, 
            Suppression Events: 0
Time: 693.15, 
            Production Events: 0, 
            Suppression Events: 1
Time: 694.91, 
            Production Events: 0, 
            Suppression Events: 3
Time: 697.56, 
            Production Events: 0, 
            Suppression Events: 1
Time: 697.56, 
            Production Events: 0, 
            Suppression Events: 0
Time: 697.56, 
            Production Events: 0, 
            Suppression Events: 0
Time: 698.62, 
            Production Events: 0, 
            Suppression Events: 1
Time: 699.63, 
            Production Events: 0, 
            Suppression Events: 2
Time: 700.22, 
            Production Events: 1, 
            Suppression Events: 0
Time: 701.18, 
            Production Events: 0, 
            Suppression Events: 1
Time: 702.73, 
            Production Events: 1, 
            Suppression Events: 1
Time: 703.56, 
            Production Events: 0, 
            Suppression Events: 1
Time: 704.61, 
            Production Events: 0, 
            Suppression Events: 2
Time: 705.21, 
            Production Events: 0, 
            Suppression Events: 2
Time: 706.32, 
            Production Events: 1, 
            Suppression Events: 1
Time: 709.54, 
            Production Events: 0, 
            Suppression Events: 1
Time: 709.54, 
            Production Events: 0, 
            Suppression Events: 0
Time: 709.54, 
            Production Events: 0, 
            Suppression Events: 0
Time: 711.07, 
            Production Events: 1, 
            Suppression Events: 0
Time: 711.07, 
            Production Events: 0, 
            Suppression Events: 0
Time: 715.56, 
            Production Events: 1, 
            Suppression Events: 3
Time: 715.56, 
            Production Events: 0, 
            Suppression Events: 0
Time: 715.56, 
            Production Events: 0, 
            Suppression Events: 0
Time: 715.56, 
            Production Events: 0, 
            Suppression Events: 0
Time: 716.69, 
            Production Events: 0, 
            Suppression Events: 3
Time: 717.6, 
            Production Events: 1, 
            Suppression Events: 1
Time: 719.17, 
            Production Events: 0, 
            Suppression Events: 1
Time: 719.17, 
            Production Events: 0, 
            Suppression Events: 0
Time: 720.56, 
            Production Events: 0, 
            Suppression Events: 1
Time: 722.01, 
            Production Events: 2, 
            Suppression Events: 0
Time: 722.01, 
            Production Events: 0, 
            Suppression Events: 0
Time: 724.27, 
            Production Events: 0, 
            Suppression Events: 2
Time: 724.27, 
            Production Events: 0, 
            Suppression Events: 0
Time: 725.27, 
            Production Events: 0, 
            Suppression Events: 1
Time: 730.92, 
            Production Events: 1, 
            Suppression Events: 0
Time: 730.92, 
            Production Events: 0, 
            Suppression Events: 0
Time: 730.92, 
            Production Events: 0, 
            Suppression Events: 0
Time: 730.92, 
            Production Events: 0, 
            Suppression Events: 0
Time: 730.92, 
            Production Events: 0, 
            Suppression Events: 0
Time: 732.36, 
            Production Events: 0, 
            Suppression Events: 1
Time: 732.36, 
            Production Events: 0, 
            Suppression Events: 0
Time: 733.72, 
            Production Events: 0, 
            Suppression Events: 2
Time: 734.22, 
            Production Events: 1, 
            Suppression Events: 0
Time: 735.85, 
            Production Events: 1, 
            Suppression Events: 2
Time: 736.81, 
            Production Events: 0, 
            Suppression Events: 2
Time: 737.06, 
            Production Events: 0, 
            Suppression Events: 1
Time: 738.18, 
            Production Events: 0, 
            Suppression Events: 1
Time: 739.47, 
            Production Events: 0, 
            Suppression Events: 1
Time: 740.52, 
            Production Events: 1, 
            Suppression Events: 2
Time: 741.21, 
            Production Events: 0, 
            Suppression Events: 3
Time: 743.1, 
            Production Events: 0, 
            Suppression Events: 2
Time: 743.1, 
            Production Events: 0, 
            Suppression Events: 0
Time: 746.98, 
            Production Events: 0, 
            Suppression Events: 1
Time: 746.98, 
            Production Events: 0, 
            Suppression Events: 0
Time: 746.98, 
            Production Events: 0, 
            Suppression Events: 0
Time: 747.28, 
            Production Events: 0, 
            Suppression Events: 1
Time: 748.52, 
            Production Events: 0, 
            Suppression Events: 1
Time: 749.27, 
            Production Events: 0, 
            Suppression Events: 4
Time: 750.32, 
            Production Events: 0, 
            Suppression Events: 1
Time: 751.83, 
            Production Events: 1, 
            Suppression Events: 0
Time: 752.27, 
            Production Events: 0, 
            Suppression Events: 1
Time: 753.02, 
            Production Events: 0, 
            Suppression Events: 2
Time: 754.02, 
            Production Events: 0, 
            Suppression Events: 2
Time: 756.83, 
            Production Events: 0, 
            Suppression Events: 1
Time: 756.83, 
            Production Events: 0, 
            Suppression Events: 0
Time: 757.24, 
            Production Events: 1, 
            Suppression Events: 0
Time: 758.0, 
            Production Events: 1, 
            Suppression Events: 0
Time: 759.57, 
            Production Events: 0, 
            Suppression Events: 3
Time: 760.6, 
            Production Events: 0, 
            Suppression Events: 1
Time: 761.42, 
            Production Events: 1, 
            Suppression Events: 0
Time: 762.54, 
            Production Events: 0, 
            Suppression Events: 1
Time: 766.31, 
            Production Events: 0, 
            Suppression Events: 2
Time: 766.31, 
            Production Events: 0, 
            Suppression Events: 0
Time: 766.31, 
            Production Events: 0, 
            Suppression Events: 0
Time: 766.31, 
            Production Events: 0, 
            Suppression Events: 0
Time: 767.54, 
            Production Events: 0, 
            Suppression Events: 1
Time: 768.68, 
            Production Events: 1, 
            Suppression Events: 1
Time: 770.19, 
            Production Events: 1, 
            Suppression Events: 0
