Job array started at: Fri Nov 21 03:32:02 PM CET 2025
Job ID: 10860416
Array Job ID: 10860410
Array Task ID: 3
Node: th-ws-970r04
Loading Julia module...
Module loaded: /software/opt/el_9/x86_64/julia/1.11.3/bin/julia
Changing to project directory...
Current directory: /scratch/n/N.Pfaffenzeller/nikolas_nethive/nethive_multiverse
Running parameter combination 3, replicate 1
Starting Julia simulation...
Running simulation with the following configuration:
  dataset_names: [:mnist, :cifar10, :svhn2, :fashion_mnist, :bank]
  param_id: 3
  n_bees: 5
  batch_size: 32
  replicate_id: 1
  punish_rate: 0.1
  punishment: time_out
  lambda_sensitivity: 10
  save_nn_epochs: 0
  production_rate: 1
  interaction_rate: 10
  batches_per_step: 50
  learning_rate: 1.0e-6
  max_output_dim: 10
  n_steps_per_epoch: 1
  dead_time: 100
  max_input_dim: 3072
  n_epochs: 1000
  seed: 1130008042

Starting simulation with configuration:
  dataset_names: [:mnist, :cifar10, :svhn2, :fashion_mnist, :bank]
  param_id: 3
  n_bees: 5
  batch_size: 32
  replicate_id: 1
  punish_rate: 0.1
  punishment: time_out
  lambda_sensitivity: 10
  save_nn_epochs: 0
  production_rate: 1
  interaction_rate: 10
  batches_per_step: 50
  run_timestamp: 2025-11-21T15:32:42.443
  learning_rate: 1.0e-6
  max_output_dim: 10
  n_steps_per_epoch: 1
  dead_time: 100
  max_input_dim: 3072
  n_epochs: 1000
  seed: 1130008042
Random seed: 1130008042

Starting simulation...
Time: 1.1, 
            Production Events: 1, 
            Suppression Events: 0
Time: 3.44, 
            Production Events: 1, 
            Suppression Events: 1
Time: 3.44, 
            Production Events: 0, 
            Suppression Events: 0
Time: 6.02, 
            Production Events: 2, 
            Suppression Events: 0
Time: 6.02, 
            Production Events: 0, 
            Suppression Events: 0
Time: 6.02, 
            Production Events: 0, 
            Suppression Events: 0
Time: 7.82, 
            Production Events: 1, 
            Suppression Events: 0
Time: 8.07, 
            Production Events: 1, 
            Suppression Events: 0
Time: 9.51, 
            Production Events: 3, 
            Suppression Events: 0
Time: 10.07, 
            Production Events: 1, 
            Suppression Events: 0
Time: 11.04, 
            Production Events: 4, 
            Suppression Events: 0
Time: 12.91, 
            Production Events: 3, 
            Suppression Events: 0
Time: 17.08, 
            Production Events: 1, 
            Suppression Events: 0
Time: 17.08, 
            Production Events: 0, 
            Suppression Events: 0
Time: 17.08, 
            Production Events: 0, 
            Suppression Events: 0
Time: 17.08, 
            Production Events: 0, 
            Suppression Events: 0
Time: 17.08, 
            Production Events: 0, 
            Suppression Events: 0
Time: 22.4, 
            Production Events: 1, 
            Suppression Events: 1
Time: 22.4, 
            Production Events: 0, 
            Suppression Events: 0
Time: 22.4, 
            Production Events: 0, 
            Suppression Events: 0
Time: 22.4, 
            Production Events: 0, 
            Suppression Events: 0
Time: 22.4, 
            Production Events: 0, 
            Suppression Events: 0
Time: 25.34, 
            Production Events: 1, 
            Suppression Events: 0
Time: 25.34, 
            Production Events: 0, 
            Suppression Events: 0
Time: 25.34, 
            Production Events: 0, 
            Suppression Events: 0
Time: 27.54, 
            Production Events: 3, 
            Suppression Events: 0
Time: 27.54, 
            Production Events: 0, 
            Suppression Events: 0
Time: 28.26, 
            Production Events: 0, 
            Suppression Events: 1
Time: 29.28, 
            Production Events: 3, 
            Suppression Events: 0
Time: 30.76, 
            Production Events: 3, 
            Suppression Events: 0
Time: 32.74, 
            Production Events: 0, 
            Suppression Events: 1
Time: 32.74, 
            Production Events: 0, 
            Suppression Events: 0
Time: 33.29, 
            Production Events: 1, 
            Suppression Events: 0
Time: 34.71, 
            Production Events: 1, 
            Suppression Events: 0
Time: 35.67, 
            Production Events: 1, 
            Suppression Events: 0
Time: 37.34, 
            Production Events: 2, 
            Suppression Events: 0
Time: 37.34, 
            Production Events: 0, 
            Suppression Events: 0
Time: 39.13, 
            Production Events: 1, 
            Suppression Events: 0
Time: 39.13, 
            Production Events: 0, 
            Suppression Events: 0
Time: 41.16, 
            Production Events: 1, 
            Suppression Events: 0
Time: 41.16, 
            Production Events: 0, 
            Suppression Events: 0
Time: 43.0, 
            Production Events: 3, 
            Suppression Events: 1
Time: 43.0, 
            Production Events: 0, 
            Suppression Events: 0
Time: 44.85, 
            Production Events: 1, 
            Suppression Events: 0
Time: 45.09, 
            Production Events: 1, 
            Suppression Events: 0
Time: 47.04, 
            Production Events: 2, 
            Suppression Events: 0
Time: 47.04, 
            Production Events: 0, 
            Suppression Events: 0
Time: 50.36, 
            Production Events: 1, 
            Suppression Events: 1
Time: 50.36, 
            Production Events: 0, 
            Suppression Events: 0
Time: 50.36, 
            Production Events: 0, 
            Suppression Events: 0
Time: 51.17, 
            Production Events: 1, 
            Suppression Events: 0
Time: 53.1, 
            Production Events: 2, 
            Suppression Events: 1
Time: 53.1, 
            Production Events: 0, 
            Suppression Events: 0
Time: 56.61, 
            Production Events: 1, 
            Suppression Events: 0
Time: 56.61, 
            Production Events: 0, 
            Suppression Events: 0
Time: 56.61, 
            Production Events: 0, 
            Suppression Events: 0
Time: 57.09, 
            Production Events: 2, 
            Suppression Events: 1
Time: 60.15, 
            Production Events: 1, 
            Suppression Events: 0
Time: 60.15, 
            Production Events: 0, 
            Suppression Events: 0
Time: 60.15, 
            Production Events: 0, 
            Suppression Events: 0
Time: 61.05, 
            Production Events: 1, 
            Suppression Events: 0
Time: 62.22, 
            Production Events: 3, 
            Suppression Events: 2
Time: 63.67, 
            Production Events: 1, 
            Suppression Events: 0
Time: 64.05, 
            Production Events: 0, 
            Suppression Events: 1
Time: 66.56, 
            Production Events: 1, 
            Suppression Events: 0
Time: 66.56, 
            Production Events: 0, 
            Suppression Events: 0
Time: 68.38, 
            Production Events: 2, 
            Suppression Events: 0
Time: 68.38, 
            Production Events: 0, 
            Suppression Events: 0
Time: 70.59, 
            Production Events: 1, 
            Suppression Events: 2
Time: 70.59, 
            Production Events: 0, 
            Suppression Events: 0
Time: 72.49, 
            Production Events: 1, 
            Suppression Events: 0
Time: 72.49, 
            Production Events: 0, 
            Suppression Events: 0
Time: 73.15, 
            Production Events: 2, 
            Suppression Events: 0
Time: 76.53, 
            Production Events: 2, 
            Suppression Events: 0
Time: 76.53, 
            Production Events: 0, 
            Suppression Events: 0
Time: 76.53, 
            Production Events: 0, 
            Suppression Events: 0
Time: 78.22, 
            Production Events: 0, 
            Suppression Events: 1
Time: 78.22, 
            Production Events: 0, 
            Suppression Events: 0
Time: 81.37, 
            Production Events: 0, 
            Suppression Events: 2
Time: 81.37, 
            Production Events: 0, 
            Suppression Events: 0
Time: 81.37, 
            Production Events: 0, 
            Suppression Events: 0
Time: 82.13, 
            Production Events: 1, 
            Suppression Events: 0
Time: 84.8, 
            Production Events: 1, 
            Suppression Events: 1
Time: 84.8, 
            Production Events: 0, 
            Suppression Events: 0
Time: 86.19, 
            Production Events: 0, 
            Suppression Events: 1
Time: 86.19, 
            Production Events: 0, 
            Suppression Events: 0
Time: 87.63, 
            Production Events: 2, 
            Suppression Events: 1
Time: 88.03, 
            Production Events: 0, 
            Suppression Events: 1
Time: 89.22, 
            Production Events: 3, 
            Suppression Events: 0
Time: 91.49, 
            Production Events: 0, 
            Suppression Events: 1
Time: 91.49, 
            Production Events: 0, 
            Suppression Events: 0
Time: 92.95, 
            Production Events: 1, 
            Suppression Events: 1
Time: 94.9, 
            Production Events: 1, 
            Suppression Events: 0
Time: 94.9, 
            Production Events: 0, 
            Suppression Events: 0
Time: 96.41, 
            Production Events: 1, 
            Suppression Events: 0
Time: 96.41, 
            Production Events: 0, 
            Suppression Events: 0
Time: 97.03, 
            Production Events: 0, 
            Suppression Events: 3
Time: 99.05, 
            Production Events: 0, 
            Suppression Events: 1
Time: 99.05, 
            Production Events: 0, 
            Suppression Events: 0
Time: 100.57, 
            Production Events: 1, 
            Suppression Events: 1
Time: 102.08, 
            Production Events: 1, 
            Suppression Events: 1
Time: 102.08, 
            Production Events: 0, 
            Suppression Events: 0
Time: 104.47, 
            Production Events: 1, 
            Suppression Events: 0
Time: 104.47, 
            Production Events: 0, 
            Suppression Events: 0
Time: 105.78, 
            Production Events: 0, 
            Suppression Events: 2
Time: 107.53, 
            Production Events: 0, 
            Suppression Events: 1
Time: 107.53, 
            Production Events: 0, 
            Suppression Events: 0
Time: 108.02, 
            Production Events: 1, 
            Suppression Events: 1
Time: 109.42, 
            Production Events: 2, 
            Suppression Events: 1
Time: 110.07, 
            Production Events: 1, 
            Suppression Events: 0
Time: 112.08, 
            Production Events: 1, 
            Suppression Events: 2
Time: 112.08, 
            Production Events: 0, 
            Suppression Events: 0
Time: 117.97, 
            Production Events: 1, 
            Suppression Events: 1
Time: 117.97, 
            Production Events: 0, 
            Suppression Events: 0
Time: 117.97, 
            Production Events: 0, 
            Suppression Events: 0
Time: 117.97, 
            Production Events: 0, 
            Suppression Events: 0
Time: 117.97, 
            Production Events: 0, 
            Suppression Events: 0
Time: 118.55, 
            Production Events: 0, 
            Suppression Events: 1
Time: 119.27, 
            Production Events: 0, 
            Suppression Events: 1
Time: 120.09, 
            Production Events: 0, 
            Suppression Events: 2
Time: 121.28, 
            Production Events: 1, 
            Suppression Events: 0
Time: 122.46, 
            Production Events: 0, 
            Suppression Events: 1
Time: 123.62, 
            Production Events: 0, 
            Suppression Events: 1
Time: 124.31, 
            Production Events: 0, 
            Suppression Events: 1
Time: 125.07, 
            Production Events: 1, 
            Suppression Events: 1
Time: 126.3, 
            Production Events: 1, 
            Suppression Events: 0
Time: 128.59, 
            Production Events: 1, 
            Suppression Events: 0
Time: 128.59, 
            Production Events: 0, 
            Suppression Events: 0
Time: 129.52, 
            Production Events: 0, 
            Suppression Events: 1
Time: 130.4, 
            Production Events: 0, 
            Suppression Events: 1
Time: 131.63, 
            Production Events: 0, 
            Suppression Events: 3
Time: 132.07, 
            Production Events: 0, 
            Suppression Events: 1
Time: 133.23, 
            Production Events: 0, 
            Suppression Events: 1
Time: 134.88, 
            Production Events: 2, 
            Suppression Events: 2
Time: 136.02, 
            Production Events: 0, 
            Suppression Events: 2
Time: 136.02, 
            Production Events: 0, 
            Suppression Events: 0
Time: 137.07, 
            Production Events: 0, 
            Suppression Events: 2
Time: 138.72, 
            Production Events: 0, 
            Suppression Events: 2
Time: 140.68, 
            Production Events: 1, 
            Suppression Events: 0
Time: 140.68, 
            Production Events: 0, 
            Suppression Events: 0
Time: 141.41, 
            Production Events: 0, 
            Suppression Events: 1
Time: 142.51, 
            Production Events: 0, 
            Suppression Events: 1
Time: 143.53, 
            Production Events: 0, 
            Suppression Events: 2
Time: 144.25, 
            Production Events: 0, 
            Suppression Events: 1
Time: 145.86, 
            Production Events: 0, 
            Suppression Events: 2
Time: 146.39, 
            Production Events: 0, 
            Suppression Events: 2
Time: 147.04, 
            Production Events: 1, 
            Suppression Events: 0
Time: 150.28, 
            Production Events: 0, 
            Suppression Events: 3
Time: 150.28, 
            Production Events: 0, 
            Suppression Events: 0
Time: 150.28, 
            Production Events: 0, 
            Suppression Events: 0
Time: 151.77, 
            Production Events: 0, 
            Suppression Events: 1
Time: 152.34, 
            Production Events: 0, 
            Suppression Events: 2
Time: 155.77, 
            Production Events: 0, 
            Suppression Events: 1
Time: 155.77, 
            Production Events: 0, 
            Suppression Events: 0
Time: 155.77, 
            Production Events: 0, 
            Suppression Events: 0
Time: 156.6, 
            Production Events: 1, 
            Suppression Events: 1
Time: 157.32, 
            Production Events: 0, 
            Suppression Events: 1
Time: 158.26, 
            Production Events: 0, 
            Suppression Events: 1
Time: 159.22, 
            Production Events: 0, 
            Suppression Events: 1
Time: 160.14, 
            Production Events: 0, 
            Suppression Events: 1
Time: 162.77, 
            Production Events: 0, 
            Suppression Events: 1
Time: 162.77, 
            Production Events: 0, 
            Suppression Events: 0
Time: 163.86, 
            Production Events: 0, 
            Suppression Events: 2
Time: 164.45, 
            Production Events: 0, 
            Suppression Events: 1
Time: 165.1, 
            Production Events: 0, 
            Suppression Events: 2
Time: 167.28, 
            Production Events: 0, 
            Suppression Events: 1
Time: 167.28, 
            Production Events: 0, 
            Suppression Events: 0
Time: 168.31, 
            Production Events: 0, 
            Suppression Events: 1
Time: 170.74, 
            Production Events: 0, 
            Suppression Events: 2
Time: 170.74, 
            Production Events: 0, 
            Suppression Events: 0
Time: 171.21, 
            Production Events: 0, 
            Suppression Events: 2
Time: 172.32, 
            Production Events: 0, 
            Suppression Events: 3
Time: 174.03, 
            Production Events: 0, 
            Suppression Events: 3
Time: 174.03, 
            Production Events: 0, 
            Suppression Events: 0
Time: 175.05, 
            Production Events: 0, 
            Suppression Events: 1
Time: 176.34, 
            Production Events: 0, 
            Suppression Events: 3
Time: 177.05, 
            Production Events: 0, 
            Suppression Events: 2
Time: 178.61, 
            Production Events: 0, 
            Suppression Events: 1
Time: 180.88, 
            Production Events: 0, 
            Suppression Events: 1
Time: 180.88, 
            Production Events: 0, 
            Suppression Events: 0
Time: 183.19, 
            Production Events: 0, 
            Suppression Events: 1
Time: 183.19, 
            Production Events: 0, 
            Suppression Events: 0
Time: 183.19, 
            Production Events: 0, 
            Suppression Events: 0
Time: 184.41, 
            Production Events: 0, 
            Suppression Events: 2
Time: 189.01, 
            Production Events: 0, 
            Suppression Events: 1
Time: 189.01, 
            Production Events: 0, 
            Suppression Events: 0
Time: 189.01, 
            Production Events: 0, 
            Suppression Events: 0
Time: 189.01, 
            Production Events: 0, 
            Suppression Events: 0
Time: 189.01, 
            Production Events: 0, 
            Suppression Events: 0
Time: 190.09, 
            Production Events: 0, 
            Suppression Events: 3
Time: 191.93, 
            Production Events: 0, 
            Suppression Events: 1
Time: 192.09, 
            Production Events: 0, 
            Suppression Events: 1
Time: 194.35, 
            Production Events: 0, 
            Suppression Events: 1
Time: 194.35, 
            Production Events: 0, 
            Suppression Events: 0
Time: 195.79, 
            Production Events: 0, 
            Suppression Events: 1
Time: 196.04, 
            Production Events: 0, 
            Suppression Events: 1
Time: 197.1, 
            Production Events: 0, 
            Suppression Events: 1
Time: 198.05, 
            Production Events: 0, 
            Suppression Events: 1
Time: 199.76, 
            Production Events: 2, 
            Suppression Events: 2
Time: 201.73, 
            Production Events: 0, 
            Suppression Events: 1
Time: 201.73, 
            Production Events: 0, 
            Suppression Events: 0
Time: 205.6, 
            Production Events: 0, 
            Suppression Events: 1
Time: 205.6, 
            Production Events: 0, 
            Suppression Events: 0
Time: 205.6, 
            Production Events: 0, 
            Suppression Events: 0
Time: 205.6, 
            Production Events: 0, 
            Suppression Events: 0
Time: 206.41, 
            Production Events: 0, 
            Suppression Events: 2
Time: 207.33, 
            Production Events: 1, 
            Suppression Events: 0
Time: 208.85, 
            Production Events: 1, 
            Suppression Events: 2
Time: 209.2, 
            Production Events: 0, 
            Suppression Events: 1
Time: 211.75, 
            Production Events: 0, 
            Suppression Events: 3
Time: 211.75, 
            Production Events: 0, 
            Suppression Events: 0
Time: 213.09, 
            Production Events: 0, 
            Suppression Events: 3
Time: 213.09, 
            Production Events: 0, 
            Suppression Events: 0
Time: 215.61, 
            Production Events: 0, 
            Suppression Events: 1
Time: 215.61, 
            Production Events: 0, 
            Suppression Events: 0
Time: 221.38, 
            Production Events: 0, 
            Suppression Events: 1
Time: 221.38, 
            Production Events: 0, 
            Suppression Events: 0
Time: 221.38, 
            Production Events: 0, 
            Suppression Events: 0
Time: 221.38, 
            Production Events: 0, 
            Suppression Events: 0
Time: 221.38, 
            Production Events: 0, 
            Suppression Events: 0
Time: 221.38, 
            Production Events: 0, 
            Suppression Events: 0
Time: 222.58, 
            Production Events: 0, 
            Suppression Events: 2
Time: 223.24, 
            Production Events: 0, 
            Suppression Events: 2
Time: 224.52, 
            Production Events: 1, 
            Suppression Events: 2
Time: 225.66, 
            Production Events: 0, 
            Suppression Events: 2
Time: 227.7, 
            Production Events: 0, 
            Suppression Events: 1
Time: 227.7, 
            Production Events: 0, 
            Suppression Events: 0
Time: 228.14, 
            Production Events: 0, 
            Suppression Events: 1
Time: 229.05, 
            Production Events: 0, 
            Suppression Events: 1
Time: 230.1, 
            Production Events: 1, 
            Suppression Events: 1
Time: 234.17, 
            Production Events: 0, 
            Suppression Events: 3
Time: 234.17, 
            Production Events: 0, 
            Suppression Events: 0
Time: 234.17, 
            Production Events: 0, 
            Suppression Events: 0
Time: 234.17, 
            Production Events: 0, 
            Suppression Events: 0
Time: 235.3, 
            Production Events: 0, 
            Suppression Events: 3
Time: 236.74, 
            Production Events: 0, 
            Suppression Events: 3
Time: 237.59, 
            Production Events: 0, 
            Suppression Events: 1
Time: 240.52, 
            Production Events: 0, 
            Suppression Events: 1
Time: 240.52, 
            Production Events: 0, 
            Suppression Events: 0
Time: 240.52, 
            Production Events: 0, 
            Suppression Events: 0
Time: 241.66, 
            Production Events: 0, 
            Suppression Events: 1
Time: 242.85, 
            Production Events: 0, 
            Suppression Events: 1
Time: 243.02, 
            Production Events: 0, 
            Suppression Events: 1
Time: 245.45, 
            Production Events: 0, 
            Suppression Events: 3
Time: 245.45, 
            Production Events: 0, 
            Suppression Events: 0
Time: 246.2, 
            Production Events: 0, 
            Suppression Events: 1
Time: 247.27, 
            Production Events: 0, 
            Suppression Events: 2
Time: 248.49, 
            Production Events: 0, 
            Suppression Events: 1
Time: 249.15, 
            Production Events: 0, 
            Suppression Events: 1
Time: 251.02, 
            Production Events: 1, 
            Suppression Events: 2
Time: 251.02, 
            Production Events: 0, 
            Suppression Events: 0
Time: 252.96, 
            Production Events: 0, 
            Suppression Events: 2
Time: 254.69, 
            Production Events: 0, 
            Suppression Events: 1
Time: 254.69, 
            Production Events: 0, 
            Suppression Events: 0
Time: 255.21, 
            Production Events: 0, 
            Suppression Events: 5
Time: 256.15, 
            Production Events: 0, 
            Suppression Events: 2
Time: 257.13, 
            Production Events: 0, 
            Suppression Events: 3
Time: 261.05, 
            Production Events: 0, 
            Suppression Events: 1
Time: 261.05, 
            Production Events: 0, 
            Suppression Events: 0
Time: 261.05, 
            Production Events: 0, 
            Suppression Events: 0
Time: 261.05, 
            Production Events: 0, 
            Suppression Events: 0
Time: 262.28, 
            Production Events: 0, 
            Suppression Events: 2
Time: 264.59, 
            Production Events: 0, 
            Suppression Events: 2
Time: 264.59, 
            Production Events: 0, 
            Suppression Events: 0
Time: 265.29, 
            Production Events: 1, 
            Suppression Events: 4
Time: 266.02, 
            Production Events: 0, 
            Suppression Events: 1
Time: 272.69, 
            Production Events: 0, 
            Suppression Events: 1
Time: 272.69, 
            Production Events: 0, 
            Suppression Events: 0
Time: 272.69, 
            Production Events: 0, 
            Suppression Events: 0
Time: 272.69, 
            Production Events: 0, 
            Suppression Events: 0
Time: 272.69, 
            Production Events: 0, 
            Suppression Events: 0
Time: 272.69, 
            Production Events: 0, 
            Suppression Events: 0
Time: 275.19, 
            Production Events: 1, 
            Suppression Events: 0
Time: 275.19, 
            Production Events: 0, 
            Suppression Events: 0
Time: 275.19, 
            Production Events: 0, 
            Suppression Events: 0
Time: 278.05, 
            Production Events: 1, 
            Suppression Events: 2
Time: 278.05, 
            Production Events: 0, 
            Suppression Events: 0
Time: 278.05, 
            Production Events: 0, 
            Suppression Events: 0
Time: 279.61, 
            Production Events: 0, 
            Suppression Events: 1
Time: 280.39, 
            Production Events: 0, 
            Suppression Events: 2
Time: 281.93, 
            Production Events: 0, 
            Suppression Events: 1
Time: 282.52, 
            Production Events: 0, 
            Suppression Events: 1
Time: 286.99, 
            Production Events: 0, 
            Suppression Events: 1
Time: 286.99, 
            Production Events: 0, 
            Suppression Events: 0
Time: 286.99, 
            Production Events: 0, 
            Suppression Events: 0
Time: 286.99, 
            Production Events: 0, 
            Suppression Events: 0
Time: 287.79, 
            Production Events: 0, 
            Suppression Events: 1
Time: 288.36, 
            Production Events: 1, 
            Suppression Events: 0
Time: 290.68, 
            Production Events: 0, 
            Suppression Events: 1
Time: 290.68, 
            Production Events: 0, 
            Suppression Events: 0
Time: 291.96, 
            Production Events: 1, 
            Suppression Events: 0
Time: 292.06, 
            Production Events: 0, 
            Suppression Events: 1
Time: 293.65, 
            Production Events: 1, 
            Suppression Events: 1
Time: 294.39, 
            Production Events: 1, 
            Suppression Events: 0
Time: 297.78, 
            Production Events: 0, 
            Suppression Events: 2
Time: 297.78, 
            Production Events: 0, 
            Suppression Events: 0
Time: 297.78, 
            Production Events: 0, 
            Suppression Events: 0
Time: 298.37, 
            Production Events: 0, 
            Suppression Events: 1
Time: 304.16, 
            Production Events: 0, 
            Suppression Events: 1
Time: 304.16, 
            Production Events: 0, 
            Suppression Events: 0
Time: 304.16, 
            Production Events: 0, 
            Suppression Events: 0
Time: 304.16, 
            Production Events: 0, 
            Suppression Events: 0
Time: 304.16, 
            Production Events: 0, 
            Suppression Events: 0
Time: 304.16, 
            Production Events: 0, 
            Suppression Events: 0
Time: 306.63, 
            Production Events: 0, 
            Suppression Events: 2
Time: 306.63, 
            Production Events: 0, 
            Suppression Events: 0
Time: 307.29, 
            Production Events: 0, 
            Suppression Events: 2
Time: 308.82, 
            Production Events: 0, 
            Suppression Events: 2
Time: 310.3, 
            Production Events: 0, 
            Suppression Events: 1
Time: 310.3, 
            Production Events: 0, 
            Suppression Events: 0
Time: 313.18, 
            Production Events: 1, 
            Suppression Events: 2
Time: 313.18, 
            Production Events: 0, 
            Suppression Events: 0
Time: 313.18, 
            Production Events: 0, 
            Suppression Events: 0
Time: 314.31, 
            Production Events: 0, 
            Suppression Events: 2
Time: 316.72, 
            Production Events: 2, 
            Suppression Events: 0
Time: 316.72, 
            Production Events: 0, 
            Suppression Events: 0
Time: 317.61, 
            Production Events: 0, 
            Suppression Events: 3
Time: 318.33, 
            Production Events: 1, 
            Suppression Events: 1
Time: 319.7, 
            Production Events: 0, 
            Suppression Events: 2
Time: 320.25, 
            Production Events: 0, 
            Suppression Events: 1
Time: 321.63, 
            Production Events: 0, 
            Suppression Events: 1
Time: 323.81, 
            Production Events: 0, 
            Suppression Events: 1
Time: 323.81, 
            Production Events: 0, 
            Suppression Events: 0
Time: 325.56, 
            Production Events: 0, 
            Suppression Events: 1
Time: 325.56, 
            Production Events: 0, 
            Suppression Events: 0
Time: 326.04, 
            Production Events: 0, 
            Suppression Events: 1
Time: 327.01, 
            Production Events: 0, 
            Suppression Events: 2
Time: 328.75, 
            Production Events: 0, 
            Suppression Events: 1
Time: 329.58, 
            Production Events: 0, 
            Suppression Events: 1
Time: 331.16, 
            Production Events: 0, 
            Suppression Events: 1
Time: 331.16, 
            Production Events: 0, 
            Suppression Events: 0
Time: 332.44, 
            Production Events: 1, 
            Suppression Events: 2
Time: 333.35, 
            Production Events: 0, 
            Suppression Events: 1
Time: 335.32, 
            Production Events: 0, 
            Suppression Events: 1
Time: 335.32, 
            Production Events: 0, 
            Suppression Events: 0
Time: 336.32, 
            Production Events: 0, 
            Suppression Events: 1
Time: 338.19, 
            Production Events: 0, 
            Suppression Events: 1
Time: 338.19, 
            Production Events: 0, 
            Suppression Events: 0
Time: 339.34, 
            Production Events: 0, 
            Suppression Events: 2
Time: 341.18, 
            Production Events: 0, 
            Suppression Events: 2
Time: 341.18, 
            Production Events: 0, 
            Suppression Events: 0
Time: 342.01, 
            Production Events: 0, 
            Suppression Events: 1
Time: 346.39, 
            Production Events: 0, 
            Suppression Events: 1
Time: 346.39, 
            Production Events: 0, 
            Suppression Events: 0
Time: 346.39, 
            Production Events: 0, 
            Suppression Events: 0
Time: 346.39, 
            Production Events: 0, 
            Suppression Events: 0
Time: 347.73, 
            Production Events: 0, 
            Suppression Events: 3
Time: 348.5, 
            Production Events: 0, 
            Suppression Events: 2
Time: 349.13, 
            Production Events: 0, 
            Suppression Events: 1
Time: 350.51, 
            Production Events: 0, 
            Suppression Events: 2
Time: 352.08, 
            Production Events: 0, 
            Suppression Events: 2
Time: 352.08, 
            Production Events: 0, 
            Suppression Events: 0
Time: 354.07, 
            Production Events: 0, 
            Suppression Events: 1
Time: 354.07, 
            Production Events: 0, 
            Suppression Events: 0
Time: 357.25, 
            Production Events: 0, 
            Suppression Events: 3
Time: 357.25, 
            Production Events: 0, 
            Suppression Events: 0
Time: 357.25, 
            Production Events: 0, 
            Suppression Events: 0
Time: 359.11, 
            Production Events: 1, 
            Suppression Events: 4
Time: 359.11, 
            Production Events: 0, 
            Suppression Events: 0
Time: 360.82, 
            Production Events: 0, 
            Suppression Events: 1
Time: 362.29, 
            Production Events: 0, 
            Suppression Events: 1
Time: 362.29, 
            Production Events: 0, 
            Suppression Events: 0
Time: 363.67, 
            Production Events: 0, 
            Suppression Events: 1
Time: 364.55, 
            Production Events: 0, 
            Suppression Events: 1
Time: 365.92, 
            Production Events: 0, 
            Suppression Events: 2
Time: 366.73, 
            Production Events: 1, 
            Suppression Events: 0
Time: 367.95, 
            Production Events: 0, 
            Suppression Events: 1
Time: 368.24, 
            Production Events: 0, 
            Suppression Events: 2
Time: 369.76, 
            Production Events: 0, 
            Suppression Events: 1
Time: 370.07, 
            Production Events: 0, 
            Suppression Events: 2
Time: 371.77, 
            Production Events: 0, 
            Suppression Events: 2
Time: 372.24, 
            Production Events: 1, 
            Suppression Events: 0
Time: 373.19, 
            Production Events: 0, 
            Suppression Events: 1
Time: 374.36, 
            Production Events: 0, 
            Suppression Events: 2
Time: 375.26, 
            Production Events: 2, 
            Suppression Events: 1
Time: 377.35, 
            Production Events: 0, 
            Suppression Events: 3
Time: 377.35, 
            Production Events: 0, 
            Suppression Events: 0
Time: 379.28, 
            Production Events: 0, 
            Suppression Events: 4
Time: 379.28, 
            Production Events: 0, 
            Suppression Events: 0
Time: 380.19, 
            Production Events: 0, 
            Suppression Events: 1
Time: 384.5, 
            Production Events: 1, 
            Suppression Events: 3
Time: 384.5, 
            Production Events: 0, 
            Suppression Events: 0
Time: 384.5, 
            Production Events: 0, 
            Suppression Events: 0
Time: 384.5, 
            Production Events: 0, 
            Suppression Events: 0
Time: 388.34, 
            Production Events: 0, 
            Suppression Events: 1
Time: 388.34, 
            Production Events: 0, 
            Suppression Events: 0
Time: 388.34, 
            Production Events: 0, 
            Suppression Events: 0
Time: 388.34, 
            Production Events: 0, 
            Suppression Events: 0
Time: 389.96, 
            Production Events: 0, 
            Suppression Events: 1
Time: 391.15, 
            Production Events: 0, 
            Suppression Events: 1
Time: 391.15, 
            Production Events: 0, 
            Suppression Events: 0
Time: 392.97, 
            Production Events: 1, 
            Suppression Events: 1
Time: 396.66, 
            Production Events: 0, 
            Suppression Events: 1
Time: 396.66, 
            Production Events: 0, 
            Suppression Events: 0
Time: 396.66, 
            Production Events: 0, 
            Suppression Events: 0
Time: 396.66, 
            Production Events: 0, 
            Suppression Events: 0
Time: 397.43, 
            Production Events: 0, 
            Suppression Events: 1
Time: 399.36, 
            Production Events: 0, 
            Suppression Events: 2
Time: 399.36, 
            Production Events: 0, 
            Suppression Events: 0
Time: 400.5, 
            Production Events: 0, 
            Suppression Events: 3
Time: 401.2, 
            Production Events: 1, 
            Suppression Events: 0
Time: 403.09, 
            Production Events: 0, 
            Suppression Events: 3
Time: 403.09, 
            Production Events: 0, 
            Suppression Events: 0
Time: 404.33, 
            Production Events: 0, 
            Suppression Events: 2
Time: 406.18, 
            Production Events: 0, 
            Suppression Events: 5
Time: 406.18, 
            Production Events: 0, 
            Suppression Events: 0
Time: 407.07, 
            Production Events: 0, 
            Suppression Events: 1
Time: 410.32, 
            Production Events: 0, 
            Suppression Events: 1
Time: 410.32, 
            Production Events: 0, 
            Suppression Events: 0
Time: 410.32, 
            Production Events: 0, 
            Suppression Events: 0
Time: 411.51, 
            Production Events: 0, 
            Suppression Events: 2
Time: 412.72, 
            Production Events: 0, 
            Suppression Events: 1
Time: 415.16, 
            Production Events: 0, 
            Suppression Events: 1
Time: 415.16, 
            Production Events: 0, 
            Suppression Events: 0
Time: 415.16, 
            Production Events: 0, 
            Suppression Events: 0
Time: 417.08, 
            Production Events: 1, 
            Suppression Events: 2
Time: 417.08, 
            Production Events: 0, 
            Suppression Events: 0
Time: 418.72, 
            Production Events: 0, 
            Suppression Events: 1
Time: 419.12, 
            Production Events: 1, 
            Suppression Events: 0
Time: 420.13, 
            Production Events: 0, 
            Suppression Events: 1
Time: 422.06, 
            Production Events: 0, 
            Suppression Events: 2
Time: 422.06, 
            Production Events: 0, 
            Suppression Events: 0
Time: 425.72, 
            Production Events: 0, 
            Suppression Events: 1
Time: 425.72, 
            Production Events: 0, 
            Suppression Events: 0
Time: 425.72, 
            Production Events: 0, 
            Suppression Events: 0
Time: 426.03, 
            Production Events: 0, 
            Suppression Events: 1
Time: 427.96, 
            Production Events: 1, 
            Suppression Events: 3
Time: 428.75, 
            Production Events: 1, 
            Suppression Events: 1
Time: 429.43, 
            Production Events: 1, 
            Suppression Events: 0
Time: 430.79, 
            Production Events: 1, 
            Suppression Events: 0
Time: 431.75, 
            Production Events: 0, 
            Suppression Events: 1
Time: 432.03, 
            Production Events: 1, 
            Suppression Events: 1
Time: 433.41, 
            Production Events: 0, 
            Suppression Events: 1
Time: 434.46, 
            Production Events: 0, 
            Suppression Events: 2
Time: 435.57, 
            Production Events: 1, 
            Suppression Events: 0
Time: 436.17, 
            Production Events: 0, 
            Suppression Events: 1
Time: 437.71, 
            Production Events: 0, 
            Suppression Events: 2
Time: 438.96, 
            Production Events: 0, 
            Suppression Events: 1
Time: 439.91, 
            Production Events: 0, 
            Suppression Events: 1
Time: 442.71, 
            Production Events: 0, 
            Suppression Events: 1
Time: 442.71, 
            Production Events: 0, 
            Suppression Events: 0
Time: 442.71, 
            Production Events: 0, 
            Suppression Events: 0
Time: 443.82, 
            Production Events: 0, 
            Suppression Events: 1
Time: 444.22, 
            Production Events: 0, 
            Suppression Events: 2
Time: 446.65, 
            Production Events: 0, 
            Suppression Events: 3
Time: 446.65, 
            Production Events: 0, 
            Suppression Events: 0
Time: 447.52, 
            Production Events: 0, 
            Suppression Events: 1
Time: 450.91, 
            Production Events: 0, 
            Suppression Events: 1
Time: 450.91, 
            Production Events: 0, 
            Suppression Events: 0
Time: 450.91, 
            Production Events: 0, 
            Suppression Events: 0
Time: 451.77, 
            Production Events: 1, 
            Suppression Events: 0
Time: 456.34, 
            Production Events: 0, 
            Suppression Events: 2
Time: 456.34, 
            Production Events: 0, 
            Suppression Events: 0
Time: 456.34, 
            Production Events: 0, 
            Suppression Events: 0
Time: 456.34, 
            Production Events: 0, 
            Suppression Events: 0
Time: 456.34, 
            Production Events: 0, 
            Suppression Events: 0
Time: 458.02, 
            Production Events: 0, 
            Suppression Events: 3
Time: 458.02, 
            Production Events: 0, 
            Suppression Events: 0
Time: 460.59, 
            Production Events: 1, 
            Suppression Events: 2
Time: 460.59, 
            Production Events: 0, 
            Suppression Events: 0
Time: 462.01, 
            Production Events: 1, 
            Suppression Events: 0
Time: 462.01, 
            Production Events: 0, 
            Suppression Events: 0
Time: 463.27, 
            Production Events: 0, 
            Suppression Events: 1
Time: 464.84, 
            Production Events: 1, 
            Suppression Events: 1
Time: 471.25, 
            Production Events: 1, 
            Suppression Events: 0
Time: 471.25, 
            Production Events: 0, 
            Suppression Events: 0
Time: 471.25, 
            Production Events: 0, 
            Suppression Events: 0
Time: 471.25, 
            Production Events: 0, 
            Suppression Events: 0
Time: 471.25, 
            Production Events: 0, 
            Suppression Events: 0
Time: 471.25, 
            Production Events: 0, 
            Suppression Events: 0
Time: 471.25, 
            Production Events: 0, 
            Suppression Events: 0
Time: 472.66, 
            Production Events: 1, 
            Suppression Events: 0
Time: 473.91, 
            Production Events: 1, 
            Suppression Events: 2
Time: 475.78, 
            Production Events: 0, 
            Suppression Events: 1
Time: 475.78, 
            Production Events: 0, 
            Suppression Events: 0
Time: 476.12, 
            Production Events: 1, 
            Suppression Events: 0
Time: 480.52, 
            Production Events: 0, 
            Suppression Events: 2
Time: 480.52, 
            Production Events: 0, 
            Suppression Events: 0
Time: 480.52, 
            Production Events: 0, 
            Suppression Events: 0
Time: 480.52, 
            Production Events: 0, 
            Suppression Events: 0
Time: 483.95, 
            Production Events: 0, 
            Suppression Events: 1
Time: 483.95, 
            Production Events: 0, 
            Suppression Events: 0
Time: 483.95, 
            Production Events: 0, 
            Suppression Events: 0
Time: 487.72, 
            Production Events: 0, 
            Suppression Events: 1
Time: 487.72, 
            Production Events: 0, 
            Suppression Events: 0
Time: 487.72, 
            Production Events: 0, 
            Suppression Events: 0
Time: 487.72, 
            Production Events: 0, 
            Suppression Events: 0
Time: 488.07, 
            Production Events: 0, 
            Suppression Events: 1
Time: 491.76, 
            Production Events: 1, 
            Suppression Events: 1
Time: 491.76, 
            Production Events: 0, 
            Suppression Events: 0
Time: 491.76, 
            Production Events: 0, 
            Suppression Events: 0
Time: 492.12, 
            Production Events: 0, 
            Suppression Events: 1
Time: 493.29, 
            Production Events: 2, 
            Suppression Events: 2
Time: 494.45, 
            Production Events: 3, 
            Suppression Events: 0
Time: 495.04, 
            Production Events: 0, 
            Suppression Events: 2
Time: 496.3, 
            Production Events: 0, 
            Suppression Events: 1
Time: 497.17, 
            Production Events: 0, 
            Suppression Events: 2
Time: 499.83, 
            Production Events: 1, 
            Suppression Events: 0
Time: 499.83, 
            Production Events: 0, 
            Suppression Events: 0
Time: 500.2, 
            Production Events: 0, 
            Suppression Events: 1
Time: 501.69, 
            Production Events: 1, 
            Suppression Events: 0
Time: 502.77, 
            Production Events: 2, 
            Suppression Events: 1
Time: 504.34, 
            Production Events: 1, 
            Suppression Events: 1
Time: 504.34, 
            Production Events: 0, 
            Suppression Events: 0
Time: 506.24, 
            Production Events: 0, 
            Suppression Events: 1
Time: 506.24, 
            Production Events: 0, 
            Suppression Events: 0
Time: 508.29, 
            Production Events: 0, 
            Suppression Events: 1
Time: 508.29, 
            Production Events: 0, 
            Suppression Events: 0
Time: 513.71, 
            Production Events: 0, 
            Suppression Events: 1
Time: 513.71, 
            Production Events: 0, 
            Suppression Events: 0
Time: 513.71, 
            Production Events: 0, 
            Suppression Events: 0
Time: 513.71, 
            Production Events: 0, 
            Suppression Events: 0
Time: 513.71, 
            Production Events: 0, 
            Suppression Events: 0
Time: 514.23, 
            Production Events: 0, 
            Suppression Events: 1
Time: 516.01, 
            Production Events: 1, 
            Suppression Events: 1
Time: 516.01, 
            Production Events: 0, 
            Suppression Events: 0
Time: 517.66, 
            Production Events: 2, 
            Suppression Events: 3
Time: 518.79, 
            Production Events: 1, 
            Suppression Events: 0
Time: 519.83, 
            Production Events: 1, 
            Suppression Events: 1
Time: 522.45, 
            Production Events: 0, 
            Suppression Events: 1
Time: 522.45, 
            Production Events: 0, 
            Suppression Events: 0
Time: 522.45, 
            Production Events: 0, 
            Suppression Events: 0
Time: 523.01, 
            Production Events: 1, 
            Suppression Events: 0
Time: 524.04, 
            Production Events: 0, 
            Suppression Events: 2
Time: 526.04, 
            Production Events: 1, 
            Suppression Events: 2
Time: 526.04, 
            Production Events: 0, 
            Suppression Events: 0
Time: 527.26, 
            Production Events: 1, 
            Suppression Events: 2
Time: 528.35, 
            Production Events: 0, 
            Suppression Events: 1
Time: 529.32, 
            Production Events: 0, 
            Suppression Events: 1
Time: 530.02, 
            Production Events: 0, 
            Suppression Events: 3
Time: 532.8, 
            Production Events: 1, 
            Suppression Events: 0
Time: 532.8, 
            Production Events: 0, 
            Suppression Events: 0
Time: 534.22, 
            Production Events: 1, 
            Suppression Events: 0
Time: 534.22, 
            Production Events: 0, 
            Suppression Events: 0
Time: 537.87, 
            Production Events: 1, 
            Suppression Events: 1
Time: 537.87, 
            Production Events: 0, 
            Suppression Events: 0
Time: 537.87, 
            Production Events: 0, 
            Suppression Events: 0
Time: 538.01, 
            Production Events: 1, 
            Suppression Events: 0
Time: 540.77, 
            Production Events: 0, 
            Suppression Events: 1
Time: 540.77, 
            Production Events: 0, 
            Suppression Events: 0
Time: 543.24, 
            Production Events: 0, 
            Suppression Events: 1
Time: 543.24, 
            Production Events: 0, 
            Suppression Events: 0
Time: 543.24, 
            Production Events: 0, 
            Suppression Events: 0
Time: 545.67, 
            Production Events: 0, 
            Suppression Events: 1
Time: 545.67, 
            Production Events: 0, 
            Suppression Events: 0
Time: 547.79, 
            Production Events: 0, 
            Suppression Events: 2
Time: 547.79, 
            Production Events: 0, 
            Suppression Events: 0
Time: 548.1, 
            Production Events: 1, 
            Suppression Events: 0
Time: 549.97, 
            Production Events: 0, 
            Suppression Events: 1
Time: 550.96, 
            Production Events: 0, 
            Suppression Events: 1
Time: 552.07, 
            Production Events: 0, 
            Suppression Events: 1
Time: 552.07, 
            Production Events: 0, 
            Suppression Events: 0
Time: 553.95, 
            Production Events: 1, 
            Suppression Events: 1
Time: 555.66, 
            Production Events: 0, 
            Suppression Events: 1
Time: 555.66, 
            Production Events: 0, 
            Suppression Events: 0
Time: 556.05, 
            Production Events: 0, 
            Suppression Events: 1
Time: 558.35, 
            Production Events: 0, 
            Suppression Events: 2
Time: 558.35, 
            Production Events: 0, 
            Suppression Events: 0
Time: 559.29, 
            Production Events: 0, 
            Suppression Events: 1
Time: 560.39, 
            Production Events: 1, 
            Suppression Events: 0
Time: 563.46, 
            Production Events: 0, 
            Suppression Events: 3
Time: 563.46, 
            Production Events: 0, 
            Suppression Events: 0
Time: 563.46, 
            Production Events: 0, 
            Suppression Events: 0
Time: 564.62, 
            Production Events: 1, 
            Suppression Events: 0
Time: 565.29, 
            Production Events: 1, 
            Suppression Events: 1
Time: 566.47, 
            Production Events: 1, 
            Suppression Events: 3
Time: 567.38, 
            Production Events: 0, 
            Suppression Events: 1
Time: 568.8, 
            Production Events: 0, 
            Suppression Events: 3
Time: 571.18, 
            Production Events: 1, 
            Suppression Events: 0
Time: 571.18, 
            Production Events: 0, 
            Suppression Events: 0
Time: 571.18, 
            Production Events: 0, 
            Suppression Events: 0
Time: 572.04, 
            Production Events: 1, 
            Suppression Events: 1
Time: 573.86, 
            Production Events: 2, 
            Suppression Events: 0
Time: 574.41, 
            Production Events: 0, 
            Suppression Events: 1
Time: 578.08, 
            Production Events: 0, 
            Suppression Events: 1
Time: 578.08, 
            Production Events: 0, 
            Suppression Events: 0
Time: 578.08, 
            Production Events: 0, 
            Suppression Events: 0
Time: 578.08, 
            Production Events: 0, 
            Suppression Events: 0
Time: 581.32, 
            Production Events: 0, 
            Suppression Events: 2
Time: 581.32, 
            Production Events: 0, 
            Suppression Events: 0
Time: 581.32, 
            Production Events: 0, 
            Suppression Events: 0
Time: 582.06, 
            Production Events: 0, 
            Suppression Events: 1
Time: 583.66, 
            Production Events: 0, 
            Suppression Events: 2
Time: 584.26, 
            Production Events: 0, 
            Suppression Events: 1
Time: 585.22, 
            Production Events: 1, 
            Suppression Events: 1
Time: 586.65, 
            Production Events: 2, 
            Suppression Events: 1
Time: 587.19, 
            Production Events: 0, 
            Suppression Events: 1
Time: 590.35, 
            Production Events: 3, 
            Suppression Events: 0
Time: 590.35, 
            Production Events: 0, 
            Suppression Events: 0
Time: 590.35, 
            Production Events: 0, 
            Suppression Events: 0
Time: 591.79, 
            Production Events: 0, 
            Suppression Events: 3
Time: 593.12, 
            Production Events: 0, 
            Suppression Events: 1
Time: 593.12, 
            Production Events: 0, 
            Suppression Events: 0
Time: 594.97, 
            Production Events: 1, 
            Suppression Events: 1
Time: 595.08, 
            Production Events: 0, 
            Suppression Events: 1
Time: 596.62, 
            Production Events: 0, 
            Suppression Events: 1
Time: 598.13, 
            Production Events: 0, 
            Suppression Events: 1
Time: 598.13, 
            Production Events: 0, 
            Suppression Events: 0
Time: 599.08, 
            Production Events: 0, 
            Suppression Events: 3
Time: 601.08, 
            Production Events: 0, 
            Suppression Events: 1
Time: 601.08, 
            Production Events: 0, 
            Suppression Events: 0
Time: 604.69, 
            Production Events: 0, 
            Suppression Events: 1
Time: 604.69, 
            Production Events: 0, 
            Suppression Events: 0
Time: 604.69, 
            Production Events: 0, 
            Suppression Events: 0
Time: 606.73, 
            Production Events: 1, 
            Suppression Events: 1
Time: 606.73, 
            Production Events: 0, 
            Suppression Events: 0
Time: 609.16, 
            Production Events: 0, 
            Suppression Events: 2
Time: 609.16, 
            Production Events: 0, 
            Suppression Events: 0
Time: 609.16, 
            Production Events: 0, 
            Suppression Events: 0
Time: 611.5, 
            Production Events: 0, 
            Suppression Events: 2
Time: 611.5, 
            Production Events: 0, 
            Suppression Events: 0
Time: 612.24, 
            Production Events: 0, 
            Suppression Events: 2
Time: 613.17, 
            Production Events: 0, 
            Suppression Events: 2
Time: 614.92, 
            Production Events: 0, 
            Suppression Events: 4
Time: 615.1, 
            Production Events: 0, 
            Suppression Events: 1
Time: 616.04, 
            Production Events: 0, 
            Suppression Events: 3
Time: 618.18, 
            Production Events: 0, 
            Suppression Events: 1
Time: 618.18, 
            Production Events: 0, 
            Suppression Events: 0
Time: 619.33, 
            Production Events: 0, 
            Suppression Events: 3
Time: 620.77, 
            Production Events: 0, 
            Suppression Events: 2
Time: 621.6, 
            Production Events: 0, 
            Suppression Events: 1
Time: 624.85, 
            Production Events: 0, 
            Suppression Events: 1
Time: 624.85, 
            Production Events: 0, 
            Suppression Events: 0
Time: 624.85, 
            Production Events: 0, 
            Suppression Events: 0
Time: 625.73, 
            Production Events: 0, 
            Suppression Events: 1
Time: 627.28, 
            Production Events: 0, 
            Suppression Events: 1
Time: 627.28, 
            Production Events: 0, 
            Suppression Events: 0
Time: 630.18, 
            Production Events: 0, 
            Suppression Events: 2
Time: 630.18, 
            Production Events: 0, 
            Suppression Events: 0
Time: 630.18, 
            Production Events: 0, 
            Suppression Events: 0
Time: 631.75, 
            Production Events: 0, 
            Suppression Events: 1
Time: 634.72, 
            Production Events: 0, 
            Suppression Events: 2
Time: 634.72, 
            Production Events: 0, 
            Suppression Events: 0
Time: 634.72, 
            Production Events: 0, 
            Suppression Events: 0
Time: 635.1, 
            Production Events: 0, 
            Suppression Events: 1
Time: 636.41, 
            Production Events: 1, 
            Suppression Events: 2
Time: 637.09, 
            Production Events: 0, 
            Suppression Events: 1
Time: 638.07, 
            Production Events: 0, 
            Suppression Events: 3
Time: 640.26, 
            Production Events: 0, 
            Suppression Events: 3
Time: 640.26, 
            Production Events: 0, 
            Suppression Events: 0
Time: 642.6, 
            Production Events: 0, 
            Suppression Events: 1
Time: 642.6, 
            Production Events: 0, 
            Suppression Events: 0
Time: 644.04, 
            Production Events: 0, 
            Suppression Events: 1
Time: 644.04, 
            Production Events: 0, 
            Suppression Events: 0
Time: 645.65, 
            Production Events: 0, 
            Suppression Events: 2
Time: 647.71, 
            Production Events: 0, 
            Suppression Events: 1
Time: 647.71, 
            Production Events: 0, 
            Suppression Events: 0
Time: 648.6, 
            Production Events: 0, 
            Suppression Events: 1
Time: 649.07, 
            Production Events: 0, 
            Suppression Events: 1
Time: 650.67, 
            Production Events: 0, 
            Suppression Events: 3
Time: 651.64, 
            Production Events: 0, 
            Suppression Events: 2
Time: 653.05, 
            Production Events: 0, 
            Suppression Events: 1
Time: 653.05, 
            Production Events: 0, 
            Suppression Events: 0
Time: 654.05, 
            Production Events: 0, 
            Suppression Events: 1
Time: 655.76, 
            Production Events: 0, 
            Suppression Events: 1
Time: 656.72, 
            Production Events: 0, 
            Suppression Events: 1
Time: 657.33, 
            Production Events: 0, 
            Suppression Events: 1
Time: 658.12, 
            Production Events: 0, 
            Suppression Events: 1
Time: 659.81, 
            Production Events: 0, 
            Suppression Events: 3
Time: 661.04, 
            Production Events: 0, 
            Suppression Events: 1
Time: 661.04, 
            Production Events: 0, 
            Suppression Events: 0
Time: 662.67, 
            Production Events: 0, 
            Suppression Events: 2
Time: 663.17, 
            Production Events: 0, 
            Suppression Events: 2
Time: 664.18, 
            Production Events: 0, 
            Suppression Events: 2
Time: 665.05, 
            Production Events: 0, 
            Suppression Events: 2
Time: 667.07, 
            Production Events: 0, 
            Suppression Events: 2
Time: 667.07, 
            Production Events: 0, 
            Suppression Events: 0
Time: 669.56, 
            Production Events: 0, 
            Suppression Events: 1
Time: 669.56, 
            Production Events: 0, 
            Suppression Events: 0
Time: 670.79, 
            Production Events: 0, 
            Suppression Events: 1
Time: 671.07, 
            Production Events: 0, 
            Suppression Events: 1
Time: 673.01, 
            Production Events: 0, 
            Suppression Events: 2
Time: 673.01, 
            Production Events: 0, 
            Suppression Events: 0
Time: 677.18, 
            Production Events: 0, 
            Suppression Events: 1
Time: 677.18, 
            Production Events: 0, 
            Suppression Events: 0
Time: 677.18, 
            Production Events: 0, 
            Suppression Events: 0
Time: 677.18, 
            Production Events: 0, 
            Suppression Events: 0
Time: 681.97, 
            Production Events: 0, 
            Suppression Events: 2
Time: 681.97, 
            Production Events: 0, 
            Suppression Events: 0
Time: 681.97, 
            Production Events: 0, 
            Suppression Events: 0
Time: 681.97, 
            Production Events: 0, 
            Suppression Events: 0
Time: 683.46, 
            Production Events: 0, 
            Suppression Events: 1
Time: 683.46, 
            Production Events: 0, 
            Suppression Events: 0
Time: 684.64, 
            Production Events: 0, 
            Suppression Events: 1
Time: 685.16, 
            Production Events: 0, 
            Suppression Events: 1
Time: 686.44, 
            Production Events: 0, 
            Suppression Events: 1
Time: 687.11, 
            Production Events: 0, 
            Suppression Events: 1
Time: 688.89, 
            Production Events: 0, 
            Suppression Events: 1
Time: 689.57, 
            Production Events: 0, 
            Suppression Events: 1
Time: 693.61, 
            Production Events: 0, 
            Suppression Events: 1
Time: 693.61, 
            Production Events: 0, 
            Suppression Events: 0
Time: 693.61, 
            Production Events: 0, 
            Suppression Events: 0
Time: 693.61, 
            Production Events: 0, 
            Suppression Events: 0
Time: 694.23, 
            Production Events: 0, 
            Suppression Events: 1
Time: 695.27, 
            Production Events: 0, 
            Suppression Events: 3
Time: 696.5, 
            Production Events: 0, 
            Suppression Events: 1
Time: 697.03, 
            Production Events: 0, 
            Suppression Events: 1
Time: 699.09, 
            Production Events: 0, 
            Suppression Events: 2
Time: 699.09, 
            Production Events: 0, 
            Suppression Events: 0
Time: 700.47, 
            Production Events: 0, 
            Suppression Events: 1
Time: 701.89, 
            Production Events: 0, 
            Suppression Events: 1
Time: 702.05, 
            Production Events: 0, 
            Suppression Events: 1
Time: 703.93, 
            Production Events: 1, 
            Suppression Events: 2
Time: 704.01, 
            Production Events: 0, 
            Suppression Events: 1
Time: 705.0, 
            Production Events: 1, 
            Suppression Events: 1
Time: 708.02, 
            Production Events: 0, 
            Suppression Events: 2
Time: 708.02, 
            Production Events: 0, 
            Suppression Events: 0
Time: 708.02, 
            Production Events: 0, 
            Suppression Events: 0
Time: 710.41, 
            Production Events: 1, 
            Suppression Events: 2
Time: 710.41, 
            Production Events: 0, 
            Suppression Events: 0
Time: 713.03, 
            Production Events: 0, 
            Suppression Events: 1
Time: 713.03, 
            Production Events: 0, 
            Suppression Events: 0
Time: 713.03, 
            Production Events: 0, 
            Suppression Events: 0
Time: 715.42, 
            Production Events: 0, 
            Suppression Events: 2
Time: 715.42, 
            Production Events: 0, 
            Suppression Events: 0
Time: 718.15, 
            Production Events: 0, 
            Suppression Events: 1
Time: 718.15, 
            Production Events: 0, 
            Suppression Events: 0
Time: 718.15, 
            Production Events: 0, 
            Suppression Events: 0
Time: 719.35, 
            Production Events: 0, 
            Suppression Events: 3
Time: 720.93, 
            Production Events: 0, 
            Suppression Events: 1
Time: 721.23, 
            Production Events: 0, 
            Suppression Events: 1
Time: 722.87, 
            Production Events: 0, 
            Suppression Events: 1
Time: 725.23, 
            Production Events: 0, 
            Suppression Events: 1
Time: 725.23, 
            Production Events: 0, 
            Suppression Events: 0
Time: 725.23, 
            Production Events: 0, 
            Suppression Events: 0
Time: 726.42, 
            Production Events: 0, 
            Suppression Events: 2
Time: 727.54, 
            Production Events: 0, 
            Suppression Events: 1
Time: 728.14, 
            Production Events: 0, 
            Suppression Events: 1
Time: 729.65, 
            Production Events: 0, 
            Suppression Events: 2
Time: 731.0, 
            Production Events: 0, 
            Suppression Events: 1
Time: 731.6, 
            Production Events: 0, 
            Suppression Events: 1
Time: 732.08, 
            Production Events: 0, 
            Suppression Events: 1
Time: 733.5, 
            Production Events: 0, 
            Suppression Events: 3
Time: 734.43, 
            Production Events: 0, 
            Suppression Events: 1
Time: 736.26, 
            Production Events: 0, 
            Suppression Events: 3
Time: 736.26, 
            Production Events: 0, 
            Suppression Events: 0
Time: 737.55, 
            Production Events: 0, 
            Suppression Events: 3
Time: 739.24, 
            Production Events: 0, 
            Suppression Events: 1
Time: 739.24, 
            Production Events: 0, 
            Suppression Events: 0
Time: 740.03, 
            Production Events: 0, 
            Suppression Events: 1
Time: 741.44, 
            Production Events: 0, 
            Suppression Events: 3
Time: 744.42, 
            Production Events: 0, 
            Suppression Events: 1
Time: 744.42, 
            Production Events: 0, 
            Suppression Events: 0
Time: 744.42, 
            Production Events: 0, 
            Suppression Events: 0
Time: 745.07, 
            Production Events: 1, 
            Suppression Events: 0
Time: 746.63, 
            Production Events: 0, 
            Suppression Events: 2
Time: 748.06, 
            Production Events: 0, 
            Suppression Events: 2
Time: 748.06, 
            Production Events: 0, 
            Suppression Events: 0
Time: 750.99, 
            Production Events: 1, 
            Suppression Events: 1
Time: 750.99, 
            Production Events: 0, 
            Suppression Events: 0
Time: 752.64, 
            Production Events: 0, 
            Suppression Events: 1
Time: 752.64, 
            Production Events: 0, 
            Suppression Events: 0
Time: 754.28, 
            Production Events: 0, 
            Suppression Events: 1
Time: 754.28, 
            Production Events: 0, 
            Suppression Events: 0
Time: 755.0, 
            Production Events: 0, 
            Suppression Events: 2
Time: 757.25, 
            Production Events: 0, 
            Suppression Events: 1
Time: 757.25, 
            Production Events: 0, 
            Suppression Events: 0
Time: 758.78, 
            Production Events: 1, 
            Suppression Events: 1
Time: 759.62, 
            Production Events: 1, 
            Suppression Events: 1
Time: 760.56, 
            Production Events: 0, 
            Suppression Events: 1
Time: 761.33, 
            Production Events: 0, 
            Suppression Events: 3
Time: 762.42, 
            Production Events: 0, 
            Suppression Events: 1
Time: 766.68, 
            Production Events: 0, 
            Suppression Events: 2
Time: 766.68, 
            Production Events: 0, 
            Suppression Events: 0
Time: 766.68, 
            Production Events: 0, 
            Suppression Events: 0
Time: 766.68, 
            Production Events: 0, 
            Suppression Events: 0
Time: 769.12, 
            Production Events: 1, 
            Suppression Events: 0
Time: 769.12, 
            Production Events: 0, 
            Suppression Events: 0
Time: 769.12, 
            Production Events: 0, 
            Suppression Events: 0
Time: 770.06, 
            Production Events: 0, 
            Suppression Events: 2
Time: 772.28, 
            Production Events: 0, 
            Suppression Events: 2
Time: 772.28, 
            Production Events: 0, 
            Suppression Events: 0
Time: 774.9, 
            Production Events: 1, 
            Suppression Events: 1
Time: 774.9, 
            Production Events: 0, 
            Suppression Events: 0
Time: 775.28, 
            Production Events: 1, 
            Suppression Events: 0
Time: 778.57, 
            Production Events: 0, 
            Suppression Events: 1
Time: 778.57, 
            Production Events: 0, 
            Suppression Events: 0
Time: 778.57, 
            Production Events: 0, 
            Suppression Events: 0
Time: 779.16, 
            Production Events: 0, 
            Suppression Events: 1
Time: 780.18, 
            Production Events: 2, 
            Suppression Events: 1
Time: 782.47, 
            Production Events: 0, 
            Suppression Events: 3
Time: 782.47, 
            Production Events: 0, 
            Suppression Events: 0
Time: 783.93, 
            Production Events: 0, 
            Suppression Events: 2
Time: 785.02, 
            Production Events: 0, 
            Suppression Events: 1
Time: 785.02, 
            Production Events: 0, 
            Suppression Events: 0
Time: 787.39, 
            Production Events: 3, 
            Suppression Events: 0
Time: 787.39, 
            Production Events: 0, 
            Suppression Events: 0
Time: 792.33, 
            Production Events: 1, 
            Suppression Events: 1
Time: 792.33, 
            Production Events: 0, 
            Suppression Events: 0
Time: 792.33, 
            Production Events: 0, 
            Suppression Events: 0
Time: 792.33, 
            Production Events: 0, 
            Suppression Events: 0
Time: 792.33, 
            Production Events: 0, 
            Suppression Events: 0
Time: 793.58, 
            Production Events: 0, 
            Suppression Events: 1
Time: 795.82, 
            Production Events: 1, 
            Suppression Events: 0
Time: 795.82, 
            Production Events: 0, 
            Suppression Events: 0
Time: 797.79, 
            Production Events: 1, 
            Suppression Events: 0
Time: 797.79, 
            Production Events: 0, 
            Suppression Events: 0
Time: 802.45, 
            Production Events: 1, 
            Suppression Events: 0
Time: 802.45, 
            Production Events: 0, 
            Suppression Events: 0
Time: 802.45, 
            Production Events: 0, 
            Suppression Events: 0
Time: 802.45, 
            Production Events: 0, 
            Suppression Events: 0
Time: 802.45, 
            Production Events: 0, 
            Suppression Events: 0
Time: 803.29, 
            Production Events: 0, 
            Suppression Events: 2
Time: 806.0, 
            Production Events: 0, 
            Suppression Events: 3
Time: 806.0, 
            Production Events: 0, 
            Suppression Events: 0
Time: 807.07, 
            Production Events: 0, 
            Suppression Events: 1
Time: 807.07, 
            Production Events: 0, 
            Suppression Events: 0
Time: 808.17, 
            Production Events: 1, 
            Suppression Events: 0
Time: 809.2, 
            Production Events: 0, 
            Suppression Events: 3
Time: 810.23, 
            Production Events: 0, 
            Suppression Events: 1
Time: 812.01, 
            Production Events: 1, 
            Suppression Events: 2
Time: 812.01, 
            Production Events: 0, 
            Suppression Events: 0
Time: 813.18, 
            Production Events: 3, 
            Suppression Events: 0
Time: 814.1, 
            Production Events: 0, 
            Suppression Events: 1
Time: 815.77, 
            Production Events: 0, 
            Suppression Events: 1
Time: 816.96, 
            Production Events: 1, 
            Suppression Events: 0
Time: 818.63, 
            Production Events: 1, 
            Suppression Events: 0
Time: 818.63, 
            Production Events: 0, 
            Suppression Events: 0
Time: 820.44, 
            Production Events: 0, 
            Suppression Events: 2
Time: 820.44, 
            Production Events: 0, 
            Suppression Events: 0
Time: 821.3, 
            Production Events: 0, 
            Suppression Events: 1
Time: 822.1, 
            Production Events: 1, 
            Suppression Events: 0
Time: 824.79, 
            Production Events: 0, 
            Suppression Events: 3
Time: 824.79, 
            Production Events: 0, 
            Suppression Events: 0
Time: 825.24, 
            Production Events: 1, 
            Suppression Events: 0
Time: 826.7, 
            Production Events: 0, 
            Suppression Events: 1
Time: 827.52, 
            Production Events: 0, 
            Suppression Events: 3
Time: 829.04, 
            Production Events: 0, 
            Suppression Events: 2
Time: 829.04, 
            Production Events: 0, 
            Suppression Events: 0
Time: 830.32, 
            Production Events: 0, 
            Suppression Events: 3
Time: 831.07, 
            Production Events: 0, 
            Suppression Events: 2
Time: 833.58, 
            Production Events: 0, 
            Suppression Events: 2
Time: 833.58, 
            Production Events: 0, 
            Suppression Events: 0
Time: 834.36, 
            Production Events: 0, 
            Suppression Events: 1
Time: 835.03, 
            Production Events: 0, 
            Suppression Events: 3
Time: 836.47, 
            Production Events: 0, 
            Suppression Events: 2
Time: 838.21, 
            Production Events: 0, 
            Suppression Events: 1
Time: 838.21, 
            Production Events: 0, 
            Suppression Events: 0
Time: 840.69, 
            Production Events: 0, 
            Suppression Events: 2
Time: 840.69, 
            Production Events: 0, 
            Suppression Events: 0
Time: 841.5, 
            Production Events: 1, 
            Suppression Events: 0
Time: 842.54, 
            Production Events: 0, 
            Suppression Events: 1
Time: 848.75, 
            Production Events: 1, 
            Suppression Events: 1
Time: 848.75, 
            Production Events: 0, 
            Suppression Events: 0
Time: 848.75, 
            Production Events: 0, 
            Suppression Events: 0
Time: 848.75, 
            Production Events: 0, 
            Suppression Events: 0
Time: 848.75, 
            Production Events: 0, 
            Suppression Events: 0
Time: 848.75, 
            Production Events: 0, 
            Suppression Events: 0
Time: 851.0, 
            Production Events: 0, 
            Suppression Events: 1
Time: 851.0, 
            Production Events: 0, 
            Suppression Events: 0
Time: 851.03, 
            Production Events: 0, 
            Suppression Events: 1
Time: 852.68, 
            Production Events: 0, 
            Suppression Events: 1
Time: 853.4, 
            Production Events: 0, 
            Suppression Events: 2
Time: 854.34, 
            Production Events: 0, 
            Suppression Events: 2
Time: 857.38, 
            Production Events: 0, 
            Suppression Events: 2
Time: 857.38, 
            Production Events: 0, 
            Suppression Events: 0
Time: 857.38, 
            Production Events: 0, 
            Suppression Events: 0
Time: 860.64, 
            Production Events: 0, 
            Suppression Events: 2
Time: 860.64, 
            Production Events: 0, 
            Suppression Events: 0
Time: 860.64, 
            Production Events: 0, 
            Suppression Events: 0
Time: 861.66, 
            Production Events: 0, 
            Suppression Events: 1
Time: 862.01, 
            Production Events: 0, 
            Suppression Events: 1
Time: 863.57, 
            Production Events: 1, 
            Suppression Events: 1
Time: 864.91, 
            Production Events: 0, 
            Suppression Events: 1
Time: 865.4, 
            Production Events: 0, 
            Suppression Events: 1
Time: 867.33, 
            Production Events: 0, 
            Suppression Events: 3
Time: 867.33, 
            Production Events: 0, 
            Suppression Events: 0
Time: 870.3, 
            Production Events: 0, 
            Suppression Events: 1
Time: 870.3, 
            Production Events: 0, 
            Suppression Events: 0
Time: 870.3, 
            Production Events: 0, 
            Suppression Events: 0
Time: 871.36, 
            Production Events: 0, 
            Suppression Events: 1
Time: 874.3, 
            Production Events: 0, 
            Suppression Events: 1
Time: 874.3, 
            Production Events: 0, 
            Suppression Events: 0
Time: 874.3, 
            Production Events: 0, 
            Suppression Events: 0
Time: 876.89, 
            Production Events: 0, 
            Suppression Events: 2
Time: 876.89, 
            Production Events: 0, 
            Suppression Events: 0
Time: 879.55, 
            Production Events: 0, 
            Suppression Events: 1
Time: 879.55, 
            Production Events: 0, 
            Suppression Events: 0
Time: 879.55, 
            Production Events: 0, 
            Suppression Events: 0
Time: 880.59, 
            Production Events: 0, 
            Suppression Events: 1
Time: 882.44, 
            Production Events: 0, 
            Suppression Events: 2
Time: 882.44, 
            Production Events: 0, 
            Suppression Events: 0
Time: 884.3, 
            Production Events: 0, 
            Suppression Events: 2
Time: 884.3, 
            Production Events: 0, 
            Suppression Events: 0
Time: 885.45, 
            Production Events: 0, 
            Suppression Events: 1
Time: 886.66, 
            Production Events: 0, 
            Suppression Events: 1
Time: 887.4, 
            Production Events: 0, 
            Suppression Events: 1
Time: 888.76, 
            Production Events: 0, 
            Suppression Events: 3
Time: 889.94, 
            Production Events: 0, 
            Suppression Events: 1
Time: 890.56, 
            Production Events: 0, 
            Suppression Events: 1
Time: 892.0, 
            Production Events: 0, 
            Suppression Events: 2
Time: 892.47, 
            Production Events: 0, 
            Suppression Events: 1
Time: 893.21, 
            Production Events: 1, 
            Suppression Events: 1
Time: 894.39, 
            Production Events: 1, 
            Suppression Events: 2
Time: 897.29, 
            Production Events: 0, 
            Suppression Events: 1
Time: 897.29, 
            Production Events: 0, 
            Suppression Events: 0
Time: 897.29, 
            Production Events: 0, 
            Suppression Events: 0
Time: 898.29, 
            Production Events: 0, 
            Suppression Events: 1
Time: 903.49, 
            Production Events: 0, 
            Suppression Events: 1
Time: 903.49, 
            Production Events: 0, 
            Suppression Events: 0
Time: 903.49, 
            Production Events: 0, 
            Suppression Events: 0
Time: 903.49, 
            Production Events: 0, 
            Suppression Events: 0
Time: 903.49, 
            Production Events: 0, 
            Suppression Events: 0
Time: 904.07, 
            Production Events: 0, 
            Suppression Events: 1
Time: 905.18, 
            Production Events: 0, 
            Suppression Events: 2
Time: 906.28, 
            Production Events: 1, 
            Suppression Events: 1
Time: 907.19, 
            Production Events: 0, 
            Suppression Events: 1
Time: 908.06, 
            Production Events: 0, 
            Suppression Events: 1
Time: 909.4, 
            Production Events: 0, 
            Suppression Events: 3
Time: 911.97, 
            Production Events: 2, 
            Suppression Events: 1
Time: 911.97, 
            Production Events: 0, 
            Suppression Events: 0
Time: 912.97, 
            Production Events: 0, 
            Suppression Events: 1
Time: 913.86, 
            Production Events: 0, 
            Suppression Events: 1
Time: 915.53, 
            Production Events: 0, 
            Suppression Events: 1
Time: 915.53, 
            Production Events: 0, 
            Suppression Events: 0
Time: 916.15, 
            Production Events: 0, 
            Suppression Events: 1
Time: 917.03, 
            Production Events: 0, 
            Suppression Events: 1
Time: 918.02, 
            Production Events: 0, 
            Suppression Events: 2
Time: 919.01, 
            Production Events: 0, 
            Suppression Events: 3
Time: 920.29, 
            Production Events: 1, 
            Suppression Events: 0
Time: 921.55, 
            Production Events: 0, 
            Suppression Events: 2
Time: 923.6, 
            Production Events: 0, 
            Suppression Events: 1
Time: 923.6, 
            Production Events: 0, 
            Suppression Events: 0
Time: 925.13, 
            Production Events: 0, 
            Suppression Events: 1
Time: 925.13, 
            Production Events: 0, 
            Suppression Events: 0
Time: 926.28, 
            Production Events: 0, 
            Suppression Events: 1
Time: 927.63, 
            Production Events: 0, 
            Suppression Events: 1
Time: 928.18, 
            Production Events: 0, 
            Suppression Events: 1
Time: 929.08, 
            Production Events: 1, 
            Suppression Events: 1
Time: 930.27, 
            Production Events: 0, 
            Suppression Events: 2
Time: 931.17, 
            Production Events: 0, 
            Suppression Events: 1
Time: 932.35, 
            Production Events: 0, 
            Suppression Events: 1
Time: 933.25, 
            Production Events: 0, 
            Suppression Events: 1
Time: 934.92, 
            Production Events: 0, 
            Suppression Events: 1
Time: 936.83, 
            Production Events: 1, 
            Suppression Events: 0
Time: 936.83, 
            Production Events: 0, 
            Suppression Events: 0
Time: 937.67, 
            Production Events: 1, 
            Suppression Events: 0
Time: 938.61, 
            Production Events: 0, 
            Suppression Events: 1
Time: 939.88, 
            Production Events: 1, 
            Suppression Events: 1
Time: 943.39, 
            Production Events: 0, 
            Suppression Events: 1
Time: 943.39, 
            Production Events: 0, 
            Suppression Events: 0
Time: 943.39, 
            Production Events: 0, 
            Suppression Events: 0
Time: 943.39, 
            Production Events: 0, 
            Suppression Events: 0
Time: 946.39, 
            Production Events: 0, 
            Suppression Events: 1
Time: 946.39, 
            Production Events: 0, 
            Suppression Events: 0
Time: 946.39, 
            Production Events: 0, 
            Suppression Events: 0
Time: 948.21, 
            Production Events: 0, 
            Suppression Events: 1
Time: 948.21, 
            Production Events: 0, 
            Suppression Events: 0
Time: 949.8, 
            Production Events: 1, 
            Suppression Events: 0
Time: 950.33, 
            Production Events: 0, 
            Suppression Events: 1
Time: 951.69, 
            Production Events: 0, 
            Suppression Events: 1
Time: 952.92, 
            Production Events: 0, 
            Suppression Events: 1
Time: 953.82, 
            Production Events: 1, 
            Suppression Events: 1
Time: 954.75, 
            Production Events: 1, 
            Suppression Events: 0
Time: 955.27, 
            Production Events: 1, 
            Suppression Events: 1
Time: 957.24, 
            Production Events: 0, 
            Suppression Events: 1
Time: 957.24, 
            Production Events: 0, 
            Suppression Events: 0
Time: 958.16, 
            Production Events: 1, 
            Suppression Events: 1
Time: 960.0, 
            Production Events: 1, 
            Suppression Events: 0
Time: 961.1, 
            Production Events: 1, 
            Suppression Events: 0
Time: 961.1, 
            Production Events: 0, 
            Suppression Events: 0
Time: 962.73, 
            Production Events: 1, 
            Suppression Events: 2
Time: 963.23, 
            Production Events: 1, 
            Suppression Events: 0
Time: 964.32, 
            Production Events: 3, 
            Suppression Events: 0
Time: 966.38, 
            Production Events: 2, 
            Suppression Events: 0
Time: 966.38, 
            Production Events: 0, 
            Suppression Events: 0
Time: 968.08, 
            Production Events: 0, 
            Suppression Events: 1
Time: 968.08, 
            Production Events: 0, 
            Suppression Events: 0
Time: 970.08, 
            Production Events: 0, 
            Suppression Events: 1
Time: 970.08, 
            Production Events: 0, 
            Suppression Events: 0
Time: 971.48, 
            Production Events: 1, 
            Suppression Events: 0
Time: 972.78, 
            Production Events: 1, 
            Suppression Events: 1
Time: 973.43, 
            Production Events: 1, 
            Suppression Events: 0
Time: 974.6, 
            Production Events: 0, 
            Suppression Events: 1
Time: 975.37, 
            Production Events: 0, 
            Suppression Events: 1
Time: 979.25, 
            Production Events: 0, 
            Suppression Events: 1
Time: 979.25, 
            Production Events: 0, 
            Suppression Events: 0
Time: 979.25, 
            Production Events: 0, 
            Suppression Events: 0
Time: 979.25, 
            Production Events: 0, 
            Suppression Events: 0
Time: 980.26, 
            Production Events: 0, 
            Suppression Events: 2
Time: 982.93, 
            Production Events: 1, 
            Suppression Events: 1
Time: 982.93, 
            Production Events: 0, 
            Suppression Events: 0
Time: 984.11, 
            Production Events: 1, 
            Suppression Events: 0
Time: 984.11, 
            Production Events: 0, 
            Suppression Events: 0
Time: 986.9, 
            Production Events: 2, 
            Suppression Events: 0
Time: 986.9, 
            Production Events: 0, 
            Suppression Events: 0
Time: 988.11, 
            Production Events: 0, 
            Suppression Events: 1
Time: 988.11, 
            Production Events: 0, 
            Suppression Events: 0
Time: 990.35, 
            Production Events: 1, 
            Suppression Events: 0
Time: 990.35, 
            Production Events: 0, 
            Suppression Events: 0
Time: 991.65, 
            Production Events: 1, 
            Suppression Events: 0
Time: 994.13, 
            Production Events: 0, 
            Suppression Events: 1
Time: 994.13, 
            Production Events: 0, 
            Suppression Events: 0
Time: 994.13, 
            Production Events: 0, 
            Suppression Events: 0
Time: 995.27, 
            Production Events: 1, 
            Suppression Events: 2
Time: 996.56, 
            Production Events: 2, 
            Suppression Events: 1
Time: 997.57, 
            Production Events: 1, 
            Suppression Events: 1
Time: 998.81, 
            Production Events: 0, 
            Suppression Events: 1
Time: 999.67, 
            Production Events: 0, 
            Suppression Events: 1
Time: 1000.32, 
            Production Events: 0, 
            Suppression Events: 1
Simulation completed:
  Final time: 1000.3235807977189
  Total events: 1041
  Wall time: 15597.1 seconds

Saving simulation results with clean separation...
Task evolution saved to: 5t5b/5t5b_mfcsb/data/param_3_rep_1_2025-11-21_153242/states.csv
Events saved to: 5t5b/5t5b_mfcsb/data/param_3_rep_1_2025-11-21_153242/events.csv
Saving event log (raw and DataFrame)...
log DataFrame size: (1046, 9)
short view:
59 DataFrame
 Row  time     bee1_id  bee2_id  task_id  task_1   task_2   task_3     task_4 
      Float64  Int64    Int64    Int64    Float64  Float64  Float64    Float6 

   1      0.0        1        0        0   0.1133   0.1028  0.103526    0.087 
   2      0.0        2        0        0   0.0905   0.0996  0.0775584   0.087
   3      0.0        3        0        0   0.1307   0.0907  0.0767133   0.100
   4      0.0        4        0        0   0.0933   0.0992  0.0812462   0.073
   5      0.0        5        0        0   0.0761   0.0975  0.08309     0.089 
                                                               2 columns omittedEvent log saved to: 5t5b/5t5b_mfcsb/data/param_3_rep_1_2025-11-21_153242/event_log.json
Event log DataFrame saved to: 5t5b/5t5b_mfcsb/data/param_3_rep_1_2025-11-21_153242/event_log.csv
Metadata and configuration saved to: 5t5b/5t5b_mfcsb/data/param_3_rep_1_2025-11-21_153242/config.json
Task index mapping saved to: 5t5b/5t5b_mfcsb/data/param_3_rep_1_2025-11-21_153242/task_index_mapping.json
All results saved to directory: 5t5b/5t5b_mfcsb/data/param_3_rep_1_2025-11-21_153242
Simulation completed successfully!
Job finished at: Fri Nov 21 07:53:20 PM CET 2025
