Job array started at: Fri Nov 21 05:32:42 PM CET 2025
Job ID: 10861991
Array Job ID: 10860410
Array Task ID: 134
Node: th-ws-7010m54
Loading Julia module...
Module loaded: /software/opt/el_9/x86_64/julia/1.11.3/bin/julia
Changing to project directory...
Current directory: /scratch/n/N.Pfaffenzeller/nikolas_nethive/nethive_multiverse
Running parameter combination 134, replicate 1
Starting Julia simulation...
Running simulation with the following configuration:
  dataset_names: [:mnist, :cifar10, :svhn2, :fashion_mnist, :bank]
  param_id: 134
  n_bees: 5
  batch_size: 32
  replicate_id: 1
  punish_rate: 0.1
  punishment: time_out
  lambda_sensitivity: 100
  save_nn_epochs: 0
  production_rate: 1
  interaction_rate: 10
  batches_per_step: 50
  learning_rate: 0.0001
  max_output_dim: 10
  n_steps_per_epoch: 1
  dead_time: 50
  max_input_dim: 3072
  n_epochs: 1000
  seed: 1130139042

Starting simulation with configuration:
  dataset_names: [:mnist, :cifar10, :svhn2, :fashion_mnist, :bank]
  param_id: 134
  n_bees: 5
  batch_size: 32
  replicate_id: 1
  punish_rate: 0.1
  punishment: time_out
  lambda_sensitivity: 100
  save_nn_epochs: 0
  production_rate: 1
  interaction_rate: 10
  batches_per_step: 50
  run_timestamp: 2025-11-21T17:33:09.561
  learning_rate: 0.0001
  max_output_dim: 10
  n_steps_per_epoch: 1
  dead_time: 50
  max_input_dim: 3072
  n_epochs: 1000
  seed: 1130139042
Random seed: 1130139042

Starting simulation...
Time: 2.16, 
            Production Events: 1, 
            Suppression Events: 0
Time: 2.16, 
            Production Events: 0, 
            Suppression Events: 0
Time: 5.86, 
            Production Events: 1, 
            Suppression Events: 0
Time: 5.86, 
            Production Events: 0, 
            Suppression Events: 0
Time: 5.86, 
            Production Events: 0, 
            Suppression Events: 0
Time: 6.36, 
            Production Events: 1, 
            Suppression Events: 1
Time: 7.68, 
            Production Events: 3, 
            Suppression Events: 0
Time: 9.8, 
            Production Events: 0, 
            Suppression Events: 1
Time: 9.8, 
            Production Events: 0, 
            Suppression Events: 0
Time: 10.54, 
            Production Events: 0, 
            Suppression Events: 1
Time: 11.91, 
            Production Events: 1, 
            Suppression Events: 1
Time: 12.38, 
            Production Events: 0, 
            Suppression Events: 1
Time: 13.12, 
            Production Events: 1, 
            Suppression Events: 1
Time: 14.18, 
            Production Events: 3, 
            Suppression Events: 1
Time: 16.94, 
            Production Events: 1, 
            Suppression Events: 0
Time: 16.94, 
            Production Events: 0, 
            Suppression Events: 0
Time: 18.04, 
            Production Events: 1, 
            Suppression Events: 0
Time: 18.04, 
            Production Events: 0, 
            Suppression Events: 0
Time: 19.39, 
            Production Events: 2, 
            Suppression Events: 1
Time: 22.66, 
            Production Events: 2, 
            Suppression Events: 2
Time: 22.66, 
            Production Events: 0, 
            Suppression Events: 0
Time: 22.66, 
            Production Events: 0, 
            Suppression Events: 0
Time: 24.2, 
            Production Events: 1, 
            Suppression Events: 0
Time: 24.2, 
            Production Events: 0, 
            Suppression Events: 0
Time: 25.4, 
            Production Events: 1, 
            Suppression Events: 0
Time: 28.76, 
            Production Events: 0, 
            Suppression Events: 1
Time: 28.76, 
            Production Events: 0, 
            Suppression Events: 0
Time: 28.76, 
            Production Events: 0, 
            Suppression Events: 0
Time: 31.22, 
            Production Events: 1, 
            Suppression Events: 0
Time: 31.22, 
            Production Events: 0, 
            Suppression Events: 0
Time: 31.22, 
            Production Events: 0, 
            Suppression Events: 0
Time: 33.05, 
            Production Events: 1, 
            Suppression Events: 0
Time: 33.05, 
            Production Events: 0, 
            Suppression Events: 0
Time: 35.56, 
            Production Events: 1, 
            Suppression Events: 1
Time: 35.56, 
            Production Events: 0, 
            Suppression Events: 0
Time: 36.65, 
            Production Events: 0, 
            Suppression Events: 1
Time: 37.1, 
            Production Events: 0, 
            Suppression Events: 2
Time: 40.86, 
            Production Events: 0, 
            Suppression Events: 2
Time: 40.86, 
            Production Events: 0, 
            Suppression Events: 0
Time: 40.86, 
            Production Events: 0, 
            Suppression Events: 0
Time: 41.15, 
            Production Events: 0, 
            Suppression Events: 1
Time: 43.08, 
            Production Events: 1, 
            Suppression Events: 1
Time: 43.08, 
            Production Events: 0, 
            Suppression Events: 0
Time: 46.41, 
            Production Events: 0, 
            Suppression Events: 2
Time: 46.41, 
            Production Events: 0, 
            Suppression Events: 0
Time: 46.41, 
            Production Events: 0, 
            Suppression Events: 0
Time: 47.28, 
            Production Events: 1, 
            Suppression Events: 0
Time: 49.66, 
            Production Events: 1, 
            Suppression Events: 1
Time: 49.66, 
            Production Events: 0, 
            Suppression Events: 0
Time: 50.79, 
            Production Events: 0, 
            Suppression Events: 1
Time: 52.88, 
            Production Events: 1, 
            Suppression Events: 0
Time: 52.88, 
            Production Events: 0, 
            Suppression Events: 0
Time: 53.6, 
            Production Events: 1, 
            Suppression Events: 0
Time: 55.62, 
            Production Events: 1, 
            Suppression Events: 1
Time: 55.62, 
            Production Events: 0, 
            Suppression Events: 0
Time: 59.66, 
            Production Events: 0, 
            Suppression Events: 1
Time: 59.66, 
            Production Events: 0, 
            Suppression Events: 0
Time: 59.66, 
            Production Events: 0, 
            Suppression Events: 0
Time: 59.66, 
            Production Events: 0, 
            Suppression Events: 0
Time: 63.57, 
            Production Events: 1, 
            Suppression Events: 0
Time: 63.57, 
            Production Events: 0, 
            Suppression Events: 0
Time: 63.57, 
            Production Events: 0, 
            Suppression Events: 0
Time: 63.57, 
            Production Events: 0, 
            Suppression Events: 0
Time: 66.18, 
            Production Events: 1, 
            Suppression Events: 0
Time: 66.18, 
            Production Events: 0, 
            Suppression Events: 0
Time: 66.18, 
            Production Events: 0, 
            Suppression Events: 0
Time: 67.14, 
            Production Events: 1, 
            Suppression Events: 1
Time: 68.39, 
            Production Events: 0, 
            Suppression Events: 1
Time: 70.23, 
            Production Events: 1, 
            Suppression Events: 1
Time: 70.23, 
            Production Events: 0, 
            Suppression Events: 0
Time: 73.58, 
            Production Events: 0, 
            Suppression Events: 1
Time: 73.58, 
            Production Events: 0, 
            Suppression Events: 0
Time: 73.58, 
            Production Events: 0, 
            Suppression Events: 0
Time: 75.75, 
            Production Events: 0, 
            Suppression Events: 2
Time: 75.75, 
            Production Events: 0, 
            Suppression Events: 0
Time: 76.43, 
            Production Events: 0, 
            Suppression Events: 1
Time: 77.07, 
            Production Events: 1, 
            Suppression Events: 0
Time: 78.68, 
            Production Events: 0, 
            Suppression Events: 1
Time: 81.46, 
            Production Events: 1, 
            Suppression Events: 2
Time: 81.46, 
            Production Events: 0, 
            Suppression Events: 0
Time: 81.46, 
            Production Events: 0, 
            Suppression Events: 0
Time: 83.42, 
            Production Events: 0, 
            Suppression Events: 3
Time: 83.42, 
            Production Events: 0, 
            Suppression Events: 0
Time: 84.31, 
            Production Events: 0, 
            Suppression Events: 3
Time: 85.04, 
            Production Events: 2, 
            Suppression Events: 1
Time: 86.73, 
            Production Events: 0, 
            Suppression Events: 2
Time: 87.16, 
            Production Events: 0, 
            Suppression Events: 1
Time: 88.08, 
            Production Events: 0, 
            Suppression Events: 2
Time: 89.04, 
            Production Events: 0, 
            Suppression Events: 2
Time: 91.02, 
            Production Events: 1, 
            Suppression Events: 2
Time: 91.02, 
            Production Events: 0, 
            Suppression Events: 0
Time: 93.47, 
            Production Events: 3, 
            Suppression Events: 2
Time: 93.47, 
            Production Events: 0, 
            Suppression Events: 0
Time: 95.51, 
            Production Events: 0, 
            Suppression Events: 1
Time: 95.51, 
            Production Events: 0, 
            Suppression Events: 0
Time: 96.45, 
            Production Events: 0, 
            Suppression Events: 1
Time: 97.62, 
            Production Events: 0, 
            Suppression Events: 1
Time: 98.89, 
            Production Events: 0, 
            Suppression Events: 2
Time: 99.76, 
            Production Events: 0, 
            Suppression Events: 1
Time: 101.72, 
            Production Events: 0, 
            Suppression Events: 1
Time: 101.72, 
            Production Events: 0, 
            Suppression Events: 0
Time: 102.67, 
            Production Events: 0, 
            Suppression Events: 1
Time: 103.94, 
            Production Events: 1, 
            Suppression Events: 0
Time: 104.87, 
            Production Events: 1, 
            Suppression Events: 0
Time: 105.54, 
            Production Events: 0, 
            Suppression Events: 1
Time: 106.94, 
            Production Events: 0, 
            Suppression Events: 1
Time: 108.17, 
            Production Events: 1, 
            Suppression Events: 0
Time: 108.17, 
            Production Events: 0, 
            Suppression Events: 0
Time: 111.79, 
            Production Events: 1, 
            Suppression Events: 0
Time: 111.79, 
            Production Events: 0, 
            Suppression Events: 0
Time: 111.79, 
            Production Events: 0, 
            Suppression Events: 0
Time: 113.63, 
            Production Events: 1, 
            Suppression Events: 0
Time: 113.63, 
            Production Events: 0, 
            Suppression Events: 0
Time: 115.15, 
            Production Events: 0, 
            Suppression Events: 1
Time: 115.15, 
            Production Events: 0, 
            Suppression Events: 0
Time: 116.71, 
            Production Events: 1, 
            Suppression Events: 1
Time: 117.33, 
            Production Events: 1, 
            Suppression Events: 2
Time: 118.25, 
            Production Events: 0, 
            Suppression Events: 1
Time: 119.65, 
            Production Events: 1, 
            Suppression Events: 1
Time: 120.81, 
            Production Events: 1, 
            Suppression Events: 0
Time: 122.88, 
            Production Events: 1, 
            Suppression Events: 0
Time: 122.88, 
            Production Events: 0, 
            Suppression Events: 0
Time: 125.1, 
            Production Events: 0, 
            Suppression Events: 1
Time: 125.1, 
            Production Events: 0, 
            Suppression Events: 0
Time: 125.1, 
            Production Events: 0, 
            Suppression Events: 0
Time: 126.05, 
            Production Events: 2, 
            Suppression Events: 2
Time: 129.26, 
            Production Events: 1, 
            Suppression Events: 0
Time: 129.26, 
            Production Events: 0, 
            Suppression Events: 0
Time: 129.26, 
            Production Events: 0, 
            Suppression Events: 0
Time: 132.5, 
            Production Events: 0, 
            Suppression Events: 1
Time: 132.5, 
            Production Events: 0, 
            Suppression Events: 0
Time: 132.5, 
            Production Events: 0, 
            Suppression Events: 0
Time: 133.28, 
            Production Events: 0, 
            Suppression Events: 2
Time: 134.85, 
            Production Events: 0, 
            Suppression Events: 2
Time: 135.72, 
            Production Events: 1, 
            Suppression Events: 1
Time: 137.55, 
            Production Events: 0, 
            Suppression Events: 1
Time: 137.55, 
            Production Events: 0, 
            Suppression Events: 0
Time: 139.63, 
            Production Events: 1, 
            Suppression Events: 2
Time: 139.63, 
            Production Events: 0, 
            Suppression Events: 0
Time: 142.5, 
            Production Events: 0, 
            Suppression Events: 1
Time: 142.5, 
            Production Events: 0, 
            Suppression Events: 0
Time: 142.5, 
            Production Events: 0, 
            Suppression Events: 0
Time: 143.2, 
            Production Events: 0, 
            Suppression Events: 2
Time: 144.27, 
            Production Events: 1, 
            Suppression Events: 2
Time: 145.29, 
            Production Events: 1, 
            Suppression Events: 1
Time: 146.32, 
            Production Events: 0, 
            Suppression Events: 1
Time: 147.2, 
            Production Events: 0, 
            Suppression Events: 1
Time: 148.13, 
            Production Events: 0, 
            Suppression Events: 1
Time: 149.97, 
            Production Events: 2, 
            Suppression Events: 1
Time: 150.98, 
            Production Events: 0, 
            Suppression Events: 1
Time: 153.15, 
            Production Events: 0, 
            Suppression Events: 1
Time: 153.15, 
            Production Events: 0, 
            Suppression Events: 0
Time: 153.15, 
            Production Events: 0, 
            Suppression Events: 0
Time: 154.42, 
            Production Events: 0, 
            Suppression Events: 2
Time: 156.28, 
            Production Events: 0, 
            Suppression Events: 1
Time: 156.28, 
            Production Events: 0, 
            Suppression Events: 0
Time: 157.33, 
            Production Events: 1, 
            Suppression Events: 1
Time: 159.64, 
            Production Events: 0, 
            Suppression Events: 1
Time: 159.64, 
            Production Events: 0, 
            Suppression Events: 0
Time: 160.17, 
            Production Events: 1, 
            Suppression Events: 2
Time: 165.78, 
            Production Events: 1, 
            Suppression Events: 0
Time: 165.78, 
            Production Events: 0, 
            Suppression Events: 0
Time: 165.78, 
            Production Events: 0, 
            Suppression Events: 0
Time: 165.78, 
            Production Events: 0, 
            Suppression Events: 0
Time: 165.78, 
            Production Events: 0, 
            Suppression Events: 0
Time: 168.35, 
            Production Events: 1, 
            Suppression Events: 0
Time: 168.35, 
            Production Events: 0, 
            Suppression Events: 0
Time: 168.35, 
            Production Events: 0, 
            Suppression Events: 0
Time: 169.35, 
            Production Events: 0, 
            Suppression Events: 2
Time: 170.69, 
            Production Events: 0, 
            Suppression Events: 1
Time: 175.28, 
            Production Events: 0, 
            Suppression Events: 2
Time: 175.28, 
            Production Events: 0, 
            Suppression Events: 0
Time: 175.28, 
            Production Events: 0, 
            Suppression Events: 0
Time: 175.28, 
            Production Events: 0, 
            Suppression Events: 0
Time: 175.28, 
            Production Events: 0, 
            Suppression Events: 0
Time: 176.82, 
            Production Events: 0, 
            Suppression Events: 2
Time: 178.29, 
            Production Events: 0, 
            Suppression Events: 1
Time: 178.29, 
            Production Events: 0, 
            Suppression Events: 0
Time: 180.15, 
            Production Events: 0, 
            Suppression Events: 2
Time: 180.15, 
            Production Events: 0, 
            Suppression Events: 0
Time: 183.33, 
            Production Events: 0, 
            Suppression Events: 1
Time: 183.33, 
            Production Events: 0, 
            Suppression Events: 0
Time: 183.33, 
            Production Events: 0, 
            Suppression Events: 0
Time: 184.56, 
            Production Events: 0, 
            Suppression Events: 1
Time: 185.03, 
            Production Events: 0, 
            Suppression Events: 2
Time: 186.01, 
            Production Events: 1, 
            Suppression Events: 1
Time: 187.04, 
            Production Events: 0, 
            Suppression Events: 1
Time: 189.84, 
            Production Events: 0, 
            Suppression Events: 2
Time: 189.84, 
            Production Events: 0, 
            Suppression Events: 0
Time: 194.26, 
            Production Events: 0, 
            Suppression Events: 1
Time: 194.26, 
            Production Events: 0, 
            Suppression Events: 0
Time: 194.26, 
            Production Events: 0, 
            Suppression Events: 0
Time: 194.26, 
            Production Events: 0, 
            Suppression Events: 0
Time: 194.26, 
            Production Events: 0, 
            Suppression Events: 0
Time: 195.47, 
            Production Events: 1, 
            Suppression Events: 0
Time: 197.21, 
            Production Events: 1, 
            Suppression Events: 1
Time: 197.21, 
            Production Events: 0, 
            Suppression Events: 0
Time: 198.73, 
            Production Events: 1, 
            Suppression Events: 1
Time: 199.25, 
            Production Events: 0, 
            Suppression Events: 1
Time: 200.43, 
            Production Events: 0, 
            Suppression Events: 3
Time: 201.57, 
            Production Events: 0, 
            Suppression Events: 1
Time: 202.07, 
            Production Events: 0, 
            Suppression Events: 1
Time: 203.31, 
            Production Events: 2, 
            Suppression Events: 0
Time: 204.15, 
            Production Events: 1, 
            Suppression Events: 0
Time: 206.46, 
            Production Events: 0, 
            Suppression Events: 2
Time: 206.46, 
            Production Events: 0, 
            Suppression Events: 0
Time: 208.51, 
            Production Events: 0, 
            Suppression Events: 1
Time: 208.51, 
            Production Events: 0, 
            Suppression Events: 0
Time: 210.02, 
            Production Events: 1, 
            Suppression Events: 0
Time: 210.02, 
            Production Events: 0, 
            Suppression Events: 0
Time: 211.93, 
            Production Events: 2, 
            Suppression Events: 1
Time: 212.31, 
            Production Events: 1, 
            Suppression Events: 0
Time: 214.43, 
            Production Events: 1, 
            Suppression Events: 0
Time: 214.43, 
            Production Events: 0, 
            Suppression Events: 0
Time: 215.06, 
            Production Events: 1, 
            Suppression Events: 0
Time: 216.86, 
            Production Events: 0, 
            Suppression Events: 1
Time: 219.45, 
            Production Events: 0, 
            Suppression Events: 1
Time: 219.45, 
            Production Events: 0, 
            Suppression Events: 0
Time: 219.45, 
            Production Events: 0, 
            Suppression Events: 0
Time: 220.53, 
            Production Events: 0, 
            Suppression Events: 1
Time: 221.45, 
            Production Events: 1, 
            Suppression Events: 0
Time: 222.14, 
            Production Events: 0, 
            Suppression Events: 2
Time: 223.26, 
            Production Events: 1, 
            Suppression Events: 1
Time: 224.66, 
            Production Events: 0, 
            Suppression Events: 2
Time: 225.1, 
            Production Events: 0, 
            Suppression Events: 2
Time: 227.58, 
            Production Events: 0, 
            Suppression Events: 1
Time: 227.58, 
            Production Events: 0, 
            Suppression Events: 0
Time: 229.67, 
            Production Events: 1, 
            Suppression Events: 0
Time: 229.67, 
            Production Events: 0, 
            Suppression Events: 0
Time: 230.26, 
            Production Events: 1, 
            Suppression Events: 0
Time: 233.12, 
            Production Events: 0, 
            Suppression Events: 2
Time: 233.12, 
            Production Events: 0, 
            Suppression Events: 0
Time: 233.12, 
            Production Events: 0, 
            Suppression Events: 0
Time: 234.6, 
            Production Events: 1, 
            Suppression Events: 2
Time: 235.32, 
            Production Events: 0, 
            Suppression Events: 1
Time: 236.47, 
            Production Events: 0, 
            Suppression Events: 2
Time: 237.05, 
            Production Events: 1, 
            Suppression Events: 0
Time: 238.25, 
            Production Events: 2, 
            Suppression Events: 1
Time: 239.51, 
            Production Events: 1, 
            Suppression Events: 0
Time: 240.89, 
            Production Events: 0, 
            Suppression Events: 2
Time: 241.23, 
            Production Events: 1, 
            Suppression Events: 0
Time: 242.64, 
            Production Events: 0, 
            Suppression Events: 1
Time: 244.79, 
            Production Events: 0, 
            Suppression Events: 2
Time: 244.79, 
            Production Events: 0, 
            Suppression Events: 0
Time: 246.01, 
            Production Events: 0, 
            Suppression Events: 1
Time: 246.01, 
            Production Events: 0, 
            Suppression Events: 0
Time: 247.44, 
            Production Events: 1, 
            Suppression Events: 0
Time: 250.17, 
            Production Events: 1, 
            Suppression Events: 0
Time: 250.17, 
            Production Events: 0, 
            Suppression Events: 0
Time: 250.17, 
            Production Events: 0, 
            Suppression Events: 0
Time: 251.77, 
            Production Events: 0, 
            Suppression Events: 1
Time: 252.03, 
            Production Events: 0, 
            Suppression Events: 1
Time: 254.0, 
            Production Events: 1, 
            Suppression Events: 1
Time: 254.0, 
            Production Events: 0, 
            Suppression Events: 0
Time: 255.16, 
            Production Events: 0, 
            Suppression Events: 1
Time: 257.05, 
            Production Events: 0, 
            Suppression Events: 2
Time: 257.05, 
            Production Events: 0, 
            Suppression Events: 0
Time: 258.51, 
            Production Events: 0, 
            Suppression Events: 3
Time: 259.61, 
            Production Events: 0, 
            Suppression Events: 2
Time: 261.98, 
            Production Events: 1, 
            Suppression Events: 1
Time: 261.98, 
            Production Events: 0, 
            Suppression Events: 0
Time: 262.08, 
            Production Events: 0, 
            Suppression Events: 1
Time: 264.21, 
            Production Events: 0, 
            Suppression Events: 3
Time: 264.21, 
            Production Events: 0, 
            Suppression Events: 0
Time: 266.47, 
            Production Events: 0, 
            Suppression Events: 1
Time: 266.47, 
            Production Events: 0, 
            Suppression Events: 0
Time: 267.98, 
            Production Events: 0, 
            Suppression Events: 1
Time: 270.81, 
            Production Events: 1, 
            Suppression Events: 0
Time: 270.81, 
            Production Events: 0, 
            Suppression Events: 0
Time: 270.81, 
            Production Events: 0, 
            Suppression Events: 0
Time: 271.8, 
            Production Events: 1, 
            Suppression Events: 0
Time: 272.4, 
            Production Events: 0, 
            Suppression Events: 2
Time: 273.14, 
            Production Events: 0, 
            Suppression Events: 2
Time: 275.68, 
            Production Events: 1, 
            Suppression Events: 1
Time: 275.68, 
            Production Events: 0, 
            Suppression Events: 0
Time: 276.1, 
            Production Events: 2, 
            Suppression Events: 0
Time: 277.98, 
            Production Events: 1, 
            Suppression Events: 2
Time: 278.76, 
            Production Events: 0, 
            Suppression Events: 1
Time: 279.49, 
            Production Events: 1, 
            Suppression Events: 0
Time: 282.28, 
            Production Events: 0, 
            Suppression Events: 1
Time: 282.28, 
            Production Events: 0, 
            Suppression Events: 0
Time: 282.28, 
            Production Events: 0, 
            Suppression Events: 0
Time: 283.4, 
            Production Events: 2, 
            Suppression Events: 1
Time: 284.06, 
            Production Events: 0, 
            Suppression Events: 1
Time: 285.06, 
            Production Events: 1, 
            Suppression Events: 1
Time: 286.38, 
            Production Events: 1, 
            Suppression Events: 1
Time: 289.4, 
            Production Events: 0, 
            Suppression Events: 1
Time: 289.4, 
            Production Events: 0, 
            Suppression Events: 0
Time: 289.4, 
            Production Events: 0, 
            Suppression Events: 0
Time: 291.19, 
            Production Events: 1, 
            Suppression Events: 1
Time: 291.19, 
            Production Events: 0, 
            Suppression Events: 0
Time: 293.87, 
            Production Events: 1, 
            Suppression Events: 0
Time: 293.87, 
            Production Events: 0, 
            Suppression Events: 0
Time: 295.07, 
            Production Events: 0, 
            Suppression Events: 1
Time: 295.07, 
            Production Events: 0, 
            Suppression Events: 0
Time: 296.21, 
            Production Events: 1, 
            Suppression Events: 0
Time: 298.82, 
            Production Events: 1, 
            Suppression Events: 2
Time: 298.82, 
            Production Events: 0, 
            Suppression Events: 0
Time: 299.48, 
            Production Events: 1, 
            Suppression Events: 0
Time: 302.37, 
            Production Events: 1, 
            Suppression Events: 1
Time: 302.37, 
            Production Events: 0, 
            Suppression Events: 0
Time: 302.37, 
            Production Events: 0, 
            Suppression Events: 0
Time: 303.32, 
            Production Events: 0, 
            Suppression Events: 2
Time: 304.13, 
            Production Events: 0, 
            Suppression Events: 1
Time: 306.08, 
            Production Events: 1, 
            Suppression Events: 3
Time: 306.08, 
            Production Events: 0, 
            Suppression Events: 0
Time: 307.49, 
            Production Events: 0, 
            Suppression Events: 1
Time: 311.03, 
            Production Events: 0, 
            Suppression Events: 1
Time: 311.03, 
            Production Events: 0, 
            Suppression Events: 0
Time: 311.03, 
            Production Events: 0, 
            Suppression Events: 0
Time: 311.03, 
            Production Events: 0, 
            Suppression Events: 0
Time: 312.15, 
            Production Events: 0, 
            Suppression Events: 2
Time: 313.74, 
            Production Events: 0, 
            Suppression Events: 2
Time: 314.03, 
            Production Events: 2, 
            Suppression Events: 0
Time: 316.54, 
            Production Events: 1, 
            Suppression Events: 1
Time: 316.54, 
            Production Events: 0, 
            Suppression Events: 0
Time: 317.22, 
            Production Events: 0, 
            Suppression Events: 1
Time: 318.49, 
            Production Events: 1, 
            Suppression Events: 0
Time: 319.84, 
            Production Events: 0, 
            Suppression Events: 1
Time: 320.13, 
            Production Events: 0, 
            Suppression Events: 1
Time: 322.15, 
            Production Events: 0, 
            Suppression Events: 1
Time: 322.15, 
            Production Events: 0, 
            Suppression Events: 0
Time: 324.16, 
            Production Events: 0, 
            Suppression Events: 2
Time: 324.16, 
            Production Events: 0, 
            Suppression Events: 0
Time: 326.02, 
            Production Events: 1, 
            Suppression Events: 1
Time: 326.02, 
            Production Events: 0, 
            Suppression Events: 0
Time: 327.88, 
            Production Events: 0, 
            Suppression Events: 1
Time: 328.59, 
            Production Events: 0, 
            Suppression Events: 1
Time: 329.09, 
            Production Events: 0, 
            Suppression Events: 1
Time: 333.26, 
            Production Events: 2, 
            Suppression Events: 0
Time: 333.26, 
            Production Events: 0, 
            Suppression Events: 0
Time: 333.26, 
            Production Events: 0, 
            Suppression Events: 0
Time: 333.26, 
            Production Events: 0, 
            Suppression Events: 0
Time: 334.76, 
            Production Events: 1, 
            Suppression Events: 0
Time: 335.88, 
            Production Events: 0, 
            Suppression Events: 1
Time: 336.26, 
            Production Events: 1, 
            Suppression Events: 0
Time: 338.9, 
            Production Events: 0, 
            Suppression Events: 1
Time: 338.9, 
            Production Events: 0, 
            Suppression Events: 0
Time: 339.28, 
            Production Events: 0, 
            Suppression Events: 1
Time: 340.39, 
            Production Events: 0, 
            Suppression Events: 1
Time: 342.0, 
            Production Events: 0, 
            Suppression Events: 1
Time: 342.0, 
            Production Events: 0, 
            Suppression Events: 0
Time: 343.06, 
            Production Events: 0, 
            Suppression Events: 4
Time: 344.02, 
            Production Events: 1, 
            Suppression Events: 0
Time: 346.16, 
            Production Events: 1, 
            Suppression Events: 1
Time: 346.16, 
            Production Events: 0, 
            Suppression Events: 0
Time: 347.07, 
            Production Events: 0, 
            Suppression Events: 3
Time: 348.97, 
            Production Events: 2, 
            Suppression Events: 0
Time: 349.29, 
            Production Events: 0, 
            Suppression Events: 1
Time: 352.35, 
            Production Events: 1, 
            Suppression Events: 2
Time: 352.35, 
            Production Events: 0, 
            Suppression Events: 0
Time: 352.35, 
            Production Events: 0, 
            Suppression Events: 0
Time: 353.27, 
            Production Events: 0, 
            Suppression Events: 2
Time: 354.13, 
            Production Events: 0, 
            Suppression Events: 1
Time: 355.52, 
            Production Events: 2, 
            Suppression Events: 2
Time: 358.36, 
            Production Events: 1, 
            Suppression Events: 2
Time: 358.36, 
            Production Events: 0, 
            Suppression Events: 0
Time: 358.36, 
            Production Events: 0, 
            Suppression Events: 0
Time: 362.12, 
            Production Events: 1, 
            Suppression Events: 0
Time: 362.12, 
            Production Events: 0, 
            Suppression Events: 0
Time: 362.12, 
            Production Events: 0, 
            Suppression Events: 0
Time: 362.12, 
            Production Events: 0, 
            Suppression Events: 0
Time: 363.47, 
            Production Events: 0, 
            Suppression Events: 2
Time: 364.1, 
            Production Events: 1, 
            Suppression Events: 0
Time: 367.72, 
            Production Events: 1, 
            Suppression Events: 2
Time: 367.72, 
            Production Events: 0, 
            Suppression Events: 0
Time: 367.72, 
            Production Events: 0, 
            Suppression Events: 0
Time: 368.84, 
            Production Events: 0, 
            Suppression Events: 1
Time: 370.13, 
            Production Events: 1, 
            Suppression Events: 1
Time: 370.13, 
            Production Events: 0, 
            Suppression Events: 0
Time: 373.81, 
            Production Events: 1, 
            Suppression Events: 2
Time: 373.81, 
            Production Events: 0, 
            Suppression Events: 0
Time: 373.81, 
            Production Events: 0, 
            Suppression Events: 0
Time: 376.21, 
            Production Events: 0, 
            Suppression Events: 1
Time: 376.21, 
            Production Events: 0, 
            Suppression Events: 0
Time: 376.21, 
            Production Events: 0, 
            Suppression Events: 0
Time: 378.07, 
            Production Events: 0, 
            Suppression Events: 2
Time: 378.07, 
            Production Events: 0, 
            Suppression Events: 0
Time: 379.21, 
            Production Events: 1, 
            Suppression Events: 3
Time: 380.33, 
            Production Events: 0, 
            Suppression Events: 1
Time: 381.98, 
            Production Events: 1, 
            Suppression Events: 1
Time: 382.25, 
            Production Events: 1, 
            Suppression Events: 0
Time: 384.45, 
            Production Events: 1, 
            Suppression Events: 1
Time: 384.45, 
            Production Events: 0, 
            Suppression Events: 0
Time: 385.34, 
            Production Events: 1, 
            Suppression Events: 1
Time: 386.71, 
            Production Events: 0, 
            Suppression Events: 1
Time: 387.85, 
            Production Events: 1, 
            Suppression Events: 0
Time: 388.85, 
            Production Events: 0, 
            Suppression Events: 1
Time: 390.09, 
            Production Events: 0, 
            Suppression Events: 1
Time: 390.09, 
            Production Events: 0, 
            Suppression Events: 0
Time: 391.6, 
            Production Events: 0, 
            Suppression Events: 2
Time: 392.81, 
            Production Events: 0, 
            Suppression Events: 1
Time: 394.69, 
            Production Events: 0, 
            Suppression Events: 1
Time: 394.69, 
            Production Events: 0, 
            Suppression Events: 0
Time: 395.14, 
            Production Events: 1, 
            Suppression Events: 0
Time: 396.68, 
            Production Events: 0, 
            Suppression Events: 1
Time: 397.25, 
            Production Events: 0, 
            Suppression Events: 1
Time: 398.13, 
            Production Events: 0, 
            Suppression Events: 2
Time: 400.01, 
            Production Events: 0, 
            Suppression Events: 1
Time: 400.01, 
            Production Events: 0, 
            Suppression Events: 0
Time: 403.45, 
            Production Events: 1, 
            Suppression Events: 4
Time: 403.45, 
            Production Events: 0, 
            Suppression Events: 0
Time: 403.45, 
            Production Events: 0, 
            Suppression Events: 0
Time: 405.73, 
            Production Events: 0, 
            Suppression Events: 2
Time: 405.73, 
            Production Events: 0, 
            Suppression Events: 0
Time: 406.61, 
            Production Events: 0, 
            Suppression Events: 1
Time: 407.89, 
            Production Events: 0, 
            Suppression Events: 1
Time: 408.99, 
            Production Events: 1, 
            Suppression Events: 0
Time: 409.14, 
            Production Events: 0, 
            Suppression Events: 1
Time: 410.27, 
            Production Events: 0, 
            Suppression Events: 4
Time: 412.55, 
            Production Events: 2, 
            Suppression Events: 1
Time: 412.55, 
            Production Events: 0, 
            Suppression Events: 0
Time: 413.52, 
            Production Events: 0, 
            Suppression Events: 2
Time: 414.54, 
            Production Events: 0, 
            Suppression Events: 1
Time: 415.51, 
            Production Events: 0, 
            Suppression Events: 1
Time: 416.46, 
            Production Events: 0, 
            Suppression Events: 1
Time: 421.76, 
            Production Events: 0, 
            Suppression Events: 2
Time: 421.76, 
            Production Events: 0, 
            Suppression Events: 0
Time: 421.76, 
            Production Events: 0, 
            Suppression Events: 0
Time: 421.76, 
            Production Events: 0, 
            Suppression Events: 0
Time: 421.76, 
            Production Events: 0, 
            Suppression Events: 0
Time: 422.46, 
            Production Events: 0, 
            Suppression Events: 1
Time: 423.09, 
            Production Events: 0, 
            Suppression Events: 1
Time: 424.43, 
            Production Events: 0, 
            Suppression Events: 2
Time: 425.48, 
            Production Events: 0, 
            Suppression Events: 1
Time: 427.01, 
            Production Events: 0, 
            Suppression Events: 2
Time: 427.01, 
            Production Events: 0, 
            Suppression Events: 0
Time: 430.12, 
            Production Events: 0, 
            Suppression Events: 1
Time: 430.12, 
            Production Events: 0, 
            Suppression Events: 0
Time: 430.12, 
            Production Events: 0, 
            Suppression Events: 0
Time: 431.02, 
            Production Events: 1, 
            Suppression Events: 2
Time: 432.06, 
            Production Events: 0, 
            Suppression Events: 1
Time: 433.23, 
            Production Events: 0, 
            Suppression Events: 1
Time: 436.94, 
            Production Events: 0, 
            Suppression Events: 2
Time: 436.94, 
            Production Events: 0, 
            Suppression Events: 0
Time: 436.94, 
            Production Events: 0, 
            Suppression Events: 0
Time: 437.62, 
            Production Events: 1, 
            Suppression Events: 0
Time: 439.75, 
            Production Events: 0, 
            Suppression Events: 1
Time: 439.75, 
            Production Events: 0, 
            Suppression Events: 0
Time: 441.2, 
            Production Events: 0, 
            Suppression Events: 1
Time: 441.2, 
            Production Events: 0, 
            Suppression Events: 0
Time: 442.81, 
            Production Events: 0, 
            Suppression Events: 1
Time: 443.28, 
            Production Events: 0, 
            Suppression Events: 1
Time: 447.69, 
            Production Events: 1, 
            Suppression Events: 0
Time: 447.69, 
            Production Events: 0, 
            Suppression Events: 0
Time: 447.69, 
            Production Events: 0, 
            Suppression Events: 0
Time: 447.69, 
            Production Events: 0, 
            Suppression Events: 0
Time: 448.33, 
            Production Events: 0, 
            Suppression Events: 1
Time: 450.0, 
            Production Events: 0, 
            Suppression Events: 1
Time: 450.0, 
            Production Events: 0, 
            Suppression Events: 0
Time: 451.36, 
            Production Events: 0, 
            Suppression Events: 4
Time: 453.26, 
            Production Events: 0, 
            Suppression Events: 1
Time: 453.26, 
            Production Events: 0, 
            Suppression Events: 0
Time: 454.83, 
            Production Events: 0, 
            Suppression Events: 2
Time: 456.09, 
            Production Events: 1, 
            Suppression Events: 1
Time: 456.09, 
            Production Events: 0, 
            Suppression Events: 0
Time: 457.33, 
            Production Events: 0, 
            Suppression Events: 2
Time: 458.38, 
            Production Events: 0, 
            Suppression Events: 1
Time: 459.25, 
            Production Events: 0, 
            Suppression Events: 1
Time: 461.72, 
            Production Events: 1, 
            Suppression Events: 1
Time: 461.72, 
            Production Events: 0, 
            Suppression Events: 0
Time: 462.99, 
            Production Events: 0, 
            Suppression Events: 2
Time: 463.54, 
            Production Events: 0, 
            Suppression Events: 1
Time: 464.17, 
            Production Events: 1, 
            Suppression Events: 3
Time: 466.11, 
            Production Events: 1, 
            Suppression Events: 0
Time: 466.11, 
            Production Events: 0, 
            Suppression Events: 0
Time: 468.44, 
            Production Events: 0, 
            Suppression Events: 2
Time: 468.44, 
            Production Events: 0, 
            Suppression Events: 0
Time: 469.09, 
            Production Events: 0, 
            Suppression Events: 1
Time: 470.76, 
            Production Events: 0, 
            Suppression Events: 1
Time: 471.13, 
            Production Events: 0, 
            Suppression Events: 1
Time: 473.53, 
            Production Events: 0, 
            Suppression Events: 1
Time: 473.53, 
            Production Events: 0, 
            Suppression Events: 0
Time: 474.58, 
            Production Events: 0, 
            Suppression Events: 2
Time: 476.34, 
            Production Events: 0, 
            Suppression Events: 1
Time: 476.34, 
            Production Events: 0, 
            Suppression Events: 0
Time: 477.94, 
            Production Events: 0, 
            Suppression Events: 1
Time: 480.46, 
            Production Events: 0, 
            Suppression Events: 1
Time: 480.46, 
            Production Events: 0, 
            Suppression Events: 0
Time: 480.46, 
            Production Events: 0, 
            Suppression Events: 0
Time: 486.46, 
            Production Events: 0, 
            Suppression Events: 1
Time: 486.46, 
            Production Events: 0, 
            Suppression Events: 0
Time: 486.46, 
            Production Events: 0, 
            Suppression Events: 0
Time: 486.46, 
            Production Events: 0, 
            Suppression Events: 0
Time: 486.46, 
            Production Events: 0, 
            Suppression Events: 0
Time: 486.46, 
            Production Events: 0, 
            Suppression Events: 0
Time: 487.12, 
            Production Events: 0, 
            Suppression Events: 1
Time: 488.68, 
            Production Events: 0, 
            Suppression Events: 1
Time: 490.12, 
            Production Events: 1, 
            Suppression Events: 1
Time: 490.12, 
            Production Events: 0, 
            Suppression Events: 0
Time: 492.51, 
            Production Events: 1, 
            Suppression Events: 0
Time: 492.51, 
            Production Events: 0, 
            Suppression Events: 0
Time: 493.5, 
            Production Events: 1, 
            Suppression Events: 0
Time: 494.41, 
            Production Events: 1, 
            Suppression Events: 2
Time: 496.47, 
            Production Events: 0, 
            Suppression Events: 1
Time: 496.47, 
            Production Events: 0, 
            Suppression Events: 0
Time: 498.84, 
            Production Events: 0, 
            Suppression Events: 2
Time: 498.84, 
            Production Events: 0, 
            Suppression Events: 0
Time: 500.86, 
            Production Events: 1, 
            Suppression Events: 0
Time: 500.86, 
            Production Events: 0, 
            Suppression Events: 0
Time: 502.02, 
            Production Events: 0, 
            Suppression Events: 1
Time: 502.02, 
            Production Events: 0, 
            Suppression Events: 0
Time: 503.24, 
            Production Events: 0, 
            Suppression Events: 1
Time: 504.98, 
            Production Events: 1, 
            Suppression Events: 1
Time: 505.23, 
            Production Events: 1, 
            Suppression Events: 0
Time: 506.65, 
            Production Events: 0, 
            Suppression Events: 2
Time: 507.06, 
            Production Events: 1, 
            Suppression Events: 1
Time: 508.05, 
            Production Events: 0, 
            Suppression Events: 2
Time: 509.14, 
            Production Events: 1, 
            Suppression Events: 0
Time: 510.61, 
            Production Events: 0, 
            Suppression Events: 1
Time: 511.04, 
            Production Events: 1, 
            Suppression Events: 0
Time: 512.75, 
            Production Events: 1, 
            Suppression Events: 2
Time: 513.94, 
            Production Events: 1, 
            Suppression Events: 1
Time: 514.13, 
            Production Events: 0, 
            Suppression Events: 2
Time: 517.35, 
            Production Events: 1, 
            Suppression Events: 0
Time: 517.35, 
            Production Events: 0, 
            Suppression Events: 0
Time: 517.35, 
            Production Events: 0, 
            Suppression Events: 0
Time: 518.99, 
            Production Events: 0, 
            Suppression Events: 1
Time: 519.26, 
            Production Events: 0, 
            Suppression Events: 1
Time: 521.56, 
            Production Events: 0, 
            Suppression Events: 4
Time: 521.56, 
            Production Events: 0, 
            Suppression Events: 0
Time: 523.11, 
            Production Events: 0, 
            Suppression Events: 1
Time: 523.11, 
            Production Events: 0, 
            Suppression Events: 0
Time: 525.38, 
            Production Events: 0, 
            Suppression Events: 1
Time: 525.38, 
            Production Events: 0, 
            Suppression Events: 0
Time: 526.02, 
            Production Events: 0, 
            Suppression Events: 1
Time: 527.72, 
            Production Events: 1, 
            Suppression Events: 1
Time: 529.12, 
            Production Events: 0, 
            Suppression Events: 1
Time: 529.12, 
            Production Events: 0, 
            Suppression Events: 0
Time: 530.66, 
            Production Events: 0, 
            Suppression Events: 2
Time: 531.42, 
            Production Events: 0, 
            Suppression Events: 1
Time: 532.06, 
            Production Events: 0, 
            Suppression Events: 1
Time: 533.91, 
            Production Events: 0, 
            Suppression Events: 1
Time: 535.17, 
            Production Events: 0, 
            Suppression Events: 1
Time: 535.17, 
            Production Events: 0, 
            Suppression Events: 0
Time: 536.69, 
            Production Events: 0, 
            Suppression Events: 3
Time: 537.32, 
            Production Events: 0, 
            Suppression Events: 1
Time: 540.1, 
            Production Events: 0, 
            Suppression Events: 1
Time: 540.1, 
            Production Events: 0, 
            Suppression Events: 0
Time: 540.1, 
            Production Events: 0, 
            Suppression Events: 0
Time: 541.17, 
            Production Events: 0, 
            Suppression Events: 2
Time: 544.73, 
            Production Events: 0, 
            Suppression Events: 2
Time: 544.73, 
            Production Events: 0, 
            Suppression Events: 0
Time: 544.73, 
            Production Events: 0, 
            Suppression Events: 0
Time: 545.02, 
            Production Events: 0, 
            Suppression Events: 1
Time: 548.64, 
            Production Events: 0, 
            Suppression Events: 1
Time: 548.64, 
            Production Events: 0, 
            Suppression Events: 0
Time: 548.64, 
            Production Events: 0, 
            Suppression Events: 0
Time: 551.12, 
            Production Events: 0, 
            Suppression Events: 1
Time: 551.12, 
            Production Events: 0, 
            Suppression Events: 0
Time: 551.12, 
            Production Events: 0, 
            Suppression Events: 0
Time: 553.36, 
            Production Events: 0, 
            Suppression Events: 1
Time: 553.36, 
            Production Events: 0, 
            Suppression Events: 0
Time: 554.25, 
            Production Events: 1, 
            Suppression Events: 1
Time: 556.94, 
            Production Events: 1, 
            Suppression Events: 1
Time: 556.94, 
            Production Events: 0, 
            Suppression Events: 0
Time: 557.68, 
            Production Events: 0, 
            Suppression Events: 1
Time: 558.03, 
            Production Events: 1, 
            Suppression Events: 0
Time: 559.27, 
            Production Events: 0, 
            Suppression Events: 2
Time: 561.9, 
            Production Events: 0, 
            Suppression Events: 1
Time: 561.9, 
            Production Events: 0, 
            Suppression Events: 0
Time: 562.12, 
            Production Events: 0, 
            Suppression Events: 1
Time: 565.63, 
            Production Events: 0, 
            Suppression Events: 1
Time: 565.63, 
            Production Events: 0, 
            Suppression Events: 0
Time: 565.63, 
            Production Events: 0, 
            Suppression Events: 0
Time: 567.7, 
            Production Events: 1, 
            Suppression Events: 0
Time: 567.7, 
            Production Events: 0, 
            Suppression Events: 0
Time: 569.63, 
            Production Events: 0, 
            Suppression Events: 2
Time: 569.63, 
            Production Events: 0, 
            Suppression Events: 0
Time: 571.96, 
            Production Events: 0, 
            Suppression Events: 2
Time: 571.96, 
            Production Events: 0, 
            Suppression Events: 0
Time: 572.22, 
            Production Events: 0, 
            Suppression Events: 1
Time: 573.1, 
            Production Events: 0, 
            Suppression Events: 1
Time: 574.18, 
            Production Events: 2, 
            Suppression Events: 0
Time: 576.75, 
            Production Events: 0, 
            Suppression Events: 1
Time: 576.75, 
            Production Events: 0, 
            Suppression Events: 0
Time: 578.45, 
            Production Events: 0, 
            Suppression Events: 1
Time: 578.45, 
            Production Events: 0, 
            Suppression Events: 0
Time: 579.62, 
            Production Events: 0, 
            Suppression Events: 1
Time: 580.49, 
            Production Events: 0, 
            Suppression Events: 1
Time: 581.29, 
            Production Events: 1, 
            Suppression Events: 2
Time: 585.49, 
            Production Events: 0, 
            Suppression Events: 4
Time: 585.49, 
            Production Events: 0, 
            Suppression Events: 0
Time: 585.49, 
            Production Events: 0, 
            Suppression Events: 0
Time: 585.49, 
            Production Events: 0, 
            Suppression Events: 0
Time: 586.62, 
            Production Events: 1, 
            Suppression Events: 0
Time: 587.49, 
            Production Events: 0, 
            Suppression Events: 1
Time: 588.06, 
            Production Events: 0, 
            Suppression Events: 2
Time: 589.97, 
            Production Events: 0, 
            Suppression Events: 1
Time: 590.32, 
            Production Events: 0, 
            Suppression Events: 1
Time: 591.52, 
            Production Events: 0, 
            Suppression Events: 2
Time: 592.26, 
            Production Events: 0, 
            Suppression Events: 2
Time: 596.32, 
            Production Events: 1, 
            Suppression Events: 2
Time: 596.32, 
            Production Events: 0, 
            Suppression Events: 0
Time: 596.32, 
            Production Events: 0, 
            Suppression Events: 0
Time: 596.32, 
            Production Events: 0, 
            Suppression Events: 0
Time: 597.9, 
            Production Events: 0, 
            Suppression Events: 2
Time: 599.78, 
            Production Events: 0, 
            Suppression Events: 1
Time: 599.78, 
            Production Events: 0, 
            Suppression Events: 0
Time: 600.62, 
            Production Events: 0, 
            Suppression Events: 1
Time: 601.83, 
            Production Events: 1, 
            Suppression Events: 2
Time: 603.75, 
            Production Events: 0, 
            Suppression Events: 2
Time: 603.75, 
            Production Events: 0, 
            Suppression Events: 0
Time: 605.67, 
            Production Events: 0, 
            Suppression Events: 1
Time: 605.67, 
            Production Events: 0, 
            Suppression Events: 0
Time: 606.95, 
            Production Events: 0, 
            Suppression Events: 1
Time: 607.27, 
            Production Events: 1, 
            Suppression Events: 0
Time: 608.56, 
            Production Events: 1, 
            Suppression Events: 1
Time: 609.48, 
            Production Events: 1, 
            Suppression Events: 2
Time: 610.01, 
            Production Events: 0, 
            Suppression Events: 1
Time: 611.77, 
            Production Events: 0, 
            Suppression Events: 2
Time: 613.59, 
            Production Events: 1, 
            Suppression Events: 0
Time: 613.59, 
            Production Events: 0, 
            Suppression Events: 0
Time: 614.19, 
            Production Events: 0, 
            Suppression Events: 1
Time: 616.35, 
            Production Events: 0, 
            Suppression Events: 1
Time: 616.35, 
            Production Events: 0, 
            Suppression Events: 0
Time: 617.18, 
            Production Events: 0, 
            Suppression Events: 1
Time: 620.8, 
            Production Events: 0, 
            Suppression Events: 1
Time: 620.8, 
            Production Events: 0, 
            Suppression Events: 0
Time: 620.8, 
            Production Events: 0, 
            Suppression Events: 0
Time: 621.38, 
            Production Events: 0, 
            Suppression Events: 1
Time: 622.32, 
            Production Events: 3, 
            Suppression Events: 0
Time: 624.0, 
            Production Events: 1, 
            Suppression Events: 1
Time: 624.59, 
            Production Events: 1, 
            Suppression Events: 0
Time: 625.87, 
            Production Events: 0, 
            Suppression Events: 3
Time: 626.49, 
            Production Events: 0, 
            Suppression Events: 1
Time: 627.43, 
            Production Events: 0, 
            Suppression Events: 2
Time: 628.91, 
            Production Events: 0, 
            Suppression Events: 2
Time: 629.52, 
            Production Events: 0, 
            Suppression Events: 1
Time: 631.5, 
            Production Events: 0, 
            Suppression Events: 1
Time: 631.5, 
            Production Events: 0, 
            Suppression Events: 0
Time: 634.6, 
            Production Events: 0, 
            Suppression Events: 2
Time: 634.6, 
            Production Events: 0, 
            Suppression Events: 0
Time: 634.6, 
            Production Events: 0, 
            Suppression Events: 0
Time: 635.55, 
            Production Events: 0, 
            Suppression Events: 1
Time: 638.72, 
            Production Events: 0, 
            Suppression Events: 1
Time: 638.72, 
            Production Events: 0, 
            Suppression Events: 0
Time: 638.72, 
            Production Events: 0, 
            Suppression Events: 0
Time: 639.91, 
            Production Events: 2, 
            Suppression Events: 0
Time: 641.04, 
            Production Events: 0, 
            Suppression Events: 1
Time: 641.04, 
            Production Events: 0, 
            Suppression Events: 0
Time: 642.66, 
            Production Events: 1, 
            Suppression Events: 2
Time: 643.8, 
            Production Events: 1, 
            Suppression Events: 0
Time: 644.23, 
            Production Events: 1, 
            Suppression Events: 1
Time: 645.31, 
            Production Events: 0, 
            Suppression Events: 1
Time: 646.24, 
            Production Events: 1, 
            Suppression Events: 0
Time: 647.89, 
            Production Events: 0, 
            Suppression Events: 2
Time: 648.06, 
            Production Events: 0, 
            Suppression Events: 1
Time: 650.44, 
            Production Events: 1, 
            Suppression Events: 3
Time: 650.44, 
            Production Events: 0, 
            Suppression Events: 0
Time: 652.48, 
            Production Events: 1, 
            Suppression Events: 0
Time: 652.48, 
            Production Events: 0, 
            Suppression Events: 0
Time: 653.82, 
            Production Events: 4, 
            Suppression Events: 0
Time: 654.57, 
            Production Events: 0, 
            Suppression Events: 1
Time: 656.2, 
            Production Events: 0, 
            Suppression Events: 1
Time: 656.2, 
            Production Events: 0, 
            Suppression Events: 0
Time: 659.08, 
            Production Events: 0, 
            Suppression Events: 1
Time: 659.08, 
            Production Events: 0, 
            Suppression Events: 0
Time: 659.08, 
            Production Events: 0, 
            Suppression Events: 0
Time: 661.59, 
            Production Events: 2, 
            Suppression Events: 0
Time: 661.59, 
            Production Events: 0, 
            Suppression Events: 0
Time: 662.89, 
            Production Events: 1, 
            Suppression Events: 0
Time: 664.57, 
            Production Events: 1, 
            Suppression Events: 0
Time: 664.57, 
            Production Events: 0, 
            Suppression Events: 0
Time: 666.13, 
            Production Events: 0, 
            Suppression Events: 2
Time: 666.13, 
            Production Events: 0, 
            Suppression Events: 0
Time: 668.0, 
            Production Events: 0, 
            Suppression Events: 1
Time: 668.0, 
            Production Events: 0, 
            Suppression Events: 0
Time: 669.95, 
            Production Events: 1, 
            Suppression Events: 1
Time: 670.28, 
            Production Events: 0, 
            Suppression Events: 1
Time: 671.41, 
            Production Events: 0, 
            Suppression Events: 1
Time: 675.05, 
            Production Events: 0, 
            Suppression Events: 2
Time: 675.05, 
            Production Events: 0, 
            Suppression Events: 0
Time: 675.05, 
            Production Events: 0, 
            Suppression Events: 0
Time: 675.05, 
            Production Events: 0, 
            Suppression Events: 0
Time: 676.07, 
            Production Events: 0, 
            Suppression Events: 1
Time: 677.47, 
            Production Events: 0, 
            Suppression Events: 1
Time: 678.06, 
            Production Events: 0, 
            Suppression Events: 1
Time: 679.88, 
            Production Events: 1, 
            Suppression Events: 1
Time: 680.38, 
            Production Events: 0, 
            Suppression Events: 1
Time: 681.02, 
            Production Events: 1, 
            Suppression Events: 1
Time: 682.37, 
            Production Events: 1, 
            Suppression Events: 2
Time: 684.56, 
            Production Events: 0, 
            Suppression Events: 3
Time: 684.56, 
            Production Events: 0, 
            Suppression Events: 0
Time: 685.09, 
            Production Events: 0, 
            Suppression Events: 2
Time: 686.44, 
            Production Events: 0, 
            Suppression Events: 2
Time: 687.3, 
            Production Events: 0, 
            Suppression Events: 1
Time: 689.21, 
            Production Events: 1, 
            Suppression Events: 1
Time: 689.21, 
            Production Events: 0, 
            Suppression Events: 0
Time: 690.97, 
            Production Events: 0, 
            Suppression Events: 2
Time: 691.37, 
            Production Events: 0, 
            Suppression Events: 1
Time: 692.17, 
            Production Events: 0, 
            Suppression Events: 1
Time: 694.66, 
            Production Events: 0, 
            Suppression Events: 2
Time: 694.66, 
            Production Events: 0, 
            Suppression Events: 0
Time: 697.85, 
            Production Events: 1, 
            Suppression Events: 0
Time: 697.85, 
            Production Events: 0, 
            Suppression Events: 0
Time: 697.85, 
            Production Events: 0, 
            Suppression Events: 0
Time: 698.41, 
            Production Events: 0, 
            Suppression Events: 1
Time: 699.7, 
            Production Events: 0, 
            Suppression Events: 1
Time: 701.5, 
            Production Events: 0, 
            Suppression Events: 2
Time: 701.5, 
            Production Events: 0, 
            Suppression Events: 0
Time: 702.39, 
            Production Events: 1, 
            Suppression Events: 0
Time: 704.64, 
            Production Events: 0, 
            Suppression Events: 1
Time: 704.64, 
            Production Events: 0, 
            Suppression Events: 0
Time: 705.2, 
            Production Events: 0, 
            Suppression Events: 1
Time: 706.02, 
            Production Events: 1, 
            Suppression Events: 1
Time: 708.98, 
            Production Events: 0, 
            Suppression Events: 1
Time: 708.98, 
            Production Events: 0, 
            Suppression Events: 0
Time: 709.37, 
            Production Events: 0, 
            Suppression Events: 1
Time: 711.97, 
            Production Events: 0, 
            Suppression Events: 1
Time: 711.97, 
            Production Events: 0, 
            Suppression Events: 0
Time: 712.16, 
            Production Events: 0, 
            Suppression Events: 1
Time: 714.32, 
            Production Events: 1, 
            Suppression Events: 1
Time: 714.32, 
            Production Events: 0, 
            Suppression Events: 0
Time: 715.63, 
            Production Events: 1, 
            Suppression Events: 1
Time: 716.34, 
            Production Events: 0, 
            Suppression Events: 2
Time: 719.2, 
            Production Events: 0, 
            Suppression Events: 1
Time: 719.2, 
            Production Events: 0, 
            Suppression Events: 0
Time: 719.2, 
            Production Events: 0, 
            Suppression Events: 0
Time: 720.59, 
            Production Events: 0, 
            Suppression Events: 1
Time: 722.76, 
            Production Events: 0, 
            Suppression Events: 1
Time: 722.76, 
            Production Events: 0, 
            Suppression Events: 0
Time: 723.7, 
            Production Events: 0, 
            Suppression Events: 2
Time: 725.18, 
            Production Events: 1, 
            Suppression Events: 1
Time: 725.18, 
            Production Events: 0, 
            Suppression Events: 0
Time: 726.59, 
            Production Events: 1, 
            Suppression Events: 2
Time: 728.15, 
            Production Events: 0, 
            Suppression Events: 1
Time: 728.15, 
            Production Events: 0, 
            Suppression Events: 0
Time: 729.32, 
            Production Events: 0, 
            Suppression Events: 3
Time: 731.08, 
            Production Events: 1, 
            Suppression Events: 2
Time: 731.08, 
            Production Events: 0, 
            Suppression Events: 0
Time: 737.33, 
            Production Events: 0, 
            Suppression Events: 2
Time: 737.33, 
            Production Events: 0, 
            Suppression Events: 0
Time: 737.33, 
            Production Events: 0, 
            Suppression Events: 0
Time: 737.33, 
            Production Events: 0, 
            Suppression Events: 0
Time: 737.33, 
            Production Events: 0, 
            Suppression Events: 0
Time: 737.33, 
            Production Events: 0, 
            Suppression Events: 0
Time: 738.21, 
            Production Events: 0, 
            Suppression Events: 1
Time: 740.94, 
            Production Events: 1, 
            Suppression Events: 1
Time: 740.94, 
            Production Events: 0, 
            Suppression Events: 0
Time: 741.79, 
            Production Events: 0, 
            Suppression Events: 1
Time: 742.01, 
            Production Events: 1, 
            Suppression Events: 0
Time: 743.32, 
            Production Events: 0, 
            Suppression Events: 1
Time: 744.42, 
            Production Events: 1, 
            Suppression Events: 1
Time: 745.92, 
            Production Events: 1, 
            Suppression Events: 0
Time: 746.84, 
            Production Events: 2, 
            Suppression Events: 0
Time: 747.89, 
            Production Events: 1, 
            Suppression Events: 0
Time: 748.37, 
            Production Events: 0, 
            Suppression Events: 1
Time: 749.09, 
            Production Events: 2, 
            Suppression Events: 1
Time: 750.27, 
            Production Events: 0, 
            Suppression Events: 1
Time: 751.23, 
            Production Events: 0, 
            Suppression Events: 2
Time: 752.61, 
            Production Events: 0, 
            Suppression Events: 1
Time: 753.15, 
            Production Events: 1, 
            Suppression Events: 1
Time: 755.01, 
            Production Events: 0, 
            Suppression Events: 2
Time: 755.01, 
            Production Events: 0, 
            Suppression Events: 0
Time: 758.75, 
            Production Events: 0, 
            Suppression Events: 1
Time: 758.75, 
            Production Events: 0, 
            Suppression Events: 0
Time: 758.75, 
            Production Events: 0, 
            Suppression Events: 0
Time: 760.88, 
            Production Events: 0, 
            Suppression Events: 1
Time: 760.88, 
            Production Events: 0, 
            Suppression Events: 0
Time: 761.09, 
            Production Events: 0, 
            Suppression Events: 1
Time: 762.3, 
            Production Events: 0, 
            Suppression Events: 1
Time: 763.07, 
            Production Events: 1, 
            Suppression Events: 2
Time: 764.83, 
            Production Events: 0, 
            Suppression Events: 1
Time: 765.64, 
            Production Events: 0, 
            Suppression Events: 1
Time: 766.53, 
            Production Events: 0, 
            Suppression Events: 1
Time: 767.35, 
            Production Events: 1, 
            Suppression Events: 0
Time: 768.37, 
            Production Events: 0, 
            Suppression Events: 2
Time: 769.79, 
            Production Events: 0, 
            Suppression Events: 1
Time: 770.07, 
            Production Events: 0, 
            Suppression Events: 1
Time: 774.46, 
            Production Events: 0, 
            Suppression Events: 1
Time: 774.46, 
            Production Events: 0, 
            Suppression Events: 0
Time: 774.46, 
            Production Events: 0, 
            Suppression Events: 0
Time: 774.46, 
            Production Events: 0, 
            Suppression Events: 0
Time: 775.4, 
            Production Events: 0, 
            Suppression Events: 1
Time: 776.34, 
            Production Events: 0, 
            Suppression Events: 1
Time: 777.01, 
            Production Events: 1, 
            Suppression Events: 1
Time: 778.27, 
            Production Events: 1, 
            Suppression Events: 1
Time: 779.7, 
            Production Events: 1, 
            Suppression Events: 4
Time: 782.27, 
            Production Events: 1, 
            Suppression Events: 0
Time: 782.27, 
            Production Events: 0, 
            Suppression Events: 0
Time: 782.27, 
            Production Events: 0, 
            Suppression Events: 0
Time: 784.66, 
            Production Events: 0, 
            Suppression Events: 1
Time: 784.66, 
            Production Events: 0, 
            Suppression Events: 0
Time: 785.48, 
            Production Events: 0, 
            Suppression Events: 1
Time: 787.62, 
            Production Events: 1, 
            Suppression Events: 1
Time: 787.62, 
            Production Events: 0, 
            Suppression Events: 0
Time: 788.88, 
            Production Events: 0, 
            Suppression Events: 1
Time: 789.7, 
            Production Events: 0, 
            Suppression Events: 1
Time: 790.68, 
            Production Events: 1, 
            Suppression Events: 0
Time: 791.35, 
            Production Events: 0, 
            Suppression Events: 1
Time: 792.65, 
            Production Events: 0, 
            Suppression Events: 1
Time: 793.07, 
            Production Events: 2, 
            Suppression Events: 0
Time: 794.47, 
            Production Events: 0, 
            Suppression Events: 2
Time: 795.25, 
            Production Events: 0, 
            Suppression Events: 3
Time: 796.51, 
            Production Events: 0, 
            Suppression Events: 5
Time: 797.71, 
            Production Events: 0, 
            Suppression Events: 1
Time: 799.8, 
            Production Events: 0, 
            Suppression Events: 1
Time: 799.8, 
            Production Events: 0, 
            Suppression Events: 0
Time: 802.26, 
            Production Events: 0, 
            Suppression Events: 2
Time: 802.26, 
            Production Events: 0, 
            Suppression Events: 0
Time: 802.26, 
            Production Events: 0, 
            Suppression Events: 0
Time: 804.52, 
            Production Events: 1, 
            Suppression Events: 0
Time: 804.52, 
            Production Events: 0, 
            Suppression Events: 0
Time: 805.48, 
            Production Events: 1, 
            Suppression Events: 1
Time: 806.57, 
            Production Events: 0, 
            Suppression Events: 1
Time: 807.31, 
            Production Events: 0, 
            Suppression Events: 1
Time: 809.96, 
            Production Events: 0, 
            Suppression Events: 2
Time: 809.96, 
            Production Events: 0, 
            Suppression Events: 0
Time: 810.18, 
            Production Events: 0, 
            Suppression Events: 1
Time: 812.5, 
            Production Events: 1, 
            Suppression Events: 2
Time: 812.5, 
            Production Events: 0, 
            Suppression Events: 0
Time: 813.33, 
            Production Events: 1, 
            Suppression Events: 3
Time: 816.78, 
            Production Events: 0, 
            Suppression Events: 2
Time: 816.78, 
            Production Events: 0, 
            Suppression Events: 0
Time: 816.78, 
            Production Events: 0, 
            Suppression Events: 0
Time: 817.74, 
            Production Events: 0, 
            Suppression Events: 1
Time: 818.24, 
            Production Events: 1, 
            Suppression Events: 1
Time: 819.93, 
            Production Events: 0, 
            Suppression Events: 2
Time: 821.46, 
            Production Events: 0, 
            Suppression Events: 1
Time: 821.46, 
            Production Events: 0, 
            Suppression Events: 0
Time: 822.05, 
            Production Events: 1, 
            Suppression Events: 2
Time: 823.26, 
            Production Events: 0, 
            Suppression Events: 3
Time: 824.45, 
            Production Events: 0, 
            Suppression Events: 2
Time: 826.36, 
            Production Events: 0, 
            Suppression Events: 1
Time: 826.36, 
            Production Events: 0, 
            Suppression Events: 0
Time: 827.33, 
            Production Events: 1, 
            Suppression Events: 0
Time: 828.93, 
            Production Events: 0, 
            Suppression Events: 1
Time: 829.26, 
            Production Events: 0, 
            Suppression Events: 1
Time: 830.33, 
            Production Events: 0, 
            Suppression Events: 1
Time: 831.66, 
            Production Events: 0, 
            Suppression Events: 1
Time: 832.71, 
            Production Events: 0, 
            Suppression Events: 1
Time: 834.64, 
            Production Events: 0, 
            Suppression Events: 2
Time: 834.64, 
            Production Events: 0, 
            Suppression Events: 0
Time: 837.29, 
            Production Events: 0, 
            Suppression Events: 1
Time: 837.29, 
            Production Events: 0, 
            Suppression Events: 0
Time: 837.29, 
            Production Events: 0, 
            Suppression Events: 0
Time: 838.91, 
            Production Events: 1, 
            Suppression Events: 1
Time: 839.85, 
            Production Events: 0, 
            Suppression Events: 1
Time: 841.65, 
            Production Events: 0, 
            Suppression Events: 2
Time: 841.65, 
            Production Events: 0, 
            Suppression Events: 0
Time: 842.62, 
            Production Events: 1, 
            Suppression Events: 2
Time: 846.94, 
            Production Events: 0, 
            Suppression Events: 2
Time: 846.94, 
            Production Events: 0, 
            Suppression Events: 0
Time: 846.94, 
            Production Events: 0, 
            Suppression Events: 0
Time: 846.94, 
            Production Events: 0, 
            Suppression Events: 0
Time: 848.07, 
            Production Events: 0, 
            Suppression Events: 1
Time: 848.07, 
            Production Events: 0, 
            Suppression Events: 0
Time: 850.71, 
            Production Events: 0, 
            Suppression Events: 2
Time: 850.71, 
            Production Events: 0, 
            Suppression Events: 0
Time: 851.59, 
            Production Events: 0, 
            Suppression Events: 2
Time: 853.83, 
            Production Events: 0, 
            Suppression Events: 2
Time: 853.83, 
            Production Events: 0, 
            Suppression Events: 0
Time: 854.09, 
            Production Events: 0, 
            Suppression Events: 1
Time: 855.46, 
            Production Events: 0, 
            Suppression Events: 2
Time: 859.5, 
            Production Events: 0, 
            Suppression Events: 3
Time: 859.5, 
            Production Events: 0, 
            Suppression Events: 0
Time: 859.5, 
            Production Events: 0, 
            Suppression Events: 0
Time: 859.5, 
            Production Events: 0, 
            Suppression Events: 0
Time: 860.33, 
            Production Events: 0, 
            Suppression Events: 1
Time: 861.07, 
            Production Events: 0, 
            Suppression Events: 2
Time: 863.41, 
            Production Events: 0, 
            Suppression Events: 2
Time: 863.41, 
            Production Events: 0, 
            Suppression Events: 0
Time: 864.15, 
            Production Events: 0, 
            Suppression Events: 2
Time: 866.01, 
            Production Events: 0, 
            Suppression Events: 2
Time: 866.01, 
            Production Events: 0, 
            Suppression Events: 0
Time: 867.84, 
            Production Events: 0, 
            Suppression Events: 2
Time: 872.16, 
            Production Events: 0, 
            Suppression Events: 1
Time: 872.16, 
            Production Events: 0, 
            Suppression Events: 0
Time: 872.16, 
            Production Events: 0, 
            Suppression Events: 0
Time: 872.16, 
            Production Events: 0, 
            Suppression Events: 0
Time: 872.16, 
            Production Events: 0, 
            Suppression Events: 0
Time: 874.82, 
            Production Events: 0, 
            Suppression Events: 3
Time: 874.82, 
            Production Events: 0, 
            Suppression Events: 0
Time: 875.13, 
            Production Events: 0, 
            Suppression Events: 1
Time: 876.64, 
            Production Events: 0, 
            Suppression Events: 1
Time: 877.27, 
            Production Events: 0, 
            Suppression Events: 1
Time: 878.25, 
            Production Events: 1, 
            Suppression Events: 2
Time: 879.3, 
            Production Events: 0, 
            Suppression Events: 2
Time: 880.62, 
            Production Events: 0, 
            Suppression Events: 2
Time: 884.25, 
            Production Events: 0, 
            Suppression Events: 1
Time: 884.25, 
            Production Events: 0, 
            Suppression Events: 0
Time: 884.25, 
            Production Events: 0, 
            Suppression Events: 0
Time: 884.25, 
            Production Events: 0, 
            Suppression Events: 0
Time: 888.02, 
            Production Events: 0, 
            Suppression Events: 2
Time: 888.02, 
            Production Events: 0, 
            Suppression Events: 0
Time: 888.02, 
            Production Events: 0, 
            Suppression Events: 0
Time: 888.02, 
            Production Events: 0, 
            Suppression Events: 0
Time: 889.21, 
            Production Events: 1, 
            Suppression Events: 2
Time: 891.52, 
            Production Events: 0, 
            Suppression Events: 2
Time: 891.52, 
            Production Events: 0, 
            Suppression Events: 0
Time: 892.15, 
            Production Events: 0, 
            Suppression Events: 1
Time: 894.31, 
            Production Events: 0, 
            Suppression Events: 1
Time: 894.31, 
            Production Events: 0, 
            Suppression Events: 0
Time: 895.21, 
            Production Events: 1, 
            Suppression Events: 2
Time: 897.23, 
            Production Events: 0, 
            Suppression Events: 2
Time: 897.23, 
            Production Events: 0, 
            Suppression Events: 0
Time: 902.42, 
            Production Events: 1, 
            Suppression Events: 1
Time: 902.42, 
            Production Events: 0, 
            Suppression Events: 0
Time: 902.42, 
            Production Events: 0, 
            Suppression Events: 0
Time: 902.42, 
            Production Events: 0, 
            Suppression Events: 0
Time: 902.42, 
            Production Events: 0, 
            Suppression Events: 0
Time: 906.32, 
            Production Events: 1, 
            Suppression Events: 3
Time: 906.32, 
            Production Events: 0, 
            Suppression Events: 0
Time: 906.32, 
            Production Events: 0, 
            Suppression Events: 0
Time: 906.32, 
            Production Events: 0, 
            Suppression Events: 0
Time: 909.57, 
            Production Events: 1, 
            Suppression Events: 1
Time: 909.57, 
            Production Events: 0, 
            Suppression Events: 0
Time: 909.57, 
            Production Events: 0, 
            Suppression Events: 0
Time: 910.24, 
            Production Events: 1, 
            Suppression Events: 0
Time: 911.85, 
            Production Events: 0, 
            Suppression Events: 1
Time: 912.05, 
            Production Events: 1, 
            Suppression Events: 0
Time: 914.13, 
            Production Events: 1, 
            Suppression Events: 2
Time: 914.13, 
            Production Events: 0, 
            Suppression Events: 0
Time: 915.7, 
            Production Events: 0, 
            Suppression Events: 1
Time: 916.59, 
            Production Events: 0, 
            Suppression Events: 1
Time: 918.3, 
            Production Events: 1, 
            Suppression Events: 1
Time: 918.3, 
            Production Events: 0, 
            Suppression Events: 0
Time: 920.91, 
            Production Events: 0, 
            Suppression Events: 3
Time: 920.91, 
            Production Events: 0, 
            Suppression Events: 0
Time: 921.86, 
            Production Events: 0, 
            Suppression Events: 1
Time: 922.13, 
            Production Events: 0, 
            Suppression Events: 2
Time: 923.74, 
            Production Events: 0, 
            Suppression Events: 2
Time: 927.85, 
            Production Events: 1, 
            Suppression Events: 0
Time: 927.85, 
            Production Events: 0, 
            Suppression Events: 0
Time: 927.85, 
            Production Events: 0, 
            Suppression Events: 0
Time: 927.85, 
            Production Events: 0, 
            Suppression Events: 0
Time: 928.73, 
            Production Events: 0, 
            Suppression Events: 1
Time: 929.14, 
            Production Events: 0, 
            Suppression Events: 1
Time: 930.56, 
            Production Events: 1, 
            Suppression Events: 1
Time: 931.58, 
            Production Events: 1, 
            Suppression Events: 0
Time: 932.3, 
            Production Events: 2, 
            Suppression Events: 2
Time: 937.1, 
            Production Events: 0, 
            Suppression Events: 1
Time: 937.1, 
            Production Events: 0, 
            Suppression Events: 0
Time: 937.1, 
            Production Events: 0, 
            Suppression Events: 0
Time: 937.1, 
            Production Events: 0, 
            Suppression Events: 0
Time: 937.1, 
            Production Events: 0, 
            Suppression Events: 0
Time: 938.96, 
            Production Events: 1, 
            Suppression Events: 1
Time: 939.44, 
            Production Events: 0, 
            Suppression Events: 1
Time: 940.58, 
            Production Events: 0, 
            Suppression Events: 1
Time: 941.21, 
            Production Events: 1, 
            Suppression Events: 1
Time: 942.39, 
            Production Events: 0, 
            Suppression Events: 2
Time: 943.6, 
            Production Events: 0, 
            Suppression Events: 1
Time: 944.27, 
            Production Events: 0, 
            Suppression Events: 1
Time: 945.92, 
            Production Events: 0, 
            Suppression Events: 1
Time: 946.11, 
            Production Events: 0, 
            Suppression Events: 1
Time: 948.67, 
            Production Events: 1, 
            Suppression Events: 3
Time: 948.67, 
            Production Events: 0, 
            Suppression Events: 0
Time: 949.54, 
            Production Events: 2, 
            Suppression Events: 1
Time: 950.18, 
            Production Events: 0, 
            Suppression Events: 1
Time: 951.42, 
            Production Events: 0, 
            Suppression Events: 1
Time: 952.49, 
            Production Events: 0, 
            Suppression Events: 2
Time: 953.06, 
            Production Events: 1, 
            Suppression Events: 2
Time: 954.18, 
            Production Events: 0, 
            Suppression Events: 2
Time: 955.25, 
            Production Events: 0, 
            Suppression Events: 1
Time: 956.63, 
            Production Events: 0, 
            Suppression Events: 3
Time: 957.44, 
            Production Events: 1, 
            Suppression Events: 1
Time: 960.39, 
            Production Events: 0, 
            Suppression Events: 1
Time: 960.39, 
            Production Events: 0, 
            Suppression Events: 0
Time: 960.39, 
            Production Events: 0, 
            Suppression Events: 0
Time: 962.1, 
            Production Events: 0, 
            Suppression Events: 1
Time: 962.1, 
            Production Events: 0, 
            Suppression Events: 0
Time: 965.72, 
            Production Events: 0, 
            Suppression Events: 2
Time: 965.72, 
            Production Events: 0, 
            Suppression Events: 0
Time: 965.72, 
            Production Events: 0, 
            Suppression Events: 0
Time: 967.11, 
            Production Events: 1, 
            Suppression Events: 1
Time: 967.11, 
            Production Events: 0, 
            Suppression Events: 0
Time: 970.02, 
            Production Events: 0, 
            Suppression Events: 3
Time: 970.02, 
            Production Events: 0, 
            Suppression Events: 0
Time: 970.02, 
            Production Events: 0, 
            Suppression Events: 0
Time: 971.14, 
            Production Events: 0, 
            Suppression Events: 2
Time: 972.36, 
            Production Events: 1, 
            Suppression Events: 0
Time: 973.76, 
            Production Events: 0, 
            Suppression Events: 2
Time: 974.2, 
            Production Events: 0, 
            Suppression Events: 1
Time: 976.75, 
            Production Events: 0, 
            Suppression Events: 1
Time: 976.75, 
            Production Events: 0, 
            Suppression Events: 0
Time: 977.19, 
            Production Events: 0, 
            Suppression Events: 1
Time: 978.96, 
            Production Events: 0, 
            Suppression Events: 5
Time: 979.21, 
            Production Events: 1, 
            Suppression Events: 1
Time: 981.13, 
            Production Events: 1, 
            Suppression Events: 1
Time: 981.13, 
            Production Events: 0, 
            Suppression Events: 0
Time: 982.89, 
            Production Events: 1, 
            Suppression Events: 1
Time: 983.17, 
            Production Events: 0, 
            Suppression Events: 1
Time: 984.3, 
            Production Events: 0, 
            Suppression Events: 2
Time: 985.38, 
            Production Events: 1, 
            Suppression Events: 1
Time: 987.28, 
            Production Events: 1, 
            Suppression Events: 1
Time: 987.28, 
            Production Events: 0, 
            Suppression Events: 0
Time: 988.51, 
            Production Events: 0, 
            Suppression Events: 1
Time: 989.26, 
            Production Events: 1, 
            Suppression Events: 0
Time: 992.76, 
            Production Events: 1, 
            Suppression Events: 1
Time: 992.76, 
            Production Events: 0, 
            Suppression Events: 0
Time: 992.76, 
            Production Events: 0, 
            Suppression Events: 0
Time: 994.02, 
            Production Events: 0, 
            Suppression Events: 1
Time: 994.02, 
            Production Events: 0, 
            Suppression Events: 0
Time: 995.44, 
            Production Events: 0, 
            Suppression Events: 1
Time: 997.79, 
            Production Events: 0, 
            Suppression Events: 2
Time: 997.79, 
            Production Events: 0, 
            Suppression Events: 0
Time: 1001.36, 
            Production Events: 0, 
            Suppression Events: 1
Time: 1001.36, 
            Production Events: 0, 
            Suppression Events: 0
Time: 1001.36, 
            Production Events: 0, 
            Suppression Events: 0
Simulation completed:
  Final time: 1001.3598537991876
  Total events: 1046
  Wall time: 6718.64 seconds

Saving simulation results with clean separation...
Task evolution saved to: 5t5b/5t5b_mfcsb/data/param_134_rep_1_2025-11-21_173309/states.csv
Events saved to: 5t5b/5t5b_mfcsb/data/param_134_rep_1_2025-11-21_173309/events.csv
Saving event log (raw and DataFrame)...
log DataFrame size: (1051, 9)
short view:
59 DataFrame
 Row  time     bee1_id  bee2_id  task_id  task_1   task_2   task_3     task_4 
      Float64  Int64    Int64    Int64    Float64  Float64  Float64    Float6 

   1      0.0        1        0        0   0.08     0.0909  0.0608098   0.075 
   2      0.0        2        0        0   0.0774   0.0902  0.0927704   0.107
   3      0.0        3        0        0   0.1028   0.0899  0.118508    0.096
   4      0.0        4        0        0   0.1026   0.1087  0.130416    0.154
   5      0.0        5        0        0   0.1097   0.097   0.122426    0.097 
                                                               2 columns omittedEvent log saved to: 5t5b/5t5b_mfcsb/data/param_134_rep_1_2025-11-21_173309/event_log.json
Event log DataFrame saved to: 5t5b/5t5b_mfcsb/data/param_134_rep_1_2025-11-21_173309/event_log.csv
Metadata and configuration saved to: 5t5b/5t5b_mfcsb/data/param_134_rep_1_2025-11-21_173309/config.json
Task index mapping saved to: 5t5b/5t5b_mfcsb/data/param_134_rep_1_2025-11-21_173309/task_index_mapping.json
All results saved to directory: 5t5b/5t5b_mfcsb/data/param_134_rep_1_2025-11-21_173309
Simulation completed successfully!
Job finished at: Fri Nov 21 07:25:36 PM CET 2025
