Job array started at: Fri Nov 21 06:32:18 PM CET 2025
Job ID: 10862113
Array Job ID: 10860410
Array Task ID: 152
Node: th-ws-740m16
Loading Julia module...
Module loaded: /software/opt/el_9/x86_64/julia/1.11.3/bin/julia
Changing to project directory...
Current directory: /scratch/n/N.Pfaffenzeller/nikolas_nethive/nethive_multiverse
Running parameter combination 152, replicate 1
Starting Julia simulation...
Running simulation with the following configuration:
  dataset_names: [:mnist, :cifar10, :svhn2, :fashion_mnist, :bank]
  param_id: 152
  n_bees: 5
  batch_size: 32
  replicate_id: 1
  punish_rate: 0.1
  punishment: time_out
  lambda_sensitivity: 100
  save_nn_epochs: 0
  production_rate: 1
  interaction_rate: 50
  batches_per_step: 50
  learning_rate: 0.0001
  max_output_dim: 10
  n_steps_per_epoch: 1
  dead_time: 200
  max_input_dim: 3072
  n_epochs: 1000
  seed: 1130157042

Starting simulation with configuration:
  dataset_names: [:mnist, :cifar10, :svhn2, :fashion_mnist, :bank]
  param_id: 152
  n_bees: 5
  batch_size: 32
  replicate_id: 1
  punish_rate: 0.1
  punishment: time_out
  lambda_sensitivity: 100
  save_nn_epochs: 0
  production_rate: 1
  interaction_rate: 50
  batches_per_step: 50
  run_timestamp: 2025-11-21T18:32:54.908
  learning_rate: 0.0001
  max_output_dim: 10
  n_steps_per_epoch: 1
  dead_time: 200
  max_input_dim: 3072
  n_epochs: 1000
  seed: 1130157042
Random seed: 1130157042

Starting simulation...
Time: 4.72, 
            Production Events: 0, 
            Suppression Events: 2
Time: 4.72, 
            Production Events: 0, 
            Suppression Events: 0
Time: 4.72, 
            Production Events: 0, 
            Suppression Events: 0
Time: 4.72, 
            Production Events: 0, 
            Suppression Events: 0
Time: 6.01, 
            Production Events: 2, 
            Suppression Events: 0
Time: 6.01, 
            Production Events: 0, 
            Suppression Events: 0
Time: 8.68, 
            Production Events: 1, 
            Suppression Events: 1
Time: 8.68, 
            Production Events: 0, 
            Suppression Events: 0
Time: 10.19, 
            Production Events: 0, 
            Suppression Events: 2
Time: 10.19, 
            Production Events: 0, 
            Suppression Events: 0
Time: 12.45, 
            Production Events: 1, 
            Suppression Events: 2
Time: 12.45, 
            Production Events: 0, 
            Suppression Events: 0
Time: 14.69, 
            Production Events: 1, 
            Suppression Events: 1
Time: 14.69, 
            Production Events: 0, 
            Suppression Events: 0
Time: 15.05, 
            Production Events: 0, 
            Suppression Events: 1
Time: 16.51, 
            Production Events: 2, 
            Suppression Events: 0
Time: 17.69, 
            Production Events: 0, 
            Suppression Events: 2
Time: 19.32, 
            Production Events: 1, 
            Suppression Events: 1
Time: 19.32, 
            Production Events: 0, 
            Suppression Events: 0
Time: 20.78, 
            Production Events: 1, 
            Suppression Events: 1
Time: 25.61, 
            Production Events: 0, 
            Suppression Events: 1
Time: 25.61, 
            Production Events: 0, 
            Suppression Events: 0
Time: 25.61, 
            Production Events: 0, 
            Suppression Events: 0
Time: 25.61, 
            Production Events: 0, 
            Suppression Events: 0
Time: 25.61, 
            Production Events: 0, 
            Suppression Events: 0
Time: 26.37, 
            Production Events: 0, 
            Suppression Events: 1
Time: 27.54, 
            Production Events: 1, 
            Suppression Events: 1
Time: 28.82, 
            Production Events: 0, 
            Suppression Events: 2
Time: 29.46, 
            Production Events: 0, 
            Suppression Events: 1
Time: 31.81, 
            Production Events: 0, 
            Suppression Events: 2
Time: 31.81, 
            Production Events: 0, 
            Suppression Events: 0
Time: 33.33, 
            Production Events: 0, 
            Suppression Events: 2
Time: 33.33, 
            Production Events: 0, 
            Suppression Events: 0
Time: 34.65, 
            Production Events: 0, 
            Suppression Events: 1
Time: 35.62, 
            Production Events: 0, 
            Suppression Events: 1
Time: 37.02, 
            Production Events: 0, 
            Suppression Events: 1
Time: 37.02, 
            Production Events: 0, 
            Suppression Events: 0
Time: 39.53, 
            Production Events: 0, 
            Suppression Events: 2
Time: 39.53, 
            Production Events: 0, 
            Suppression Events: 0
Time: 40.78, 
            Production Events: 0, 
            Suppression Events: 3
Time: 41.49, 
            Production Events: 0, 
            Suppression Events: 2
Time: 43.99, 
            Production Events: 1, 
            Suppression Events: 1
Time: 43.99, 
            Production Events: 0, 
            Suppression Events: 0
Time: 44.72, 
            Production Events: 0, 
            Suppression Events: 1
Time: 45.11, 
            Production Events: 1, 
            Suppression Events: 1
Time: 46.99, 
            Production Events: 0, 
            Suppression Events: 2
Time: 47.73, 
            Production Events: 0, 
            Suppression Events: 1
Time: 48.85, 
            Production Events: 0, 
            Suppression Events: 1
Time: 49.89, 
            Production Events: 0, 
            Suppression Events: 1
Time: 53.75, 
            Production Events: 0, 
            Suppression Events: 1
Time: 53.75, 
            Production Events: 0, 
            Suppression Events: 0
Time: 53.75, 
            Production Events: 0, 
            Suppression Events: 0
Time: 53.75, 
            Production Events: 0, 
            Suppression Events: 0
Time: 54.39, 
            Production Events: 0, 
            Suppression Events: 1
Time: 55.0, 
            Production Events: 0, 
            Suppression Events: 1
Time: 56.66, 
            Production Events: 1, 
            Suppression Events: 1
Time: 58.38, 
            Production Events: 0, 
            Suppression Events: 1
Time: 58.38, 
            Production Events: 0, 
            Suppression Events: 0
Time: 59.1, 
            Production Events: 0, 
            Suppression Events: 2
Time: 60.22, 
            Production Events: 0, 
            Suppression Events: 2
Time: 62.49, 
            Production Events: 0, 
            Suppression Events: 1
Time: 62.49, 
            Production Events: 0, 
            Suppression Events: 0
Time: 63.03, 
            Production Events: 0, 
            Suppression Events: 1
Time: 64.01, 
            Production Events: 0, 
            Suppression Events: 1
Time: 67.6, 
            Production Events: 0, 
            Suppression Events: 3
Time: 67.6, 
            Production Events: 0, 
            Suppression Events: 0
Time: 67.6, 
            Production Events: 0, 
            Suppression Events: 0
Time: 68.84, 
            Production Events: 0, 
            Suppression Events: 1
Time: 70.93, 
            Production Events: 0, 
            Suppression Events: 1
Time: 70.93, 
            Production Events: 0, 
            Suppression Events: 0
Time: 71.85, 
            Production Events: 0, 
            Suppression Events: 1
Time: 72.08, 
            Production Events: 0, 
            Suppression Events: 1
Time: 73.26, 
            Production Events: 0, 
            Suppression Events: 2
Time: 75.84, 
            Production Events: 1, 
            Suppression Events: 0
Time: 75.84, 
            Production Events: 0, 
            Suppression Events: 0
Time: 76.04, 
            Production Events: 0, 
            Suppression Events: 1
Time: 77.71, 
            Production Events: 1, 
            Suppression Events: 3
Time: 78.03, 
            Production Events: 0, 
            Suppression Events: 1
Time: 79.12, 
            Production Events: 0, 
            Suppression Events: 1
Time: 82.01, 
            Production Events: 0, 
            Suppression Events: 2
Time: 82.01, 
            Production Events: 0, 
            Suppression Events: 0
Time: 82.01, 
            Production Events: 0, 
            Suppression Events: 0
Time: 84.11, 
            Production Events: 0, 
            Suppression Events: 1
Time: 84.11, 
            Production Events: 0, 
            Suppression Events: 0
Time: 85.18, 
            Production Events: 0, 
            Suppression Events: 1
Time: 86.42, 
            Production Events: 0, 
            Suppression Events: 2
Time: 87.76, 
            Production Events: 0, 
            Suppression Events: 2
Time: 89.2, 
            Production Events: 1, 
            Suppression Events: 0
Time: 89.2, 
            Production Events: 0, 
            Suppression Events: 0
Time: 90.01, 
            Production Events: 1, 
            Suppression Events: 1
Time: 92.71, 
            Production Events: 2, 
            Suppression Events: 2
Time: 92.71, 
            Production Events: 0, 
            Suppression Events: 0
Time: 94.48, 
            Production Events: 0, 
            Suppression Events: 1
Time: 94.48, 
            Production Events: 0, 
            Suppression Events: 0
Time: 95.48, 
            Production Events: 1, 
            Suppression Events: 1
Time: 97.23, 
            Production Events: 0, 
            Suppression Events: 1
Time: 97.23, 
            Production Events: 0, 
            Suppression Events: 0
Time: 98.79, 
            Production Events: 0, 
            Suppression Events: 2
Time: 99.8, 
            Production Events: 0, 
            Suppression Events: 1
Time: 104.36, 
            Production Events: 0, 
            Suppression Events: 1
Time: 104.36, 
            Production Events: 0, 
            Suppression Events: 0
Time: 104.36, 
            Production Events: 0, 
            Suppression Events: 0
Time: 104.36, 
            Production Events: 0, 
            Suppression Events: 0
Time: 104.36, 
            Production Events: 0, 
            Suppression Events: 0
Time: 105.15, 
            Production Events: 0, 
            Suppression Events: 1
Time: 107.53, 
            Production Events: 0, 
            Suppression Events: 3
Time: 107.53, 
            Production Events: 0, 
            Suppression Events: 0
Time: 110.12, 
            Production Events: 0, 
            Suppression Events: 1
Time: 110.12, 
            Production Events: 0, 
            Suppression Events: 0
Time: 110.12, 
            Production Events: 0, 
            Suppression Events: 0
Time: 113.59, 
            Production Events: 0, 
            Suppression Events: 1
Time: 113.59, 
            Production Events: 0, 
            Suppression Events: 0
Time: 113.59, 
            Production Events: 0, 
            Suppression Events: 0
Time: 114.15, 
            Production Events: 0, 
            Suppression Events: 1
Time: 115.05, 
            Production Events: 0, 
            Suppression Events: 3
Time: 117.03, 
            Production Events: 0, 
            Suppression Events: 1
Time: 117.03, 
            Production Events: 0, 
            Suppression Events: 0
Time: 118.28, 
            Production Events: 0, 
            Suppression Events: 1
Time: 119.26, 
            Production Events: 0, 
            Suppression Events: 2
Time: 121.92, 
            Production Events: 0, 
            Suppression Events: 1
Time: 121.92, 
            Production Events: 0, 
            Suppression Events: 0
Time: 125.06, 
            Production Events: 0, 
            Suppression Events: 1
Time: 125.06, 
            Production Events: 0, 
            Suppression Events: 0
Time: 125.06, 
            Production Events: 0, 
            Suppression Events: 0
Time: 125.06, 
            Production Events: 0, 
            Suppression Events: 0
Time: 126.46, 
            Production Events: 0, 
            Suppression Events: 3
Time: 127.62, 
            Production Events: 0, 
            Suppression Events: 2
Time: 128.16, 
            Production Events: 0, 
            Suppression Events: 2
Time: 129.46, 
            Production Events: 0, 
            Suppression Events: 2
Time: 130.85, 
            Production Events: 0, 
            Suppression Events: 1
Time: 132.62, 
            Production Events: 0, 
            Suppression Events: 1
Time: 132.62, 
            Production Events: 0, 
            Suppression Events: 0
Time: 135.14, 
            Production Events: 0, 
            Suppression Events: 1
Time: 135.14, 
            Production Events: 0, 
            Suppression Events: 0
Time: 135.14, 
            Production Events: 0, 
            Suppression Events: 0
Time: 139.59, 
            Production Events: 0, 
            Suppression Events: 4
Time: 139.59, 
            Production Events: 0, 
            Suppression Events: 0
Time: 139.59, 
            Production Events: 0, 
            Suppression Events: 0
Time: 139.59, 
            Production Events: 0, 
            Suppression Events: 0
Time: 140.68, 
            Production Events: 0, 
            Suppression Events: 1
Time: 142.62, 
            Production Events: 0, 
            Suppression Events: 1
Time: 142.62, 
            Production Events: 0, 
            Suppression Events: 0
Time: 144.41, 
            Production Events: 0, 
            Suppression Events: 1
Time: 144.41, 
            Production Events: 0, 
            Suppression Events: 0
Time: 145.42, 
            Production Events: 0, 
            Suppression Events: 1
Time: 146.85, 
            Production Events: 0, 
            Suppression Events: 1
Time: 147.25, 
            Production Events: 0, 
            Suppression Events: 1
Time: 152.52, 
            Production Events: 0, 
            Suppression Events: 2
Time: 152.52, 
            Production Events: 0, 
            Suppression Events: 0
Time: 152.52, 
            Production Events: 0, 
            Suppression Events: 0
Time: 152.52, 
            Production Events: 0, 
            Suppression Events: 0
Time: 152.52, 
            Production Events: 0, 
            Suppression Events: 0
Time: 153.03, 
            Production Events: 0, 
            Suppression Events: 2
Time: 155.14, 
            Production Events: 0, 
            Suppression Events: 1
Time: 155.14, 
            Production Events: 0, 
            Suppression Events: 0
Time: 156.45, 
            Production Events: 0, 
            Suppression Events: 3
Time: 157.2, 
            Production Events: 0, 
            Suppression Events: 1
Time: 160.32, 
            Production Events: 0, 
            Suppression Events: 3
Time: 160.32, 
            Production Events: 0, 
            Suppression Events: 0
Time: 160.32, 
            Production Events: 0, 
            Suppression Events: 0
Time: 161.01, 
            Production Events: 0, 
            Suppression Events: 1
Time: 163.37, 
            Production Events: 1, 
            Suppression Events: 2
Time: 163.37, 
            Production Events: 0, 
            Suppression Events: 0
Time: 165.64, 
            Production Events: 0, 
            Suppression Events: 3
Time: 165.64, 
            Production Events: 0, 
            Suppression Events: 0
Time: 166.27, 
            Production Events: 0, 
            Suppression Events: 2
Time: 168.4, 
            Production Events: 0, 
            Suppression Events: 1
Time: 168.4, 
            Production Events: 0, 
            Suppression Events: 0
Time: 169.24, 
            Production Events: 0, 
            Suppression Events: 1
Time: 170.49, 
            Production Events: 0, 
            Suppression Events: 1
Time: 171.2, 
            Production Events: 0, 
            Suppression Events: 1
Time: 172.26, 
            Production Events: 0, 
            Suppression Events: 2
Time: 174.76, 
            Production Events: 0, 
            Suppression Events: 1
Time: 174.76, 
            Production Events: 0, 
            Suppression Events: 0
Time: 175.11, 
            Production Events: 0, 
            Suppression Events: 1
Time: 176.13, 
            Production Events: 0, 
            Suppression Events: 3
Time: 177.99, 
            Production Events: 0, 
            Suppression Events: 1
Time: 178.04, 
            Production Events: 0, 
            Suppression Events: 1
Time: 180.52, 
            Production Events: 1, 
            Suppression Events: 2
Time: 180.52, 
            Production Events: 0, 
            Suppression Events: 0
Time: 181.1, 
            Production Events: 0, 
            Suppression Events: 1
Time: 182.22, 
            Production Events: 0, 
            Suppression Events: 1
Time: 183.22, 
            Production Events: 0, 
            Suppression Events: 2
Time: 184.11, 
            Production Events: 0, 
            Suppression Events: 1
Time: 185.61, 
            Production Events: 0, 
            Suppression Events: 3
Time: 186.62, 
            Production Events: 0, 
            Suppression Events: 1
Time: 190.2, 
            Production Events: 0, 
            Suppression Events: 1
Time: 190.2, 
            Production Events: 0, 
            Suppression Events: 0
Time: 190.2, 
            Production Events: 0, 
            Suppression Events: 0
Time: 190.2, 
            Production Events: 0, 
            Suppression Events: 0
Time: 191.71, 
            Production Events: 0, 
            Suppression Events: 2
Time: 193.32, 
            Production Events: 0, 
            Suppression Events: 1
Time: 193.32, 
            Production Events: 0, 
            Suppression Events: 0
Time: 194.3, 
            Production Events: 0, 
            Suppression Events: 2
Time: 198.24, 
            Production Events: 0, 
            Suppression Events: 1
Time: 198.24, 
            Production Events: 0, 
            Suppression Events: 0
Time: 198.24, 
            Production Events: 0, 
            Suppression Events: 0
Time: 198.24, 
            Production Events: 0, 
            Suppression Events: 0
Time: 200.7, 
            Production Events: 0, 
            Suppression Events: 3
Time: 200.7, 
            Production Events: 0, 
            Suppression Events: 0
Time: 202.1, 
            Production Events: 0, 
            Suppression Events: 1
Time: 202.1, 
            Production Events: 0, 
            Suppression Events: 0
Time: 203.39, 
            Production Events: 0, 
            Suppression Events: 2
Time: 204.46, 
            Production Events: 0, 
            Suppression Events: 1
Time: 205.04, 
            Production Events: 0, 
            Suppression Events: 1
Time: 206.69, 
            Production Events: 1, 
            Suppression Events: 1
Time: 207.47, 
            Production Events: 0, 
            Suppression Events: 1
Time: 209.21, 
            Production Events: 0, 
            Suppression Events: 1
Time: 209.21, 
            Production Events: 0, 
            Suppression Events: 0
Time: 210.2, 
            Production Events: 0, 
            Suppression Events: 2
Time: 212.09, 
            Production Events: 0, 
            Suppression Events: 1
Time: 212.09, 
            Production Events: 0, 
            Suppression Events: 0
Time: 214.05, 
            Production Events: 0, 
            Suppression Events: 2
Time: 214.05, 
            Production Events: 0, 
            Suppression Events: 0
Time: 215.18, 
            Production Events: 0, 
            Suppression Events: 1
Time: 216.14, 
            Production Events: 0, 
            Suppression Events: 2
Time: 218.88, 
            Production Events: 0, 
            Suppression Events: 3
Time: 218.88, 
            Production Events: 0, 
            Suppression Events: 0
Time: 219.59, 
            Production Events: 0, 
            Suppression Events: 1
Time: 221.78, 
            Production Events: 0, 
            Suppression Events: 1
Time: 221.78, 
            Production Events: 0, 
            Suppression Events: 0
Time: 222.14, 
            Production Events: 0, 
            Suppression Events: 1
Time: 224.63, 
            Production Events: 0, 
            Suppression Events: 2
Time: 224.63, 
            Production Events: 0, 
            Suppression Events: 0
Time: 225.09, 
            Production Events: 0, 
            Suppression Events: 2
Time: 226.14, 
            Production Events: 0, 
            Suppression Events: 4
Time: 229.13, 
            Production Events: 0, 
            Suppression Events: 2
Time: 229.13, 
            Production Events: 0, 
            Suppression Events: 0
Time: 229.13, 
            Production Events: 0, 
            Suppression Events: 0
Time: 230.72, 
            Production Events: 0, 
            Suppression Events: 2
Time: 234.14, 
            Production Events: 0, 
            Suppression Events: 1
Time: 234.14, 
            Production Events: 0, 
            Suppression Events: 0
Time: 234.14, 
            Production Events: 0, 
            Suppression Events: 0
Time: 234.14, 
            Production Events: 0, 
            Suppression Events: 0
Time: 235.65, 
            Production Events: 0, 
            Suppression Events: 1
Time: 236.04, 
            Production Events: 0, 
            Suppression Events: 2
Time: 239.38, 
            Production Events: 0, 
            Suppression Events: 2
Time: 239.38, 
            Production Events: 0, 
            Suppression Events: 0
Time: 239.38, 
            Production Events: 0, 
            Suppression Events: 0
Time: 240.54, 
            Production Events: 0, 
            Suppression Events: 1
Time: 241.41, 
            Production Events: 0, 
            Suppression Events: 2
Time: 242.34, 
            Production Events: 0, 
            Suppression Events: 1
Time: 243.1, 
            Production Events: 0, 
            Suppression Events: 1
Time: 245.19, 
            Production Events: 0, 
            Suppression Events: 3
Time: 245.19, 
            Production Events: 0, 
            Suppression Events: 0
Time: 246.57, 
            Production Events: 0, 
            Suppression Events: 2
Time: 248.3, 
            Production Events: 0, 
            Suppression Events: 1
Time: 248.3, 
            Production Events: 0, 
            Suppression Events: 0
Time: 250.22, 
            Production Events: 0, 
            Suppression Events: 1
Time: 250.22, 
            Production Events: 0, 
            Suppression Events: 0
Time: 251.19, 
            Production Events: 1, 
            Suppression Events: 0
Time: 253.82, 
            Production Events: 0, 
            Suppression Events: 4
Time: 253.82, 
            Production Events: 0, 
            Suppression Events: 0
Time: 254.19, 
            Production Events: 0, 
            Suppression Events: 1
Time: 257.59, 
            Production Events: 0, 
            Suppression Events: 2
Time: 257.59, 
            Production Events: 0, 
            Suppression Events: 0
Time: 257.59, 
            Production Events: 0, 
            Suppression Events: 0
Time: 258.84, 
            Production Events: 0, 
            Suppression Events: 1
Time: 259.7, 
            Production Events: 0, 
            Suppression Events: 1
Time: 260.39, 
            Production Events: 0, 
            Suppression Events: 1
Time: 261.69, 
            Production Events: 0, 
            Suppression Events: 1
Time: 263.47, 
            Production Events: 0, 
            Suppression Events: 3
Time: 263.47, 
            Production Events: 0, 
            Suppression Events: 0
Time: 264.48, 
            Production Events: 0, 
            Suppression Events: 1
Time: 265.05, 
            Production Events: 0, 
            Suppression Events: 2
Time: 266.29, 
            Production Events: 0, 
            Suppression Events: 1
Time: 267.22, 
            Production Events: 0, 
            Suppression Events: 1
Time: 268.1, 
            Production Events: 0, 
            Suppression Events: 1
Time: 269.63, 
            Production Events: 0, 
            Suppression Events: 1
Time: 270.18, 
            Production Events: 0, 
            Suppression Events: 1
Time: 271.91, 
            Production Events: 0, 
            Suppression Events: 1
Time: 273.45, 
            Production Events: 0, 
            Suppression Events: 1
Time: 273.45, 
            Production Events: 0, 
            Suppression Events: 0
Time: 274.03, 
            Production Events: 0, 
            Suppression Events: 2
Time: 275.2, 
            Production Events: 0, 
            Suppression Events: 2
Time: 276.14, 
            Production Events: 0, 
            Suppression Events: 1
Time: 279.41, 
            Production Events: 0, 
            Suppression Events: 3
Time: 279.41, 
            Production Events: 0, 
            Suppression Events: 0
Time: 279.41, 
            Production Events: 0, 
            Suppression Events: 0
Time: 280.51, 
            Production Events: 0, 
            Suppression Events: 1
Time: 281.5, 
            Production Events: 0, 
            Suppression Events: 3
Time: 282.57, 
            Production Events: 0, 
            Suppression Events: 1
Time: 283.19, 
            Production Events: 0, 
            Suppression Events: 1
Time: 285.9, 
            Production Events: 0, 
            Suppression Events: 1
Time: 285.9, 
            Production Events: 0, 
            Suppression Events: 0
Time: 286.77, 
            Production Events: 0, 
            Suppression Events: 2
Time: 287.22, 
            Production Events: 0, 
            Suppression Events: 1
Time: 288.42, 
            Production Events: 0, 
            Suppression Events: 3
Time: 290.08, 
            Production Events: 0, 
            Suppression Events: 3
Time: 290.08, 
            Production Events: 0, 
            Suppression Events: 0
Time: 292.73, 
            Production Events: 0, 
            Suppression Events: 2
Time: 292.73, 
            Production Events: 0, 
            Suppression Events: 0
Time: 295.19, 
            Production Events: 0, 
            Suppression Events: 2
Time: 295.19, 
            Production Events: 0, 
            Suppression Events: 0
Time: 295.19, 
            Production Events: 0, 
            Suppression Events: 0
Time: 297.29, 
            Production Events: 0, 
            Suppression Events: 1
Time: 297.29, 
            Production Events: 0, 
            Suppression Events: 0
Time: 300.03, 
            Production Events: 1, 
            Suppression Events: 2
Time: 300.03, 
            Production Events: 0, 
            Suppression Events: 0
Time: 300.03, 
            Production Events: 0, 
            Suppression Events: 0
Time: 302.29, 
            Production Events: 1, 
            Suppression Events: 1
Time: 302.29, 
            Production Events: 0, 
            Suppression Events: 0
Time: 303.2, 
            Production Events: 0, 
            Suppression Events: 1
Time: 305.3, 
            Production Events: 1, 
            Suppression Events: 1
Time: 305.3, 
            Production Events: 0, 
            Suppression Events: 0
Time: 306.57, 
            Production Events: 0, 
            Suppression Events: 2
Time: 308.03, 
            Production Events: 0, 
            Suppression Events: 2
Time: 308.03, 
            Production Events: 0, 
            Suppression Events: 0
Time: 309.04, 
            Production Events: 0, 
            Suppression Events: 4
Time: 312.45, 
            Production Events: 0, 
            Suppression Events: 3
Time: 312.45, 
            Production Events: 0, 
            Suppression Events: 0
Time: 312.45, 
            Production Events: 0, 
            Suppression Events: 0
Time: 313.08, 
            Production Events: 0, 
            Suppression Events: 1
Time: 315.71, 
            Production Events: 0, 
            Suppression Events: 1
Time: 315.71, 
            Production Events: 0, 
            Suppression Events: 0
Time: 316.05, 
            Production Events: 0, 
            Suppression Events: 2
Time: 320.0, 
            Production Events: 0, 
            Suppression Events: 2
Time: 320.0, 
            Production Events: 0, 
            Suppression Events: 0
Time: 320.0, 
            Production Events: 0, 
            Suppression Events: 0
Time: 320.02, 
            Production Events: 0, 
            Suppression Events: 1
Time: 321.09, 
            Production Events: 0, 
            Suppression Events: 4
Time: 325.85, 
            Production Events: 0, 
            Suppression Events: 2
Time: 325.85, 
            Production Events: 0, 
            Suppression Events: 0
Time: 325.85, 
            Production Events: 0, 
            Suppression Events: 0
Time: 325.85, 
            Production Events: 0, 
            Suppression Events: 0
Time: 326.32, 
            Production Events: 0, 
            Suppression Events: 3
Time: 327.94, 
            Production Events: 0, 
            Suppression Events: 3
Time: 328.7, 
            Production Events: 0, 
            Suppression Events: 1
Time: 329.23, 
            Production Events: 0, 
            Suppression Events: 1
Time: 330.87, 
            Production Events: 0, 
            Suppression Events: 1
Time: 332.68, 
            Production Events: 0, 
            Suppression Events: 1
Time: 332.68, 
            Production Events: 0, 
            Suppression Events: 0
Time: 333.55, 
            Production Events: 0, 
            Suppression Events: 1
Time: 334.18, 
            Production Events: 0, 
            Suppression Events: 1
Time: 336.21, 
            Production Events: 0, 
            Suppression Events: 3
Time: 336.21, 
            Production Events: 0, 
            Suppression Events: 0
Time: 338.13, 
            Production Events: 0, 
            Suppression Events: 2
Time: 338.13, 
            Production Events: 0, 
            Suppression Events: 0
Time: 339.85, 
            Production Events: 0, 
            Suppression Events: 3
Time: 340.0, 
            Production Events: 0, 
            Suppression Events: 1
Time: 342.0, 
            Production Events: 0, 
            Suppression Events: 1
Time: 343.02, 
            Production Events: 0, 
            Suppression Events: 1
Time: 343.02, 
            Production Events: 0, 
            Suppression Events: 0
Time: 345.72, 
            Production Events: 0, 
            Suppression Events: 3
Time: 345.72, 
            Production Events: 0, 
            Suppression Events: 0
Time: 346.34, 
            Production Events: 0, 
            Suppression Events: 1
Time: 347.02, 
            Production Events: 0, 
            Suppression Events: 1
Time: 348.12, 
            Production Events: 0, 
            Suppression Events: 3
Time: 349.74, 
            Production Events: 0, 
            Suppression Events: 3
Time: 351.93, 
            Production Events: 0, 
            Suppression Events: 1
Time: 351.93, 
            Production Events: 0, 
            Suppression Events: 0
Time: 352.94, 
            Production Events: 0, 
            Suppression Events: 1
Time: 353.3, 
            Production Events: 0, 
            Suppression Events: 1
Time: 356.18, 
            Production Events: 0, 
            Suppression Events: 1
Time: 356.18, 
            Production Events: 0, 
            Suppression Events: 0
Time: 356.18, 
            Production Events: 0, 
            Suppression Events: 0
Time: 358.04, 
            Production Events: 1, 
            Suppression Events: 1
Time: 358.04, 
            Production Events: 0, 
            Suppression Events: 0
Time: 359.39, 
            Production Events: 0, 
            Suppression Events: 1
Time: 360.19, 
            Production Events: 0, 
            Suppression Events: 1
Time: 362.51, 
            Production Events: 0, 
            Suppression Events: 2
Time: 362.51, 
            Production Events: 0, 
            Suppression Events: 0
Time: 363.05, 
            Production Events: 0, 
            Suppression Events: 2
Time: 364.66, 
            Production Events: 0, 
            Suppression Events: 1
Time: 367.05, 
            Production Events: 0, 
            Suppression Events: 2
Time: 367.05, 
            Production Events: 0, 
            Suppression Events: 0
Time: 367.05, 
            Production Events: 0, 
            Suppression Events: 0
Time: 369.23, 
            Production Events: 0, 
            Suppression Events: 1
Time: 369.23, 
            Production Events: 0, 
            Suppression Events: 0
Time: 370.34, 
            Production Events: 0, 
            Suppression Events: 1
Time: 371.65, 
            Production Events: 0, 
            Suppression Events: 2
Time: 372.05, 
            Production Events: 0, 
            Suppression Events: 1
Time: 374.38, 
            Production Events: 0, 
            Suppression Events: 2
Time: 374.38, 
            Production Events: 0, 
            Suppression Events: 0
Time: 376.26, 
            Production Events: 0, 
            Suppression Events: 3
Time: 376.26, 
            Production Events: 0, 
            Suppression Events: 0
Time: 379.32, 
            Production Events: 0, 
            Suppression Events: 1
Time: 379.32, 
            Production Events: 0, 
            Suppression Events: 0
Time: 379.32, 
            Production Events: 0, 
            Suppression Events: 0
Time: 380.11, 
            Production Events: 0, 
            Suppression Events: 3
Time: 383.28, 
            Production Events: 0, 
            Suppression Events: 1
Time: 383.28, 
            Production Events: 0, 
            Suppression Events: 0
Time: 383.28, 
            Production Events: 0, 
            Suppression Events: 0
Time: 384.38, 
            Production Events: 0, 
            Suppression Events: 1
Time: 385.13, 
            Production Events: 0, 
            Suppression Events: 1
Time: 386.03, 
            Production Events: 0, 
            Suppression Events: 1
Time: 387.96, 
            Production Events: 0, 
            Suppression Events: 2
Time: 389.52, 
            Production Events: 0, 
            Suppression Events: 1
Time: 389.52, 
            Production Events: 0, 
            Suppression Events: 0
Time: 390.66, 
            Production Events: 0, 
            Suppression Events: 2
Time: 391.67, 
            Production Events: 0, 
            Suppression Events: 1
Time: 392.98, 
            Production Events: 0, 
            Suppression Events: 2
Time: 393.68, 
            Production Events: 0, 
            Suppression Events: 1
Time: 394.01, 
            Production Events: 0, 
            Suppression Events: 1
Time: 395.0, 
            Production Events: 0, 
            Suppression Events: 2
Time: 396.85, 
            Production Events: 0, 
            Suppression Events: 1
Time: 397.16, 
            Production Events: 0, 
            Suppression Events: 1
Time: 398.75, 
            Production Events: 0, 
            Suppression Events: 2
Time: 399.34, 
            Production Events: 0, 
            Suppression Events: 1
Time: 401.09, 
            Production Events: 0, 
            Suppression Events: 2
Time: 401.09, 
            Production Events: 0, 
            Suppression Events: 0
Time: 402.75, 
            Production Events: 0, 
            Suppression Events: 3
Time: 405.61, 
            Production Events: 0, 
            Suppression Events: 1
Time: 405.61, 
            Production Events: 0, 
            Suppression Events: 0
Time: 405.61, 
            Production Events: 0, 
            Suppression Events: 0
Time: 406.22, 
            Production Events: 0, 
            Suppression Events: 1
Time: 409.73, 
            Production Events: 0, 
            Suppression Events: 4
Time: 409.73, 
            Production Events: 0, 
            Suppression Events: 0
Time: 409.73, 
            Production Events: 0, 
            Suppression Events: 0
Time: 412.55, 
            Production Events: 0, 
            Suppression Events: 1
Time: 412.55, 
            Production Events: 0, 
            Suppression Events: 0
Time: 412.55, 
            Production Events: 0, 
            Suppression Events: 0
Time: 414.26, 
            Production Events: 0, 
            Suppression Events: 1
Time: 414.26, 
            Production Events: 0, 
            Suppression Events: 0
Time: 415.1, 
            Production Events: 0, 
            Suppression Events: 2
Time: 417.03, 
            Production Events: 0, 
            Suppression Events: 3
Time: 417.03, 
            Production Events: 0, 
            Suppression Events: 0
Time: 418.67, 
            Production Events: 0, 
            Suppression Events: 1
Time: 420.57, 
            Production Events: 0, 
            Suppression Events: 1
Time: 420.57, 
            Production Events: 0, 
            Suppression Events: 0
Time: 421.68, 
            Production Events: 0, 
            Suppression Events: 1
Time: 422.5, 
            Production Events: 0, 
            Suppression Events: 1
Time: 423.01, 
            Production Events: 0, 
            Suppression Events: 3
Time: 424.34, 
            Production Events: 0, 
            Suppression Events: 2
Time: 426.67, 
            Production Events: 0, 
            Suppression Events: 1
Time: 426.67, 
            Production Events: 0, 
            Suppression Events: 0
Time: 427.75, 
            Production Events: 0, 
            Suppression Events: 2
Time: 429.37, 
            Production Events: 0, 
            Suppression Events: 1
Time: 429.37, 
            Production Events: 0, 
            Suppression Events: 0
Time: 431.66, 
            Production Events: 0, 
            Suppression Events: 3
Time: 431.66, 
            Production Events: 0, 
            Suppression Events: 0
Time: 432.13, 
            Production Events: 0, 
            Suppression Events: 1
Time: 433.68, 
            Production Events: 0, 
            Suppression Events: 1
Time: 436.12, 
            Production Events: 0, 
            Suppression Events: 1
Time: 436.12, 
            Production Events: 0, 
            Suppression Events: 0
Time: 436.12, 
            Production Events: 0, 
            Suppression Events: 0
Time: 438.34, 
            Production Events: 0, 
            Suppression Events: 2
Time: 438.34, 
            Production Events: 0, 
            Suppression Events: 0
Time: 439.85, 
            Production Events: 0, 
            Suppression Events: 2
Time: 440.74, 
            Production Events: 0, 
            Suppression Events: 2
Time: 446.08, 
            Production Events: 0, 
            Suppression Events: 1
Time: 446.08, 
            Production Events: 0, 
            Suppression Events: 0
Time: 446.08, 
            Production Events: 0, 
            Suppression Events: 0
Time: 446.08, 
            Production Events: 0, 
            Suppression Events: 0
Time: 446.08, 
            Production Events: 0, 
            Suppression Events: 0
Time: 446.08, 
            Production Events: 0, 
            Suppression Events: 0
Time: 449.01, 
            Production Events: 1, 
            Suppression Events: 4
Time: 449.01, 
            Production Events: 0, 
            Suppression Events: 0
Time: 449.01, 
            Production Events: 0, 
            Suppression Events: 0
Time: 452.7, 
            Production Events: 1, 
            Suppression Events: 2
Time: 452.7, 
            Production Events: 0, 
            Suppression Events: 0
Time: 452.7, 
            Production Events: 0, 
            Suppression Events: 0
Time: 454.31, 
            Production Events: 0, 
            Suppression Events: 1
Time: 454.31, 
            Production Events: 0, 
            Suppression Events: 0
Time: 455.44, 
            Production Events: 0, 
            Suppression Events: 1
Time: 456.2, 
            Production Events: 0, 
            Suppression Events: 2
Time: 457.95, 
            Production Events: 0, 
            Suppression Events: 2
Time: 458.6, 
            Production Events: 0, 
            Suppression Events: 1
Time: 460.03, 
            Production Events: 0, 
            Suppression Events: 3
Time: 460.03, 
            Production Events: 0, 
            Suppression Events: 0
Time: 464.53, 
            Production Events: 0, 
            Suppression Events: 3
Time: 464.53, 
            Production Events: 0, 
            Suppression Events: 0
Time: 464.53, 
            Production Events: 0, 
            Suppression Events: 0
Time: 464.53, 
            Production Events: 0, 
            Suppression Events: 0
Time: 466.7, 
            Production Events: 0, 
            Suppression Events: 1
Time: 466.7, 
            Production Events: 0, 
            Suppression Events: 0
Time: 469.01, 
            Production Events: 0, 
            Suppression Events: 1
Time: 469.01, 
            Production Events: 0, 
            Suppression Events: 0
Time: 469.01, 
            Production Events: 0, 
            Suppression Events: 0
Time: 472.53, 
            Production Events: 1, 
            Suppression Events: 1
Time: 472.53, 
            Production Events: 0, 
            Suppression Events: 0
Time: 472.53, 
            Production Events: 0, 
            Suppression Events: 0
Time: 473.11, 
            Production Events: 0, 
            Suppression Events: 1
Time: 474.41, 
            Production Events: 0, 
            Suppression Events: 2
Time: 475.33, 
            Production Events: 0, 
            Suppression Events: 1
Time: 476.57, 
            Production Events: 0, 
            Suppression Events: 1
Time: 477.08, 
            Production Events: 0, 
            Suppression Events: 1
Time: 478.39, 
            Production Events: 1, 
            Suppression Events: 2
Time: 479.44, 
            Production Events: 0, 
            Suppression Events: 2
Time: 483.7, 
            Production Events: 0, 
            Suppression Events: 1
Time: 483.7, 
            Production Events: 0, 
            Suppression Events: 0
Time: 483.7, 
            Production Events: 0, 
            Suppression Events: 0
Time: 483.7, 
            Production Events: 0, 
            Suppression Events: 0
Time: 485.22, 
            Production Events: 0, 
            Suppression Events: 1
Time: 485.22, 
            Production Events: 0, 
            Suppression Events: 0
Time: 488.52, 
            Production Events: 0, 
            Suppression Events: 1
Time: 488.52, 
            Production Events: 0, 
            Suppression Events: 0
Time: 488.52, 
            Production Events: 0, 
            Suppression Events: 0
Time: 489.49, 
            Production Events: 0, 
            Suppression Events: 1
Time: 490.18, 
            Production Events: 0, 
            Suppression Events: 1
Time: 491.26, 
            Production Events: 0, 
            Suppression Events: 2
Time: 495.01, 
            Production Events: 0, 
            Suppression Events: 1
Time: 495.01, 
            Production Events: 0, 
            Suppression Events: 0
Time: 495.01, 
            Production Events: 0, 
            Suppression Events: 0
Time: 495.01, 
            Production Events: 0, 
            Suppression Events: 0
Time: 497.38, 
            Production Events: 0, 
            Suppression Events: 1
Time: 497.38, 
            Production Events: 0, 
            Suppression Events: 0
Time: 498.27, 
            Production Events: 0, 
            Suppression Events: 3
Time: 499.41, 
            Production Events: 1, 
            Suppression Events: 1
Time: 500.18, 
            Production Events: 0, 
            Suppression Events: 2
Time: 501.72, 
            Production Events: 0, 
            Suppression Events: 1
Time: 504.2, 
            Production Events: 0, 
            Suppression Events: 2
Time: 504.2, 
            Production Events: 0, 
            Suppression Events: 0
Time: 504.2, 
            Production Events: 0, 
            Suppression Events: 0
Time: 505.2, 
            Production Events: 0, 
            Suppression Events: 2
Time: 507.16, 
            Production Events: 0, 
            Suppression Events: 3
Time: 507.16, 
            Production Events: 0, 
            Suppression Events: 0
Time: 508.64, 
            Production Events: 0, 
            Suppression Events: 2
Time: 509.29, 
            Production Events: 0, 
            Suppression Events: 1
Time: 510.04, 
            Production Events: 0, 
            Suppression Events: 1
Time: 512.25, 
            Production Events: 0, 
            Suppression Events: 1
Time: 512.25, 
            Production Events: 0, 
            Suppression Events: 0
Time: 514.64, 
            Production Events: 0, 
            Suppression Events: 2
Time: 514.64, 
            Production Events: 0, 
            Suppression Events: 0
Time: 516.42, 
            Production Events: 0, 
            Suppression Events: 3
Time: 516.42, 
            Production Events: 0, 
            Suppression Events: 0
Time: 517.75, 
            Production Events: 0, 
            Suppression Events: 1
Time: 520.28, 
            Production Events: 0, 
            Suppression Events: 1
Time: 520.28, 
            Production Events: 0, 
            Suppression Events: 0
Time: 520.28, 
            Production Events: 0, 
            Suppression Events: 0
Time: 521.05, 
            Production Events: 0, 
            Suppression Events: 1
Time: 522.46, 
            Production Events: 1, 
            Suppression Events: 2
Time: 523.3, 
            Production Events: 0, 
            Suppression Events: 1
Time: 527.15, 
            Production Events: 0, 
            Suppression Events: 2
Time: 527.15, 
            Production Events: 0, 
            Suppression Events: 0
Time: 527.15, 
            Production Events: 0, 
            Suppression Events: 0
Time: 527.15, 
            Production Events: 0, 
            Suppression Events: 0
Time: 528.06, 
            Production Events: 0, 
            Suppression Events: 1
Time: 530.3, 
            Production Events: 0, 
            Suppression Events: 2
Time: 530.3, 
            Production Events: 0, 
            Suppression Events: 0
Time: 531.42, 
            Production Events: 0, 
            Suppression Events: 1
Time: 532.34, 
            Production Events: 0, 
            Suppression Events: 1
Time: 533.28, 
            Production Events: 0, 
            Suppression Events: 1
Time: 534.71, 
            Production Events: 0, 
            Suppression Events: 1
Time: 535.47, 
            Production Events: 0, 
            Suppression Events: 1
Time: 536.07, 
            Production Events: 0, 
            Suppression Events: 2
Time: 537.74, 
            Production Events: 0, 
            Suppression Events: 1
Time: 540.16, 
            Production Events: 0, 
            Suppression Events: 1
Time: 540.16, 
            Production Events: 0, 
            Suppression Events: 0
Time: 540.16, 
            Production Events: 0, 
            Suppression Events: 0
Time: 541.67, 
            Production Events: 0, 
            Suppression Events: 3
Time: 542.08, 
            Production Events: 0, 
            Suppression Events: 1
Time: 544.24, 
            Production Events: 0, 
            Suppression Events: 2
Time: 544.24, 
            Production Events: 0, 
            Suppression Events: 0
Time: 546.29, 
            Production Events: 0, 
            Suppression Events: 2
Time: 546.29, 
            Production Events: 0, 
            Suppression Events: 0
Time: 547.28, 
            Production Events: 0, 
            Suppression Events: 2
Time: 548.7, 
            Production Events: 0, 
            Suppression Events: 1
Time: 549.82, 
            Production Events: 0, 
            Suppression Events: 2
Time: 550.23, 
            Production Events: 0, 
            Suppression Events: 1
Time: 551.29, 
            Production Events: 0, 
            Suppression Events: 2
Time: 554.21, 
            Production Events: 0, 
            Suppression Events: 2
Time: 554.21, 
            Production Events: 0, 
            Suppression Events: 0
Time: 554.21, 
            Production Events: 0, 
            Suppression Events: 0
Time: 555.83, 
            Production Events: 0, 
            Suppression Events: 2
Time: 556.63, 
            Production Events: 0, 
            Suppression Events: 1
Time: 558.42, 
            Production Events: 0, 
            Suppression Events: 1
Time: 558.42, 
            Production Events: 0, 
            Suppression Events: 0
Time: 559.07, 
            Production Events: 0, 
            Suppression Events: 1
Time: 560.85, 
            Production Events: 0, 
            Suppression Events: 1
Time: 561.18, 
            Production Events: 0, 
            Suppression Events: 1
Time: 562.44, 
            Production Events: 0, 
            Suppression Events: 2
Time: 563.29, 
            Production Events: 0, 
            Suppression Events: 1
Time: 564.97, 
            Production Events: 0, 
            Suppression Events: 1
Time: 565.46, 
            Production Events: 0, 
            Suppression Events: 1
Time: 567.52, 
            Production Events: 0, 
            Suppression Events: 1
Time: 567.52, 
            Production Events: 0, 
            Suppression Events: 0
Time: 568.79, 
            Production Events: 0, 
            Suppression Events: 1
Time: 572.53, 
            Production Events: 0, 
            Suppression Events: 1
Time: 572.53, 
            Production Events: 0, 
            Suppression Events: 0
Time: 572.53, 
            Production Events: 0, 
            Suppression Events: 0
Time: 572.53, 
            Production Events: 0, 
            Suppression Events: 0
Time: 575.72, 
            Production Events: 0, 
            Suppression Events: 2
Time: 575.72, 
            Production Events: 0, 
            Suppression Events: 0
Time: 575.72, 
            Production Events: 0, 
            Suppression Events: 0
Time: 577.98, 
            Production Events: 0, 
            Suppression Events: 2
Time: 577.98, 
            Production Events: 0, 
            Suppression Events: 0
Time: 578.26, 
            Production Events: 0, 
            Suppression Events: 1
Time: 581.69, 
            Production Events: 0, 
            Suppression Events: 1
Time: 581.69, 
            Production Events: 0, 
            Suppression Events: 0
Time: 581.69, 
            Production Events: 0, 
            Suppression Events: 0
Time: 583.58, 
            Production Events: 0, 
            Suppression Events: 2
Time: 583.58, 
            Production Events: 0, 
            Suppression Events: 0
Time: 584.1, 
            Production Events: 0, 
            Suppression Events: 1
Time: 586.74, 
            Production Events: 0, 
            Suppression Events: 1
Time: 586.74, 
            Production Events: 0, 
            Suppression Events: 0
Time: 588.19, 
            Production Events: 0, 
            Suppression Events: 1
Time: 588.19, 
            Production Events: 0, 
            Suppression Events: 0
Time: 589.43, 
            Production Events: 0, 
            Suppression Events: 1
Time: 590.82, 
            Production Events: 0, 
            Suppression Events: 1
Time: 592.69, 
            Production Events: 0, 
            Suppression Events: 1
Time: 592.69, 
            Production Events: 0, 
            Suppression Events: 0
Time: 595.36, 
            Production Events: 0, 
            Suppression Events: 1
Time: 595.36, 
            Production Events: 0, 
            Suppression Events: 0
Time: 595.36, 
            Production Events: 0, 
            Suppression Events: 0
Time: 596.35, 
            Production Events: 0, 
            Suppression Events: 2
Time: 597.05, 
            Production Events: 0, 
            Suppression Events: 1
Time: 598.31, 
            Production Events: 0, 
            Suppression Events: 1
Time: 601.27, 
            Production Events: 0, 
            Suppression Events: 1
Time: 601.27, 
            Production Events: 0, 
            Suppression Events: 0
Time: 601.27, 
            Production Events: 0, 
            Suppression Events: 0
Time: 602.78, 
            Production Events: 0, 
            Suppression Events: 1
Time: 604.34, 
            Production Events: 0, 
            Suppression Events: 1
Time: 604.34, 
            Production Events: 0, 
            Suppression Events: 0
Time: 605.08, 
            Production Events: 0, 
            Suppression Events: 3
Time: 606.06, 
            Production Events: 0, 
            Suppression Events: 2
Time: 607.72, 
            Production Events: 0, 
            Suppression Events: 3
Time: 612.57, 
            Production Events: 0, 
            Suppression Events: 1
Time: 612.57, 
            Production Events: 0, 
            Suppression Events: 0
Time: 612.57, 
            Production Events: 0, 
            Suppression Events: 0
Time: 612.57, 
            Production Events: 0, 
            Suppression Events: 0
Time: 612.57, 
            Production Events: 0, 
            Suppression Events: 0
Time: 614.48, 
            Production Events: 0, 
            Suppression Events: 2
Time: 614.48, 
            Production Events: 0, 
            Suppression Events: 0
Time: 615.61, 
            Production Events: 0, 
            Suppression Events: 1
Time: 616.95, 
            Production Events: 0, 
            Suppression Events: 1
Time: 617.42, 
            Production Events: 0, 
            Suppression Events: 1
Time: 618.66, 
            Production Events: 0, 
            Suppression Events: 1
Time: 619.18, 
            Production Events: 0, 
            Suppression Events: 1
Time: 620.38, 
            Production Events: 1, 
            Suppression Events: 1
Time: 621.11, 
            Production Events: 0, 
            Suppression Events: 1
Time: 622.41, 
            Production Events: 0, 
            Suppression Events: 1
Time: 624.24, 
            Production Events: 0, 
            Suppression Events: 1
Time: 624.24, 
            Production Events: 0, 
            Suppression Events: 0
Time: 626.11, 
            Production Events: 0, 
            Suppression Events: 2
Time: 626.11, 
            Production Events: 0, 
            Suppression Events: 0
Time: 627.25, 
            Production Events: 0, 
            Suppression Events: 2
Time: 628.09, 
            Production Events: 0, 
            Suppression Events: 2
Time: 630.65, 
            Production Events: 0, 
            Suppression Events: 4
Time: 630.65, 
            Production Events: 0, 
            Suppression Events: 0
Time: 631.21, 
            Production Events: 0, 
            Suppression Events: 1
Time: 632.9, 
            Production Events: 1, 
            Suppression Events: 1
Time: 634.02, 
            Production Events: 0, 
            Suppression Events: 1
Time: 634.02, 
            Production Events: 0, 
            Suppression Events: 0
Time: 635.08, 
            Production Events: 0, 
            Suppression Events: 2
Time: 637.07, 
            Production Events: 1, 
            Suppression Events: 1
Time: 637.07, 
            Production Events: 0, 
            Suppression Events: 0
Time: 638.59, 
            Production Events: 0, 
            Suppression Events: 1
Time: 640.32, 
            Production Events: 0, 
            Suppression Events: 1
Time: 640.32, 
            Production Events: 0, 
            Suppression Events: 0
Time: 641.25, 
            Production Events: 0, 
            Suppression Events: 1
Time: 642.43, 
            Production Events: 0, 
            Suppression Events: 1
Time: 643.21, 
            Production Events: 0, 
            Suppression Events: 1
Time: 644.29, 
            Production Events: 0, 
            Suppression Events: 1
Time: 645.45, 
            Production Events: 0, 
            Suppression Events: 1
Time: 647.86, 
            Production Events: 0, 
            Suppression Events: 1
Time: 647.86, 
            Production Events: 0, 
            Suppression Events: 0
Time: 648.29, 
            Production Events: 0, 
            Suppression Events: 1
Time: 653.24, 
            Production Events: 0, 
            Suppression Events: 1
Time: 653.24, 
            Production Events: 0, 
            Suppression Events: 0
Time: 653.24, 
            Production Events: 0, 
            Suppression Events: 0
Time: 653.24, 
            Production Events: 0, 
            Suppression Events: 0
Time: 653.24, 
            Production Events: 0, 
            Suppression Events: 0
Time: 654.33, 
            Production Events: 0, 
            Suppression Events: 1
Time: 657.45, 
            Production Events: 0, 
            Suppression Events: 2
Time: 657.45, 
            Production Events: 0, 
            Suppression Events: 0
Time: 657.45, 
            Production Events: 0, 
            Suppression Events: 0
Time: 658.22, 
            Production Events: 1, 
            Suppression Events: 0
Time: 661.25, 
            Production Events: 0, 
            Suppression Events: 3
Time: 661.25, 
            Production Events: 0, 
            Suppression Events: 0
Time: 661.25, 
            Production Events: 0, 
            Suppression Events: 0
Time: 662.15, 
            Production Events: 0, 
            Suppression Events: 1
Time: 664.51, 
            Production Events: 0, 
            Suppression Events: 3
Time: 664.51, 
            Production Events: 0, 
            Suppression Events: 0
Time: 665.29, 
            Production Events: 0, 
            Suppression Events: 2
Time: 666.31, 
            Production Events: 0, 
            Suppression Events: 1
Time: 667.94, 
            Production Events: 1, 
            Suppression Events: 1
Time: 668.08, 
            Production Events: 0, 
            Suppression Events: 1
Time: 669.43, 
            Production Events: 0, 
            Suppression Events: 1
Time: 671.1, 
            Production Events: 0, 
            Suppression Events: 2
Time: 671.1, 
            Production Events: 0, 
            Suppression Events: 0
Time: 672.09, 
            Production Events: 0, 
            Suppression Events: 2
Time: 673.21, 
            Production Events: 0, 
            Suppression Events: 2
Time: 674.06, 
            Production Events: 1, 
            Suppression Events: 0
Time: 675.17, 
            Production Events: 0, 
            Suppression Events: 1
Time: 676.33, 
            Production Events: 0, 
            Suppression Events: 1
Time: 679.0, 
            Production Events: 0, 
            Suppression Events: 2
Time: 679.0, 
            Production Events: 0, 
            Suppression Events: 0
Time: 679.06, 
            Production Events: 0, 
            Suppression Events: 1
Time: 680.48, 
            Production Events: 0, 
            Suppression Events: 2
Time: 681.35, 
            Production Events: 0, 
            Suppression Events: 1
Time: 682.69, 
            Production Events: 0, 
            Suppression Events: 1
Time: 683.08, 
            Production Events: 0, 
            Suppression Events: 2
Time: 684.15, 
            Production Events: 0, 
            Suppression Events: 1
Time: 686.0, 
            Production Events: 1, 
            Suppression Events: 1
Time: 686.0, 
            Production Events: 0, 
            Suppression Events: 0
Time: 687.19, 
            Production Events: 0, 
            Suppression Events: 2
Time: 688.56, 
            Production Events: 0, 
            Suppression Events: 3
Time: 689.26, 
            Production Events: 0, 
            Suppression Events: 1
Time: 690.32, 
            Production Events: 0, 
            Suppression Events: 1
Time: 692.29, 
            Production Events: 0, 
            Suppression Events: 1
Time: 692.29, 
            Production Events: 0, 
            Suppression Events: 0
Time: 693.87, 
            Production Events: 0, 
            Suppression Events: 1
Time: 694.48, 
            Production Events: 0, 
            Suppression Events: 2
Time: 695.4, 
            Production Events: 0, 
            Suppression Events: 1
Time: 697.68, 
            Production Events: 0, 
            Suppression Events: 3
Time: 697.68, 
            Production Events: 0, 
            Suppression Events: 0
Time: 699.49, 
            Production Events: 0, 
            Suppression Events: 2
Time: 699.49, 
            Production Events: 0, 
            Suppression Events: 0
Time: 701.85, 
            Production Events: 0, 
            Suppression Events: 1
Time: 701.85, 
            Production Events: 0, 
            Suppression Events: 0
Time: 702.18, 
            Production Events: 0, 
            Suppression Events: 1
Time: 705.65, 
            Production Events: 0, 
            Suppression Events: 1
Time: 705.65, 
            Production Events: 0, 
            Suppression Events: 0
Time: 705.65, 
            Production Events: 0, 
            Suppression Events: 0
Time: 706.57, 
            Production Events: 0, 
            Suppression Events: 1
Time: 708.59, 
            Production Events: 0, 
            Suppression Events: 2
Time: 708.59, 
            Production Events: 0, 
            Suppression Events: 0
Time: 710.97, 
            Production Events: 0, 
            Suppression Events: 1
Time: 710.97, 
            Production Events: 0, 
            Suppression Events: 0
Time: 711.82, 
            Production Events: 0, 
            Suppression Events: 1
Time: 712.32, 
            Production Events: 0, 
            Suppression Events: 1
Time: 713.51, 
            Production Events: 0, 
            Suppression Events: 1
Time: 716.21, 
            Production Events: 0, 
            Suppression Events: 1
Time: 716.21, 
            Production Events: 0, 
            Suppression Events: 0
Time: 716.21, 
            Production Events: 0, 
            Suppression Events: 0
Time: 717.14, 
            Production Events: 0, 
            Suppression Events: 3
Time: 718.45, 
            Production Events: 1, 
            Suppression Events: 2
Time: 719.45, 
            Production Events: 0, 
            Suppression Events: 1
Time: 720.31, 
            Production Events: 0, 
            Suppression Events: 1
Time: 721.41, 
            Production Events: 0, 
            Suppression Events: 1
Time: 722.89, 
            Production Events: 1, 
            Suppression Events: 1
Time: 724.08, 
            Production Events: 0, 
            Suppression Events: 1
Time: 724.08, 
            Production Events: 0, 
            Suppression Events: 0
Time: 725.55, 
            Production Events: 0, 
            Suppression Events: 1
Time: 726.0, 
            Production Events: 0, 
            Suppression Events: 1
Time: 728.32, 
            Production Events: 0, 
            Suppression Events: 1
Time: 728.32, 
            Production Events: 0, 
            Suppression Events: 0
Time: 729.88, 
            Production Events: 0, 
            Suppression Events: 2
Time: 730.16, 
            Production Events: 0, 
            Suppression Events: 1
Time: 731.81, 
            Production Events: 1, 
            Suppression Events: 0
Time: 732.58, 
            Production Events: 0, 
            Suppression Events: 1
Time: 734.14, 
            Production Events: 0, 
            Suppression Events: 1
Time: 734.14, 
            Production Events: 0, 
            Suppression Events: 0
Time: 735.41, 
            Production Events: 0, 
            Suppression Events: 2
Time: 736.02, 
            Production Events: 0, 
            Suppression Events: 3
Time: 738.21, 
            Production Events: 1, 
            Suppression Events: 0
Time: 738.21, 
            Production Events: 0, 
            Suppression Events: 0
Time: 740.29, 
            Production Events: 0, 
            Suppression Events: 1
Time: 740.29, 
            Production Events: 0, 
            Suppression Events: 0
Time: 741.14, 
            Production Events: 1, 
            Suppression Events: 1
Time: 745.19, 
            Production Events: 0, 
            Suppression Events: 2
Time: 745.19, 
            Production Events: 0, 
            Suppression Events: 0
Time: 745.19, 
            Production Events: 0, 
            Suppression Events: 0
Time: 745.19, 
            Production Events: 0, 
            Suppression Events: 0
Time: 746.15, 
            Production Events: 0, 
            Suppression Events: 1
Time: 747.89, 
            Production Events: 0, 
            Suppression Events: 2
Time: 749.02, 
            Production Events: 0, 
            Suppression Events: 1
Time: 749.02, 
            Production Events: 0, 
            Suppression Events: 0
Time: 750.24, 
            Production Events: 0, 
            Suppression Events: 3
Time: 751.68, 
            Production Events: 0, 
            Suppression Events: 1
Time: 753.58, 
            Production Events: 0, 
            Suppression Events: 2
Time: 753.58, 
            Production Events: 0, 
            Suppression Events: 0
Time: 754.32, 
            Production Events: 0, 
            Suppression Events: 3
Time: 755.47, 
            Production Events: 0, 
            Suppression Events: 2
Time: 756.62, 
            Production Events: 0, 
            Suppression Events: 2
Time: 759.7, 
            Production Events: 0, 
            Suppression Events: 1
Time: 759.7, 
            Production Events: 0, 
            Suppression Events: 0
Time: 759.7, 
            Production Events: 0, 
            Suppression Events: 0
Time: 760.44, 
            Production Events: 0, 
            Suppression Events: 1
Time: 761.71, 
            Production Events: 0, 
            Suppression Events: 1
Time: 762.05, 
            Production Events: 0, 
            Suppression Events: 1
Time: 763.12, 
            Production Events: 0, 
            Suppression Events: 2
Time: 764.57, 
            Production Events: 0, 
            Suppression Events: 3
Time: 766.56, 
            Production Events: 0, 
            Suppression Events: 1
Time: 766.56, 
            Production Events: 0, 
            Suppression Events: 0
Time: 767.24, 
            Production Events: 0, 
            Suppression Events: 3
Time: 768.34, 
            Production Events: 0, 
            Suppression Events: 2
Time: 769.06, 
            Production Events: 0, 
            Suppression Events: 2
Time: 770.39, 
            Production Events: 0, 
            Suppression Events: 2
Time: 773.23, 
            Production Events: 0, 
            Suppression Events: 1
Time: 773.23, 
            Production Events: 0, 
            Suppression Events: 0
Time: 773.23, 
            Production Events: 0, 
            Suppression Events: 0
Time: 774.05, 
            Production Events: 0, 
            Suppression Events: 2
Time: 775.94, 
            Production Events: 0, 
            Suppression Events: 2
Time: 776.16, 
            Production Events: 0, 
            Suppression Events: 1
Time: 781.21, 
            Production Events: 0, 
            Suppression Events: 1
Time: 781.21, 
            Production Events: 0, 
            Suppression Events: 0
Time: 781.21, 
            Production Events: 0, 
            Suppression Events: 0
Time: 781.21, 
            Production Events: 0, 
            Suppression Events: 0
Time: 781.21, 
            Production Events: 0, 
            Suppression Events: 0
Time: 782.82, 
            Production Events: 1, 
            Suppression Events: 1
Time: 783.69, 
            Production Events: 0, 
            Suppression Events: 2
Time: 784.4, 
            Production Events: 0, 
            Suppression Events: 2
Time: 785.92, 
            Production Events: 0, 
            Suppression Events: 2
Time: 786.87, 
            Production Events: 0, 
            Suppression Events: 1
Time: 787.77, 
            Production Events: 0, 
            Suppression Events: 2
Time: 790.21, 
            Production Events: 0, 
            Suppression Events: 1
Time: 790.21, 
            Production Events: 0, 
            Suppression Events: 0
Time: 790.21, 
            Production Events: 0, 
            Suppression Events: 0
Time: 792.74, 
            Production Events: 0, 
            Suppression Events: 3
Time: 792.74, 
            Production Events: 0, 
            Suppression Events: 0
Time: 794.51, 
            Production Events: 0, 
            Suppression Events: 1
Time: 794.51, 
            Production Events: 0, 
            Suppression Events: 0
Time: 795.89, 
            Production Events: 0, 
            Suppression Events: 2
Time: 797.58, 
            Production Events: 0, 
            Suppression Events: 1
Time: 797.58, 
            Production Events: 0, 
            Suppression Events: 0
Time: 804.57, 
            Production Events: 0, 
            Suppression Events: 2
Time: 804.57, 
            Production Events: 0, 
            Suppression Events: 0
Time: 804.57, 
            Production Events: 0, 
            Suppression Events: 0
Time: 804.57, 
            Production Events: 0, 
            Suppression Events: 0
Time: 804.57, 
            Production Events: 0, 
            Suppression Events: 0
Time: 804.57, 
            Production Events: 0, 
            Suppression Events: 0
Time: 804.57, 
            Production Events: 0, 
            Suppression Events: 0
Time: 805.37, 
            Production Events: 0, 
            Suppression Events: 1
Time: 806.16, 
            Production Events: 1, 
            Suppression Events: 3
Time: 807.02, 
            Production Events: 0, 
            Suppression Events: 3
Time: 808.39, 
            Production Events: 1, 
            Suppression Events: 3
Time: 811.94, 
            Production Events: 0, 
            Suppression Events: 1
Time: 811.94, 
            Production Events: 0, 
            Suppression Events: 0
Time: 811.94, 
            Production Events: 0, 
            Suppression Events: 0
Time: 812.47, 
            Production Events: 1, 
            Suppression Events: 0
Time: 815.27, 
            Production Events: 0, 
            Suppression Events: 3
Time: 815.27, 
            Production Events: 0, 
            Suppression Events: 0
Time: 815.27, 
            Production Events: 0, 
            Suppression Events: 0
Time: 816.06, 
            Production Events: 0, 
            Suppression Events: 3
Time: 821.42, 
            Production Events: 0, 
            Suppression Events: 1
Time: 821.42, 
            Production Events: 0, 
            Suppression Events: 0
Time: 821.42, 
            Production Events: 0, 
            Suppression Events: 0
Time: 821.42, 
            Production Events: 0, 
            Suppression Events: 0
Time: 821.42, 
            Production Events: 0, 
            Suppression Events: 0
Time: 823.55, 
            Production Events: 0, 
            Suppression Events: 1
Time: 823.55, 
            Production Events: 0, 
            Suppression Events: 0
Time: 824.66, 
            Production Events: 0, 
            Suppression Events: 1
Time: 825.24, 
            Production Events: 0, 
            Suppression Events: 1
Time: 827.24, 
            Production Events: 0, 
            Suppression Events: 4
Time: 827.24, 
            Production Events: 0, 
            Suppression Events: 0
Time: 829.31, 
            Production Events: 0, 
            Suppression Events: 1
Time: 829.31, 
            Production Events: 0, 
            Suppression Events: 0
Time: 830.26, 
            Production Events: 0, 
            Suppression Events: 3
Time: 831.75, 
            Production Events: 0, 
            Suppression Events: 1
Time: 832.42, 
            Production Events: 0, 
            Suppression Events: 1
Time: 833.85, 
            Production Events: 0, 
            Suppression Events: 1
Time: 834.75, 
            Production Events: 1, 
            Suppression Events: 0
Time: 836.03, 
            Production Events: 0, 
            Suppression Events: 1
Time: 836.03, 
            Production Events: 0, 
            Suppression Events: 0
Time: 839.16, 
            Production Events: 0, 
            Suppression Events: 3
Time: 839.16, 
            Production Events: 0, 
            Suppression Events: 0
Time: 839.16, 
            Production Events: 0, 
            Suppression Events: 0
Time: 840.23, 
            Production Events: 0, 
            Suppression Events: 1
Time: 841.63, 
            Production Events: 0, 
            Suppression Events: 1
Time: 844.93, 
            Production Events: 0, 
            Suppression Events: 1
Time: 844.93, 
            Production Events: 0, 
            Suppression Events: 0
Time: 844.93, 
            Production Events: 0, 
            Suppression Events: 0
Time: 846.35, 
            Production Events: 0, 
            Suppression Events: 1
Time: 846.35, 
            Production Events: 0, 
            Suppression Events: 0
Time: 848.02, 
            Production Events: 0, 
            Suppression Events: 1
Time: 848.02, 
            Production Events: 0, 
            Suppression Events: 0
Time: 849.1, 
            Production Events: 0, 
            Suppression Events: 1
Time: 851.67, 
            Production Events: 0, 
            Suppression Events: 3
Time: 851.67, 
            Production Events: 0, 
            Suppression Events: 0
Time: 852.19, 
            Production Events: 0, 
            Suppression Events: 1
Time: 855.34, 
            Production Events: 0, 
            Suppression Events: 1
Time: 855.34, 
            Production Events: 0, 
            Suppression Events: 0
Time: 855.34, 
            Production Events: 0, 
            Suppression Events: 0
Time: 856.45, 
            Production Events: 0, 
            Suppression Events: 1
Time: 858.28, 
            Production Events: 0, 
            Suppression Events: 2
Time: 858.28, 
            Production Events: 0, 
            Suppression Events: 0
Time: 861.44, 
            Production Events: 0, 
            Suppression Events: 1
Time: 861.44, 
            Production Events: 0, 
            Suppression Events: 0
Time: 861.44, 
            Production Events: 0, 
            Suppression Events: 0
Time: 862.04, 
            Production Events: 0, 
            Suppression Events: 2
Time: 865.62, 
            Production Events: 0, 
            Suppression Events: 2
Time: 865.62, 
            Production Events: 0, 
            Suppression Events: 0
Time: 865.62, 
            Production Events: 0, 
            Suppression Events: 0
Time: 868.54, 
            Production Events: 0, 
            Suppression Events: 1
Time: 868.54, 
            Production Events: 0, 
            Suppression Events: 0
Time: 868.54, 
            Production Events: 0, 
            Suppression Events: 0
Time: 869.2, 
            Production Events: 1, 
            Suppression Events: 0
Time: 871.17, 
            Production Events: 0, 
            Suppression Events: 1
Time: 871.17, 
            Production Events: 0, 
            Suppression Events: 0
Time: 873.31, 
            Production Events: 0, 
            Suppression Events: 2
Time: 873.31, 
            Production Events: 0, 
            Suppression Events: 0
Time: 875.27, 
            Production Events: 0, 
            Suppression Events: 1
Time: 875.27, 
            Production Events: 0, 
            Suppression Events: 0
Time: 876.73, 
            Production Events: 0, 
            Suppression Events: 2
Time: 878.61, 
            Production Events: 0, 
            Suppression Events: 1
Time: 878.61, 
            Production Events: 0, 
            Suppression Events: 0
Time: 879.44, 
            Production Events: 0, 
            Suppression Events: 2
Time: 880.92, 
            Production Events: 0, 
            Suppression Events: 2
Time: 882.31, 
            Production Events: 0, 
            Suppression Events: 1
Time: 882.31, 
            Production Events: 0, 
            Suppression Events: 0
Time: 887.12, 
            Production Events: 0, 
            Suppression Events: 2
Time: 887.12, 
            Production Events: 0, 
            Suppression Events: 0
Time: 887.12, 
            Production Events: 0, 
            Suppression Events: 0
Time: 887.12, 
            Production Events: 0, 
            Suppression Events: 0
Time: 887.12, 
            Production Events: 0, 
            Suppression Events: 0
Time: 888.31, 
            Production Events: 0, 
            Suppression Events: 1
Time: 890.1, 
            Production Events: 0, 
            Suppression Events: 2
Time: 890.1, 
            Production Events: 0, 
            Suppression Events: 0
Time: 891.61, 
            Production Events: 0, 
            Suppression Events: 2
Time: 892.98, 
            Production Events: 0, 
            Suppression Events: 1
Time: 893.65, 
            Production Events: 0, 
            Suppression Events: 1
Time: 894.73, 
            Production Events: 0, 
            Suppression Events: 3
Time: 896.68, 
            Production Events: 0, 
            Suppression Events: 1
Time: 896.68, 
            Production Events: 0, 
            Suppression Events: 0
Time: 898.74, 
            Production Events: 0, 
            Suppression Events: 2
Time: 898.74, 
            Production Events: 0, 
            Suppression Events: 0
Time: 900.35, 
            Production Events: 0, 
            Suppression Events: 1
Time: 900.35, 
            Production Events: 0, 
            Suppression Events: 0
Time: 901.58, 
            Production Events: 0, 
            Suppression Events: 2
Time: 902.07, 
            Production Events: 0, 
            Suppression Events: 1
Time: 903.27, 
            Production Events: 0, 
            Suppression Events: 2
Time: 905.19, 
            Production Events: 0, 
            Suppression Events: 1
Time: 905.19, 
            Production Events: 0, 
            Suppression Events: 0
Time: 907.93, 
            Production Events: 0, 
            Suppression Events: 1
Time: 907.93, 
            Production Events: 0, 
            Suppression Events: 0
Time: 908.27, 
            Production Events: 0, 
            Suppression Events: 1
Time: 909.16, 
            Production Events: 0, 
            Suppression Events: 1
Time: 911.07, 
            Production Events: 0, 
            Suppression Events: 1
Time: 911.07, 
            Production Events: 0, 
            Suppression Events: 0
Time: 912.29, 
            Production Events: 0, 
            Suppression Events: 3
Time: 914.42, 
            Production Events: 0, 
            Suppression Events: 1
Time: 914.42, 
            Production Events: 0, 
            Suppression Events: 0
Time: 915.3, 
            Production Events: 0, 
            Suppression Events: 2
Time: 918.0, 
            Production Events: 0, 
            Suppression Events: 3
Time: 918.0, 
            Production Events: 0, 
            Suppression Events: 0
Time: 918.82, 
            Production Events: 0, 
            Suppression Events: 1
Time: 920.39, 
            Production Events: 0, 
            Suppression Events: 1
Time: 920.39, 
            Production Events: 0, 
            Suppression Events: 0
Time: 921.48, 
            Production Events: 0, 
            Suppression Events: 1
Time: 922.15, 
            Production Events: 0, 
            Suppression Events: 1
Time: 923.55, 
            Production Events: 0, 
            Suppression Events: 3
Time: 924.32, 
            Production Events: 0, 
            Suppression Events: 1
Time: 925.05, 
            Production Events: 0, 
            Suppression Events: 1
Time: 928.22, 
            Production Events: 0, 
            Suppression Events: 1
Time: 928.22, 
            Production Events: 0, 
            Suppression Events: 0
Time: 928.22, 
            Production Events: 0, 
            Suppression Events: 0
Time: 929.09, 
            Production Events: 0, 
            Suppression Events: 1
Time: 932.16, 
            Production Events: 0, 
            Suppression Events: 3
Time: 932.16, 
            Production Events: 0, 
            Suppression Events: 0
Time: 932.16, 
            Production Events: 0, 
            Suppression Events: 0
Time: 933.4, 
            Production Events: 0, 
            Suppression Events: 1
Time: 935.3, 
            Production Events: 0, 
            Suppression Events: 1
Time: 935.3, 
            Production Events: 0, 
            Suppression Events: 0
Time: 936.05, 
            Production Events: 0, 
            Suppression Events: 1
Time: 940.44, 
            Production Events: 0, 
            Suppression Events: 2
Time: 940.44, 
            Production Events: 0, 
            Suppression Events: 0
Time: 940.44, 
            Production Events: 0, 
            Suppression Events: 0
Time: 940.44, 
            Production Events: 0, 
            Suppression Events: 0
Time: 944.22, 
            Production Events: 0, 
            Suppression Events: 1
Time: 944.22, 
            Production Events: 0, 
            Suppression Events: 0
Time: 944.22, 
            Production Events: 0, 
            Suppression Events: 0
Time: 944.22, 
            Production Events: 0, 
            Suppression Events: 0
Time: 945.1, 
            Production Events: 0, 
            Suppression Events: 2
Time: 946.11, 
            Production Events: 0, 
            Suppression Events: 3
Time: 947.12, 
            Production Events: 0, 
            Suppression Events: 2
Time: 951.73, 
            Production Events: 0, 
            Suppression Events: 1
Time: 951.73, 
            Production Events: 0, 
            Suppression Events: 0
Time: 951.73, 
            Production Events: 0, 
            Suppression Events: 0
Time: 951.73, 
            Production Events: 0, 
            Suppression Events: 0
Time: 952.04, 
            Production Events: 0, 
            Suppression Events: 1
Time: 953.4, 
            Production Events: 0, 
            Suppression Events: 1
Time: 954.13, 
            Production Events: 0, 
            Suppression Events: 1
Time: 956.99, 
            Production Events: 0, 
            Suppression Events: 1
Time: 956.99, 
            Production Events: 0, 
            Suppression Events: 0
Time: 957.03, 
            Production Events: 0, 
            Suppression Events: 1
Time: 958.03, 
            Production Events: 0, 
            Suppression Events: 3
Time: 959.14, 
            Production Events: 0, 
            Suppression Events: 3
Time: 961.12, 
            Production Events: 0, 
            Suppression Events: 1
Time: 961.12, 
            Production Events: 0, 
            Suppression Events: 0
Time: 962.23, 
            Production Events: 1, 
            Suppression Events: 4
Time: 963.12, 
            Production Events: 0, 
            Suppression Events: 2
Time: 966.48, 
            Production Events: 0, 
            Suppression Events: 1
Time: 966.48, 
            Production Events: 0, 
            Suppression Events: 0
Time: 966.48, 
            Production Events: 0, 
            Suppression Events: 0
Time: 967.33, 
            Production Events: 0, 
            Suppression Events: 3
Time: 968.32, 
            Production Events: 0, 
            Suppression Events: 2
Time: 969.42, 
            Production Events: 1, 
            Suppression Events: 0
Time: 970.37, 
            Production Events: 0, 
            Suppression Events: 2
Time: 972.2, 
            Production Events: 1, 
            Suppression Events: 1
Time: 972.2, 
            Production Events: 0, 
            Suppression Events: 0
Time: 973.33, 
            Production Events: 0, 
            Suppression Events: 2
Time: 976.29, 
            Production Events: 0, 
            Suppression Events: 1
Time: 976.29, 
            Production Events: 0, 
            Suppression Events: 0
Time: 976.29, 
            Production Events: 0, 
            Suppression Events: 0
Time: 978.79, 
            Production Events: 0, 
            Suppression Events: 2
Time: 978.79, 
            Production Events: 0, 
            Suppression Events: 0
Time: 981.55, 
            Production Events: 0, 
            Suppression Events: 1
Time: 981.55, 
            Production Events: 0, 
            Suppression Events: 0
Time: 981.55, 
            Production Events: 0, 
            Suppression Events: 0
Time: 982.6, 
            Production Events: 0, 
            Suppression Events: 1
Time: 983.04, 
            Production Events: 0, 
            Suppression Events: 1
Time: 984.4, 
            Production Events: 0, 
            Suppression Events: 1
Time: 985.07, 
            Production Events: 0, 
            Suppression Events: 1
Time: 986.3, 
            Production Events: 0, 
            Suppression Events: 1
Time: 987.66, 
            Production Events: 0, 
            Suppression Events: 1
Time: 988.37, 
            Production Events: 1, 
            Suppression Events: 0
Time: 989.37, 
            Production Events: 0, 
            Suppression Events: 1
Time: 990.32, 
            Production Events: 0, 
            Suppression Events: 1
Time: 991.7, 
            Production Events: 0, 
            Suppression Events: 1
Time: 992.3, 
            Production Events: 0, 
            Suppression Events: 1
Time: 993.68, 
            Production Events: 0, 
            Suppression Events: 2
Time: 996.39, 
            Production Events: 0, 
            Suppression Events: 1
Time: 996.39, 
            Production Events: 0, 
            Suppression Events: 0
Time: 996.39, 
            Production Events: 0, 
            Suppression Events: 0
Time: 997.39, 
            Production Events: 0, 
            Suppression Events: 2
Time: 998.27, 
            Production Events: 0, 
            Suppression Events: 1
Time: 999.98, 
            Production Events: 0, 
            Suppression Events: 2
Time: 1002.14, 
            Production Events: 0, 
            Suppression Events: 1
Simulation completed:
  Final time: 1002.1409810563803
  Total events: 1017
  Wall time: 10820.34 seconds

Saving simulation results with clean separation...
Task evolution saved to: 5t5b/5t5b_mfcsb/data/param_152_rep_1_2025-11-21_183254/states.csv
Events saved to: 5t5b/5t5b_mfcsb/data/param_152_rep_1_2025-11-21_183254/events.csv
Saving event log (raw and DataFrame)...
log DataFrame size: (1022, 9)
short view:
59 DataFrame
 Row  time     bee1_id  bee2_id  task_id  task_1   task_2   task_3     task_4 
      Float64  Int64    Int64    Int64    Float64  Float64  Float64    Float6 

   1      0.0        1        0        0   0.1003   0.1013  0.0667256   0.136 
   2      0.0        2        0        0   0.1701   0.1019  0.0630378   0.153
   3      0.0        3        0        0   0.1059   0.0985  0.161839    0.129
   4      0.0        4        0        0   0.0966   0.0967  0.0755224   0.114
   5      0.0        5        0        0   0.1102   0.11    0.094768    0.151 
                                                               2 columns omittedEvent log saved to: 5t5b/5t5b_mfcsb/data/param_152_rep_1_2025-11-21_183254/event_log.json
Event log DataFrame saved to: 5t5b/5t5b_mfcsb/data/param_152_rep_1_2025-11-21_183254/event_log.csv
Metadata and configuration saved to: 5t5b/5t5b_mfcsb/data/param_152_rep_1_2025-11-21_183254/config.json
Task index mapping saved to: 5t5b/5t5b_mfcsb/data/param_152_rep_1_2025-11-21_183254/task_index_mapping.json
All results saved to directory: 5t5b/5t5b_mfcsb/data/param_152_rep_1_2025-11-21_183254
Simulation completed successfully!
Job finished at: Fri Nov 21 09:33:54 PM CET 2025
