Job array started at: Fri Nov 21 05:15:01 PM CET 2025
Job ID: 10861679
Array Job ID: 10860410
Array Task ID: 102
Node: th-ws-7010m51
Loading Julia module...
Module loaded: /software/opt/el_9/x86_64/julia/1.11.3/bin/julia
Changing to project directory...
Current directory: /scratch/n/N.Pfaffenzeller/nikolas_nethive/nethive_multiverse
Running parameter combination 102, replicate 1
Starting Julia simulation...
Running simulation with the following configuration:
  dataset_names: [:mnist, :cifar10, :svhn2, :fashion_mnist, :bank]
  param_id: 102
  n_bees: 5
  batch_size: 32
  replicate_id: 1
  punish_rate: 0.1
  punishment: time_out
  lambda_sensitivity: 100
  save_nn_epochs: 0
  production_rate: 1
  interaction_rate: 100
  batches_per_step: 50
  learning_rate: 1.0e-5
  max_output_dim: 10
  n_steps_per_epoch: 1
  dead_time: 50
  max_input_dim: 3072
  n_epochs: 1000
  seed: 1130107042

Starting simulation with configuration:
  dataset_names: [:mnist, :cifar10, :svhn2, :fashion_mnist, :bank]
  param_id: 102
  n_bees: 5
  batch_size: 32
  replicate_id: 1
  punish_rate: 0.1
  punishment: time_out
  lambda_sensitivity: 100
  save_nn_epochs: 0
  production_rate: 1
  interaction_rate: 100
  batches_per_step: 50
  run_timestamp: 2025-11-21T17:15:35.170
  learning_rate: 1.0e-5
  max_output_dim: 10
  n_steps_per_epoch: 1
  dead_time: 50
  max_input_dim: 3072
  n_epochs: 1000
  seed: 1130107042
Random seed: 1130107042

Starting simulation...
Time: 1.64, 
            Production Events: 1, 
            Suppression Events: 0
Time: 3.19, 
            Production Events: 1, 
            Suppression Events: 0
Time: 3.19, 
            Production Events: 0, 
            Suppression Events: 0
Time: 5.17, 
            Production Events: 1, 
            Suppression Events: 1
Time: 5.17, 
            Production Events: 0, 
            Suppression Events: 0
Time: 10.18, 
            Production Events: 0, 
            Suppression Events: 1
Time: 10.18, 
            Production Events: 0, 
            Suppression Events: 0
Time: 10.18, 
            Production Events: 0, 
            Suppression Events: 0
Time: 10.18, 
            Production Events: 0, 
            Suppression Events: 0
Time: 10.18, 
            Production Events: 0, 
            Suppression Events: 0
Time: 11.9, 
            Production Events: 0, 
            Suppression Events: 1
Time: 14.68, 
            Production Events: 1, 
            Suppression Events: 0
Time: 14.68, 
            Production Events: 0, 
            Suppression Events: 0
Time: 14.68, 
            Production Events: 0, 
            Suppression Events: 0
Time: 15.76, 
            Production Events: 0, 
            Suppression Events: 1
Time: 16.85, 
            Production Events: 0, 
            Suppression Events: 1
Time: 17.03, 
            Production Events: 1, 
            Suppression Events: 0
Time: 18.36, 
            Production Events: 1, 
            Suppression Events: 1
Time: 19.16, 
            Production Events: 0, 
            Suppression Events: 1
Time: 20.13, 
            Production Events: 0, 
            Suppression Events: 3
Time: 21.11, 
            Production Events: 0, 
            Suppression Events: 1
Time: 24.13, 
            Production Events: 0, 
            Suppression Events: 2
Time: 24.13, 
            Production Events: 0, 
            Suppression Events: 0
Time: 24.13, 
            Production Events: 0, 
            Suppression Events: 0
Time: 25.63, 
            Production Events: 0, 
            Suppression Events: 1
Time: 26.14, 
            Production Events: 0, 
            Suppression Events: 1
Time: 27.21, 
            Production Events: 0, 
            Suppression Events: 1
Time: 28.74, 
            Production Events: 0, 
            Suppression Events: 2
Time: 31.78, 
            Production Events: 0, 
            Suppression Events: 1
Time: 31.78, 
            Production Events: 0, 
            Suppression Events: 0
Time: 31.78, 
            Production Events: 0, 
            Suppression Events: 0
Time: 32.51, 
            Production Events: 0, 
            Suppression Events: 1
Time: 33.61, 
            Production Events: 1, 
            Suppression Events: 1
Time: 34.22, 
            Production Events: 0, 
            Suppression Events: 1
Time: 36.2, 
            Production Events: 0, 
            Suppression Events: 2
Time: 36.2, 
            Production Events: 0, 
            Suppression Events: 0
Time: 43.31, 
            Production Events: 1, 
            Suppression Events: 1
Time: 43.31, 
            Production Events: 0, 
            Suppression Events: 0
Time: 43.31, 
            Production Events: 0, 
            Suppression Events: 0
Time: 43.31, 
            Production Events: 0, 
            Suppression Events: 0
Time: 43.31, 
            Production Events: 0, 
            Suppression Events: 0
Time: 43.31, 
            Production Events: 0, 
            Suppression Events: 0
Time: 43.31, 
            Production Events: 0, 
            Suppression Events: 0
Time: 46.04, 
            Production Events: 1, 
            Suppression Events: 1
Time: 46.04, 
            Production Events: 0, 
            Suppression Events: 0
Time: 46.04, 
            Production Events: 0, 
            Suppression Events: 0
Time: 47.37, 
            Production Events: 0, 
            Suppression Events: 2
Time: 48.09, 
            Production Events: 0, 
            Suppression Events: 1
Time: 50.46, 
            Production Events: 0, 
            Suppression Events: 2
Time: 50.46, 
            Production Events: 0, 
            Suppression Events: 0
Time: 51.4, 
            Production Events: 0, 
            Suppression Events: 1
Time: 52.17, 
            Production Events: 1, 
            Suppression Events: 0
Time: 53.98, 
            Production Events: 0, 
            Suppression Events: 2
Time: 55.31, 
            Production Events: 0, 
            Suppression Events: 1
Time: 55.31, 
            Production Events: 0, 
            Suppression Events: 0
Time: 57.33, 
            Production Events: 0, 
            Suppression Events: 3
Time: 57.33, 
            Production Events: 0, 
            Suppression Events: 0
Time: 58.11, 
            Production Events: 0, 
            Suppression Events: 1
Time: 59.8, 
            Production Events: 0, 
            Suppression Events: 3
Time: 60.14, 
            Production Events: 0, 
            Suppression Events: 1
Time: 61.19, 
            Production Events: 1, 
            Suppression Events: 2
Time: 62.49, 
            Production Events: 0, 
            Suppression Events: 3
Time: 63.28, 
            Production Events: 1, 
            Suppression Events: 2
Time: 64.13, 
            Production Events: 0, 
            Suppression Events: 2
Time: 65.49, 
            Production Events: 0, 
            Suppression Events: 1
Time: 66.24, 
            Production Events: 0, 
            Suppression Events: 1
Time: 67.62, 
            Production Events: 0, 
            Suppression Events: 2
Time: 68.12, 
            Production Events: 0, 
            Suppression Events: 3
Time: 70.67, 
            Production Events: 1, 
            Suppression Events: 2
Time: 70.67, 
            Production Events: 0, 
            Suppression Events: 0
Time: 71.6, 
            Production Events: 0, 
            Suppression Events: 1
Time: 72.12, 
            Production Events: 0, 
            Suppression Events: 1
Time: 73.33, 
            Production Events: 0, 
            Suppression Events: 2
Time: 75.09, 
            Production Events: 1, 
            Suppression Events: 1
Time: 75.09, 
            Production Events: 0, 
            Suppression Events: 0
Time: 77.75, 
            Production Events: 1, 
            Suppression Events: 2
Time: 77.75, 
            Production Events: 0, 
            Suppression Events: 0
Time: 78.59, 
            Production Events: 0, 
            Suppression Events: 2
Time: 79.18, 
            Production Events: 0, 
            Suppression Events: 1
Time: 80.25, 
            Production Events: 0, 
            Suppression Events: 2
Time: 81.74, 
            Production Events: 0, 
            Suppression Events: 3
Time: 82.05, 
            Production Events: 0, 
            Suppression Events: 2
Time: 85.53, 
            Production Events: 0, 
            Suppression Events: 3
Time: 85.53, 
            Production Events: 0, 
            Suppression Events: 0
Time: 85.53, 
            Production Events: 0, 
            Suppression Events: 0
Time: 89.21, 
            Production Events: 0, 
            Suppression Events: 1
Time: 89.21, 
            Production Events: 0, 
            Suppression Events: 0
Time: 89.21, 
            Production Events: 0, 
            Suppression Events: 0
Time: 89.21, 
            Production Events: 0, 
            Suppression Events: 0
Time: 90.4, 
            Production Events: 0, 
            Suppression Events: 5
Time: 91.19, 
            Production Events: 0, 
            Suppression Events: 3
Time: 92.22, 
            Production Events: 0, 
            Suppression Events: 1
Time: 93.04, 
            Production Events: 0, 
            Suppression Events: 2
Time: 95.02, 
            Production Events: 1, 
            Suppression Events: 1
Time: 95.02, 
            Production Events: 0, 
            Suppression Events: 0
Time: 98.6, 
            Production Events: 0, 
            Suppression Events: 4
Time: 98.6, 
            Production Events: 0, 
            Suppression Events: 0
Time: 98.6, 
            Production Events: 0, 
            Suppression Events: 0
Time: 101.38, 
            Production Events: 0, 
            Suppression Events: 1
Time: 101.38, 
            Production Events: 0, 
            Suppression Events: 0
Time: 101.38, 
            Production Events: 0, 
            Suppression Events: 0
Time: 103.03, 
            Production Events: 0, 
            Suppression Events: 1
Time: 103.03, 
            Production Events: 0, 
            Suppression Events: 0
Time: 104.4, 
            Production Events: 0, 
            Suppression Events: 2
Time: 105.04, 
            Production Events: 0, 
            Suppression Events: 1
Time: 106.37, 
            Production Events: 0, 
            Suppression Events: 2
Time: 107.88, 
            Production Events: 0, 
            Suppression Events: 2
Time: 108.2, 
            Production Events: 0, 
            Suppression Events: 1
Time: 109.32, 
            Production Events: 0, 
            Suppression Events: 1
Time: 110.05, 
            Production Events: 0, 
            Suppression Events: 3
Time: 115.79, 
            Production Events: 0, 
            Suppression Events: 3
Time: 115.79, 
            Production Events: 0, 
            Suppression Events: 0
Time: 115.79, 
            Production Events: 0, 
            Suppression Events: 0
Time: 115.79, 
            Production Events: 0, 
            Suppression Events: 0
Time: 115.79, 
            Production Events: 0, 
            Suppression Events: 0
Time: 117.22, 
            Production Events: 0, 
            Suppression Events: 1
Time: 117.22, 
            Production Events: 0, 
            Suppression Events: 0
Time: 118.56, 
            Production Events: 0, 
            Suppression Events: 3
Time: 119.82, 
            Production Events: 0, 
            Suppression Events: 1
Time: 121.82, 
            Production Events: 0, 
            Suppression Events: 1
Time: 121.82, 
            Production Events: 0, 
            Suppression Events: 0
Time: 122.79, 
            Production Events: 0, 
            Suppression Events: 1
Time: 123.9, 
            Production Events: 0, 
            Suppression Events: 1
Time: 125.07, 
            Production Events: 0, 
            Suppression Events: 1
Time: 125.07, 
            Production Events: 0, 
            Suppression Events: 0
Time: 126.18, 
            Production Events: 1, 
            Suppression Events: 1
Time: 127.37, 
            Production Events: 0, 
            Suppression Events: 1
Time: 128.06, 
            Production Events: 0, 
            Suppression Events: 2
Time: 129.54, 
            Production Events: 0, 
            Suppression Events: 1
Time: 131.22, 
            Production Events: 0, 
            Suppression Events: 2
Time: 131.22, 
            Production Events: 0, 
            Suppression Events: 0
Time: 132.35, 
            Production Events: 0, 
            Suppression Events: 1
Time: 133.77, 
            Production Events: 0, 
            Suppression Events: 1
Time: 134.62, 
            Production Events: 0, 
            Suppression Events: 1
Time: 136.48, 
            Production Events: 0, 
            Suppression Events: 1
Time: 136.48, 
            Production Events: 0, 
            Suppression Events: 0
Time: 138.82, 
            Production Events: 1, 
            Suppression Events: 2
Time: 138.82, 
            Production Events: 0, 
            Suppression Events: 0
Time: 140.04, 
            Production Events: 0, 
            Suppression Events: 1
Time: 140.04, 
            Production Events: 0, 
            Suppression Events: 0
Time: 142.7, 
            Production Events: 0, 
            Suppression Events: 3
Time: 142.7, 
            Production Events: 0, 
            Suppression Events: 0
Time: 144.74, 
            Production Events: 0, 
            Suppression Events: 1
Time: 144.74, 
            Production Events: 0, 
            Suppression Events: 0
Time: 145.84, 
            Production Events: 0, 
            Suppression Events: 1
Time: 146.58, 
            Production Events: 0, 
            Suppression Events: 1
Time: 147.04, 
            Production Events: 0, 
            Suppression Events: 1
Time: 148.85, 
            Production Events: 0, 
            Suppression Events: 3
Time: 150.17, 
            Production Events: 0, 
            Suppression Events: 1
Time: 150.17, 
            Production Events: 0, 
            Suppression Events: 0
Time: 151.1, 
            Production Events: 0, 
            Suppression Events: 3
Time: 155.38, 
            Production Events: 0, 
            Suppression Events: 2
Time: 155.38, 
            Production Events: 0, 
            Suppression Events: 0
Time: 155.38, 
            Production Events: 0, 
            Suppression Events: 0
Time: 155.38, 
            Production Events: 0, 
            Suppression Events: 0
Time: 156.22, 
            Production Events: 1, 
            Suppression Events: 0
Time: 157.34, 
            Production Events: 0, 
            Suppression Events: 2
Time: 158.06, 
            Production Events: 0, 
            Suppression Events: 4
Time: 159.66, 
            Production Events: 0, 
            Suppression Events: 2
Time: 161.72, 
            Production Events: 0, 
            Suppression Events: 1
Time: 161.72, 
            Production Events: 0, 
            Suppression Events: 0
Time: 162.81, 
            Production Events: 0, 
            Suppression Events: 2
Time: 164.48, 
            Production Events: 0, 
            Suppression Events: 1
Time: 164.48, 
            Production Events: 0, 
            Suppression Events: 0
Time: 165.1, 
            Production Events: 0, 
            Suppression Events: 1
Time: 166.24, 
            Production Events: 0, 
            Suppression Events: 1
Time: 168.79, 
            Production Events: 0, 
            Suppression Events: 2
Time: 168.79, 
            Production Events: 0, 
            Suppression Events: 0
Time: 170.11, 
            Production Events: 0, 
            Suppression Events: 1
Time: 170.11, 
            Production Events: 0, 
            Suppression Events: 0
Time: 171.8, 
            Production Events: 0, 
            Suppression Events: 1
Time: 172.09, 
            Production Events: 0, 
            Suppression Events: 1
Time: 173.21, 
            Production Events: 0, 
            Suppression Events: 1
Time: 174.74, 
            Production Events: 0, 
            Suppression Events: 1
Time: 175.12, 
            Production Events: 1, 
            Suppression Events: 1
Time: 177.0, 
            Production Events: 0, 
            Suppression Events: 1
Time: 178.12, 
            Production Events: 0, 
            Suppression Events: 1
Time: 178.12, 
            Production Events: 0, 
            Suppression Events: 0
Time: 180.17, 
            Production Events: 0, 
            Suppression Events: 1
Time: 180.17, 
            Production Events: 0, 
            Suppression Events: 0
Time: 181.4, 
            Production Events: 0, 
            Suppression Events: 2
Time: 182.52, 
            Production Events: 0, 
            Suppression Events: 4
Time: 183.37, 
            Production Events: 0, 
            Suppression Events: 1
Time: 185.4, 
            Production Events: 0, 
            Suppression Events: 1
Time: 185.4, 
            Production Events: 0, 
            Suppression Events: 0
Time: 186.1, 
            Production Events: 0, 
            Suppression Events: 1
Time: 189.12, 
            Production Events: 0, 
            Suppression Events: 1
Time: 189.12, 
            Production Events: 0, 
            Suppression Events: 0
Time: 189.12, 
            Production Events: 0, 
            Suppression Events: 0
Time: 192.02, 
            Production Events: 0, 
            Suppression Events: 1
Time: 192.02, 
            Production Events: 0, 
            Suppression Events: 0
Time: 192.02, 
            Production Events: 0, 
            Suppression Events: 0
Time: 194.46, 
            Production Events: 0, 
            Suppression Events: 1
Time: 194.46, 
            Production Events: 0, 
            Suppression Events: 0
Time: 196.45, 
            Production Events: 0, 
            Suppression Events: 1
Time: 196.45, 
            Production Events: 0, 
            Suppression Events: 0
Time: 197.36, 
            Production Events: 1, 
            Suppression Events: 1
Time: 198.62, 
            Production Events: 0, 
            Suppression Events: 5
Time: 200.65, 
            Production Events: 0, 
            Suppression Events: 2
Time: 200.65, 
            Production Events: 0, 
            Suppression Events: 0
Time: 202.05, 
            Production Events: 0, 
            Suppression Events: 1
Time: 202.05, 
            Production Events: 0, 
            Suppression Events: 0
Time: 204.24, 
            Production Events: 0, 
            Suppression Events: 2
Time: 204.24, 
            Production Events: 0, 
            Suppression Events: 0
Time: 206.03, 
            Production Events: 0, 
            Suppression Events: 3
Time: 206.03, 
            Production Events: 0, 
            Suppression Events: 0
Time: 207.25, 
            Production Events: 0, 
            Suppression Events: 2
Time: 209.4, 
            Production Events: 1, 
            Suppression Events: 1
Time: 209.4, 
            Production Events: 0, 
            Suppression Events: 0
Time: 210.56, 
            Production Events: 0, 
            Suppression Events: 1
Time: 211.23, 
            Production Events: 1, 
            Suppression Events: 0
Time: 212.23, 
            Production Events: 0, 
            Suppression Events: 2
Time: 213.59, 
            Production Events: 0, 
            Suppression Events: 1
Time: 214.57, 
            Production Events: 0, 
            Suppression Events: 2
Time: 215.76, 
            Production Events: 0, 
            Suppression Events: 1
Time: 217.46, 
            Production Events: 0, 
            Suppression Events: 1
Time: 217.46, 
            Production Events: 0, 
            Suppression Events: 0
Time: 218.83, 
            Production Events: 1, 
            Suppression Events: 3
Time: 219.26, 
            Production Events: 0, 
            Suppression Events: 1
Time: 221.33, 
            Production Events: 1, 
            Suppression Events: 0
Time: 221.33, 
            Production Events: 0, 
            Suppression Events: 0
Time: 222.01, 
            Production Events: 0, 
            Suppression Events: 1
Time: 224.39, 
            Production Events: 0, 
            Suppression Events: 1
Time: 224.39, 
            Production Events: 0, 
            Suppression Events: 0
Time: 225.86, 
            Production Events: 0, 
            Suppression Events: 4
Time: 228.73, 
            Production Events: 0, 
            Suppression Events: 1
Time: 228.73, 
            Production Events: 0, 
            Suppression Events: 0
Time: 228.73, 
            Production Events: 0, 
            Suppression Events: 0
Time: 229.1, 
            Production Events: 0, 
            Suppression Events: 2
Time: 230.84, 
            Production Events: 0, 
            Suppression Events: 2
Time: 231.35, 
            Production Events: 0, 
            Suppression Events: 1
Time: 232.09, 
            Production Events: 0, 
            Suppression Events: 1
Time: 233.05, 
            Production Events: 0, 
            Suppression Events: 1
Time: 234.69, 
            Production Events: 0, 
            Suppression Events: 2
Time: 237.14, 
            Production Events: 0, 
            Suppression Events: 1
Time: 237.14, 
            Production Events: 0, 
            Suppression Events: 0
Time: 237.14, 
            Production Events: 0, 
            Suppression Events: 0
Time: 239.33, 
            Production Events: 2, 
            Suppression Events: 1
Time: 239.33, 
            Production Events: 0, 
            Suppression Events: 0
Time: 240.51, 
            Production Events: 0, 
            Suppression Events: 2
Time: 243.09, 
            Production Events: 0, 
            Suppression Events: 1
Time: 243.09, 
            Production Events: 0, 
            Suppression Events: 0
Time: 243.09, 
            Production Events: 0, 
            Suppression Events: 0
Time: 245.02, 
            Production Events: 1, 
            Suppression Events: 1
Time: 245.02, 
            Production Events: 0, 
            Suppression Events: 0
Time: 246.59, 
            Production Events: 0, 
            Suppression Events: 2
Time: 247.48, 
            Production Events: 1, 
            Suppression Events: 1
Time: 249.89, 
            Production Events: 0, 
            Suppression Events: 1
Time: 249.89, 
            Production Events: 0, 
            Suppression Events: 0
Time: 250.07, 
            Production Events: 0, 
            Suppression Events: 1
Time: 251.28, 
            Production Events: 0, 
            Suppression Events: 1
Time: 254.67, 
            Production Events: 1, 
            Suppression Events: 1
Time: 254.67, 
            Production Events: 0, 
            Suppression Events: 0
Time: 254.67, 
            Production Events: 0, 
            Suppression Events: 0
Time: 255.3, 
            Production Events: 0, 
            Suppression Events: 2
Time: 256.09, 
            Production Events: 1, 
            Suppression Events: 1
Time: 257.11, 
            Production Events: 1, 
            Suppression Events: 1
Time: 258.11, 
            Production Events: 0, 
            Suppression Events: 4
Time: 259.7, 
            Production Events: 0, 
            Suppression Events: 2
Time: 262.23, 
            Production Events: 0, 
            Suppression Events: 1
Time: 262.23, 
            Production Events: 0, 
            Suppression Events: 0
Time: 262.23, 
            Production Events: 0, 
            Suppression Events: 0
Time: 263.2, 
            Production Events: 0, 
            Suppression Events: 4
Time: 264.03, 
            Production Events: 2, 
            Suppression Events: 1
Time: 265.07, 
            Production Events: 0, 
            Suppression Events: 2
Time: 266.76, 
            Production Events: 0, 
            Suppression Events: 4
Time: 267.08, 
            Production Events: 0, 
            Suppression Events: 1
Time: 270.19, 
            Production Events: 0, 
            Suppression Events: 1
Time: 270.19, 
            Production Events: 0, 
            Suppression Events: 0
Time: 270.19, 
            Production Events: 0, 
            Suppression Events: 0
Time: 272.38, 
            Production Events: 0, 
            Suppression Events: 3
Time: 272.38, 
            Production Events: 0, 
            Suppression Events: 0
Time: 273.36, 
            Production Events: 0, 
            Suppression Events: 1
Time: 274.61, 
            Production Events: 0, 
            Suppression Events: 1
Time: 275.21, 
            Production Events: 0, 
            Suppression Events: 1
Time: 276.05, 
            Production Events: 0, 
            Suppression Events: 3
Time: 278.72, 
            Production Events: 0, 
            Suppression Events: 3
Time: 278.72, 
            Production Events: 0, 
            Suppression Events: 0
Time: 279.49, 
            Production Events: 0, 
            Suppression Events: 1
Time: 281.25, 
            Production Events: 1, 
            Suppression Events: 1
Time: 281.25, 
            Production Events: 0, 
            Suppression Events: 0
Time: 283.52, 
            Production Events: 0, 
            Suppression Events: 1
Time: 283.52, 
            Production Events: 0, 
            Suppression Events: 0
Time: 284.89, 
            Production Events: 0, 
            Suppression Events: 2
Time: 285.11, 
            Production Events: 0, 
            Suppression Events: 1
Time: 286.43, 
            Production Events: 0, 
            Suppression Events: 2
Time: 287.2, 
            Production Events: 0, 
            Suppression Events: 2
Time: 289.55, 
            Production Events: 0, 
            Suppression Events: 1
Time: 289.55, 
            Production Events: 0, 
            Suppression Events: 0
Time: 290.99, 
            Production Events: 0, 
            Suppression Events: 1
Time: 292.85, 
            Production Events: 0, 
            Suppression Events: 1
Time: 292.85, 
            Production Events: 0, 
            Suppression Events: 0
Time: 294.75, 
            Production Events: 0, 
            Suppression Events: 1
Time: 294.75, 
            Production Events: 0, 
            Suppression Events: 0
Time: 298.23, 
            Production Events: 1, 
            Suppression Events: 1
Time: 298.23, 
            Production Events: 0, 
            Suppression Events: 0
Time: 298.23, 
            Production Events: 0, 
            Suppression Events: 0
Time: 298.23, 
            Production Events: 0, 
            Suppression Events: 0
Time: 301.09, 
            Production Events: 0, 
            Suppression Events: 1
Time: 301.09, 
            Production Events: 0, 
            Suppression Events: 0
Time: 301.09, 
            Production Events: 0, 
            Suppression Events: 0
Time: 302.1, 
            Production Events: 0, 
            Suppression Events: 2
Time: 304.16, 
            Production Events: 1, 
            Suppression Events: 2
Time: 304.16, 
            Production Events: 0, 
            Suppression Events: 0
Time: 306.92, 
            Production Events: 0, 
            Suppression Events: 2
Time: 306.92, 
            Production Events: 0, 
            Suppression Events: 0
Time: 307.42, 
            Production Events: 0, 
            Suppression Events: 1
Time: 308.82, 
            Production Events: 0, 
            Suppression Events: 2
Time: 309.13, 
            Production Events: 0, 
            Suppression Events: 1
Time: 311.09, 
            Production Events: 0, 
            Suppression Events: 3
Time: 311.09, 
            Production Events: 0, 
            Suppression Events: 0
Time: 313.0, 
            Production Events: 0, 
            Suppression Events: 3
Time: 317.16, 
            Production Events: 0, 
            Suppression Events: 1
Time: 317.16, 
            Production Events: 0, 
            Suppression Events: 0
Time: 317.16, 
            Production Events: 0, 
            Suppression Events: 0
Time: 317.16, 
            Production Events: 0, 
            Suppression Events: 0
Time: 317.16, 
            Production Events: 0, 
            Suppression Events: 0
Time: 319.17, 
            Production Events: 0, 
            Suppression Events: 1
Time: 319.17, 
            Production Events: 0, 
            Suppression Events: 0
Time: 320.02, 
            Production Events: 0, 
            Suppression Events: 3
Time: 322.96, 
            Production Events: 0, 
            Suppression Events: 2
Time: 322.96, 
            Production Events: 0, 
            Suppression Events: 0
Time: 323.03, 
            Production Events: 0, 
            Suppression Events: 1
Time: 325.18, 
            Production Events: 0, 
            Suppression Events: 6
Time: 325.18, 
            Production Events: 0, 
            Suppression Events: 0
Time: 326.52, 
            Production Events: 1, 
            Suppression Events: 0
Time: 327.27, 
            Production Events: 1, 
            Suppression Events: 1
Time: 329.29, 
            Production Events: 0, 
            Suppression Events: 1
Time: 329.29, 
            Production Events: 0, 
            Suppression Events: 0
Time: 331.19, 
            Production Events: 1, 
            Suppression Events: 1
Time: 331.19, 
            Production Events: 0, 
            Suppression Events: 0
Time: 332.08, 
            Production Events: 1, 
            Suppression Events: 1
Time: 335.16, 
            Production Events: 0, 
            Suppression Events: 1
Time: 335.16, 
            Production Events: 0, 
            Suppression Events: 0
Time: 335.16, 
            Production Events: 0, 
            Suppression Events: 0
Time: 338.51, 
            Production Events: 0, 
            Suppression Events: 2
Time: 338.51, 
            Production Events: 0, 
            Suppression Events: 0
Time: 338.51, 
            Production Events: 0, 
            Suppression Events: 0
Time: 339.7, 
            Production Events: 0, 
            Suppression Events: 1
Time: 341.4, 
            Production Events: 0, 
            Suppression Events: 1
Time: 341.4, 
            Production Events: 0, 
            Suppression Events: 0
Time: 343.01, 
            Production Events: 0, 
            Suppression Events: 1
Time: 343.01, 
            Production Events: 0, 
            Suppression Events: 0
Time: 345.64, 
            Production Events: 1, 
            Suppression Events: 1
Time: 345.64, 
            Production Events: 0, 
            Suppression Events: 0
Time: 347.3, 
            Production Events: 1, 
            Suppression Events: 1
Time: 347.3, 
            Production Events: 0, 
            Suppression Events: 0
Time: 349.14, 
            Production Events: 0, 
            Suppression Events: 1
Time: 349.14, 
            Production Events: 0, 
            Suppression Events: 0
Time: 350.87, 
            Production Events: 0, 
            Suppression Events: 1
Time: 351.81, 
            Production Events: 0, 
            Suppression Events: 1
Time: 353.1, 
            Production Events: 1, 
            Suppression Events: 0
Time: 353.1, 
            Production Events: 0, 
            Suppression Events: 0
Time: 354.23, 
            Production Events: 0, 
            Suppression Events: 1
Time: 356.0, 
            Production Events: 0, 
            Suppression Events: 1
Time: 356.0, 
            Production Events: 0, 
            Suppression Events: 0
Time: 358.75, 
            Production Events: 1, 
            Suppression Events: 0
Time: 358.75, 
            Production Events: 0, 
            Suppression Events: 0
Time: 359.03, 
            Production Events: 0, 
            Suppression Events: 1
Time: 360.16, 
            Production Events: 0, 
            Suppression Events: 1
Time: 361.44, 
            Production Events: 0, 
            Suppression Events: 2
Time: 362.05, 
            Production Events: 0, 
            Suppression Events: 1
Time: 363.15, 
            Production Events: 0, 
            Suppression Events: 1
Time: 364.96, 
            Production Events: 0, 
            Suppression Events: 2
Time: 365.43, 
            Production Events: 0, 
            Suppression Events: 1
Time: 366.69, 
            Production Events: 0, 
            Suppression Events: 2
Time: 368.44, 
            Production Events: 0, 
            Suppression Events: 2
Time: 368.44, 
            Production Events: 0, 
            Suppression Events: 0
Time: 370.37, 
            Production Events: 0, 
            Suppression Events: 2
Time: 370.37, 
            Production Events: 0, 
            Suppression Events: 0
Time: 371.76, 
            Production Events: 0, 
            Suppression Events: 2
Time: 372.15, 
            Production Events: 0, 
            Suppression Events: 1
Time: 374.8, 
            Production Events: 0, 
            Suppression Events: 2
Time: 374.8, 
            Production Events: 0, 
            Suppression Events: 0
Time: 376.57, 
            Production Events: 0, 
            Suppression Events: 1
Time: 376.57, 
            Production Events: 0, 
            Suppression Events: 0
Time: 377.52, 
            Production Events: 0, 
            Suppression Events: 1
Time: 381.96, 
            Production Events: 0, 
            Suppression Events: 1
Time: 381.96, 
            Production Events: 0, 
            Suppression Events: 0
Time: 381.96, 
            Production Events: 0, 
            Suppression Events: 0
Time: 381.96, 
            Production Events: 0, 
            Suppression Events: 0
Time: 382.24, 
            Production Events: 0, 
            Suppression Events: 1
Time: 383.55, 
            Production Events: 0, 
            Suppression Events: 2
Time: 384.12, 
            Production Events: 0, 
            Suppression Events: 1
Time: 386.58, 
            Production Events: 0, 
            Suppression Events: 1
Time: 386.58, 
            Production Events: 0, 
            Suppression Events: 0
Time: 387.26, 
            Production Events: 0, 
            Suppression Events: 2
Time: 388.38, 
            Production Events: 0, 
            Suppression Events: 1
Time: 390.34, 
            Production Events: 0, 
            Suppression Events: 1
Time: 390.34, 
            Production Events: 0, 
            Suppression Events: 0
Time: 392.45, 
            Production Events: 0, 
            Suppression Events: 2
Time: 392.45, 
            Production Events: 0, 
            Suppression Events: 0
Time: 396.74, 
            Production Events: 0, 
            Suppression Events: 1
Time: 396.74, 
            Production Events: 0, 
            Suppression Events: 0
Time: 396.74, 
            Production Events: 0, 
            Suppression Events: 0
Time: 396.74, 
            Production Events: 0, 
            Suppression Events: 0
Time: 397.31, 
            Production Events: 0, 
            Suppression Events: 1
Time: 398.91, 
            Production Events: 0, 
            Suppression Events: 1
Time: 399.23, 
            Production Events: 1, 
            Suppression Events: 0
Time: 400.23, 
            Production Events: 0, 
            Suppression Events: 1
Time: 401.36, 
            Production Events: 0, 
            Suppression Events: 2
Time: 403.03, 
            Production Events: 0, 
            Suppression Events: 1
Time: 403.03, 
            Production Events: 0, 
            Suppression Events: 0
Time: 404.04, 
            Production Events: 0, 
            Suppression Events: 1
Time: 406.58, 
            Production Events: 0, 
            Suppression Events: 3
Time: 406.58, 
            Production Events: 0, 
            Suppression Events: 0
Time: 409.0, 
            Production Events: 0, 
            Suppression Events: 2
Time: 409.0, 
            Production Events: 0, 
            Suppression Events: 0
Time: 409.33, 
            Production Events: 0, 
            Suppression Events: 1
Time: 412.03, 
            Production Events: 0, 
            Suppression Events: 1
Time: 412.03, 
            Production Events: 0, 
            Suppression Events: 0
Time: 412.03, 
            Production Events: 0, 
            Suppression Events: 0
Time: 414.25, 
            Production Events: 1, 
            Suppression Events: 1
Time: 414.25, 
            Production Events: 0, 
            Suppression Events: 0
Time: 416.81, 
            Production Events: 0, 
            Suppression Events: 3
Time: 416.81, 
            Production Events: 0, 
            Suppression Events: 0
Time: 418.23, 
            Production Events: 0, 
            Suppression Events: 1
Time: 418.23, 
            Production Events: 0, 
            Suppression Events: 0
Time: 421.8, 
            Production Events: 0, 
            Suppression Events: 1
Time: 421.8, 
            Production Events: 0, 
            Suppression Events: 0
Time: 421.8, 
            Production Events: 0, 
            Suppression Events: 0
Time: 425.44, 
            Production Events: 0, 
            Suppression Events: 1
Time: 425.44, 
            Production Events: 0, 
            Suppression Events: 0
Time: 425.44, 
            Production Events: 0, 
            Suppression Events: 0
Time: 425.44, 
            Production Events: 0, 
            Suppression Events: 0
Time: 426.07, 
            Production Events: 0, 
            Suppression Events: 2
Time: 428.45, 
            Production Events: 0, 
            Suppression Events: 3
Time: 428.45, 
            Production Events: 0, 
            Suppression Events: 0
Time: 429.14, 
            Production Events: 0, 
            Suppression Events: 1
Time: 431.46, 
            Production Events: 0, 
            Suppression Events: 1
Time: 431.46, 
            Production Events: 0, 
            Suppression Events: 0
Time: 432.58, 
            Production Events: 0, 
            Suppression Events: 1
Time: 433.51, 
            Production Events: 0, 
            Suppression Events: 2
Time: 435.04, 
            Production Events: 0, 
            Suppression Events: 2
Time: 435.04, 
            Production Events: 0, 
            Suppression Events: 0
Time: 437.2, 
            Production Events: 1, 
            Suppression Events: 0
Time: 437.2, 
            Production Events: 0, 
            Suppression Events: 0
Time: 441.47, 
            Production Events: 1, 
            Suppression Events: 2
Time: 441.47, 
            Production Events: 0, 
            Suppression Events: 0
Time: 441.47, 
            Production Events: 0, 
            Suppression Events: 0
Time: 441.47, 
            Production Events: 0, 
            Suppression Events: 0
Time: 443.87, 
            Production Events: 0, 
            Suppression Events: 2
Time: 443.87, 
            Production Events: 0, 
            Suppression Events: 0
Time: 445.57, 
            Production Events: 0, 
            Suppression Events: 1
Time: 445.57, 
            Production Events: 0, 
            Suppression Events: 0
Time: 447.93, 
            Production Events: 0, 
            Suppression Events: 1
Time: 447.93, 
            Production Events: 0, 
            Suppression Events: 0
Time: 448.79, 
            Production Events: 0, 
            Suppression Events: 2
Time: 450.01, 
            Production Events: 0, 
            Suppression Events: 2
Time: 450.01, 
            Production Events: 0, 
            Suppression Events: 0
Time: 451.08, 
            Production Events: 1, 
            Suppression Events: 1
Time: 457.6, 
            Production Events: 0, 
            Suppression Events: 1
Time: 457.6, 
            Production Events: 0, 
            Suppression Events: 0
Time: 457.6, 
            Production Events: 0, 
            Suppression Events: 0
Time: 457.6, 
            Production Events: 0, 
            Suppression Events: 0
Time: 457.6, 
            Production Events: 0, 
            Suppression Events: 0
Time: 457.6, 
            Production Events: 0, 
            Suppression Events: 0
Time: 459.01, 
            Production Events: 1, 
            Suppression Events: 0
Time: 459.01, 
            Production Events: 0, 
            Suppression Events: 0
Time: 461.85, 
            Production Events: 0, 
            Suppression Events: 2
Time: 461.85, 
            Production Events: 0, 
            Suppression Events: 0
Time: 463.94, 
            Production Events: 0, 
            Suppression Events: 1
Time: 463.94, 
            Production Events: 0, 
            Suppression Events: 0
Time: 465.6, 
            Production Events: 0, 
            Suppression Events: 1
Time: 465.6, 
            Production Events: 0, 
            Suppression Events: 0
Time: 467.65, 
            Production Events: 0, 
            Suppression Events: 2
Time: 467.65, 
            Production Events: 0, 
            Suppression Events: 0
Time: 468.57, 
            Production Events: 0, 
            Suppression Events: 3
Time: 470.0, 
            Production Events: 2, 
            Suppression Events: 0
Time: 470.11, 
            Production Events: 0, 
            Suppression Events: 1
Time: 472.02, 
            Production Events: 0, 
            Suppression Events: 2
Time: 472.02, 
            Production Events: 0, 
            Suppression Events: 0
Time: 473.56, 
            Production Events: 1, 
            Suppression Events: 2
Time: 475.59, 
            Production Events: 0, 
            Suppression Events: 1
Time: 475.59, 
            Production Events: 0, 
            Suppression Events: 0
Time: 476.12, 
            Production Events: 0, 
            Suppression Events: 1
Time: 478.8, 
            Production Events: 0, 
            Suppression Events: 1
Time: 478.8, 
            Production Events: 0, 
            Suppression Events: 0
Time: 481.0, 
            Production Events: 1, 
            Suppression Events: 0
Time: 481.0, 
            Production Events: 0, 
            Suppression Events: 0
Time: 482.44, 
            Production Events: 0, 
            Suppression Events: 1
Time: 482.44, 
            Production Events: 0, 
            Suppression Events: 0
Time: 483.64, 
            Production Events: 0, 
            Suppression Events: 1
Time: 484.16, 
            Production Events: 0, 
            Suppression Events: 1
Time: 485.32, 
            Production Events: 0, 
            Suppression Events: 2
Time: 487.61, 
            Production Events: 0, 
            Suppression Events: 1
Time: 487.61, 
            Production Events: 0, 
            Suppression Events: 0
Time: 488.25, 
            Production Events: 0, 
            Suppression Events: 1
Time: 490.0, 
            Production Events: 0, 
            Suppression Events: 1
Time: 491.32, 
            Production Events: 0, 
            Suppression Events: 1
Time: 491.32, 
            Production Events: 0, 
            Suppression Events: 0
Time: 494.28, 
            Production Events: 1, 
            Suppression Events: 2
Time: 494.28, 
            Production Events: 0, 
            Suppression Events: 0
Time: 494.28, 
            Production Events: 0, 
            Suppression Events: 0
Time: 497.17, 
            Production Events: 0, 
            Suppression Events: 2
Time: 497.17, 
            Production Events: 0, 
            Suppression Events: 0
Time: 497.17, 
            Production Events: 0, 
            Suppression Events: 0
Time: 498.2, 
            Production Events: 1, 
            Suppression Events: 0
Time: 500.66, 
            Production Events: 0, 
            Suppression Events: 2
Time: 500.66, 
            Production Events: 0, 
            Suppression Events: 0
Time: 501.19, 
            Production Events: 0, 
            Suppression Events: 1
Time: 504.68, 
            Production Events: 1, 
            Suppression Events: 0
Time: 504.68, 
            Production Events: 0, 
            Suppression Events: 0
Time: 504.68, 
            Production Events: 0, 
            Suppression Events: 0
Time: 505.93, 
            Production Events: 0, 
            Suppression Events: 2
Time: 506.3, 
            Production Events: 0, 
            Suppression Events: 1
Time: 507.89, 
            Production Events: 0, 
            Suppression Events: 2
Time: 509.49, 
            Production Events: 0, 
            Suppression Events: 1
Time: 509.49, 
            Production Events: 0, 
            Suppression Events: 0
Time: 510.03, 
            Production Events: 0, 
            Suppression Events: 2
Time: 511.13, 
            Production Events: 1, 
            Suppression Events: 0
Time: 512.83, 
            Production Events: 0, 
            Suppression Events: 1
Time: 513.29, 
            Production Events: 0, 
            Suppression Events: 1
Time: 515.42, 
            Production Events: 0, 
            Suppression Events: 2
Time: 515.42, 
            Production Events: 0, 
            Suppression Events: 0
Time: 516.92, 
            Production Events: 0, 
            Suppression Events: 1
Time: 518.87, 
            Production Events: 0, 
            Suppression Events: 1
Time: 518.87, 
            Production Events: 0, 
            Suppression Events: 0
Time: 519.53, 
            Production Events: 0, 
            Suppression Events: 1
Time: 520.06, 
            Production Events: 0, 
            Suppression Events: 3
Time: 521.23, 
            Production Events: 1, 
            Suppression Events: 3
Time: 522.67, 
            Production Events: 0, 
            Suppression Events: 1
Time: 523.96, 
            Production Events: 0, 
            Suppression Events: 2
Time: 525.13, 
            Production Events: 0, 
            Suppression Events: 1
Time: 525.13, 
            Production Events: 0, 
            Suppression Events: 0
Time: 526.67, 
            Production Events: 0, 
            Suppression Events: 1
Time: 527.62, 
            Production Events: 0, 
            Suppression Events: 1
Time: 529.62, 
            Production Events: 0, 
            Suppression Events: 2
Time: 529.62, 
            Production Events: 0, 
            Suppression Events: 0
Time: 531.23, 
            Production Events: 0, 
            Suppression Events: 1
Time: 531.23, 
            Production Events: 0, 
            Suppression Events: 0
Time: 533.54, 
            Production Events: 0, 
            Suppression Events: 1
Time: 533.54, 
            Production Events: 0, 
            Suppression Events: 0
Time: 535.05, 
            Production Events: 0, 
            Suppression Events: 1
Time: 535.05, 
            Production Events: 0, 
            Suppression Events: 0
Time: 536.76, 
            Production Events: 0, 
            Suppression Events: 1
Time: 538.99, 
            Production Events: 0, 
            Suppression Events: 1
Time: 538.99, 
            Production Events: 0, 
            Suppression Events: 0
Time: 539.3, 
            Production Events: 0, 
            Suppression Events: 1
Time: 542.26, 
            Production Events: 0, 
            Suppression Events: 2
Time: 542.26, 
            Production Events: 0, 
            Suppression Events: 0
Time: 542.26, 
            Production Events: 0, 
            Suppression Events: 0
Time: 543.88, 
            Production Events: 0, 
            Suppression Events: 1
Time: 547.57, 
            Production Events: 0, 
            Suppression Events: 1
Time: 547.57, 
            Production Events: 0, 
            Suppression Events: 0
Time: 547.57, 
            Production Events: 0, 
            Suppression Events: 0
Time: 547.57, 
            Production Events: 0, 
            Suppression Events: 0
Time: 548.25, 
            Production Events: 0, 
            Suppression Events: 1
Time: 550.82, 
            Production Events: 0, 
            Suppression Events: 2
Time: 550.82, 
            Production Events: 0, 
            Suppression Events: 0
Time: 551.35, 
            Production Events: 0, 
            Suppression Events: 1
Time: 552.12, 
            Production Events: 0, 
            Suppression Events: 2
Time: 554.88, 
            Production Events: 0, 
            Suppression Events: 2
Time: 554.88, 
            Production Events: 0, 
            Suppression Events: 0
Time: 556.85, 
            Production Events: 0, 
            Suppression Events: 2
Time: 556.85, 
            Production Events: 0, 
            Suppression Events: 0
Time: 557.03, 
            Production Events: 0, 
            Suppression Events: 2
Time: 559.22, 
            Production Events: 0, 
            Suppression Events: 2
Time: 559.22, 
            Production Events: 0, 
            Suppression Events: 0
Time: 560.01, 
            Production Events: 0, 
            Suppression Events: 1
Time: 561.16, 
            Production Events: 0, 
            Suppression Events: 2
Time: 563.21, 
            Production Events: 0, 
            Suppression Events: 3
Time: 563.21, 
            Production Events: 0, 
            Suppression Events: 0
Time: 564.38, 
            Production Events: 0, 
            Suppression Events: 1
Time: 565.16, 
            Production Events: 0, 
            Suppression Events: 1
Time: 567.3, 
            Production Events: 0, 
            Suppression Events: 1
Time: 567.3, 
            Production Events: 0, 
            Suppression Events: 0
Time: 568.18, 
            Production Events: 0, 
            Suppression Events: 1
Time: 570.08, 
            Production Events: 0, 
            Suppression Events: 1
Time: 570.08, 
            Production Events: 0, 
            Suppression Events: 0
Time: 573.5, 
            Production Events: 0, 
            Suppression Events: 2
Time: 573.5, 
            Production Events: 0, 
            Suppression Events: 0
Time: 573.5, 
            Production Events: 0, 
            Suppression Events: 0
Time: 576.63, 
            Production Events: 0, 
            Suppression Events: 1
Time: 576.63, 
            Production Events: 0, 
            Suppression Events: 0
Time: 576.63, 
            Production Events: 0, 
            Suppression Events: 0
Time: 578.16, 
            Production Events: 0, 
            Suppression Events: 2
Time: 578.16, 
            Production Events: 0, 
            Suppression Events: 0
Time: 579.35, 
            Production Events: 0, 
            Suppression Events: 3
Time: 582.21, 
            Production Events: 0, 
            Suppression Events: 1
Time: 582.21, 
            Production Events: 0, 
            Suppression Events: 0
Time: 582.21, 
            Production Events: 0, 
            Suppression Events: 0
Time: 583.16, 
            Production Events: 0, 
            Suppression Events: 1
Time: 586.22, 
            Production Events: 0, 
            Suppression Events: 2
Time: 586.22, 
            Production Events: 0, 
            Suppression Events: 0
Time: 586.22, 
            Production Events: 0, 
            Suppression Events: 0
Time: 587.62, 
            Production Events: 0, 
            Suppression Events: 1
Time: 588.4, 
            Production Events: 0, 
            Suppression Events: 1
Time: 589.25, 
            Production Events: 0, 
            Suppression Events: 2
Time: 590.61, 
            Production Events: 0, 
            Suppression Events: 3
Time: 592.26, 
            Production Events: 0, 
            Suppression Events: 1
Time: 592.26, 
            Production Events: 0, 
            Suppression Events: 0
Time: 593.25, 
            Production Events: 1, 
            Suppression Events: 3
Time: 594.96, 
            Production Events: 0, 
            Suppression Events: 1
Time: 596.4, 
            Production Events: 0, 
            Suppression Events: 1
Time: 596.4, 
            Production Events: 0, 
            Suppression Events: 0
Time: 597.33, 
            Production Events: 0, 
            Suppression Events: 1
Time: 599.25, 
            Production Events: 0, 
            Suppression Events: 2
Time: 599.25, 
            Production Events: 0, 
            Suppression Events: 0
Time: 600.07, 
            Production Events: 0, 
            Suppression Events: 1
Time: 601.49, 
            Production Events: 0, 
            Suppression Events: 1
Time: 602.58, 
            Production Events: 0, 
            Suppression Events: 2
Time: 604.1, 
            Production Events: 0, 
            Suppression Events: 2
Time: 604.1, 
            Production Events: 0, 
            Suppression Events: 0
Time: 605.24, 
            Production Events: 0, 
            Suppression Events: 2
Time: 607.18, 
            Production Events: 0, 
            Suppression Events: 1
Time: 607.18, 
            Production Events: 0, 
            Suppression Events: 0
Time: 608.52, 
            Production Events: 0, 
            Suppression Events: 2
Time: 610.22, 
            Production Events: 0, 
            Suppression Events: 4
Time: 610.22, 
            Production Events: 0, 
            Suppression Events: 0
Time: 614.98, 
            Production Events: 0, 
            Suppression Events: 2
Time: 614.98, 
            Production Events: 0, 
            Suppression Events: 0
Time: 614.98, 
            Production Events: 0, 
            Suppression Events: 0
Time: 614.98, 
            Production Events: 0, 
            Suppression Events: 0
Time: 615.43, 
            Production Events: 0, 
            Suppression Events: 1
Time: 617.93, 
            Production Events: 0, 
            Suppression Events: 1
Time: 617.93, 
            Production Events: 0, 
            Suppression Events: 0
Time: 619.06, 
            Production Events: 1, 
            Suppression Events: 0
Time: 619.06, 
            Production Events: 0, 
            Suppression Events: 0
Time: 621.53, 
            Production Events: 0, 
            Suppression Events: 1
Time: 621.53, 
            Production Events: 0, 
            Suppression Events: 0
Time: 626.9, 
            Production Events: 0, 
            Suppression Events: 2
Time: 626.9, 
            Production Events: 0, 
            Suppression Events: 0
Time: 626.9, 
            Production Events: 0, 
            Suppression Events: 0
Time: 626.9, 
            Production Events: 0, 
            Suppression Events: 0
Time: 626.9, 
            Production Events: 0, 
            Suppression Events: 0
Time: 627.36, 
            Production Events: 0, 
            Suppression Events: 1
Time: 628.54, 
            Production Events: 0, 
            Suppression Events: 1
Time: 629.14, 
            Production Events: 0, 
            Suppression Events: 1
Time: 632.19, 
            Production Events: 1, 
            Suppression Events: 1
Time: 632.19, 
            Production Events: 0, 
            Suppression Events: 0
Time: 632.19, 
            Production Events: 0, 
            Suppression Events: 0
Time: 634.16, 
            Production Events: 0, 
            Suppression Events: 1
Time: 634.16, 
            Production Events: 0, 
            Suppression Events: 0
Time: 635.37, 
            Production Events: 0, 
            Suppression Events: 2
Time: 636.05, 
            Production Events: 0, 
            Suppression Events: 4
Time: 638.53, 
            Production Events: 0, 
            Suppression Events: 1
Time: 638.53, 
            Production Events: 0, 
            Suppression Events: 0
Time: 640.11, 
            Production Events: 0, 
            Suppression Events: 1
Time: 640.11, 
            Production Events: 0, 
            Suppression Events: 0
Time: 641.22, 
            Production Events: 0, 
            Suppression Events: 2
Time: 642.79, 
            Production Events: 0, 
            Suppression Events: 2
Time: 643.06, 
            Production Events: 0, 
            Suppression Events: 1
Time: 644.17, 
            Production Events: 1, 
            Suppression Events: 2
Time: 646.48, 
            Production Events: 0, 
            Suppression Events: 4
Time: 646.48, 
            Production Events: 0, 
            Suppression Events: 0
Time: 647.68, 
            Production Events: 0, 
            Suppression Events: 1
Time: 648.11, 
            Production Events: 0, 
            Suppression Events: 1
Time: 651.4, 
            Production Events: 1, 
            Suppression Events: 2
Time: 651.4, 
            Production Events: 0, 
            Suppression Events: 0
Time: 651.4, 
            Production Events: 0, 
            Suppression Events: 0
Time: 652.02, 
            Production Events: 0, 
            Suppression Events: 2
Time: 653.21, 
            Production Events: 0, 
            Suppression Events: 2
Time: 656.26, 
            Production Events: 0, 
            Suppression Events: 4
Time: 656.26, 
            Production Events: 0, 
            Suppression Events: 0
Time: 656.26, 
            Production Events: 0, 
            Suppression Events: 0
Time: 657.28, 
            Production Events: 0, 
            Suppression Events: 2
Time: 659.5, 
            Production Events: 1, 
            Suppression Events: 1
Time: 659.5, 
            Production Events: 0, 
            Suppression Events: 0
Time: 661.46, 
            Production Events: 0, 
            Suppression Events: 2
Time: 661.46, 
            Production Events: 0, 
            Suppression Events: 0
Time: 662.1, 
            Production Events: 0, 
            Suppression Events: 1
Time: 663.69, 
            Production Events: 0, 
            Suppression Events: 1
Time: 668.12, 
            Production Events: 0, 
            Suppression Events: 2
Time: 668.12, 
            Production Events: 0, 
            Suppression Events: 0
Time: 668.12, 
            Production Events: 0, 
            Suppression Events: 0
Time: 668.12, 
            Production Events: 0, 
            Suppression Events: 0
Time: 668.12, 
            Production Events: 0, 
            Suppression Events: 0
Time: 671.23, 
            Production Events: 0, 
            Suppression Events: 1
Time: 671.23, 
            Production Events: 0, 
            Suppression Events: 0
Time: 671.23, 
            Production Events: 0, 
            Suppression Events: 0
Time: 672.64, 
            Production Events: 0, 
            Suppression Events: 1
Time: 673.86, 
            Production Events: 0, 
            Suppression Events: 1
Time: 674.76, 
            Production Events: 1, 
            Suppression Events: 0
Time: 675.66, 
            Production Events: 0, 
            Suppression Events: 1
Time: 676.65, 
            Production Events: 0, 
            Suppression Events: 1
Time: 678.56, 
            Production Events: 0, 
            Suppression Events: 1
Time: 678.56, 
            Production Events: 0, 
            Suppression Events: 0
Time: 679.43, 
            Production Events: 0, 
            Suppression Events: 1
Time: 681.01, 
            Production Events: 0, 
            Suppression Events: 1
Time: 681.01, 
            Production Events: 0, 
            Suppression Events: 0
Time: 684.36, 
            Production Events: 0, 
            Suppression Events: 3
Time: 684.36, 
            Production Events: 0, 
            Suppression Events: 0
Time: 684.36, 
            Production Events: 0, 
            Suppression Events: 0
Time: 685.33, 
            Production Events: 0, 
            Suppression Events: 1
Time: 686.87, 
            Production Events: 0, 
            Suppression Events: 1
Time: 687.68, 
            Production Events: 0, 
            Suppression Events: 1
Time: 688.41, 
            Production Events: 0, 
            Suppression Events: 1
Time: 689.03, 
            Production Events: 0, 
            Suppression Events: 1
Time: 690.22, 
            Production Events: 0, 
            Suppression Events: 4
Time: 691.05, 
            Production Events: 0, 
            Suppression Events: 2
Time: 695.99, 
            Production Events: 0, 
            Suppression Events: 1
Time: 695.99, 
            Production Events: 0, 
            Suppression Events: 0
Time: 695.99, 
            Production Events: 0, 
            Suppression Events: 0
Time: 695.99, 
            Production Events: 0, 
            Suppression Events: 0
Time: 696.17, 
            Production Events: 0, 
            Suppression Events: 1
Time: 698.17, 
            Production Events: 0, 
            Suppression Events: 1
Time: 698.17, 
            Production Events: 0, 
            Suppression Events: 0
Time: 699.04, 
            Production Events: 0, 
            Suppression Events: 1
Time: 701.26, 
            Production Events: 0, 
            Suppression Events: 3
Time: 701.26, 
            Production Events: 0, 
            Suppression Events: 0
Time: 702.3, 
            Production Events: 0, 
            Suppression Events: 2
Time: 706.96, 
            Production Events: 0, 
            Suppression Events: 1
Time: 706.96, 
            Production Events: 0, 
            Suppression Events: 0
Time: 706.96, 
            Production Events: 0, 
            Suppression Events: 0
Time: 706.96, 
            Production Events: 0, 
            Suppression Events: 0
Time: 707.12, 
            Production Events: 0, 
            Suppression Events: 1
Time: 713.99, 
            Production Events: 0, 
            Suppression Events: 1
Time: 713.99, 
            Production Events: 0, 
            Suppression Events: 0
Time: 713.99, 
            Production Events: 0, 
            Suppression Events: 0
Time: 713.99, 
            Production Events: 0, 
            Suppression Events: 0
Time: 713.99, 
            Production Events: 0, 
            Suppression Events: 0
Time: 713.99, 
            Production Events: 0, 
            Suppression Events: 0
Time: 714.09, 
            Production Events: 0, 
            Suppression Events: 1
Time: 716.3, 
            Production Events: 0, 
            Suppression Events: 2
Time: 716.3, 
            Production Events: 0, 
            Suppression Events: 0
Time: 717.09, 
            Production Events: 0, 
            Suppression Events: 2
Time: 718.13, 
            Production Events: 0, 
            Suppression Events: 2
Time: 719.53, 
            Production Events: 1, 
            Suppression Events: 2
Time: 720.51, 
            Production Events: 0, 
            Suppression Events: 1
Time: 721.2, 
            Production Events: 0, 
            Suppression Events: 1
Time: 722.14, 
            Production Events: 0, 
            Suppression Events: 2
Time: 724.04, 
            Production Events: 0, 
            Suppression Events: 1
Time: 724.04, 
            Production Events: 0, 
            Suppression Events: 0
Time: 725.63, 
            Production Events: 0, 
            Suppression Events: 1
Time: 726.35, 
            Production Events: 0, 
            Suppression Events: 2
Time: 727.99, 
            Production Events: 0, 
            Suppression Events: 1
Time: 728.79, 
            Production Events: 0, 
            Suppression Events: 1
Time: 729.08, 
            Production Events: 0, 
            Suppression Events: 1
Time: 730.25, 
            Production Events: 0, 
            Suppression Events: 3
Time: 731.81, 
            Production Events: 0, 
            Suppression Events: 2
Time: 732.8, 
            Production Events: 0, 
            Suppression Events: 1
Time: 733.29, 
            Production Events: 0, 
            Suppression Events: 1
Time: 735.74, 
            Production Events: 0, 
            Suppression Events: 1
Time: 735.74, 
            Production Events: 0, 
            Suppression Events: 0
Time: 736.38, 
            Production Events: 0, 
            Suppression Events: 1
Time: 737.39, 
            Production Events: 1, 
            Suppression Events: 1
Time: 738.28, 
            Production Events: 0, 
            Suppression Events: 1
Time: 739.28, 
            Production Events: 1, 
            Suppression Events: 1
Time: 740.25, 
            Production Events: 0, 
            Suppression Events: 2
Time: 741.86, 
            Production Events: 0, 
            Suppression Events: 2
Time: 744.37, 
            Production Events: 0, 
            Suppression Events: 1
Time: 744.37, 
            Production Events: 0, 
            Suppression Events: 0
Time: 744.37, 
            Production Events: 0, 
            Suppression Events: 0
Time: 745.4, 
            Production Events: 0, 
            Suppression Events: 3
Time: 746.15, 
            Production Events: 0, 
            Suppression Events: 1
Time: 749.14, 
            Production Events: 0, 
            Suppression Events: 2
Time: 749.14, 
            Production Events: 0, 
            Suppression Events: 0
Time: 749.14, 
            Production Events: 0, 
            Suppression Events: 0
Time: 751.92, 
            Production Events: 0, 
            Suppression Events: 1
Time: 751.92, 
            Production Events: 0, 
            Suppression Events: 0
Time: 752.3, 
            Production Events: 0, 
            Suppression Events: 1
Time: 753.7, 
            Production Events: 0, 
            Suppression Events: 1
Time: 755.03, 
            Production Events: 0, 
            Suppression Events: 1
Time: 755.03, 
            Production Events: 0, 
            Suppression Events: 0
Time: 757.83, 
            Production Events: 0, 
            Suppression Events: 2
Time: 757.83, 
            Production Events: 0, 
            Suppression Events: 0
Time: 758.67, 
            Production Events: 0, 
            Suppression Events: 1
Time: 759.68, 
            Production Events: 0, 
            Suppression Events: 1
Time: 760.69, 
            Production Events: 0, 
            Suppression Events: 1
Time: 762.13, 
            Production Events: 0, 
            Suppression Events: 1
Time: 762.13, 
            Production Events: 0, 
            Suppression Events: 0
Time: 763.13, 
            Production Events: 0, 
            Suppression Events: 1
Time: 764.99, 
            Production Events: 0, 
            Suppression Events: 2
Time: 765.12, 
            Production Events: 1, 
            Suppression Events: 0
Time: 768.87, 
            Production Events: 0, 
            Suppression Events: 2
Time: 768.87, 
            Production Events: 0, 
            Suppression Events: 0
Time: 768.87, 
            Production Events: 0, 
            Suppression Events: 0
Time: 769.77, 
            Production Events: 0, 
            Suppression Events: 1
Time: 772.43, 
            Production Events: 0, 
            Suppression Events: 2
Time: 772.43, 
            Production Events: 0, 
            Suppression Events: 0
Time: 772.43, 
            Production Events: 0, 
            Suppression Events: 0
Time: 773.02, 
            Production Events: 0, 
            Suppression Events: 2
Time: 776.99, 
            Production Events: 0, 
            Suppression Events: 2
Time: 776.99, 
            Production Events: 0, 
            Suppression Events: 0
Time: 776.99, 
            Production Events: 0, 
            Suppression Events: 0
Time: 777.84, 
            Production Events: 0, 
            Suppression Events: 1
Time: 780.87, 
            Production Events: 0, 
            Suppression Events: 2
Time: 780.87, 
            Production Events: 0, 
            Suppression Events: 0
Time: 780.87, 
            Production Events: 0, 
            Suppression Events: 0
Time: 781.93, 
            Production Events: 0, 
            Suppression Events: 1
Time: 782.31, 
            Production Events: 0, 
            Suppression Events: 1
Time: 783.5, 
            Production Events: 0, 
            Suppression Events: 1
Time: 785.7, 
            Production Events: 0, 
            Suppression Events: 1
Time: 785.7, 
            Production Events: 0, 
            Suppression Events: 0
Time: 787.21, 
            Production Events: 0, 
            Suppression Events: 2
Time: 787.21, 
            Production Events: 0, 
            Suppression Events: 0
Time: 789.95, 
            Production Events: 0, 
            Suppression Events: 2
Time: 789.95, 
            Production Events: 0, 
            Suppression Events: 0
Time: 790.06, 
            Production Events: 0, 
            Suppression Events: 1
Time: 791.59, 
            Production Events: 0, 
            Suppression Events: 2
Time: 792.43, 
            Production Events: 0, 
            Suppression Events: 2
Time: 794.79, 
            Production Events: 0, 
            Suppression Events: 1
Time: 794.79, 
            Production Events: 0, 
            Suppression Events: 0
Time: 795.31, 
            Production Events: 0, 
            Suppression Events: 1
Time: 796.36, 
            Production Events: 0, 
            Suppression Events: 1
Time: 797.8, 
            Production Events: 0, 
            Suppression Events: 1
Time: 798.59, 
            Production Events: 0, 
            Suppression Events: 1
Time: 800.12, 
            Production Events: 0, 
            Suppression Events: 1
Time: 800.12, 
            Production Events: 0, 
            Suppression Events: 0
Time: 802.11, 
            Production Events: 0, 
            Suppression Events: 1
Time: 802.11, 
            Production Events: 0, 
            Suppression Events: 0
Time: 804.31, 
            Production Events: 0, 
            Suppression Events: 1
Time: 804.31, 
            Production Events: 0, 
            Suppression Events: 0
Time: 805.78, 
            Production Events: 0, 
            Suppression Events: 1
Time: 806.18, 
            Production Events: 0, 
            Suppression Events: 1
Time: 810.05, 
            Production Events: 0, 
            Suppression Events: 3
Time: 810.05, 
            Production Events: 0, 
            Suppression Events: 0
Time: 810.05, 
            Production Events: 0, 
            Suppression Events: 0
Time: 810.05, 
            Production Events: 0, 
            Suppression Events: 0
Time: 812.63, 
            Production Events: 0, 
            Suppression Events: 3
Time: 812.63, 
            Production Events: 0, 
            Suppression Events: 0
Time: 813.45, 
            Production Events: 0, 
            Suppression Events: 2
Time: 814.26, 
            Production Events: 0, 
            Suppression Events: 1
Time: 816.43, 
            Production Events: 0, 
            Suppression Events: 2
Time: 816.43, 
            Production Events: 0, 
            Suppression Events: 0
Time: 817.1, 
            Production Events: 0, 
            Suppression Events: 2
Time: 820.26, 
            Production Events: 0, 
            Suppression Events: 1
Time: 820.26, 
            Production Events: 0, 
            Suppression Events: 0
Time: 820.26, 
            Production Events: 0, 
            Suppression Events: 0
Time: 821.63, 
            Production Events: 0, 
            Suppression Events: 1
Time: 823.36, 
            Production Events: 0, 
            Suppression Events: 1
Time: 823.36, 
            Production Events: 0, 
            Suppression Events: 0
Time: 825.97, 
            Production Events: 0, 
            Suppression Events: 2
Time: 825.97, 
            Production Events: 0, 
            Suppression Events: 0
Time: 827.18, 
            Production Events: 0, 
            Suppression Events: 1
Time: 827.18, 
            Production Events: 0, 
            Suppression Events: 0
Time: 830.73, 
            Production Events: 0, 
            Suppression Events: 1
Time: 830.73, 
            Production Events: 0, 
            Suppression Events: 0
Time: 830.73, 
            Production Events: 0, 
            Suppression Events: 0
Time: 834.69, 
            Production Events: 0, 
            Suppression Events: 1
Time: 834.69, 
            Production Events: 0, 
            Suppression Events: 0
Time: 834.69, 
            Production Events: 0, 
            Suppression Events: 0
Time: 834.69, 
            Production Events: 0, 
            Suppression Events: 0
Time: 835.95, 
            Production Events: 0, 
            Suppression Events: 1
Time: 837.96, 
            Production Events: 0, 
            Suppression Events: 1
Time: 837.96, 
            Production Events: 0, 
            Suppression Events: 0
Time: 839.42, 
            Production Events: 0, 
            Suppression Events: 1
Time: 839.42, 
            Production Events: 0, 
            Suppression Events: 0
Time: 843.94, 
            Production Events: 0, 
            Suppression Events: 1
Time: 843.94, 
            Production Events: 0, 
            Suppression Events: 0
Time: 843.94, 
            Production Events: 0, 
            Suppression Events: 0
Time: 843.94, 
            Production Events: 0, 
            Suppression Events: 0
Time: 847.04, 
            Production Events: 0, 
            Suppression Events: 1
Time: 847.04, 
            Production Events: 0, 
            Suppression Events: 0
Time: 847.04, 
            Production Events: 0, 
            Suppression Events: 0
Time: 847.04, 
            Production Events: 0, 
            Suppression Events: 0
Time: 848.51, 
            Production Events: 0, 
            Suppression Events: 1
Time: 849.04, 
            Production Events: 0, 
            Suppression Events: 1
Time: 850.08, 
            Production Events: 0, 
            Suppression Events: 3
Time: 851.41, 
            Production Events: 0, 
            Suppression Events: 2
Time: 852.46, 
            Production Events: 0, 
            Suppression Events: 2
Time: 853.43, 
            Production Events: 0, 
            Suppression Events: 1
Time: 854.4, 
            Production Events: 0, 
            Suppression Events: 3
Time: 855.16, 
            Production Events: 0, 
            Suppression Events: 1
Time: 856.17, 
            Production Events: 0, 
            Suppression Events: 1
Time: 857.46, 
            Production Events: 0, 
            Suppression Events: 2
Time: 858.45, 
            Production Events: 1, 
            Suppression Events: 2
Time: 859.19, 
            Production Events: 0, 
            Suppression Events: 1
Time: 861.05, 
            Production Events: 0, 
            Suppression Events: 3
Time: 861.05, 
            Production Events: 0, 
            Suppression Events: 0
Time: 863.28, 
            Production Events: 0, 
            Suppression Events: 1
Time: 863.28, 
            Production Events: 0, 
            Suppression Events: 0
Time: 864.26, 
            Production Events: 2, 
            Suppression Events: 1
Time: 866.15, 
            Production Events: 0, 
            Suppression Events: 2
Time: 866.15, 
            Production Events: 0, 
            Suppression Events: 0
Time: 868.28, 
            Production Events: 0, 
            Suppression Events: 1
Time: 868.28, 
            Production Events: 0, 
            Suppression Events: 0
Time: 869.63, 
            Production Events: 1, 
            Suppression Events: 2
Time: 870.1, 
            Production Events: 1, 
            Suppression Events: 1
Time: 871.29, 
            Production Events: 0, 
            Suppression Events: 1
Time: 874.28, 
            Production Events: 0, 
            Suppression Events: 3
Time: 874.28, 
            Production Events: 0, 
            Suppression Events: 0
Time: 874.28, 
            Production Events: 0, 
            Suppression Events: 0
Time: 876.16, 
            Production Events: 0, 
            Suppression Events: 2
Time: 876.16, 
            Production Events: 0, 
            Suppression Events: 0
Time: 877.94, 
            Production Events: 0, 
            Suppression Events: 2
Time: 878.04, 
            Production Events: 0, 
            Suppression Events: 1
Time: 883.73, 
            Production Events: 0, 
            Suppression Events: 3
Time: 883.73, 
            Production Events: 0, 
            Suppression Events: 0
Time: 883.73, 
            Production Events: 0, 
            Suppression Events: 0
Time: 883.73, 
            Production Events: 0, 
            Suppression Events: 0
Time: 883.73, 
            Production Events: 0, 
            Suppression Events: 0
Time: 884.72, 
            Production Events: 0, 
            Suppression Events: 1
Time: 886.04, 
            Production Events: 0, 
            Suppression Events: 1
Time: 886.04, 
            Production Events: 0, 
            Suppression Events: 0
Time: 887.54, 
            Production Events: 0, 
            Suppression Events: 2
Time: 889.38, 
            Production Events: 0, 
            Suppression Events: 1
Time: 889.38, 
            Production Events: 0, 
            Suppression Events: 0
Time: 890.12, 
            Production Events: 0, 
            Suppression Events: 1
Time: 892.58, 
            Production Events: 0, 
            Suppression Events: 1
Time: 892.58, 
            Production Events: 0, 
            Suppression Events: 0
Time: 893.62, 
            Production Events: 0, 
            Suppression Events: 2
Time: 894.03, 
            Production Events: 0, 
            Suppression Events: 1
Time: 895.29, 
            Production Events: 0, 
            Suppression Events: 1
Time: 896.05, 
            Production Events: 0, 
            Suppression Events: 4
Time: 897.23, 
            Production Events: 0, 
            Suppression Events: 2
Time: 898.84, 
            Production Events: 0, 
            Suppression Events: 2
Time: 903.05, 
            Production Events: 0, 
            Suppression Events: 1
Time: 903.05, 
            Production Events: 0, 
            Suppression Events: 0
Time: 903.05, 
            Production Events: 0, 
            Suppression Events: 0
Time: 903.05, 
            Production Events: 0, 
            Suppression Events: 0
Time: 903.05, 
            Production Events: 0, 
            Suppression Events: 0
Time: 904.17, 
            Production Events: 0, 
            Suppression Events: 1
Time: 905.83, 
            Production Events: 0, 
            Suppression Events: 2
Time: 906.28, 
            Production Events: 0, 
            Suppression Events: 1
Time: 907.07, 
            Production Events: 0, 
            Suppression Events: 1
Time: 908.7, 
            Production Events: 0, 
            Suppression Events: 1
Time: 909.49, 
            Production Events: 0, 
            Suppression Events: 1
Time: 910.54, 
            Production Events: 0, 
            Suppression Events: 3
Time: 911.6, 
            Production Events: 1, 
            Suppression Events: 0
Time: 913.32, 
            Production Events: 0, 
            Suppression Events: 2
Time: 913.32, 
            Production Events: 0, 
            Suppression Events: 0
Time: 914.94, 
            Production Events: 1, 
            Suppression Events: 0
Time: 916.49, 
            Production Events: 0, 
            Suppression Events: 1
Time: 916.49, 
            Production Events: 0, 
            Suppression Events: 0
Time: 918.94, 
            Production Events: 0, 
            Suppression Events: 1
Time: 918.94, 
            Production Events: 0, 
            Suppression Events: 0
Time: 919.72, 
            Production Events: 0, 
            Suppression Events: 1
Time: 920.31, 
            Production Events: 0, 
            Suppression Events: 2
Time: 922.01, 
            Production Events: 0, 
            Suppression Events: 1
Time: 922.01, 
            Production Events: 0, 
            Suppression Events: 0
Time: 923.25, 
            Production Events: 0, 
            Suppression Events: 3
Time: 924.35, 
            Production Events: 0, 
            Suppression Events: 3
Time: 925.19, 
            Production Events: 0, 
            Suppression Events: 3
Time: 928.16, 
            Production Events: 0, 
            Suppression Events: 2
Time: 928.16, 
            Production Events: 0, 
            Suppression Events: 0
Time: 928.16, 
            Production Events: 0, 
            Suppression Events: 0
Time: 929.14, 
            Production Events: 0, 
            Suppression Events: 1
Time: 930.73, 
            Production Events: 0, 
            Suppression Events: 1
Time: 932.79, 
            Production Events: 0, 
            Suppression Events: 2
Time: 932.79, 
            Production Events: 0, 
            Suppression Events: 0
Time: 933.29, 
            Production Events: 0, 
            Suppression Events: 1
Time: 934.02, 
            Production Events: 0, 
            Suppression Events: 5
Time: 936.91, 
            Production Events: 0, 
            Suppression Events: 2
Time: 936.91, 
            Production Events: 0, 
            Suppression Events: 0
Time: 938.14, 
            Production Events: 0, 
            Suppression Events: 1
Time: 938.14, 
            Production Events: 0, 
            Suppression Events: 0
Time: 939.95, 
            Production Events: 0, 
            Suppression Events: 1
Time: 941.08, 
            Production Events: 0, 
            Suppression Events: 1
Time: 941.08, 
            Production Events: 0, 
            Suppression Events: 0
Time: 942.98, 
            Production Events: 0, 
            Suppression Events: 2
Time: 946.06, 
            Production Events: 0, 
            Suppression Events: 1
Time: 946.06, 
            Production Events: 0, 
            Suppression Events: 0
Time: 946.06, 
            Production Events: 0, 
            Suppression Events: 0
Time: 946.06, 
            Production Events: 0, 
            Suppression Events: 0
Time: 947.27, 
            Production Events: 0, 
            Suppression Events: 1
Time: 950.94, 
            Production Events: 0, 
            Suppression Events: 1
Time: 950.94, 
            Production Events: 0, 
            Suppression Events: 0
Time: 950.94, 
            Production Events: 0, 
            Suppression Events: 0
Time: 952.52, 
            Production Events: 0, 
            Suppression Events: 1
Time: 952.52, 
            Production Events: 0, 
            Suppression Events: 0
Time: 953.24, 
            Production Events: 0, 
            Suppression Events: 1
Time: 955.38, 
            Production Events: 0, 
            Suppression Events: 1
Time: 955.38, 
            Production Events: 0, 
            Suppression Events: 0
Time: 956.21, 
            Production Events: 0, 
            Suppression Events: 1
Time: 957.69, 
            Production Events: 0, 
            Suppression Events: 2
Time: 959.02, 
            Production Events: 0, 
            Suppression Events: 2
Time: 959.02, 
            Production Events: 0, 
            Suppression Events: 0
Time: 960.71, 
            Production Events: 1, 
            Suppression Events: 1
Time: 961.61, 
            Production Events: 0, 
            Suppression Events: 1
Time: 963.54, 
            Production Events: 0, 
            Suppression Events: 3
Time: 963.54, 
            Production Events: 0, 
            Suppression Events: 0
Time: 964.29, 
            Production Events: 0, 
            Suppression Events: 2
Time: 965.77, 
            Production Events: 0, 
            Suppression Events: 2
Time: 966.11, 
            Production Events: 0, 
            Suppression Events: 1
Time: 969.35, 
            Production Events: 0, 
            Suppression Events: 3
Time: 969.35, 
            Production Events: 0, 
            Suppression Events: 0
Time: 969.35, 
            Production Events: 0, 
            Suppression Events: 0
Time: 972.62, 
            Production Events: 0, 
            Suppression Events: 2
Time: 972.62, 
            Production Events: 0, 
            Suppression Events: 0
Time: 972.62, 
            Production Events: 0, 
            Suppression Events: 0
Time: 974.28, 
            Production Events: 0, 
            Suppression Events: 2
Time: 974.28, 
            Production Events: 0, 
            Suppression Events: 0
Time: 975.26, 
            Production Events: 0, 
            Suppression Events: 2
Time: 976.53, 
            Production Events: 0, 
            Suppression Events: 1
Time: 977.34, 
            Production Events: 0, 
            Suppression Events: 1
Time: 978.07, 
            Production Events: 0, 
            Suppression Events: 2
Time: 981.65, 
            Production Events: 0, 
            Suppression Events: 2
Time: 981.65, 
            Production Events: 0, 
            Suppression Events: 0
Time: 981.65, 
            Production Events: 0, 
            Suppression Events: 0
Time: 984.74, 
            Production Events: 0, 
            Suppression Events: 1
Time: 984.74, 
            Production Events: 0, 
            Suppression Events: 0
Time: 984.74, 
            Production Events: 0, 
            Suppression Events: 0
Time: 985.03, 
            Production Events: 0, 
            Suppression Events: 1
Time: 986.38, 
            Production Events: 0, 
            Suppression Events: 3
Time: 987.24, 
            Production Events: 0, 
            Suppression Events: 1
Time: 990.43, 
            Production Events: 0, 
            Suppression Events: 1
Time: 990.43, 
            Production Events: 0, 
            Suppression Events: 0
Time: 990.43, 
            Production Events: 0, 
            Suppression Events: 0
Time: 991.06, 
            Production Events: 0, 
            Suppression Events: 2
Time: 993.12, 
            Production Events: 0, 
            Suppression Events: 2
Time: 993.12, 
            Production Events: 0, 
            Suppression Events: 0
Time: 994.07, 
            Production Events: 1, 
            Suppression Events: 0
Time: 995.87, 
            Production Events: 0, 
            Suppression Events: 2
Time: 997.55, 
            Production Events: 0, 
            Suppression Events: 1
Time: 997.55, 
            Production Events: 0, 
            Suppression Events: 0
Time: 999.02, 
            Production Events: 0, 
            Suppression Events: 1
Time: 999.02, 
            Production Events: 0, 
            Suppression Events: 0
Time: 1002.93, 
            Production Events: 0, 
            Suppression Events: 1
Simulation completed:
  Final time: 1002.9270706034802
  Total events: 1013
  Wall time: 6146.98 seconds

Saving simulation results with clean separation...
Task evolution saved to: 5t5b/5t5b_mfcsb/data/param_102_rep_1_2025-11-21_171535/states.csv
Events saved to: 5t5b/5t5b_mfcsb/data/param_102_rep_1_2025-11-21_171535/events.csv
Saving event log (raw and DataFrame)...
log DataFrame size: (1018, 9)
short view:
59 DataFrame
 Row  time     bee1_id  bee2_id  task_id  task_1   task_2   task_3     task_4 
      Float64  Int64    Int64    Int64    Float64  Float64  Float64    Float6 

   1      0.0        1        0        0   0.065    0.0899  0.195567    0.087 
   2      0.0        2        0        0   0.1144   0.1238  0.0888138   0.120
   3      0.0        3        0        0   0.096    0.0855  0.0864321   0.197
   4      0.0        4        0        0   0.0879   0.0999  0.0915796   0.098
   5      0.0        5        0        0   0.0821   0.0816  0.084012    0.078 
                                                               2 columns omittedEvent log saved to: 5t5b/5t5b_mfcsb/data/param_102_rep_1_2025-11-21_171535/event_log.json
Event log DataFrame saved to: 5t5b/5t5b_mfcsb/data/param_102_rep_1_2025-11-21_171535/event_log.csv
Metadata and configuration saved to: 5t5b/5t5b_mfcsb/data/param_102_rep_1_2025-11-21_171535/config.json
Task index mapping saved to: 5t5b/5t5b_mfcsb/data/param_102_rep_1_2025-11-21_171535/task_index_mapping.json
All results saved to directory: 5t5b/5t5b_mfcsb/data/param_102_rep_1_2025-11-21_171535
Simulation completed successfully!
Job finished at: Fri Nov 21 06:58:33 PM CET 2025
