Job array started at: Fri Nov 21 06:25:44 PM CET 2025
Job ID: 10862092
Array Job ID: 10860410
Array Task ID: 143
Node: th-ws-7010m47
Loading Julia module...
Module loaded: /software/opt/el_9/x86_64/julia/1.11.3/bin/julia
Changing to project directory...
Current directory: /scratch/n/N.Pfaffenzeller/nikolas_nethive/nethive_multiverse
Running parameter combination 143, replicate 1
Starting Julia simulation...
Running simulation with the following configuration:
  dataset_names: [:mnist, :cifar10, :svhn2, :fashion_mnist, :bank]
  param_id: 143
  n_bees: 5
  batch_size: 32
  replicate_id: 1
  punish_rate: 0.1
  punishment: time_out
  lambda_sensitivity: 100
  save_nn_epochs: 0
  production_rate: 1
  interaction_rate: 10
  batches_per_step: 100
  learning_rate: 0.0001
  max_output_dim: 10
  n_steps_per_epoch: 1
  dead_time: 100
  max_input_dim: 3072
  n_epochs: 1000
  seed: 1130148042

Starting simulation with configuration:
  dataset_names: [:mnist, :cifar10, :svhn2, :fashion_mnist, :bank]
  param_id: 143
  n_bees: 5
  batch_size: 32
  replicate_id: 1
  punish_rate: 0.1
  punishment: time_out
  lambda_sensitivity: 100
  save_nn_epochs: 0
  production_rate: 1
  interaction_rate: 10
  batches_per_step: 100
  run_timestamp: 2025-11-21T18:26:15.929
  learning_rate: 0.0001
  max_output_dim: 10
  n_steps_per_epoch: 1
  dead_time: 100
  max_input_dim: 3072
  n_epochs: 1000
  seed: 1130148042
Random seed: 1130148042

Starting simulation...
Time: 1.11, 
            Production Events: 2, 
            Suppression Events: 1
Time: 2.88, 
            Production Events: 1, 
            Suppression Events: 1
Time: 3.08, 
            Production Events: 0, 
            Suppression Events: 1
Time: 5.81, 
            Production Events: 1, 
            Suppression Events: 1
Time: 5.81, 
            Production Events: 0, 
            Suppression Events: 0
Time: 6.04, 
            Production Events: 1, 
            Suppression Events: 0
Time: 7.0, 
            Production Events: 3, 
            Suppression Events: 0
Time: 8.65, 
            Production Events: 1, 
            Suppression Events: 2
Time: 9.44, 
            Production Events: 0, 
            Suppression Events: 1
Time: 10.22, 
            Production Events: 0, 
            Suppression Events: 2
Time: 11.03, 
            Production Events: 1, 
            Suppression Events: 1
Time: 12.09, 
            Production Events: 0, 
            Suppression Events: 1
Time: 13.57, 
            Production Events: 0, 
            Suppression Events: 3
Time: 14.79, 
            Production Events: 0, 
            Suppression Events: 1
Time: 16.82, 
            Production Events: 1, 
            Suppression Events: 1
Time: 16.82, 
            Production Events: 0, 
            Suppression Events: 0
Time: 17.14, 
            Production Events: 1, 
            Suppression Events: 0
Time: 19.28, 
            Production Events: 0, 
            Suppression Events: 1
Time: 19.28, 
            Production Events: 0, 
            Suppression Events: 0
Time: 20.66, 
            Production Events: 0, 
            Suppression Events: 2
Time: 21.7, 
            Production Events: 1, 
            Suppression Events: 0
Time: 22.48, 
            Production Events: 0, 
            Suppression Events: 1
Time: 23.01, 
            Production Events: 0, 
            Suppression Events: 2
Time: 25.72, 
            Production Events: 0, 
            Suppression Events: 2
Time: 25.72, 
            Production Events: 0, 
            Suppression Events: 0
Time: 26.21, 
            Production Events: 1, 
            Suppression Events: 0
Time: 27.06, 
            Production Events: 0, 
            Suppression Events: 1
Time: 28.72, 
            Production Events: 1, 
            Suppression Events: 1
Time: 29.03, 
            Production Events: 0, 
            Suppression Events: 1
Time: 30.91, 
            Production Events: 1, 
            Suppression Events: 0
Time: 31.62, 
            Production Events: 0, 
            Suppression Events: 1
Time: 32.69, 
            Production Events: 0, 
            Suppression Events: 1
Time: 34.67, 
            Production Events: 1, 
            Suppression Events: 0
Time: 34.67, 
            Production Events: 0, 
            Suppression Events: 0
Time: 35.31, 
            Production Events: 0, 
            Suppression Events: 1
Time: 37.05, 
            Production Events: 0, 
            Suppression Events: 2
Time: 37.05, 
            Production Events: 0, 
            Suppression Events: 0
Time: 38.98, 
            Production Events: 0, 
            Suppression Events: 1
Time: 39.29, 
            Production Events: 0, 
            Suppression Events: 1
Time: 41.95, 
            Production Events: 0, 
            Suppression Events: 1
Time: 41.95, 
            Production Events: 0, 
            Suppression Events: 0
Time: 44.8, 
            Production Events: 0, 
            Suppression Events: 1
Time: 44.8, 
            Production Events: 0, 
            Suppression Events: 0
Time: 44.8, 
            Production Events: 0, 
            Suppression Events: 0
Time: 49.25, 
            Production Events: 1, 
            Suppression Events: 1
Time: 49.25, 
            Production Events: 0, 
            Suppression Events: 0
Time: 49.25, 
            Production Events: 0, 
            Suppression Events: 0
Time: 49.25, 
            Production Events: 0, 
            Suppression Events: 0
Time: 49.25, 
            Production Events: 0, 
            Suppression Events: 0
Time: 50.2, 
            Production Events: 2, 
            Suppression Events: 1
Time: 52.44, 
            Production Events: 0, 
            Suppression Events: 1
Time: 52.44, 
            Production Events: 0, 
            Suppression Events: 0
Time: 53.26, 
            Production Events: 0, 
            Suppression Events: 1
Time: 54.41, 
            Production Events: 0, 
            Suppression Events: 3
Time: 56.66, 
            Production Events: 0, 
            Suppression Events: 1
Time: 56.66, 
            Production Events: 0, 
            Suppression Events: 0
Time: 57.54, 
            Production Events: 0, 
            Suppression Events: 1
Time: 58.5, 
            Production Events: 0, 
            Suppression Events: 1
Time: 59.09, 
            Production Events: 0, 
            Suppression Events: 2
Time: 61.05, 
            Production Events: 0, 
            Suppression Events: 2
Time: 61.05, 
            Production Events: 0, 
            Suppression Events: 0
Time: 62.48, 
            Production Events: 1, 
            Suppression Events: 0
Time: 64.97, 
            Production Events: 0, 
            Suppression Events: 3
Time: 64.97, 
            Production Events: 0, 
            Suppression Events: 0
Time: 67.99, 
            Production Events: 0, 
            Suppression Events: 1
Time: 67.99, 
            Production Events: 0, 
            Suppression Events: 0
Time: 67.99, 
            Production Events: 0, 
            Suppression Events: 0
Time: 68.17, 
            Production Events: 0, 
            Suppression Events: 1
Time: 69.33, 
            Production Events: 1, 
            Suppression Events: 1
Time: 70.65, 
            Production Events: 0, 
            Suppression Events: 1
Time: 71.03, 
            Production Events: 1, 
            Suppression Events: 0
Time: 72.62, 
            Production Events: 0, 
            Suppression Events: 1
Time: 73.27, 
            Production Events: 0, 
            Suppression Events: 1
Time: 76.13, 
            Production Events: 0, 
            Suppression Events: 2
Time: 76.13, 
            Production Events: 0, 
            Suppression Events: 0
Time: 76.13, 
            Production Events: 0, 
            Suppression Events: 0
Time: 78.85, 
            Production Events: 0, 
            Suppression Events: 1
Time: 78.85, 
            Production Events: 0, 
            Suppression Events: 0
Time: 79.92, 
            Production Events: 1, 
            Suppression Events: 0
Time: 80.59, 
            Production Events: 0, 
            Suppression Events: 1
Time: 81.73, 
            Production Events: 0, 
            Suppression Events: 1
Time: 82.54, 
            Production Events: 1, 
            Suppression Events: 0
Time: 84.36, 
            Production Events: 0, 
            Suppression Events: 2
Time: 84.36, 
            Production Events: 0, 
            Suppression Events: 0
Time: 85.22, 
            Production Events: 1, 
            Suppression Events: 1
Time: 86.49, 
            Production Events: 0, 
            Suppression Events: 1
Time: 88.74, 
            Production Events: 0, 
            Suppression Events: 1
Time: 88.74, 
            Production Events: 0, 
            Suppression Events: 0
Time: 89.09, 
            Production Events: 0, 
            Suppression Events: 1
Time: 91.12, 
            Production Events: 1, 
            Suppression Events: 1
Time: 91.12, 
            Production Events: 0, 
            Suppression Events: 0
Time: 93.1, 
            Production Events: 1, 
            Suppression Events: 0
Time: 93.1, 
            Production Events: 0, 
            Suppression Events: 0
Time: 94.6, 
            Production Events: 1, 
            Suppression Events: 1
Time: 95.18, 
            Production Events: 0, 
            Suppression Events: 1
Time: 96.95, 
            Production Events: 0, 
            Suppression Events: 2
Time: 97.46, 
            Production Events: 0, 
            Suppression Events: 1
Time: 98.46, 
            Production Events: 0, 
            Suppression Events: 1
Time: 99.34, 
            Production Events: 0, 
            Suppression Events: 2
Time: 100.17, 
            Production Events: 0, 
            Suppression Events: 2
Time: 101.7, 
            Production Events: 1, 
            Suppression Events: 2
Time: 102.83, 
            Production Events: 0, 
            Suppression Events: 1
Time: 104.45, 
            Production Events: 1, 
            Suppression Events: 0
Time: 104.45, 
            Production Events: 0, 
            Suppression Events: 0
Time: 106.64, 
            Production Events: 0, 
            Suppression Events: 1
Time: 106.64, 
            Production Events: 0, 
            Suppression Events: 0
Time: 107.31, 
            Production Events: 1, 
            Suppression Events: 1
Time: 109.75, 
            Production Events: 0, 
            Suppression Events: 1
Time: 109.75, 
            Production Events: 0, 
            Suppression Events: 0
Time: 110.01, 
            Production Events: 0, 
            Suppression Events: 1
Time: 111.85, 
            Production Events: 0, 
            Suppression Events: 1
Time: 112.6, 
            Production Events: 0, 
            Suppression Events: 1
Time: 113.42, 
            Production Events: 2, 
            Suppression Events: 0
Time: 114.21, 
            Production Events: 0, 
            Suppression Events: 1
Time: 116.13, 
            Production Events: 1, 
            Suppression Events: 1
Time: 116.13, 
            Production Events: 0, 
            Suppression Events: 0
Time: 119.86, 
            Production Events: 0, 
            Suppression Events: 1
Time: 119.86, 
            Production Events: 0, 
            Suppression Events: 0
Time: 119.86, 
            Production Events: 0, 
            Suppression Events: 0
Time: 120.64, 
            Production Events: 1, 
            Suppression Events: 0
Time: 121.74, 
            Production Events: 0, 
            Suppression Events: 1
Time: 122.61, 
            Production Events: 0, 
            Suppression Events: 1
Time: 123.35, 
            Production Events: 0, 
            Suppression Events: 1
Time: 124.97, 
            Production Events: 0, 
            Suppression Events: 2
Time: 127.03, 
            Production Events: 0, 
            Suppression Events: 1
Time: 127.03, 
            Production Events: 0, 
            Suppression Events: 0
Time: 127.03, 
            Production Events: 0, 
            Suppression Events: 0
Time: 128.87, 
            Production Events: 0, 
            Suppression Events: 1
Time: 129.88, 
            Production Events: 0, 
            Suppression Events: 1
Time: 131.28, 
            Production Events: 0, 
            Suppression Events: 1
Time: 131.28, 
            Production Events: 0, 
            Suppression Events: 0
Time: 133.59, 
            Production Events: 1, 
            Suppression Events: 1
Time: 133.59, 
            Production Events: 0, 
            Suppression Events: 0
Time: 134.17, 
            Production Events: 0, 
            Suppression Events: 1
Time: 136.03, 
            Production Events: 0, 
            Suppression Events: 1
Time: 136.03, 
            Production Events: 0, 
            Suppression Events: 0
Time: 138.75, 
            Production Events: 0, 
            Suppression Events: 1
Time: 138.75, 
            Production Events: 0, 
            Suppression Events: 0
Time: 139.39, 
            Production Events: 0, 
            Suppression Events: 1
Time: 143.95, 
            Production Events: 2, 
            Suppression Events: 0
Time: 143.95, 
            Production Events: 0, 
            Suppression Events: 0
Time: 143.95, 
            Production Events: 0, 
            Suppression Events: 0
Time: 143.95, 
            Production Events: 0, 
            Suppression Events: 0
Time: 144.18, 
            Production Events: 0, 
            Suppression Events: 1
Time: 145.57, 
            Production Events: 1, 
            Suppression Events: 1
Time: 146.53, 
            Production Events: 1, 
            Suppression Events: 0
Time: 152.52, 
            Production Events: 0, 
            Suppression Events: 1
Time: 152.52, 
            Production Events: 0, 
            Suppression Events: 0
Time: 152.52, 
            Production Events: 0, 
            Suppression Events: 0
Time: 152.52, 
            Production Events: 0, 
            Suppression Events: 0
Time: 152.52, 
            Production Events: 0, 
            Suppression Events: 0
Time: 152.52, 
            Production Events: 0, 
            Suppression Events: 0
Time: 153.96, 
            Production Events: 0, 
            Suppression Events: 1
Time: 155.42, 
            Production Events: 0, 
            Suppression Events: 1
Time: 155.42, 
            Production Events: 0, 
            Suppression Events: 0
Time: 156.92, 
            Production Events: 1, 
            Suppression Events: 0
Time: 157.24, 
            Production Events: 0, 
            Suppression Events: 1
Time: 161.77, 
            Production Events: 1, 
            Suppression Events: 0
Time: 161.77, 
            Production Events: 0, 
            Suppression Events: 0
Time: 161.77, 
            Production Events: 0, 
            Suppression Events: 0
Time: 161.77, 
            Production Events: 0, 
            Suppression Events: 0
Time: 162.47, 
            Production Events: 0, 
            Suppression Events: 1
Time: 167.5, 
            Production Events: 0, 
            Suppression Events: 1
Time: 167.5, 
            Production Events: 0, 
            Suppression Events: 0
Time: 167.5, 
            Production Events: 0, 
            Suppression Events: 0
Time: 167.5, 
            Production Events: 0, 
            Suppression Events: 0
Time: 167.5, 
            Production Events: 0, 
            Suppression Events: 0
Time: 168.13, 
            Production Events: 1, 
            Suppression Events: 0
Time: 169.89, 
            Production Events: 0, 
            Suppression Events: 3
Time: 170.55, 
            Production Events: 0, 
            Suppression Events: 1
Time: 171.74, 
            Production Events: 1, 
            Suppression Events: 1
Time: 173.54, 
            Production Events: 1, 
            Suppression Events: 0
Time: 173.54, 
            Production Events: 0, 
            Suppression Events: 0
Time: 174.35, 
            Production Events: 3, 
            Suppression Events: 0
Time: 176.28, 
            Production Events: 0, 
            Suppression Events: 1
Time: 176.28, 
            Production Events: 0, 
            Suppression Events: 0
Time: 177.9, 
            Production Events: 0, 
            Suppression Events: 1
Time: 178.42, 
            Production Events: 1, 
            Suppression Events: 1
Time: 179.26, 
            Production Events: 1, 
            Suppression Events: 0
Time: 180.08, 
            Production Events: 0, 
            Suppression Events: 1
Time: 182.54, 
            Production Events: 0, 
            Suppression Events: 1
Time: 182.54, 
            Production Events: 0, 
            Suppression Events: 0
Time: 183.2, 
            Production Events: 1, 
            Suppression Events: 1
Time: 184.91, 
            Production Events: 2, 
            Suppression Events: 0
Time: 185.15, 
            Production Events: 0, 
            Suppression Events: 1
Time: 186.11, 
            Production Events: 0, 
            Suppression Events: 2
Time: 187.79, 
            Production Events: 1, 
            Suppression Events: 0
Time: 190.46, 
            Production Events: 0, 
            Suppression Events: 1
Time: 190.46, 
            Production Events: 0, 
            Suppression Events: 0
Time: 190.46, 
            Production Events: 0, 
            Suppression Events: 0
Time: 191.29, 
            Production Events: 0, 
            Suppression Events: 1
Time: 196.84, 
            Production Events: 0, 
            Suppression Events: 1
Time: 196.84, 
            Production Events: 0, 
            Suppression Events: 0
Time: 196.84, 
            Production Events: 0, 
            Suppression Events: 0
Time: 196.84, 
            Production Events: 0, 
            Suppression Events: 0
Time: 196.84, 
            Production Events: 0, 
            Suppression Events: 0
Time: 197.1, 
            Production Events: 0, 
            Suppression Events: 1
Time: 198.53, 
            Production Events: 0, 
            Suppression Events: 4
Time: 200.38, 
            Production Events: 0, 
            Suppression Events: 4
Time: 200.38, 
            Production Events: 0, 
            Suppression Events: 0
Time: 201.46, 
            Production Events: 0, 
            Suppression Events: 1
Time: 204.1, 
            Production Events: 1, 
            Suppression Events: 1
Time: 204.1, 
            Production Events: 0, 
            Suppression Events: 0
Time: 204.1, 
            Production Events: 0, 
            Suppression Events: 0
Time: 208.47, 
            Production Events: 0, 
            Suppression Events: 1
Time: 208.47, 
            Production Events: 0, 
            Suppression Events: 0
Time: 208.47, 
            Production Events: 0, 
            Suppression Events: 0
Time: 208.47, 
            Production Events: 0, 
            Suppression Events: 0
Time: 210.44, 
            Production Events: 0, 
            Suppression Events: 2
Time: 210.44, 
            Production Events: 0, 
            Suppression Events: 0
Time: 212.74, 
            Production Events: 0, 
            Suppression Events: 1
Time: 212.74, 
            Production Events: 0, 
            Suppression Events: 0
Time: 214.32, 
            Production Events: 1, 
            Suppression Events: 0
Time: 214.32, 
            Production Events: 0, 
            Suppression Events: 0
Time: 217.12, 
            Production Events: 1, 
            Suppression Events: 1
Time: 217.12, 
            Production Events: 0, 
            Suppression Events: 0
Time: 217.12, 
            Production Events: 0, 
            Suppression Events: 0
Time: 218.56, 
            Production Events: 1, 
            Suppression Events: 2
Time: 221.46, 
            Production Events: 0, 
            Suppression Events: 1
Time: 221.46, 
            Production Events: 0, 
            Suppression Events: 0
Time: 221.46, 
            Production Events: 0, 
            Suppression Events: 0
Time: 222.9, 
            Production Events: 0, 
            Suppression Events: 2
Time: 223.32, 
            Production Events: 1, 
            Suppression Events: 1
Time: 224.12, 
            Production Events: 1, 
            Suppression Events: 0
Time: 225.59, 
            Production Events: 0, 
            Suppression Events: 2
Time: 226.57, 
            Production Events: 0, 
            Suppression Events: 1
Time: 229.68, 
            Production Events: 1, 
            Suppression Events: 0
Time: 229.68, 
            Production Events: 0, 
            Suppression Events: 0
Time: 229.68, 
            Production Events: 0, 
            Suppression Events: 0
Time: 231.48, 
            Production Events: 1, 
            Suppression Events: 0
Time: 231.48, 
            Production Events: 0, 
            Suppression Events: 0
Time: 232.44, 
            Production Events: 0, 
            Suppression Events: 1
Time: 238.27, 
            Production Events: 1, 
            Suppression Events: 0
Time: 238.27, 
            Production Events: 0, 
            Suppression Events: 0
Time: 238.27, 
            Production Events: 0, 
            Suppression Events: 0
Time: 238.27, 
            Production Events: 0, 
            Suppression Events: 0
Time: 238.27, 
            Production Events: 0, 
            Suppression Events: 0
Time: 238.27, 
            Production Events: 0, 
            Suppression Events: 0
Time: 239.01, 
            Production Events: 1, 
            Suppression Events: 0
Time: 240.1, 
            Production Events: 0, 
            Suppression Events: 2
Time: 241.28, 
            Production Events: 1, 
            Suppression Events: 0
Time: 243.91, 
            Production Events: 0, 
            Suppression Events: 1
Time: 243.91, 
            Production Events: 0, 
            Suppression Events: 0
Time: 244.22, 
            Production Events: 0, 
            Suppression Events: 2
Time: 246.09, 
            Production Events: 0, 
            Suppression Events: 1
Time: 246.09, 
            Production Events: 0, 
            Suppression Events: 0
Time: 247.22, 
            Production Events: 1, 
            Suppression Events: 1
Time: 249.72, 
            Production Events: 0, 
            Suppression Events: 3
Time: 249.72, 
            Production Events: 0, 
            Suppression Events: 0
Time: 252.15, 
            Production Events: 0, 
            Suppression Events: 1
Time: 252.15, 
            Production Events: 0, 
            Suppression Events: 0
Time: 252.15, 
            Production Events: 0, 
            Suppression Events: 0
Time: 253.51, 
            Production Events: 0, 
            Suppression Events: 1
Time: 255.06, 
            Production Events: 1, 
            Suppression Events: 0
Time: 255.06, 
            Production Events: 0, 
            Suppression Events: 0
Time: 258.23, 
            Production Events: 1, 
            Suppression Events: 2
Time: 258.23, 
            Production Events: 0, 
            Suppression Events: 0
Time: 258.23, 
            Production Events: 0, 
            Suppression Events: 0
Time: 259.24, 
            Production Events: 0, 
            Suppression Events: 2
Time: 260.24, 
            Production Events: 0, 
            Suppression Events: 1
Time: 261.38, 
            Production Events: 0, 
            Suppression Events: 1
Time: 263.13, 
            Production Events: 0, 
            Suppression Events: 1
Time: 263.13, 
            Production Events: 0, 
            Suppression Events: 0
Time: 267.63, 
            Production Events: 0, 
            Suppression Events: 2
Time: 267.63, 
            Production Events: 0, 
            Suppression Events: 0
Time: 267.63, 
            Production Events: 0, 
            Suppression Events: 0
Time: 267.63, 
            Production Events: 0, 
            Suppression Events: 0
Time: 269.92, 
            Production Events: 0, 
            Suppression Events: 1
Time: 269.92, 
            Production Events: 0, 
            Suppression Events: 0
Time: 271.34, 
            Production Events: 0, 
            Suppression Events: 2
Time: 271.34, 
            Production Events: 0, 
            Suppression Events: 0
Time: 273.15, 
            Production Events: 0, 
            Suppression Events: 3
Time: 273.15, 
            Production Events: 0, 
            Suppression Events: 0
Time: 274.41, 
            Production Events: 2, 
            Suppression Events: 1
Time: 276.29, 
            Production Events: 0, 
            Suppression Events: 1
Time: 276.29, 
            Production Events: 0, 
            Suppression Events: 0
Time: 277.63, 
            Production Events: 0, 
            Suppression Events: 3
Time: 278.77, 
            Production Events: 0, 
            Suppression Events: 1
Time: 280.72, 
            Production Events: 1, 
            Suppression Events: 0
Time: 280.72, 
            Production Events: 0, 
            Suppression Events: 0
Time: 281.36, 
            Production Events: 0, 
            Suppression Events: 2
Time: 282.22, 
            Production Events: 0, 
            Suppression Events: 2
Time: 283.35, 
            Production Events: 0, 
            Suppression Events: 3
Time: 284.82, 
            Production Events: 0, 
            Suppression Events: 1
Time: 285.72, 
            Production Events: 1, 
            Suppression Events: 0
Time: 286.95, 
            Production Events: 0, 
            Suppression Events: 1
Time: 287.38, 
            Production Events: 0, 
            Suppression Events: 1
Time: 288.43, 
            Production Events: 0, 
            Suppression Events: 2
Time: 292.96, 
            Production Events: 1, 
            Suppression Events: 1
Time: 292.96, 
            Production Events: 0, 
            Suppression Events: 0
Time: 292.96, 
            Production Events: 0, 
            Suppression Events: 0
Time: 292.96, 
            Production Events: 0, 
            Suppression Events: 0
Time: 293.91, 
            Production Events: 0, 
            Suppression Events: 1
Time: 295.45, 
            Production Events: 0, 
            Suppression Events: 1
Time: 295.45, 
            Production Events: 0, 
            Suppression Events: 0
Time: 296.44, 
            Production Events: 0, 
            Suppression Events: 1
Time: 297.28, 
            Production Events: 0, 
            Suppression Events: 1
Time: 298.52, 
            Production Events: 0, 
            Suppression Events: 1
Time: 300.17, 
            Production Events: 1, 
            Suppression Events: 1
Time: 300.17, 
            Production Events: 0, 
            Suppression Events: 0
Time: 301.37, 
            Production Events: 0, 
            Suppression Events: 1
Time: 302.94, 
            Production Events: 0, 
            Suppression Events: 2
Time: 304.38, 
            Production Events: 0, 
            Suppression Events: 1
Time: 304.38, 
            Production Events: 0, 
            Suppression Events: 0
Time: 306.02, 
            Production Events: 0, 
            Suppression Events: 1
Time: 306.02, 
            Production Events: 0, 
            Suppression Events: 0
Time: 307.33, 
            Production Events: 0, 
            Suppression Events: 1
Time: 308.74, 
            Production Events: 0, 
            Suppression Events: 3
Time: 309.27, 
            Production Events: 0, 
            Suppression Events: 1
Time: 310.37, 
            Production Events: 0, 
            Suppression Events: 1
Time: 311.94, 
            Production Events: 0, 
            Suppression Events: 1
Time: 312.98, 
            Production Events: 0, 
            Suppression Events: 1
Time: 313.09, 
            Production Events: 0, 
            Suppression Events: 1
Time: 314.4, 
            Production Events: 1, 
            Suppression Events: 0
Time: 315.53, 
            Production Events: 0, 
            Suppression Events: 1
Time: 316.55, 
            Production Events: 0, 
            Suppression Events: 2
Time: 317.35, 
            Production Events: 1, 
            Suppression Events: 0
Time: 318.85, 
            Production Events: 0, 
            Suppression Events: 2
Time: 319.38, 
            Production Events: 0, 
            Suppression Events: 1
Time: 320.81, 
            Production Events: 2, 
            Suppression Events: 2
Time: 322.69, 
            Production Events: 0, 
            Suppression Events: 1
Time: 322.69, 
            Production Events: 0, 
            Suppression Events: 0
Time: 324.65, 
            Production Events: 0, 
            Suppression Events: 1
Time: 324.65, 
            Production Events: 0, 
            Suppression Events: 0
Time: 325.22, 
            Production Events: 0, 
            Suppression Events: 1
Time: 327.17, 
            Production Events: 1, 
            Suppression Events: 1
Time: 327.17, 
            Production Events: 0, 
            Suppression Events: 0
Time: 329.2, 
            Production Events: 1, 
            Suppression Events: 2
Time: 329.2, 
            Production Events: 0, 
            Suppression Events: 0
Time: 331.91, 
            Production Events: 1, 
            Suppression Events: 2
Time: 331.91, 
            Production Events: 0, 
            Suppression Events: 0
Time: 332.32, 
            Production Events: 0, 
            Suppression Events: 1
Time: 333.06, 
            Production Events: 0, 
            Suppression Events: 2
Time: 334.44, 
            Production Events: 1, 
            Suppression Events: 2
Time: 335.03, 
            Production Events: 2, 
            Suppression Events: 1
Time: 338.47, 
            Production Events: 0, 
            Suppression Events: 2
Time: 338.47, 
            Production Events: 0, 
            Suppression Events: 0
Time: 338.47, 
            Production Events: 0, 
            Suppression Events: 0
Time: 339.37, 
            Production Events: 0, 
            Suppression Events: 2
Time: 340.54, 
            Production Events: 1, 
            Suppression Events: 1
Time: 344.29, 
            Production Events: 0, 
            Suppression Events: 1
Time: 344.29, 
            Production Events: 0, 
            Suppression Events: 0
Time: 344.29, 
            Production Events: 0, 
            Suppression Events: 0
Time: 344.29, 
            Production Events: 0, 
            Suppression Events: 0
Time: 345.41, 
            Production Events: 0, 
            Suppression Events: 2
Time: 346.69, 
            Production Events: 0, 
            Suppression Events: 2
Time: 347.54, 
            Production Events: 1, 
            Suppression Events: 1
Time: 349.58, 
            Production Events: 0, 
            Suppression Events: 1
Time: 349.58, 
            Production Events: 0, 
            Suppression Events: 0
Time: 350.41, 
            Production Events: 0, 
            Suppression Events: 1
Time: 351.13, 
            Production Events: 0, 
            Suppression Events: 1
Time: 352.74, 
            Production Events: 0, 
            Suppression Events: 1
Time: 354.15, 
            Production Events: 0, 
            Suppression Events: 1
Time: 354.15, 
            Production Events: 0, 
            Suppression Events: 0
Time: 355.71, 
            Production Events: 1, 
            Suppression Events: 0
Time: 356.97, 
            Production Events: 0, 
            Suppression Events: 1
Time: 357.8, 
            Production Events: 0, 
            Suppression Events: 1
Time: 358.07, 
            Production Events: 0, 
            Suppression Events: 1
Time: 362.83, 
            Production Events: 3, 
            Suppression Events: 1
Time: 362.83, 
            Production Events: 0, 
            Suppression Events: 0
Time: 362.83, 
            Production Events: 0, 
            Suppression Events: 0
Time: 362.83, 
            Production Events: 0, 
            Suppression Events: 0
Time: 363.83, 
            Production Events: 0, 
            Suppression Events: 1
Time: 365.15, 
            Production Events: 1, 
            Suppression Events: 0
Time: 365.15, 
            Production Events: 0, 
            Suppression Events: 0
Time: 366.25, 
            Production Events: 0, 
            Suppression Events: 3
Time: 368.67, 
            Production Events: 0, 
            Suppression Events: 3
Time: 368.67, 
            Production Events: 0, 
            Suppression Events: 0
Time: 370.85, 
            Production Events: 0, 
            Suppression Events: 1
Time: 370.85, 
            Production Events: 0, 
            Suppression Events: 0
Time: 372.16, 
            Production Events: 1, 
            Suppression Events: 1
Time: 372.16, 
            Production Events: 0, 
            Suppression Events: 0
Time: 373.58, 
            Production Events: 0, 
            Suppression Events: 1
Time: 374.23, 
            Production Events: 0, 
            Suppression Events: 1
Time: 375.81, 
            Production Events: 0, 
            Suppression Events: 1
Time: 377.2, 
            Production Events: 0, 
            Suppression Events: 1
Time: 377.2, 
            Production Events: 0, 
            Suppression Events: 0
Time: 378.32, 
            Production Events: 0, 
            Suppression Events: 1
Time: 379.21, 
            Production Events: 0, 
            Suppression Events: 1
Time: 380.38, 
            Production Events: 1, 
            Suppression Events: 2
Time: 382.26, 
            Production Events: 1, 
            Suppression Events: 0
Time: 382.26, 
            Production Events: 0, 
            Suppression Events: 0
Time: 383.84, 
            Production Events: 1, 
            Suppression Events: 0
Time: 384.55, 
            Production Events: 0, 
            Suppression Events: 1
Time: 385.02, 
            Production Events: 0, 
            Suppression Events: 1
Time: 387.85, 
            Production Events: 1, 
            Suppression Events: 0
Time: 387.85, 
            Production Events: 0, 
            Suppression Events: 0
Time: 388.25, 
            Production Events: 1, 
            Suppression Events: 1
Time: 389.67, 
            Production Events: 0, 
            Suppression Events: 1
Time: 390.57, 
            Production Events: 1, 
            Suppression Events: 0
Time: 391.53, 
            Production Events: 0, 
            Suppression Events: 1
Time: 392.6, 
            Production Events: 0, 
            Suppression Events: 1
Time: 393.12, 
            Production Events: 0, 
            Suppression Events: 1
Time: 394.27, 
            Production Events: 0, 
            Suppression Events: 2
Time: 395.65, 
            Production Events: 0, 
            Suppression Events: 2
Time: 396.97, 
            Production Events: 1, 
            Suppression Events: 0
Time: 398.04, 
            Production Events: 0, 
            Suppression Events: 1
Time: 398.04, 
            Production Events: 0, 
            Suppression Events: 0
Time: 400.41, 
            Production Events: 0, 
            Suppression Events: 3
Time: 400.41, 
            Production Events: 0, 
            Suppression Events: 0
Time: 401.8, 
            Production Events: 1, 
            Suppression Events: 0
Time: 402.11, 
            Production Events: 0, 
            Suppression Events: 1
Time: 403.36, 
            Production Events: 0, 
            Suppression Events: 2
Time: 405.31, 
            Production Events: 0, 
            Suppression Events: 1
Time: 405.31, 
            Production Events: 0, 
            Suppression Events: 0
Time: 408.2, 
            Production Events: 1, 
            Suppression Events: 0
Time: 408.2, 
            Production Events: 0, 
            Suppression Events: 0
Time: 408.2, 
            Production Events: 0, 
            Suppression Events: 0
Time: 409.19, 
            Production Events: 0, 
            Suppression Events: 2
Time: 414.6, 
            Production Events: 1, 
            Suppression Events: 1
Time: 414.6, 
            Production Events: 0, 
            Suppression Events: 0
Time: 414.6, 
            Production Events: 0, 
            Suppression Events: 0
Time: 414.6, 
            Production Events: 0, 
            Suppression Events: 0
Time: 414.6, 
            Production Events: 0, 
            Suppression Events: 0
Time: 415.02, 
            Production Events: 0, 
            Suppression Events: 2
Time: 416.59, 
            Production Events: 1, 
            Suppression Events: 1
Time: 420.25, 
            Production Events: 0, 
            Suppression Events: 2
Time: 420.25, 
            Production Events: 0, 
            Suppression Events: 0
Time: 420.25, 
            Production Events: 0, 
            Suppression Events: 0
Time: 420.25, 
            Production Events: 0, 
            Suppression Events: 0
Time: 427.35, 
            Production Events: 0, 
            Suppression Events: 1
Time: 427.35, 
            Production Events: 0, 
            Suppression Events: 0
Time: 427.35, 
            Production Events: 0, 
            Suppression Events: 0
Time: 427.35, 
            Production Events: 0, 
            Suppression Events: 0
Time: 427.35, 
            Production Events: 0, 
            Suppression Events: 0
Time: 427.35, 
            Production Events: 0, 
            Suppression Events: 0
Time: 427.35, 
            Production Events: 0, 
            Suppression Events: 0
Time: 428.1, 
            Production Events: 0, 
            Suppression Events: 2
Time: 429.3, 
            Production Events: 0, 
            Suppression Events: 3
Time: 430.63, 
            Production Events: 0, 
            Suppression Events: 1
Time: 432.79, 
            Production Events: 0, 
            Suppression Events: 1
Time: 432.79, 
            Production Events: 0, 
            Suppression Events: 0
Time: 433.95, 
            Production Events: 0, 
            Suppression Events: 1
Time: 434.82, 
            Production Events: 0, 
            Suppression Events: 1
Time: 436.75, 
            Production Events: 0, 
            Suppression Events: 1
Time: 436.75, 
            Production Events: 0, 
            Suppression Events: 0
Time: 440.54, 
            Production Events: 1, 
            Suppression Events: 0
Time: 440.54, 
            Production Events: 0, 
            Suppression Events: 0
Time: 440.54, 
            Production Events: 0, 
            Suppression Events: 0
Time: 440.54, 
            Production Events: 0, 
            Suppression Events: 0
Time: 441.49, 
            Production Events: 0, 
            Suppression Events: 1
Time: 442.02, 
            Production Events: 0, 
            Suppression Events: 1
Time: 443.02, 
            Production Events: 0, 
            Suppression Events: 1
Time: 445.71, 
            Production Events: 0, 
            Suppression Events: 3
Time: 445.71, 
            Production Events: 0, 
            Suppression Events: 0
Time: 447.05, 
            Production Events: 0, 
            Suppression Events: 1
Time: 447.05, 
            Production Events: 0, 
            Suppression Events: 0
Time: 448.4, 
            Production Events: 0, 
            Suppression Events: 2
Time: 450.57, 
            Production Events: 0, 
            Suppression Events: 3
Time: 450.57, 
            Production Events: 0, 
            Suppression Events: 0
Time: 452.45, 
            Production Events: 0, 
            Suppression Events: 1
Time: 452.45, 
            Production Events: 0, 
            Suppression Events: 0
Time: 454.77, 
            Production Events: 0, 
            Suppression Events: 2
Time: 454.77, 
            Production Events: 0, 
            Suppression Events: 0
Time: 456.79, 
            Production Events: 0, 
            Suppression Events: 1
Time: 456.79, 
            Production Events: 0, 
            Suppression Events: 0
Time: 457.21, 
            Production Events: 0, 
            Suppression Events: 2
Time: 458.48, 
            Production Events: 0, 
            Suppression Events: 2
Time: 459.81, 
            Production Events: 0, 
            Suppression Events: 1
Time: 460.38, 
            Production Events: 0, 
            Suppression Events: 1
Time: 461.25, 
            Production Events: 0, 
            Suppression Events: 1
Time: 463.23, 
            Production Events: 1, 
            Suppression Events: 0
Time: 463.23, 
            Production Events: 0, 
            Suppression Events: 0
Time: 464.07, 
            Production Events: 1, 
            Suppression Events: 1
Time: 465.3, 
            Production Events: 1, 
            Suppression Events: 2
Time: 466.16, 
            Production Events: 0, 
            Suppression Events: 1
Time: 467.97, 
            Production Events: 0, 
            Suppression Events: 1
Time: 469.18, 
            Production Events: 0, 
            Suppression Events: 1
Time: 469.18, 
            Production Events: 0, 
            Suppression Events: 0
Time: 470.17, 
            Production Events: 0, 
            Suppression Events: 3
Time: 471.23, 
            Production Events: 0, 
            Suppression Events: 1
Time: 472.92, 
            Production Events: 0, 
            Suppression Events: 3
Time: 474.47, 
            Production Events: 0, 
            Suppression Events: 1
Time: 474.47, 
            Production Events: 0, 
            Suppression Events: 0
Time: 476.49, 
            Production Events: 0, 
            Suppression Events: 1
Time: 476.49, 
            Production Events: 0, 
            Suppression Events: 0
Time: 478.47, 
            Production Events: 0, 
            Suppression Events: 1
Time: 478.47, 
            Production Events: 0, 
            Suppression Events: 0
Time: 479.02, 
            Production Events: 0, 
            Suppression Events: 1
Time: 480.05, 
            Production Events: 0, 
            Suppression Events: 2
Time: 483.93, 
            Production Events: 0, 
            Suppression Events: 2
Time: 483.93, 
            Production Events: 0, 
            Suppression Events: 0
Time: 483.93, 
            Production Events: 0, 
            Suppression Events: 0
Time: 485.88, 
            Production Events: 1, 
            Suppression Events: 0
Time: 485.88, 
            Production Events: 0, 
            Suppression Events: 0
Time: 486.72, 
            Production Events: 1, 
            Suppression Events: 0
Time: 488.79, 
            Production Events: 0, 
            Suppression Events: 2
Time: 488.79, 
            Production Events: 0, 
            Suppression Events: 0
Time: 490.92, 
            Production Events: 0, 
            Suppression Events: 1
Time: 490.92, 
            Production Events: 0, 
            Suppression Events: 0
Time: 492.17, 
            Production Events: 0, 
            Suppression Events: 1
Time: 492.17, 
            Production Events: 0, 
            Suppression Events: 0
Time: 494.23, 
            Production Events: 1, 
            Suppression Events: 0
Time: 494.23, 
            Production Events: 0, 
            Suppression Events: 0
Time: 496.66, 
            Production Events: 1, 
            Suppression Events: 0
Time: 496.66, 
            Production Events: 0, 
            Suppression Events: 0
Time: 497.91, 
            Production Events: 0, 
            Suppression Events: 2
Time: 498.28, 
            Production Events: 0, 
            Suppression Events: 1
Time: 499.98, 
            Production Events: 1, 
            Suppression Events: 2
Time: 500.18, 
            Production Events: 0, 
            Suppression Events: 1
Time: 501.55, 
            Production Events: 0, 
            Suppression Events: 3
Time: 503.47, 
            Production Events: 1, 
            Suppression Events: 1
Time: 503.47, 
            Production Events: 0, 
            Suppression Events: 0
Time: 504.2, 
            Production Events: 0, 
            Suppression Events: 2
Time: 506.69, 
            Production Events: 1, 
            Suppression Events: 0
Time: 506.69, 
            Production Events: 0, 
            Suppression Events: 0
Time: 507.53, 
            Production Events: 0, 
            Suppression Events: 1
Time: 508.87, 
            Production Events: 0, 
            Suppression Events: 2
Time: 509.25, 
            Production Events: 1, 
            Suppression Events: 1
Time: 510.12, 
            Production Events: 0, 
            Suppression Events: 2
Time: 511.34, 
            Production Events: 0, 
            Suppression Events: 1
Time: 514.94, 
            Production Events: 0, 
            Suppression Events: 2
Time: 514.94, 
            Production Events: 0, 
            Suppression Events: 0
Time: 514.94, 
            Production Events: 0, 
            Suppression Events: 0
Time: 516.0, 
            Production Events: 0, 
            Suppression Events: 1
Time: 516.0, 
            Production Events: 0, 
            Suppression Events: 0
Time: 518.82, 
            Production Events: 1, 
            Suppression Events: 0
Time: 518.82, 
            Production Events: 0, 
            Suppression Events: 0
Time: 522.21, 
            Production Events: 0, 
            Suppression Events: 1
Time: 522.21, 
            Production Events: 0, 
            Suppression Events: 0
Time: 522.21, 
            Production Events: 0, 
            Suppression Events: 0
Time: 522.21, 
            Production Events: 0, 
            Suppression Events: 0
Time: 523.33, 
            Production Events: 0, 
            Suppression Events: 1
Time: 525.66, 
            Production Events: 1, 
            Suppression Events: 2
Time: 525.66, 
            Production Events: 0, 
            Suppression Events: 0
Time: 526.64, 
            Production Events: 1, 
            Suppression Events: 0
Time: 527.96, 
            Production Events: 1, 
            Suppression Events: 0
Time: 530.95, 
            Production Events: 1, 
            Suppression Events: 0
Time: 530.95, 
            Production Events: 0, 
            Suppression Events: 0
Time: 530.95, 
            Production Events: 0, 
            Suppression Events: 0
Time: 531.12, 
            Production Events: 0, 
            Suppression Events: 1
Time: 532.9, 
            Production Events: 0, 
            Suppression Events: 1
Time: 536.47, 
            Production Events: 1, 
            Suppression Events: 0
Time: 536.47, 
            Production Events: 0, 
            Suppression Events: 0
Time: 536.47, 
            Production Events: 0, 
            Suppression Events: 0
Time: 536.47, 
            Production Events: 0, 
            Suppression Events: 0
Time: 537.85, 
            Production Events: 0, 
            Suppression Events: 1
Time: 538.14, 
            Production Events: 0, 
            Suppression Events: 2
Time: 543.62, 
            Production Events: 0, 
            Suppression Events: 2
Time: 543.62, 
            Production Events: 0, 
            Suppression Events: 0
Time: 543.62, 
            Production Events: 0, 
            Suppression Events: 0
Time: 543.62, 
            Production Events: 0, 
            Suppression Events: 0
Time: 543.62, 
            Production Events: 0, 
            Suppression Events: 0
Time: 544.34, 
            Production Events: 1, 
            Suppression Events: 0
Time: 548.54, 
            Production Events: 1, 
            Suppression Events: 1
Time: 548.54, 
            Production Events: 0, 
            Suppression Events: 0
Time: 548.54, 
            Production Events: 0, 
            Suppression Events: 0
Time: 548.54, 
            Production Events: 0, 
            Suppression Events: 0
Time: 552.14, 
            Production Events: 2, 
            Suppression Events: 0
Time: 552.14, 
            Production Events: 0, 
            Suppression Events: 0
Time: 552.14, 
            Production Events: 0, 
            Suppression Events: 0
Time: 552.14, 
            Production Events: 0, 
            Suppression Events: 0
Time: 553.11, 
            Production Events: 0, 
            Suppression Events: 2
Time: 554.45, 
            Production Events: 1, 
            Suppression Events: 0
Time: 555.33, 
            Production Events: 0, 
            Suppression Events: 2
Time: 557.64, 
            Production Events: 0, 
            Suppression Events: 1
Time: 557.64, 
            Production Events: 0, 
            Suppression Events: 0
Time: 559.97, 
            Production Events: 0, 
            Suppression Events: 1
Time: 559.97, 
            Production Events: 0, 
            Suppression Events: 0
Time: 560.06, 
            Production Events: 0, 
            Suppression Events: 1
Time: 563.24, 
            Production Events: 1, 
            Suppression Events: 0
Time: 563.24, 
            Production Events: 0, 
            Suppression Events: 0
Time: 563.24, 
            Production Events: 0, 
            Suppression Events: 0
Time: 564.48, 
            Production Events: 1, 
            Suppression Events: 0
Time: 566.16, 
            Production Events: 0, 
            Suppression Events: 2
Time: 566.16, 
            Production Events: 0, 
            Suppression Events: 0
Time: 567.88, 
            Production Events: 0, 
            Suppression Events: 3
Time: 568.57, 
            Production Events: 0, 
            Suppression Events: 1
Time: 570.93, 
            Production Events: 0, 
            Suppression Events: 1
Time: 570.93, 
            Production Events: 0, 
            Suppression Events: 0
Time: 571.06, 
            Production Events: 0, 
            Suppression Events: 2
Time: 573.25, 
            Production Events: 1, 
            Suppression Events: 0
Time: 573.25, 
            Production Events: 0, 
            Suppression Events: 0
Time: 574.49, 
            Production Events: 1, 
            Suppression Events: 1
Time: 575.29, 
            Production Events: 2, 
            Suppression Events: 2
Time: 577.18, 
            Production Events: 1, 
            Suppression Events: 0
Time: 577.18, 
            Production Events: 0, 
            Suppression Events: 0
Time: 578.77, 
            Production Events: 0, 
            Suppression Events: 3
Time: 579.11, 
            Production Events: 0, 
            Suppression Events: 1
Time: 581.0, 
            Production Events: 1, 
            Suppression Events: 0
Time: 581.0, 
            Production Events: 0, 
            Suppression Events: 0
Time: 583.04, 
            Production Events: 1, 
            Suppression Events: 1
Time: 583.04, 
            Production Events: 0, 
            Suppression Events: 0
Time: 585.22, 
            Production Events: 0, 
            Suppression Events: 2
Time: 585.22, 
            Production Events: 0, 
            Suppression Events: 0
Time: 587.6, 
            Production Events: 0, 
            Suppression Events: 2
Time: 587.6, 
            Production Events: 0, 
            Suppression Events: 0
Time: 588.99, 
            Production Events: 1, 
            Suppression Events: 0
Time: 589.84, 
            Production Events: 0, 
            Suppression Events: 1
Time: 590.93, 
            Production Events: 0, 
            Suppression Events: 1
Time: 591.38, 
            Production Events: 0, 
            Suppression Events: 1
Time: 592.74, 
            Production Events: 1, 
            Suppression Events: 1
Time: 593.13, 
            Production Events: 0, 
            Suppression Events: 2
Time: 594.76, 
            Production Events: 0, 
            Suppression Events: 1
Time: 595.52, 
            Production Events: 0, 
            Suppression Events: 2
Time: 596.61, 
            Production Events: 0, 
            Suppression Events: 2
Time: 597.83, 
            Production Events: 0, 
            Suppression Events: 1
Time: 598.83, 
            Production Events: 0, 
            Suppression Events: 1
Time: 600.14, 
            Production Events: 0, 
            Suppression Events: 1
Time: 600.14, 
            Production Events: 0, 
            Suppression Events: 0
Time: 601.9, 
            Production Events: 0, 
            Suppression Events: 2
Time: 602.7, 
            Production Events: 0, 
            Suppression Events: 1
Time: 603.21, 
            Production Events: 0, 
            Suppression Events: 1
Time: 604.32, 
            Production Events: 1, 
            Suppression Events: 0
Time: 606.47, 
            Production Events: 1, 
            Suppression Events: 0
Time: 606.47, 
            Production Events: 0, 
            Suppression Events: 0
Time: 607.1, 
            Production Events: 1, 
            Suppression Events: 0
Time: 609.04, 
            Production Events: 1, 
            Suppression Events: 1
Time: 609.04, 
            Production Events: 0, 
            Suppression Events: 0
Time: 611.99, 
            Production Events: 1, 
            Suppression Events: 0
Time: 611.99, 
            Production Events: 0, 
            Suppression Events: 0
Time: 612.07, 
            Production Events: 0, 
            Suppression Events: 1
Time: 613.41, 
            Production Events: 0, 
            Suppression Events: 2
Time: 614.1, 
            Production Events: 0, 
            Suppression Events: 2
Time: 615.36, 
            Production Events: 1, 
            Suppression Events: 1
Time: 617.91, 
            Production Events: 0, 
            Suppression Events: 1
Time: 617.91, 
            Production Events: 0, 
            Suppression Events: 0
Time: 618.49, 
            Production Events: 1, 
            Suppression Events: 0
Time: 619.01, 
            Production Events: 0, 
            Suppression Events: 2
Time: 620.78, 
            Production Events: 1, 
            Suppression Events: 2
Time: 621.29, 
            Production Events: 1, 
            Suppression Events: 1
Time: 622.46, 
            Production Events: 0, 
            Suppression Events: 1
Time: 623.02, 
            Production Events: 0, 
            Suppression Events: 1
Time: 624.15, 
            Production Events: 0, 
            Suppression Events: 2
Time: 625.43, 
            Production Events: 0, 
            Suppression Events: 1
Time: 626.12, 
            Production Events: 1, 
            Suppression Events: 1
Time: 628.02, 
            Production Events: 0, 
            Suppression Events: 2
Time: 628.02, 
            Production Events: 0, 
            Suppression Events: 0
Time: 629.15, 
            Production Events: 0, 
            Suppression Events: 1
Time: 630.02, 
            Production Events: 1, 
            Suppression Events: 1
Time: 633.25, 
            Production Events: 0, 
            Suppression Events: 1
Time: 633.25, 
            Production Events: 0, 
            Suppression Events: 0
Time: 633.25, 
            Production Events: 0, 
            Suppression Events: 0
Time: 634.45, 
            Production Events: 0, 
            Suppression Events: 3
Time: 636.11, 
            Production Events: 0, 
            Suppression Events: 2
Time: 636.11, 
            Production Events: 0, 
            Suppression Events: 0
Time: 637.35, 
            Production Events: 0, 
            Suppression Events: 2
Time: 639.42, 
            Production Events: 0, 
            Suppression Events: 1
Time: 639.42, 
            Production Events: 0, 
            Suppression Events: 0
Time: 640.91, 
            Production Events: 0, 
            Suppression Events: 1
Time: 641.5, 
            Production Events: 1, 
            Suppression Events: 0
Time: 643.52, 
            Production Events: 0, 
            Suppression Events: 1
Time: 643.52, 
            Production Events: 0, 
            Suppression Events: 0
Time: 644.81, 
            Production Events: 0, 
            Suppression Events: 1
Time: 645.53, 
            Production Events: 1, 
            Suppression Events: 1
Time: 649.54, 
            Production Events: 0, 
            Suppression Events: 1
Time: 649.54, 
            Production Events: 0, 
            Suppression Events: 0
Time: 649.54, 
            Production Events: 0, 
            Suppression Events: 0
Time: 649.54, 
            Production Events: 0, 
            Suppression Events: 0
Time: 650.08, 
            Production Events: 0, 
            Suppression Events: 1
Time: 652.26, 
            Production Events: 0, 
            Suppression Events: 1
Time: 652.26, 
            Production Events: 0, 
            Suppression Events: 0
Time: 653.31, 
            Production Events: 1, 
            Suppression Events: 1
Time: 655.11, 
            Production Events: 1, 
            Suppression Events: 0
Time: 655.11, 
            Production Events: 0, 
            Suppression Events: 0
Time: 656.77, 
            Production Events: 0, 
            Suppression Events: 2
Time: 657.59, 
            Production Events: 0, 
            Suppression Events: 1
Time: 659.15, 
            Production Events: 1, 
            Suppression Events: 0
Time: 659.15, 
            Production Events: 0, 
            Suppression Events: 0
Time: 660.25, 
            Production Events: 0, 
            Suppression Events: 1
Time: 662.23, 
            Production Events: 0, 
            Suppression Events: 1
Time: 662.23, 
            Production Events: 0, 
            Suppression Events: 0
Time: 664.23, 
            Production Events: 1, 
            Suppression Events: 1
Time: 664.23, 
            Production Events: 0, 
            Suppression Events: 0
Time: 666.24, 
            Production Events: 1, 
            Suppression Events: 1
Time: 666.24, 
            Production Events: 0, 
            Suppression Events: 0
Time: 669.24, 
            Production Events: 0, 
            Suppression Events: 1
Time: 669.24, 
            Production Events: 0, 
            Suppression Events: 0
Time: 669.24, 
            Production Events: 0, 
            Suppression Events: 0
Time: 673.97, 
            Production Events: 0, 
            Suppression Events: 1
Time: 673.97, 
            Production Events: 0, 
            Suppression Events: 0
Time: 673.97, 
            Production Events: 0, 
            Suppression Events: 0
Time: 673.97, 
            Production Events: 0, 
            Suppression Events: 0
Time: 674.1, 
            Production Events: 0, 
            Suppression Events: 1
Time: 675.47, 
            Production Events: 2, 
            Suppression Events: 1
Time: 676.44, 
            Production Events: 0, 
            Suppression Events: 2
Time: 678.21, 
            Production Events: 0, 
            Suppression Events: 1
Time: 678.21, 
            Production Events: 0, 
            Suppression Events: 0
Time: 679.93, 
            Production Events: 1, 
            Suppression Events: 1
Time: 680.6, 
            Production Events: 1, 
            Suppression Events: 0
Time: 682.55, 
            Production Events: 0, 
            Suppression Events: 2
Time: 682.55, 
            Production Events: 0, 
            Suppression Events: 0
Time: 683.67, 
            Production Events: 0, 
            Suppression Events: 2
Time: 685.44, 
            Production Events: 0, 
            Suppression Events: 2
Time: 685.44, 
            Production Events: 0, 
            Suppression Events: 0
Time: 686.07, 
            Production Events: 1, 
            Suppression Events: 0
Time: 687.48, 
            Production Events: 0, 
            Suppression Events: 1
Time: 688.68, 
            Production Events: 1, 
            Suppression Events: 0
Time: 690.53, 
            Production Events: 0, 
            Suppression Events: 1
Time: 690.53, 
            Production Events: 0, 
            Suppression Events: 0
Time: 693.92, 
            Production Events: 0, 
            Suppression Events: 2
Time: 693.92, 
            Production Events: 0, 
            Suppression Events: 0
Time: 693.92, 
            Production Events: 0, 
            Suppression Events: 0
Time: 694.92, 
            Production Events: 0, 
            Suppression Events: 1
Time: 695.26, 
            Production Events: 0, 
            Suppression Events: 1
Time: 696.31, 
            Production Events: 0, 
            Suppression Events: 1
Time: 697.24, 
            Production Events: 0, 
            Suppression Events: 1
Time: 698.82, 
            Production Events: 0, 
            Suppression Events: 1
Time: 699.03, 
            Production Events: 0, 
            Suppression Events: 1
Time: 700.34, 
            Production Events: 0, 
            Suppression Events: 2
Time: 704.13, 
            Production Events: 0, 
            Suppression Events: 1
Time: 704.13, 
            Production Events: 0, 
            Suppression Events: 0
Time: 704.13, 
            Production Events: 0, 
            Suppression Events: 0
Time: 704.13, 
            Production Events: 0, 
            Suppression Events: 0
Time: 705.07, 
            Production Events: 0, 
            Suppression Events: 1
Time: 707.5, 
            Production Events: 0, 
            Suppression Events: 1
Time: 707.5, 
            Production Events: 0, 
            Suppression Events: 0
Time: 708.92, 
            Production Events: 0, 
            Suppression Events: 1
Time: 710.75, 
            Production Events: 0, 
            Suppression Events: 1
Time: 710.75, 
            Production Events: 0, 
            Suppression Events: 0
Time: 711.58, 
            Production Events: 0, 
            Suppression Events: 1
Time: 712.61, 
            Production Events: 0, 
            Suppression Events: 1
Time: 713.41, 
            Production Events: 1, 
            Suppression Events: 0
Time: 715.82, 
            Production Events: 0, 
            Suppression Events: 1
Time: 715.82, 
            Production Events: 0, 
            Suppression Events: 0
Time: 716.23, 
            Production Events: 0, 
            Suppression Events: 1
Time: 718.25, 
            Production Events: 0, 
            Suppression Events: 3
Time: 718.25, 
            Production Events: 0, 
            Suppression Events: 0
Time: 719.13, 
            Production Events: 0, 
            Suppression Events: 1
Time: 720.23, 
            Production Events: 0, 
            Suppression Events: 2
Time: 721.71, 
            Production Events: 0, 
            Suppression Events: 2
Time: 722.1, 
            Production Events: 1, 
            Suppression Events: 2
Time: 723.43, 
            Production Events: 1, 
            Suppression Events: 1
Time: 724.46, 
            Production Events: 0, 
            Suppression Events: 1
Time: 725.27, 
            Production Events: 0, 
            Suppression Events: 1
Time: 726.28, 
            Production Events: 0, 
            Suppression Events: 1
Time: 727.57, 
            Production Events: 2, 
            Suppression Events: 2
Time: 729.59, 
            Production Events: 1, 
            Suppression Events: 0
Time: 729.59, 
            Production Events: 0, 
            Suppression Events: 0
Time: 730.42, 
            Production Events: 0, 
            Suppression Events: 1
Time: 732.03, 
            Production Events: 0, 
            Suppression Events: 1
Time: 732.03, 
            Production Events: 0, 
            Suppression Events: 0
Time: 733.74, 
            Production Events: 2, 
            Suppression Events: 0
Time: 734.15, 
            Production Events: 1, 
            Suppression Events: 0
Time: 736.89, 
            Production Events: 0, 
            Suppression Events: 1
Time: 736.89, 
            Production Events: 0, 
            Suppression Events: 0
Time: 737.46, 
            Production Events: 0, 
            Suppression Events: 1
Time: 738.18, 
            Production Events: 0, 
            Suppression Events: 1
Time: 739.0, 
            Production Events: 1, 
            Suppression Events: 0
Time: 741.54, 
            Production Events: 1, 
            Suppression Events: 1
Time: 741.54, 
            Production Events: 0, 
            Suppression Events: 0
Time: 742.78, 
            Production Events: 0, 
            Suppression Events: 1
Time: 743.28, 
            Production Events: 0, 
            Suppression Events: 1
Time: 744.97, 
            Production Events: 0, 
            Suppression Events: 1
Time: 745.07, 
            Production Events: 1, 
            Suppression Events: 0
Time: 747.74, 
            Production Events: 0, 
            Suppression Events: 2
Time: 747.74, 
            Production Events: 0, 
            Suppression Events: 0
Time: 751.35, 
            Production Events: 1, 
            Suppression Events: 1
Time: 751.35, 
            Production Events: 0, 
            Suppression Events: 0
Time: 751.35, 
            Production Events: 0, 
            Suppression Events: 0
Time: 751.35, 
            Production Events: 0, 
            Suppression Events: 0
Time: 753.42, 
            Production Events: 0, 
            Suppression Events: 1
Time: 753.42, 
            Production Events: 0, 
            Suppression Events: 0
Time: 756.9, 
            Production Events: 0, 
            Suppression Events: 2
Time: 756.9, 
            Production Events: 0, 
            Suppression Events: 0
Time: 756.9, 
            Production Events: 0, 
            Suppression Events: 0
Time: 758.15, 
            Production Events: 1, 
            Suppression Events: 0
Time: 758.15, 
            Production Events: 0, 
            Suppression Events: 0
Time: 761.16, 
            Production Events: 0, 
            Suppression Events: 1
Time: 761.16, 
            Production Events: 0, 
            Suppression Events: 0
Time: 761.16, 
            Production Events: 0, 
            Suppression Events: 0
Time: 762.33, 
            Production Events: 0, 
            Suppression Events: 1
Time: 764.6, 
            Production Events: 0, 
            Suppression Events: 2
Time: 764.6, 
            Production Events: 0, 
            Suppression Events: 0
Time: 765.66, 
            Production Events: 0, 
            Suppression Events: 1
Time: 766.99, 
            Production Events: 1, 
            Suppression Events: 0
Time: 768.38, 
            Production Events: 0, 
            Suppression Events: 1
Time: 768.38, 
            Production Events: 0, 
            Suppression Events: 0
Time: 769.29, 
            Production Events: 0, 
            Suppression Events: 1
Time: 771.88, 
            Production Events: 1, 
            Suppression Events: 3
Time: 771.88, 
            Production Events: 0, 
            Suppression Events: 0
Time: 772.45, 
            Production Events: 0, 
            Suppression Events: 1
Time: 775.4, 
            Production Events: 0, 
            Suppression Events: 1
Time: 775.4, 
            Production Events: 0, 
            Suppression Events: 0
Time: 775.4, 
            Production Events: 0, 
            Suppression Events: 0
Time: 776.09, 
            Production Events: 1, 
            Suppression Events: 0
Time: 777.2, 
            Production Events: 0, 
            Suppression Events: 1
Time: 780.13, 
            Production Events: 0, 
            Suppression Events: 1
Time: 780.13, 
            Production Events: 0, 
            Suppression Events: 0
Time: 780.13, 
            Production Events: 0, 
            Suppression Events: 0
Time: 782.03, 
            Production Events: 1, 
            Suppression Events: 1
Time: 782.03, 
            Production Events: 0, 
            Suppression Events: 0
Time: 785.94, 
            Production Events: 0, 
            Suppression Events: 3
Time: 785.94, 
            Production Events: 0, 
            Suppression Events: 0
Time: 785.94, 
            Production Events: 0, 
            Suppression Events: 0
Time: 786.98, 
            Production Events: 0, 
            Suppression Events: 1
Time: 789.03, 
            Production Events: 0, 
            Suppression Events: 1
Time: 789.03, 
            Production Events: 0, 
            Suppression Events: 0
Time: 789.03, 
            Production Events: 0, 
            Suppression Events: 0
Time: 790.91, 
            Production Events: 0, 
            Suppression Events: 2
Time: 792.78, 
            Production Events: 0, 
            Suppression Events: 1
Time: 792.78, 
            Production Events: 0, 
            Suppression Events: 0
Time: 793.39, 
            Production Events: 0, 
            Suppression Events: 1
Time: 800.89, 
            Production Events: 1, 
            Suppression Events: 0
Time: 800.89, 
            Production Events: 0, 
            Suppression Events: 0
Time: 800.89, 
            Production Events: 0, 
            Suppression Events: 0
Time: 800.89, 
            Production Events: 0, 
            Suppression Events: 0
Time: 800.89, 
            Production Events: 0, 
            Suppression Events: 0
Time: 800.89, 
            Production Events: 0, 
            Suppression Events: 0
Time: 800.89, 
            Production Events: 0, 
            Suppression Events: 0
Time: 802.26, 
            Production Events: 0, 
            Suppression Events: 1
Time: 802.26, 
            Production Events: 0, 
            Suppression Events: 0
Time: 806.58, 
            Production Events: 1, 
            Suppression Events: 0
Time: 806.58, 
            Production Events: 0, 
            Suppression Events: 0
Time: 806.58, 
            Production Events: 0, 
            Suppression Events: 0
Time: 806.58, 
            Production Events: 0, 
            Suppression Events: 0
Time: 808.13, 
            Production Events: 0, 
            Suppression Events: 3
Time: 808.13, 
            Production Events: 0, 
            Suppression Events: 0
Time: 811.53, 
            Production Events: 0, 
            Suppression Events: 2
Time: 811.53, 
            Production Events: 0, 
            Suppression Events: 0
Time: 811.53, 
            Production Events: 0, 
            Suppression Events: 0
Time: 814.02, 
            Production Events: 0, 
            Suppression Events: 1
Time: 814.02, 
            Production Events: 0, 
            Suppression Events: 0
Time: 814.02, 
            Production Events: 0, 
            Suppression Events: 0
Time: 815.34, 
            Production Events: 0, 
            Suppression Events: 3
Time: 818.77, 
            Production Events: 0, 
            Suppression Events: 2
Time: 818.77, 
            Production Events: 0, 
            Suppression Events: 0
Time: 818.77, 
            Production Events: 0, 
            Suppression Events: 0
Time: 819.25, 
            Production Events: 0, 
            Suppression Events: 1
Time: 820.96, 
            Production Events: 0, 
            Suppression Events: 1
Time: 821.21, 
            Production Events: 0, 
            Suppression Events: 1
Time: 822.73, 
            Production Events: 0, 
            Suppression Events: 1
Time: 823.8, 
            Production Events: 0, 
            Suppression Events: 1
Time: 824.77, 
            Production Events: 1, 
            Suppression Events: 0
Time: 825.58, 
            Production Events: 0, 
            Suppression Events: 1
Time: 826.22, 
            Production Events: 1, 
            Suppression Events: 1
Time: 827.85, 
            Production Events: 0, 
            Suppression Events: 2
Time: 828.5, 
            Production Events: 0, 
            Suppression Events: 1
Time: 829.68, 
            Production Events: 0, 
            Suppression Events: 2
Time: 830.61, 
            Production Events: 0, 
            Suppression Events: 1
Time: 831.52, 
            Production Events: 0, 
            Suppression Events: 2
Time: 832.23, 
            Production Events: 1, 
            Suppression Events: 0
Time: 834.61, 
            Production Events: 1, 
            Suppression Events: 1
Time: 834.61, 
            Production Events: 0, 
            Suppression Events: 0
Time: 835.34, 
            Production Events: 0, 
            Suppression Events: 1
Time: 836.61, 
            Production Events: 0, 
            Suppression Events: 1
Time: 837.18, 
            Production Events: 0, 
            Suppression Events: 1
Time: 838.13, 
            Production Events: 1, 
            Suppression Events: 0
Time: 839.35, 
            Production Events: 0, 
            Suppression Events: 1
Time: 840.45, 
            Production Events: 0, 
            Suppression Events: 1
Time: 841.79, 
            Production Events: 0, 
            Suppression Events: 1
Time: 844.03, 
            Production Events: 0, 
            Suppression Events: 2
Time: 844.03, 
            Production Events: 0, 
            Suppression Events: 0
Time: 844.03, 
            Production Events: 0, 
            Suppression Events: 0
Time: 845.13, 
            Production Events: 0, 
            Suppression Events: 2
Time: 846.75, 
            Production Events: 1, 
            Suppression Events: 1
Time: 848.15, 
            Production Events: 0, 
            Suppression Events: 1
Time: 848.15, 
            Production Events: 0, 
            Suppression Events: 0
Time: 852.2, 
            Production Events: 0, 
            Suppression Events: 2
Time: 852.2, 
            Production Events: 0, 
            Suppression Events: 0
Time: 852.2, 
            Production Events: 0, 
            Suppression Events: 0
Time: 852.2, 
            Production Events: 0, 
            Suppression Events: 0
Time: 854.16, 
            Production Events: 0, 
            Suppression Events: 1
Time: 854.16, 
            Production Events: 0, 
            Suppression Events: 0
Time: 855.88, 
            Production Events: 0, 
            Suppression Events: 1
Time: 856.28, 
            Production Events: 0, 
            Suppression Events: 1
Time: 859.4, 
            Production Events: 1, 
            Suppression Events: 1
Time: 859.4, 
            Production Events: 0, 
            Suppression Events: 0
Time: 859.4, 
            Production Events: 0, 
            Suppression Events: 0
Time: 860.45, 
            Production Events: 0, 
            Suppression Events: 1
Time: 861.66, 
            Production Events: 1, 
            Suppression Events: 1
Time: 862.58, 
            Production Events: 0, 
            Suppression Events: 1
Time: 864.53, 
            Production Events: 0, 
            Suppression Events: 1
Time: 864.53, 
            Production Events: 0, 
            Suppression Events: 0
Time: 865.82, 
            Production Events: 0, 
            Suppression Events: 1
Time: 866.97, 
            Production Events: 0, 
            Suppression Events: 1
Time: 867.31, 
            Production Events: 0, 
            Suppression Events: 1
Time: 868.21, 
            Production Events: 2, 
            Suppression Events: 0
Time: 871.48, 
            Production Events: 0, 
            Suppression Events: 1
Time: 871.48, 
            Production Events: 0, 
            Suppression Events: 0
Time: 871.48, 
            Production Events: 0, 
            Suppression Events: 0
Time: 873.87, 
            Production Events: 0, 
            Suppression Events: 2
Time: 873.87, 
            Production Events: 0, 
            Suppression Events: 0
Time: 874.87, 
            Production Events: 0, 
            Suppression Events: 1
Time: 878.26, 
            Production Events: 1, 
            Suppression Events: 0
Time: 878.26, 
            Production Events: 0, 
            Suppression Events: 0
Time: 878.26, 
            Production Events: 0, 
            Suppression Events: 0
Time: 878.26, 
            Production Events: 0, 
            Suppression Events: 0
Time: 881.57, 
            Production Events: 0, 
            Suppression Events: 1
Time: 881.57, 
            Production Events: 0, 
            Suppression Events: 0
Time: 881.57, 
            Production Events: 0, 
            Suppression Events: 0
Time: 882.05, 
            Production Events: 1, 
            Suppression Events: 3
Time: 883.04, 
            Production Events: 1, 
            Suppression Events: 1
Time: 885.09, 
            Production Events: 0, 
            Suppression Events: 1
Time: 885.09, 
            Production Events: 0, 
            Suppression Events: 0
Time: 886.85, 
            Production Events: 0, 
            Suppression Events: 1
Time: 887.11, 
            Production Events: 0, 
            Suppression Events: 1
Time: 889.44, 
            Production Events: 1, 
            Suppression Events: 2
Time: 889.44, 
            Production Events: 0, 
            Suppression Events: 0
Time: 890.23, 
            Production Events: 0, 
            Suppression Events: 1
Time: 892.53, 
            Production Events: 1, 
            Suppression Events: 2
Time: 892.53, 
            Production Events: 0, 
            Suppression Events: 0
Time: 893.79, 
            Production Events: 0, 
            Suppression Events: 1
Time: 896.95, 
            Production Events: 0, 
            Suppression Events: 1
Time: 896.95, 
            Production Events: 0, 
            Suppression Events: 0
Time: 896.95, 
            Production Events: 0, 
            Suppression Events: 0
Time: 897.61, 
            Production Events: 0, 
            Suppression Events: 1
Time: 898.23, 
            Production Events: 0, 
            Suppression Events: 2
Time: 899.55, 
            Production Events: 0, 
            Suppression Events: 2
Time: 900.28, 
            Production Events: 0, 
            Suppression Events: 1
Time: 902.41, 
            Production Events: 0, 
            Suppression Events: 1
Time: 902.41, 
            Production Events: 0, 
            Suppression Events: 0
Time: 903.81, 
            Production Events: 0, 
            Suppression Events: 2
Time: 904.07, 
            Production Events: 0, 
            Suppression Events: 1
Time: 906.07, 
            Production Events: 1, 
            Suppression Events: 1
Time: 906.07, 
            Production Events: 0, 
            Suppression Events: 0
Time: 908.04, 
            Production Events: 0, 
            Suppression Events: 2
Time: 908.04, 
            Production Events: 0, 
            Suppression Events: 0
Time: 909.33, 
            Production Events: 0, 
            Suppression Events: 1
Time: 910.76, 
            Production Events: 0, 
            Suppression Events: 1
Time: 911.57, 
            Production Events: 0, 
            Suppression Events: 1
Time: 912.97, 
            Production Events: 0, 
            Suppression Events: 1
Time: 913.39, 
            Production Events: 0, 
            Suppression Events: 1
Time: 914.15, 
            Production Events: 0, 
            Suppression Events: 1
Time: 916.06, 
            Production Events: 0, 
            Suppression Events: 2
Time: 916.06, 
            Production Events: 0, 
            Suppression Events: 0
Time: 917.45, 
            Production Events: 1, 
            Suppression Events: 4
Time: 918.09, 
            Production Events: 0, 
            Suppression Events: 1
Time: 919.18, 
            Production Events: 0, 
            Suppression Events: 1
Time: 920.03, 
            Production Events: 0, 
            Suppression Events: 1
Time: 921.72, 
            Production Events: 0, 
            Suppression Events: 3
Time: 922.98, 
            Production Events: 0, 
            Suppression Events: 1
Time: 925.87, 
            Production Events: 0, 
            Suppression Events: 1
Time: 925.87, 
            Production Events: 0, 
            Suppression Events: 0
Time: 925.87, 
            Production Events: 0, 
            Suppression Events: 0
Time: 926.28, 
            Production Events: 0, 
            Suppression Events: 1
Time: 927.44, 
            Production Events: 0, 
            Suppression Events: 2
Time: 931.53, 
            Production Events: 0, 
            Suppression Events: 1
Time: 931.53, 
            Production Events: 0, 
            Suppression Events: 0
Time: 931.53, 
            Production Events: 0, 
            Suppression Events: 0
Time: 931.53, 
            Production Events: 0, 
            Suppression Events: 0
Time: 932.05, 
            Production Events: 0, 
            Suppression Events: 1
Time: 933.68, 
            Production Events: 0, 
            Suppression Events: 2
Time: 936.08, 
            Production Events: 1, 
            Suppression Events: 1
Time: 936.08, 
            Production Events: 0, 
            Suppression Events: 0
Time: 936.08, 
            Production Events: 0, 
            Suppression Events: 0
Time: 938.59, 
            Production Events: 0, 
            Suppression Events: 2
Time: 938.59, 
            Production Events: 0, 
            Suppression Events: 0
Time: 939.6, 
            Production Events: 0, 
            Suppression Events: 1
Time: 941.46, 
            Production Events: 1, 
            Suppression Events: 0
Time: 941.46, 
            Production Events: 0, 
            Suppression Events: 0
Time: 943.31, 
            Production Events: 1, 
            Suppression Events: 0
Time: 943.31, 
            Production Events: 0, 
            Suppression Events: 0
Time: 944.87, 
            Production Events: 0, 
            Suppression Events: 1
Time: 945.63, 
            Production Events: 0, 
            Suppression Events: 2
Time: 946.12, 
            Production Events: 0, 
            Suppression Events: 1
Time: 948.86, 
            Production Events: 0, 
            Suppression Events: 1
Time: 948.86, 
            Production Events: 0, 
            Suppression Events: 0
Time: 950.4, 
            Production Events: 0, 
            Suppression Events: 1
Time: 950.4, 
            Production Events: 0, 
            Suppression Events: 0
Time: 951.55, 
            Production Events: 0, 
            Suppression Events: 2
Time: 953.59, 
            Production Events: 1, 
            Suppression Events: 1
Time: 953.59, 
            Production Events: 0, 
            Suppression Events: 0
Time: 954.11, 
            Production Events: 0, 
            Suppression Events: 2
Time: 955.44, 
            Production Events: 0, 
            Suppression Events: 2
Time: 956.02, 
            Production Events: 1, 
            Suppression Events: 0
Time: 957.5, 
            Production Events: 0, 
            Suppression Events: 1
Time: 958.22, 
            Production Events: 0, 
            Suppression Events: 1
Time: 959.4, 
            Production Events: 0, 
            Suppression Events: 2
Time: 960.9, 
            Production Events: 1, 
            Suppression Events: 0
Time: 961.75, 
            Production Events: 1, 
            Suppression Events: 1
Time: 963.47, 
            Production Events: 1, 
            Suppression Events: 0
Time: 963.47, 
            Production Events: 0, 
            Suppression Events: 0
Time: 965.55, 
            Production Events: 1, 
            Suppression Events: 1
Time: 965.55, 
            Production Events: 0, 
            Suppression Events: 0
Time: 966.89, 
            Production Events: 0, 
            Suppression Events: 1
Time: 968.39, 
            Production Events: 0, 
            Suppression Events: 1
Time: 968.39, 
            Production Events: 0, 
            Suppression Events: 0
Time: 969.11, 
            Production Events: 1, 
            Suppression Events: 1
Time: 970.89, 
            Production Events: 1, 
            Suppression Events: 4
Time: 972.63, 
            Production Events: 0, 
            Suppression Events: 1
Time: 972.63, 
            Production Events: 0, 
            Suppression Events: 0
Time: 974.44, 
            Production Events: 1, 
            Suppression Events: 2
Time: 974.44, 
            Production Events: 0, 
            Suppression Events: 0
Time: 977.49, 
            Production Events: 0, 
            Suppression Events: 4
Time: 977.49, 
            Production Events: 0, 
            Suppression Events: 0
Time: 977.49, 
            Production Events: 0, 
            Suppression Events: 0
Time: 979.01, 
            Production Events: 0, 
            Suppression Events: 1
Time: 979.01, 
            Production Events: 0, 
            Suppression Events: 0
Time: 980.01, 
            Production Events: 0, 
            Suppression Events: 2
Time: 983.04, 
            Production Events: 1, 
            Suppression Events: 0
Time: 983.04, 
            Production Events: 0, 
            Suppression Events: 0
Time: 983.04, 
            Production Events: 0, 
            Suppression Events: 0
Time: 984.29, 
            Production Events: 0, 
            Suppression Events: 1
Time: 985.35, 
            Production Events: 1, 
            Suppression Events: 2
Time: 986.35, 
            Production Events: 0, 
            Suppression Events: 2
Time: 987.41, 
            Production Events: 0, 
            Suppression Events: 2
Time: 988.71, 
            Production Events: 1, 
            Suppression Events: 1
Time: 989.76, 
            Production Events: 0, 
            Suppression Events: 1
Time: 990.14, 
            Production Events: 1, 
            Suppression Events: 2
Time: 991.0, 
            Production Events: 0, 
            Suppression Events: 2
Time: 993.64, 
            Production Events: 0, 
            Suppression Events: 3
Time: 993.64, 
            Production Events: 0, 
            Suppression Events: 0
Time: 994.7, 
            Production Events: 1, 
            Suppression Events: 0
Time: 995.51, 
            Production Events: 1, 
            Suppression Events: 1
Time: 998.24, 
            Production Events: 0, 
            Suppression Events: 2
Time: 998.24, 
            Production Events: 0, 
            Suppression Events: 0
Time: 998.24, 
            Production Events: 0, 
            Suppression Events: 0
Time: 1001.44, 
            Production Events: 0, 
            Suppression Events: 2
Time: 1001.44, 
            Production Events: 0, 
            Suppression Events: 0
Simulation completed:
  Final time: 1001.4353240036099
  Total events: 976
  Wall time: 10715.09 seconds

Saving simulation results with clean separation...
Task evolution saved to: 5t5b/5t5b_mfcsb/data/param_143_rep_1_2025-11-21_182615/states.csv
Events saved to: 5t5b/5t5b_mfcsb/data/param_143_rep_1_2025-11-21_182615/events.csv
Saving event log (raw and DataFrame)...
log DataFrame size: (981, 9)
short view:
59 DataFrame
 Row  time     bee1_id  bee2_id  task_id  task_1   task_2   task_3     task_4 
      Float64  Int64    Int64    Int64    Float64  Float64  Float64    Float6 

   1      0.0        1        0        0   0.0759   0.1041  0.154541    0.176 
   2      0.0        2        0        0   0.0987   0.1015  0.0616933   0.111
   3      0.0        3        0        0   0.0955   0.1008  0.0917333   0.167
   4      0.0        4        0        0   0.0969   0.0989  0.0929625   0.085
   5      0.0        5        0        0   0.0837   0.091   0.0634219   0.095 
                                                               2 columns omittedEvent log saved to: 5t5b/5t5b_mfcsb/data/param_143_rep_1_2025-11-21_182615/event_log.json
Event log DataFrame saved to: 5t5b/5t5b_mfcsb/data/param_143_rep_1_2025-11-21_182615/event_log.csv
Metadata and configuration saved to: 5t5b/5t5b_mfcsb/data/param_143_rep_1_2025-11-21_182615/config.json
Task index mapping saved to: 5t5b/5t5b_mfcsb/data/param_143_rep_1_2025-11-21_182615/task_index_mapping.json
All results saved to directory: 5t5b/5t5b_mfcsb/data/param_143_rep_1_2025-11-21_182615
Simulation completed successfully!
Job finished at: Fri Nov 21 09:25:22 PM CET 2025
