Job array started at: Fri Nov 21 03:33:01 PM CET 2025
Job ID: 10860477
Array Job ID: 10860410
Array Task ID: 63
Node: th-ws-7010m54
Loading Julia module...
Module loaded: /software/opt/el_9/x86_64/julia/1.11.3/bin/julia
Changing to project directory...
Current directory: /scratch/n/N.Pfaffenzeller/nikolas_nethive/nethive_multiverse
Running parameter combination 63, replicate 1
Starting Julia simulation...
Running simulation with the following configuration:
  dataset_names: [:mnist, :cifar10, :svhn2, :fashion_mnist, :bank]
  param_id: 63
  n_bees: 5
  batch_size: 32
  replicate_id: 1
  punish_rate: 0.1
  punishment: time_out
  lambda_sensitivity: 100
  save_nn_epochs: 0
  production_rate: 1
  interaction_rate: 150
  batches_per_step: 100
  learning_rate: 1.0e-6
  max_output_dim: 10
  n_steps_per_epoch: 1
  dead_time: 100
  max_input_dim: 3072
  n_epochs: 1000
  seed: 1130068042

Starting simulation with configuration:
  dataset_names: [:mnist, :cifar10, :svhn2, :fashion_mnist, :bank]
  param_id: 63
  n_bees: 5
  batch_size: 32
  replicate_id: 1
  punish_rate: 0.1
  punishment: time_out
  lambda_sensitivity: 100
  save_nn_epochs: 0
  production_rate: 1
  interaction_rate: 150
  batches_per_step: 100
  run_timestamp: 2025-11-21T15:33:51.022
  learning_rate: 1.0e-6
  max_output_dim: 10
  n_steps_per_epoch: 1
  dead_time: 100
  max_input_dim: 3072
  n_epochs: 1000
  seed: 1130068042
Random seed: 1130068042

Starting simulation...
Time: 8.5, 
            Production Events: 0, 
            Suppression Events: 2
Time: 8.5, 
            Production Events: 0, 
            Suppression Events: 0
Time: 8.5, 
            Production Events: 0, 
            Suppression Events: 0
Time: 8.5, 
            Production Events: 0, 
            Suppression Events: 0
Time: 8.5, 
            Production Events: 0, 
            Suppression Events: 0
Time: 8.5, 
            Production Events: 0, 
            Suppression Events: 0
Time: 8.5, 
            Production Events: 0, 
            Suppression Events: 0
Time: 8.5, 
            Production Events: 0, 
            Suppression Events: 0
Time: 11.04, 
            Production Events: 0, 
            Suppression Events: 3
Time: 11.04, 
            Production Events: 0, 
            Suppression Events: 0
Time: 11.04, 
            Production Events: 0, 
            Suppression Events: 0
Time: 12.15, 
            Production Events: 1, 
            Suppression Events: 1
Time: 13.16, 
            Production Events: 0, 
            Suppression Events: 1
Time: 14.61, 
            Production Events: 0, 
            Suppression Events: 3
Time: 15.09, 
            Production Events: 0, 
            Suppression Events: 1
Time: 18.97, 
            Production Events: 1, 
            Suppression Events: 1
Time: 18.97, 
            Production Events: 0, 
            Suppression Events: 0
Time: 18.97, 
            Production Events: 0, 
            Suppression Events: 0
Time: 19.31, 
            Production Events: 0, 
            Suppression Events: 1
Time: 20.06, 
            Production Events: 0, 
            Suppression Events: 1
Time: 22.33, 
            Production Events: 0, 
            Suppression Events: 1
Time: 22.33, 
            Production Events: 0, 
            Suppression Events: 0
Time: 24.67, 
            Production Events: 1, 
            Suppression Events: 1
Time: 24.67, 
            Production Events: 0, 
            Suppression Events: 0
Time: 25.5, 
            Production Events: 0, 
            Suppression Events: 1
Time: 27.65, 
            Production Events: 0, 
            Suppression Events: 3
Time: 27.65, 
            Production Events: 0, 
            Suppression Events: 0
Time: 28.22, 
            Production Events: 0, 
            Suppression Events: 1
Time: 29.17, 
            Production Events: 0, 
            Suppression Events: 1
Time: 30.61, 
            Production Events: 1, 
            Suppression Events: 1
Time: 35.07, 
            Production Events: 0, 
            Suppression Events: 2
Time: 35.07, 
            Production Events: 0, 
            Suppression Events: 0
Time: 35.07, 
            Production Events: 0, 
            Suppression Events: 0
Time: 35.07, 
            Production Events: 0, 
            Suppression Events: 0
Time: 35.07, 
            Production Events: 0, 
            Suppression Events: 0
Time: 36.18, 
            Production Events: 0, 
            Suppression Events: 2
Time: 40.12, 
            Production Events: 0, 
            Suppression Events: 1
Time: 40.12, 
            Production Events: 0, 
            Suppression Events: 0
Time: 40.12, 
            Production Events: 0, 
            Suppression Events: 0
Time: 40.12, 
            Production Events: 0, 
            Suppression Events: 0
Time: 43.26, 
            Production Events: 0, 
            Suppression Events: 1
Time: 43.26, 
            Production Events: 0, 
            Suppression Events: 0
Time: 43.26, 
            Production Events: 0, 
            Suppression Events: 0
Time: 44.48, 
            Production Events: 0, 
            Suppression Events: 2
Time: 47.58, 
            Production Events: 1, 
            Suppression Events: 0
Time: 47.58, 
            Production Events: 0, 
            Suppression Events: 0
Time: 47.58, 
            Production Events: 0, 
            Suppression Events: 0
Time: 49.74, 
            Production Events: 0, 
            Suppression Events: 2
Time: 49.74, 
            Production Events: 0, 
            Suppression Events: 0
Time: 50.09, 
            Production Events: 0, 
            Suppression Events: 1
Time: 51.47, 
            Production Events: 0, 
            Suppression Events: 1
Time: 52.25, 
            Production Events: 0, 
            Suppression Events: 1
Time: 54.04, 
            Production Events: 0, 
            Suppression Events: 3
Time: 54.04, 
            Production Events: 0, 
            Suppression Events: 0
Time: 57.54, 
            Production Events: 1, 
            Suppression Events: 2
Time: 57.54, 
            Production Events: 0, 
            Suppression Events: 0
Time: 57.54, 
            Production Events: 0, 
            Suppression Events: 0
Time: 58.61, 
            Production Events: 0, 
            Suppression Events: 1
Time: 60.29, 
            Production Events: 0, 
            Suppression Events: 1
Time: 60.29, 
            Production Events: 0, 
            Suppression Events: 0
Time: 63.03, 
            Production Events: 1, 
            Suppression Events: 1
Time: 63.03, 
            Production Events: 0, 
            Suppression Events: 0
Time: 63.03, 
            Production Events: 0, 
            Suppression Events: 0
Time: 65.27, 
            Production Events: 0, 
            Suppression Events: 1
Time: 65.27, 
            Production Events: 0, 
            Suppression Events: 0
Time: 66.31, 
            Production Events: 0, 
            Suppression Events: 1
Time: 67.31, 
            Production Events: 0, 
            Suppression Events: 2
Time: 68.13, 
            Production Events: 0, 
            Suppression Events: 1
Time: 69.33, 
            Production Events: 0, 
            Suppression Events: 4
Time: 70.38, 
            Production Events: 0, 
            Suppression Events: 3
Time: 72.42, 
            Production Events: 0, 
            Suppression Events: 1
Time: 72.42, 
            Production Events: 0, 
            Suppression Events: 0
Time: 74.86, 
            Production Events: 0, 
            Suppression Events: 2
Time: 74.86, 
            Production Events: 0, 
            Suppression Events: 0
Time: 75.38, 
            Production Events: 0, 
            Suppression Events: 1
Time: 77.03, 
            Production Events: 0, 
            Suppression Events: 2
Time: 77.03, 
            Production Events: 0, 
            Suppression Events: 0
Time: 78.89, 
            Production Events: 0, 
            Suppression Events: 2
Time: 79.16, 
            Production Events: 0, 
            Suppression Events: 1
Time: 80.28, 
            Production Events: 0, 
            Suppression Events: 2
Time: 81.07, 
            Production Events: 0, 
            Suppression Events: 1
Time: 82.44, 
            Production Events: 0, 
            Suppression Events: 3
Time: 83.04, 
            Production Events: 0, 
            Suppression Events: 2
Time: 85.02, 
            Production Events: 0, 
            Suppression Events: 2
Time: 85.02, 
            Production Events: 0, 
            Suppression Events: 0
Time: 86.82, 
            Production Events: 0, 
            Suppression Events: 2
Time: 87.6, 
            Production Events: 0, 
            Suppression Events: 1
Time: 89.08, 
            Production Events: 0, 
            Suppression Events: 2
Time: 89.08, 
            Production Events: 0, 
            Suppression Events: 0
Time: 91.66, 
            Production Events: 0, 
            Suppression Events: 2
Time: 91.66, 
            Production Events: 0, 
            Suppression Events: 0
Time: 92.83, 
            Production Events: 0, 
            Suppression Events: 1
Time: 93.07, 
            Production Events: 0, 
            Suppression Events: 2
Time: 94.07, 
            Production Events: 0, 
            Suppression Events: 2
Time: 95.98, 
            Production Events: 0, 
            Suppression Events: 5
Time: 96.26, 
            Production Events: 0, 
            Suppression Events: 1
Time: 98.12, 
            Production Events: 0, 
            Suppression Events: 4
Time: 98.12, 
            Production Events: 0, 
            Suppression Events: 0
Time: 99.01, 
            Production Events: 0, 
            Suppression Events: 1
Time: 100.79, 
            Production Events: 1, 
            Suppression Events: 2
Time: 101.22, 
            Production Events: 0, 
            Suppression Events: 1
Time: 102.73, 
            Production Events: 0, 
            Suppression Events: 2
Time: 104.54, 
            Production Events: 0, 
            Suppression Events: 1
Time: 104.54, 
            Production Events: 0, 
            Suppression Events: 0
Time: 105.11, 
            Production Events: 0, 
            Suppression Events: 2
Time: 106.55, 
            Production Events: 0, 
            Suppression Events: 2
Time: 107.09, 
            Production Events: 0, 
            Suppression Events: 1
Time: 108.88, 
            Production Events: 1, 
            Suppression Events: 1
Time: 109.48, 
            Production Events: 0, 
            Suppression Events: 1
Time: 111.0, 
            Production Events: 0, 
            Suppression Events: 1
Time: 111.0, 
            Production Events: 0, 
            Suppression Events: 0
Time: 112.17, 
            Production Events: 0, 
            Suppression Events: 5
Time: 114.12, 
            Production Events: 0, 
            Suppression Events: 3
Time: 114.12, 
            Production Events: 0, 
            Suppression Events: 0
Time: 115.07, 
            Production Events: 0, 
            Suppression Events: 1
Time: 118.39, 
            Production Events: 0, 
            Suppression Events: 6
Time: 118.39, 
            Production Events: 0, 
            Suppression Events: 0
Time: 118.39, 
            Production Events: 0, 
            Suppression Events: 0
Time: 120.57, 
            Production Events: 0, 
            Suppression Events: 3
Time: 120.57, 
            Production Events: 0, 
            Suppression Events: 0
Time: 122.72, 
            Production Events: 0, 
            Suppression Events: 1
Time: 122.72, 
            Production Events: 0, 
            Suppression Events: 0
Time: 123.0, 
            Production Events: 0, 
            Suppression Events: 1
Time: 128.04, 
            Production Events: 0, 
            Suppression Events: 2
Time: 128.04, 
            Production Events: 0, 
            Suppression Events: 0
Time: 128.04, 
            Production Events: 0, 
            Suppression Events: 0
Time: 128.04, 
            Production Events: 0, 
            Suppression Events: 0
Time: 128.04, 
            Production Events: 0, 
            Suppression Events: 0
Time: 129.38, 
            Production Events: 0, 
            Suppression Events: 1
Time: 130.27, 
            Production Events: 0, 
            Suppression Events: 2
Time: 131.02, 
            Production Events: 0, 
            Suppression Events: 1
Time: 134.03, 
            Production Events: 0, 
            Suppression Events: 1
Time: 134.03, 
            Production Events: 0, 
            Suppression Events: 0
Time: 134.03, 
            Production Events: 0, 
            Suppression Events: 0
Time: 135.84, 
            Production Events: 0, 
            Suppression Events: 3
Time: 137.03, 
            Production Events: 0, 
            Suppression Events: 1
Time: 137.03, 
            Production Events: 0, 
            Suppression Events: 0
Time: 138.15, 
            Production Events: 0, 
            Suppression Events: 4
Time: 139.55, 
            Production Events: 0, 
            Suppression Events: 1
Time: 140.05, 
            Production Events: 0, 
            Suppression Events: 1
Time: 141.6, 
            Production Events: 0, 
            Suppression Events: 1
Time: 144.25, 
            Production Events: 0, 
            Suppression Events: 1
Time: 144.25, 
            Production Events: 0, 
            Suppression Events: 0
Time: 144.25, 
            Production Events: 0, 
            Suppression Events: 0
Time: 145.41, 
            Production Events: 1, 
            Suppression Events: 1
Time: 147.27, 
            Production Events: 0, 
            Suppression Events: 1
Time: 147.27, 
            Production Events: 0, 
            Suppression Events: 0
Time: 148.93, 
            Production Events: 0, 
            Suppression Events: 3
Time: 149.17, 
            Production Events: 0, 
            Suppression Events: 1
Time: 152.07, 
            Production Events: 1, 
            Suppression Events: 1
Time: 152.07, 
            Production Events: 0, 
            Suppression Events: 0
Time: 152.07, 
            Production Events: 0, 
            Suppression Events: 0
Time: 154.9, 
            Production Events: 0, 
            Suppression Events: 1
Time: 154.9, 
            Production Events: 0, 
            Suppression Events: 0
Time: 156.0, 
            Production Events: 0, 
            Suppression Events: 1
Time: 156.63, 
            Production Events: 0, 
            Suppression Events: 1
Time: 157.54, 
            Production Events: 0, 
            Suppression Events: 2
Time: 159.62, 
            Production Events: 0, 
            Suppression Events: 1
Time: 159.62, 
            Production Events: 0, 
            Suppression Events: 0
Time: 161.05, 
            Production Events: 0, 
            Suppression Events: 2
Time: 161.05, 
            Production Events: 0, 
            Suppression Events: 0
Time: 162.54, 
            Production Events: 0, 
            Suppression Events: 1
Time: 163.65, 
            Production Events: 0, 
            Suppression Events: 1
Time: 164.48, 
            Production Events: 0, 
            Suppression Events: 1
Time: 165.77, 
            Production Events: 0, 
            Suppression Events: 1
Time: 168.09, 
            Production Events: 0, 
            Suppression Events: 1
Time: 168.09, 
            Production Events: 0, 
            Suppression Events: 0
Time: 168.09, 
            Production Events: 0, 
            Suppression Events: 0
Time: 169.9, 
            Production Events: 0, 
            Suppression Events: 4
Time: 170.6, 
            Production Events: 0, 
            Suppression Events: 1
Time: 171.38, 
            Production Events: 0, 
            Suppression Events: 1
Time: 172.06, 
            Production Events: 0, 
            Suppression Events: 2
Time: 174.32, 
            Production Events: 0, 
            Suppression Events: 3
Time: 174.32, 
            Production Events: 0, 
            Suppression Events: 0
Time: 175.57, 
            Production Events: 0, 
            Suppression Events: 1
Time: 176.06, 
            Production Events: 0, 
            Suppression Events: 1
Time: 177.55, 
            Production Events: 0, 
            Suppression Events: 3
Time: 179.04, 
            Production Events: 0, 
            Suppression Events: 3
Time: 179.04, 
            Production Events: 0, 
            Suppression Events: 0
Time: 182.24, 
            Production Events: 0, 
            Suppression Events: 3
Time: 182.24, 
            Production Events: 0, 
            Suppression Events: 0
Time: 182.24, 
            Production Events: 0, 
            Suppression Events: 0
Time: 183.02, 
            Production Events: 0, 
            Suppression Events: 2
Time: 185.14, 
            Production Events: 0, 
            Suppression Events: 5
Time: 185.14, 
            Production Events: 0, 
            Suppression Events: 0
Time: 186.42, 
            Production Events: 0, 
            Suppression Events: 1
Time: 187.81, 
            Production Events: 0, 
            Suppression Events: 2
Time: 188.16, 
            Production Events: 0, 
            Suppression Events: 2
Time: 190.9, 
            Production Events: 0, 
            Suppression Events: 1
Time: 190.9, 
            Production Events: 0, 
            Suppression Events: 0
Time: 191.82, 
            Production Events: 0, 
            Suppression Events: 1
Time: 192.32, 
            Production Events: 0, 
            Suppression Events: 1
Time: 194.0, 
            Production Events: 0, 
            Suppression Events: 1
Time: 194.0, 
            Production Events: 0, 
            Suppression Events: 0
Time: 195.04, 
            Production Events: 0, 
            Suppression Events: 2
Time: 198.85, 
            Production Events: 0, 
            Suppression Events: 1
Time: 198.85, 
            Production Events: 0, 
            Suppression Events: 0
Time: 198.85, 
            Production Events: 0, 
            Suppression Events: 0
Time: 202.75, 
            Production Events: 0, 
            Suppression Events: 1
Time: 202.75, 
            Production Events: 0, 
            Suppression Events: 0
Time: 202.75, 
            Production Events: 0, 
            Suppression Events: 0
Time: 202.75, 
            Production Events: 0, 
            Suppression Events: 0
Time: 206.31, 
            Production Events: 1, 
            Suppression Events: 1
Time: 206.31, 
            Production Events: 0, 
            Suppression Events: 0
Time: 206.31, 
            Production Events: 0, 
            Suppression Events: 0
Time: 206.31, 
            Production Events: 0, 
            Suppression Events: 0
Time: 208.28, 
            Production Events: 0, 
            Suppression Events: 1
Time: 208.28, 
            Production Events: 0, 
            Suppression Events: 0
Time: 211.27, 
            Production Events: 0, 
            Suppression Events: 3
Time: 211.27, 
            Production Events: 0, 
            Suppression Events: 0
Time: 211.27, 
            Production Events: 0, 
            Suppression Events: 0
Time: 213.64, 
            Production Events: 0, 
            Suppression Events: 1
Time: 213.64, 
            Production Events: 0, 
            Suppression Events: 0
Time: 214.89, 
            Production Events: 1, 
            Suppression Events: 1
Time: 217.4, 
            Production Events: 0, 
            Suppression Events: 1
Time: 217.4, 
            Production Events: 0, 
            Suppression Events: 0
Time: 217.4, 
            Production Events: 0, 
            Suppression Events: 0
Time: 218.19, 
            Production Events: 0, 
            Suppression Events: 3
Time: 219.83, 
            Production Events: 0, 
            Suppression Events: 5
Time: 220.48, 
            Production Events: 0, 
            Suppression Events: 2
Time: 221.65, 
            Production Events: 0, 
            Suppression Events: 1
Time: 222.17, 
            Production Events: 0, 
            Suppression Events: 1
Time: 223.49, 
            Production Events: 0, 
            Suppression Events: 1
Time: 224.61, 
            Production Events: 0, 
            Suppression Events: 1
Time: 225.53, 
            Production Events: 0, 
            Suppression Events: 2
Time: 227.23, 
            Production Events: 0, 
            Suppression Events: 1
Time: 227.23, 
            Production Events: 0, 
            Suppression Events: 0
Time: 230.2, 
            Production Events: 0, 
            Suppression Events: 1
Time: 230.2, 
            Production Events: 0, 
            Suppression Events: 0
Time: 230.2, 
            Production Events: 0, 
            Suppression Events: 0
Time: 231.08, 
            Production Events: 0, 
            Suppression Events: 2
Time: 232.68, 
            Production Events: 0, 
            Suppression Events: 2
Time: 233.08, 
            Production Events: 0, 
            Suppression Events: 1
Time: 234.42, 
            Production Events: 0, 
            Suppression Events: 1
Time: 235.2, 
            Production Events: 0, 
            Suppression Events: 1
Time: 236.02, 
            Production Events: 0, 
            Suppression Events: 2
Time: 239.96, 
            Production Events: 0, 
            Suppression Events: 2
Time: 239.96, 
            Production Events: 0, 
            Suppression Events: 0
Time: 239.96, 
            Production Events: 0, 
            Suppression Events: 0
Time: 240.0, 
            Production Events: 0, 
            Suppression Events: 1
Time: 241.36, 
            Production Events: 1, 
            Suppression Events: 0
Time: 242.38, 
            Production Events: 0, 
            Suppression Events: 2
Time: 243.77, 
            Production Events: 0, 
            Suppression Events: 2
Time: 246.05, 
            Production Events: 0, 
            Suppression Events: 1
Time: 246.05, 
            Production Events: 0, 
            Suppression Events: 0
Time: 246.05, 
            Production Events: 0, 
            Suppression Events: 0
Time: 248.08, 
            Production Events: 0, 
            Suppression Events: 2
Time: 248.08, 
            Production Events: 0, 
            Suppression Events: 0
Time: 249.14, 
            Production Events: 0, 
            Suppression Events: 2
Time: 251.71, 
            Production Events: 0, 
            Suppression Events: 1
Time: 251.71, 
            Production Events: 0, 
            Suppression Events: 0
Time: 252.03, 
            Production Events: 0, 
            Suppression Events: 1
Time: 254.18, 
            Production Events: 0, 
            Suppression Events: 2
Time: 254.18, 
            Production Events: 0, 
            Suppression Events: 0
Time: 255.87, 
            Production Events: 0, 
            Suppression Events: 2
Time: 260.18, 
            Production Events: 0, 
            Suppression Events: 1
Time: 260.18, 
            Production Events: 0, 
            Suppression Events: 0
Time: 260.18, 
            Production Events: 0, 
            Suppression Events: 0
Time: 260.18, 
            Production Events: 0, 
            Suppression Events: 0
Time: 260.18, 
            Production Events: 0, 
            Suppression Events: 0
Time: 261.19, 
            Production Events: 0, 
            Suppression Events: 2
Time: 262.09, 
            Production Events: 0, 
            Suppression Events: 2
Time: 263.13, 
            Production Events: 0, 
            Suppression Events: 3
Time: 264.32, 
            Production Events: 0, 
            Suppression Events: 1
Time: 265.72, 
            Production Events: 0, 
            Suppression Events: 2
Time: 267.51, 
            Production Events: 0, 
            Suppression Events: 1
Time: 267.51, 
            Production Events: 0, 
            Suppression Events: 0
Time: 268.73, 
            Production Events: 1, 
            Suppression Events: 2
Time: 271.32, 
            Production Events: 0, 
            Suppression Events: 1
Time: 271.32, 
            Production Events: 0, 
            Suppression Events: 0
Time: 271.32, 
            Production Events: 0, 
            Suppression Events: 0
Time: 273.93, 
            Production Events: 0, 
            Suppression Events: 1
Time: 273.93, 
            Production Events: 0, 
            Suppression Events: 0
Time: 274.63, 
            Production Events: 0, 
            Suppression Events: 1
Time: 276.53, 
            Production Events: 0, 
            Suppression Events: 1
Time: 276.53, 
            Production Events: 0, 
            Suppression Events: 0
Time: 278.46, 
            Production Events: 0, 
            Suppression Events: 2
Time: 278.46, 
            Production Events: 0, 
            Suppression Events: 0
Time: 279.54, 
            Production Events: 1, 
            Suppression Events: 1
Time: 280.09, 
            Production Events: 0, 
            Suppression Events: 1
Time: 281.77, 
            Production Events: 0, 
            Suppression Events: 1
Time: 282.88, 
            Production Events: 0, 
            Suppression Events: 1
Time: 286.33, 
            Production Events: 1, 
            Suppression Events: 0
Time: 286.33, 
            Production Events: 0, 
            Suppression Events: 0
Time: 286.33, 
            Production Events: 0, 
            Suppression Events: 0
Time: 286.33, 
            Production Events: 0, 
            Suppression Events: 0
Time: 287.96, 
            Production Events: 0, 
            Suppression Events: 1
Time: 288.5, 
            Production Events: 0, 
            Suppression Events: 1
Time: 289.35, 
            Production Events: 0, 
            Suppression Events: 1
Time: 290.57, 
            Production Events: 0, 
            Suppression Events: 2
Time: 291.12, 
            Production Events: 0, 
            Suppression Events: 1
Time: 292.11, 
            Production Events: 0, 
            Suppression Events: 1
Time: 293.45, 
            Production Events: 0, 
            Suppression Events: 1
Time: 294.75, 
            Production Events: 0, 
            Suppression Events: 1
Time: 295.2, 
            Production Events: 0, 
            Suppression Events: 2
Time: 296.71, 
            Production Events: 0, 
            Suppression Events: 2
Time: 297.4, 
            Production Events: 0, 
            Suppression Events: 1
Time: 298.27, 
            Production Events: 0, 
            Suppression Events: 1
Time: 302.99, 
            Production Events: 0, 
            Suppression Events: 1
Time: 302.99, 
            Production Events: 0, 
            Suppression Events: 0
Time: 302.99, 
            Production Events: 0, 
            Suppression Events: 0
Time: 302.99, 
            Production Events: 0, 
            Suppression Events: 0
Time: 303.94, 
            Production Events: 0, 
            Suppression Events: 1
Time: 304.27, 
            Production Events: 0, 
            Suppression Events: 1
Time: 309.6, 
            Production Events: 0, 
            Suppression Events: 1
Time: 309.6, 
            Production Events: 0, 
            Suppression Events: 0
Time: 309.6, 
            Production Events: 0, 
            Suppression Events: 0
Time: 309.6, 
            Production Events: 0, 
            Suppression Events: 0
Time: 309.6, 
            Production Events: 0, 
            Suppression Events: 0
Time: 310.3, 
            Production Events: 0, 
            Suppression Events: 2
Time: 311.05, 
            Production Events: 0, 
            Suppression Events: 2
Time: 312.67, 
            Production Events: 0, 
            Suppression Events: 2
Time: 313.4, 
            Production Events: 0, 
            Suppression Events: 1
Time: 314.5, 
            Production Events: 0, 
            Suppression Events: 2
Time: 316.31, 
            Production Events: 1, 
            Suppression Events: 2
Time: 316.31, 
            Production Events: 0, 
            Suppression Events: 0
Time: 317.97, 
            Production Events: 0, 
            Suppression Events: 1
Time: 318.6, 
            Production Events: 0, 
            Suppression Events: 1
Time: 319.02, 
            Production Events: 0, 
            Suppression Events: 1
Time: 320.23, 
            Production Events: 0, 
            Suppression Events: 4
Time: 321.12, 
            Production Events: 0, 
            Suppression Events: 1
Time: 322.01, 
            Production Events: 0, 
            Suppression Events: 3
Time: 323.47, 
            Production Events: 0, 
            Suppression Events: 1
Time: 324.99, 
            Production Events: 0, 
            Suppression Events: 1
Time: 326.06, 
            Production Events: 0, 
            Suppression Events: 1
Time: 326.06, 
            Production Events: 0, 
            Suppression Events: 0
Time: 327.2, 
            Production Events: 0, 
            Suppression Events: 1
Time: 328.51, 
            Production Events: 0, 
            Suppression Events: 1
Time: 331.95, 
            Production Events: 0, 
            Suppression Events: 1
Time: 331.95, 
            Production Events: 0, 
            Suppression Events: 0
Time: 331.95, 
            Production Events: 0, 
            Suppression Events: 0
Time: 332.18, 
            Production Events: 0, 
            Suppression Events: 1
Time: 333.03, 
            Production Events: 0, 
            Suppression Events: 1
Time: 335.17, 
            Production Events: 0, 
            Suppression Events: 2
Time: 335.17, 
            Production Events: 0, 
            Suppression Events: 0
Time: 336.78, 
            Production Events: 0, 
            Suppression Events: 2
Time: 337.05, 
            Production Events: 0, 
            Suppression Events: 1
Time: 342.13, 
            Production Events: 0, 
            Suppression Events: 2
Time: 342.13, 
            Production Events: 0, 
            Suppression Events: 0
Time: 342.13, 
            Production Events: 0, 
            Suppression Events: 0
Time: 342.13, 
            Production Events: 0, 
            Suppression Events: 0
Time: 342.13, 
            Production Events: 0, 
            Suppression Events: 0
Time: 343.35, 
            Production Events: 0, 
            Suppression Events: 1
Time: 346.35, 
            Production Events: 0, 
            Suppression Events: 3
Time: 346.35, 
            Production Events: 0, 
            Suppression Events: 0
Time: 346.35, 
            Production Events: 0, 
            Suppression Events: 0
Time: 347.98, 
            Production Events: 0, 
            Suppression Events: 2
Time: 348.14, 
            Production Events: 0, 
            Suppression Events: 1
Time: 349.71, 
            Production Events: 0, 
            Suppression Events: 1
Time: 351.31, 
            Production Events: 0, 
            Suppression Events: 1
Time: 351.31, 
            Production Events: 0, 
            Suppression Events: 0
Time: 352.62, 
            Production Events: 0, 
            Suppression Events: 1
Time: 353.39, 
            Production Events: 0, 
            Suppression Events: 1
Time: 354.28, 
            Production Events: 0, 
            Suppression Events: 1
Time: 360.41, 
            Production Events: 0, 
            Suppression Events: 3
Time: 360.41, 
            Production Events: 0, 
            Suppression Events: 0
Time: 360.41, 
            Production Events: 0, 
            Suppression Events: 0
Time: 360.41, 
            Production Events: 0, 
            Suppression Events: 0
Time: 360.41, 
            Production Events: 0, 
            Suppression Events: 0
Time: 360.41, 
            Production Events: 0, 
            Suppression Events: 0
Time: 365.06, 
            Production Events: 0, 
            Suppression Events: 1
Time: 365.06, 
            Production Events: 0, 
            Suppression Events: 0
Time: 365.06, 
            Production Events: 0, 
            Suppression Events: 0
Time: 365.06, 
            Production Events: 0, 
            Suppression Events: 0
Time: 365.06, 
            Production Events: 0, 
            Suppression Events: 0
Time: 366.02, 
            Production Events: 0, 
            Suppression Events: 1
Time: 368.39, 
            Production Events: 0, 
            Suppression Events: 1
Time: 368.39, 
            Production Events: 0, 
            Suppression Events: 0
Time: 369.25, 
            Production Events: 0, 
            Suppression Events: 1
Time: 370.31, 
            Production Events: 1, 
            Suppression Events: 0
Time: 372.92, 
            Production Events: 0, 
            Suppression Events: 2
Time: 372.92, 
            Production Events: 0, 
            Suppression Events: 0
Time: 373.49, 
            Production Events: 0, 
            Suppression Events: 1
Time: 374.41, 
            Production Events: 0, 
            Suppression Events: 2
Time: 376.4, 
            Production Events: 0, 
            Suppression Events: 2
Time: 376.4, 
            Production Events: 0, 
            Suppression Events: 0
Time: 379.03, 
            Production Events: 0, 
            Suppression Events: 1
Time: 379.03, 
            Production Events: 0, 
            Suppression Events: 0
Time: 379.03, 
            Production Events: 0, 
            Suppression Events: 0
Time: 381.31, 
            Production Events: 0, 
            Suppression Events: 2
Time: 381.31, 
            Production Events: 0, 
            Suppression Events: 0
Time: 382.02, 
            Production Events: 1, 
            Suppression Events: 2
Time: 385.22, 
            Production Events: 0, 
            Suppression Events: 2
Time: 385.22, 
            Production Events: 0, 
            Suppression Events: 0
Time: 385.22, 
            Production Events: 0, 
            Suppression Events: 0
Time: 387.06, 
            Production Events: 0, 
            Suppression Events: 2
Time: 387.06, 
            Production Events: 0, 
            Suppression Events: 0
Time: 388.22, 
            Production Events: 0, 
            Suppression Events: 3
Time: 394.26, 
            Production Events: 0, 
            Suppression Events: 2
Time: 394.26, 
            Production Events: 0, 
            Suppression Events: 0
Time: 394.26, 
            Production Events: 0, 
            Suppression Events: 0
Time: 394.26, 
            Production Events: 0, 
            Suppression Events: 0
Time: 394.26, 
            Production Events: 0, 
            Suppression Events: 0
Time: 394.26, 
            Production Events: 0, 
            Suppression Events: 0
Time: 395.53, 
            Production Events: 0, 
            Suppression Events: 1
Time: 396.06, 
            Production Events: 0, 
            Suppression Events: 2
Time: 397.77, 
            Production Events: 0, 
            Suppression Events: 2
Time: 398.57, 
            Production Events: 0, 
            Suppression Events: 1
Time: 400.05, 
            Production Events: 1, 
            Suppression Events: 2
Time: 400.05, 
            Production Events: 0, 
            Suppression Events: 0
Time: 401.35, 
            Production Events: 0, 
            Suppression Events: 1
Time: 403.29, 
            Production Events: 0, 
            Suppression Events: 1
Time: 403.29, 
            Production Events: 0, 
            Suppression Events: 0
Time: 405.28, 
            Production Events: 0, 
            Suppression Events: 3
Time: 405.28, 
            Production Events: 0, 
            Suppression Events: 0
Time: 406.45, 
            Production Events: 1, 
            Suppression Events: 0
Time: 407.81, 
            Production Events: 0, 
            Suppression Events: 2
Time: 408.02, 
            Production Events: 0, 
            Suppression Events: 2
Time: 409.63, 
            Production Events: 0, 
            Suppression Events: 1
Time: 410.78, 
            Production Events: 0, 
            Suppression Events: 1
Time: 411.4, 
            Production Events: 0, 
            Suppression Events: 2
Time: 413.18, 
            Production Events: 0, 
            Suppression Events: 2
Time: 413.18, 
            Production Events: 0, 
            Suppression Events: 0
Time: 416.36, 
            Production Events: 0, 
            Suppression Events: 1
Time: 416.36, 
            Production Events: 0, 
            Suppression Events: 0
Time: 416.36, 
            Production Events: 0, 
            Suppression Events: 0
Time: 418.81, 
            Production Events: 0, 
            Suppression Events: 2
Time: 418.81, 
            Production Events: 0, 
            Suppression Events: 0
Time: 419.32, 
            Production Events: 0, 
            Suppression Events: 1
Time: 422.3, 
            Production Events: 0, 
            Suppression Events: 2
Time: 422.3, 
            Production Events: 0, 
            Suppression Events: 0
Time: 422.3, 
            Production Events: 0, 
            Suppression Events: 0
Time: 423.75, 
            Production Events: 0, 
            Suppression Events: 2
Time: 424.77, 
            Production Events: 0, 
            Suppression Events: 1
Time: 426.55, 
            Production Events: 0, 
            Suppression Events: 3
Time: 426.55, 
            Production Events: 0, 
            Suppression Events: 0
Time: 430.17, 
            Production Events: 0, 
            Suppression Events: 2
Time: 430.17, 
            Production Events: 0, 
            Suppression Events: 0
Time: 430.17, 
            Production Events: 0, 
            Suppression Events: 0
Time: 430.17, 
            Production Events: 0, 
            Suppression Events: 0
Time: 431.78, 
            Production Events: 0, 
            Suppression Events: 3
Time: 432.47, 
            Production Events: 1, 
            Suppression Events: 0
Time: 433.93, 
            Production Events: 0, 
            Suppression Events: 1
Time: 434.4, 
            Production Events: 0, 
            Suppression Events: 1
Time: 436.3, 
            Production Events: 0, 
            Suppression Events: 2
Time: 436.3, 
            Production Events: 0, 
            Suppression Events: 0
Time: 437.33, 
            Production Events: 0, 
            Suppression Events: 1
Time: 438.31, 
            Production Events: 0, 
            Suppression Events: 3
Time: 439.62, 
            Production Events: 0, 
            Suppression Events: 2
Time: 440.42, 
            Production Events: 0, 
            Suppression Events: 1
Time: 441.29, 
            Production Events: 0, 
            Suppression Events: 1
Time: 442.25, 
            Production Events: 0, 
            Suppression Events: 1
Time: 444.3, 
            Production Events: 0, 
            Suppression Events: 3
Time: 444.3, 
            Production Events: 0, 
            Suppression Events: 0
Time: 446.27, 
            Production Events: 0, 
            Suppression Events: 1
Time: 446.27, 
            Production Events: 0, 
            Suppression Events: 0
Time: 447.44, 
            Production Events: 0, 
            Suppression Events: 2
Time: 452.02, 
            Production Events: 0, 
            Suppression Events: 1
Time: 452.02, 
            Production Events: 0, 
            Suppression Events: 0
Time: 452.02, 
            Production Events: 0, 
            Suppression Events: 0
Time: 452.02, 
            Production Events: 0, 
            Suppression Events: 0
Time: 452.02, 
            Production Events: 0, 
            Suppression Events: 0
Time: 454.16, 
            Production Events: 0, 
            Suppression Events: 1
Time: 454.16, 
            Production Events: 0, 
            Suppression Events: 0
Time: 455.5, 
            Production Events: 0, 
            Suppression Events: 1
Time: 456.68, 
            Production Events: 0, 
            Suppression Events: 1
Time: 459.15, 
            Production Events: 0, 
            Suppression Events: 1
Time: 459.15, 
            Production Events: 0, 
            Suppression Events: 0
Time: 459.15, 
            Production Events: 0, 
            Suppression Events: 0
Time: 462.18, 
            Production Events: 0, 
            Suppression Events: 3
Time: 462.18, 
            Production Events: 0, 
            Suppression Events: 0
Time: 462.18, 
            Production Events: 0, 
            Suppression Events: 0
Time: 463.66, 
            Production Events: 0, 
            Suppression Events: 2
Time: 464.03, 
            Production Events: 0, 
            Suppression Events: 1
Time: 465.05, 
            Production Events: 0, 
            Suppression Events: 1
Time: 472.83, 
            Production Events: 0, 
            Suppression Events: 1
Time: 472.83, 
            Production Events: 0, 
            Suppression Events: 0
Time: 472.83, 
            Production Events: 0, 
            Suppression Events: 0
Time: 472.83, 
            Production Events: 0, 
            Suppression Events: 0
Time: 472.83, 
            Production Events: 0, 
            Suppression Events: 0
Time: 472.83, 
            Production Events: 0, 
            Suppression Events: 0
Time: 472.83, 
            Production Events: 0, 
            Suppression Events: 0
Time: 475.0, 
            Production Events: 0, 
            Suppression Events: 1
Time: 475.0, 
            Production Events: 0, 
            Suppression Events: 0
Time: 477.3, 
            Production Events: 0, 
            Suppression Events: 1
Time: 477.3, 
            Production Events: 0, 
            Suppression Events: 0
Time: 477.3, 
            Production Events: 0, 
            Suppression Events: 0
Time: 478.74, 
            Production Events: 0, 
            Suppression Events: 2
Time: 481.1, 
            Production Events: 0, 
            Suppression Events: 2
Time: 481.1, 
            Production Events: 0, 
            Suppression Events: 0
Time: 481.1, 
            Production Events: 0, 
            Suppression Events: 0
Time: 483.27, 
            Production Events: 0, 
            Suppression Events: 1
Time: 483.27, 
            Production Events: 0, 
            Suppression Events: 0
Time: 484.8, 
            Production Events: 0, 
            Suppression Events: 2
Time: 485.51, 
            Production Events: 0, 
            Suppression Events: 2
Time: 489.58, 
            Production Events: 0, 
            Suppression Events: 3
Time: 489.58, 
            Production Events: 0, 
            Suppression Events: 0
Time: 489.58, 
            Production Events: 0, 
            Suppression Events: 0
Time: 489.58, 
            Production Events: 0, 
            Suppression Events: 0
Time: 491.34, 
            Production Events: 0, 
            Suppression Events: 1
Time: 491.34, 
            Production Events: 0, 
            Suppression Events: 0
Time: 492.24, 
            Production Events: 0, 
            Suppression Events: 2
Time: 497.86, 
            Production Events: 0, 
            Suppression Events: 1
Time: 497.86, 
            Production Events: 0, 
            Suppression Events: 0
Time: 497.86, 
            Production Events: 0, 
            Suppression Events: 0
Time: 497.86, 
            Production Events: 0, 
            Suppression Events: 0
Time: 497.86, 
            Production Events: 0, 
            Suppression Events: 0
Time: 498.06, 
            Production Events: 0, 
            Suppression Events: 1
Time: 499.58, 
            Production Events: 0, 
            Suppression Events: 3
Time: 501.05, 
            Production Events: 0, 
            Suppression Events: 2
Time: 501.05, 
            Production Events: 0, 
            Suppression Events: 0
Time: 502.23, 
            Production Events: 0, 
            Suppression Events: 1
Time: 503.11, 
            Production Events: 0, 
            Suppression Events: 1
Time: 505.44, 
            Production Events: 0, 
            Suppression Events: 3
Time: 505.44, 
            Production Events: 0, 
            Suppression Events: 0
Time: 506.74, 
            Production Events: 0, 
            Suppression Events: 1
Time: 509.01, 
            Production Events: 0, 
            Suppression Events: 2
Time: 509.01, 
            Production Events: 0, 
            Suppression Events: 0
Time: 509.01, 
            Production Events: 0, 
            Suppression Events: 0
Time: 511.0, 
            Production Events: 0, 
            Suppression Events: 1
Time: 511.0, 
            Production Events: 0, 
            Suppression Events: 0
Time: 514.26, 
            Production Events: 0, 
            Suppression Events: 2
Time: 514.26, 
            Production Events: 0, 
            Suppression Events: 0
Time: 514.26, 
            Production Events: 0, 
            Suppression Events: 0
Time: 515.15, 
            Production Events: 0, 
            Suppression Events: 1
Time: 516.36, 
            Production Events: 0, 
            Suppression Events: 1
Time: 518.78, 
            Production Events: 0, 
            Suppression Events: 2
Time: 518.78, 
            Production Events: 0, 
            Suppression Events: 0
Time: 520.07, 
            Production Events: 0, 
            Suppression Events: 1
Time: 520.07, 
            Production Events: 0, 
            Suppression Events: 0
Time: 524.33, 
            Production Events: 0, 
            Suppression Events: 4
Time: 524.33, 
            Production Events: 0, 
            Suppression Events: 0
Time: 524.33, 
            Production Events: 0, 
            Suppression Events: 0
Time: 524.33, 
            Production Events: 0, 
            Suppression Events: 0
Time: 528.9, 
            Production Events: 0, 
            Suppression Events: 2
Time: 528.9, 
            Production Events: 0, 
            Suppression Events: 0
Time: 528.9, 
            Production Events: 0, 
            Suppression Events: 0
Time: 528.9, 
            Production Events: 0, 
            Suppression Events: 0
Time: 529.89, 
            Production Events: 0, 
            Suppression Events: 1
Time: 530.07, 
            Production Events: 0, 
            Suppression Events: 1
Time: 531.06, 
            Production Events: 0, 
            Suppression Events: 1
Time: 533.36, 
            Production Events: 0, 
            Suppression Events: 1
Time: 533.36, 
            Production Events: 0, 
            Suppression Events: 0
Time: 534.67, 
            Production Events: 0, 
            Suppression Events: 3
Time: 535.36, 
            Production Events: 0, 
            Suppression Events: 2
Time: 536.2, 
            Production Events: 0, 
            Suppression Events: 2
Time: 537.73, 
            Production Events: 0, 
            Suppression Events: 2
Time: 538.36, 
            Production Events: 0, 
            Suppression Events: 1
Time: 539.05, 
            Production Events: 0, 
            Suppression Events: 1
Time: 540.09, 
            Production Events: 0, 
            Suppression Events: 1
Time: 541.85, 
            Production Events: 0, 
            Suppression Events: 2
Time: 542.02, 
            Production Events: 0, 
            Suppression Events: 1
Time: 543.41, 
            Production Events: 0, 
            Suppression Events: 2
Time: 552.19, 
            Production Events: 0, 
            Suppression Events: 1
Time: 552.19, 
            Production Events: 0, 
            Suppression Events: 0
Time: 552.19, 
            Production Events: 0, 
            Suppression Events: 0
Time: 552.19, 
            Production Events: 0, 
            Suppression Events: 0
Time: 552.19, 
            Production Events: 0, 
            Suppression Events: 0
Time: 552.19, 
            Production Events: 0, 
            Suppression Events: 0
Time: 552.19, 
            Production Events: 0, 
            Suppression Events: 0
Time: 552.19, 
            Production Events: 0, 
            Suppression Events: 0
Time: 552.19, 
            Production Events: 0, 
            Suppression Events: 0
Time: 553.66, 
            Production Events: 0, 
            Suppression Events: 1
Time: 554.66, 
            Production Events: 0, 
            Suppression Events: 4
Time: 555.35, 
            Production Events: 0, 
            Suppression Events: 1
Time: 556.05, 
            Production Events: 0, 
            Suppression Events: 1
Time: 557.27, 
            Production Events: 0, 
            Suppression Events: 2
Time: 558.68, 
            Production Events: 0, 
            Suppression Events: 1
Time: 559.3, 
            Production Events: 1, 
            Suppression Events: 1
Time: 561.6, 
            Production Events: 0, 
            Suppression Events: 2
Time: 561.6, 
            Production Events: 0, 
            Suppression Events: 0
Time: 564.08, 
            Production Events: 0, 
            Suppression Events: 1
Time: 564.08, 
            Production Events: 0, 
            Suppression Events: 0
Time: 564.08, 
            Production Events: 0, 
            Suppression Events: 0
Time: 566.39, 
            Production Events: 1, 
            Suppression Events: 4
Time: 566.39, 
            Production Events: 0, 
            Suppression Events: 0
Time: 569.74, 
            Production Events: 0, 
            Suppression Events: 3
Time: 569.74, 
            Production Events: 0, 
            Suppression Events: 0
Time: 569.74, 
            Production Events: 0, 
            Suppression Events: 0
Time: 571.9, 
            Production Events: 0, 
            Suppression Events: 1
Time: 571.9, 
            Production Events: 0, 
            Suppression Events: 0
Time: 573.7, 
            Production Events: 0, 
            Suppression Events: 1
Time: 573.7, 
            Production Events: 0, 
            Suppression Events: 0
Time: 576.94, 
            Production Events: 0, 
            Suppression Events: 1
Time: 576.94, 
            Production Events: 0, 
            Suppression Events: 0
Time: 576.94, 
            Production Events: 0, 
            Suppression Events: 0
Time: 580.6, 
            Production Events: 0, 
            Suppression Events: 1
Time: 580.6, 
            Production Events: 0, 
            Suppression Events: 0
Time: 580.6, 
            Production Events: 0, 
            Suppression Events: 0
Time: 580.6, 
            Production Events: 0, 
            Suppression Events: 0
Time: 581.13, 
            Production Events: 0, 
            Suppression Events: 2
Time: 585.58, 
            Production Events: 0, 
            Suppression Events: 2
Time: 585.58, 
            Production Events: 0, 
            Suppression Events: 0
Time: 585.58, 
            Production Events: 0, 
            Suppression Events: 0
Time: 585.58, 
            Production Events: 0, 
            Suppression Events: 0
Time: 586.1, 
            Production Events: 0, 
            Suppression Events: 2
Time: 587.67, 
            Production Events: 0, 
            Suppression Events: 2
Time: 589.16, 
            Production Events: 0, 
            Suppression Events: 1
Time: 589.16, 
            Production Events: 0, 
            Suppression Events: 0
Time: 590.03, 
            Production Events: 0, 
            Suppression Events: 1
Time: 591.51, 
            Production Events: 0, 
            Suppression Events: 1
Time: 593.29, 
            Production Events: 0, 
            Suppression Events: 1
Time: 593.29, 
            Production Events: 0, 
            Suppression Events: 0
Time: 594.5, 
            Production Events: 0, 
            Suppression Events: 1
Time: 598.83, 
            Production Events: 1, 
            Suppression Events: 2
Time: 598.83, 
            Production Events: 0, 
            Suppression Events: 0
Time: 598.83, 
            Production Events: 0, 
            Suppression Events: 0
Time: 598.83, 
            Production Events: 0, 
            Suppression Events: 0
Time: 599.11, 
            Production Events: 0, 
            Suppression Events: 1
Time: 600.0, 
            Production Events: 0, 
            Suppression Events: 3
Time: 601.41, 
            Production Events: 0, 
            Suppression Events: 1
Time: 602.4, 
            Production Events: 0, 
            Suppression Events: 1
Time: 603.14, 
            Production Events: 0, 
            Suppression Events: 2
Time: 604.14, 
            Production Events: 0, 
            Suppression Events: 1
Time: 608.27, 
            Production Events: 0, 
            Suppression Events: 1
Time: 608.27, 
            Production Events: 0, 
            Suppression Events: 0
Time: 608.27, 
            Production Events: 0, 
            Suppression Events: 0
Time: 608.27, 
            Production Events: 0, 
            Suppression Events: 0
Time: 611.31, 
            Production Events: 1, 
            Suppression Events: 1
Time: 611.31, 
            Production Events: 0, 
            Suppression Events: 0
Time: 611.31, 
            Production Events: 0, 
            Suppression Events: 0
Time: 612.4, 
            Production Events: 0, 
            Suppression Events: 1
Time: 613.36, 
            Production Events: 0, 
            Suppression Events: 2
Time: 614.1, 
            Production Events: 1, 
            Suppression Events: 1
Time: 615.76, 
            Production Events: 0, 
            Suppression Events: 2
Time: 616.18, 
            Production Events: 0, 
            Suppression Events: 1
Time: 617.27, 
            Production Events: 0, 
            Suppression Events: 1
Time: 621.79, 
            Production Events: 0, 
            Suppression Events: 1
Time: 621.79, 
            Production Events: 0, 
            Suppression Events: 0
Time: 621.79, 
            Production Events: 0, 
            Suppression Events: 0
Time: 621.79, 
            Production Events: 0, 
            Suppression Events: 0
Time: 623.38, 
            Production Events: 0, 
            Suppression Events: 1
Time: 623.38, 
            Production Events: 0, 
            Suppression Events: 0
Time: 624.04, 
            Production Events: 0, 
            Suppression Events: 1
Time: 625.34, 
            Production Events: 0, 
            Suppression Events: 1
Time: 630.36, 
            Production Events: 0, 
            Suppression Events: 2
Time: 630.36, 
            Production Events: 0, 
            Suppression Events: 0
Time: 630.36, 
            Production Events: 0, 
            Suppression Events: 0
Time: 630.36, 
            Production Events: 0, 
            Suppression Events: 0
Time: 630.36, 
            Production Events: 0, 
            Suppression Events: 0
Time: 633.27, 
            Production Events: 0, 
            Suppression Events: 1
Time: 633.27, 
            Production Events: 0, 
            Suppression Events: 0
Time: 633.27, 
            Production Events: 0, 
            Suppression Events: 0
Time: 634.19, 
            Production Events: 1, 
            Suppression Events: 1
Time: 637.33, 
            Production Events: 0, 
            Suppression Events: 2
Time: 637.33, 
            Production Events: 0, 
            Suppression Events: 0
Time: 637.33, 
            Production Events: 0, 
            Suppression Events: 0
Time: 640.51, 
            Production Events: 0, 
            Suppression Events: 2
Time: 640.51, 
            Production Events: 0, 
            Suppression Events: 0
Time: 640.51, 
            Production Events: 0, 
            Suppression Events: 0
Time: 641.29, 
            Production Events: 0, 
            Suppression Events: 2
Time: 643.37, 
            Production Events: 0, 
            Suppression Events: 2
Time: 643.37, 
            Production Events: 0, 
            Suppression Events: 0
Time: 644.47, 
            Production Events: 0, 
            Suppression Events: 1
Time: 646.19, 
            Production Events: 0, 
            Suppression Events: 2
Time: 646.19, 
            Production Events: 0, 
            Suppression Events: 0
Time: 647.51, 
            Production Events: 1, 
            Suppression Events: 2
Time: 648.26, 
            Production Events: 0, 
            Suppression Events: 3
Time: 649.11, 
            Production Events: 0, 
            Suppression Events: 2
Time: 651.69, 
            Production Events: 0, 
            Suppression Events: 3
Time: 651.69, 
            Production Events: 0, 
            Suppression Events: 0
Time: 652.37, 
            Production Events: 0, 
            Suppression Events: 2
Time: 653.82, 
            Production Events: 0, 
            Suppression Events: 1
Time: 654.81, 
            Production Events: 0, 
            Suppression Events: 1
Time: 656.21, 
            Production Events: 0, 
            Suppression Events: 1
Time: 656.21, 
            Production Events: 0, 
            Suppression Events: 0
Time: 659.08, 
            Production Events: 0, 
            Suppression Events: 2
Time: 659.08, 
            Production Events: 0, 
            Suppression Events: 0
Time: 659.08, 
            Production Events: 0, 
            Suppression Events: 0
Time: 661.01, 
            Production Events: 0, 
            Suppression Events: 2
Time: 661.01, 
            Production Events: 0, 
            Suppression Events: 0
Time: 662.53, 
            Production Events: 0, 
            Suppression Events: 1
Time: 663.2, 
            Production Events: 0, 
            Suppression Events: 1
Time: 664.8, 
            Production Events: 0, 
            Suppression Events: 3
Time: 665.08, 
            Production Events: 1, 
            Suppression Events: 0
Time: 666.16, 
            Production Events: 0, 
            Suppression Events: 1
Time: 667.17, 
            Production Events: 0, 
            Suppression Events: 2
Time: 668.11, 
            Production Events: 1, 
            Suppression Events: 1
Time: 669.52, 
            Production Events: 0, 
            Suppression Events: 1
Time: 670.12, 
            Production Events: 0, 
            Suppression Events: 1
Time: 671.21, 
            Production Events: 0, 
            Suppression Events: 1
Time: 672.12, 
            Production Events: 0, 
            Suppression Events: 1
Time: 673.01, 
            Production Events: 0, 
            Suppression Events: 1
Time: 675.36, 
            Production Events: 0, 
            Suppression Events: 2
Time: 675.36, 
            Production Events: 0, 
            Suppression Events: 0
Time: 677.2, 
            Production Events: 0, 
            Suppression Events: 1
Time: 677.2, 
            Production Events: 0, 
            Suppression Events: 0
Time: 678.01, 
            Production Events: 1, 
            Suppression Events: 1
Time: 679.49, 
            Production Events: 0, 
            Suppression Events: 1
Time: 680.59, 
            Production Events: 0, 
            Suppression Events: 3
Time: 681.33, 
            Production Events: 0, 
            Suppression Events: 1
Time: 682.58, 
            Production Events: 0, 
            Suppression Events: 1
Time: 683.78, 
            Production Events: 0, 
            Suppression Events: 1
Time: 684.03, 
            Production Events: 0, 
            Suppression Events: 1
Time: 685.21, 
            Production Events: 0, 
            Suppression Events: 1
Time: 687.2, 
            Production Events: 0, 
            Suppression Events: 1
Time: 687.2, 
            Production Events: 0, 
            Suppression Events: 0
Time: 688.18, 
            Production Events: 0, 
            Suppression Events: 1
Time: 689.44, 
            Production Events: 0, 
            Suppression Events: 2
Time: 691.45, 
            Production Events: 0, 
            Suppression Events: 2
Time: 691.45, 
            Production Events: 0, 
            Suppression Events: 0
Time: 695.49, 
            Production Events: 0, 
            Suppression Events: 2
Time: 695.49, 
            Production Events: 0, 
            Suppression Events: 0
Time: 695.49, 
            Production Events: 0, 
            Suppression Events: 0
Time: 695.49, 
            Production Events: 0, 
            Suppression Events: 0
Time: 697.67, 
            Production Events: 0, 
            Suppression Events: 2
Time: 697.67, 
            Production Events: 0, 
            Suppression Events: 0
Time: 698.54, 
            Production Events: 0, 
            Suppression Events: 1
Time: 700.02, 
            Production Events: 0, 
            Suppression Events: 1
Time: 700.02, 
            Production Events: 0, 
            Suppression Events: 0
Time: 702.61, 
            Production Events: 0, 
            Suppression Events: 2
Time: 702.61, 
            Production Events: 0, 
            Suppression Events: 0
Time: 703.25, 
            Production Events: 0, 
            Suppression Events: 2
Time: 705.4, 
            Production Events: 0, 
            Suppression Events: 2
Time: 705.4, 
            Production Events: 0, 
            Suppression Events: 0
Time: 707.82, 
            Production Events: 0, 
            Suppression Events: 1
Time: 707.82, 
            Production Events: 0, 
            Suppression Events: 0
Time: 708.23, 
            Production Events: 0, 
            Suppression Events: 3
Time: 710.66, 
            Production Events: 0, 
            Suppression Events: 2
Time: 710.66, 
            Production Events: 0, 
            Suppression Events: 0
Time: 711.27, 
            Production Events: 1, 
            Suppression Events: 0
Time: 712.43, 
            Production Events: 0, 
            Suppression Events: 1
Time: 713.78, 
            Production Events: 0, 
            Suppression Events: 1
Time: 715.57, 
            Production Events: 0, 
            Suppression Events: 1
Time: 715.57, 
            Production Events: 0, 
            Suppression Events: 0
Time: 717.2, 
            Production Events: 1, 
            Suppression Events: 1
Time: 717.2, 
            Production Events: 0, 
            Suppression Events: 0
Time: 718.99, 
            Production Events: 0, 
            Suppression Events: 1
Time: 722.21, 
            Production Events: 0, 
            Suppression Events: 1
Time: 722.21, 
            Production Events: 0, 
            Suppression Events: 0
Time: 722.21, 
            Production Events: 0, 
            Suppression Events: 0
Time: 722.21, 
            Production Events: 0, 
            Suppression Events: 0
Time: 723.66, 
            Production Events: 0, 
            Suppression Events: 2
Time: 725.56, 
            Production Events: 0, 
            Suppression Events: 1
Time: 725.56, 
            Production Events: 0, 
            Suppression Events: 0
Time: 726.36, 
            Production Events: 0, 
            Suppression Events: 1
Time: 727.76, 
            Production Events: 0, 
            Suppression Events: 4
Time: 728.61, 
            Production Events: 0, 
            Suppression Events: 1
Time: 729.62, 
            Production Events: 0, 
            Suppression Events: 1
Time: 730.96, 
            Production Events: 0, 
            Suppression Events: 2
Time: 732.86, 
            Production Events: 0, 
            Suppression Events: 1
Time: 732.86, 
            Production Events: 0, 
            Suppression Events: 0
Time: 733.19, 
            Production Events: 0, 
            Suppression Events: 1
Time: 734.3, 
            Production Events: 0, 
            Suppression Events: 1
Time: 737.51, 
            Production Events: 0, 
            Suppression Events: 1
Time: 737.51, 
            Production Events: 0, 
            Suppression Events: 0
Time: 737.51, 
            Production Events: 0, 
            Suppression Events: 0
Time: 738.59, 
            Production Events: 0, 
            Suppression Events: 1
Time: 740.08, 
            Production Events: 0, 
            Suppression Events: 3
Time: 740.08, 
            Production Events: 0, 
            Suppression Events: 0
Time: 742.33, 
            Production Events: 0, 
            Suppression Events: 2
Time: 742.33, 
            Production Events: 0, 
            Suppression Events: 0
Time: 744.53, 
            Production Events: 0, 
            Suppression Events: 1
Time: 744.53, 
            Production Events: 0, 
            Suppression Events: 0
Time: 745.69, 
            Production Events: 1, 
            Suppression Events: 0
Time: 746.43, 
            Production Events: 0, 
            Suppression Events: 2
Time: 747.93, 
            Production Events: 0, 
            Suppression Events: 1
Time: 748.98, 
            Production Events: 0, 
            Suppression Events: 1
Time: 749.79, 
            Production Events: 0, 
            Suppression Events: 1
Time: 751.31, 
            Production Events: 0, 
            Suppression Events: 2
Time: 751.31, 
            Production Events: 0, 
            Suppression Events: 0
Time: 753.68, 
            Production Events: 0, 
            Suppression Events: 1
Time: 753.68, 
            Production Events: 0, 
            Suppression Events: 0
Time: 754.07, 
            Production Events: 1, 
            Suppression Events: 2
Time: 755.02, 
            Production Events: 0, 
            Suppression Events: 5
Time: 756.22, 
            Production Events: 0, 
            Suppression Events: 2
Time: 758.27, 
            Production Events: 0, 
            Suppression Events: 3
Time: 758.27, 
            Production Events: 0, 
            Suppression Events: 0
Time: 759.01, 
            Production Events: 0, 
            Suppression Events: 1
Time: 760.14, 
            Production Events: 0, 
            Suppression Events: 4
Time: 761.71, 
            Production Events: 0, 
            Suppression Events: 2
Time: 764.5, 
            Production Events: 0, 
            Suppression Events: 1
Time: 764.5, 
            Production Events: 0, 
            Suppression Events: 0
Time: 764.5, 
            Production Events: 0, 
            Suppression Events: 0
Time: 767.06, 
            Production Events: 1, 
            Suppression Events: 1
Time: 767.06, 
            Production Events: 0, 
            Suppression Events: 0
Time: 767.06, 
            Production Events: 0, 
            Suppression Events: 0
Time: 769.0, 
            Production Events: 0, 
            Suppression Events: 2
Time: 770.06, 
            Production Events: 0, 
            Suppression Events: 1
Time: 770.06, 
            Production Events: 0, 
            Suppression Events: 0
Time: 771.56, 
            Production Events: 0, 
            Suppression Events: 1
Time: 774.13, 
            Production Events: 0, 
            Suppression Events: 1
Time: 774.13, 
            Production Events: 0, 
            Suppression Events: 0
Time: 774.13, 
            Production Events: 0, 
            Suppression Events: 0
Time: 777.18, 
            Production Events: 0, 
            Suppression Events: 1
Time: 777.18, 
            Production Events: 0, 
            Suppression Events: 0
Time: 777.18, 
            Production Events: 0, 
            Suppression Events: 0
Time: 780.56, 
            Production Events: 0, 
            Suppression Events: 2
Time: 780.56, 
            Production Events: 0, 
            Suppression Events: 0
Time: 780.56, 
            Production Events: 0, 
            Suppression Events: 0
Time: 782.97, 
            Production Events: 1, 
            Suppression Events: 0
Time: 782.97, 
            Production Events: 0, 
            Suppression Events: 0
Time: 784.18, 
            Production Events: 0, 
            Suppression Events: 1
Time: 784.18, 
            Production Events: 0, 
            Suppression Events: 0
Time: 787.29, 
            Production Events: 0, 
            Suppression Events: 2
Time: 787.29, 
            Production Events: 0, 
            Suppression Events: 0
Time: 787.29, 
            Production Events: 0, 
            Suppression Events: 0
Time: 788.64, 
            Production Events: 0, 
            Suppression Events: 1
Time: 789.78, 
            Production Events: 1, 
            Suppression Events: 1
Time: 790.79, 
            Production Events: 0, 
            Suppression Events: 1
Time: 791.21, 
            Production Events: 0, 
            Suppression Events: 1
Time: 792.88, 
            Production Events: 0, 
            Suppression Events: 2
Time: 794.52, 
            Production Events: 0, 
            Suppression Events: 1
Time: 794.52, 
            Production Events: 0, 
            Suppression Events: 0
Time: 796.49, 
            Production Events: 0, 
            Suppression Events: 1
Time: 796.49, 
            Production Events: 0, 
            Suppression Events: 0
Time: 798.73, 
            Production Events: 0, 
            Suppression Events: 1
Time: 798.73, 
            Production Events: 0, 
            Suppression Events: 0
Time: 799.75, 
            Production Events: 0, 
            Suppression Events: 1
Time: 800.68, 
            Production Events: 0, 
            Suppression Events: 1
Time: 802.91, 
            Production Events: 0, 
            Suppression Events: 1
Time: 802.91, 
            Production Events: 0, 
            Suppression Events: 0
Time: 803.82, 
            Production Events: 0, 
            Suppression Events: 1
Time: 805.56, 
            Production Events: 0, 
            Suppression Events: 1
Time: 805.56, 
            Production Events: 0, 
            Suppression Events: 0
Time: 806.48, 
            Production Events: 0, 
            Suppression Events: 2
Time: 808.25, 
            Production Events: 0, 
            Suppression Events: 1
Time: 808.25, 
            Production Events: 0, 
            Suppression Events: 0
Time: 811.11, 
            Production Events: 0, 
            Suppression Events: 2
Time: 811.11, 
            Production Events: 0, 
            Suppression Events: 0
Time: 811.11, 
            Production Events: 0, 
            Suppression Events: 0
Time: 814.74, 
            Production Events: 0, 
            Suppression Events: 1
Time: 814.74, 
            Production Events: 0, 
            Suppression Events: 0
Time: 814.74, 
            Production Events: 0, 
            Suppression Events: 0
Time: 816.98, 
            Production Events: 0, 
            Suppression Events: 1
Time: 816.98, 
            Production Events: 0, 
            Suppression Events: 0
Time: 818.31, 
            Production Events: 0, 
            Suppression Events: 1
Time: 818.31, 
            Production Events: 0, 
            Suppression Events: 0
Time: 821.14, 
            Production Events: 1, 
            Suppression Events: 1
Time: 821.14, 
            Production Events: 0, 
            Suppression Events: 0
Time: 821.14, 
            Production Events: 0, 
            Suppression Events: 0
Time: 822.43, 
            Production Events: 0, 
            Suppression Events: 4
Time: 824.08, 
            Production Events: 0, 
            Suppression Events: 4
Time: 824.08, 
            Production Events: 0, 
            Suppression Events: 0
Time: 825.48, 
            Production Events: 0, 
            Suppression Events: 2
Time: 828.65, 
            Production Events: 0, 
            Suppression Events: 3
Time: 828.65, 
            Production Events: 0, 
            Suppression Events: 0
Time: 828.65, 
            Production Events: 0, 
            Suppression Events: 0
Time: 831.29, 
            Production Events: 0, 
            Suppression Events: 1
Time: 831.29, 
            Production Events: 0, 
            Suppression Events: 0
Time: 831.29, 
            Production Events: 0, 
            Suppression Events: 0
Time: 835.23, 
            Production Events: 0, 
            Suppression Events: 1
Time: 835.23, 
            Production Events: 0, 
            Suppression Events: 0
Time: 835.23, 
            Production Events: 0, 
            Suppression Events: 0
Time: 835.23, 
            Production Events: 0, 
            Suppression Events: 0
Time: 836.39, 
            Production Events: 0, 
            Suppression Events: 2
Time: 838.16, 
            Production Events: 0, 
            Suppression Events: 1
Time: 838.16, 
            Production Events: 0, 
            Suppression Events: 0
Time: 841.71, 
            Production Events: 0, 
            Suppression Events: 2
Time: 841.71, 
            Production Events: 0, 
            Suppression Events: 0
Time: 841.71, 
            Production Events: 0, 
            Suppression Events: 0
Time: 843.28, 
            Production Events: 0, 
            Suppression Events: 1
Time: 843.28, 
            Production Events: 0, 
            Suppression Events: 0
Time: 844.65, 
            Production Events: 0, 
            Suppression Events: 2
Time: 845.4, 
            Production Events: 0, 
            Suppression Events: 2
Time: 846.8, 
            Production Events: 0, 
            Suppression Events: 2
Time: 848.89, 
            Production Events: 0, 
            Suppression Events: 1
Time: 848.89, 
            Production Events: 0, 
            Suppression Events: 0
Time: 849.04, 
            Production Events: 0, 
            Suppression Events: 1
Time: 851.73, 
            Production Events: 1, 
            Suppression Events: 2
Time: 851.73, 
            Production Events: 0, 
            Suppression Events: 0
Time: 852.02, 
            Production Events: 0, 
            Suppression Events: 1
Time: 853.21, 
            Production Events: 0, 
            Suppression Events: 2
Time: 854.24, 
            Production Events: 0, 
            Suppression Events: 1
Time: 855.2, 
            Production Events: 0, 
            Suppression Events: 2
Time: 856.02, 
            Production Events: 0, 
            Suppression Events: 2
Time: 857.08, 
            Production Events: 0, 
            Suppression Events: 2
Time: 858.1, 
            Production Events: 0, 
            Suppression Events: 2
Time: 859.52, 
            Production Events: 0, 
            Suppression Events: 2
Time: 861.71, 
            Production Events: 0, 
            Suppression Events: 2
Time: 861.71, 
            Production Events: 0, 
            Suppression Events: 0
Time: 862.27, 
            Production Events: 0, 
            Suppression Events: 2
Time: 865.55, 
            Production Events: 0, 
            Suppression Events: 1
Time: 865.55, 
            Production Events: 0, 
            Suppression Events: 0
Time: 865.55, 
            Production Events: 0, 
            Suppression Events: 0
Time: 866.72, 
            Production Events: 1, 
            Suppression Events: 0
Time: 867.17, 
            Production Events: 1, 
            Suppression Events: 2
Time: 868.85, 
            Production Events: 0, 
            Suppression Events: 1
Time: 872.81, 
            Production Events: 0, 
            Suppression Events: 1
Time: 872.81, 
            Production Events: 0, 
            Suppression Events: 0
Time: 872.81, 
            Production Events: 0, 
            Suppression Events: 0
Time: 872.81, 
            Production Events: 0, 
            Suppression Events: 0
Time: 873.47, 
            Production Events: 0, 
            Suppression Events: 1
Time: 874.11, 
            Production Events: 0, 
            Suppression Events: 1
Time: 875.13, 
            Production Events: 0, 
            Suppression Events: 1
Time: 877.54, 
            Production Events: 0, 
            Suppression Events: 3
Time: 877.54, 
            Production Events: 0, 
            Suppression Events: 0
Time: 879.05, 
            Production Events: 0, 
            Suppression Events: 1
Time: 879.05, 
            Production Events: 0, 
            Suppression Events: 0
Time: 880.18, 
            Production Events: 0, 
            Suppression Events: 1
Time: 881.84, 
            Production Events: 0, 
            Suppression Events: 2
Time: 883.01, 
            Production Events: 0, 
            Suppression Events: 1
Time: 883.01, 
            Production Events: 0, 
            Suppression Events: 0
Time: 884.34, 
            Production Events: 0, 
            Suppression Events: 1
Time: 885.89, 
            Production Events: 0, 
            Suppression Events: 2
Time: 888.42, 
            Production Events: 0, 
            Suppression Events: 2
Time: 888.42, 
            Production Events: 0, 
            Suppression Events: 0
Time: 888.42, 
            Production Events: 0, 
            Suppression Events: 0
Time: 889.17, 
            Production Events: 0, 
            Suppression Events: 1
Time: 890.79, 
            Production Events: 0, 
            Suppression Events: 1
Time: 891.34, 
            Production Events: 0, 
            Suppression Events: 3
Time: 893.38, 
            Production Events: 0, 
            Suppression Events: 1
Time: 893.38, 
            Production Events: 0, 
            Suppression Events: 0
Time: 894.95, 
            Production Events: 0, 
            Suppression Events: 1
Time: 896.07, 
            Production Events: 0, 
            Suppression Events: 1
Time: 896.07, 
            Production Events: 0, 
            Suppression Events: 0
Time: 897.09, 
            Production Events: 0, 
            Suppression Events: 3
Time: 898.17, 
            Production Events: 0, 
            Suppression Events: 2
Time: 901.08, 
            Production Events: 0, 
            Suppression Events: 1
Time: 901.08, 
            Production Events: 0, 
            Suppression Events: 0
Time: 901.08, 
            Production Events: 0, 
            Suppression Events: 0
Time: 902.48, 
            Production Events: 0, 
            Suppression Events: 1
Time: 903.0, 
            Production Events: 0, 
            Suppression Events: 1
Time: 905.49, 
            Production Events: 0, 
            Suppression Events: 1
Time: 905.49, 
            Production Events: 0, 
            Suppression Events: 0
Time: 907.36, 
            Production Events: 1, 
            Suppression Events: 0
Time: 907.36, 
            Production Events: 0, 
            Suppression Events: 0
Time: 909.33, 
            Production Events: 0, 
            Suppression Events: 2
Time: 909.33, 
            Production Events: 0, 
            Suppression Events: 0
Time: 910.69, 
            Production Events: 0, 
            Suppression Events: 1
Time: 916.4, 
            Production Events: 1, 
            Suppression Events: 1
Time: 916.4, 
            Production Events: 0, 
            Suppression Events: 0
Time: 916.4, 
            Production Events: 0, 
            Suppression Events: 0
Time: 916.4, 
            Production Events: 0, 
            Suppression Events: 0
Time: 916.4, 
            Production Events: 0, 
            Suppression Events: 0
Time: 916.4, 
            Production Events: 0, 
            Suppression Events: 0
Time: 917.28, 
            Production Events: 0, 
            Suppression Events: 1
Time: 919.83, 
            Production Events: 0, 
            Suppression Events: 1
Time: 919.83, 
            Production Events: 0, 
            Suppression Events: 0
Time: 920.31, 
            Production Events: 0, 
            Suppression Events: 2
Time: 921.15, 
            Production Events: 0, 
            Suppression Events: 1
Time: 923.43, 
            Production Events: 1, 
            Suppression Events: 0
Time: 923.43, 
            Production Events: 0, 
            Suppression Events: 0
Time: 924.9, 
            Production Events: 0, 
            Suppression Events: 1
Time: 925.68, 
            Production Events: 0, 
            Suppression Events: 1
Time: 927.1, 
            Production Events: 0, 
            Suppression Events: 1
Time: 927.1, 
            Production Events: 0, 
            Suppression Events: 0
Time: 929.42, 
            Production Events: 0, 
            Suppression Events: 1
Time: 929.42, 
            Production Events: 0, 
            Suppression Events: 0
Time: 930.03, 
            Production Events: 0, 
            Suppression Events: 1
Time: 931.28, 
            Production Events: 0, 
            Suppression Events: 1
Time: 932.64, 
            Production Events: 0, 
            Suppression Events: 2
Time: 933.24, 
            Production Events: 1, 
            Suppression Events: 0
Time: 937.4, 
            Production Events: 0, 
            Suppression Events: 1
Time: 937.4, 
            Production Events: 0, 
            Suppression Events: 0
Time: 937.4, 
            Production Events: 0, 
            Suppression Events: 0
Time: 937.4, 
            Production Events: 0, 
            Suppression Events: 0
Time: 939.64, 
            Production Events: 0, 
            Suppression Events: 2
Time: 939.64, 
            Production Events: 0, 
            Suppression Events: 0
Time: 941.17, 
            Production Events: 0, 
            Suppression Events: 1
Time: 941.17, 
            Production Events: 0, 
            Suppression Events: 0
Time: 943.14, 
            Production Events: 0, 
            Suppression Events: 2
Time: 943.14, 
            Production Events: 0, 
            Suppression Events: 0
Time: 944.68, 
            Production Events: 1, 
            Suppression Events: 1
Time: 945.78, 
            Production Events: 0, 
            Suppression Events: 1
Time: 946.85, 
            Production Events: 0, 
            Suppression Events: 1
Time: 947.24, 
            Production Events: 0, 
            Suppression Events: 1
Time: 948.03, 
            Production Events: 1, 
            Suppression Events: 1
Time: 953.49, 
            Production Events: 0, 
            Suppression Events: 2
Time: 953.49, 
            Production Events: 0, 
            Suppression Events: 0
Time: 953.49, 
            Production Events: 0, 
            Suppression Events: 0
Time: 953.49, 
            Production Events: 0, 
            Suppression Events: 0
Time: 953.49, 
            Production Events: 0, 
            Suppression Events: 0
Time: 955.59, 
            Production Events: 0, 
            Suppression Events: 2
Time: 955.59, 
            Production Events: 0, 
            Suppression Events: 0
Time: 959.12, 
            Production Events: 0, 
            Suppression Events: 2
Time: 959.12, 
            Production Events: 0, 
            Suppression Events: 0
Time: 959.12, 
            Production Events: 0, 
            Suppression Events: 0
Time: 959.12, 
            Production Events: 0, 
            Suppression Events: 0
Time: 961.3, 
            Production Events: 0, 
            Suppression Events: 4
Time: 961.3, 
            Production Events: 0, 
            Suppression Events: 0
Time: 963.17, 
            Production Events: 0, 
            Suppression Events: 1
Time: 963.17, 
            Production Events: 0, 
            Suppression Events: 0
Time: 965.01, 
            Production Events: 0, 
            Suppression Events: 2
Time: 965.01, 
            Production Events: 0, 
            Suppression Events: 0
Time: 967.13, 
            Production Events: 0, 
            Suppression Events: 1
Time: 967.13, 
            Production Events: 0, 
            Suppression Events: 0
Time: 968.55, 
            Production Events: 0, 
            Suppression Events: 2
Time: 970.23, 
            Production Events: 0, 
            Suppression Events: 2
Time: 970.23, 
            Production Events: 0, 
            Suppression Events: 0
Time: 971.84, 
            Production Events: 0, 
            Suppression Events: 2
Time: 972.08, 
            Production Events: 0, 
            Suppression Events: 1
Time: 973.31, 
            Production Events: 0, 
            Suppression Events: 2
Time: 974.44, 
            Production Events: 0, 
            Suppression Events: 2
Time: 976.33, 
            Production Events: 0, 
            Suppression Events: 1
Time: 976.33, 
            Production Events: 0, 
            Suppression Events: 0
Time: 977.74, 
            Production Events: 0, 
            Suppression Events: 2
Time: 979.3, 
            Production Events: 0, 
            Suppression Events: 1
Time: 979.3, 
            Production Events: 0, 
            Suppression Events: 0
Time: 980.23, 
            Production Events: 0, 
            Suppression Events: 2
Time: 981.37, 
            Production Events: 0, 
            Suppression Events: 2
Time: 982.32, 
            Production Events: 0, 
            Suppression Events: 4
Time: 984.19, 
            Production Events: 0, 
            Suppression Events: 1
Time: 984.19, 
            Production Events: 0, 
            Suppression Events: 0
Time: 985.04, 
            Production Events: 0, 
            Suppression Events: 2
Time: 986.11, 
            Production Events: 0, 
            Suppression Events: 1
Time: 987.23, 
            Production Events: 1, 
            Suppression Events: 3
Time: 988.46, 
            Production Events: 0, 
            Suppression Events: 3
Time: 989.09, 
            Production Events: 0, 
            Suppression Events: 1
Time: 990.2, 
            Production Events: 0, 
            Suppression Events: 3
Time: 991.65, 
            Production Events: 0, 
            Suppression Events: 1
Time: 993.58, 
            Production Events: 0, 
            Suppression Events: 1
Time: 993.58, 
            Production Events: 0, 
            Suppression Events: 0
Time: 995.77, 
            Production Events: 0, 
            Suppression Events: 1
Time: 995.77, 
            Production Events: 0, 
            Suppression Events: 0
Time: 997.37, 
            Production Events: 0, 
            Suppression Events: 1
Time: 997.37, 
            Production Events: 0, 
            Suppression Events: 0
Time: 1000.07, 
            Production Events: 0, 
            Suppression Events: 1
Time: 1000.07, 
            Production Events: 0, 
            Suppression Events: 0
Time: 1000.07, 
            Production Events: 0, 
            Suppression Events: 0
Simulation completed:
  Final time: 1000.0691858597576
  Total events: 988
  Wall time: 7076.85 seconds

Saving simulation results with clean separation...
Task evolution saved to: 5t5b/5t5b_mfcsb/data/param_63_rep_1_2025-11-21_153351/states.csv
Events saved to: 5t5b/5t5b_mfcsb/data/param_63_rep_1_2025-11-21_153351/events.csv
Saving event log (raw and DataFrame)...
log DataFrame size: (993, 9)
short view:
59 DataFrame
 Row  time     bee1_id  bee2_id  task_id  task_1   task_2   task_3     task_4 
      Float64  Int64    Int64    Int64    Float64  Float64  Float64    Float6 

   1      0.0        1        0        0   0.0862   0.1009  0.0922326   0.064 
   2      0.0        2        0        0   0.1088   0.0903  0.0923863   0.096
   3      0.0        3        0        0   0.0941   0.0908  0.0715274   0.136
   4      0.0        4        0        0   0.1086   0.0933  0.109557    0.171
   5      0.0        5        0        0   0.1113   0.0918  0.112592    0.145 
                                                               2 columns omittedEvent log saved to: 5t5b/5t5b_mfcsb/data/param_63_rep_1_2025-11-21_153351/event_log.json
Event log DataFrame saved to: 5t5b/5t5b_mfcsb/data/param_63_rep_1_2025-11-21_153351/event_log.csv
Metadata and configuration saved to: 5t5b/5t5b_mfcsb/data/param_63_rep_1_2025-11-21_153351/config.json
Task index mapping saved to: 5t5b/5t5b_mfcsb/data/param_63_rep_1_2025-11-21_153351/task_index_mapping.json
All results saved to directory: 5t5b/5t5b_mfcsb/data/param_63_rep_1_2025-11-21_153351
Simulation completed successfully!
Job finished at: Fri Nov 21 05:32:16 PM CET 2025
