Job array started at: Fri Nov 21 05:19:03 PM CET 2025
Job ID: 10861718
Array Job ID: 10860410
Array Task ID: 113
Node: th-ws-7010m14
Loading Julia module...
Module loaded: /software/opt/el_9/x86_64/julia/1.11.3/bin/julia
Changing to project directory...
Current directory: /scratch/n/N.Pfaffenzeller/nikolas_nethive/nethive_multiverse
Running parameter combination 113, replicate 1
Starting Julia simulation...
Running simulation with the following configuration:
  dataset_names: [:mnist, :cifar10, :svhn2, :fashion_mnist, :bank]
  param_id: 113
  n_bees: 5
  batch_size: 32
  replicate_id: 1
  punish_rate: 0.1
  punishment: time_out
  lambda_sensitivity: 10
  save_nn_epochs: 0
  production_rate: 1
  interaction_rate: 150
  batches_per_step: 50
  learning_rate: 1.0e-5
  max_output_dim: 10
  n_steps_per_epoch: 1
  dead_time: 10
  max_input_dim: 3072
  n_epochs: 1000
  seed: 1130118042

Starting simulation with configuration:
  dataset_names: [:mnist, :cifar10, :svhn2, :fashion_mnist, :bank]
  param_id: 113
  n_bees: 5
  batch_size: 32
  replicate_id: 1
  punish_rate: 0.1
  punishment: time_out
  lambda_sensitivity: 10
  save_nn_epochs: 0
  production_rate: 1
  interaction_rate: 150
  batches_per_step: 50
  run_timestamp: 2025-11-21T17:19:31.249
  learning_rate: 1.0e-5
  max_output_dim: 10
  n_steps_per_epoch: 1
  dead_time: 10
  max_input_dim: 3072
  n_epochs: 1000
  seed: 1130118042
Random seed: 1130118042

Starting simulation...
Time: 3.57, 
            Production Events: 2, 
            Suppression Events: 0
Time: 3.57, 
            Production Events: 0, 
            Suppression Events: 0
Time: 3.57, 
            Production Events: 0, 
            Suppression Events: 0
Time: 4.22, 
            Production Events: 0, 
            Suppression Events: 2
Time: 5.42, 
            Production Events: 0, 
            Suppression Events: 2
Time: 6.06, 
            Production Events: 0, 
            Suppression Events: 2
Time: 7.17, 
            Production Events: 0, 
            Suppression Events: 2
Time: 8.15, 
            Production Events: 0, 
            Suppression Events: 2
Time: 11.63, 
            Production Events: 1, 
            Suppression Events: 1
Time: 11.63, 
            Production Events: 0, 
            Suppression Events: 0
Time: 11.63, 
            Production Events: 0, 
            Suppression Events: 0
Time: 12.25, 
            Production Events: 1, 
            Suppression Events: 1
Time: 13.84, 
            Production Events: 1, 
            Suppression Events: 0
Time: 14.06, 
            Production Events: 0, 
            Suppression Events: 1
Time: 15.49, 
            Production Events: 0, 
            Suppression Events: 3
Time: 16.89, 
            Production Events: 0, 
            Suppression Events: 1
Time: 18.93, 
            Production Events: 0, 
            Suppression Events: 1
Time: 18.93, 
            Production Events: 0, 
            Suppression Events: 0
Time: 19.47, 
            Production Events: 1, 
            Suppression Events: 0
Time: 21.9, 
            Production Events: 0, 
            Suppression Events: 1
Time: 21.9, 
            Production Events: 0, 
            Suppression Events: 0
Time: 23.5, 
            Production Events: 0, 
            Suppression Events: 1
Time: 23.5, 
            Production Events: 0, 
            Suppression Events: 0
Time: 24.53, 
            Production Events: 0, 
            Suppression Events: 2
Time: 25.98, 
            Production Events: 0, 
            Suppression Events: 2
Time: 30.32, 
            Production Events: 0, 
            Suppression Events: 1
Time: 30.32, 
            Production Events: 0, 
            Suppression Events: 0
Time: 30.32, 
            Production Events: 0, 
            Suppression Events: 0
Time: 30.32, 
            Production Events: 0, 
            Suppression Events: 0
Time: 30.32, 
            Production Events: 0, 
            Suppression Events: 0
Time: 31.78, 
            Production Events: 1, 
            Suppression Events: 2
Time: 38.3, 
            Production Events: 0, 
            Suppression Events: 1
Time: 38.3, 
            Production Events: 0, 
            Suppression Events: 0
Time: 38.3, 
            Production Events: 0, 
            Suppression Events: 0
Time: 38.3, 
            Production Events: 0, 
            Suppression Events: 0
Time: 38.3, 
            Production Events: 0, 
            Suppression Events: 0
Time: 38.3, 
            Production Events: 0, 
            Suppression Events: 0
Time: 38.3, 
            Production Events: 0, 
            Suppression Events: 0
Time: 40.61, 
            Production Events: 0, 
            Suppression Events: 2
Time: 40.61, 
            Production Events: 0, 
            Suppression Events: 0
Time: 42.18, 
            Production Events: 0, 
            Suppression Events: 1
Time: 42.18, 
            Production Events: 0, 
            Suppression Events: 0
Time: 43.26, 
            Production Events: 0, 
            Suppression Events: 1
Time: 44.02, 
            Production Events: 0, 
            Suppression Events: 1
Time: 46.1, 
            Production Events: 1, 
            Suppression Events: 0
Time: 46.1, 
            Production Events: 0, 
            Suppression Events: 0
Time: 48.36, 
            Production Events: 0, 
            Suppression Events: 1
Time: 48.36, 
            Production Events: 0, 
            Suppression Events: 0
Time: 50.29, 
            Production Events: 1, 
            Suppression Events: 0
Time: 50.29, 
            Production Events: 0, 
            Suppression Events: 0
Time: 51.12, 
            Production Events: 1, 
            Suppression Events: 0
Time: 53.2, 
            Production Events: 0, 
            Suppression Events: 1
Time: 53.2, 
            Production Events: 0, 
            Suppression Events: 0
Time: 54.21, 
            Production Events: 0, 
            Suppression Events: 3
Time: 55.75, 
            Production Events: 1, 
            Suppression Events: 2
Time: 56.86, 
            Production Events: 0, 
            Suppression Events: 1
Time: 60.08, 
            Production Events: 0, 
            Suppression Events: 1
Time: 60.08, 
            Production Events: 0, 
            Suppression Events: 0
Time: 60.08, 
            Production Events: 0, 
            Suppression Events: 0
Time: 60.08, 
            Production Events: 0, 
            Suppression Events: 0
Time: 61.66, 
            Production Events: 0, 
            Suppression Events: 2
Time: 62.44, 
            Production Events: 0, 
            Suppression Events: 1
Time: 63.17, 
            Production Events: 0, 
            Suppression Events: 4
Time: 64.17, 
            Production Events: 0, 
            Suppression Events: 1
Time: 66.57, 
            Production Events: 0, 
            Suppression Events: 1
Time: 66.57, 
            Production Events: 0, 
            Suppression Events: 0
Time: 67.28, 
            Production Events: 0, 
            Suppression Events: 2
Time: 68.22, 
            Production Events: 0, 
            Suppression Events: 1
Time: 70.45, 
            Production Events: 0, 
            Suppression Events: 3
Time: 70.45, 
            Production Events: 0, 
            Suppression Events: 0
Time: 74.09, 
            Production Events: 0, 
            Suppression Events: 2
Time: 74.09, 
            Production Events: 0, 
            Suppression Events: 0
Time: 74.09, 
            Production Events: 0, 
            Suppression Events: 0
Time: 74.09, 
            Production Events: 0, 
            Suppression Events: 0
Time: 75.05, 
            Production Events: 0, 
            Suppression Events: 2
Time: 76.41, 
            Production Events: 0, 
            Suppression Events: 1
Time: 77.06, 
            Production Events: 0, 
            Suppression Events: 1
Time: 80.27, 
            Production Events: 0, 
            Suppression Events: 1
Time: 80.27, 
            Production Events: 0, 
            Suppression Events: 0
Time: 80.27, 
            Production Events: 0, 
            Suppression Events: 0
Time: 83.02, 
            Production Events: 1, 
            Suppression Events: 0
Time: 83.02, 
            Production Events: 0, 
            Suppression Events: 0
Time: 83.02, 
            Production Events: 0, 
            Suppression Events: 0
Time: 85.88, 
            Production Events: 0, 
            Suppression Events: 1
Time: 85.88, 
            Production Events: 0, 
            Suppression Events: 0
Time: 87.1, 
            Production Events: 1, 
            Suppression Events: 0
Time: 87.1, 
            Production Events: 0, 
            Suppression Events: 0
Time: 89.59, 
            Production Events: 1, 
            Suppression Events: 0
Time: 89.59, 
            Production Events: 0, 
            Suppression Events: 0
Time: 90.52, 
            Production Events: 0, 
            Suppression Events: 1
Time: 92.92, 
            Production Events: 1, 
            Suppression Events: 1
Time: 92.92, 
            Production Events: 0, 
            Suppression Events: 0
Time: 94.68, 
            Production Events: 0, 
            Suppression Events: 1
Time: 94.68, 
            Production Events: 0, 
            Suppression Events: 0
Time: 97.83, 
            Production Events: 0, 
            Suppression Events: 1
Time: 97.83, 
            Production Events: 0, 
            Suppression Events: 0
Time: 97.83, 
            Production Events: 0, 
            Suppression Events: 0
Time: 98.39, 
            Production Events: 1, 
            Suppression Events: 0
Time: 100.65, 
            Production Events: 0, 
            Suppression Events: 1
Time: 100.65, 
            Production Events: 0, 
            Suppression Events: 0
Time: 101.58, 
            Production Events: 0, 
            Suppression Events: 1
Time: 103.49, 
            Production Events: 1, 
            Suppression Events: 0
Time: 103.49, 
            Production Events: 0, 
            Suppression Events: 0
Time: 104.42, 
            Production Events: 0, 
            Suppression Events: 2
Time: 105.16, 
            Production Events: 0, 
            Suppression Events: 1
Time: 108.68, 
            Production Events: 0, 
            Suppression Events: 3
Time: 108.68, 
            Production Events: 0, 
            Suppression Events: 0
Time: 108.68, 
            Production Events: 0, 
            Suppression Events: 0
Time: 110.06, 
            Production Events: 0, 
            Suppression Events: 1
Time: 110.06, 
            Production Events: 0, 
            Suppression Events: 0
Time: 111.71, 
            Production Events: 0, 
            Suppression Events: 3
Time: 112.5, 
            Production Events: 0, 
            Suppression Events: 1
Time: 114.58, 
            Production Events: 0, 
            Suppression Events: 2
Time: 114.58, 
            Production Events: 0, 
            Suppression Events: 0
Time: 116.39, 
            Production Events: 1, 
            Suppression Events: 0
Time: 116.39, 
            Production Events: 0, 
            Suppression Events: 0
Time: 117.18, 
            Production Events: 0, 
            Suppression Events: 1
Time: 118.64, 
            Production Events: 0, 
            Suppression Events: 2
Time: 119.11, 
            Production Events: 0, 
            Suppression Events: 1
Time: 120.86, 
            Production Events: 0, 
            Suppression Events: 2
Time: 121.58, 
            Production Events: 1, 
            Suppression Events: 0
Time: 122.01, 
            Production Events: 0, 
            Suppression Events: 3
Time: 123.81, 
            Production Events: 0, 
            Suppression Events: 2
Time: 124.4, 
            Production Events: 0, 
            Suppression Events: 1
Time: 126.02, 
            Production Events: 1, 
            Suppression Events: 1
Time: 126.02, 
            Production Events: 0, 
            Suppression Events: 0
Time: 128.42, 
            Production Events: 1, 
            Suppression Events: 0
Time: 128.42, 
            Production Events: 0, 
            Suppression Events: 0
Time: 129.24, 
            Production Events: 0, 
            Suppression Events: 1
Time: 130.92, 
            Production Events: 1, 
            Suppression Events: 1
Time: 131.05, 
            Production Events: 1, 
            Suppression Events: 1
Time: 132.22, 
            Production Events: 0, 
            Suppression Events: 2
Time: 133.02, 
            Production Events: 0, 
            Suppression Events: 3
Time: 136.14, 
            Production Events: 1, 
            Suppression Events: 2
Time: 136.14, 
            Production Events: 0, 
            Suppression Events: 0
Time: 136.14, 
            Production Events: 0, 
            Suppression Events: 0
Time: 137.89, 
            Production Events: 0, 
            Suppression Events: 3
Time: 139.75, 
            Production Events: 0, 
            Suppression Events: 2
Time: 139.75, 
            Production Events: 0, 
            Suppression Events: 0
Time: 140.52, 
            Production Events: 0, 
            Suppression Events: 1
Time: 141.55, 
            Production Events: 0, 
            Suppression Events: 1
Time: 142.13, 
            Production Events: 0, 
            Suppression Events: 1
Time: 144.88, 
            Production Events: 0, 
            Suppression Events: 2
Time: 144.88, 
            Production Events: 0, 
            Suppression Events: 0
Time: 145.6, 
            Production Events: 0, 
            Suppression Events: 1
Time: 147.84, 
            Production Events: 0, 
            Suppression Events: 2
Time: 147.84, 
            Production Events: 0, 
            Suppression Events: 0
Time: 149.58, 
            Production Events: 0, 
            Suppression Events: 2
Time: 149.58, 
            Production Events: 0, 
            Suppression Events: 0
Time: 150.09, 
            Production Events: 0, 
            Suppression Events: 1
Time: 151.73, 
            Production Events: 0, 
            Suppression Events: 2
Time: 153.58, 
            Production Events: 0, 
            Suppression Events: 1
Time: 153.58, 
            Production Events: 0, 
            Suppression Events: 0
Time: 154.18, 
            Production Events: 0, 
            Suppression Events: 1
Time: 156.9, 
            Production Events: 0, 
            Suppression Events: 1
Time: 156.9, 
            Production Events: 0, 
            Suppression Events: 0
Time: 157.31, 
            Production Events: 0, 
            Suppression Events: 1
Time: 158.91, 
            Production Events: 0, 
            Suppression Events: 1
Time: 160.4, 
            Production Events: 0, 
            Suppression Events: 1
Time: 160.4, 
            Production Events: 0, 
            Suppression Events: 0
Time: 163.79, 
            Production Events: 0, 
            Suppression Events: 2
Time: 163.79, 
            Production Events: 0, 
            Suppression Events: 0
Time: 163.79, 
            Production Events: 0, 
            Suppression Events: 0
Time: 167.45, 
            Production Events: 0, 
            Suppression Events: 2
Time: 167.45, 
            Production Events: 0, 
            Suppression Events: 0
Time: 167.45, 
            Production Events: 0, 
            Suppression Events: 0
Time: 167.45, 
            Production Events: 0, 
            Suppression Events: 0
Time: 168.15, 
            Production Events: 0, 
            Suppression Events: 2
Time: 169.26, 
            Production Events: 0, 
            Suppression Events: 2
Time: 170.65, 
            Production Events: 0, 
            Suppression Events: 1
Time: 172.79, 
            Production Events: 0, 
            Suppression Events: 1
Time: 172.79, 
            Production Events: 0, 
            Suppression Events: 0
Time: 174.12, 
            Production Events: 0, 
            Suppression Events: 1
Time: 174.12, 
            Production Events: 0, 
            Suppression Events: 0
Time: 176.68, 
            Production Events: 2, 
            Suppression Events: 0
Time: 176.68, 
            Production Events: 0, 
            Suppression Events: 0
Time: 177.81, 
            Production Events: 0, 
            Suppression Events: 1
Time: 180.22, 
            Production Events: 0, 
            Suppression Events: 1
Time: 180.22, 
            Production Events: 0, 
            Suppression Events: 0
Time: 180.22, 
            Production Events: 0, 
            Suppression Events: 0
Time: 181.44, 
            Production Events: 2, 
            Suppression Events: 2
Time: 183.86, 
            Production Events: 0, 
            Suppression Events: 1
Time: 183.86, 
            Production Events: 0, 
            Suppression Events: 0
Time: 185.28, 
            Production Events: 0, 
            Suppression Events: 1
Time: 185.28, 
            Production Events: 0, 
            Suppression Events: 0
Time: 186.16, 
            Production Events: 1, 
            Suppression Events: 0
Time: 188.93, 
            Production Events: 0, 
            Suppression Events: 2
Time: 188.93, 
            Production Events: 0, 
            Suppression Events: 0
Time: 189.04, 
            Production Events: 0, 
            Suppression Events: 1
Time: 192.41, 
            Production Events: 0, 
            Suppression Events: 1
Time: 192.41, 
            Production Events: 0, 
            Suppression Events: 0
Time: 192.41, 
            Production Events: 0, 
            Suppression Events: 0
Time: 193.49, 
            Production Events: 0, 
            Suppression Events: 1
Time: 195.28, 
            Production Events: 0, 
            Suppression Events: 2
Time: 195.28, 
            Production Events: 0, 
            Suppression Events: 0
Time: 196.04, 
            Production Events: 2, 
            Suppression Events: 1
Time: 197.77, 
            Production Events: 0, 
            Suppression Events: 1
Time: 198.28, 
            Production Events: 0, 
            Suppression Events: 1
Time: 199.38, 
            Production Events: 0, 
            Suppression Events: 1
Time: 200.16, 
            Production Events: 0, 
            Suppression Events: 1
Time: 201.04, 
            Production Events: 1, 
            Suppression Events: 1
Time: 204.95, 
            Production Events: 0, 
            Suppression Events: 1
Time: 204.95, 
            Production Events: 0, 
            Suppression Events: 0
Time: 204.95, 
            Production Events: 0, 
            Suppression Events: 0
Time: 205.16, 
            Production Events: 0, 
            Suppression Events: 1
Time: 206.75, 
            Production Events: 1, 
            Suppression Events: 2
Time: 207.41, 
            Production Events: 0, 
            Suppression Events: 1
Time: 208.81, 
            Production Events: 0, 
            Suppression Events: 1
Time: 210.54, 
            Production Events: 1, 
            Suppression Events: 1
Time: 210.54, 
            Production Events: 0, 
            Suppression Events: 0
Time: 211.51, 
            Production Events: 0, 
            Suppression Events: 1
Time: 212.93, 
            Production Events: 1, 
            Suppression Events: 0
Time: 213.07, 
            Production Events: 0, 
            Suppression Events: 1
Time: 214.34, 
            Production Events: 1, 
            Suppression Events: 2
Time: 215.83, 
            Production Events: 0, 
            Suppression Events: 2
Time: 216.83, 
            Production Events: 0, 
            Suppression Events: 1
Time: 217.78, 
            Production Events: 0, 
            Suppression Events: 1
Time: 218.82, 
            Production Events: 0, 
            Suppression Events: 1
Time: 219.29, 
            Production Events: 0, 
            Suppression Events: 1
Time: 221.26, 
            Production Events: 1, 
            Suppression Events: 0
Time: 221.26, 
            Production Events: 0, 
            Suppression Events: 0
Time: 222.4, 
            Production Events: 0, 
            Suppression Events: 2
Time: 226.76, 
            Production Events: 0, 
            Suppression Events: 1
Time: 226.76, 
            Production Events: 0, 
            Suppression Events: 0
Time: 226.76, 
            Production Events: 0, 
            Suppression Events: 0
Time: 226.76, 
            Production Events: 0, 
            Suppression Events: 0
Time: 228.44, 
            Production Events: 0, 
            Suppression Events: 1
Time: 228.44, 
            Production Events: 0, 
            Suppression Events: 0
Time: 230.31, 
            Production Events: 2, 
            Suppression Events: 0
Time: 230.31, 
            Production Events: 0, 
            Suppression Events: 0
Time: 232.07, 
            Production Events: 0, 
            Suppression Events: 2
Time: 232.07, 
            Production Events: 0, 
            Suppression Events: 0
Time: 233.19, 
            Production Events: 1, 
            Suppression Events: 2
Time: 235.56, 
            Production Events: 0, 
            Suppression Events: 3
Time: 235.56, 
            Production Events: 0, 
            Suppression Events: 0
Time: 237.8, 
            Production Events: 0, 
            Suppression Events: 1
Time: 237.8, 
            Production Events: 0, 
            Suppression Events: 0
Time: 238.49, 
            Production Events: 0, 
            Suppression Events: 1
Time: 242.07, 
            Production Events: 0, 
            Suppression Events: 1
Time: 242.07, 
            Production Events: 0, 
            Suppression Events: 0
Time: 242.07, 
            Production Events: 0, 
            Suppression Events: 0
Time: 242.07, 
            Production Events: 0, 
            Suppression Events: 0
Time: 243.47, 
            Production Events: 0, 
            Suppression Events: 2
Time: 246.43, 
            Production Events: 0, 
            Suppression Events: 1
Time: 246.43, 
            Production Events: 0, 
            Suppression Events: 0
Time: 246.43, 
            Production Events: 0, 
            Suppression Events: 0
Time: 247.12, 
            Production Events: 0, 
            Suppression Events: 1
Time: 248.77, 
            Production Events: 0, 
            Suppression Events: 1
Time: 249.25, 
            Production Events: 0, 
            Suppression Events: 2
Time: 250.27, 
            Production Events: 0, 
            Suppression Events: 3
Time: 251.4, 
            Production Events: 0, 
            Suppression Events: 1
Time: 256.88, 
            Production Events: 0, 
            Suppression Events: 4
Time: 256.88, 
            Production Events: 0, 
            Suppression Events: 0
Time: 256.88, 
            Production Events: 0, 
            Suppression Events: 0
Time: 256.88, 
            Production Events: 0, 
            Suppression Events: 0
Time: 256.88, 
            Production Events: 0, 
            Suppression Events: 0
Time: 257.84, 
            Production Events: 0, 
            Suppression Events: 1
Time: 259.31, 
            Production Events: 0, 
            Suppression Events: 1
Time: 259.31, 
            Production Events: 0, 
            Suppression Events: 0
Time: 260.03, 
            Production Events: 0, 
            Suppression Events: 1
Time: 261.52, 
            Production Events: 0, 
            Suppression Events: 2
Time: 263.02, 
            Production Events: 0, 
            Suppression Events: 1
Time: 263.02, 
            Production Events: 0, 
            Suppression Events: 0
Time: 264.21, 
            Production Events: 0, 
            Suppression Events: 3
Time: 265.66, 
            Production Events: 1, 
            Suppression Events: 3
Time: 267.74, 
            Production Events: 0, 
            Suppression Events: 1
Time: 267.74, 
            Production Events: 0, 
            Suppression Events: 0
Time: 269.5, 
            Production Events: 0, 
            Suppression Events: 3
Time: 269.5, 
            Production Events: 0, 
            Suppression Events: 0
Time: 270.47, 
            Production Events: 0, 
            Suppression Events: 3
Time: 271.65, 
            Production Events: 0, 
            Suppression Events: 1
Time: 273.66, 
            Production Events: 0, 
            Suppression Events: 1
Time: 273.66, 
            Production Events: 0, 
            Suppression Events: 0
Time: 274.01, 
            Production Events: 0, 
            Suppression Events: 1
Time: 275.47, 
            Production Events: 0, 
            Suppression Events: 1
Time: 276.11, 
            Production Events: 0, 
            Suppression Events: 1
Time: 277.75, 
            Production Events: 0, 
            Suppression Events: 1
Time: 278.21, 
            Production Events: 0, 
            Suppression Events: 1
Time: 279.37, 
            Production Events: 0, 
            Suppression Events: 3
Time: 280.43, 
            Production Events: 0, 
            Suppression Events: 1
Time: 281.51, 
            Production Events: 0, 
            Suppression Events: 1
Time: 282.72, 
            Production Events: 0, 
            Suppression Events: 2
Time: 283.42, 
            Production Events: 0, 
            Suppression Events: 1
Time: 286.71, 
            Production Events: 0, 
            Suppression Events: 1
Time: 286.71, 
            Production Events: 0, 
            Suppression Events: 0
Time: 286.71, 
            Production Events: 0, 
            Suppression Events: 0
Time: 290.37, 
            Production Events: 0, 
            Suppression Events: 1
Time: 290.37, 
            Production Events: 0, 
            Suppression Events: 0
Time: 290.37, 
            Production Events: 0, 
            Suppression Events: 0
Time: 290.37, 
            Production Events: 0, 
            Suppression Events: 0
Time: 291.4, 
            Production Events: 0, 
            Suppression Events: 2
Time: 293.05, 
            Production Events: 0, 
            Suppression Events: 1
Time: 293.05, 
            Production Events: 0, 
            Suppression Events: 0
Time: 294.84, 
            Production Events: 1, 
            Suppression Events: 0
Time: 297.04, 
            Production Events: 0, 
            Suppression Events: 1
Time: 297.04, 
            Production Events: 0, 
            Suppression Events: 0
Time: 297.04, 
            Production Events: 0, 
            Suppression Events: 0
Time: 298.72, 
            Production Events: 0, 
            Suppression Events: 1
Time: 300.02, 
            Production Events: 0, 
            Suppression Events: 1
Time: 300.02, 
            Production Events: 0, 
            Suppression Events: 0
Time: 301.09, 
            Production Events: 0, 
            Suppression Events: 2
Time: 302.42, 
            Production Events: 0, 
            Suppression Events: 2
Time: 304.19, 
            Production Events: 0, 
            Suppression Events: 1
Time: 304.19, 
            Production Events: 0, 
            Suppression Events: 0
Time: 305.31, 
            Production Events: 0, 
            Suppression Events: 4
Time: 306.58, 
            Production Events: 0, 
            Suppression Events: 1
Time: 307.38, 
            Production Events: 1, 
            Suppression Events: 0
Time: 310.97, 
            Production Events: 2, 
            Suppression Events: 0
Time: 310.97, 
            Production Events: 0, 
            Suppression Events: 0
Time: 310.97, 
            Production Events: 0, 
            Suppression Events: 0
Time: 311.88, 
            Production Events: 0, 
            Suppression Events: 1
Time: 313.69, 
            Production Events: 0, 
            Suppression Events: 1
Time: 313.69, 
            Production Events: 0, 
            Suppression Events: 0
Time: 314.04, 
            Production Events: 0, 
            Suppression Events: 1
Time: 315.22, 
            Production Events: 0, 
            Suppression Events: 3
Time: 317.59, 
            Production Events: 0, 
            Suppression Events: 2
Time: 317.59, 
            Production Events: 0, 
            Suppression Events: 0
Time: 321.59, 
            Production Events: 0, 
            Suppression Events: 2
Time: 321.59, 
            Production Events: 0, 
            Suppression Events: 0
Time: 321.59, 
            Production Events: 0, 
            Suppression Events: 0
Time: 321.59, 
            Production Events: 0, 
            Suppression Events: 0
Time: 322.67, 
            Production Events: 1, 
            Suppression Events: 1
Time: 323.57, 
            Production Events: 0, 
            Suppression Events: 1
Time: 324.82, 
            Production Events: 0, 
            Suppression Events: 2
Time: 327.33, 
            Production Events: 0, 
            Suppression Events: 1
Time: 327.33, 
            Production Events: 0, 
            Suppression Events: 0
Time: 327.33, 
            Production Events: 0, 
            Suppression Events: 0
Time: 328.2, 
            Production Events: 0, 
            Suppression Events: 3
Time: 329.89, 
            Production Events: 0, 
            Suppression Events: 2
Time: 330.11, 
            Production Events: 0, 
            Suppression Events: 1
Time: 332.09, 
            Production Events: 0, 
            Suppression Events: 2
Time: 332.09, 
            Production Events: 0, 
            Suppression Events: 0
Time: 333.92, 
            Production Events: 0, 
            Suppression Events: 1
Time: 334.52, 
            Production Events: 0, 
            Suppression Events: 1
Time: 335.51, 
            Production Events: 0, 
            Suppression Events: 1
Time: 336.38, 
            Production Events: 0, 
            Suppression Events: 3
Time: 337.03, 
            Production Events: 0, 
            Suppression Events: 2
Time: 338.65, 
            Production Events: 0, 
            Suppression Events: 4
Time: 339.03, 
            Production Events: 0, 
            Suppression Events: 1
Time: 340.48, 
            Production Events: 0, 
            Suppression Events: 2
Time: 341.69, 
            Production Events: 1, 
            Suppression Events: 1
Time: 342.14, 
            Production Events: 0, 
            Suppression Events: 1
Time: 343.07, 
            Production Events: 0, 
            Suppression Events: 2
Time: 344.31, 
            Production Events: 0, 
            Suppression Events: 2
Time: 346.36, 
            Production Events: 0, 
            Suppression Events: 1
Time: 346.36, 
            Production Events: 0, 
            Suppression Events: 0
Time: 348.2, 
            Production Events: 0, 
            Suppression Events: 1
Time: 348.2, 
            Production Events: 0, 
            Suppression Events: 0
Time: 349.21, 
            Production Events: 0, 
            Suppression Events: 2
Time: 352.33, 
            Production Events: 0, 
            Suppression Events: 2
Time: 352.33, 
            Production Events: 0, 
            Suppression Events: 0
Time: 352.33, 
            Production Events: 0, 
            Suppression Events: 0
Time: 354.89, 
            Production Events: 0, 
            Suppression Events: 2
Time: 354.89, 
            Production Events: 0, 
            Suppression Events: 0
Time: 355.49, 
            Production Events: 0, 
            Suppression Events: 1
Time: 356.59, 
            Production Events: 0, 
            Suppression Events: 1
Time: 359.55, 
            Production Events: 0, 
            Suppression Events: 1
Time: 359.55, 
            Production Events: 0, 
            Suppression Events: 0
Time: 359.55, 
            Production Events: 0, 
            Suppression Events: 0
Time: 360.03, 
            Production Events: 0, 
            Suppression Events: 1
Time: 361.72, 
            Production Events: 1, 
            Suppression Events: 2
Time: 362.16, 
            Production Events: 0, 
            Suppression Events: 1
Time: 363.0, 
            Production Events: 0, 
            Suppression Events: 2
Time: 367.01, 
            Production Events: 0, 
            Suppression Events: 2
Time: 367.01, 
            Production Events: 0, 
            Suppression Events: 0
Time: 367.01, 
            Production Events: 0, 
            Suppression Events: 0
Time: 367.01, 
            Production Events: 0, 
            Suppression Events: 0
Time: 368.34, 
            Production Events: 0, 
            Suppression Events: 2
Time: 369.85, 
            Production Events: 0, 
            Suppression Events: 3
Time: 370.73, 
            Production Events: 0, 
            Suppression Events: 1
Time: 371.92, 
            Production Events: 1, 
            Suppression Events: 0
Time: 372.72, 
            Production Events: 0, 
            Suppression Events: 1
Time: 375.73, 
            Production Events: 0, 
            Suppression Events: 1
Time: 375.73, 
            Production Events: 0, 
            Suppression Events: 0
Time: 375.73, 
            Production Events: 0, 
            Suppression Events: 0
Time: 376.35, 
            Production Events: 0, 
            Suppression Events: 1
Time: 378.76, 
            Production Events: 0, 
            Suppression Events: 2
Time: 378.76, 
            Production Events: 0, 
            Suppression Events: 0
Time: 380.18, 
            Production Events: 0, 
            Suppression Events: 1
Time: 380.18, 
            Production Events: 0, 
            Suppression Events: 0
Time: 381.55, 
            Production Events: 0, 
            Suppression Events: 4
Time: 382.25, 
            Production Events: 0, 
            Suppression Events: 1
Time: 383.91, 
            Production Events: 0, 
            Suppression Events: 1
Time: 385.44, 
            Production Events: 0, 
            Suppression Events: 1
Time: 385.44, 
            Production Events: 0, 
            Suppression Events: 0
Time: 386.0, 
            Production Events: 0, 
            Suppression Events: 1
Time: 388.58, 
            Production Events: 0, 
            Suppression Events: 1
Time: 388.58, 
            Production Events: 0, 
            Suppression Events: 0
Time: 389.43, 
            Production Events: 0, 
            Suppression Events: 1
Time: 390.44, 
            Production Events: 0, 
            Suppression Events: 1
Time: 391.19, 
            Production Events: 0, 
            Suppression Events: 1
Time: 392.06, 
            Production Events: 0, 
            Suppression Events: 2
Time: 395.0, 
            Production Events: 0, 
            Suppression Events: 2
Time: 395.0, 
            Production Events: 0, 
            Suppression Events: 0
Time: 395.54, 
            Production Events: 0, 
            Suppression Events: 1
Time: 397.65, 
            Production Events: 0, 
            Suppression Events: 1
Time: 397.65, 
            Production Events: 0, 
            Suppression Events: 0
Time: 398.6, 
            Production Events: 0, 
            Suppression Events: 4
Time: 400.7, 
            Production Events: 0, 
            Suppression Events: 2
Time: 400.7, 
            Production Events: 0, 
            Suppression Events: 0
Time: 402.7, 
            Production Events: 1, 
            Suppression Events: 0
Time: 402.7, 
            Production Events: 0, 
            Suppression Events: 0
Time: 403.73, 
            Production Events: 0, 
            Suppression Events: 1
Time: 404.76, 
            Production Events: 0, 
            Suppression Events: 1
Time: 405.87, 
            Production Events: 0, 
            Suppression Events: 1
Time: 406.04, 
            Production Events: 0, 
            Suppression Events: 1
Time: 409.4, 
            Production Events: 2, 
            Suppression Events: 2
Time: 409.4, 
            Production Events: 0, 
            Suppression Events: 0
Time: 409.4, 
            Production Events: 0, 
            Suppression Events: 0
Time: 410.2, 
            Production Events: 0, 
            Suppression Events: 1
Time: 411.05, 
            Production Events: 0, 
            Suppression Events: 1
Time: 412.14, 
            Production Events: 0, 
            Suppression Events: 2
Time: 413.33, 
            Production Events: 0, 
            Suppression Events: 1
Time: 414.11, 
            Production Events: 0, 
            Suppression Events: 1
Time: 418.57, 
            Production Events: 0, 
            Suppression Events: 1
Time: 418.57, 
            Production Events: 0, 
            Suppression Events: 0
Time: 418.57, 
            Production Events: 0, 
            Suppression Events: 0
Time: 418.57, 
            Production Events: 0, 
            Suppression Events: 0
Time: 419.35, 
            Production Events: 0, 
            Suppression Events: 2
Time: 420.72, 
            Production Events: 0, 
            Suppression Events: 1
Time: 423.76, 
            Production Events: 0, 
            Suppression Events: 1
Time: 423.76, 
            Production Events: 0, 
            Suppression Events: 0
Time: 423.76, 
            Production Events: 0, 
            Suppression Events: 0
Time: 424.03, 
            Production Events: 0, 
            Suppression Events: 1
Time: 425.88, 
            Production Events: 0, 
            Suppression Events: 3
Time: 427.71, 
            Production Events: 0, 
            Suppression Events: 1
Time: 427.71, 
            Production Events: 0, 
            Suppression Events: 0
Time: 428.43, 
            Production Events: 0, 
            Suppression Events: 1
Time: 429.7, 
            Production Events: 0, 
            Suppression Events: 1
Time: 430.16, 
            Production Events: 0, 
            Suppression Events: 1
Time: 433.57, 
            Production Events: 0, 
            Suppression Events: 1
Time: 433.57, 
            Production Events: 0, 
            Suppression Events: 0
Time: 433.57, 
            Production Events: 0, 
            Suppression Events: 0
Time: 434.38, 
            Production Events: 0, 
            Suppression Events: 1
Time: 435.18, 
            Production Events: 0, 
            Suppression Events: 1
Time: 436.36, 
            Production Events: 0, 
            Suppression Events: 1
Time: 437.29, 
            Production Events: 0, 
            Suppression Events: 4
Time: 438.06, 
            Production Events: 0, 
            Suppression Events: 1
Time: 441.51, 
            Production Events: 0, 
            Suppression Events: 1
Time: 441.51, 
            Production Events: 0, 
            Suppression Events: 0
Time: 441.51, 
            Production Events: 0, 
            Suppression Events: 0
Time: 443.12, 
            Production Events: 1, 
            Suppression Events: 3
Time: 443.12, 
            Production Events: 0, 
            Suppression Events: 0
Time: 445.53, 
            Production Events: 0, 
            Suppression Events: 2
Time: 445.53, 
            Production Events: 0, 
            Suppression Events: 0
Time: 447.61, 
            Production Events: 2, 
            Suppression Events: 1
Time: 447.61, 
            Production Events: 0, 
            Suppression Events: 0
Time: 448.17, 
            Production Events: 0, 
            Suppression Events: 2
Time: 449.03, 
            Production Events: 0, 
            Suppression Events: 2
Time: 451.23, 
            Production Events: 0, 
            Suppression Events: 1
Time: 451.23, 
            Production Events: 0, 
            Suppression Events: 0
Time: 452.27, 
            Production Events: 0, 
            Suppression Events: 3
Time: 455.69, 
            Production Events: 1, 
            Suppression Events: 0
Time: 455.69, 
            Production Events: 0, 
            Suppression Events: 0
Time: 455.69, 
            Production Events: 0, 
            Suppression Events: 0
Time: 457.09, 
            Production Events: 0, 
            Suppression Events: 1
Time: 457.09, 
            Production Events: 0, 
            Suppression Events: 0
Time: 458.14, 
            Production Events: 0, 
            Suppression Events: 1
Time: 461.17, 
            Production Events: 1, 
            Suppression Events: 2
Time: 461.17, 
            Production Events: 0, 
            Suppression Events: 0
Time: 461.17, 
            Production Events: 0, 
            Suppression Events: 0
Time: 462.94, 
            Production Events: 0, 
            Suppression Events: 1
Time: 464.1, 
            Production Events: 0, 
            Suppression Events: 1
Time: 464.1, 
            Production Events: 0, 
            Suppression Events: 0
Time: 465.6, 
            Production Events: 0, 
            Suppression Events: 1
Time: 466.43, 
            Production Events: 0, 
            Suppression Events: 1
Time: 468.97, 
            Production Events: 0, 
            Suppression Events: 1
Time: 468.97, 
            Production Events: 0, 
            Suppression Events: 0
Time: 469.1, 
            Production Events: 0, 
            Suppression Events: 2
Time: 470.11, 
            Production Events: 1, 
            Suppression Events: 1
Time: 471.4, 
            Production Events: 0, 
            Suppression Events: 1
Time: 472.07, 
            Production Events: 1, 
            Suppression Events: 0
Time: 473.41, 
            Production Events: 0, 
            Suppression Events: 1
Time: 474.17, 
            Production Events: 0, 
            Suppression Events: 1
Time: 475.04, 
            Production Events: 0, 
            Suppression Events: 2
Time: 476.59, 
            Production Events: 0, 
            Suppression Events: 1
Time: 477.78, 
            Production Events: 0, 
            Suppression Events: 1
Time: 480.23, 
            Production Events: 0, 
            Suppression Events: 1
Time: 480.23, 
            Production Events: 0, 
            Suppression Events: 0
Time: 480.23, 
            Production Events: 0, 
            Suppression Events: 0
Time: 481.4, 
            Production Events: 0, 
            Suppression Events: 1
Time: 483.63, 
            Production Events: 0, 
            Suppression Events: 2
Time: 483.63, 
            Production Events: 0, 
            Suppression Events: 0
Time: 485.05, 
            Production Events: 0, 
            Suppression Events: 1
Time: 485.05, 
            Production Events: 0, 
            Suppression Events: 0
Time: 492.18, 
            Production Events: 0, 
            Suppression Events: 2
Time: 492.18, 
            Production Events: 0, 
            Suppression Events: 0
Time: 492.18, 
            Production Events: 0, 
            Suppression Events: 0
Time: 492.18, 
            Production Events: 0, 
            Suppression Events: 0
Time: 492.18, 
            Production Events: 0, 
            Suppression Events: 0
Time: 492.18, 
            Production Events: 0, 
            Suppression Events: 0
Time: 492.18, 
            Production Events: 0, 
            Suppression Events: 0
Time: 493.74, 
            Production Events: 1, 
            Suppression Events: 2
Time: 494.05, 
            Production Events: 0, 
            Suppression Events: 1
Time: 495.79, 
            Production Events: 0, 
            Suppression Events: 2
Time: 496.75, 
            Production Events: 0, 
            Suppression Events: 1
Time: 497.55, 
            Production Events: 0, 
            Suppression Events: 1
Time: 498.04, 
            Production Events: 0, 
            Suppression Events: 1
Time: 500.4, 
            Production Events: 0, 
            Suppression Events: 3
Time: 500.4, 
            Production Events: 0, 
            Suppression Events: 0
Time: 503.38, 
            Production Events: 0, 
            Suppression Events: 3
Time: 503.38, 
            Production Events: 0, 
            Suppression Events: 0
Time: 503.38, 
            Production Events: 0, 
            Suppression Events: 0
Time: 505.44, 
            Production Events: 0, 
            Suppression Events: 2
Time: 505.44, 
            Production Events: 0, 
            Suppression Events: 0
Time: 508.83, 
            Production Events: 0, 
            Suppression Events: 2
Time: 508.83, 
            Production Events: 0, 
            Suppression Events: 0
Time: 508.83, 
            Production Events: 0, 
            Suppression Events: 0
Time: 510.2, 
            Production Events: 0, 
            Suppression Events: 1
Time: 510.2, 
            Production Events: 0, 
            Suppression Events: 0
Time: 512.31, 
            Production Events: 0, 
            Suppression Events: 1
Time: 512.31, 
            Production Events: 0, 
            Suppression Events: 0
Time: 513.43, 
            Production Events: 0, 
            Suppression Events: 2
Time: 516.05, 
            Production Events: 0, 
            Suppression Events: 1
Time: 516.05, 
            Production Events: 0, 
            Suppression Events: 0
Time: 516.05, 
            Production Events: 0, 
            Suppression Events: 0
Time: 517.65, 
            Production Events: 0, 
            Suppression Events: 2
Time: 519.19, 
            Production Events: 0, 
            Suppression Events: 2
Time: 519.19, 
            Production Events: 0, 
            Suppression Events: 0
Time: 521.75, 
            Production Events: 0, 
            Suppression Events: 2
Time: 521.75, 
            Production Events: 0, 
            Suppression Events: 0
Time: 523.06, 
            Production Events: 1, 
            Suppression Events: 0
Time: 523.06, 
            Production Events: 0, 
            Suppression Events: 0
Time: 524.66, 
            Production Events: 0, 
            Suppression Events: 1
Time: 525.53, 
            Production Events: 0, 
            Suppression Events: 1
Time: 526.35, 
            Production Events: 1, 
            Suppression Events: 0
Time: 527.03, 
            Production Events: 0, 
            Suppression Events: 1
Time: 528.56, 
            Production Events: 1, 
            Suppression Events: 1
Time: 529.51, 
            Production Events: 0, 
            Suppression Events: 1
Time: 530.58, 
            Production Events: 0, 
            Suppression Events: 3
Time: 534.18, 
            Production Events: 0, 
            Suppression Events: 2
Time: 534.18, 
            Production Events: 0, 
            Suppression Events: 0
Time: 534.18, 
            Production Events: 0, 
            Suppression Events: 0
Time: 534.18, 
            Production Events: 0, 
            Suppression Events: 0
Time: 535.36, 
            Production Events: 0, 
            Suppression Events: 2
Time: 537.35, 
            Production Events: 0, 
            Suppression Events: 2
Time: 537.35, 
            Production Events: 0, 
            Suppression Events: 0
Time: 538.76, 
            Production Events: 0, 
            Suppression Events: 1
Time: 541.21, 
            Production Events: 0, 
            Suppression Events: 1
Time: 541.21, 
            Production Events: 0, 
            Suppression Events: 0
Time: 541.21, 
            Production Events: 0, 
            Suppression Events: 0
Time: 542.36, 
            Production Events: 0, 
            Suppression Events: 2
Time: 545.15, 
            Production Events: 0, 
            Suppression Events: 1
Time: 545.15, 
            Production Events: 0, 
            Suppression Events: 0
Time: 545.15, 
            Production Events: 0, 
            Suppression Events: 0
Time: 546.72, 
            Production Events: 0, 
            Suppression Events: 1
Time: 548.74, 
            Production Events: 0, 
            Suppression Events: 1
Time: 548.74, 
            Production Events: 0, 
            Suppression Events: 0
Time: 551.13, 
            Production Events: 0, 
            Suppression Events: 2
Time: 551.13, 
            Production Events: 0, 
            Suppression Events: 0
Time: 551.13, 
            Production Events: 0, 
            Suppression Events: 0
Time: 556.04, 
            Production Events: 0, 
            Suppression Events: 4
Time: 556.04, 
            Production Events: 0, 
            Suppression Events: 0
Time: 556.04, 
            Production Events: 0, 
            Suppression Events: 0
Time: 556.04, 
            Production Events: 0, 
            Suppression Events: 0
Time: 556.04, 
            Production Events: 0, 
            Suppression Events: 0
Time: 558.22, 
            Production Events: 0, 
            Suppression Events: 2
Time: 558.22, 
            Production Events: 0, 
            Suppression Events: 0
Time: 559.45, 
            Production Events: 0, 
            Suppression Events: 3
Time: 561.05, 
            Production Events: 0, 
            Suppression Events: 3
Time: 561.05, 
            Production Events: 0, 
            Suppression Events: 0
Time: 562.89, 
            Production Events: 0, 
            Suppression Events: 1
Time: 564.1, 
            Production Events: 0, 
            Suppression Events: 1
Time: 564.1, 
            Production Events: 0, 
            Suppression Events: 0
Time: 565.75, 
            Production Events: 0, 
            Suppression Events: 1
Time: 567.01, 
            Production Events: 0, 
            Suppression Events: 1
Time: 567.01, 
            Production Events: 0, 
            Suppression Events: 0
Time: 570.32, 
            Production Events: 0, 
            Suppression Events: 2
Time: 570.32, 
            Production Events: 0, 
            Suppression Events: 0
Time: 570.32, 
            Production Events: 0, 
            Suppression Events: 0
Time: 572.06, 
            Production Events: 0, 
            Suppression Events: 2
Time: 572.06, 
            Production Events: 0, 
            Suppression Events: 0
Time: 574.04, 
            Production Events: 0, 
            Suppression Events: 1
Time: 574.04, 
            Production Events: 0, 
            Suppression Events: 0
Time: 575.28, 
            Production Events: 0, 
            Suppression Events: 3
Time: 576.4, 
            Production Events: 0, 
            Suppression Events: 1
Time: 577.22, 
            Production Events: 0, 
            Suppression Events: 4
Time: 579.63, 
            Production Events: 0, 
            Suppression Events: 3
Time: 579.63, 
            Production Events: 0, 
            Suppression Events: 0
Time: 580.23, 
            Production Events: 0, 
            Suppression Events: 2
Time: 581.13, 
            Production Events: 0, 
            Suppression Events: 1
Time: 586.49, 
            Production Events: 0, 
            Suppression Events: 1
Time: 586.49, 
            Production Events: 0, 
            Suppression Events: 0
Time: 586.49, 
            Production Events: 0, 
            Suppression Events: 0
Time: 586.49, 
            Production Events: 0, 
            Suppression Events: 0
Time: 586.49, 
            Production Events: 0, 
            Suppression Events: 0
Time: 587.66, 
            Production Events: 0, 
            Suppression Events: 1
Time: 588.54, 
            Production Events: 0, 
            Suppression Events: 1
Time: 590.18, 
            Production Events: 0, 
            Suppression Events: 2
Time: 590.18, 
            Production Events: 0, 
            Suppression Events: 0
Time: 592.0, 
            Production Events: 0, 
            Suppression Events: 1
Time: 592.0, 
            Production Events: 0, 
            Suppression Events: 0
Time: 593.1, 
            Production Events: 0, 
            Suppression Events: 3
Time: 594.66, 
            Production Events: 0, 
            Suppression Events: 2
Time: 598.67, 
            Production Events: 0, 
            Suppression Events: 2
Time: 598.67, 
            Production Events: 0, 
            Suppression Events: 0
Time: 598.67, 
            Production Events: 0, 
            Suppression Events: 0
Time: 598.67, 
            Production Events: 0, 
            Suppression Events: 0
Time: 599.83, 
            Production Events: 0, 
            Suppression Events: 2
Time: 600.66, 
            Production Events: 0, 
            Suppression Events: 1
Time: 604.4, 
            Production Events: 0, 
            Suppression Events: 2
Time: 604.4, 
            Production Events: 0, 
            Suppression Events: 0
Time: 604.4, 
            Production Events: 0, 
            Suppression Events: 0
Time: 604.4, 
            Production Events: 0, 
            Suppression Events: 0
Time: 605.47, 
            Production Events: 0, 
            Suppression Events: 1
Time: 606.12, 
            Production Events: 0, 
            Suppression Events: 1
Time: 607.45, 
            Production Events: 1, 
            Suppression Events: 0
Time: 609.24, 
            Production Events: 1, 
            Suppression Events: 1
Time: 609.24, 
            Production Events: 0, 
            Suppression Events: 0
Time: 611.89, 
            Production Events: 1, 
            Suppression Events: 2
Time: 611.89, 
            Production Events: 0, 
            Suppression Events: 0
Time: 615.66, 
            Production Events: 0, 
            Suppression Events: 1
Time: 615.66, 
            Production Events: 0, 
            Suppression Events: 0
Time: 615.66, 
            Production Events: 0, 
            Suppression Events: 0
Time: 615.66, 
            Production Events: 0, 
            Suppression Events: 0
Time: 616.79, 
            Production Events: 0, 
            Suppression Events: 1
Time: 617.66, 
            Production Events: 0, 
            Suppression Events: 1
Time: 620.31, 
            Production Events: 1, 
            Suppression Events: 0
Time: 620.31, 
            Production Events: 0, 
            Suppression Events: 0
Time: 620.31, 
            Production Events: 0, 
            Suppression Events: 0
Time: 621.07, 
            Production Events: 0, 
            Suppression Events: 2
Time: 623.08, 
            Production Events: 1, 
            Suppression Events: 1
Time: 623.08, 
            Production Events: 0, 
            Suppression Events: 0
Time: 624.4, 
            Production Events: 0, 
            Suppression Events: 1
Time: 625.04, 
            Production Events: 0, 
            Suppression Events: 3
Time: 626.12, 
            Production Events: 0, 
            Suppression Events: 2
Time: 627.69, 
            Production Events: 0, 
            Suppression Events: 2
Time: 628.97, 
            Production Events: 0, 
            Suppression Events: 1
Time: 629.83, 
            Production Events: 0, 
            Suppression Events: 1
Time: 631.2, 
            Production Events: 0, 
            Suppression Events: 1
Time: 631.2, 
            Production Events: 0, 
            Suppression Events: 0
Time: 632.08, 
            Production Events: 0, 
            Suppression Events: 2
Time: 633.95, 
            Production Events: 0, 
            Suppression Events: 2
Time: 634.15, 
            Production Events: 0, 
            Suppression Events: 1
Time: 635.42, 
            Production Events: 0, 
            Suppression Events: 2
Time: 636.27, 
            Production Events: 0, 
            Suppression Events: 2
Time: 637.5, 
            Production Events: 0, 
            Suppression Events: 1
Time: 638.93, 
            Production Events: 0, 
            Suppression Events: 1
Time: 639.77, 
            Production Events: 0, 
            Suppression Events: 1
Time: 640.84, 
            Production Events: 0, 
            Suppression Events: 1
Time: 641.87, 
            Production Events: 1, 
            Suppression Events: 0
Time: 642.94, 
            Production Events: 0, 
            Suppression Events: 1
Time: 643.67, 
            Production Events: 0, 
            Suppression Events: 1
Time: 645.32, 
            Production Events: 0, 
            Suppression Events: 1
Time: 645.32, 
            Production Events: 0, 
            Suppression Events: 0
Time: 647.73, 
            Production Events: 0, 
            Suppression Events: 3
Time: 647.73, 
            Production Events: 0, 
            Suppression Events: 0
Time: 648.31, 
            Production Events: 0, 
            Suppression Events: 2
Time: 649.13, 
            Production Events: 0, 
            Suppression Events: 2
Time: 651.6, 
            Production Events: 0, 
            Suppression Events: 2
Time: 651.6, 
            Production Events: 0, 
            Suppression Events: 0
Time: 652.31, 
            Production Events: 0, 
            Suppression Events: 1
Time: 654.54, 
            Production Events: 0, 
            Suppression Events: 1
Time: 654.54, 
            Production Events: 0, 
            Suppression Events: 0
Time: 655.39, 
            Production Events: 0, 
            Suppression Events: 1
Time: 657.37, 
            Production Events: 0, 
            Suppression Events: 2
Time: 657.37, 
            Production Events: 0, 
            Suppression Events: 0
Time: 658.23, 
            Production Events: 0, 
            Suppression Events: 2
Time: 660.02, 
            Production Events: 0, 
            Suppression Events: 1
Time: 660.02, 
            Production Events: 0, 
            Suppression Events: 0
Time: 661.97, 
            Production Events: 0, 
            Suppression Events: 1
Time: 663.07, 
            Production Events: 0, 
            Suppression Events: 1
Time: 663.07, 
            Production Events: 0, 
            Suppression Events: 0
Time: 665.55, 
            Production Events: 0, 
            Suppression Events: 1
Time: 665.55, 
            Production Events: 0, 
            Suppression Events: 0
Time: 666.01, 
            Production Events: 0, 
            Suppression Events: 1
Time: 668.45, 
            Production Events: 0, 
            Suppression Events: 1
Time: 668.45, 
            Production Events: 0, 
            Suppression Events: 0
Time: 672.89, 
            Production Events: 0, 
            Suppression Events: 1
Time: 672.89, 
            Production Events: 0, 
            Suppression Events: 0
Time: 672.89, 
            Production Events: 0, 
            Suppression Events: 0
Time: 672.89, 
            Production Events: 0, 
            Suppression Events: 0
Time: 675.42, 
            Production Events: 0, 
            Suppression Events: 1
Time: 675.42, 
            Production Events: 0, 
            Suppression Events: 0
Time: 675.42, 
            Production Events: 0, 
            Suppression Events: 0
Time: 676.12, 
            Production Events: 0, 
            Suppression Events: 2
Time: 677.57, 
            Production Events: 0, 
            Suppression Events: 1
Time: 678.48, 
            Production Events: 0, 
            Suppression Events: 2
Time: 679.04, 
            Production Events: 0, 
            Suppression Events: 1
Time: 680.34, 
            Production Events: 0, 
            Suppression Events: 1
Time: 682.27, 
            Production Events: 1, 
            Suppression Events: 1
Time: 682.27, 
            Production Events: 0, 
            Suppression Events: 0
Time: 684.56, 
            Production Events: 0, 
            Suppression Events: 1
Time: 684.56, 
            Production Events: 0, 
            Suppression Events: 0
Time: 688.55, 
            Production Events: 1, 
            Suppression Events: 1
Time: 688.55, 
            Production Events: 0, 
            Suppression Events: 0
Time: 688.55, 
            Production Events: 0, 
            Suppression Events: 0
Time: 688.55, 
            Production Events: 0, 
            Suppression Events: 0
Time: 692.62, 
            Production Events: 0, 
            Suppression Events: 1
Time: 692.62, 
            Production Events: 0, 
            Suppression Events: 0
Time: 692.62, 
            Production Events: 0, 
            Suppression Events: 0
Time: 692.62, 
            Production Events: 0, 
            Suppression Events: 0
Time: 693.4, 
            Production Events: 1, 
            Suppression Events: 0
Time: 694.39, 
            Production Events: 0, 
            Suppression Events: 4
Time: 695.71, 
            Production Events: 0, 
            Suppression Events: 1
Time: 696.28, 
            Production Events: 0, 
            Suppression Events: 2
Time: 697.37, 
            Production Events: 0, 
            Suppression Events: 2
Time: 698.32, 
            Production Events: 0, 
            Suppression Events: 1
Time: 699.52, 
            Production Events: 0, 
            Suppression Events: 1
Time: 701.1, 
            Production Events: 0, 
            Suppression Events: 2
Time: 701.1, 
            Production Events: 0, 
            Suppression Events: 0
Time: 703.85, 
            Production Events: 0, 
            Suppression Events: 3
Time: 703.85, 
            Production Events: 0, 
            Suppression Events: 0
Time: 704.8, 
            Production Events: 0, 
            Suppression Events: 1
Time: 705.46, 
            Production Events: 0, 
            Suppression Events: 1
Time: 709.73, 
            Production Events: 0, 
            Suppression Events: 1
Time: 709.73, 
            Production Events: 0, 
            Suppression Events: 0
Time: 709.73, 
            Production Events: 0, 
            Suppression Events: 0
Time: 709.73, 
            Production Events: 0, 
            Suppression Events: 0
Time: 712.59, 
            Production Events: 0, 
            Suppression Events: 2
Time: 712.59, 
            Production Events: 0, 
            Suppression Events: 0
Time: 712.59, 
            Production Events: 0, 
            Suppression Events: 0
Time: 713.19, 
            Production Events: 0, 
            Suppression Events: 1
Time: 715.82, 
            Production Events: 0, 
            Suppression Events: 1
Time: 715.82, 
            Production Events: 0, 
            Suppression Events: 0
Time: 716.28, 
            Production Events: 0, 
            Suppression Events: 2
Time: 717.67, 
            Production Events: 0, 
            Suppression Events: 1
Time: 718.56, 
            Production Events: 0, 
            Suppression Events: 1
Time: 720.12, 
            Production Events: 0, 
            Suppression Events: 1
Time: 720.12, 
            Production Events: 0, 
            Suppression Events: 0
Time: 722.36, 
            Production Events: 0, 
            Suppression Events: 1
Time: 722.36, 
            Production Events: 0, 
            Suppression Events: 0
Time: 724.03, 
            Production Events: 0, 
            Suppression Events: 1
Time: 724.03, 
            Production Events: 0, 
            Suppression Events: 0
Time: 725.85, 
            Production Events: 0, 
            Suppression Events: 1
Time: 726.93, 
            Production Events: 0, 
            Suppression Events: 1
Time: 729.37, 
            Production Events: 0, 
            Suppression Events: 1
Time: 729.37, 
            Production Events: 0, 
            Suppression Events: 0
Time: 729.37, 
            Production Events: 0, 
            Suppression Events: 0
Time: 730.62, 
            Production Events: 1, 
            Suppression Events: 0
Time: 732.1, 
            Production Events: 0, 
            Suppression Events: 1
Time: 732.1, 
            Production Events: 0, 
            Suppression Events: 0
Time: 733.96, 
            Production Events: 1, 
            Suppression Events: 0
Time: 734.73, 
            Production Events: 0, 
            Suppression Events: 1
Time: 735.46, 
            Production Events: 0, 
            Suppression Events: 1
Time: 736.35, 
            Production Events: 0, 
            Suppression Events: 2
Time: 738.11, 
            Production Events: 0, 
            Suppression Events: 4
Time: 738.11, 
            Production Events: 0, 
            Suppression Events: 0
Time: 741.38, 
            Production Events: 0, 
            Suppression Events: 1
Time: 741.38, 
            Production Events: 0, 
            Suppression Events: 0
Time: 741.38, 
            Production Events: 0, 
            Suppression Events: 0
Time: 744.28, 
            Production Events: 0, 
            Suppression Events: 1
Time: 744.28, 
            Production Events: 0, 
            Suppression Events: 0
Time: 744.28, 
            Production Events: 0, 
            Suppression Events: 0
Time: 747.73, 
            Production Events: 0, 
            Suppression Events: 1
Time: 747.73, 
            Production Events: 0, 
            Suppression Events: 0
Time: 747.73, 
            Production Events: 0, 
            Suppression Events: 0
Time: 749.27, 
            Production Events: 0, 
            Suppression Events: 1
Time: 749.27, 
            Production Events: 0, 
            Suppression Events: 0
Time: 750.81, 
            Production Events: 0, 
            Suppression Events: 1
Time: 751.9, 
            Production Events: 0, 
            Suppression Events: 1
Time: 754.58, 
            Production Events: 0, 
            Suppression Events: 1
Time: 754.58, 
            Production Events: 0, 
            Suppression Events: 0
Time: 754.58, 
            Production Events: 0, 
            Suppression Events: 0
Time: 755.62, 
            Production Events: 1, 
            Suppression Events: 0
Time: 758.93, 
            Production Events: 0, 
            Suppression Events: 1
Time: 758.93, 
            Production Events: 0, 
            Suppression Events: 0
Time: 758.93, 
            Production Events: 0, 
            Suppression Events: 0
Time: 759.32, 
            Production Events: 0, 
            Suppression Events: 1
Time: 760.89, 
            Production Events: 0, 
            Suppression Events: 3
Time: 763.55, 
            Production Events: 0, 
            Suppression Events: 1
Time: 763.55, 
            Production Events: 0, 
            Suppression Events: 0
Time: 763.55, 
            Production Events: 0, 
            Suppression Events: 0
Time: 764.82, 
            Production Events: 0, 
            Suppression Events: 1
Time: 765.28, 
            Production Events: 0, 
            Suppression Events: 1
Time: 766.98, 
            Production Events: 0, 
            Suppression Events: 1
Time: 767.81, 
            Production Events: 0, 
            Suppression Events: 1
Time: 769.6, 
            Production Events: 0, 
            Suppression Events: 1
Time: 769.6, 
            Production Events: 0, 
            Suppression Events: 0
Time: 770.3, 
            Production Events: 0, 
            Suppression Events: 2
Time: 772.06, 
            Production Events: 0, 
            Suppression Events: 2
Time: 772.06, 
            Production Events: 0, 
            Suppression Events: 0
Time: 775.39, 
            Production Events: 0, 
            Suppression Events: 2
Time: 775.39, 
            Production Events: 0, 
            Suppression Events: 0
Time: 775.39, 
            Production Events: 0, 
            Suppression Events: 0
Time: 776.93, 
            Production Events: 0, 
            Suppression Events: 1
Time: 779.84, 
            Production Events: 0, 
            Suppression Events: 1
Time: 779.84, 
            Production Events: 0, 
            Suppression Events: 0
Time: 779.84, 
            Production Events: 0, 
            Suppression Events: 0
Time: 781.17, 
            Production Events: 0, 
            Suppression Events: 1
Time: 781.17, 
            Production Events: 0, 
            Suppression Events: 0
Time: 788.52, 
            Production Events: 0, 
            Suppression Events: 2
Time: 788.52, 
            Production Events: 0, 
            Suppression Events: 0
Time: 788.52, 
            Production Events: 0, 
            Suppression Events: 0
Time: 788.52, 
            Production Events: 0, 
            Suppression Events: 0
Time: 788.52, 
            Production Events: 0, 
            Suppression Events: 0
Time: 788.52, 
            Production Events: 0, 
            Suppression Events: 0
Time: 788.52, 
            Production Events: 0, 
            Suppression Events: 0
Time: 789.09, 
            Production Events: 0, 
            Suppression Events: 2
Time: 791.05, 
            Production Events: 0, 
            Suppression Events: 1
Time: 791.05, 
            Production Events: 0, 
            Suppression Events: 0
Time: 792.33, 
            Production Events: 0, 
            Suppression Events: 1
Time: 793.7, 
            Production Events: 0, 
            Suppression Events: 1
Time: 795.05, 
            Production Events: 0, 
            Suppression Events: 1
Time: 795.05, 
            Production Events: 0, 
            Suppression Events: 0
Time: 797.67, 
            Production Events: 0, 
            Suppression Events: 3
Time: 797.67, 
            Production Events: 0, 
            Suppression Events: 0
Time: 798.26, 
            Production Events: 0, 
            Suppression Events: 1
Time: 799.33, 
            Production Events: 0, 
            Suppression Events: 1
Time: 802.29, 
            Production Events: 0, 
            Suppression Events: 1
Time: 802.29, 
            Production Events: 0, 
            Suppression Events: 0
Time: 802.29, 
            Production Events: 0, 
            Suppression Events: 0
Time: 803.86, 
            Production Events: 0, 
            Suppression Events: 5
Time: 804.72, 
            Production Events: 0, 
            Suppression Events: 1
Time: 805.12, 
            Production Events: 0, 
            Suppression Events: 1
Time: 807.17, 
            Production Events: 0, 
            Suppression Events: 2
Time: 807.17, 
            Production Events: 0, 
            Suppression Events: 0
Time: 809.23, 
            Production Events: 0, 
            Suppression Events: 3
Time: 809.23, 
            Production Events: 0, 
            Suppression Events: 0
Time: 812.59, 
            Production Events: 0, 
            Suppression Events: 1
Time: 812.59, 
            Production Events: 0, 
            Suppression Events: 0
Time: 812.59, 
            Production Events: 0, 
            Suppression Events: 0
Time: 816.65, 
            Production Events: 0, 
            Suppression Events: 1
Time: 816.65, 
            Production Events: 0, 
            Suppression Events: 0
Time: 816.65, 
            Production Events: 0, 
            Suppression Events: 0
Time: 816.65, 
            Production Events: 0, 
            Suppression Events: 0
Time: 817.28, 
            Production Events: 0, 
            Suppression Events: 1
Time: 819.02, 
            Production Events: 0, 
            Suppression Events: 2
Time: 819.02, 
            Production Events: 0, 
            Suppression Events: 0
Time: 820.73, 
            Production Events: 0, 
            Suppression Events: 2
Time: 821.0, 
            Production Events: 0, 
            Suppression Events: 1
Time: 822.48, 
            Production Events: 0, 
            Suppression Events: 1
Time: 827.09, 
            Production Events: 0, 
            Suppression Events: 1
Time: 827.09, 
            Production Events: 0, 
            Suppression Events: 0
Time: 827.09, 
            Production Events: 0, 
            Suppression Events: 0
Time: 827.09, 
            Production Events: 0, 
            Suppression Events: 0
Time: 827.09, 
            Production Events: 0, 
            Suppression Events: 0
Time: 828.84, 
            Production Events: 0, 
            Suppression Events: 2
Time: 830.44, 
            Production Events: 0, 
            Suppression Events: 1
Time: 830.44, 
            Production Events: 0, 
            Suppression Events: 0
Time: 831.4, 
            Production Events: 0, 
            Suppression Events: 2
Time: 833.73, 
            Production Events: 0, 
            Suppression Events: 1
Time: 833.73, 
            Production Events: 0, 
            Suppression Events: 0
Time: 835.92, 
            Production Events: 0, 
            Suppression Events: 1
Time: 835.92, 
            Production Events: 0, 
            Suppression Events: 0
Time: 839.52, 
            Production Events: 0, 
            Suppression Events: 1
Time: 839.52, 
            Production Events: 0, 
            Suppression Events: 0
Time: 839.52, 
            Production Events: 0, 
            Suppression Events: 0
Time: 839.52, 
            Production Events: 0, 
            Suppression Events: 0
Time: 841.5, 
            Production Events: 0, 
            Suppression Events: 3
Time: 841.5, 
            Production Events: 0, 
            Suppression Events: 0
Time: 842.38, 
            Production Events: 0, 
            Suppression Events: 1
Time: 843.76, 
            Production Events: 0, 
            Suppression Events: 5
Time: 845.4, 
            Production Events: 0, 
            Suppression Events: 2
Time: 845.4, 
            Production Events: 0, 
            Suppression Events: 0
Time: 846.85, 
            Production Events: 0, 
            Suppression Events: 1
Time: 847.53, 
            Production Events: 0, 
            Suppression Events: 1
Time: 848.55, 
            Production Events: 1, 
            Suppression Events: 2
Time: 852.86, 
            Production Events: 0, 
            Suppression Events: 1
Time: 852.86, 
            Production Events: 0, 
            Suppression Events: 0
Time: 852.86, 
            Production Events: 0, 
            Suppression Events: 0
Time: 852.86, 
            Production Events: 0, 
            Suppression Events: 0
Time: 853.71, 
            Production Events: 0, 
            Suppression Events: 1
Time: 854.54, 
            Production Events: 0, 
            Suppression Events: 1
Time: 855.35, 
            Production Events: 0, 
            Suppression Events: 2
Time: 856.14, 
            Production Events: 0, 
            Suppression Events: 3
Time: 857.98, 
            Production Events: 0, 
            Suppression Events: 1
Time: 858.5, 
            Production Events: 0, 
            Suppression Events: 1
Time: 859.24, 
            Production Events: 0, 
            Suppression Events: 1
Time: 860.62, 
            Production Events: 0, 
            Suppression Events: 1
Time: 863.13, 
            Production Events: 0, 
            Suppression Events: 2
Time: 863.13, 
            Production Events: 0, 
            Suppression Events: 0
Time: 863.13, 
            Production Events: 0, 
            Suppression Events: 0
Time: 864.71, 
            Production Events: 0, 
            Suppression Events: 1
Time: 865.28, 
            Production Events: 0, 
            Suppression Events: 1
Time: 866.03, 
            Production Events: 0, 
            Suppression Events: 1
Time: 868.51, 
            Production Events: 0, 
            Suppression Events: 3
Time: 868.51, 
            Production Events: 0, 
            Suppression Events: 0
Time: 869.76, 
            Production Events: 0, 
            Suppression Events: 1
Time: 870.76, 
            Production Events: 1, 
            Suppression Events: 1
Time: 871.05, 
            Production Events: 0, 
            Suppression Events: 1
Time: 872.03, 
            Production Events: 0, 
            Suppression Events: 2
Time: 874.05, 
            Production Events: 0, 
            Suppression Events: 4
Time: 874.05, 
            Production Events: 0, 
            Suppression Events: 0
Time: 875.6, 
            Production Events: 0, 
            Suppression Events: 1
Time: 877.54, 
            Production Events: 0, 
            Suppression Events: 2
Time: 877.54, 
            Production Events: 0, 
            Suppression Events: 0
Time: 878.12, 
            Production Events: 0, 
            Suppression Events: 1
Time: 879.35, 
            Production Events: 0, 
            Suppression Events: 2
Time: 880.13, 
            Production Events: 0, 
            Suppression Events: 1
Time: 882.51, 
            Production Events: 0, 
            Suppression Events: 1
Time: 882.51, 
            Production Events: 0, 
            Suppression Events: 0
Time: 885.64, 
            Production Events: 0, 
            Suppression Events: 2
Time: 885.64, 
            Production Events: 0, 
            Suppression Events: 0
Time: 885.64, 
            Production Events: 0, 
            Suppression Events: 0
Time: 886.66, 
            Production Events: 0, 
            Suppression Events: 2
Time: 887.49, 
            Production Events: 0, 
            Suppression Events: 1
Time: 889.08, 
            Production Events: 0, 
            Suppression Events: 1
Time: 889.08, 
            Production Events: 0, 
            Suppression Events: 0
Time: 890.23, 
            Production Events: 0, 
            Suppression Events: 1
Time: 891.97, 
            Production Events: 0, 
            Suppression Events: 2
Time: 893.76, 
            Production Events: 0, 
            Suppression Events: 1
Time: 893.76, 
            Production Events: 0, 
            Suppression Events: 0
Time: 894.64, 
            Production Events: 0, 
            Suppression Events: 1
Time: 895.51, 
            Production Events: 0, 
            Suppression Events: 1
Time: 896.65, 
            Production Events: 0, 
            Suppression Events: 1
Time: 898.78, 
            Production Events: 0, 
            Suppression Events: 2
Time: 898.78, 
            Production Events: 0, 
            Suppression Events: 0
Time: 899.21, 
            Production Events: 0, 
            Suppression Events: 1
Time: 902.99, 
            Production Events: 0, 
            Suppression Events: 2
Time: 902.99, 
            Production Events: 0, 
            Suppression Events: 0
Time: 902.99, 
            Production Events: 0, 
            Suppression Events: 0
Time: 903.56, 
            Production Events: 0, 
            Suppression Events: 1
Time: 905.59, 
            Production Events: 0, 
            Suppression Events: 1
Time: 905.59, 
            Production Events: 0, 
            Suppression Events: 0
Time: 906.3, 
            Production Events: 0, 
            Suppression Events: 1
Time: 907.43, 
            Production Events: 0, 
            Suppression Events: 1
Time: 908.18, 
            Production Events: 0, 
            Suppression Events: 1
Time: 909.28, 
            Production Events: 0, 
            Suppression Events: 1
Time: 911.33, 
            Production Events: 0, 
            Suppression Events: 1
Time: 911.33, 
            Production Events: 0, 
            Suppression Events: 0
Time: 912.8, 
            Production Events: 0, 
            Suppression Events: 1
Time: 914.38, 
            Production Events: 0, 
            Suppression Events: 1
Time: 914.38, 
            Production Events: 0, 
            Suppression Events: 0
Time: 916.26, 
            Production Events: 1, 
            Suppression Events: 0
Time: 916.26, 
            Production Events: 0, 
            Suppression Events: 0
Time: 917.1, 
            Production Events: 0, 
            Suppression Events: 1
Time: 918.31, 
            Production Events: 0, 
            Suppression Events: 2
Time: 920.99, 
            Production Events: 0, 
            Suppression Events: 2
Time: 920.99, 
            Production Events: 0, 
            Suppression Events: 0
Time: 921.98, 
            Production Events: 0, 
            Suppression Events: 1
Time: 923.12, 
            Production Events: 0, 
            Suppression Events: 1
Time: 923.12, 
            Production Events: 0, 
            Suppression Events: 0
Time: 924.64, 
            Production Events: 0, 
            Suppression Events: 2
Time: 925.16, 
            Production Events: 0, 
            Suppression Events: 1
Time: 926.06, 
            Production Events: 1, 
            Suppression Events: 3
Time: 927.36, 
            Production Events: 1, 
            Suppression Events: 0
Time: 930.07, 
            Production Events: 0, 
            Suppression Events: 1
Time: 930.07, 
            Production Events: 0, 
            Suppression Events: 0
Time: 930.07, 
            Production Events: 0, 
            Suppression Events: 0
Time: 931.2, 
            Production Events: 0, 
            Suppression Events: 1
Time: 932.57, 
            Production Events: 1, 
            Suppression Events: 1
Time: 933.2, 
            Production Events: 0, 
            Suppression Events: 1
Time: 936.9, 
            Production Events: 0, 
            Suppression Events: 2
Time: 936.9, 
            Production Events: 0, 
            Suppression Events: 0
Time: 936.9, 
            Production Events: 0, 
            Suppression Events: 0
Time: 937.66, 
            Production Events: 0, 
            Suppression Events: 1
Time: 942.4, 
            Production Events: 0, 
            Suppression Events: 1
Time: 942.4, 
            Production Events: 0, 
            Suppression Events: 0
Time: 942.4, 
            Production Events: 0, 
            Suppression Events: 0
Time: 942.4, 
            Production Events: 0, 
            Suppression Events: 0
Time: 942.4, 
            Production Events: 0, 
            Suppression Events: 0
Time: 944.52, 
            Production Events: 0, 
            Suppression Events: 1
Time: 944.52, 
            Production Events: 0, 
            Suppression Events: 0
Time: 946.18, 
            Production Events: 0, 
            Suppression Events: 1
Time: 946.18, 
            Production Events: 0, 
            Suppression Events: 0
Time: 947.92, 
            Production Events: 0, 
            Suppression Events: 1
Time: 949.61, 
            Production Events: 0, 
            Suppression Events: 1
Time: 949.61, 
            Production Events: 0, 
            Suppression Events: 0
Time: 951.57, 
            Production Events: 0, 
            Suppression Events: 1
Time: 951.57, 
            Production Events: 0, 
            Suppression Events: 0
Time: 952.49, 
            Production Events: 0, 
            Suppression Events: 1
Time: 953.4, 
            Production Events: 0, 
            Suppression Events: 1
Time: 961.13, 
            Production Events: 0, 
            Suppression Events: 1
Time: 961.13, 
            Production Events: 0, 
            Suppression Events: 0
Time: 961.13, 
            Production Events: 0, 
            Suppression Events: 0
Time: 961.13, 
            Production Events: 0, 
            Suppression Events: 0
Time: 961.13, 
            Production Events: 0, 
            Suppression Events: 0
Time: 961.13, 
            Production Events: 0, 
            Suppression Events: 0
Time: 961.13, 
            Production Events: 0, 
            Suppression Events: 0
Time: 961.13, 
            Production Events: 0, 
            Suppression Events: 0
Time: 963.48, 
            Production Events: 0, 
            Suppression Events: 3
Time: 963.48, 
            Production Events: 0, 
            Suppression Events: 0
Time: 964.1, 
            Production Events: 0, 
            Suppression Events: 1
Time: 966.05, 
            Production Events: 0, 
            Suppression Events: 4
Time: 966.05, 
            Production Events: 0, 
            Suppression Events: 0
Time: 968.35, 
            Production Events: 0, 
            Suppression Events: 2
Time: 968.35, 
            Production Events: 0, 
            Suppression Events: 0
Time: 971.28, 
            Production Events: 0, 
            Suppression Events: 1
Time: 971.28, 
            Production Events: 0, 
            Suppression Events: 0
Time: 971.28, 
            Production Events: 0, 
            Suppression Events: 0
Time: 973.42, 
            Production Events: 0, 
            Suppression Events: 2
Time: 973.42, 
            Production Events: 0, 
            Suppression Events: 0
Time: 976.17, 
            Production Events: 0, 
            Suppression Events: 3
Time: 976.17, 
            Production Events: 0, 
            Suppression Events: 0
Time: 976.17, 
            Production Events: 0, 
            Suppression Events: 0
Time: 978.45, 
            Production Events: 0, 
            Suppression Events: 2
Time: 978.45, 
            Production Events: 0, 
            Suppression Events: 0
Time: 979.74, 
            Production Events: 0, 
            Suppression Events: 2
Time: 982.44, 
            Production Events: 0, 
            Suppression Events: 1
Time: 982.44, 
            Production Events: 0, 
            Suppression Events: 0
Time: 982.44, 
            Production Events: 0, 
            Suppression Events: 0
Time: 985.58, 
            Production Events: 0, 
            Suppression Events: 2
Time: 985.58, 
            Production Events: 0, 
            Suppression Events: 0
Time: 985.58, 
            Production Events: 0, 
            Suppression Events: 0
Time: 987.38, 
            Production Events: 0, 
            Suppression Events: 2
Time: 987.38, 
            Production Events: 0, 
            Suppression Events: 0
Time: 988.76, 
            Production Events: 0, 
            Suppression Events: 1
Time: 989.81, 
            Production Events: 1, 
            Suppression Events: 0
Time: 990.63, 
            Production Events: 0, 
            Suppression Events: 1
Time: 991.07, 
            Production Events: 0, 
            Suppression Events: 2
Time: 992.52, 
            Production Events: 0, 
            Suppression Events: 3
Time: 993.17, 
            Production Events: 0, 
            Suppression Events: 1
Time: 994.12, 
            Production Events: 0, 
            Suppression Events: 4
Time: 995.49, 
            Production Events: 0, 
            Suppression Events: 2
Time: 997.23, 
            Production Events: 0, 
            Suppression Events: 1
Time: 997.23, 
            Production Events: 0, 
            Suppression Events: 0
Time: 998.86, 
            Production Events: 1, 
            Suppression Events: 0
Time: 1000.0, 
            Production Events: 0, 
            Suppression Events: 2
Time: 1000.0, 
            Production Events: 0, 
            Suppression Events: 0
Simulation completed:
  Final time: 1000.0040086951036
  Total events: 957
  Wall time: 6060.6 seconds

Saving simulation results with clean separation...
Task evolution saved to: 5t5b/5t5b_mfcsb/data/param_113_rep_1_2025-11-21_171931/states.csv
Events saved to: 5t5b/5t5b_mfcsb/data/param_113_rep_1_2025-11-21_171931/events.csv
Saving event log (raw and DataFrame)...
log DataFrame size: (962, 9)
short view:
59 DataFrame
 Row  time     bee1_id  bee2_id  task_id  task_1   task_2   task_3     task_4 
      Float64  Int64    Int64    Int64    Float64  Float64  Float64    Float6 

   1      0.0        1        0        0   0.0865   0.1024  0.119699    0.172 
   2      0.0        2        0        0   0.1095   0.1009  0.111593    0.113
   3      0.0        3        0        0   0.0959   0.0979  0.12354     0.134
   4      0.0        4        0        0   0.0673   0.0975  0.0755608   0.109
   5      0.0        5        0        0   0.0957   0.0979  0.0762523   0.089 
                                                               2 columns omittedEvent log saved to: 5t5b/5t5b_mfcsb/data/param_113_rep_1_2025-11-21_171931/event_log.json
Event log DataFrame saved to: 5t5b/5t5b_mfcsb/data/param_113_rep_1_2025-11-21_171931/event_log.csv
Metadata and configuration saved to: 5t5b/5t5b_mfcsb/data/param_113_rep_1_2025-11-21_171931/config.json
Task index mapping saved to: 5t5b/5t5b_mfcsb/data/param_113_rep_1_2025-11-21_171931/task_index_mapping.json
All results saved to directory: 5t5b/5t5b_mfcsb/data/param_113_rep_1_2025-11-21_171931
Simulation completed successfully!
Job finished at: Fri Nov 21 07:00:59 PM CET 2025
