Job array started at: Fri Nov 21 05:35:44 PM CET 2025
Job ID: 10861997
Array Job ID: 10860410
Array Task ID: 135
Node: th-ws-7010m11
Loading Julia module...
Module loaded: /software/opt/el_9/x86_64/julia/1.11.3/bin/julia
Changing to project directory...
Current directory: /scratch/n/N.Pfaffenzeller/nikolas_nethive/nethive_multiverse
Running parameter combination 135, replicate 1
Starting Julia simulation...
Running simulation with the following configuration:
  dataset_names: [:mnist, :cifar10, :svhn2, :fashion_mnist, :bank]
  param_id: 135
  n_bees: 5
  batch_size: 32
  replicate_id: 1
  punish_rate: 0.1
  punishment: time_out
  lambda_sensitivity: 100
  save_nn_epochs: 0
  production_rate: 1
  interaction_rate: 10
  batches_per_step: 50
  learning_rate: 0.0001
  max_output_dim: 10
  n_steps_per_epoch: 1
  dead_time: 100
  max_input_dim: 3072
  n_epochs: 1000
  seed: 1130140042

Starting simulation with configuration:
  dataset_names: [:mnist, :cifar10, :svhn2, :fashion_mnist, :bank]
  param_id: 135
  n_bees: 5
  batch_size: 32
  replicate_id: 1
  punish_rate: 0.1
  punishment: time_out
  lambda_sensitivity: 100
  save_nn_epochs: 0
  production_rate: 1
  interaction_rate: 10
  batches_per_step: 50
  run_timestamp: 2025-11-21T17:36:13.572
  learning_rate: 0.0001
  max_output_dim: 10
  n_steps_per_epoch: 1
  dead_time: 100
  max_input_dim: 3072
  n_epochs: 1000
  seed: 1130140042
Random seed: 1130140042

Starting simulation...
Time: 1.13, 
            Production Events: 1, 
            Suppression Events: 1
Time: 2.26, 
            Production Events: 4, 
            Suppression Events: 1
Time: 3.51, 
            Production Events: 1, 
            Suppression Events: 0
Time: 4.08, 
            Production Events: 1, 
            Suppression Events: 0
Time: 5.14, 
            Production Events: 0, 
            Suppression Events: 1
Time: 7.99, 
            Production Events: 2, 
            Suppression Events: 0
Time: 7.99, 
            Production Events: 0, 
            Suppression Events: 0
Time: 8.54, 
            Production Events: 0, 
            Suppression Events: 1
Time: 11.26, 
            Production Events: 1, 
            Suppression Events: 1
Time: 11.26, 
            Production Events: 0, 
            Suppression Events: 0
Time: 11.26, 
            Production Events: 0, 
            Suppression Events: 0
Time: 12.22, 
            Production Events: 1, 
            Suppression Events: 1
Time: 13.31, 
            Production Events: 1, 
            Suppression Events: 0
Time: 14.74, 
            Production Events: 0, 
            Suppression Events: 1
Time: 15.02, 
            Production Events: 0, 
            Suppression Events: 1
Time: 16.08, 
            Production Events: 1, 
            Suppression Events: 0
Time: 18.15, 
            Production Events: 0, 
            Suppression Events: 1
Time: 18.15, 
            Production Events: 0, 
            Suppression Events: 0
Time: 21.27, 
            Production Events: 1, 
            Suppression Events: 0
Time: 21.27, 
            Production Events: 0, 
            Suppression Events: 0
Time: 21.27, 
            Production Events: 0, 
            Suppression Events: 0
Time: 22.21, 
            Production Events: 2, 
            Suppression Events: 0
Time: 23.24, 
            Production Events: 0, 
            Suppression Events: 1
Time: 25.64, 
            Production Events: 2, 
            Suppression Events: 0
Time: 25.64, 
            Production Events: 0, 
            Suppression Events: 0
Time: 26.1, 
            Production Events: 0, 
            Suppression Events: 1
Time: 28.94, 
            Production Events: 0, 
            Suppression Events: 1
Time: 28.94, 
            Production Events: 0, 
            Suppression Events: 0
Time: 29.14, 
            Production Events: 1, 
            Suppression Events: 0
Time: 30.52, 
            Production Events: 1, 
            Suppression Events: 1
Time: 31.07, 
            Production Events: 0, 
            Suppression Events: 1
Time: 32.36, 
            Production Events: 0, 
            Suppression Events: 1
Time: 33.28, 
            Production Events: 2, 
            Suppression Events: 0
Time: 34.53, 
            Production Events: 1, 
            Suppression Events: 0
Time: 35.95, 
            Production Events: 0, 
            Suppression Events: 1
Time: 36.24, 
            Production Events: 0, 
            Suppression Events: 1
Time: 39.58, 
            Production Events: 3, 
            Suppression Events: 2
Time: 39.58, 
            Production Events: 0, 
            Suppression Events: 0
Time: 39.58, 
            Production Events: 0, 
            Suppression Events: 0
Time: 40.72, 
            Production Events: 0, 
            Suppression Events: 1
Time: 42.31, 
            Production Events: 1, 
            Suppression Events: 1
Time: 42.31, 
            Production Events: 0, 
            Suppression Events: 0
Time: 43.03, 
            Production Events: 1, 
            Suppression Events: 0
Time: 44.71, 
            Production Events: 1, 
            Suppression Events: 1
Time: 47.64, 
            Production Events: 0, 
            Suppression Events: 1
Time: 47.64, 
            Production Events: 0, 
            Suppression Events: 0
Time: 47.64, 
            Production Events: 0, 
            Suppression Events: 0
Time: 48.91, 
            Production Events: 0, 
            Suppression Events: 2
Time: 49.58, 
            Production Events: 0, 
            Suppression Events: 1
Time: 50.07, 
            Production Events: 0, 
            Suppression Events: 1
Time: 52.34, 
            Production Events: 1, 
            Suppression Events: 0
Time: 52.34, 
            Production Events: 0, 
            Suppression Events: 0
Time: 54.98, 
            Production Events: 0, 
            Suppression Events: 1
Time: 54.98, 
            Production Events: 0, 
            Suppression Events: 0
Time: 55.63, 
            Production Events: 0, 
            Suppression Events: 1
Time: 56.48, 
            Production Events: 0, 
            Suppression Events: 1
Time: 60.19, 
            Production Events: 1, 
            Suppression Events: 1
Time: 60.19, 
            Production Events: 0, 
            Suppression Events: 0
Time: 60.19, 
            Production Events: 0, 
            Suppression Events: 0
Time: 60.19, 
            Production Events: 0, 
            Suppression Events: 0
Time: 61.16, 
            Production Events: 2, 
            Suppression Events: 1
Time: 63.05, 
            Production Events: 0, 
            Suppression Events: 2
Time: 63.05, 
            Production Events: 0, 
            Suppression Events: 0
Time: 66.89, 
            Production Events: 0, 
            Suppression Events: 5
Time: 66.89, 
            Production Events: 0, 
            Suppression Events: 0
Time: 66.89, 
            Production Events: 0, 
            Suppression Events: 0
Time: 68.91, 
            Production Events: 0, 
            Suppression Events: 1
Time: 68.91, 
            Production Events: 0, 
            Suppression Events: 0
Time: 69.09, 
            Production Events: 1, 
            Suppression Events: 0
Time: 70.17, 
            Production Events: 0, 
            Suppression Events: 2
Time: 71.02, 
            Production Events: 0, 
            Suppression Events: 1
Time: 72.1, 
            Production Events: 1, 
            Suppression Events: 5
Time: 73.5, 
            Production Events: 0, 
            Suppression Events: 3
Time: 76.21, 
            Production Events: 0, 
            Suppression Events: 1
Time: 76.21, 
            Production Events: 0, 
            Suppression Events: 0
Time: 76.21, 
            Production Events: 0, 
            Suppression Events: 0
Time: 77.07, 
            Production Events: 1, 
            Suppression Events: 1
Time: 80.72, 
            Production Events: 2, 
            Suppression Events: 4
Time: 80.72, 
            Production Events: 0, 
            Suppression Events: 0
Time: 80.72, 
            Production Events: 0, 
            Suppression Events: 0
Time: 82.76, 
            Production Events: 0, 
            Suppression Events: 1
Time: 82.76, 
            Production Events: 0, 
            Suppression Events: 0
Time: 83.06, 
            Production Events: 0, 
            Suppression Events: 1
Time: 84.68, 
            Production Events: 0, 
            Suppression Events: 3
Time: 85.09, 
            Production Events: 1, 
            Suppression Events: 0
Time: 86.23, 
            Production Events: 0, 
            Suppression Events: 2
Time: 91.09, 
            Production Events: 0, 
            Suppression Events: 2
Time: 91.09, 
            Production Events: 0, 
            Suppression Events: 0
Time: 91.09, 
            Production Events: 0, 
            Suppression Events: 0
Time: 91.09, 
            Production Events: 0, 
            Suppression Events: 0
Time: 91.09, 
            Production Events: 0, 
            Suppression Events: 0
Time: 92.15, 
            Production Events: 0, 
            Suppression Events: 2
Time: 94.15, 
            Production Events: 1, 
            Suppression Events: 1
Time: 94.15, 
            Production Events: 0, 
            Suppression Events: 0
Time: 95.31, 
            Production Events: 0, 
            Suppression Events: 3
Time: 96.22, 
            Production Events: 1, 
            Suppression Events: 0
Time: 97.01, 
            Production Events: 0, 
            Suppression Events: 2
Time: 99.02, 
            Production Events: 0, 
            Suppression Events: 3
Time: 99.02, 
            Production Events: 0, 
            Suppression Events: 0
Time: 101.83, 
            Production Events: 0, 
            Suppression Events: 1
Time: 101.83, 
            Production Events: 0, 
            Suppression Events: 0
Time: 102.92, 
            Production Events: 0, 
            Suppression Events: 2
Time: 105.4, 
            Production Events: 0, 
            Suppression Events: 1
Time: 105.4, 
            Production Events: 0, 
            Suppression Events: 0
Time: 105.4, 
            Production Events: 0, 
            Suppression Events: 0
Time: 106.79, 
            Production Events: 0, 
            Suppression Events: 2
Time: 107.18, 
            Production Events: 0, 
            Suppression Events: 1
Time: 108.06, 
            Production Events: 0, 
            Suppression Events: 1
Time: 109.28, 
            Production Events: 0, 
            Suppression Events: 2
Time: 111.16, 
            Production Events: 1, 
            Suppression Events: 2
Time: 111.16, 
            Production Events: 0, 
            Suppression Events: 0
Time: 112.27, 
            Production Events: 0, 
            Suppression Events: 1
Time: 113.37, 
            Production Events: 0, 
            Suppression Events: 3
Time: 114.98, 
            Production Events: 0, 
            Suppression Events: 1
Time: 115.21, 
            Production Events: 0, 
            Suppression Events: 1
Time: 116.68, 
            Production Events: 0, 
            Suppression Events: 1
Time: 117.29, 
            Production Events: 1, 
            Suppression Events: 0
Time: 118.69, 
            Production Events: 0, 
            Suppression Events: 2
Time: 119.52, 
            Production Events: 2, 
            Suppression Events: 1
Time: 121.31, 
            Production Events: 1, 
            Suppression Events: 1
Time: 121.31, 
            Production Events: 0, 
            Suppression Events: 0
Time: 122.48, 
            Production Events: 0, 
            Suppression Events: 1
Time: 123.32, 
            Production Events: 1, 
            Suppression Events: 0
Time: 125.68, 
            Production Events: 0, 
            Suppression Events: 1
Time: 125.68, 
            Production Events: 0, 
            Suppression Events: 0
Time: 126.19, 
            Production Events: 0, 
            Suppression Events: 1
Time: 128.52, 
            Production Events: 3, 
            Suppression Events: 0
Time: 128.52, 
            Production Events: 0, 
            Suppression Events: 0
Time: 129.36, 
            Production Events: 1, 
            Suppression Events: 1
Time: 133.22, 
            Production Events: 0, 
            Suppression Events: 2
Time: 133.22, 
            Production Events: 0, 
            Suppression Events: 0
Time: 133.22, 
            Production Events: 0, 
            Suppression Events: 0
Time: 133.22, 
            Production Events: 0, 
            Suppression Events: 0
Time: 135.04, 
            Production Events: 0, 
            Suppression Events: 1
Time: 135.04, 
            Production Events: 0, 
            Suppression Events: 0
Time: 138.3, 
            Production Events: 0, 
            Suppression Events: 3
Time: 138.3, 
            Production Events: 0, 
            Suppression Events: 0
Time: 138.3, 
            Production Events: 0, 
            Suppression Events: 0
Time: 139.47, 
            Production Events: 1, 
            Suppression Events: 1
Time: 140.59, 
            Production Events: 0, 
            Suppression Events: 2
Time: 142.15, 
            Production Events: 0, 
            Suppression Events: 1
Time: 142.15, 
            Production Events: 0, 
            Suppression Events: 0
Time: 143.42, 
            Production Events: 0, 
            Suppression Events: 2
Time: 147.74, 
            Production Events: 1, 
            Suppression Events: 0
Time: 147.74, 
            Production Events: 0, 
            Suppression Events: 0
Time: 147.74, 
            Production Events: 0, 
            Suppression Events: 0
Time: 147.74, 
            Production Events: 0, 
            Suppression Events: 0
Time: 149.45, 
            Production Events: 0, 
            Suppression Events: 1
Time: 149.45, 
            Production Events: 0, 
            Suppression Events: 0
Time: 151.76, 
            Production Events: 1, 
            Suppression Events: 0
Time: 151.76, 
            Production Events: 0, 
            Suppression Events: 0
Time: 152.32, 
            Production Events: 1, 
            Suppression Events: 1
Time: 154.69, 
            Production Events: 0, 
            Suppression Events: 2
Time: 154.69, 
            Production Events: 0, 
            Suppression Events: 0
Time: 155.42, 
            Production Events: 0, 
            Suppression Events: 1
Time: 158.1, 
            Production Events: 0, 
            Suppression Events: 1
Time: 158.1, 
            Production Events: 0, 
            Suppression Events: 0
Time: 158.1, 
            Production Events: 0, 
            Suppression Events: 0
Time: 159.96, 
            Production Events: 0, 
            Suppression Events: 1
Time: 162.77, 
            Production Events: 0, 
            Suppression Events: 1
Time: 162.77, 
            Production Events: 0, 
            Suppression Events: 0
Time: 162.77, 
            Production Events: 0, 
            Suppression Events: 0
Time: 165.01, 
            Production Events: 0, 
            Suppression Events: 2
Time: 165.01, 
            Production Events: 0, 
            Suppression Events: 0
Time: 165.01, 
            Production Events: 0, 
            Suppression Events: 0
Time: 167.71, 
            Production Events: 0, 
            Suppression Events: 3
Time: 167.71, 
            Production Events: 0, 
            Suppression Events: 0
Time: 168.22, 
            Production Events: 0, 
            Suppression Events: 2
Time: 169.47, 
            Production Events: 0, 
            Suppression Events: 1
Time: 171.31, 
            Production Events: 0, 
            Suppression Events: 1
Time: 171.31, 
            Production Events: 0, 
            Suppression Events: 0
Time: 172.28, 
            Production Events: 0, 
            Suppression Events: 1
Time: 175.34, 
            Production Events: 0, 
            Suppression Events: 1
Time: 175.34, 
            Production Events: 0, 
            Suppression Events: 0
Time: 175.34, 
            Production Events: 0, 
            Suppression Events: 0
Time: 176.14, 
            Production Events: 0, 
            Suppression Events: 1
Time: 177.69, 
            Production Events: 1, 
            Suppression Events: 1
Time: 180.08, 
            Production Events: 0, 
            Suppression Events: 1
Time: 180.08, 
            Production Events: 0, 
            Suppression Events: 0
Time: 180.08, 
            Production Events: 0, 
            Suppression Events: 0
Time: 181.35, 
            Production Events: 0, 
            Suppression Events: 1
Time: 182.15, 
            Production Events: 0, 
            Suppression Events: 3
Time: 185.18, 
            Production Events: 0, 
            Suppression Events: 3
Time: 185.18, 
            Production Events: 0, 
            Suppression Events: 0
Time: 185.18, 
            Production Events: 0, 
            Suppression Events: 0
Time: 187.5, 
            Production Events: 0, 
            Suppression Events: 2
Time: 187.5, 
            Production Events: 0, 
            Suppression Events: 0
Time: 188.28, 
            Production Events: 0, 
            Suppression Events: 2
Time: 189.64, 
            Production Events: 0, 
            Suppression Events: 1
Time: 190.52, 
            Production Events: 0, 
            Suppression Events: 2
Time: 191.24, 
            Production Events: 1, 
            Suppression Events: 0
Time: 192.23, 
            Production Events: 0, 
            Suppression Events: 1
Time: 194.29, 
            Production Events: 0, 
            Suppression Events: 2
Time: 194.29, 
            Production Events: 0, 
            Suppression Events: 0
Time: 195.11, 
            Production Events: 0, 
            Suppression Events: 1
Time: 199.85, 
            Production Events: 1, 
            Suppression Events: 0
Time: 199.85, 
            Production Events: 0, 
            Suppression Events: 0
Time: 199.85, 
            Production Events: 0, 
            Suppression Events: 0
Time: 199.85, 
            Production Events: 0, 
            Suppression Events: 0
Time: 202.59, 
            Production Events: 0, 
            Suppression Events: 2
Time: 202.59, 
            Production Events: 0, 
            Suppression Events: 0
Time: 202.59, 
            Production Events: 0, 
            Suppression Events: 0
Time: 204.45, 
            Production Events: 0, 
            Suppression Events: 1
Time: 204.45, 
            Production Events: 0, 
            Suppression Events: 0
Time: 205.12, 
            Production Events: 0, 
            Suppression Events: 1
Time: 206.77, 
            Production Events: 0, 
            Suppression Events: 1
Time: 208.35, 
            Production Events: 0, 
            Suppression Events: 1
Time: 208.35, 
            Production Events: 0, 
            Suppression Events: 0
Time: 210.09, 
            Production Events: 1, 
            Suppression Events: 0
Time: 210.09, 
            Production Events: 0, 
            Suppression Events: 0
Time: 211.56, 
            Production Events: 0, 
            Suppression Events: 1
Time: 213.11, 
            Production Events: 0, 
            Suppression Events: 2
Time: 213.11, 
            Production Events: 0, 
            Suppression Events: 0
Time: 215.76, 
            Production Events: 1, 
            Suppression Events: 0
Time: 215.76, 
            Production Events: 0, 
            Suppression Events: 0
Time: 216.46, 
            Production Events: 0, 
            Suppression Events: 1
Time: 217.17, 
            Production Events: 0, 
            Suppression Events: 2
Time: 219.4, 
            Production Events: 0, 
            Suppression Events: 1
Time: 219.4, 
            Production Events: 0, 
            Suppression Events: 0
Time: 222.28, 
            Production Events: 0, 
            Suppression Events: 1
Time: 222.28, 
            Production Events: 0, 
            Suppression Events: 0
Time: 222.28, 
            Production Events: 0, 
            Suppression Events: 0
Time: 223.55, 
            Production Events: 2, 
            Suppression Events: 0
Time: 224.05, 
            Production Events: 0, 
            Suppression Events: 1
Time: 225.43, 
            Production Events: 0, 
            Suppression Events: 1
Time: 226.37, 
            Production Events: 0, 
            Suppression Events: 1
Time: 229.74, 
            Production Events: 1, 
            Suppression Events: 0
Time: 229.74, 
            Production Events: 0, 
            Suppression Events: 0
Time: 229.74, 
            Production Events: 0, 
            Suppression Events: 0
Time: 230.0, 
            Production Events: 1, 
            Suppression Events: 0
Time: 232.17, 
            Production Events: 0, 
            Suppression Events: 3
Time: 232.17, 
            Production Events: 0, 
            Suppression Events: 0
Time: 233.57, 
            Production Events: 1, 
            Suppression Events: 2
Time: 234.26, 
            Production Events: 0, 
            Suppression Events: 1
Time: 235.28, 
            Production Events: 0, 
            Suppression Events: 2
Time: 238.26, 
            Production Events: 0, 
            Suppression Events: 3
Time: 238.26, 
            Production Events: 0, 
            Suppression Events: 0
Time: 238.26, 
            Production Events: 0, 
            Suppression Events: 0
Time: 241.24, 
            Production Events: 0, 
            Suppression Events: 1
Time: 241.24, 
            Production Events: 0, 
            Suppression Events: 0
Time: 241.24, 
            Production Events: 0, 
            Suppression Events: 0
Time: 243.8, 
            Production Events: 0, 
            Suppression Events: 1
Time: 243.8, 
            Production Events: 0, 
            Suppression Events: 0
Time: 244.36, 
            Production Events: 0, 
            Suppression Events: 1
Time: 245.12, 
            Production Events: 1, 
            Suppression Events: 2
Time: 247.32, 
            Production Events: 0, 
            Suppression Events: 2
Time: 247.32, 
            Production Events: 0, 
            Suppression Events: 0
Time: 249.61, 
            Production Events: 0, 
            Suppression Events: 2
Time: 249.61, 
            Production Events: 0, 
            Suppression Events: 0
Time: 251.25, 
            Production Events: 1, 
            Suppression Events: 1
Time: 251.25, 
            Production Events: 0, 
            Suppression Events: 0
Time: 252.6, 
            Production Events: 1, 
            Suppression Events: 0
Time: 253.97, 
            Production Events: 0, 
            Suppression Events: 1
Time: 255.14, 
            Production Events: 0, 
            Suppression Events: 1
Time: 255.14, 
            Production Events: 0, 
            Suppression Events: 0
Time: 256.8, 
            Production Events: 0, 
            Suppression Events: 1
Time: 257.48, 
            Production Events: 0, 
            Suppression Events: 1
Time: 258.57, 
            Production Events: 0, 
            Suppression Events: 2
Time: 259.34, 
            Production Events: 1, 
            Suppression Events: 1
Time: 260.38, 
            Production Events: 1, 
            Suppression Events: 3
Time: 262.81, 
            Production Events: 0, 
            Suppression Events: 1
Time: 262.81, 
            Production Events: 0, 
            Suppression Events: 0
Time: 264.15, 
            Production Events: 0, 
            Suppression Events: 1
Time: 264.15, 
            Production Events: 0, 
            Suppression Events: 0
Time: 265.23, 
            Production Events: 0, 
            Suppression Events: 2
Time: 266.23, 
            Production Events: 0, 
            Suppression Events: 1
Time: 267.04, 
            Production Events: 0, 
            Suppression Events: 1
Time: 268.12, 
            Production Events: 0, 
            Suppression Events: 2
Time: 273.73, 
            Production Events: 0, 
            Suppression Events: 2
Time: 273.73, 
            Production Events: 0, 
            Suppression Events: 0
Time: 273.73, 
            Production Events: 0, 
            Suppression Events: 0
Time: 273.73, 
            Production Events: 0, 
            Suppression Events: 0
Time: 273.73, 
            Production Events: 0, 
            Suppression Events: 0
Time: 275.25, 
            Production Events: 0, 
            Suppression Events: 1
Time: 275.25, 
            Production Events: 0, 
            Suppression Events: 0
Time: 277.34, 
            Production Events: 0, 
            Suppression Events: 1
Time: 277.34, 
            Production Events: 0, 
            Suppression Events: 0
Time: 278.02, 
            Production Events: 0, 
            Suppression Events: 1
Time: 279.34, 
            Production Events: 1, 
            Suppression Events: 1
Time: 282.68, 
            Production Events: 0, 
            Suppression Events: 1
Time: 282.68, 
            Production Events: 0, 
            Suppression Events: 0
Time: 282.68, 
            Production Events: 0, 
            Suppression Events: 0
Time: 283.49, 
            Production Events: 0, 
            Suppression Events: 1
Time: 284.96, 
            Production Events: 0, 
            Suppression Events: 1
Time: 285.31, 
            Production Events: 0, 
            Suppression Events: 1
Time: 286.33, 
            Production Events: 0, 
            Suppression Events: 1
Time: 287.26, 
            Production Events: 2, 
            Suppression Events: 1
Time: 290.22, 
            Production Events: 0, 
            Suppression Events: 3
Time: 290.22, 
            Production Events: 0, 
            Suppression Events: 0
Time: 290.22, 
            Production Events: 0, 
            Suppression Events: 0
Time: 291.68, 
            Production Events: 0, 
            Suppression Events: 2
Time: 292.22, 
            Production Events: 0, 
            Suppression Events: 1
Time: 293.75, 
            Production Events: 0, 
            Suppression Events: 1
Time: 295.58, 
            Production Events: 0, 
            Suppression Events: 1
Time: 295.58, 
            Production Events: 0, 
            Suppression Events: 0
Time: 296.26, 
            Production Events: 0, 
            Suppression Events: 1
Time: 297.32, 
            Production Events: 1, 
            Suppression Events: 3
Time: 298.17, 
            Production Events: 0, 
            Suppression Events: 1
Time: 299.45, 
            Production Events: 0, 
            Suppression Events: 3
Time: 300.68, 
            Production Events: 1, 
            Suppression Events: 3
Time: 302.6, 
            Production Events: 0, 
            Suppression Events: 1
Time: 302.6, 
            Production Events: 0, 
            Suppression Events: 0
Time: 305.82, 
            Production Events: 1, 
            Suppression Events: 1
Time: 305.82, 
            Production Events: 0, 
            Suppression Events: 0
Time: 305.82, 
            Production Events: 0, 
            Suppression Events: 0
Time: 309.63, 
            Production Events: 1, 
            Suppression Events: 0
Time: 309.63, 
            Production Events: 0, 
            Suppression Events: 0
Time: 309.63, 
            Production Events: 0, 
            Suppression Events: 0
Time: 309.63, 
            Production Events: 0, 
            Suppression Events: 0
Time: 311.68, 
            Production Events: 0, 
            Suppression Events: 1
Time: 311.68, 
            Production Events: 0, 
            Suppression Events: 0
Time: 312.08, 
            Production Events: 0, 
            Suppression Events: 2
Time: 315.1, 
            Production Events: 2, 
            Suppression Events: 2
Time: 315.1, 
            Production Events: 0, 
            Suppression Events: 0
Time: 315.1, 
            Production Events: 0, 
            Suppression Events: 0
Time: 316.09, 
            Production Events: 0, 
            Suppression Events: 1
Time: 317.78, 
            Production Events: 1, 
            Suppression Events: 1
Time: 320.0, 
            Production Events: 0, 
            Suppression Events: 1
Time: 320.0, 
            Production Events: 0, 
            Suppression Events: 0
Time: 320.61, 
            Production Events: 1, 
            Suppression Events: 0
Time: 323.08, 
            Production Events: 0, 
            Suppression Events: 1
Time: 323.08, 
            Production Events: 0, 
            Suppression Events: 0
Time: 323.08, 
            Production Events: 0, 
            Suppression Events: 0
Time: 325.84, 
            Production Events: 1, 
            Suppression Events: 2
Time: 325.84, 
            Production Events: 0, 
            Suppression Events: 0
Time: 326.55, 
            Production Events: 1, 
            Suppression Events: 1
Time: 328.15, 
            Production Events: 1, 
            Suppression Events: 1
Time: 328.15, 
            Production Events: 0, 
            Suppression Events: 0
Time: 332.55, 
            Production Events: 1, 
            Suppression Events: 1
Time: 332.55, 
            Production Events: 0, 
            Suppression Events: 0
Time: 332.55, 
            Production Events: 0, 
            Suppression Events: 0
Time: 332.55, 
            Production Events: 0, 
            Suppression Events: 0
Time: 334.71, 
            Production Events: 0, 
            Suppression Events: 1
Time: 334.71, 
            Production Events: 0, 
            Suppression Events: 0
Time: 335.95, 
            Production Events: 1, 
            Suppression Events: 0
Time: 336.46, 
            Production Events: 1, 
            Suppression Events: 0
Time: 337.55, 
            Production Events: 1, 
            Suppression Events: 1
Time: 338.61, 
            Production Events: 0, 
            Suppression Events: 2
Time: 339.19, 
            Production Events: 0, 
            Suppression Events: 1
Time: 341.84, 
            Production Events: 2, 
            Suppression Events: 1
Time: 341.84, 
            Production Events: 0, 
            Suppression Events: 0
Time: 342.25, 
            Production Events: 0, 
            Suppression Events: 1
Time: 343.14, 
            Production Events: 0, 
            Suppression Events: 2
Time: 344.37, 
            Production Events: 1, 
            Suppression Events: 1
Time: 345.64, 
            Production Events: 2, 
            Suppression Events: 0
Time: 347.63, 
            Production Events: 1, 
            Suppression Events: 0
Time: 347.63, 
            Production Events: 0, 
            Suppression Events: 0
Time: 349.05, 
            Production Events: 0, 
            Suppression Events: 1
Time: 349.05, 
            Production Events: 0, 
            Suppression Events: 0
Time: 351.08, 
            Production Events: 0, 
            Suppression Events: 2
Time: 351.08, 
            Production Events: 0, 
            Suppression Events: 0
Time: 352.66, 
            Production Events: 1, 
            Suppression Events: 4
Time: 353.64, 
            Production Events: 0, 
            Suppression Events: 2
Time: 354.59, 
            Production Events: 0, 
            Suppression Events: 3
Time: 355.71, 
            Production Events: 0, 
            Suppression Events: 1
Time: 359.78, 
            Production Events: 0, 
            Suppression Events: 1
Time: 359.78, 
            Production Events: 0, 
            Suppression Events: 0
Time: 359.78, 
            Production Events: 0, 
            Suppression Events: 0
Time: 359.78, 
            Production Events: 0, 
            Suppression Events: 0
Time: 361.93, 
            Production Events: 0, 
            Suppression Events: 2
Time: 361.93, 
            Production Events: 0, 
            Suppression Events: 0
Time: 362.7, 
            Production Events: 0, 
            Suppression Events: 1
Time: 363.43, 
            Production Events: 1, 
            Suppression Events: 1
Time: 364.15, 
            Production Events: 0, 
            Suppression Events: 2
Time: 365.74, 
            Production Events: 0, 
            Suppression Events: 3
Time: 367.35, 
            Production Events: 1, 
            Suppression Events: 1
Time: 367.35, 
            Production Events: 0, 
            Suppression Events: 0
Time: 368.73, 
            Production Events: 0, 
            Suppression Events: 1
Time: 370.58, 
            Production Events: 0, 
            Suppression Events: 4
Time: 370.58, 
            Production Events: 0, 
            Suppression Events: 0
Time: 373.35, 
            Production Events: 0, 
            Suppression Events: 1
Time: 373.35, 
            Production Events: 0, 
            Suppression Events: 0
Time: 373.35, 
            Production Events: 0, 
            Suppression Events: 0
Time: 374.47, 
            Production Events: 0, 
            Suppression Events: 2
Time: 376.5, 
            Production Events: 0, 
            Suppression Events: 2
Time: 376.5, 
            Production Events: 0, 
            Suppression Events: 0
Time: 377.7, 
            Production Events: 0, 
            Suppression Events: 1
Time: 379.06, 
            Production Events: 1, 
            Suppression Events: 0
Time: 379.06, 
            Production Events: 0, 
            Suppression Events: 0
