Job array started at: Fri Nov 21 03:32:01 PM CET 2025
Job ID: 10860440
Array Job ID: 10860410
Array Task ID: 27
Node: th-ws-740m24
Loading Julia module...
Module loaded: /software/opt/el_9/x86_64/julia/1.11.3/bin/julia
Changing to project directory...
Current directory: /scratch/n/N.Pfaffenzeller/nikolas_nethive/nethive_multiverse
Running parameter combination 27, replicate 1
Starting Julia simulation...
Running simulation with the following configuration:
  dataset_names: [:mnist, :cifar10, :svhn2, :fashion_mnist, :bank]
  param_id: 27
  n_bees: 5
  batch_size: 32
  replicate_id: 1
  punish_rate: 0.1
  punishment: time_out
  lambda_sensitivity: 10
  save_nn_epochs: 0
  production_rate: 1
  interaction_rate: 50
  batches_per_step: 100
  learning_rate: 1.0e-6
  max_output_dim: 10
  n_steps_per_epoch: 1
  dead_time: 100
  max_input_dim: 3072
  n_epochs: 1000
  seed: 1130032042

Starting simulation with configuration:
  dataset_names: [:mnist, :cifar10, :svhn2, :fashion_mnist, :bank]
  param_id: 27
  n_bees: 5
  batch_size: 32
  replicate_id: 1
  punish_rate: 0.1
  punishment: time_out
  lambda_sensitivity: 10
  save_nn_epochs: 0
  production_rate: 1
  interaction_rate: 50
  batches_per_step: 100
  run_timestamp: 2025-11-21T15:33:10.378
  learning_rate: 1.0e-6
  max_output_dim: 10
  n_steps_per_epoch: 1
  dead_time: 100
  max_input_dim: 3072
  n_epochs: 1000
  seed: 1130032042
Random seed: 1130032042

Starting simulation...
Time: 1.89, 
            Production Events: 3, 
            Suppression Events: 1
Time: 2.91, 
            Production Events: 0, 
            Suppression Events: 1
Time: 4.25, 
            Production Events: 0, 
            Suppression Events: 1
Time: 4.25, 
            Production Events: 0, 
            Suppression Events: 0
Time: 5.19, 
            Production Events: 2, 
            Suppression Events: 0
Time: 6.4, 
            Production Events: 0, 
            Suppression Events: 1
Time: 7.8, 
            Production Events: 0, 
            Suppression Events: 3
Time: 8.82, 
            Production Events: 0, 
            Suppression Events: 1
Time: 9.18, 
            Production Events: 0, 
            Suppression Events: 1
Time: 10.75, 
            Production Events: 0, 
            Suppression Events: 2
Time: 11.19, 
            Production Events: 0, 
            Suppression Events: 1
Time: 12.84, 
            Production Events: 1, 
            Suppression Events: 1
Time: 13.71, 
            Production Events: 0, 
            Suppression Events: 1
Time: 17.23, 
            Production Events: 2, 
            Suppression Events: 0
Time: 17.23, 
            Production Events: 0, 
            Suppression Events: 0
Time: 17.23, 
            Production Events: 0, 
            Suppression Events: 0
Time: 17.23, 
            Production Events: 0, 
            Suppression Events: 0
Time: 18.86, 
            Production Events: 1, 
            Suppression Events: 0
Time: 19.53, 
            Production Events: 1, 
            Suppression Events: 0
Time: 20.24, 
            Production Events: 0, 
            Suppression Events: 2
Time: 23.19, 
            Production Events: 1, 
            Suppression Events: 0
Time: 23.19, 
            Production Events: 0, 
            Suppression Events: 0
Time: 23.19, 
            Production Events: 0, 
            Suppression Events: 0
Time: 24.22, 
            Production Events: 0, 
            Suppression Events: 2
Time: 27.04, 
            Production Events: 0, 
            Suppression Events: 2
Time: 27.04, 
            Production Events: 0, 
            Suppression Events: 0
Time: 27.04, 
            Production Events: 0, 
            Suppression Events: 0
Time: 30.92, 
            Production Events: 1, 
            Suppression Events: 2
Time: 30.92, 
            Production Events: 0, 
            Suppression Events: 0
Time: 30.92, 
            Production Events: 0, 
            Suppression Events: 0
Time: 32.15, 
            Production Events: 1, 
            Suppression Events: 0
Time: 32.15, 
            Production Events: 0, 
            Suppression Events: 0
Time: 34.32, 
            Production Events: 1, 
            Suppression Events: 1
Time: 34.32, 
            Production Events: 0, 
            Suppression Events: 0
Time: 35.23, 
            Production Events: 2, 
            Suppression Events: 0
Time: 36.08, 
            Production Events: 0, 
            Suppression Events: 3
Time: 37.3, 
            Production Events: 0, 
            Suppression Events: 1
Time: 39.21, 
            Production Events: 0, 
            Suppression Events: 1
Time: 39.21, 
            Production Events: 0, 
            Suppression Events: 0
Time: 40.3, 
            Production Events: 1, 
            Suppression Events: 0
Time: 41.1, 
            Production Events: 0, 
            Suppression Events: 1
Time: 42.86, 
            Production Events: 0, 
            Suppression Events: 2
Time: 43.5, 
            Production Events: 0, 
            Suppression Events: 1
Time: 44.79, 
            Production Events: 0, 
            Suppression Events: 3
Time: 47.93, 
            Production Events: 1, 
            Suppression Events: 0
Time: 47.93, 
            Production Events: 0, 
            Suppression Events: 0
Time: 47.93, 
            Production Events: 0, 
            Suppression Events: 0
Time: 49.17, 
            Production Events: 1, 
            Suppression Events: 0
Time: 49.17, 
            Production Events: 0, 
            Suppression Events: 0
Time: 50.78, 
            Production Events: 1, 
            Suppression Events: 1
Time: 51.21, 
            Production Events: 0, 
            Suppression Events: 2
Time: 52.11, 
            Production Events: 1, 
            Suppression Events: 0
Time: 54.06, 
            Production Events: 0, 
            Suppression Events: 2
Time: 54.06, 
            Production Events: 0, 
            Suppression Events: 0
Time: 56.13, 
            Production Events: 0, 
            Suppression Events: 2
Time: 56.13, 
            Production Events: 0, 
            Suppression Events: 0
Time: 57.21, 
            Production Events: 1, 
            Suppression Events: 0
Time: 61.0, 
            Production Events: 0, 
            Suppression Events: 1
Time: 61.0, 
            Production Events: 0, 
            Suppression Events: 0
Time: 61.0, 
            Production Events: 0, 
            Suppression Events: 0
Time: 62.27, 
            Production Events: 0, 
            Suppression Events: 1
Time: 62.27, 
            Production Events: 0, 
            Suppression Events: 0
Time: 63.16, 
            Production Events: 0, 
            Suppression Events: 3
Time: 64.33, 
            Production Events: 0, 
            Suppression Events: 2
Time: 65.78, 
            Production Events: 0, 
            Suppression Events: 2
Time: 70.44, 
            Production Events: 0, 
            Suppression Events: 1
Time: 70.44, 
            Production Events: 0, 
            Suppression Events: 0
Time: 70.44, 
            Production Events: 0, 
            Suppression Events: 0
Time: 70.44, 
            Production Events: 0, 
            Suppression Events: 0
Time: 70.44, 
            Production Events: 0, 
            Suppression Events: 0
Time: 72.79, 
            Production Events: 0, 
            Suppression Events: 3
Time: 72.79, 
            Production Events: 0, 
            Suppression Events: 0
Time: 74.09, 
            Production Events: 1, 
            Suppression Events: 1
Time: 74.09, 
            Production Events: 0, 
            Suppression Events: 0
Time: 75.21, 
            Production Events: 0, 
            Suppression Events: 4
Time: 77.05, 
            Production Events: 0, 
            Suppression Events: 1
Time: 77.05, 
            Production Events: 0, 
            Suppression Events: 0
Time: 79.56, 
            Production Events: 0, 
            Suppression Events: 2
Time: 79.56, 
            Production Events: 0, 
            Suppression Events: 0
Time: 80.86, 
            Production Events: 0, 
            Suppression Events: 1
Time: 81.13, 
            Production Events: 0, 
            Suppression Events: 1
Time: 82.62, 
            Production Events: 0, 
            Suppression Events: 1
Time: 83.45, 
            Production Events: 0, 
            Suppression Events: 1
Time: 84.58, 
            Production Events: 0, 
            Suppression Events: 2
Time: 85.64, 
            Production Events: 0, 
            Suppression Events: 1
Time: 86.44, 
            Production Events: 0, 
            Suppression Events: 1
Time: 87.79, 
            Production Events: 0, 
            Suppression Events: 1
Time: 89.59, 
            Production Events: 0, 
            Suppression Events: 1
Time: 89.59, 
            Production Events: 0, 
            Suppression Events: 0
Time: 90.13, 
            Production Events: 0, 
            Suppression Events: 1
Time: 91.02, 
            Production Events: 0, 
            Suppression Events: 2
Time: 92.49, 
            Production Events: 1, 
            Suppression Events: 1
Time: 93.42, 
            Production Events: 0, 
            Suppression Events: 1
Time: 94.6, 
            Production Events: 0, 
            Suppression Events: 2
Time: 95.41, 
            Production Events: 0, 
            Suppression Events: 1
Time: 97.6, 
            Production Events: 0, 
            Suppression Events: 2
Time: 97.6, 
            Production Events: 0, 
            Suppression Events: 0
Time: 99.0, 
            Production Events: 0, 
            Suppression Events: 1
Time: 99.24, 
            Production Events: 1, 
            Suppression Events: 0
Time: 101.21, 
            Production Events: 0, 
            Suppression Events: 3
Time: 101.21, 
            Production Events: 0, 
            Suppression Events: 0
Time: 102.83, 
            Production Events: 1, 
            Suppression Events: 0
Time: 103.77, 
            Production Events: 0, 
            Suppression Events: 1
Time: 105.59, 
            Production Events: 0, 
            Suppression Events: 1
Time: 105.59, 
            Production Events: 0, 
            Suppression Events: 0
Time: 107.2, 
            Production Events: 0, 
            Suppression Events: 3
Time: 107.2, 
            Production Events: 0, 
            Suppression Events: 0
Time: 109.46, 
            Production Events: 0, 
            Suppression Events: 1
Time: 109.46, 
            Production Events: 0, 
            Suppression Events: 0
Time: 110.76, 
            Production Events: 0, 
            Suppression Events: 1
Time: 112.71, 
            Production Events: 0, 
            Suppression Events: 2
Time: 112.71, 
            Production Events: 0, 
            Suppression Events: 0
Time: 114.87, 
            Production Events: 0, 
            Suppression Events: 1
Time: 114.87, 
            Production Events: 0, 
            Suppression Events: 0
Time: 116.79, 
            Production Events: 1, 
            Suppression Events: 1
Time: 116.79, 
            Production Events: 0, 
            Suppression Events: 0
Time: 117.08, 
            Production Events: 0, 
            Suppression Events: 1
Time: 118.03, 
            Production Events: 0, 
            Suppression Events: 2
Time: 119.63, 
            Production Events: 0, 
            Suppression Events: 1
Time: 120.69, 
            Production Events: 0, 
            Suppression Events: 1
Time: 121.15, 
            Production Events: 0, 
            Suppression Events: 2
Time: 123.0, 
            Production Events: 0, 
            Suppression Events: 3
Time: 123.0, 
            Production Events: 0, 
            Suppression Events: 0
Time: 125.36, 
            Production Events: 0, 
            Suppression Events: 3
Time: 125.36, 
            Production Events: 0, 
            Suppression Events: 0
Time: 126.52, 
            Production Events: 0, 
            Suppression Events: 1
Time: 127.94, 
            Production Events: 0, 
            Suppression Events: 1
Time: 129.75, 
            Production Events: 1, 
            Suppression Events: 0
Time: 129.75, 
            Production Events: 0, 
            Suppression Events: 0
Time: 131.98, 
            Production Events: 0, 
            Suppression Events: 1
Time: 131.98, 
            Production Events: 0, 
            Suppression Events: 0
Time: 132.09, 
            Production Events: 0, 
            Suppression Events: 1
Time: 133.71, 
            Production Events: 0, 
            Suppression Events: 2
Time: 135.2, 
            Production Events: 0, 
            Suppression Events: 1
Time: 135.2, 
            Production Events: 0, 
            Suppression Events: 0
Time: 136.37, 
            Production Events: 0, 
            Suppression Events: 1
Time: 137.09, 
            Production Events: 0, 
            Suppression Events: 1
Time: 138.91, 
            Production Events: 0, 
            Suppression Events: 3
Time: 139.28, 
            Production Events: 0, 
            Suppression Events: 1
Time: 140.61, 
            Production Events: 1, 
            Suppression Events: 3
Time: 141.1, 
            Production Events: 0, 
            Suppression Events: 1
Time: 142.51, 
            Production Events: 0, 
            Suppression Events: 3
Time: 144.84, 
            Production Events: 0, 
            Suppression Events: 2
Time: 144.84, 
            Production Events: 0, 
            Suppression Events: 0
Time: 147.17, 
            Production Events: 0, 
            Suppression Events: 1
Time: 147.17, 
            Production Events: 0, 
            Suppression Events: 0
Time: 147.17, 
            Production Events: 0, 
            Suppression Events: 0
Time: 148.39, 
            Production Events: 0, 
            Suppression Events: 2
Time: 151.11, 
            Production Events: 0, 
            Suppression Events: 2
Time: 151.11, 
            Production Events: 0, 
            Suppression Events: 0
Time: 151.11, 
            Production Events: 0, 
            Suppression Events: 0
Time: 154.08, 
            Production Events: 0, 
            Suppression Events: 2
Time: 154.08, 
            Production Events: 0, 
            Suppression Events: 0
Time: 154.08, 
            Production Events: 0, 
            Suppression Events: 0
Time: 155.09, 
            Production Events: 0, 
            Suppression Events: 2
Time: 157.59, 
            Production Events: 0, 
            Suppression Events: 1
Time: 157.59, 
            Production Events: 0, 
            Suppression Events: 0
Time: 158.56, 
            Production Events: 0, 
            Suppression Events: 2
Time: 159.06, 
            Production Events: 0, 
            Suppression Events: 1
Time: 160.85, 
            Production Events: 0, 
            Suppression Events: 3
Time: 162.36, 
            Production Events: 0, 
            Suppression Events: 1
Time: 162.36, 
            Production Events: 0, 
            Suppression Events: 0
Time: 163.37, 
            Production Events: 0, 
            Suppression Events: 1
Time: 164.02, 
            Production Events: 0, 
            Suppression Events: 1
Time: 165.93, 
            Production Events: 0, 
            Suppression Events: 2
Time: 168.15, 
            Production Events: 0, 
            Suppression Events: 1
Time: 168.15, 
            Production Events: 0, 
            Suppression Events: 0
Time: 168.15, 
            Production Events: 0, 
            Suppression Events: 0
Time: 171.26, 
            Production Events: 0, 
            Suppression Events: 1
Time: 171.26, 
            Production Events: 0, 
            Suppression Events: 0
Time: 171.26, 
            Production Events: 0, 
            Suppression Events: 0
Time: 173.21, 
            Production Events: 0, 
            Suppression Events: 2
Time: 173.21, 
            Production Events: 0, 
            Suppression Events: 0
Time: 174.05, 
            Production Events: 0, 
            Suppression Events: 1
Time: 175.82, 
            Production Events: 0, 
            Suppression Events: 1
Time: 176.12, 
            Production Events: 1, 
            Suppression Events: 0
Time: 177.03, 
            Production Events: 0, 
            Suppression Events: 1
Time: 178.14, 
            Production Events: 1, 
            Suppression Events: 1
Time: 179.94, 
            Production Events: 0, 
            Suppression Events: 3
Time: 181.92, 
            Production Events: 0, 
            Suppression Events: 1
Time: 181.92, 
            Production Events: 0, 
            Suppression Events: 0
Time: 183.06, 
            Production Events: 0, 
            Suppression Events: 1
Time: 183.06, 
            Production Events: 0, 
            Suppression Events: 0
Time: 186.94, 
            Production Events: 0, 
            Suppression Events: 1
Time: 186.94, 
            Production Events: 0, 
            Suppression Events: 0
Time: 186.94, 
            Production Events: 0, 
            Suppression Events: 0
Time: 187.32, 
            Production Events: 0, 
            Suppression Events: 1
Time: 188.19, 
            Production Events: 0, 
            Suppression Events: 1
Time: 189.4, 
            Production Events: 0, 
            Suppression Events: 1
Time: 194.19, 
            Production Events: 0, 
            Suppression Events: 1
Time: 194.19, 
            Production Events: 0, 
            Suppression Events: 0
Time: 194.19, 
            Production Events: 0, 
            Suppression Events: 0
Time: 194.19, 
            Production Events: 0, 
            Suppression Events: 0
Time: 194.19, 
            Production Events: 0, 
            Suppression Events: 0
Time: 195.16, 
            Production Events: 0, 
            Suppression Events: 1
Time: 196.01, 
            Production Events: 0, 
            Suppression Events: 1
Time: 197.51, 
            Production Events: 0, 
            Suppression Events: 1
Time: 198.95, 
            Production Events: 0, 
            Suppression Events: 2
Time: 200.97, 
            Production Events: 0, 
            Suppression Events: 1
Time: 200.97, 
            Production Events: 0, 
            Suppression Events: 0
Time: 201.33, 
            Production Events: 0, 
            Suppression Events: 1
Time: 202.7, 
            Production Events: 0, 
            Suppression Events: 1
Time: 205.39, 
            Production Events: 0, 
            Suppression Events: 1
Time: 205.39, 
            Production Events: 0, 
            Suppression Events: 0
Time: 205.39, 
            Production Events: 0, 
            Suppression Events: 0
Time: 206.72, 
            Production Events: 0, 
            Suppression Events: 1
Time: 207.68, 
            Production Events: 0, 
            Suppression Events: 1
Time: 208.87, 
            Production Events: 0, 
            Suppression Events: 1
Time: 209.59, 
            Production Events: 0, 
            Suppression Events: 1
Time: 210.7, 
            Production Events: 0, 
            Suppression Events: 2
Time: 211.41, 
            Production Events: 0, 
            Suppression Events: 2
Time: 212.62, 
            Production Events: 0, 
            Suppression Events: 2
Time: 213.07, 
            Production Events: 0, 
            Suppression Events: 1
Time: 218.87, 
            Production Events: 0, 
            Suppression Events: 2
Time: 218.87, 
            Production Events: 0, 
            Suppression Events: 0
Time: 218.87, 
            Production Events: 0, 
            Suppression Events: 0
Time: 218.87, 
            Production Events: 0, 
            Suppression Events: 0
Time: 218.87, 
            Production Events: 0, 
            Suppression Events: 0
Time: 219.06, 
            Production Events: 0, 
            Suppression Events: 1
Time: 223.6, 
            Production Events: 0, 
            Suppression Events: 2
Time: 223.6, 
            Production Events: 0, 
            Suppression Events: 0
Time: 223.6, 
            Production Events: 0, 
            Suppression Events: 0
Time: 223.6, 
            Production Events: 0, 
            Suppression Events: 0
Time: 224.33, 
            Production Events: 0, 
            Suppression Events: 1
Time: 225.87, 
            Production Events: 1, 
            Suppression Events: 1
Time: 226.09, 
            Production Events: 0, 
            Suppression Events: 1
Time: 227.16, 
            Production Events: 0, 
            Suppression Events: 2
Time: 229.08, 
            Production Events: 1, 
            Suppression Events: 0
Time: 229.08, 
            Production Events: 0, 
            Suppression Events: 0
Time: 230.0, 
            Production Events: 0, 
            Suppression Events: 2
Time: 232.22, 
            Production Events: 1, 
            Suppression Events: 0
Time: 232.22, 
            Production Events: 0, 
            Suppression Events: 0
Time: 233.06, 
            Production Events: 1, 
            Suppression Events: 1
Time: 235.03, 
            Production Events: 0, 
            Suppression Events: 1
Time: 235.03, 
            Production Events: 0, 
            Suppression Events: 0
Time: 236.1, 
            Production Events: 0, 
            Suppression Events: 1
Time: 237.68, 
            Production Events: 1, 
            Suppression Events: 2
Time: 238.6, 
            Production Events: 1, 
            Suppression Events: 2
Time: 241.68, 
            Production Events: 0, 
            Suppression Events: 1
Time: 241.68, 
            Production Events: 0, 
            Suppression Events: 0
Time: 241.68, 
            Production Events: 0, 
            Suppression Events: 0
Time: 243.23, 
            Production Events: 0, 
            Suppression Events: 1
Time: 243.23, 
            Production Events: 0, 
            Suppression Events: 0
Time: 244.64, 
            Production Events: 0, 
            Suppression Events: 3
Time: 245.13, 
            Production Events: 0, 
            Suppression Events: 1
Time: 246.65, 
            Production Events: 0, 
            Suppression Events: 1
Time: 247.11, 
            Production Events: 0, 
            Suppression Events: 1
Time: 248.96, 
            Production Events: 0, 
            Suppression Events: 2
Time: 250.25, 
            Production Events: 1, 
            Suppression Events: 0
Time: 250.25, 
            Production Events: 0, 
            Suppression Events: 0
Time: 251.13, 
            Production Events: 1, 
            Suppression Events: 0
Time: 253.44, 
            Production Events: 0, 
            Suppression Events: 3
Time: 253.44, 
            Production Events: 0, 
            Suppression Events: 0
Time: 255.96, 
            Production Events: 0, 
            Suppression Events: 3
Time: 255.96, 
            Production Events: 0, 
            Suppression Events: 0
Time: 256.23, 
            Production Events: 0, 
            Suppression Events: 1
Time: 257.29, 
            Production Events: 0, 
            Suppression Events: 1
Time: 258.43, 
            Production Events: 0, 
            Suppression Events: 2
Time: 260.66, 
            Production Events: 1, 
            Suppression Events: 1
Time: 260.66, 
            Production Events: 0, 
            Suppression Events: 0
Time: 263.27, 
            Production Events: 0, 
            Suppression Events: 1
Time: 263.27, 
            Production Events: 0, 
            Suppression Events: 0
Time: 263.27, 
            Production Events: 0, 
            Suppression Events: 0
Time: 264.39, 
            Production Events: 1, 
            Suppression Events: 1
Time: 265.93, 
            Production Events: 0, 
            Suppression Events: 1
Time: 266.39, 
            Production Events: 0, 
            Suppression Events: 1
Time: 267.67, 
            Production Events: 0, 
            Suppression Events: 2
Time: 269.27, 
            Production Events: 0, 
            Suppression Events: 1
Time: 269.27, 
            Production Events: 0, 
            Suppression Events: 0
Time: 271.92, 
            Production Events: 0, 
            Suppression Events: 2
Time: 271.92, 
            Production Events: 0, 
            Suppression Events: 0
Time: 273.48, 
            Production Events: 1, 
            Suppression Events: 1
Time: 273.48, 
            Production Events: 0, 
            Suppression Events: 0
Time: 275.36, 
            Production Events: 0, 
            Suppression Events: 1
Time: 275.36, 
            Production Events: 0, 
            Suppression Events: 0
Time: 277.91, 
            Production Events: 0, 
            Suppression Events: 2
Time: 277.91, 
            Production Events: 0, 
            Suppression Events: 0
Time: 278.75, 
            Production Events: 0, 
            Suppression Events: 1
Time: 279.53, 
            Production Events: 0, 
            Suppression Events: 2
Time: 280.35, 
            Production Events: 0, 
            Suppression Events: 1
Time: 281.44, 
            Production Events: 0, 
            Suppression Events: 1
Time: 284.36, 
            Production Events: 0, 
            Suppression Events: 1
Time: 284.36, 
            Production Events: 0, 
            Suppression Events: 0
Time: 284.36, 
            Production Events: 0, 
            Suppression Events: 0
Time: 288.35, 
            Production Events: 0, 
            Suppression Events: 1
Time: 288.35, 
            Production Events: 0, 
            Suppression Events: 0
Time: 288.35, 
            Production Events: 0, 
            Suppression Events: 0
Time: 288.35, 
            Production Events: 0, 
            Suppression Events: 0
Time: 289.36, 
            Production Events: 0, 
            Suppression Events: 1
Time: 290.49, 
            Production Events: 0, 
            Suppression Events: 2
Time: 291.58, 
            Production Events: 1, 
            Suppression Events: 0
Time: 294.52, 
            Production Events: 0, 
            Suppression Events: 2
Time: 294.52, 
            Production Events: 0, 
            Suppression Events: 0
Time: 294.52, 
            Production Events: 0, 
            Suppression Events: 0
Time: 296.49, 
            Production Events: 0, 
            Suppression Events: 3
Time: 296.49, 
            Production Events: 0, 
            Suppression Events: 0
Time: 297.2, 
            Production Events: 0, 
            Suppression Events: 1
Time: 298.34, 
            Production Events: 0, 
            Suppression Events: 2
Time: 300.19, 
            Production Events: 0, 
            Suppression Events: 2
Time: 300.19, 
            Production Events: 0, 
            Suppression Events: 0
Time: 302.26, 
            Production Events: 0, 
            Suppression Events: 1
Time: 302.26, 
            Production Events: 0, 
            Suppression Events: 0
Time: 303.15, 
            Production Events: 0, 
            Suppression Events: 3
Time: 305.48, 
            Production Events: 0, 
            Suppression Events: 1
Time: 305.48, 
            Production Events: 0, 
            Suppression Events: 0
Time: 306.37, 
            Production Events: 0, 
            Suppression Events: 1
Time: 308.97, 
            Production Events: 0, 
            Suppression Events: 2
Time: 308.97, 
            Production Events: 0, 
            Suppression Events: 0
Time: 309.7, 
            Production Events: 1, 
            Suppression Events: 0
Time: 312.0, 
            Production Events: 0, 
            Suppression Events: 1
Time: 312.0, 
            Production Events: 0, 
            Suppression Events: 0
Time: 315.91, 
            Production Events: 0, 
            Suppression Events: 1
Time: 315.91, 
            Production Events: 0, 
            Suppression Events: 0
Time: 315.91, 
            Production Events: 0, 
            Suppression Events: 0
Time: 315.91, 
            Production Events: 0, 
            Suppression Events: 0
Time: 316.06, 
            Production Events: 1, 
            Suppression Events: 1
Time: 319.11, 
            Production Events: 0, 
            Suppression Events: 2
Time: 319.11, 
            Production Events: 0, 
            Suppression Events: 0
Time: 319.11, 
            Production Events: 0, 
            Suppression Events: 0
Time: 320.6, 
            Production Events: 1, 
            Suppression Events: 2
Time: 321.1, 
            Production Events: 0, 
            Suppression Events: 1
Time: 324.21, 
            Production Events: 0, 
            Suppression Events: 2
Time: 324.21, 
            Production Events: 0, 
            Suppression Events: 0
Time: 324.21, 
            Production Events: 0, 
            Suppression Events: 0
Time: 325.82, 
            Production Events: 0, 
            Suppression Events: 1
Time: 326.06, 
            Production Events: 0, 
            Suppression Events: 1
Time: 327.47, 
            Production Events: 0, 
            Suppression Events: 2
Time: 328.67, 
            Production Events: 0, 
            Suppression Events: 3
Time: 331.97, 
            Production Events: 0, 
            Suppression Events: 1
Time: 331.97, 
            Production Events: 0, 
            Suppression Events: 0
Time: 331.97, 
            Production Events: 0, 
            Suppression Events: 0
Time: 333.52, 
            Production Events: 0, 
            Suppression Events: 1
Time: 333.52, 
            Production Events: 0, 
            Suppression Events: 0
Time: 335.68, 
            Production Events: 0, 
            Suppression Events: 1
Time: 335.68, 
            Production Events: 0, 
            Suppression Events: 0
Time: 336.7, 
            Production Events: 0, 
            Suppression Events: 2
Time: 338.96, 
            Production Events: 0, 
            Suppression Events: 1
Time: 338.96, 
            Production Events: 0, 
            Suppression Events: 0
Time: 340.82, 
            Production Events: 1, 
            Suppression Events: 0
Time: 340.82, 
            Production Events: 0, 
            Suppression Events: 0
Time: 341.74, 
            Production Events: 0, 
            Suppression Events: 1
Time: 342.79, 
            Production Events: 1, 
            Suppression Events: 0
Time: 343.5, 
            Production Events: 0, 
            Suppression Events: 2
Time: 344.09, 
            Production Events: 0, 
            Suppression Events: 2
Time: 345.19, 
            Production Events: 0, 
            Suppression Events: 3
Time: 346.2, 
            Production Events: 0, 
            Suppression Events: 1
Time: 347.35, 
            Production Events: 1, 
            Suppression Events: 0
Time: 349.04, 
            Production Events: 0, 
            Suppression Events: 1
Time: 349.04, 
            Production Events: 0, 
            Suppression Events: 0
Time: 350.85, 
            Production Events: 0, 
            Suppression Events: 4
Time: 351.47, 
            Production Events: 0, 
            Suppression Events: 1
Time: 352.63, 
            Production Events: 0, 
            Suppression Events: 1
Time: 353.32, 
            Production Events: 0, 
            Suppression Events: 1
Time: 357.52, 
            Production Events: 0, 
            Suppression Events: 3
Time: 357.52, 
            Production Events: 0, 
            Suppression Events: 0
Time: 357.52, 
            Production Events: 0, 
            Suppression Events: 0
Time: 357.52, 
            Production Events: 0, 
            Suppression Events: 0
Time: 359.08, 
            Production Events: 0, 
            Suppression Events: 2
Time: 359.08, 
            Production Events: 0, 
            Suppression Events: 0
Time: 360.54, 
            Production Events: 0, 
            Suppression Events: 2
Time: 361.09, 
            Production Events: 0, 
            Suppression Events: 1
Time: 364.31, 
            Production Events: 0, 
            Suppression Events: 4
Time: 364.31, 
            Production Events: 0, 
            Suppression Events: 0
Time: 364.31, 
            Production Events: 0, 
            Suppression Events: 0
Time: 366.57, 
            Production Events: 0, 
            Suppression Events: 2
Time: 366.57, 
            Production Events: 0, 
            Suppression Events: 0
Time: 367.44, 
            Production Events: 0, 
            Suppression Events: 1
Time: 368.33, 
            Production Events: 0, 
            Suppression Events: 1
Time: 369.34, 
            Production Events: 0, 
            Suppression Events: 2
Time: 370.05, 
            Production Events: 0, 
            Suppression Events: 3
Time: 371.96, 
            Production Events: 0, 
            Suppression Events: 3
Time: 372.39, 
            Production Events: 0, 
            Suppression Events: 1
Time: 373.82, 
            Production Events: 0, 
            Suppression Events: 2
Time: 374.03, 
            Production Events: 0, 
            Suppression Events: 1
Time: 375.96, 
            Production Events: 0, 
            Suppression Events: 3
Time: 377.04, 
            Production Events: 0, 
            Suppression Events: 1
Time: 377.04, 
            Production Events: 0, 
            Suppression Events: 0
Time: 382.15, 
            Production Events: 0, 
            Suppression Events: 1
Time: 382.15, 
            Production Events: 0, 
            Suppression Events: 0
Time: 382.15, 
            Production Events: 0, 
            Suppression Events: 0
Time: 382.15, 
            Production Events: 0, 
            Suppression Events: 0
Time: 382.15, 
            Production Events: 0, 
            Suppression Events: 0
Time: 384.46, 
            Production Events: 0, 
            Suppression Events: 2
Time: 384.46, 
            Production Events: 0, 
            Suppression Events: 0
Time: 385.93, 
            Production Events: 0, 
            Suppression Events: 2
Time: 387.35, 
            Production Events: 0, 
            Suppression Events: 1
Time: 387.35, 
            Production Events: 0, 
            Suppression Events: 0
Time: 388.09, 
            Production Events: 0, 
            Suppression Events: 1
Time: 389.35, 
            Production Events: 0, 
            Suppression Events: 1
Time: 390.02, 
            Production Events: 0, 
            Suppression Events: 1
Time: 391.42, 
            Production Events: 0, 
            Suppression Events: 4
Time: 392.77, 
            Production Events: 0, 
            Suppression Events: 1
Time: 393.6, 
            Production Events: 0, 
            Suppression Events: 1
Time: 394.28, 
            Production Events: 0, 
            Suppression Events: 1
Time: 395.73, 
            Production Events: 0, 
            Suppression Events: 2
Time: 396.07, 
            Production Events: 0, 
            Suppression Events: 1
Time: 398.3, 
            Production Events: 0, 
            Suppression Events: 3
Time: 398.3, 
            Production Events: 0, 
            Suppression Events: 0
Time: 399.73, 
            Production Events: 0, 
            Suppression Events: 3
Time: 400.76, 
            Production Events: 0, 
            Suppression Events: 1
Time: 403.42, 
            Production Events: 0, 
            Suppression Events: 1
Time: 403.42, 
            Production Events: 0, 
            Suppression Events: 0
Time: 403.42, 
            Production Events: 0, 
            Suppression Events: 0
Time: 404.6, 
            Production Events: 0, 
            Suppression Events: 1
Time: 406.05, 
            Production Events: 0, 
            Suppression Events: 2
Time: 406.05, 
            Production Events: 0, 
            Suppression Events: 0
Time: 407.91, 
            Production Events: 0, 
            Suppression Events: 2
Time: 410.34, 
            Production Events: 0, 
            Suppression Events: 1
Time: 410.34, 
            Production Events: 0, 
            Suppression Events: 0
Time: 410.34, 
            Production Events: 0, 
            Suppression Events: 0
Time: 411.24, 
            Production Events: 0, 
            Suppression Events: 5
Time: 412.29, 
            Production Events: 0, 
            Suppression Events: 2
Time: 414.1, 
            Production Events: 0, 
            Suppression Events: 2
Time: 414.1, 
            Production Events: 0, 
            Suppression Events: 0
Time: 415.76, 
            Production Events: 0, 
            Suppression Events: 1
Time: 416.68, 
            Production Events: 0, 
            Suppression Events: 1
Time: 417.46, 
            Production Events: 0, 
            Suppression Events: 1
Time: 418.92, 
            Production Events: 0, 
            Suppression Events: 2
Time: 420.45, 
            Production Events: 0, 
            Suppression Events: 1
Time: 420.45, 
            Production Events: 0, 
            Suppression Events: 0
Time: 421.88, 
            Production Events: 0, 
            Suppression Events: 3
Time: 422.51, 
            Production Events: 0, 
            Suppression Events: 2
Time: 424.12, 
            Production Events: 0, 
            Suppression Events: 1
Time: 424.12, 
            Production Events: 0, 
            Suppression Events: 0
Time: 429.23, 
            Production Events: 0, 
            Suppression Events: 2
Time: 429.23, 
            Production Events: 0, 
            Suppression Events: 0
Time: 429.23, 
            Production Events: 0, 
            Suppression Events: 0
Time: 429.23, 
            Production Events: 0, 
            Suppression Events: 0
Time: 429.23, 
            Production Events: 0, 
            Suppression Events: 0
Time: 430.19, 
            Production Events: 0, 
            Suppression Events: 1
Time: 431.01, 
            Production Events: 0, 
            Suppression Events: 2
Time: 432.12, 
            Production Events: 0, 
            Suppression Events: 2
Time: 434.01, 
            Production Events: 0, 
            Suppression Events: 1
Time: 434.01, 
            Production Events: 0, 
            Suppression Events: 0
Time: 435.78, 
            Production Events: 0, 
            Suppression Events: 2
Time: 436.73, 
            Production Events: 0, 
            Suppression Events: 1
Time: 438.87, 
            Production Events: 0, 
            Suppression Events: 1
Time: 438.87, 
            Production Events: 0, 
            Suppression Events: 0
Time: 441.34, 
            Production Events: 0, 
            Suppression Events: 1
Time: 441.34, 
            Production Events: 0, 
            Suppression Events: 0
Time: 441.34, 
            Production Events: 0, 
            Suppression Events: 0
Time: 448.81, 
            Production Events: 0, 
            Suppression Events: 2
Time: 448.81, 
            Production Events: 0, 
            Suppression Events: 0
Time: 448.81, 
            Production Events: 0, 
            Suppression Events: 0
Time: 448.81, 
            Production Events: 0, 
            Suppression Events: 0
Time: 448.81, 
            Production Events: 0, 
            Suppression Events: 0
Time: 448.81, 
            Production Events: 0, 
            Suppression Events: 0
Time: 448.81, 
            Production Events: 0, 
            Suppression Events: 0
Time: 449.08, 
            Production Events: 0, 
            Suppression Events: 1
Time: 451.3, 
            Production Events: 0, 
            Suppression Events: 6
Time: 451.3, 
            Production Events: 0, 
            Suppression Events: 0
Time: 452.07, 
            Production Events: 0, 
            Suppression Events: 1
Time: 453.42, 
            Production Events: 0, 
            Suppression Events: 1
Time: 455.28, 
            Production Events: 0, 
            Suppression Events: 1
Time: 455.28, 
            Production Events: 0, 
            Suppression Events: 0
Time: 457.97, 
            Production Events: 0, 
            Suppression Events: 1
Time: 457.97, 
            Production Events: 0, 
            Suppression Events: 0
Time: 458.26, 
            Production Events: 0, 
            Suppression Events: 1
Time: 462.74, 
            Production Events: 0, 
            Suppression Events: 2
Time: 462.74, 
            Production Events: 0, 
            Suppression Events: 0
Time: 462.74, 
            Production Events: 0, 
            Suppression Events: 0
Time: 462.74, 
            Production Events: 0, 
            Suppression Events: 0
Time: 463.74, 
            Production Events: 0, 
            Suppression Events: 1
Time: 464.11, 
            Production Events: 0, 
            Suppression Events: 1
Time: 466.88, 
            Production Events: 0, 
            Suppression Events: 2
Time: 466.88, 
            Production Events: 0, 
            Suppression Events: 0
Time: 467.26, 
            Production Events: 0, 
            Suppression Events: 1
Time: 468.79, 
            Production Events: 0, 
            Suppression Events: 2
Time: 470.07, 
            Production Events: 0, 
            Suppression Events: 1
Time: 470.07, 
            Production Events: 0, 
            Suppression Events: 0
Time: 474.92, 
            Production Events: 0, 
            Suppression Events: 2
Time: 474.92, 
            Production Events: 0, 
            Suppression Events: 0
Time: 474.92, 
            Production Events: 0, 
            Suppression Events: 0
Time: 474.92, 
            Production Events: 0, 
            Suppression Events: 0
Time: 475.48, 
            Production Events: 0, 
            Suppression Events: 1
Time: 478.0, 
            Production Events: 0, 
            Suppression Events: 2
Time: 478.0, 
            Production Events: 0, 
            Suppression Events: 0
Time: 479.1, 
            Production Events: 0, 
            Suppression Events: 1
Time: 479.1, 
            Production Events: 0, 
            Suppression Events: 0
Time: 480.04, 
            Production Events: 0, 
            Suppression Events: 4
Time: 481.32, 
            Production Events: 0, 
            Suppression Events: 3
Time: 482.59, 
            Production Events: 0, 
            Suppression Events: 1
Time: 483.09, 
            Production Events: 0, 
            Suppression Events: 1
Time: 484.12, 
            Production Events: 0, 
            Suppression Events: 2
Time: 485.61, 
            Production Events: 0, 
            Suppression Events: 2
Time: 486.9, 
            Production Events: 0, 
            Suppression Events: 2
Time: 490.09, 
            Production Events: 0, 
            Suppression Events: 1
Time: 490.09, 
            Production Events: 0, 
            Suppression Events: 0
Time: 490.09, 
            Production Events: 0, 
            Suppression Events: 0
Time: 490.09, 
            Production Events: 0, 
            Suppression Events: 0
Time: 491.61, 
            Production Events: 0, 
            Suppression Events: 2
Time: 493.47, 
            Production Events: 0, 
            Suppression Events: 1
Time: 493.47, 
            Production Events: 0, 
            Suppression Events: 0
Time: 495.23, 
            Production Events: 0, 
            Suppression Events: 1
Time: 495.23, 
            Production Events: 0, 
            Suppression Events: 0
Time: 497.11, 
            Production Events: 0, 
            Suppression Events: 1
Time: 497.11, 
            Production Events: 0, 
            Suppression Events: 0
Time: 499.2, 
            Production Events: 0, 
            Suppression Events: 2
Time: 499.2, 
            Production Events: 0, 
            Suppression Events: 0
Time: 500.17, 
            Production Events: 1, 
            Suppression Events: 0
Time: 502.76, 
            Production Events: 0, 
            Suppression Events: 1
Time: 502.76, 
            Production Events: 0, 
            Suppression Events: 0
Time: 503.34, 
            Production Events: 0, 
            Suppression Events: 1
Time: 504.33, 
            Production Events: 0, 
            Suppression Events: 1
Time: 506.01, 
            Production Events: 0, 
            Suppression Events: 3
Time: 506.01, 
            Production Events: 0, 
            Suppression Events: 0
Time: 507.08, 
            Production Events: 0, 
            Suppression Events: 4
Time: 508.02, 
            Production Events: 0, 
            Suppression Events: 3
Time: 509.24, 
            Production Events: 0, 
            Suppression Events: 2
Time: 510.49, 
            Production Events: 0, 
            Suppression Events: 2
Time: 511.09, 
            Production Events: 0, 
            Suppression Events: 1
Time: 512.4, 
            Production Events: 0, 
            Suppression Events: 2
Time: 513.0, 
            Production Events: 0, 
            Suppression Events: 3
Time: 514.22, 
            Production Events: 0, 
            Suppression Events: 2
Time: 515.68, 
            Production Events: 0, 
            Suppression Events: 3
Time: 521.26, 
            Production Events: 0, 
            Suppression Events: 2
Time: 521.26, 
            Production Events: 0, 
            Suppression Events: 0
Time: 521.26, 
            Production Events: 0, 
            Suppression Events: 0
Time: 521.26, 
            Production Events: 0, 
            Suppression Events: 0
Time: 521.26, 
            Production Events: 0, 
            Suppression Events: 0
Time: 521.26, 
            Production Events: 0, 
            Suppression Events: 0
Time: 523.03, 
            Production Events: 0, 
            Suppression Events: 2
Time: 523.03, 
            Production Events: 0, 
            Suppression Events: 0
Time: 524.65, 
            Production Events: 0, 
            Suppression Events: 3
Time: 527.99, 
            Production Events: 0, 
            Suppression Events: 1
Time: 527.99, 
            Production Events: 0, 
            Suppression Events: 0
Time: 527.99, 
            Production Events: 0, 
            Suppression Events: 0
Time: 528.17, 
            Production Events: 0, 
            Suppression Events: 1
Time: 529.41, 
            Production Events: 0, 
            Suppression Events: 1
Time: 532.94, 
            Production Events: 0, 
            Suppression Events: 1
Time: 532.94, 
            Production Events: 0, 
            Suppression Events: 0
Time: 532.94, 
            Production Events: 0, 
            Suppression Events: 0
Time: 533.14, 
            Production Events: 0, 
            Suppression Events: 1
Time: 536.44, 
            Production Events: 0, 
            Suppression Events: 2
Time: 536.44, 
            Production Events: 0, 
            Suppression Events: 0
Time: 536.44, 
            Production Events: 0, 
            Suppression Events: 0
Time: 537.37, 
            Production Events: 0, 
            Suppression Events: 1
Time: 539.37, 
            Production Events: 0, 
            Suppression Events: 1
Time: 539.37, 
            Production Events: 0, 
            Suppression Events: 0
Time: 541.46, 
            Production Events: 0, 
            Suppression Events: 1
Time: 541.46, 
            Production Events: 0, 
            Suppression Events: 0
Time: 543.86, 
            Production Events: 0, 
            Suppression Events: 1
Time: 543.86, 
            Production Events: 0, 
            Suppression Events: 0
Time: 544.55, 
            Production Events: 0, 
            Suppression Events: 1
Time: 546.83, 
            Production Events: 0, 
            Suppression Events: 1
Time: 546.83, 
            Production Events: 0, 
            Suppression Events: 0
Time: 549.53, 
            Production Events: 0, 
            Suppression Events: 1
Time: 549.53, 
            Production Events: 0, 
            Suppression Events: 0
Time: 549.53, 
            Production Events: 0, 
            Suppression Events: 0
Time: 551.4, 
            Production Events: 0, 
            Suppression Events: 2
Time: 551.4, 
            Production Events: 0, 
            Suppression Events: 0
Time: 555.72, 
            Production Events: 0, 
            Suppression Events: 2
Time: 555.72, 
            Production Events: 0, 
            Suppression Events: 0
Time: 555.72, 
            Production Events: 0, 
            Suppression Events: 0
Time: 555.72, 
            Production Events: 0, 
            Suppression Events: 0
Time: 556.44, 
            Production Events: 0, 
            Suppression Events: 2
Time: 557.07, 
            Production Events: 0, 
            Suppression Events: 1
Time: 558.12, 
            Production Events: 0, 
            Suppression Events: 1
Time: 560.2, 
            Production Events: 0, 
            Suppression Events: 4
Time: 560.2, 
            Production Events: 0, 
            Suppression Events: 0
Time: 562.52, 
            Production Events: 0, 
            Suppression Events: 2
Time: 562.52, 
            Production Events: 0, 
            Suppression Events: 0
Time: 564.08, 
            Production Events: 0, 
            Suppression Events: 2
Time: 564.08, 
            Production Events: 0, 
            Suppression Events: 0
Time: 565.03, 
            Production Events: 0, 
            Suppression Events: 2
Time: 566.08, 
            Production Events: 0, 
            Suppression Events: 2
Time: 567.29, 
            Production Events: 0, 
            Suppression Events: 4
Time: 568.83, 
            Production Events: 0, 
            Suppression Events: 2
Time: 570.12, 
            Production Events: 0, 
            Suppression Events: 1
Time: 570.12, 
            Production Events: 0, 
            Suppression Events: 0
Time: 571.34, 
            Production Events: 0, 
            Suppression Events: 1
Time: 572.98, 
            Production Events: 0, 
            Suppression Events: 2
Time: 576.51, 
            Production Events: 0, 
            Suppression Events: 1
Time: 576.51, 
            Production Events: 0, 
            Suppression Events: 0
Time: 576.51, 
            Production Events: 0, 
            Suppression Events: 0
Time: 576.51, 
            Production Events: 0, 
            Suppression Events: 0
Time: 577.58, 
            Production Events: 0, 
            Suppression Events: 1
Time: 580.28, 
            Production Events: 0, 
            Suppression Events: 1
Time: 580.28, 
            Production Events: 0, 
            Suppression Events: 0
Time: 580.28, 
            Production Events: 0, 
            Suppression Events: 0
Time: 581.63, 
            Production Events: 0, 
            Suppression Events: 3
Time: 583.27, 
            Production Events: 0, 
            Suppression Events: 3
Time: 583.27, 
            Production Events: 0, 
            Suppression Events: 0
Time: 589.34, 
            Production Events: 1, 
            Suppression Events: 2
Time: 589.34, 
            Production Events: 0, 
            Suppression Events: 0
Time: 589.34, 
            Production Events: 0, 
            Suppression Events: 0
Time: 589.34, 
            Production Events: 0, 
            Suppression Events: 0
Time: 589.34, 
            Production Events: 0, 
            Suppression Events: 0
Time: 589.34, 
            Production Events: 0, 
            Suppression Events: 0
Time: 591.1, 
            Production Events: 0, 
            Suppression Events: 1
Time: 591.1, 
            Production Events: 0, 
            Suppression Events: 0
Time: 592.15, 
            Production Events: 0, 
            Suppression Events: 2
Time: 594.99, 
            Production Events: 0, 
            Suppression Events: 1
Time: 594.99, 
            Production Events: 0, 
            Suppression Events: 0
Time: 595.02, 
            Production Events: 0, 
            Suppression Events: 1
Time: 596.8, 
            Production Events: 0, 
            Suppression Events: 2
Time: 597.33, 
            Production Events: 0, 
            Suppression Events: 1
Time: 598.31, 
            Production Events: 0, 
            Suppression Events: 1
Time: 600.22, 
            Production Events: 1, 
            Suppression Events: 2
Time: 600.22, 
            Production Events: 0, 
            Suppression Events: 0
Time: 602.43, 
            Production Events: 0, 
            Suppression Events: 3
Time: 602.43, 
            Production Events: 0, 
            Suppression Events: 0
Time: 603.2, 
            Production Events: 0, 
            Suppression Events: 1
Time: 604.13, 
            Production Events: 0, 
            Suppression Events: 1
Time: 608.1, 
            Production Events: 0, 
            Suppression Events: 3
Time: 608.1, 
            Production Events: 0, 
            Suppression Events: 0
Time: 608.1, 
            Production Events: 0, 
            Suppression Events: 0
Time: 608.1, 
            Production Events: 0, 
            Suppression Events: 0
Time: 609.77, 
            Production Events: 0, 
            Suppression Events: 2
Time: 610.06, 
            Production Events: 0, 
            Suppression Events: 1
Time: 612.07, 
            Production Events: 0, 
            Suppression Events: 1
Time: 612.07, 
            Production Events: 0, 
            Suppression Events: 0
Time: 613.09, 
            Production Events: 0, 
            Suppression Events: 3
Time: 614.54, 
            Production Events: 0, 
            Suppression Events: 2
Time: 615.49, 
            Production Events: 0, 
            Suppression Events: 2
Time: 616.05, 
            Production Events: 0, 
            Suppression Events: 1
Time: 617.02, 
            Production Events: 0, 
            Suppression Events: 1
Time: 622.92, 
            Production Events: 0, 
            Suppression Events: 2
Time: 622.92, 
            Production Events: 0, 
            Suppression Events: 0
Time: 622.92, 
            Production Events: 0, 
            Suppression Events: 0
Time: 622.92, 
            Production Events: 0, 
            Suppression Events: 0
Time: 622.92, 
            Production Events: 0, 
            Suppression Events: 0
Time: 623.23, 
            Production Events: 0, 
            Suppression Events: 1
Time: 624.66, 
            Production Events: 0, 
            Suppression Events: 1
Time: 625.84, 
            Production Events: 1, 
            Suppression Events: 0
Time: 626.97, 
            Production Events: 0, 
            Suppression Events: 1
Time: 627.27, 
            Production Events: 0, 
            Suppression Events: 1
Time: 628.19, 
            Production Events: 0, 
            Suppression Events: 1
Time: 629.6, 
            Production Events: 0, 
            Suppression Events: 1
Time: 630.0, 
            Production Events: 0, 
            Suppression Events: 2
Time: 631.88, 
            Production Events: 1, 
            Suppression Events: 2
Time: 633.42, 
            Production Events: 0, 
            Suppression Events: 1
Time: 633.42, 
            Production Events: 0, 
            Suppression Events: 0
Time: 635.39, 
            Production Events: 0, 
            Suppression Events: 1
Time: 635.39, 
            Production Events: 0, 
            Suppression Events: 0
Time: 636.11, 
            Production Events: 0, 
            Suppression Events: 1
Time: 638.91, 
            Production Events: 0, 
            Suppression Events: 1
Time: 638.91, 
            Production Events: 0, 
            Suppression Events: 0
Time: 640.76, 
            Production Events: 0, 
            Suppression Events: 1
Time: 640.76, 
            Production Events: 0, 
            Suppression Events: 0
Time: 642.36, 
            Production Events: 0, 
            Suppression Events: 1
Time: 642.36, 
            Production Events: 0, 
            Suppression Events: 0
Time: 643.8, 
            Production Events: 0, 
            Suppression Events: 1
Time: 644.48, 
            Production Events: 0, 
            Suppression Events: 1
Time: 646.03, 
            Production Events: 0, 
            Suppression Events: 1
Time: 646.03, 
            Production Events: 0, 
            Suppression Events: 0
Time: 647.17, 
            Production Events: 0, 
            Suppression Events: 1
Time: 649.12, 
            Production Events: 0, 
            Suppression Events: 1
Time: 649.12, 
            Production Events: 0, 
            Suppression Events: 0
Time: 650.04, 
            Production Events: 0, 
            Suppression Events: 3
Time: 653.15, 
            Production Events: 0, 
            Suppression Events: 1
Time: 653.15, 
            Production Events: 0, 
            Suppression Events: 0
Time: 653.15, 
            Production Events: 0, 
            Suppression Events: 0
Time: 654.52, 
            Production Events: 0, 
            Suppression Events: 3
Time: 655.69, 
            Production Events: 0, 
            Suppression Events: 1
Time: 657.67, 
            Production Events: 0, 
            Suppression Events: 1
Time: 657.67, 
            Production Events: 0, 
            Suppression Events: 0
Time: 660.12, 
            Production Events: 1, 
            Suppression Events: 2
Time: 660.12, 
            Production Events: 0, 
            Suppression Events: 0
Time: 660.12, 
            Production Events: 0, 
            Suppression Events: 0
Time: 661.68, 
            Production Events: 1, 
            Suppression Events: 0
Time: 662.16, 
            Production Events: 0, 
            Suppression Events: 1
Time: 663.56, 
            Production Events: 0, 
            Suppression Events: 1
Time: 665.36, 
            Production Events: 1, 
            Suppression Events: 1
Time: 665.36, 
            Production Events: 0, 
            Suppression Events: 0
Time: 667.36, 
            Production Events: 1, 
            Suppression Events: 2
Time: 667.36, 
            Production Events: 0, 
            Suppression Events: 0
Time: 669.17, 
            Production Events: 0, 
            Suppression Events: 1
Time: 669.17, 
            Production Events: 0, 
            Suppression Events: 0
Time: 670.03, 
            Production Events: 0, 
            Suppression Events: 1
Time: 671.19, 
            Production Events: 1, 
            Suppression Events: 2
Time: 672.11, 
            Production Events: 0, 
            Suppression Events: 1
Time: 673.02, 
            Production Events: 0, 
            Suppression Events: 2
Time: 674.11, 
            Production Events: 0, 
            Suppression Events: 3
Time: 677.8, 
            Production Events: 0, 
            Suppression Events: 2
Time: 677.8, 
            Production Events: 0, 
            Suppression Events: 0
Time: 677.8, 
            Production Events: 0, 
            Suppression Events: 0
Time: 678.54, 
            Production Events: 0, 
            Suppression Events: 1
Time: 680.61, 
            Production Events: 0, 
            Suppression Events: 1
Time: 680.61, 
            Production Events: 0, 
            Suppression Events: 0
Time: 681.76, 
            Production Events: 1, 
            Suppression Events: 1
Time: 682.92, 
            Production Events: 0, 
            Suppression Events: 1
Time: 684.91, 
            Production Events: 0, 
            Suppression Events: 2
Time: 684.91, 
            Production Events: 0, 
            Suppression Events: 0
Time: 685.52, 
            Production Events: 0, 
            Suppression Events: 1
Time: 686.79, 
            Production Events: 0, 
            Suppression Events: 1
Time: 691.48, 
            Production Events: 0, 
            Suppression Events: 1
Time: 691.48, 
            Production Events: 0, 
            Suppression Events: 0
Time: 691.48, 
            Production Events: 0, 
            Suppression Events: 0
Time: 691.48, 
            Production Events: 0, 
            Suppression Events: 0
Time: 691.48, 
            Production Events: 0, 
            Suppression Events: 0
Time: 692.14, 
            Production Events: 0, 
            Suppression Events: 3
Time: 693.02, 
            Production Events: 0, 
            Suppression Events: 2
Time: 694.57, 
            Production Events: 0, 
            Suppression Events: 2
Time: 695.68, 
            Production Events: 0, 
            Suppression Events: 2
Time: 696.44, 
            Production Events: 0, 
            Suppression Events: 2
Time: 697.69, 
            Production Events: 1, 
            Suppression Events: 0
Time: 700.15, 
            Production Events: 0, 
            Suppression Events: 2
Time: 700.15, 
            Production Events: 0, 
            Suppression Events: 0
Time: 700.15, 
            Production Events: 0, 
            Suppression Events: 0
Time: 702.17, 
            Production Events: 0, 
            Suppression Events: 2
Time: 702.17, 
            Production Events: 0, 
            Suppression Events: 0
Time: 703.15, 
            Production Events: 0, 
            Suppression Events: 1
Time: 705.32, 
            Production Events: 1, 
            Suppression Events: 1
Time: 705.32, 
            Production Events: 0, 
            Suppression Events: 0
Time: 707.6, 
            Production Events: 0, 
            Suppression Events: 3
Time: 707.6, 
            Production Events: 0, 
            Suppression Events: 0
Time: 708.4, 
            Production Events: 0, 
            Suppression Events: 1
Time: 710.01, 
            Production Events: 1, 
            Suppression Events: 0
Time: 710.01, 
            Production Events: 0, 
            Suppression Events: 0
Time: 711.25, 
            Production Events: 0, 
            Suppression Events: 2
Time: 712.09, 
            Production Events: 0, 
            Suppression Events: 1
Time: 713.04, 
            Production Events: 0, 
            Suppression Events: 2
Time: 714.04, 
            Production Events: 0, 
            Suppression Events: 3
Time: 715.31, 
            Production Events: 0, 
            Suppression Events: 2
Time: 717.03, 
            Production Events: 0, 
            Suppression Events: 1
Time: 717.03, 
            Production Events: 0, 
            Suppression Events: 0
Time: 718.72, 
            Production Events: 0, 
            Suppression Events: 2
Time: 719.7, 
            Production Events: 0, 
            Suppression Events: 1
Time: 720.43, 
            Production Events: 0, 
            Suppression Events: 1
Time: 721.73, 
            Production Events: 0, 
            Suppression Events: 1
Time: 726.79, 
            Production Events: 0, 
            Suppression Events: 2
Time: 726.79, 
            Production Events: 0, 
            Suppression Events: 0
Time: 726.79, 
            Production Events: 0, 
            Suppression Events: 0
Time: 726.79, 
            Production Events: 0, 
            Suppression Events: 0
Time: 726.79, 
            Production Events: 0, 
            Suppression Events: 0
Time: 727.21, 
            Production Events: 0, 
            Suppression Events: 1
Time: 728.76, 
            Production Events: 0, 
            Suppression Events: 2
Time: 729.14, 
            Production Events: 0, 
            Suppression Events: 1
Time: 732.18, 
            Production Events: 0, 
            Suppression Events: 1
Time: 732.18, 
            Production Events: 0, 
            Suppression Events: 0
Time: 732.18, 
            Production Events: 0, 
            Suppression Events: 0
Time: 734.54, 
            Production Events: 0, 
            Suppression Events: 2
Time: 734.54, 
            Production Events: 0, 
            Suppression Events: 0
Time: 735.87, 
            Production Events: 0, 
            Suppression Events: 1
Time: 737.34, 
            Production Events: 0, 
            Suppression Events: 1
Time: 737.34, 
            Production Events: 0, 
            Suppression Events: 0
Time: 739.52, 
            Production Events: 0, 
            Suppression Events: 1
Time: 739.52, 
            Production Events: 0, 
            Suppression Events: 0
Time: 741.56, 
            Production Events: 0, 
            Suppression Events: 3
Time: 741.56, 
            Production Events: 0, 
            Suppression Events: 0
Time: 743.06, 
            Production Events: 0, 
            Suppression Events: 2
Time: 743.06, 
            Production Events: 0, 
            Suppression Events: 0
Time: 745.21, 
            Production Events: 0, 
            Suppression Events: 2
Time: 745.21, 
            Production Events: 0, 
            Suppression Events: 0
Time: 746.08, 
            Production Events: 0, 
            Suppression Events: 1
Time: 748.11, 
            Production Events: 0, 
            Suppression Events: 2
Time: 748.11, 
            Production Events: 0, 
            Suppression Events: 0
Time: 749.58, 
            Production Events: 0, 
            Suppression Events: 2
Time: 750.1, 
            Production Events: 0, 
            Suppression Events: 2
Time: 751.89, 
            Production Events: 0, 
            Suppression Events: 3
Time: 752.58, 
            Production Events: 0, 
            Suppression Events: 1
Time: 753.78, 
            Production Events: 0, 
            Suppression Events: 1
Time: 756.12, 
            Production Events: 0, 
            Suppression Events: 1
Time: 756.12, 
            Production Events: 0, 
            Suppression Events: 0
Time: 756.12, 
            Production Events: 0, 
            Suppression Events: 0
Time: 759.02, 
            Production Events: 0, 
            Suppression Events: 2
Time: 759.02, 
            Production Events: 0, 
            Suppression Events: 0
Time: 759.02, 
            Production Events: 0, 
            Suppression Events: 0
Time: 761.19, 
            Production Events: 0, 
            Suppression Events: 1
Time: 761.19, 
            Production Events: 0, 
            Suppression Events: 0
Time: 762.82, 
            Production Events: 0, 
            Suppression Events: 1
Time: 765.76, 
            Production Events: 0, 
            Suppression Events: 2
Time: 765.76, 
            Production Events: 0, 
            Suppression Events: 0
Time: 765.76, 
            Production Events: 0, 
            Suppression Events: 0
Time: 766.14, 
            Production Events: 0, 
            Suppression Events: 1
Time: 769.95, 
            Production Events: 0, 
            Suppression Events: 2
Time: 769.95, 
            Production Events: 0, 
            Suppression Events: 0
Time: 769.95, 
            Production Events: 0, 
            Suppression Events: 0
Time: 770.04, 
            Production Events: 0, 
            Suppression Events: 1
Time: 771.6, 
            Production Events: 0, 
            Suppression Events: 6
Time: 772.36, 
            Production Events: 0, 
            Suppression Events: 2
Time: 774.94, 
            Production Events: 0, 
            Suppression Events: 2
Time: 774.94, 
            Production Events: 0, 
            Suppression Events: 0
Time: 775.91, 
            Production Events: 0, 
            Suppression Events: 1
Time: 776.42, 
            Production Events: 0, 
            Suppression Events: 1
Time: 777.26, 
            Production Events: 0, 
            Suppression Events: 1
Time: 780.01, 
            Production Events: 0, 
            Suppression Events: 1
Time: 780.01, 
            Production Events: 0, 
            Suppression Events: 0
Time: 780.01, 
            Production Events: 0, 
            Suppression Events: 0
Time: 782.93, 
            Production Events: 0, 
            Suppression Events: 1
Time: 782.93, 
            Production Events: 0, 
            Suppression Events: 0
Time: 783.15, 
            Production Events: 0, 
            Suppression Events: 1
Time: 785.75, 
            Production Events: 0, 
            Suppression Events: 1
Time: 785.75, 
            Production Events: 0, 
            Suppression Events: 0
Time: 789.06, 
            Production Events: 0, 
            Suppression Events: 1
Time: 789.06, 
            Production Events: 0, 
            Suppression Events: 0
Time: 789.06, 
            Production Events: 0, 
            Suppression Events: 0
Time: 789.06, 
            Production Events: 0, 
            Suppression Events: 0
Time: 790.01, 
            Production Events: 0, 
            Suppression Events: 1
Time: 792.62, 
            Production Events: 0, 
            Suppression Events: 3
Time: 792.62, 
            Production Events: 0, 
            Suppression Events: 0
Time: 793.07, 
            Production Events: 0, 
            Suppression Events: 3
Time: 794.58, 
            Production Events: 1, 
            Suppression Events: 2
Time: 796.29, 
            Production Events: 0, 
            Suppression Events: 1
Time: 796.29, 
            Production Events: 0, 
            Suppression Events: 0
Time: 797.15, 
            Production Events: 0, 
            Suppression Events: 2
Time: 801.81, 
            Production Events: 0, 
            Suppression Events: 1
Time: 801.81, 
            Production Events: 0, 
            Suppression Events: 0
Time: 801.81, 
            Production Events: 0, 
            Suppression Events: 0
Time: 801.81, 
            Production Events: 0, 
            Suppression Events: 0
Time: 802.87, 
            Production Events: 0, 
            Suppression Events: 1
Time: 803.9, 
            Production Events: 0, 
            Suppression Events: 1
Time: 807.11, 
            Production Events: 0, 
            Suppression Events: 1
Time: 807.11, 
            Production Events: 0, 
            Suppression Events: 0
Time: 807.11, 
            Production Events: 0, 
            Suppression Events: 0
Time: 807.11, 
            Production Events: 0, 
            Suppression Events: 0
Time: 808.08, 
            Production Events: 0, 
            Suppression Events: 1
Time: 809.01, 
            Production Events: 0, 
            Suppression Events: 2
Time: 812.41, 
            Production Events: 0, 
            Suppression Events: 1
Time: 812.41, 
            Production Events: 0, 
            Suppression Events: 0
Time: 812.41, 
            Production Events: 0, 
            Suppression Events: 0
Time: 816.61, 
            Production Events: 0, 
            Suppression Events: 1
Time: 816.61, 
            Production Events: 0, 
            Suppression Events: 0
Time: 816.61, 
            Production Events: 0, 
            Suppression Events: 0
Time: 816.61, 
            Production Events: 0, 
            Suppression Events: 0
Time: 819.45, 
            Production Events: 0, 
            Suppression Events: 2
Time: 819.45, 
            Production Events: 0, 
            Suppression Events: 0
Time: 819.45, 
            Production Events: 0, 
            Suppression Events: 0
Time: 820.17, 
            Production Events: 0, 
            Suppression Events: 1
Time: 821.17, 
            Production Events: 0, 
            Suppression Events: 1
Time: 822.13, 
            Production Events: 0, 
            Suppression Events: 3
Time: 823.13, 
            Production Events: 0, 
            Suppression Events: 1
Time: 825.95, 
            Production Events: 0, 
            Suppression Events: 1
Time: 825.95, 
            Production Events: 0, 
            Suppression Events: 0
Time: 826.52, 
            Production Events: 0, 
            Suppression Events: 1
Time: 829.55, 
            Production Events: 0, 
            Suppression Events: 1
Time: 829.55, 
            Production Events: 0, 
            Suppression Events: 0
Time: 829.55, 
            Production Events: 0, 
            Suppression Events: 0
Time: 830.43, 
            Production Events: 0, 
            Suppression Events: 2
Time: 832.18, 
            Production Events: 0, 
            Suppression Events: 1
Time: 832.18, 
            Production Events: 0, 
            Suppression Events: 0
Time: 834.23, 
            Production Events: 0, 
            Suppression Events: 2
Time: 834.23, 
            Production Events: 0, 
            Suppression Events: 0
Time: 835.91, 
            Production Events: 0, 
            Suppression Events: 1
Time: 837.49, 
            Production Events: 0, 
            Suppression Events: 1
Time: 837.49, 
            Production Events: 0, 
            Suppression Events: 0
Time: 839.5, 
            Production Events: 0, 
            Suppression Events: 2
Time: 839.5, 
            Production Events: 0, 
            Suppression Events: 0
Time: 842.02, 
            Production Events: 0, 
            Suppression Events: 1
Time: 842.02, 
            Production Events: 0, 
            Suppression Events: 0
Time: 842.02, 
            Production Events: 0, 
            Suppression Events: 0
Time: 843.2, 
            Production Events: 0, 
            Suppression Events: 2
Time: 846.67, 
            Production Events: 0, 
            Suppression Events: 2
Time: 846.67, 
            Production Events: 0, 
            Suppression Events: 0
Time: 846.67, 
            Production Events: 0, 
            Suppression Events: 0
Time: 847.88, 
            Production Events: 0, 
            Suppression Events: 1
Time: 848.39, 
            Production Events: 0, 
            Suppression Events: 1
Time: 849.52, 
            Production Events: 0, 
            Suppression Events: 1
Time: 852.04, 
            Production Events: 0, 
            Suppression Events: 1
Time: 852.04, 
            Production Events: 0, 
            Suppression Events: 0
Time: 852.04, 
            Production Events: 0, 
            Suppression Events: 0
Time: 854.2, 
            Production Events: 0, 
            Suppression Events: 2
Time: 854.2, 
            Production Events: 0, 
            Suppression Events: 0
Time: 856.15, 
            Production Events: 0, 
            Suppression Events: 2
Time: 856.15, 
            Production Events: 0, 
            Suppression Events: 0
Time: 857.59, 
            Production Events: 0, 
            Suppression Events: 2
Time: 859.6, 
            Production Events: 0, 
            Suppression Events: 2
Time: 859.6, 
            Production Events: 0, 
            Suppression Events: 0
Time: 862.1, 
            Production Events: 0, 
            Suppression Events: 1
Time: 862.1, 
            Production Events: 0, 
            Suppression Events: 0
Time: 862.1, 
            Production Events: 0, 
            Suppression Events: 0
Time: 863.07, 
            Production Events: 0, 
            Suppression Events: 2
Time: 864.82, 
            Production Events: 0, 
            Suppression Events: 2
Time: 865.17, 
            Production Events: 0, 
            Suppression Events: 1
Time: 866.72, 
            Production Events: 1, 
            Suppression Events: 2
Time: 868.24, 
            Production Events: 0, 
            Suppression Events: 1
Time: 868.24, 
            Production Events: 0, 
            Suppression Events: 0
Time: 871.89, 
            Production Events: 0, 
            Suppression Events: 1
Time: 871.89, 
            Production Events: 0, 
            Suppression Events: 0
Time: 871.89, 
            Production Events: 0, 
            Suppression Events: 0
Time: 873.37, 
            Production Events: 0, 
            Suppression Events: 1
Time: 873.37, 
            Production Events: 0, 
            Suppression Events: 0
Time: 874.29, 
            Production Events: 0, 
            Suppression Events: 1
Time: 876.06, 
            Production Events: 0, 
            Suppression Events: 2
Time: 876.06, 
            Production Events: 0, 
            Suppression Events: 0
Time: 878.82, 
            Production Events: 1, 
            Suppression Events: 1
Time: 878.82, 
            Production Events: 0, 
            Suppression Events: 0
Time: 880.2, 
            Production Events: 0, 
            Suppression Events: 1
Time: 880.2, 
            Production Events: 0, 
            Suppression Events: 0
Time: 881.67, 
            Production Events: 0, 
            Suppression Events: 1
Time: 882.32, 
            Production Events: 0, 
            Suppression Events: 2
Time: 883.66, 
            Production Events: 0, 
            Suppression Events: 1
Time: 884.42, 
            Production Events: 0, 
            Suppression Events: 1
Time: 886.02, 
            Production Events: 0, 
            Suppression Events: 1
Time: 886.02, 
            Production Events: 0, 
            Suppression Events: 0
Time: 889.86, 
            Production Events: 0, 
            Suppression Events: 2
Time: 889.86, 
            Production Events: 0, 
            Suppression Events: 0
Time: 889.86, 
            Production Events: 0, 
            Suppression Events: 0
Time: 890.11, 
            Production Events: 0, 
            Suppression Events: 1
Time: 891.0, 
            Production Events: 0, 
            Suppression Events: 1
Time: 892.07, 
            Production Events: 0, 
            Suppression Events: 1
Time: 894.83, 
            Production Events: 0, 
            Suppression Events: 1
Time: 894.83, 
            Production Events: 0, 
            Suppression Events: 0
Time: 895.42, 
            Production Events: 0, 
            Suppression Events: 1
Time: 897.95, 
            Production Events: 0, 
            Suppression Events: 1
Time: 897.95, 
            Production Events: 0, 
            Suppression Events: 0
Time: 898.37, 
            Production Events: 0, 
            Suppression Events: 1
Time: 901.64, 
            Production Events: 0, 
            Suppression Events: 1
Time: 901.64, 
            Production Events: 0, 
            Suppression Events: 0
Time: 901.64, 
            Production Events: 0, 
            Suppression Events: 0
Time: 903.29, 
            Production Events: 0, 
            Suppression Events: 1
Time: 903.29, 
            Production Events: 0, 
            Suppression Events: 0
Time: 904.13, 
            Production Events: 0, 
            Suppression Events: 2
Time: 905.92, 
            Production Events: 0, 
            Suppression Events: 1
Time: 908.99, 
            Production Events: 0, 
            Suppression Events: 1
Time: 908.99, 
            Production Events: 0, 
            Suppression Events: 0
Time: 908.99, 
            Production Events: 0, 
            Suppression Events: 0
Time: 909.62, 
            Production Events: 0, 
            Suppression Events: 1
Time: 910.04, 
            Production Events: 0, 
            Suppression Events: 1
Time: 912.3, 
            Production Events: 0, 
            Suppression Events: 4
Time: 912.3, 
            Production Events: 0, 
            Suppression Events: 0
Time: 913.82, 
            Production Events: 0, 
            Suppression Events: 2
Time: 916.84, 
            Production Events: 0, 
            Suppression Events: 1
Time: 916.84, 
            Production Events: 0, 
            Suppression Events: 0
Time: 916.84, 
            Production Events: 0, 
            Suppression Events: 0
Time: 917.32, 
            Production Events: 0, 
            Suppression Events: 1
Time: 920.29, 
            Production Events: 0, 
            Suppression Events: 1
Time: 920.29, 
            Production Events: 0, 
            Suppression Events: 0
Time: 920.29, 
            Production Events: 0, 
            Suppression Events: 0
Time: 921.23, 
            Production Events: 0, 
            Suppression Events: 1
Time: 922.54, 
            Production Events: 0, 
            Suppression Events: 1
Time: 923.05, 
            Production Events: 0, 
            Suppression Events: 1
Time: 924.12, 
            Production Events: 0, 
            Suppression Events: 1
Time: 925.51, 
            Production Events: 0, 
            Suppression Events: 2
Time: 929.1, 
            Production Events: 0, 
            Suppression Events: 2
Time: 929.1, 
            Production Events: 0, 
            Suppression Events: 0
Time: 929.1, 
            Production Events: 0, 
            Suppression Events: 0
Time: 929.1, 
            Production Events: 0, 
            Suppression Events: 0
Time: 930.02, 
            Production Events: 0, 
            Suppression Events: 2
Time: 934.32, 
            Production Events: 0, 
            Suppression Events: 4
Time: 934.32, 
            Production Events: 0, 
            Suppression Events: 0
Time: 934.32, 
            Production Events: 0, 
            Suppression Events: 0
Time: 934.32, 
            Production Events: 0, 
            Suppression Events: 0
Time: 936.54, 
            Production Events: 0, 
            Suppression Events: 2
Time: 936.54, 
            Production Events: 0, 
            Suppression Events: 0
Time: 937.13, 
            Production Events: 0, 
            Suppression Events: 1
Time: 938.22, 
            Production Events: 0, 
            Suppression Events: 2
Time: 940.81, 
            Production Events: 0, 
            Suppression Events: 1
Time: 940.81, 
            Production Events: 0, 
            Suppression Events: 0
Time: 943.15, 
            Production Events: 0, 
            Suppression Events: 1
Time: 943.15, 
            Production Events: 0, 
            Suppression Events: 0
Time: 943.15, 
            Production Events: 0, 
            Suppression Events: 0
Time: 945.62, 
            Production Events: 0, 
            Suppression Events: 1
Time: 945.62, 
            Production Events: 0, 
            Suppression Events: 0
Time: 946.75, 
            Production Events: 0, 
            Suppression Events: 2
Time: 948.08, 
            Production Events: 0, 
            Suppression Events: 1
Time: 948.08, 
            Production Events: 0, 
            Suppression Events: 0
Time: 950.06, 
            Production Events: 0, 
            Suppression Events: 1
Time: 950.06, 
            Production Events: 0, 
            Suppression Events: 0
Time: 951.45, 
            Production Events: 0, 
            Suppression Events: 3
Time: 952.75, 
            Production Events: 0, 
            Suppression Events: 2
Time: 955.23, 
            Production Events: 0, 
            Suppression Events: 1
Time: 955.23, 
            Production Events: 0, 
            Suppression Events: 0
Time: 955.23, 
            Production Events: 0, 
            Suppression Events: 0
Time: 956.92, 
            Production Events: 0, 
            Suppression Events: 3
Time: 960.28, 
            Production Events: 0, 
            Suppression Events: 1
Time: 960.28, 
            Production Events: 0, 
            Suppression Events: 0
Time: 960.28, 
            Production Events: 0, 
            Suppression Events: 0
Time: 960.28, 
            Production Events: 0, 
            Suppression Events: 0
Time: 962.08, 
            Production Events: 0, 
            Suppression Events: 1
Time: 962.08, 
            Production Events: 0, 
            Suppression Events: 0
Time: 963.82, 
            Production Events: 0, 
            Suppression Events: 3
Time: 964.3, 
            Production Events: 0, 
            Suppression Events: 1
Time: 965.11, 
            Production Events: 0, 
            Suppression Events: 2
Time: 966.67, 
            Production Events: 0, 
            Suppression Events: 4
Time: 967.36, 
            Production Events: 0, 
            Suppression Events: 1
Time: 968.28, 
            Production Events: 0, 
            Suppression Events: 1
Time: 970.02, 
            Production Events: 0, 
            Suppression Events: 3
Time: 970.02, 
            Production Events: 0, 
            Suppression Events: 0
Time: 973.33, 
            Production Events: 0, 
            Suppression Events: 1
Time: 973.33, 
            Production Events: 0, 
            Suppression Events: 0
Time: 973.33, 
            Production Events: 0, 
            Suppression Events: 0
Time: 974.95, 
            Production Events: 0, 
            Suppression Events: 1
Time: 975.43, 
            Production Events: 0, 
            Suppression Events: 1
Time: 976.57, 
            Production Events: 0, 
            Suppression Events: 1
Time: 977.35, 
            Production Events: 0, 
            Suppression Events: 4
Time: 978.68, 
            Production Events: 0, 
            Suppression Events: 1
Time: 979.64, 
            Production Events: 0, 
            Suppression Events: 1
Time: 980.89, 
            Production Events: 0, 
            Suppression Events: 2
Time: 981.51, 
            Production Events: 0, 
            Suppression Events: 1
Time: 982.67, 
            Production Events: 0, 
            Suppression Events: 1
Time: 983.29, 
            Production Events: 0, 
            Suppression Events: 1
Time: 985.18, 
            Production Events: 0, 
            Suppression Events: 1
Time: 985.18, 
            Production Events: 0, 
            Suppression Events: 0
Time: 986.9, 
            Production Events: 0, 
            Suppression Events: 3
Time: 987.65, 
            Production Events: 0, 
            Suppression Events: 1
Time: 990.88, 
            Production Events: 0, 
            Suppression Events: 1
Time: 990.88, 
            Production Events: 0, 
            Suppression Events: 0
Time: 990.88, 
            Production Events: 0, 
            Suppression Events: 0
Time: 991.73, 
            Production Events: 0, 
            Suppression Events: 1
Time: 992.16, 
            Production Events: 0, 
            Suppression Events: 1
Time: 993.43, 
            Production Events: 0, 
            Suppression Events: 1
Time: 995.57, 
            Production Events: 0, 
            Suppression Events: 1
Time: 995.57, 
            Production Events: 0, 
            Suppression Events: 0
Time: 997.62, 
            Production Events: 0, 
            Suppression Events: 2
Time: 997.62, 
            Production Events: 0, 
            Suppression Events: 0
Time: 998.12, 
            Production Events: 0, 
            Suppression Events: 1
Time: 1000.81, 
            Production Events: 0, 
            Suppression Events: 4
Time: 1000.81, 
            Production Events: 0, 
            Suppression Events: 0
Simulation completed:
  Final time: 1000.811670848052
  Total events: 1000
  Wall time: 10542.29 seconds

Saving simulation results with clean separation...
Task evolution saved to: 5t5b/5t5b_mfcsb/data/param_27_rep_1_2025-11-21_153310/states.csv
Events saved to: 5t5b/5t5b_mfcsb/data/param_27_rep_1_2025-11-21_153310/events.csv
Saving event log (raw and DataFrame)...
log DataFrame size: (1005, 9)
short view:
59 DataFrame
 Row  time     bee1_id  bee2_id  task_id  task_1   task_2   task_3     task_4 
      Float64  Int64    Int64    Int64    Float64  Float64  Float64    Float6 

   1      0.0        1        0        0   0.0977   0.0938  0.0629226   0.104 
   2      0.0        2        0        0   0.103    0.099   0.156961    0.116
   3      0.0        3        0        0   0.108    0.0957  0.0680317   0.087
   4      0.0        4        0        0   0.1155   0.092   0.0631915   0.115
   5      0.0        5        0        0   0.1031   0.1005  0.0637677   0.099 
                                                               2 columns omittedEvent log saved to: 5t5b/5t5b_mfcsb/data/param_27_rep_1_2025-11-21_153310/event_log.json
Event log DataFrame saved to: 5t5b/5t5b_mfcsb/data/param_27_rep_1_2025-11-21_153310/event_log.csv
Metadata and configuration saved to: 5t5b/5t5b_mfcsb/data/param_27_rep_1_2025-11-21_153310/config.json
Task index mapping saved to: 5t5b/5t5b_mfcsb/data/param_27_rep_1_2025-11-21_153310/task_index_mapping.json
All results saved to directory: 5t5b/5t5b_mfcsb/data/param_27_rep_1_2025-11-21_153310
Simulation completed successfully!
Job finished at: Fri Nov 21 06:29:33 PM CET 2025
