Job array started at: Fri Nov 21 03:32:32 PM CET 2025
Job ID: 10860500
Array Job ID: 10860410
Array Task ID: 86
Node: th-ws-7010m20
Loading Julia module...
Module loaded: /software/opt/el_9/x86_64/julia/1.11.3/bin/julia
Changing to project directory...
Current directory: /scratch/n/N.Pfaffenzeller/nikolas_nethive/nethive_multiverse
Running parameter combination 86, replicate 1
Starting Julia simulation...
Running simulation with the following configuration:
  dataset_names: [:mnist, :cifar10, :svhn2, :fashion_mnist, :bank]
  param_id: 86
  n_bees: 5
  batch_size: 32
  replicate_id: 1
  punish_rate: 0.1
  punishment: time_out
  lambda_sensitivity: 100
  save_nn_epochs: 0
  production_rate: 1
  interaction_rate: 50
  batches_per_step: 50
  learning_rate: 1.0e-5
  max_output_dim: 10
  n_steps_per_epoch: 1
  dead_time: 50
  max_input_dim: 3072
  n_epochs: 1000
  seed: 1130091042

Starting simulation with configuration:
  dataset_names: [:mnist, :cifar10, :svhn2, :fashion_mnist, :bank]
  param_id: 86
  n_bees: 5
  batch_size: 32
  replicate_id: 1
  punish_rate: 0.1
  punishment: time_out
  lambda_sensitivity: 100
  save_nn_epochs: 0
  production_rate: 1
  interaction_rate: 50
  batches_per_step: 50
  run_timestamp: 2025-11-21T15:33:01.738
  learning_rate: 1.0e-5
  max_output_dim: 10
  n_steps_per_epoch: 1
  dead_time: 50
  max_input_dim: 3072
  n_epochs: 1000
  seed: 1130091042
Random seed: 1130091042

Starting simulation...
Time: 1.07, 
            Production Events: 0, 
            Suppression Events: 2
Time: 2.1, 
            Production Events: 0, 
            Suppression Events: 1
Time: 4.64, 
            Production Events: 1, 
            Suppression Events: 1
Time: 4.64, 
            Production Events: 0, 
            Suppression Events: 0
Time: 5.13, 
            Production Events: 1, 
            Suppression Events: 0
Time: 6.03, 
            Production Events: 0, 
            Suppression Events: 1
Time: 7.22, 
            Production Events: 1, 
            Suppression Events: 0
Time: 8.48, 
            Production Events: 1, 
            Suppression Events: 0
Time: 9.42, 
            Production Events: 1, 
            Suppression Events: 0
Time: 11.8, 
            Production Events: 0, 
            Suppression Events: 1
Time: 11.8, 
            Production Events: 0, 
            Suppression Events: 0
Time: 12.16, 
            Production Events: 0, 
            Suppression Events: 1
Time: 13.57, 
            Production Events: 1, 
            Suppression Events: 1
Time: 14.08, 
            Production Events: 1, 
            Suppression Events: 0
Time: 18.47, 
            Production Events: 1, 
            Suppression Events: 0
Time: 18.47, 
            Production Events: 0, 
            Suppression Events: 0
Time: 18.47, 
            Production Events: 0, 
            Suppression Events: 0
Time: 18.47, 
            Production Events: 0, 
            Suppression Events: 0
Time: 19.74, 
            Production Events: 0, 
            Suppression Events: 1
Time: 23.7, 
            Production Events: 2, 
            Suppression Events: 0
Time: 23.7, 
            Production Events: 0, 
            Suppression Events: 0
Time: 23.7, 
            Production Events: 0, 
            Suppression Events: 0
Time: 23.7, 
            Production Events: 0, 
            Suppression Events: 0
Time: 24.05, 
            Production Events: 1, 
            Suppression Events: 1
Time: 25.0, 
            Production Events: 1, 
            Suppression Events: 2
Time: 29.0, 
            Production Events: 0, 
            Suppression Events: 1
Time: 29.0, 
            Production Events: 0, 
            Suppression Events: 0
Time: 29.0, 
            Production Events: 0, 
            Suppression Events: 0
Time: 29.75, 
            Production Events: 0, 
            Suppression Events: 1
Time: 30.87, 
            Production Events: 0, 
            Suppression Events: 1
Time: 31.79, 
            Production Events: 0, 
            Suppression Events: 1
Time: 33.47, 
            Production Events: 0, 
            Suppression Events: 1
Time: 33.47, 
            Production Events: 0, 
            Suppression Events: 0
Time: 36.85, 
            Production Events: 0, 
            Suppression Events: 1
Time: 36.85, 
            Production Events: 0, 
            Suppression Events: 0
Time: 36.85, 
            Production Events: 0, 
            Suppression Events: 0
Time: 37.77, 
            Production Events: 0, 
            Suppression Events: 2
Time: 44.82, 
            Production Events: 0, 
            Suppression Events: 1
Time: 44.82, 
            Production Events: 0, 
            Suppression Events: 0
Time: 44.82, 
            Production Events: 0, 
            Suppression Events: 0
Time: 44.82, 
            Production Events: 0, 
            Suppression Events: 0
Time: 44.82, 
            Production Events: 0, 
            Suppression Events: 0
Time: 44.82, 
            Production Events: 0, 
            Suppression Events: 0
Time: 44.82, 
            Production Events: 0, 
            Suppression Events: 0
Time: 45.46, 
            Production Events: 1, 
            Suppression Events: 0
Time: 48.21, 
            Production Events: 0, 
            Suppression Events: 2
Time: 48.21, 
            Production Events: 0, 
            Suppression Events: 0
Time: 48.21, 
            Production Events: 0, 
            Suppression Events: 0
Time: 49.94, 
            Production Events: 1, 
            Suppression Events: 1
Time: 50.34, 
            Production Events: 1, 
            Suppression Events: 1
Time: 51.41, 
            Production Events: 0, 
            Suppression Events: 1
Time: 52.92, 
            Production Events: 0, 
            Suppression Events: 1
Time: 53.17, 
            Production Events: 0, 
            Suppression Events: 1
Time: 54.69, 
            Production Events: 0, 
            Suppression Events: 2
Time: 56.03, 
            Production Events: 0, 
            Suppression Events: 1
Time: 56.03, 
            Production Events: 0, 
            Suppression Events: 0
Time: 57.87, 
            Production Events: 0, 
            Suppression Events: 1
Time: 58.46, 
            Production Events: 0, 
            Suppression Events: 1
Time: 62.52, 
            Production Events: 0, 
            Suppression Events: 1
Time: 62.52, 
            Production Events: 0, 
            Suppression Events: 0
Time: 62.52, 
            Production Events: 0, 
            Suppression Events: 0
Time: 62.52, 
            Production Events: 0, 
            Suppression Events: 0
Time: 63.28, 
            Production Events: 0, 
            Suppression Events: 1
Time: 68.0, 
            Production Events: 0, 
            Suppression Events: 1
Time: 68.0, 
            Production Events: 0, 
            Suppression Events: 0
Time: 68.0, 
            Production Events: 0, 
            Suppression Events: 0
Time: 68.0, 
            Production Events: 0, 
            Suppression Events: 0
Time: 68.0, 
            Production Events: 0, 
            Suppression Events: 0
Time: 69.64, 
            Production Events: 0, 
            Suppression Events: 1
Time: 73.97, 
            Production Events: 1, 
            Suppression Events: 0
Time: 73.97, 
            Production Events: 0, 
            Suppression Events: 0
Time: 73.97, 
            Production Events: 0, 
            Suppression Events: 0
Time: 73.97, 
            Production Events: 0, 
            Suppression Events: 0
Time: 74.23, 
            Production Events: 0, 
            Suppression Events: 1
Time: 75.08, 
            Production Events: 0, 
            Suppression Events: 2
Time: 76.58, 
            Production Events: 0, 
            Suppression Events: 2
Time: 77.13, 
            Production Events: 0, 
            Suppression Events: 2
Time: 78.23, 
            Production Events: 0, 
            Suppression Events: 1
Time: 79.13, 
            Production Events: 0, 
            Suppression Events: 2
Time: 80.79, 
            Production Events: 0, 
            Suppression Events: 1
Time: 81.16, 
            Production Events: 0, 
            Suppression Events: 1
Time: 82.89, 
            Production Events: 0, 
            Suppression Events: 1
Time: 85.91, 
            Production Events: 1, 
            Suppression Events: 1
Time: 85.91, 
            Production Events: 0, 
            Suppression Events: 0
Time: 85.91, 
            Production Events: 0, 
            Suppression Events: 0
Time: 89.1, 
            Production Events: 0, 
            Suppression Events: 1
Time: 89.1, 
            Production Events: 0, 
            Suppression Events: 0
Time: 89.1, 
            Production Events: 0, 
            Suppression Events: 0
Time: 89.1, 
            Production Events: 0, 
            Suppression Events: 0
Time: 90.29, 
            Production Events: 1, 
            Suppression Events: 2
Time: 92.2, 
            Production Events: 1, 
            Suppression Events: 1
Time: 92.2, 
            Production Events: 0, 
            Suppression Events: 0
Time: 93.78, 
            Production Events: 0, 
            Suppression Events: 1
Time: 94.42, 
            Production Events: 0, 
            Suppression Events: 1
Time: 96.07, 
            Production Events: 0, 
            Suppression Events: 3
Time: 96.07, 
            Production Events: 0, 
            Suppression Events: 0
Time: 98.74, 
            Production Events: 0, 
            Suppression Events: 1
Time: 98.74, 
            Production Events: 0, 
            Suppression Events: 0
Time: 99.05, 
            Production Events: 0, 
            Suppression Events: 1
Time: 100.22, 
            Production Events: 0, 
            Suppression Events: 1
Time: 101.11, 
            Production Events: 0, 
            Suppression Events: 3
Time: 103.3, 
            Production Events: 0, 
            Suppression Events: 1
Time: 103.3, 
            Production Events: 0, 
            Suppression Events: 0
Time: 105.21, 
            Production Events: 1, 
            Suppression Events: 4
Time: 105.21, 
            Production Events: 0, 
            Suppression Events: 0
Time: 106.3, 
            Production Events: 0, 
            Suppression Events: 1
Time: 108.41, 
            Production Events: 0, 
            Suppression Events: 2
Time: 108.41, 
            Production Events: 0, 
            Suppression Events: 0
Time: 109.18, 
            Production Events: 0, 
            Suppression Events: 2
Time: 110.05, 
            Production Events: 0, 
            Suppression Events: 2
Time: 111.26, 
            Production Events: 0, 
            Suppression Events: 2
Time: 112.73, 
            Production Events: 0, 
            Suppression Events: 3
Time: 113.17, 
            Production Events: 0, 
            Suppression Events: 1
Time: 115.44, 
            Production Events: 0, 
            Suppression Events: 2
Time: 115.44, 
            Production Events: 0, 
            Suppression Events: 0
Time: 118.22, 
            Production Events: 1, 
            Suppression Events: 0
Time: 118.22, 
            Production Events: 0, 
            Suppression Events: 0
Time: 118.22, 
            Production Events: 0, 
            Suppression Events: 0
Time: 120.07, 
            Production Events: 0, 
            Suppression Events: 2
Time: 120.07, 
            Production Events: 0, 
            Suppression Events: 0
Time: 121.89, 
            Production Events: 0, 
            Suppression Events: 1
Time: 126.66, 
            Production Events: 0, 
            Suppression Events: 1
Time: 126.66, 
            Production Events: 0, 
            Suppression Events: 0
Time: 126.66, 
            Production Events: 0, 
            Suppression Events: 0
Time: 126.66, 
            Production Events: 0, 
            Suppression Events: 0
Time: 126.66, 
            Production Events: 0, 
            Suppression Events: 0
Time: 129.21, 
            Production Events: 0, 
            Suppression Events: 1
Time: 129.21, 
            Production Events: 0, 
            Suppression Events: 0
Time: 129.21, 
            Production Events: 0, 
            Suppression Events: 0
Time: 131.23, 
            Production Events: 0, 
            Suppression Events: 2
Time: 131.23, 
            Production Events: 0, 
            Suppression Events: 0
Time: 132.3, 
            Production Events: 1, 
            Suppression Events: 1
Time: 135.76, 
            Production Events: 0, 
            Suppression Events: 1
Time: 135.76, 
            Production Events: 0, 
            Suppression Events: 0
Time: 135.76, 
            Production Events: 0, 
            Suppression Events: 0
Time: 138.47, 
            Production Events: 1, 
            Suppression Events: 0
Time: 138.47, 
            Production Events: 0, 
            Suppression Events: 0
Time: 138.47, 
            Production Events: 0, 
            Suppression Events: 0
Time: 139.08, 
            Production Events: 1, 
            Suppression Events: 1
Time: 145.59, 
            Production Events: 0, 
            Suppression Events: 2
Time: 145.59, 
            Production Events: 0, 
            Suppression Events: 0
Time: 145.59, 
            Production Events: 0, 
            Suppression Events: 0
Time: 145.59, 
            Production Events: 0, 
            Suppression Events: 0
Time: 145.59, 
            Production Events: 0, 
            Suppression Events: 0
Time: 145.59, 
            Production Events: 0, 
            Suppression Events: 0
Time: 146.03, 
            Production Events: 0, 
            Suppression Events: 1
Time: 147.53, 
            Production Events: 0, 
            Suppression Events: 2
Time: 149.11, 
            Production Events: 0, 
            Suppression Events: 1
Time: 149.11, 
            Production Events: 0, 
            Suppression Events: 0
Time: 153.66, 
            Production Events: 1, 
            Suppression Events: 0
Time: 153.66, 
            Production Events: 0, 
            Suppression Events: 0
Time: 153.66, 
            Production Events: 0, 
            Suppression Events: 0
Time: 153.66, 
            Production Events: 0, 
            Suppression Events: 0
Time: 155.17, 
            Production Events: 0, 
            Suppression Events: 2
Time: 155.17, 
            Production Events: 0, 
            Suppression Events: 0
Time: 158.16, 
            Production Events: 1, 
            Suppression Events: 1
Time: 158.16, 
            Production Events: 0, 
            Suppression Events: 0
Time: 158.16, 
            Production Events: 0, 
            Suppression Events: 0
Time: 159.72, 
            Production Events: 0, 
            Suppression Events: 2
Time: 160.99, 
            Production Events: 0, 
            Suppression Events: 1
Time: 161.71, 
            Production Events: 0, 
            Suppression Events: 1
Time: 162.4, 
            Production Events: 0, 
            Suppression Events: 2
Time: 167.02, 
            Production Events: 0, 
            Suppression Events: 1
Time: 167.02, 
            Production Events: 0, 
            Suppression Events: 0
Time: 167.02, 
            Production Events: 0, 
            Suppression Events: 0
Time: 167.02, 
            Production Events: 0, 
            Suppression Events: 0
Time: 167.02, 
            Production Events: 0, 
            Suppression Events: 0
Time: 168.0, 
            Production Events: 0, 
            Suppression Events: 2
Time: 169.05, 
            Production Events: 0, 
            Suppression Events: 3
Time: 171.64, 
            Production Events: 0, 
            Suppression Events: 1
Time: 171.64, 
            Production Events: 0, 
            Suppression Events: 0
Time: 172.18, 
            Production Events: 0, 
            Suppression Events: 1
Time: 174.43, 
            Production Events: 0, 
            Suppression Events: 2
Time: 174.43, 
            Production Events: 0, 
            Suppression Events: 0
Time: 175.42, 
            Production Events: 1, 
            Suppression Events: 1
Time: 176.05, 
            Production Events: 0, 
            Suppression Events: 1
Time: 179.59, 
            Production Events: 0, 
            Suppression Events: 2
Time: 179.59, 
            Production Events: 0, 
            Suppression Events: 0
Time: 179.59, 
            Production Events: 0, 
            Suppression Events: 0
Time: 180.63, 
            Production Events: 0, 
            Suppression Events: 1
Time: 182.73, 
            Production Events: 0, 
            Suppression Events: 2
Time: 182.73, 
            Production Events: 0, 
            Suppression Events: 0
Time: 183.99, 
            Production Events: 0, 
            Suppression Events: 1
Time: 184.88, 
            Production Events: 1, 
            Suppression Events: 0
Time: 185.6, 
            Production Events: 0, 
            Suppression Events: 1
Time: 186.95, 
            Production Events: 0, 
            Suppression Events: 1
Time: 187.28, 
            Production Events: 0, 
            Suppression Events: 1
Time: 188.05, 
            Production Events: 1, 
            Suppression Events: 0
Time: 190.22, 
            Production Events: 1, 
            Suppression Events: 1
Time: 190.22, 
            Production Events: 0, 
            Suppression Events: 0
Time: 191.17, 
            Production Events: 0, 
            Suppression Events: 2
Time: 194.49, 
            Production Events: 0, 
            Suppression Events: 3
Time: 194.49, 
            Production Events: 0, 
            Suppression Events: 0
Time: 194.49, 
            Production Events: 0, 
            Suppression Events: 0
Time: 195.08, 
            Production Events: 0, 
            Suppression Events: 1
Time: 196.27, 
            Production Events: 0, 
            Suppression Events: 1
Time: 197.27, 
            Production Events: 0, 
            Suppression Events: 2
Time: 198.63, 
            Production Events: 0, 
            Suppression Events: 1
Time: 199.38, 
            Production Events: 0, 
            Suppression Events: 1
Time: 201.8, 
            Production Events: 1, 
            Suppression Events: 0
Time: 201.8, 
            Production Events: 0, 
            Suppression Events: 0
Time: 205.98, 
            Production Events: 0, 
            Suppression Events: 1
Time: 205.98, 
            Production Events: 0, 
            Suppression Events: 0
Time: 205.98, 
            Production Events: 0, 
            Suppression Events: 0
Time: 205.98, 
            Production Events: 0, 
            Suppression Events: 0
Time: 206.3, 
            Production Events: 0, 
            Suppression Events: 1
Time: 208.52, 
            Production Events: 0, 
            Suppression Events: 1
Time: 208.52, 
            Production Events: 0, 
            Suppression Events: 0
Time: 210.7, 
            Production Events: 0, 
            Suppression Events: 1
Time: 210.7, 
            Production Events: 0, 
            Suppression Events: 0
Time: 211.73, 
            Production Events: 0, 
            Suppression Events: 2
Time: 212.46, 
            Production Events: 0, 
            Suppression Events: 1
Time: 213.18, 
            Production Events: 0, 
            Suppression Events: 1
Time: 214.27, 
            Production Events: 1, 
            Suppression Events: 1
Time: 215.09, 
            Production Events: 0, 
            Suppression Events: 1
Time: 216.43, 
            Production Events: 0, 
            Suppression Events: 1
Time: 217.07, 
            Production Events: 0, 
            Suppression Events: 1
Time: 218.35, 
            Production Events: 0, 
            Suppression Events: 2
Time: 219.36, 
            Production Events: 0, 
            Suppression Events: 1
Time: 221.98, 
            Production Events: 0, 
            Suppression Events: 1
Time: 221.98, 
            Production Events: 0, 
            Suppression Events: 0
Time: 224.08, 
            Production Events: 0, 
            Suppression Events: 1
Time: 224.08, 
            Production Events: 0, 
            Suppression Events: 0
Time: 224.08, 
            Production Events: 0, 
            Suppression Events: 0
Time: 226.82, 
            Production Events: 0, 
            Suppression Events: 3
Time: 226.82, 
            Production Events: 0, 
            Suppression Events: 0
Time: 227.28, 
            Production Events: 1, 
            Suppression Events: 0
Time: 228.15, 
            Production Events: 0, 
            Suppression Events: 2
Time: 229.49, 
            Production Events: 0, 
            Suppression Events: 2
Time: 230.84, 
            Production Events: 0, 
            Suppression Events: 2
Time: 231.88, 
            Production Events: 0, 
            Suppression Events: 1
Time: 233.04, 
            Production Events: 0, 
            Suppression Events: 1
Time: 233.04, 
            Production Events: 0, 
            Suppression Events: 0
Time: 236.77, 
            Production Events: 0, 
            Suppression Events: 1
Time: 236.77, 
            Production Events: 0, 
            Suppression Events: 0
Time: 236.77, 
            Production Events: 0, 
            Suppression Events: 0
Time: 241.78, 
            Production Events: 0, 
            Suppression Events: 1
Time: 241.78, 
            Production Events: 0, 
            Suppression Events: 0
Time: 241.78, 
            Production Events: 0, 
            Suppression Events: 0
Time: 241.78, 
            Production Events: 0, 
            Suppression Events: 0
Time: 241.78, 
            Production Events: 0, 
            Suppression Events: 0
Time: 242.49, 
            Production Events: 0, 
            Suppression Events: 1
Time: 243.16, 
            Production Events: 0, 
            Suppression Events: 2
Time: 245.04, 
            Production Events: 0, 
            Suppression Events: 1
Time: 245.04, 
            Production Events: 0, 
            Suppression Events: 0
Time: 249.9, 
            Production Events: 0, 
            Suppression Events: 2
Time: 249.9, 
            Production Events: 0, 
            Suppression Events: 0
Time: 249.9, 
            Production Events: 0, 
            Suppression Events: 0
Time: 249.9, 
            Production Events: 0, 
            Suppression Events: 0
Time: 251.12, 
            Production Events: 0, 
            Suppression Events: 1
Time: 251.12, 
            Production Events: 0, 
            Suppression Events: 0
Time: 252.11, 
            Production Events: 1, 
            Suppression Events: 2
Time: 254.1, 
            Production Events: 0, 
            Suppression Events: 3
Time: 254.1, 
            Production Events: 0, 
            Suppression Events: 0
Time: 258.31, 
            Production Events: 0, 
            Suppression Events: 1
Time: 258.31, 
            Production Events: 0, 
            Suppression Events: 0
Time: 258.31, 
            Production Events: 0, 
            Suppression Events: 0
Time: 258.31, 
            Production Events: 0, 
            Suppression Events: 0
Time: 259.98, 
            Production Events: 0, 
            Suppression Events: 2
Time: 260.64, 
            Production Events: 0, 
            Suppression Events: 1
Time: 261.88, 
            Production Events: 0, 
            Suppression Events: 1
Time: 262.89, 
            Production Events: 1, 
            Suppression Events: 2
Time: 263.0, 
            Production Events: 0, 
            Suppression Events: 1
Time: 264.14, 
            Production Events: 0, 
            Suppression Events: 2
Time: 265.31, 
            Production Events: 0, 
            Suppression Events: 1
Time: 266.76, 
            Production Events: 0, 
            Suppression Events: 1
Time: 267.51, 
            Production Events: 0, 
            Suppression Events: 1
Time: 269.75, 
            Production Events: 0, 
            Suppression Events: 2
Time: 269.75, 
            Production Events: 0, 
            Suppression Events: 0
Time: 271.67, 
            Production Events: 0, 
            Suppression Events: 2
Time: 271.67, 
            Production Events: 0, 
            Suppression Events: 0
Time: 274.38, 
            Production Events: 0, 
            Suppression Events: 1
Time: 274.38, 
            Production Events: 0, 
            Suppression Events: 0
Time: 274.38, 
            Production Events: 0, 
            Suppression Events: 0
Time: 275.12, 
            Production Events: 0, 
            Suppression Events: 2
Time: 276.42, 
            Production Events: 0, 
            Suppression Events: 2
Time: 283.11, 
            Production Events: 0, 
            Suppression Events: 2
Time: 283.11, 
            Production Events: 0, 
            Suppression Events: 0
Time: 283.11, 
            Production Events: 0, 
            Suppression Events: 0
Time: 283.11, 
            Production Events: 0, 
            Suppression Events: 0
Time: 283.11, 
            Production Events: 0, 
            Suppression Events: 0
Time: 283.11, 
            Production Events: 0, 
            Suppression Events: 0
Time: 283.11, 
            Production Events: 0, 
            Suppression Events: 0
Time: 285.1, 
            Production Events: 1, 
            Suppression Events: 1
Time: 285.1, 
            Production Events: 0, 
            Suppression Events: 0
Time: 287.3, 
            Production Events: 0, 
            Suppression Events: 1
Time: 287.3, 
            Production Events: 0, 
            Suppression Events: 0
Time: 288.86, 
            Production Events: 0, 
            Suppression Events: 1
Time: 290.76, 
            Production Events: 0, 
            Suppression Events: 1
Time: 290.76, 
            Production Events: 0, 
            Suppression Events: 0
Time: 291.41, 
            Production Events: 0, 
            Suppression Events: 1
Time: 294.42, 
            Production Events: 1, 
            Suppression Events: 2
Time: 294.42, 
            Production Events: 0, 
            Suppression Events: 0
Time: 294.42, 
            Production Events: 0, 
            Suppression Events: 0
Time: 295.81, 
            Production Events: 1, 
            Suppression Events: 0
Time: 297.33, 
            Production Events: 1, 
            Suppression Events: 0
Time: 297.33, 
            Production Events: 0, 
            Suppression Events: 0
Time: 298.06, 
            Production Events: 0, 
            Suppression Events: 1
Time: 300.45, 
            Production Events: 1, 
            Suppression Events: 1
Time: 300.45, 
            Production Events: 0, 
            Suppression Events: 0
Time: 301.64, 
            Production Events: 1, 
            Suppression Events: 0
Time: 303.23, 
            Production Events: 0, 
            Suppression Events: 1
Time: 303.23, 
            Production Events: 0, 
            Suppression Events: 0
Time: 304.96, 
            Production Events: 0, 
            Suppression Events: 1
Time: 305.58, 
            Production Events: 0, 
            Suppression Events: 1
Time: 306.04, 
            Production Events: 0, 
            Suppression Events: 1
Time: 307.08, 
            Production Events: 0, 
            Suppression Events: 1
Time: 309.16, 
            Production Events: 0, 
            Suppression Events: 1
Time: 309.16, 
            Production Events: 0, 
            Suppression Events: 0
Time: 310.54, 
            Production Events: 0, 
            Suppression Events: 2
Time: 313.75, 
            Production Events: 0, 
            Suppression Events: 1
Time: 313.75, 
            Production Events: 0, 
            Suppression Events: 0
Time: 313.75, 
            Production Events: 0, 
            Suppression Events: 0
Time: 316.03, 
            Production Events: 0, 
            Suppression Events: 2
Time: 316.03, 
            Production Events: 0, 
            Suppression Events: 0
Time: 316.03, 
            Production Events: 0, 
            Suppression Events: 0
Time: 317.21, 
            Production Events: 0, 
            Suppression Events: 1
Time: 318.75, 
            Production Events: 1, 
            Suppression Events: 0
Time: 319.54, 
            Production Events: 0, 
            Suppression Events: 1
Time: 321.66, 
            Production Events: 0, 
            Suppression Events: 1
Time: 321.66, 
            Production Events: 0, 
            Suppression Events: 0
Time: 326.14, 
            Production Events: 0, 
            Suppression Events: 1
Time: 326.14, 
            Production Events: 0, 
            Suppression Events: 0
Time: 326.14, 
            Production Events: 0, 
            Suppression Events: 0
Time: 326.14, 
            Production Events: 0, 
            Suppression Events: 0
Time: 326.14, 
            Production Events: 0, 
            Suppression Events: 0
Time: 327.45, 
            Production Events: 0, 
            Suppression Events: 1
Time: 328.27, 
            Production Events: 1, 
            Suppression Events: 2
Time: 329.09, 
            Production Events: 0, 
            Suppression Events: 1
Time: 330.03, 
            Production Events: 0, 
            Suppression Events: 2
Time: 332.09, 
            Production Events: 0, 
            Suppression Events: 2
Time: 332.09, 
            Production Events: 0, 
            Suppression Events: 0
Time: 334.84, 
            Production Events: 0, 
            Suppression Events: 1
Time: 334.84, 
            Production Events: 0, 
            Suppression Events: 0
Time: 335.01, 
            Production Events: 0, 
            Suppression Events: 1
Time: 336.13, 
            Production Events: 0, 
            Suppression Events: 1
Time: 338.97, 
            Production Events: 1, 
            Suppression Events: 1
Time: 338.97, 
            Production Events: 0, 
            Suppression Events: 0
Time: 339.07, 
            Production Events: 0, 
            Suppression Events: 1
Time: 340.27, 
            Production Events: 1, 
            Suppression Events: 1
Time: 342.99, 
            Production Events: 0, 
            Suppression Events: 1
Time: 342.99, 
            Production Events: 0, 
            Suppression Events: 0
Time: 344.78, 
            Production Events: 0, 
            Suppression Events: 1
Time: 344.78, 
            Production Events: 0, 
            Suppression Events: 0
Time: 345.34, 
            Production Events: 0, 
            Suppression Events: 1
Time: 348.16, 
            Production Events: 0, 
            Suppression Events: 2
Time: 348.16, 
            Production Events: 0, 
            Suppression Events: 0
Time: 348.16, 
            Production Events: 0, 
            Suppression Events: 0
Time: 351.35, 
            Production Events: 0, 
            Suppression Events: 1
Time: 351.35, 
            Production Events: 0, 
            Suppression Events: 0
Time: 351.35, 
            Production Events: 0, 
            Suppression Events: 0
Time: 352.56, 
            Production Events: 0, 
            Suppression Events: 1
Time: 354.16, 
            Production Events: 0, 
            Suppression Events: 1
Time: 354.16, 
            Production Events: 0, 
            Suppression Events: 0
Time: 355.56, 
            Production Events: 0, 
            Suppression Events: 2
Time: 356.43, 
            Production Events: 0, 
            Suppression Events: 1
Time: 357.14, 
            Production Events: 1, 
            Suppression Events: 1
Time: 361.76, 
            Production Events: 0, 
            Suppression Events: 2
Time: 361.76, 
            Production Events: 0, 
            Suppression Events: 0
Time: 361.76, 
            Production Events: 0, 
            Suppression Events: 0
Time: 361.76, 
            Production Events: 0, 
            Suppression Events: 0
Time: 362.63, 
            Production Events: 0, 
            Suppression Events: 1
Time: 364.72, 
            Production Events: 0, 
            Suppression Events: 2
Time: 364.72, 
            Production Events: 0, 
            Suppression Events: 0
Time: 365.09, 
            Production Events: 0, 
            Suppression Events: 1
Time: 366.3, 
            Production Events: 0, 
            Suppression Events: 1
Time: 367.78, 
            Production Events: 0, 
            Suppression Events: 1
Time: 368.81, 
            Production Events: 0, 
            Suppression Events: 1
Time: 369.3, 
            Production Events: 0, 
            Suppression Events: 1
Time: 370.28, 
            Production Events: 0, 
            Suppression Events: 3
Time: 373.43, 
            Production Events: 0, 
            Suppression Events: 2
Time: 373.43, 
            Production Events: 0, 
            Suppression Events: 0
Time: 373.43, 
            Production Events: 0, 
            Suppression Events: 0
Time: 374.34, 
            Production Events: 0, 
            Suppression Events: 2
Time: 375.4, 
            Production Events: 0, 
            Suppression Events: 2
Time: 377.25, 
            Production Events: 0, 
            Suppression Events: 1
Time: 377.25, 
            Production Events: 0, 
            Suppression Events: 0
Time: 378.42, 
            Production Events: 1, 
            Suppression Events: 1
Time: 381.97, 
            Production Events: 0, 
            Suppression Events: 1
Time: 381.97, 
            Production Events: 0, 
            Suppression Events: 0
Time: 381.97, 
            Production Events: 0, 
            Suppression Events: 0
Time: 384.93, 
            Production Events: 0, 
            Suppression Events: 1
Time: 384.93, 
            Production Events: 0, 
            Suppression Events: 0
Time: 384.93, 
            Production Events: 0, 
            Suppression Events: 0
Time: 387.7, 
            Production Events: 0, 
            Suppression Events: 1
Time: 387.7, 
            Production Events: 0, 
            Suppression Events: 0
Time: 387.7, 
            Production Events: 0, 
            Suppression Events: 0
Time: 388.1, 
            Production Events: 0, 
            Suppression Events: 1
Time: 389.17, 
            Production Events: 1, 
            Suppression Events: 2
Time: 390.06, 
            Production Events: 0, 
            Suppression Events: 1
Time: 391.22, 
            Production Events: 0, 
            Suppression Events: 3
Time: 393.09, 
            Production Events: 0, 
            Suppression Events: 1
Time: 393.09, 
            Production Events: 0, 
            Suppression Events: 0
Time: 397.27, 
            Production Events: 0, 
            Suppression Events: 3
Time: 397.27, 
            Production Events: 0, 
            Suppression Events: 0
Time: 397.27, 
            Production Events: 0, 
            Suppression Events: 0
Time: 397.27, 
            Production Events: 0, 
            Suppression Events: 0
Time: 398.24, 
            Production Events: 0, 
            Suppression Events: 5
Time: 399.95, 
            Production Events: 0, 
            Suppression Events: 1
Time: 400.45, 
            Production Events: 1, 
            Suppression Events: 0
Time: 401.86, 
            Production Events: 0, 
            Suppression Events: 3
Time: 403.75, 
            Production Events: 0, 
            Suppression Events: 1
Time: 403.75, 
            Production Events: 0, 
            Suppression Events: 0
Time: 406.65, 
            Production Events: 0, 
            Suppression Events: 1
Time: 406.65, 
            Production Events: 0, 
            Suppression Events: 0
Time: 406.65, 
            Production Events: 0, 
            Suppression Events: 0
Time: 408.62, 
            Production Events: 0, 
            Suppression Events: 1
Time: 408.62, 
            Production Events: 0, 
            Suppression Events: 0
Time: 409.45, 
            Production Events: 0, 
            Suppression Events: 1
Time: 411.44, 
            Production Events: 0, 
            Suppression Events: 1
Time: 411.44, 
            Production Events: 0, 
            Suppression Events: 0
Time: 412.23, 
            Production Events: 1, 
            Suppression Events: 1
Time: 413.73, 
            Production Events: 0, 
            Suppression Events: 4
Time: 415.11, 
            Production Events: 0, 
            Suppression Events: 1
Time: 415.11, 
            Production Events: 0, 
            Suppression Events: 0
Time: 416.62, 
            Production Events: 0, 
            Suppression Events: 3
Time: 417.41, 
            Production Events: 0, 
            Suppression Events: 1
Time: 419.11, 
            Production Events: 2, 
            Suppression Events: 1
Time: 419.11, 
            Production Events: 0, 
            Suppression Events: 0
Time: 420.22, 
            Production Events: 0, 
            Suppression Events: 2
Time: 421.97, 
            Production Events: 0, 
            Suppression Events: 2
Time: 422.01, 
            Production Events: 0, 
            Suppression Events: 1
Time: 423.03, 
            Production Events: 0, 
            Suppression Events: 2
Time: 427.87, 
            Production Events: 1, 
            Suppression Events: 3
Time: 427.87, 
            Production Events: 0, 
            Suppression Events: 0
Time: 427.87, 
            Production Events: 0, 
            Suppression Events: 0
Time: 427.87, 
            Production Events: 0, 
            Suppression Events: 0
Time: 430.75, 
            Production Events: 0, 
            Suppression Events: 1
Time: 430.75, 
            Production Events: 0, 
            Suppression Events: 0
Time: 430.75, 
            Production Events: 0, 
            Suppression Events: 0
Time: 431.39, 
            Production Events: 0, 
            Suppression Events: 3
Time: 433.95, 
            Production Events: 0, 
            Suppression Events: 1
Time: 433.95, 
            Production Events: 0, 
            Suppression Events: 0
Time: 434.26, 
            Production Events: 0, 
            Suppression Events: 1
Time: 437.84, 
            Production Events: 0, 
            Suppression Events: 1
Time: 437.84, 
            Production Events: 0, 
            Suppression Events: 0
Time: 437.84, 
            Production Events: 0, 
            Suppression Events: 0
Time: 440.8, 
            Production Events: 0, 
            Suppression Events: 1
Time: 440.8, 
            Production Events: 0, 
            Suppression Events: 0
Time: 440.8, 
            Production Events: 0, 
            Suppression Events: 0
Time: 441.0, 
            Production Events: 0, 
            Suppression Events: 1
Time: 445.57, 
            Production Events: 0, 
            Suppression Events: 1
Time: 445.57, 
            Production Events: 0, 
            Suppression Events: 0
Time: 445.57, 
            Production Events: 0, 
            Suppression Events: 0
Time: 445.57, 
            Production Events: 0, 
            Suppression Events: 0
Time: 447.28, 
            Production Events: 0, 
            Suppression Events: 1
Time: 447.28, 
            Production Events: 0, 
            Suppression Events: 0
Time: 448.54, 
            Production Events: 0, 
            Suppression Events: 2
Time: 449.92, 
            Production Events: 0, 
            Suppression Events: 1
Time: 452.4, 
            Production Events: 0, 
            Suppression Events: 1
Time: 452.4, 
            Production Events: 0, 
            Suppression Events: 0
Time: 452.4, 
            Production Events: 0, 
            Suppression Events: 0
Time: 453.14, 
            Production Events: 0, 
            Suppression Events: 2
Time: 454.11, 
            Production Events: 0, 
            Suppression Events: 1
Time: 455.77, 
            Production Events: 0, 
            Suppression Events: 1
Time: 456.27, 
            Production Events: 0, 
            Suppression Events: 1
Time: 457.51, 
            Production Events: 0, 
            Suppression Events: 1
Time: 458.53, 
            Production Events: 0, 
            Suppression Events: 1
Time: 459.93, 
            Production Events: 0, 
            Suppression Events: 1
Time: 460.58, 
            Production Events: 0, 
            Suppression Events: 1
Time: 461.24, 
            Production Events: 0, 
            Suppression Events: 1
Time: 463.73, 
            Production Events: 1, 
            Suppression Events: 0
Time: 463.73, 
            Production Events: 0, 
            Suppression Events: 0
Time: 464.29, 
            Production Events: 0, 
            Suppression Events: 1
Time: 466.42, 
            Production Events: 0, 
            Suppression Events: 1
Time: 466.42, 
            Production Events: 0, 
            Suppression Events: 0
Time: 467.12, 
            Production Events: 1, 
            Suppression Events: 0
Time: 468.25, 
            Production Events: 0, 
            Suppression Events: 2
Time: 470.31, 
            Production Events: 1, 
            Suppression Events: 3
Time: 470.31, 
            Production Events: 0, 
            Suppression Events: 0
Time: 471.0, 
            Production Events: 0, 
            Suppression Events: 2
Time: 472.62, 
            Production Events: 1, 
            Suppression Events: 0
Time: 475.78, 
            Production Events: 0, 
            Suppression Events: 1
Time: 475.78, 
            Production Events: 0, 
            Suppression Events: 0
Time: 475.78, 
            Production Events: 0, 
            Suppression Events: 0
Time: 476.04, 
            Production Events: 0, 
            Suppression Events: 1
Time: 478.28, 
            Production Events: 0, 
            Suppression Events: 1
Time: 478.28, 
            Production Events: 0, 
            Suppression Events: 0
Time: 479.62, 
            Production Events: 0, 
            Suppression Events: 1
Time: 480.76, 
            Production Events: 1, 
            Suppression Events: 0
Time: 481.07, 
            Production Events: 0, 
            Suppression Events: 1
Time: 482.88, 
            Production Events: 0, 
            Suppression Events: 2
Time: 484.16, 
            Production Events: 0, 
            Suppression Events: 1
Time: 484.16, 
            Production Events: 0, 
            Suppression Events: 0
Time: 485.86, 
            Production Events: 0, 
            Suppression Events: 1
Time: 486.09, 
            Production Events: 0, 
            Suppression Events: 1
Time: 488.58, 
            Production Events: 0, 
            Suppression Events: 2
Time: 488.58, 
            Production Events: 0, 
            Suppression Events: 0
Time: 489.19, 
            Production Events: 0, 
            Suppression Events: 1
Time: 490.27, 
            Production Events: 0, 
            Suppression Events: 3
Time: 491.14, 
            Production Events: 1, 
            Suppression Events: 0
Time: 492.43, 
            Production Events: 0, 
            Suppression Events: 1
Time: 494.38, 
            Production Events: 0, 
            Suppression Events: 2
Time: 494.38, 
            Production Events: 0, 
            Suppression Events: 0
Time: 495.07, 
            Production Events: 0, 
            Suppression Events: 2
Time: 496.27, 
            Production Events: 1, 
            Suppression Events: 1
Time: 497.3, 
            Production Events: 0, 
            Suppression Events: 6
Time: 498.28, 
            Production Events: 2, 
            Suppression Events: 2
Time: 499.26, 
            Production Events: 0, 
            Suppression Events: 2
Time: 500.94, 
            Production Events: 0, 
            Suppression Events: 3
Time: 501.02, 
            Production Events: 0, 
            Suppression Events: 1
Time: 503.09, 
            Production Events: 0, 
            Suppression Events: 1
Time: 503.09, 
            Production Events: 0, 
            Suppression Events: 0
Time: 507.02, 
            Production Events: 0, 
            Suppression Events: 1
Time: 507.02, 
            Production Events: 0, 
            Suppression Events: 0
Time: 507.02, 
            Production Events: 0, 
            Suppression Events: 0
Time: 507.02, 
            Production Events: 0, 
            Suppression Events: 0
Time: 508.58, 
            Production Events: 1, 
            Suppression Events: 4
Time: 509.5, 
            Production Events: 0, 
            Suppression Events: 3
Time: 510.81, 
            Production Events: 0, 
            Suppression Events: 2
Time: 514.78, 
            Production Events: 0, 
            Suppression Events: 1
Time: 514.78, 
            Production Events: 0, 
            Suppression Events: 0
Time: 514.78, 
            Production Events: 0, 
            Suppression Events: 0
Time: 514.78, 
            Production Events: 0, 
            Suppression Events: 0
Time: 515.96, 
            Production Events: 1, 
            Suppression Events: 0
Time: 518.05, 
            Production Events: 0, 
            Suppression Events: 1
Time: 518.05, 
            Production Events: 0, 
            Suppression Events: 0
Time: 518.05, 
            Production Events: 0, 
            Suppression Events: 0
Time: 519.65, 
            Production Events: 0, 
            Suppression Events: 2
Time: 522.54, 
            Production Events: 0, 
            Suppression Events: 3
Time: 522.54, 
            Production Events: 0, 
            Suppression Events: 0
Time: 522.54, 
            Production Events: 0, 
            Suppression Events: 0
Time: 523.95, 
            Production Events: 0, 
            Suppression Events: 2
Time: 524.13, 
            Production Events: 0, 
            Suppression Events: 1
Time: 525.65, 
            Production Events: 0, 
            Suppression Events: 3
Time: 526.13, 
            Production Events: 0, 
            Suppression Events: 1
Time: 528.51, 
            Production Events: 1, 
            Suppression Events: 1
Time: 528.51, 
            Production Events: 0, 
            Suppression Events: 0
Time: 530.89, 
            Production Events: 1, 
            Suppression Events: 0
Time: 530.89, 
            Production Events: 0, 
            Suppression Events: 0
Time: 531.27, 
            Production Events: 0, 
            Suppression Events: 1
Time: 532.42, 
            Production Events: 0, 
            Suppression Events: 2
Time: 535.13, 
            Production Events: 0, 
            Suppression Events: 2
Time: 535.13, 
            Production Events: 0, 
            Suppression Events: 0
Time: 535.13, 
            Production Events: 0, 
            Suppression Events: 0
Time: 536.29, 
            Production Events: 0, 
            Suppression Events: 1
Time: 537.42, 
            Production Events: 1, 
            Suppression Events: 1
Time: 540.39, 
            Production Events: 0, 
            Suppression Events: 1
Time: 540.39, 
            Production Events: 0, 
            Suppression Events: 0
Time: 540.39, 
            Production Events: 0, 
            Suppression Events: 0
Time: 541.22, 
            Production Events: 0, 
            Suppression Events: 3
Time: 542.75, 
            Production Events: 0, 
            Suppression Events: 1
Time: 543.39, 
            Production Events: 0, 
            Suppression Events: 1
Time: 545.02, 
            Production Events: 0, 
            Suppression Events: 2
Time: 545.02, 
            Production Events: 0, 
            Suppression Events: 0
Time: 547.55, 
            Production Events: 0, 
            Suppression Events: 1
Time: 547.55, 
            Production Events: 0, 
            Suppression Events: 0
Time: 548.23, 
            Production Events: 0, 
            Suppression Events: 2
Time: 551.13, 
            Production Events: 0, 
            Suppression Events: 2
Time: 551.13, 
            Production Events: 0, 
            Suppression Events: 0
Time: 551.13, 
            Production Events: 0, 
            Suppression Events: 0
Time: 553.25, 
            Production Events: 0, 
            Suppression Events: 1
Time: 553.25, 
            Production Events: 0, 
            Suppression Events: 0
Time: 554.18, 
            Production Events: 1, 
            Suppression Events: 3
Time: 555.04, 
            Production Events: 1, 
            Suppression Events: 1
Time: 556.77, 
            Production Events: 0, 
            Suppression Events: 1
Time: 558.64, 
            Production Events: 0, 
            Suppression Events: 2
Time: 558.64, 
            Production Events: 0, 
            Suppression Events: 0
Time: 564.46, 
            Production Events: 0, 
            Suppression Events: 2
Time: 564.46, 
            Production Events: 0, 
            Suppression Events: 0
Time: 564.46, 
            Production Events: 0, 
            Suppression Events: 0
Time: 564.46, 
            Production Events: 0, 
            Suppression Events: 0
Time: 564.46, 
            Production Events: 0, 
            Suppression Events: 0
Time: 564.46, 
            Production Events: 0, 
            Suppression Events: 0
Time: 565.88, 
            Production Events: 0, 
            Suppression Events: 1
Time: 566.43, 
            Production Events: 0, 
            Suppression Events: 1
Time: 567.96, 
            Production Events: 0, 
            Suppression Events: 1
Time: 568.79, 
            Production Events: 0, 
            Suppression Events: 1
Time: 570.33, 
            Production Events: 0, 
            Suppression Events: 1
Time: 570.33, 
            Production Events: 0, 
            Suppression Events: 0
Time: 571.64, 
            Production Events: 0, 
            Suppression Events: 2
Time: 572.67, 
            Production Events: 0, 
            Suppression Events: 2
Time: 574.17, 
            Production Events: 1, 
            Suppression Events: 1
Time: 574.17, 
            Production Events: 0, 
            Suppression Events: 0
Time: 575.02, 
            Production Events: 0, 
            Suppression Events: 2
Time: 576.3, 
            Production Events: 0, 
            Suppression Events: 3
Time: 577.32, 
            Production Events: 0, 
            Suppression Events: 2
Time: 578.54, 
            Production Events: 0, 
            Suppression Events: 2
Time: 579.23, 
            Production Events: 0, 
            Suppression Events: 3
Time: 582.16, 
            Production Events: 0, 
            Suppression Events: 2
Time: 582.16, 
            Production Events: 0, 
            Suppression Events: 0
Time: 582.16, 
            Production Events: 0, 
            Suppression Events: 0
Time: 584.76, 
            Production Events: 0, 
            Suppression Events: 1
Time: 584.76, 
            Production Events: 0, 
            Suppression Events: 0
Time: 585.83, 
            Production Events: 0, 
            Suppression Events: 1
Time: 590.26, 
            Production Events: 0, 
            Suppression Events: 1
Time: 590.26, 
            Production Events: 0, 
            Suppression Events: 0
Time: 590.26, 
            Production Events: 0, 
            Suppression Events: 0
Time: 590.26, 
            Production Events: 0, 
            Suppression Events: 0
Time: 590.26, 
            Production Events: 0, 
            Suppression Events: 0
Time: 591.86, 
            Production Events: 0, 
            Suppression Events: 2
Time: 593.57, 
            Production Events: 0, 
            Suppression Events: 1
Time: 593.57, 
            Production Events: 0, 
            Suppression Events: 0
Time: 594.19, 
            Production Events: 1, 
            Suppression Events: 0
Time: 595.76, 
            Production Events: 1, 
            Suppression Events: 0
Time: 596.31, 
            Production Events: 1, 
            Suppression Events: 1
Time: 597.6, 
            Production Events: 0, 
            Suppression Events: 1
Time: 603.53, 
            Production Events: 0, 
            Suppression Events: 2
Time: 603.53, 
            Production Events: 0, 
            Suppression Events: 0
Time: 603.53, 
            Production Events: 0, 
            Suppression Events: 0
Time: 603.53, 
            Production Events: 0, 
            Suppression Events: 0
Time: 603.53, 
            Production Events: 0, 
            Suppression Events: 0
Time: 603.53, 
            Production Events: 0, 
            Suppression Events: 0
Time: 604.32, 
            Production Events: 0, 
            Suppression Events: 2
Time: 606.77, 
            Production Events: 0, 
            Suppression Events: 1
Time: 606.77, 
            Production Events: 0, 
            Suppression Events: 0
Time: 608.72, 
            Production Events: 0, 
            Suppression Events: 1
Time: 608.72, 
            Production Events: 0, 
            Suppression Events: 0
Time: 609.75, 
            Production Events: 0, 
            Suppression Events: 1
Time: 612.67, 
            Production Events: 0, 
            Suppression Events: 1
Time: 612.67, 
            Production Events: 0, 
            Suppression Events: 0
Time: 612.67, 
            Production Events: 0, 
            Suppression Events: 0
Time: 613.3, 
            Production Events: 1, 
            Suppression Events: 3
Time: 615.0, 
            Production Events: 0, 
            Suppression Events: 1
Time: 615.37, 
            Production Events: 0, 
            Suppression Events: 1
Time: 616.12, 
            Production Events: 1, 
            Suppression Events: 1
Time: 618.54, 
            Production Events: 0, 
            Suppression Events: 1
Time: 618.54, 
            Production Events: 0, 
            Suppression Events: 0
Time: 619.2, 
            Production Events: 0, 
            Suppression Events: 1
Time: 620.7, 
            Production Events: 0, 
            Suppression Events: 1
Time: 621.57, 
            Production Events: 0, 
            Suppression Events: 1
Time: 623.32, 
            Production Events: 0, 
            Suppression Events: 2
Time: 623.32, 
            Production Events: 0, 
            Suppression Events: 0
Time: 624.73, 
            Production Events: 1, 
            Suppression Events: 1
Time: 625.1, 
            Production Events: 1, 
            Suppression Events: 0
Time: 626.54, 
            Production Events: 0, 
            Suppression Events: 2
Time: 630.72, 
            Production Events: 0, 
            Suppression Events: 1
Time: 630.72, 
            Production Events: 0, 
            Suppression Events: 0
Time: 630.72, 
            Production Events: 0, 
            Suppression Events: 0
Time: 630.72, 
            Production Events: 0, 
            Suppression Events: 0
Time: 631.72, 
            Production Events: 0, 
            Suppression Events: 2
Time: 632.39, 
            Production Events: 0, 
            Suppression Events: 1
Time: 633.09, 
            Production Events: 0, 
            Suppression Events: 1
Time: 634.3, 
            Production Events: 0, 
            Suppression Events: 2
Time: 636.03, 
            Production Events: 1, 
            Suppression Events: 0
Time: 636.03, 
            Production Events: 0, 
            Suppression Events: 0
Time: 641.08, 
            Production Events: 0, 
            Suppression Events: 1
Time: 641.08, 
            Production Events: 0, 
            Suppression Events: 0
Time: 641.08, 
            Production Events: 0, 
            Suppression Events: 0
Time: 641.08, 
            Production Events: 0, 
            Suppression Events: 0
Time: 641.08, 
            Production Events: 0, 
            Suppression Events: 0
Time: 642.34, 
            Production Events: 0, 
            Suppression Events: 2
Time: 645.02, 
            Production Events: 0, 
            Suppression Events: 1
Time: 645.02, 
            Production Events: 0, 
            Suppression Events: 0
Time: 645.02, 
            Production Events: 0, 
            Suppression Events: 0
Time: 647.32, 
            Production Events: 0, 
            Suppression Events: 1
Time: 647.32, 
            Production Events: 0, 
            Suppression Events: 0
Time: 648.41, 
            Production Events: 2, 
            Suppression Events: 0
Time: 649.23, 
            Production Events: 0, 
            Suppression Events: 1
Time: 650.79, 
            Production Events: 1, 
            Suppression Events: 0
Time: 651.24, 
            Production Events: 0, 
            Suppression Events: 1
Time: 652.38, 
            Production Events: 0, 
            Suppression Events: 1
Time: 655.06, 
            Production Events: 0, 
            Suppression Events: 1
Time: 655.06, 
            Production Events: 0, 
            Suppression Events: 0
Time: 655.06, 
            Production Events: 0, 
            Suppression Events: 0
Time: 656.09, 
            Production Events: 0, 
            Suppression Events: 4
Time: 658.86, 
            Production Events: 0, 
            Suppression Events: 3
Time: 658.86, 
            Production Events: 0, 
            Suppression Events: 0
Time: 662.23, 
            Production Events: 0, 
            Suppression Events: 1
Time: 662.23, 
            Production Events: 0, 
            Suppression Events: 0
Time: 662.23, 
            Production Events: 0, 
            Suppression Events: 0
Time: 662.23, 
            Production Events: 0, 
            Suppression Events: 0
Time: 663.23, 
            Production Events: 0, 
            Suppression Events: 1
Time: 666.19, 
            Production Events: 0, 
            Suppression Events: 1
Time: 666.19, 
            Production Events: 0, 
            Suppression Events: 0
Time: 666.19, 
            Production Events: 0, 
            Suppression Events: 0
Time: 667.61, 
            Production Events: 0, 
            Suppression Events: 2
Time: 668.08, 
            Production Events: 0, 
            Suppression Events: 1
Time: 669.05, 
            Production Events: 0, 
            Suppression Events: 2
Time: 670.25, 
            Production Events: 0, 
            Suppression Events: 1
Time: 671.23, 
            Production Events: 0, 
            Suppression Events: 4
Time: 672.49, 
            Production Events: 0, 
            Suppression Events: 2
Time: 673.52, 
            Production Events: 0, 
            Suppression Events: 1
Time: 674.99, 
            Production Events: 0, 
            Suppression Events: 1
Time: 675.02, 
            Production Events: 0, 
            Suppression Events: 1
Time: 676.95, 
            Production Events: 0, 
            Suppression Events: 2
Time: 677.54, 
            Production Events: 0, 
            Suppression Events: 1
Time: 678.07, 
            Production Events: 0, 
            Suppression Events: 2
Time: 680.05, 
            Production Events: 0, 
            Suppression Events: 1
Time: 680.05, 
            Production Events: 0, 
            Suppression Events: 0
Time: 684.05, 
            Production Events: 0, 
            Suppression Events: 2
Time: 684.05, 
            Production Events: 0, 
            Suppression Events: 0
Time: 684.05, 
            Production Events: 0, 
            Suppression Events: 0
Time: 684.05, 
            Production Events: 0, 
            Suppression Events: 0
Time: 685.33, 
            Production Events: 0, 
            Suppression Events: 1
Time: 688.61, 
            Production Events: 0, 
            Suppression Events: 1
Time: 688.61, 
            Production Events: 0, 
            Suppression Events: 0
Time: 688.61, 
            Production Events: 0, 
            Suppression Events: 0
Time: 689.54, 
            Production Events: 1, 
            Suppression Events: 0
Time: 690.98, 
            Production Events: 0, 
            Suppression Events: 2
Time: 692.99, 
            Production Events: 0, 
            Suppression Events: 1
Time: 692.99, 
            Production Events: 0, 
            Suppression Events: 0
Time: 693.93, 
            Production Events: 0, 
            Suppression Events: 1
Time: 694.85, 
            Production Events: 0, 
            Suppression Events: 1
Time: 695.04, 
            Production Events: 0, 
            Suppression Events: 1
Time: 696.28, 
            Production Events: 0, 
            Suppression Events: 2
Time: 697.04, 
            Production Events: 0, 
            Suppression Events: 1
Time: 698.69, 
            Production Events: 0, 
            Suppression Events: 1
Time: 700.26, 
            Production Events: 0, 
            Suppression Events: 2
Time: 700.26, 
            Production Events: 0, 
            Suppression Events: 0
Time: 701.22, 
            Production Events: 0, 
            Suppression Events: 2
Time: 703.54, 
            Production Events: 0, 
            Suppression Events: 3
Time: 703.54, 
            Production Events: 0, 
            Suppression Events: 0
Time: 704.19, 
            Production Events: 0, 
            Suppression Events: 2
Time: 705.74, 
            Production Events: 0, 
            Suppression Events: 1
Time: 706.69, 
            Production Events: 0, 
            Suppression Events: 1
Time: 707.34, 
            Production Events: 0, 
            Suppression Events: 2
Time: 709.06, 
            Production Events: 0, 
            Suppression Events: 1
Time: 709.06, 
            Production Events: 0, 
            Suppression Events: 0
Time: 710.94, 
            Production Events: 0, 
            Suppression Events: 1
Time: 711.23, 
            Production Events: 0, 
            Suppression Events: 1
Time: 712.64, 
            Production Events: 0, 
            Suppression Events: 1
Time: 713.15, 
            Production Events: 0, 
            Suppression Events: 1
Time: 716.52, 
            Production Events: 0, 
            Suppression Events: 3
Time: 716.52, 
            Production Events: 0, 
            Suppression Events: 0
Time: 716.52, 
            Production Events: 0, 
            Suppression Events: 0
Time: 717.0, 
            Production Events: 0, 
            Suppression Events: 1
Time: 720.07, 
            Production Events: 0, 
            Suppression Events: 3
Time: 720.07, 
            Production Events: 0, 
            Suppression Events: 0
Time: 720.07, 
            Production Events: 0, 
            Suppression Events: 0
Time: 721.8, 
            Production Events: 0, 
            Suppression Events: 4
Time: 723.07, 
            Production Events: 0, 
            Suppression Events: 1
Time: 723.07, 
            Production Events: 0, 
            Suppression Events: 0
Time: 724.59, 
            Production Events: 0, 
            Suppression Events: 2
Time: 728.77, 
            Production Events: 0, 
            Suppression Events: 1
Time: 728.77, 
            Production Events: 0, 
            Suppression Events: 0
Time: 728.77, 
            Production Events: 0, 
            Suppression Events: 0
Time: 728.77, 
            Production Events: 0, 
            Suppression Events: 0
Time: 730.18, 
            Production Events: 0, 
            Suppression Events: 2
Time: 730.18, 
            Production Events: 0, 
            Suppression Events: 0
Time: 732.67, 
            Production Events: 0, 
            Suppression Events: 2
Time: 732.67, 
            Production Events: 0, 
            Suppression Events: 0
Time: 733.59, 
            Production Events: 0, 
            Suppression Events: 1
Time: 734.9, 
            Production Events: 0, 
            Suppression Events: 1
Time: 735.18, 
            Production Events: 1, 
            Suppression Events: 0
Time: 736.94, 
            Production Events: 1, 
            Suppression Events: 2
Time: 739.12, 
            Production Events: 1, 
            Suppression Events: 0
Time: 739.12, 
            Production Events: 0, 
            Suppression Events: 0
Time: 739.12, 
            Production Events: 0, 
            Suppression Events: 0
Time: 740.65, 
            Production Events: 0, 
            Suppression Events: 1
Time: 741.72, 
            Production Events: 0, 
            Suppression Events: 1
Time: 743.96, 
            Production Events: 0, 
            Suppression Events: 1
Time: 743.96, 
            Production Events: 0, 
            Suppression Events: 0
Time: 745.31, 
            Production Events: 1, 
            Suppression Events: 0
Time: 745.31, 
            Production Events: 0, 
            Suppression Events: 0
Time: 747.36, 
            Production Events: 0, 
            Suppression Events: 1
Time: 747.36, 
            Production Events: 0, 
            Suppression Events: 0
Time: 748.52, 
            Production Events: 0, 
            Suppression Events: 2
Time: 750.01, 
            Production Events: 0, 
            Suppression Events: 1
Time: 750.01, 
            Production Events: 0, 
            Suppression Events: 0
Time: 751.76, 
            Production Events: 0, 
            Suppression Events: 1
Time: 752.14, 
            Production Events: 0, 
            Suppression Events: 1
Time: 754.09, 
            Production Events: 0, 
            Suppression Events: 4
Time: 754.09, 
            Production Events: 0, 
            Suppression Events: 0
Time: 755.7, 
            Production Events: 0, 
            Suppression Events: 2
Time: 758.4, 
            Production Events: 0, 
            Suppression Events: 1
Time: 758.4, 
            Production Events: 0, 
            Suppression Events: 0
Time: 758.4, 
            Production Events: 0, 
            Suppression Events: 0
Time: 759.25, 
            Production Events: 0, 
            Suppression Events: 1
Time: 760.02, 
            Production Events: 0, 
            Suppression Events: 3
Time: 761.08, 
            Production Events: 0, 
            Suppression Events: 2
Time: 763.04, 
            Production Events: 0, 
            Suppression Events: 3
Time: 763.04, 
            Production Events: 0, 
            Suppression Events: 0
Time: 764.27, 
            Production Events: 1, 
            Suppression Events: 0
Time: 765.69, 
            Production Events: 0, 
            Suppression Events: 1
Time: 773.61, 
            Production Events: 0, 
            Suppression Events: 1
Time: 773.61, 
            Production Events: 0, 
            Suppression Events: 0
Time: 773.61, 
            Production Events: 0, 
            Suppression Events: 0
Time: 773.61, 
            Production Events: 0, 
            Suppression Events: 0
Time: 773.61, 
            Production Events: 0, 
            Suppression Events: 0
Time: 773.61, 
            Production Events: 0, 
            Suppression Events: 0
Time: 773.61, 
            Production Events: 0, 
            Suppression Events: 0
Time: 773.61, 
            Production Events: 0, 
            Suppression Events: 0
Time: 778.25, 
            Production Events: 0, 
            Suppression Events: 1
Time: 778.25, 
            Production Events: 0, 
            Suppression Events: 0
Time: 778.25, 
            Production Events: 0, 
            Suppression Events: 0
Time: 778.25, 
            Production Events: 0, 
            Suppression Events: 0
Time: 778.25, 
            Production Events: 0, 
            Suppression Events: 0
Time: 780.48, 
            Production Events: 0, 
            Suppression Events: 3
Time: 780.48, 
            Production Events: 0, 
            Suppression Events: 0
Time: 782.12, 
            Production Events: 1, 
            Suppression Events: 1
Time: 782.12, 
            Production Events: 0, 
            Suppression Events: 0
Time: 783.03, 
            Production Events: 1, 
            Suppression Events: 1
Time: 784.87, 
            Production Events: 0, 
            Suppression Events: 1
Time: 785.62, 
            Production Events: 0, 
            Suppression Events: 1
Time: 787.97, 
            Production Events: 0, 
            Suppression Events: 1
Time: 787.97, 
            Production Events: 0, 
            Suppression Events: 0
Time: 788.79, 
            Production Events: 0, 
            Suppression Events: 1
Time: 789.96, 
            Production Events: 0, 
            Suppression Events: 2
Time: 790.01, 
            Production Events: 0, 
            Suppression Events: 1
Time: 791.53, 
            Production Events: 0, 
            Suppression Events: 3
Time: 793.62, 
            Production Events: 0, 
            Suppression Events: 1
Time: 793.62, 
            Production Events: 0, 
            Suppression Events: 0
Time: 794.82, 
            Production Events: 0, 
            Suppression Events: 1
Time: 795.11, 
            Production Events: 0, 
            Suppression Events: 2
Time: 796.78, 
            Production Events: 0, 
            Suppression Events: 2
Time: 797.41, 
            Production Events: 0, 
            Suppression Events: 1
Time: 798.51, 
            Production Events: 0, 
            Suppression Events: 2
Time: 799.03, 
            Production Events: 0, 
            Suppression Events: 1
Time: 801.15, 
            Production Events: 0, 
            Suppression Events: 3
Time: 801.15, 
            Production Events: 0, 
            Suppression Events: 0
Time: 802.94, 
            Production Events: 0, 
            Suppression Events: 1
Time: 803.17, 
            Production Events: 0, 
            Suppression Events: 1
Time: 804.2, 
            Production Events: 0, 
            Suppression Events: 4
Time: 807.77, 
            Production Events: 0, 
            Suppression Events: 2
Time: 807.77, 
            Production Events: 0, 
            Suppression Events: 0
Time: 807.77, 
            Production Events: 0, 
            Suppression Events: 0
Time: 808.7, 
            Production Events: 0, 
            Suppression Events: 1
Time: 809.33, 
            Production Events: 0, 
            Suppression Events: 1
Time: 810.09, 
            Production Events: 0, 
            Suppression Events: 2
Time: 812.44, 
            Production Events: 0, 
            Suppression Events: 1
Time: 812.44, 
            Production Events: 0, 
            Suppression Events: 0
Time: 813.04, 
            Production Events: 0, 
            Suppression Events: 1
Time: 815.79, 
            Production Events: 0, 
            Suppression Events: 2
Time: 815.79, 
            Production Events: 0, 
            Suppression Events: 0
Time: 816.69, 
            Production Events: 0, 
            Suppression Events: 1
Time: 820.41, 
            Production Events: 0, 
            Suppression Events: 2
Time: 820.41, 
            Production Events: 0, 
            Suppression Events: 0
Time: 820.41, 
            Production Events: 0, 
            Suppression Events: 0
Time: 820.41, 
            Production Events: 0, 
            Suppression Events: 0
Time: 821.04, 
            Production Events: 2, 
            Suppression Events: 1
Time: 822.64, 
            Production Events: 0, 
            Suppression Events: 1
Time: 826.09, 
            Production Events: 0, 
            Suppression Events: 1
Time: 826.09, 
            Production Events: 0, 
            Suppression Events: 0
Time: 826.09, 
            Production Events: 0, 
            Suppression Events: 0
Time: 826.09, 
            Production Events: 0, 
            Suppression Events: 0
Time: 827.75, 
            Production Events: 0, 
            Suppression Events: 1
Time: 829.94, 
            Production Events: 0, 
            Suppression Events: 1
Time: 829.94, 
            Production Events: 0, 
            Suppression Events: 0
Time: 832.49, 
            Production Events: 0, 
            Suppression Events: 1
Time: 832.49, 
            Production Events: 0, 
            Suppression Events: 0
Time: 832.49, 
            Production Events: 0, 
            Suppression Events: 0
Time: 833.83, 
            Production Events: 0, 
            Suppression Events: 2
Time: 837.75, 
            Production Events: 0, 
            Suppression Events: 1
Time: 837.75, 
            Production Events: 0, 
            Suppression Events: 0
Time: 837.75, 
            Production Events: 0, 
            Suppression Events: 0
Time: 837.75, 
            Production Events: 0, 
            Suppression Events: 0
Time: 838.94, 
            Production Events: 0, 
            Suppression Events: 1
Time: 840.21, 
            Production Events: 0, 
            Suppression Events: 1
Time: 840.21, 
            Production Events: 0, 
            Suppression Events: 0
Time: 842.62, 
            Production Events: 0, 
            Suppression Events: 2
Time: 842.62, 
            Production Events: 0, 
            Suppression Events: 0
Time: 843.54, 
            Production Events: 1, 
            Suppression Events: 1
Time: 844.97, 
            Production Events: 1, 
            Suppression Events: 0
Time: 845.4, 
            Production Events: 0, 
            Suppression Events: 1
Time: 846.64, 
            Production Events: 0, 
            Suppression Events: 1
Time: 848.12, 
            Production Events: 0, 
            Suppression Events: 1
Time: 848.12, 
            Production Events: 0, 
            Suppression Events: 0
Time: 849.87, 
            Production Events: 0, 
            Suppression Events: 1
Time: 850.5, 
            Production Events: 0, 
            Suppression Events: 1
Time: 852.86, 
            Production Events: 0, 
            Suppression Events: 1
Time: 852.86, 
            Production Events: 0, 
            Suppression Events: 0
Time: 854.06, 
            Production Events: 0, 
            Suppression Events: 1
Time: 854.06, 
            Production Events: 0, 
            Suppression Events: 0
Time: 856.03, 
            Production Events: 0, 
            Suppression Events: 1
Time: 856.03, 
            Production Events: 0, 
            Suppression Events: 0
Time: 857.33, 
            Production Events: 0, 
            Suppression Events: 1
Time: 858.51, 
            Production Events: 0, 
            Suppression Events: 1
Time: 861.59, 
            Production Events: 1, 
            Suppression Events: 1
Time: 861.59, 
            Production Events: 0, 
            Suppression Events: 0
Time: 861.59, 
            Production Events: 0, 
            Suppression Events: 0
Time: 862.71, 
            Production Events: 0, 
            Suppression Events: 1
Time: 863.2, 
            Production Events: 0, 
            Suppression Events: 2
Time: 867.05, 
            Production Events: 0, 
            Suppression Events: 1
Time: 867.05, 
            Production Events: 0, 
            Suppression Events: 0
Time: 867.05, 
            Production Events: 0, 
            Suppression Events: 0
Time: 867.05, 
            Production Events: 0, 
            Suppression Events: 0
Time: 868.67, 
            Production Events: 0, 
            Suppression Events: 2
Time: 869.4, 
            Production Events: 0, 
            Suppression Events: 2
Time: 870.82, 
            Production Events: 1, 
            Suppression Events: 0
Time: 872.62, 
            Production Events: 0, 
            Suppression Events: 1
Time: 872.62, 
            Production Events: 0, 
            Suppression Events: 0
Time: 874.43, 
            Production Events: 0, 
            Suppression Events: 1
Time: 874.43, 
            Production Events: 0, 
            Suppression Events: 0
Time: 875.61, 
            Production Events: 0, 
            Suppression Events: 1
Time: 876.51, 
            Production Events: 1, 
            Suppression Events: 1
Time: 877.25, 
            Production Events: 0, 
            Suppression Events: 1
Time: 878.56, 
            Production Events: 0, 
            Suppression Events: 2
Time: 879.88, 
            Production Events: 0, 
            Suppression Events: 2
Time: 880.28, 
            Production Events: 1, 
            Suppression Events: 0
Time: 881.4, 
            Production Events: 1, 
            Suppression Events: 1
Time: 882.89, 
            Production Events: 0, 
            Suppression Events: 1
Time: 883.33, 
            Production Events: 0, 
            Suppression Events: 1
Time: 885.29, 
            Production Events: 0, 
            Suppression Events: 2
Time: 885.29, 
            Production Events: 0, 
            Suppression Events: 0
Time: 886.46, 
            Production Events: 0, 
            Suppression Events: 2
Time: 888.42, 
            Production Events: 0, 
            Suppression Events: 2
Time: 888.42, 
            Production Events: 0, 
            Suppression Events: 0
Time: 890.22, 
            Production Events: 1, 
            Suppression Events: 0
Time: 890.22, 
            Production Events: 0, 
            Suppression Events: 0
Time: 891.45, 
            Production Events: 0, 
            Suppression Events: 1
Time: 892.92, 
            Production Events: 0, 
            Suppression Events: 1
Time: 893.2, 
            Production Events: 0, 
            Suppression Events: 1
Time: 895.2, 
            Production Events: 0, 
            Suppression Events: 2
Time: 895.2, 
            Production Events: 0, 
            Suppression Events: 0
Time: 896.27, 
            Production Events: 0, 
            Suppression Events: 4
Time: 897.07, 
            Production Events: 0, 
            Suppression Events: 1
Time: 898.35, 
            Production Events: 0, 
            Suppression Events: 1
Time: 899.25, 
            Production Events: 0, 
            Suppression Events: 1
Time: 901.82, 
            Production Events: 0, 
            Suppression Events: 2
Time: 901.82, 
            Production Events: 0, 
            Suppression Events: 0
Time: 902.39, 
            Production Events: 0, 
            Suppression Events: 1
Time: 903.66, 
            Production Events: 0, 
            Suppression Events: 1
Time: 904.55, 
            Production Events: 0, 
            Suppression Events: 2
Time: 905.33, 
            Production Events: 0, 
            Suppression Events: 2
Time: 906.18, 
            Production Events: 0, 
            Suppression Events: 1
Time: 907.59, 
            Production Events: 0, 
            Suppression Events: 3
Time: 908.02, 
            Production Events: 0, 
            Suppression Events: 1
Time: 909.75, 
            Production Events: 2, 
            Suppression Events: 0
Time: 910.53, 
            Production Events: 0, 
            Suppression Events: 1
Time: 911.07, 
            Production Events: 0, 
            Suppression Events: 2
Time: 912.23, 
            Production Events: 1, 
            Suppression Events: 2
Time: 913.9, 
            Production Events: 0, 
            Suppression Events: 3
Time: 914.07, 
            Production Events: 0, 
            Suppression Events: 1
Time: 915.36, 
            Production Events: 0, 
            Suppression Events: 3
Time: 916.07, 
            Production Events: 1, 
            Suppression Events: 1
Time: 917.71, 
            Production Events: 0, 
            Suppression Events: 3
Time: 918.33, 
            Production Events: 0, 
            Suppression Events: 1
Time: 919.5, 
            Production Events: 0, 
            Suppression Events: 3
Time: 920.27, 
            Production Events: 0, 
            Suppression Events: 1
Time: 921.39, 
            Production Events: 0, 
            Suppression Events: 2
Time: 922.11, 
            Production Events: 0, 
            Suppression Events: 1
Time: 923.04, 
            Production Events: 2, 
            Suppression Events: 2
Time: 924.44, 
            Production Events: 0, 
            Suppression Events: 1
Time: 926.2, 
            Production Events: 0, 
            Suppression Events: 3
Time: 926.2, 
            Production Events: 0, 
            Suppression Events: 0
Time: 927.38, 
            Production Events: 0, 
            Suppression Events: 1
Time: 928.28, 
            Production Events: 0, 
            Suppression Events: 2
Time: 929.88, 
            Production Events: 0, 
            Suppression Events: 4
Time: 931.59, 
            Production Events: 0, 
            Suppression Events: 2
Time: 931.59, 
            Production Events: 0, 
            Suppression Events: 0
Time: 939.6, 
            Production Events: 0, 
            Suppression Events: 1
Time: 939.6, 
            Production Events: 0, 
            Suppression Events: 0
Time: 939.6, 
            Production Events: 0, 
            Suppression Events: 0
Time: 939.6, 
            Production Events: 0, 
            Suppression Events: 0
Time: 939.6, 
            Production Events: 0, 
            Suppression Events: 0
Time: 939.6, 
            Production Events: 0, 
            Suppression Events: 0
Time: 939.6, 
            Production Events: 0, 
            Suppression Events: 0
Time: 939.6, 
            Production Events: 0, 
            Suppression Events: 0
Time: 941.91, 
            Production Events: 1, 
            Suppression Events: 0
Time: 941.91, 
            Production Events: 0, 
            Suppression Events: 0
Time: 942.62, 
            Production Events: 0, 
            Suppression Events: 1
Time: 943.42, 
            Production Events: 1, 
            Suppression Events: 0
Time: 944.32, 
            Production Events: 0, 
            Suppression Events: 1
Time: 945.85, 
            Production Events: 0, 
            Suppression Events: 1
Time: 946.53, 
            Production Events: 0, 
            Suppression Events: 1
Time: 947.08, 
            Production Events: 0, 
            Suppression Events: 1
Time: 948.7, 
            Production Events: 0, 
            Suppression Events: 1
Time: 949.49, 
            Production Events: 0, 
            Suppression Events: 1
Time: 950.74, 
            Production Events: 0, 
            Suppression Events: 1
Time: 951.37, 
            Production Events: 0, 
            Suppression Events: 1
Time: 952.71, 
            Production Events: 0, 
            Suppression Events: 1
Time: 953.66, 
            Production Events: 0, 
            Suppression Events: 1
Time: 954.02, 
            Production Events: 0, 
            Suppression Events: 2
Time: 956.42, 
            Production Events: 0, 
            Suppression Events: 2
Time: 956.42, 
            Production Events: 0, 
            Suppression Events: 0
Time: 957.36, 
            Production Events: 0, 
            Suppression Events: 2
Time: 959.11, 
            Production Events: 0, 
            Suppression Events: 3
Time: 959.11, 
            Production Events: 0, 
            Suppression Events: 0
Time: 962.5, 
            Production Events: 0, 
            Suppression Events: 4
Time: 962.5, 
            Production Events: 0, 
            Suppression Events: 0
Time: 962.5, 
            Production Events: 0, 
            Suppression Events: 0
Time: 963.54, 
            Production Events: 0, 
            Suppression Events: 2
Time: 964.24, 
            Production Events: 0, 
            Suppression Events: 1
Time: 965.89, 
            Production Events: 1, 
            Suppression Events: 1
Time: 966.19, 
            Production Events: 0, 
            Suppression Events: 1
Time: 967.03, 
            Production Events: 0, 
            Suppression Events: 1
Time: 969.37, 
            Production Events: 0, 
            Suppression Events: 3
Time: 969.37, 
            Production Events: 0, 
            Suppression Events: 0
Time: 970.24, 
            Production Events: 0, 
            Suppression Events: 1
Time: 973.91, 
            Production Events: 0, 
            Suppression Events: 4
Time: 973.91, 
            Production Events: 0, 
            Suppression Events: 0
Time: 973.91, 
            Production Events: 0, 
            Suppression Events: 0
Time: 974.65, 
            Production Events: 0, 
            Suppression Events: 1
Time: 981.08, 
            Production Events: 0, 
            Suppression Events: 1
Time: 981.08, 
            Production Events: 0, 
            Suppression Events: 0
Time: 981.08, 
            Production Events: 0, 
            Suppression Events: 0
Time: 981.08, 
            Production Events: 0, 
            Suppression Events: 0
Time: 981.08, 
            Production Events: 0, 
            Suppression Events: 0
Time: 981.08, 
            Production Events: 0, 
            Suppression Events: 0
Time: 981.08, 
            Production Events: 0, 
            Suppression Events: 0
Time: 982.56, 
            Production Events: 0, 
            Suppression Events: 2
Time: 983.03, 
            Production Events: 0, 
            Suppression Events: 2
Time: 984.72, 
            Production Events: 0, 
            Suppression Events: 2
Time: 986.0, 
            Production Events: 0, 
            Suppression Events: 2
Time: 986.52, 
            Production Events: 0, 
            Suppression Events: 1
Time: 987.82, 
            Production Events: 0, 
            Suppression Events: 1
Time: 988.3, 
            Production Events: 0, 
            Suppression Events: 1
Time: 989.01, 
            Production Events: 0, 
            Suppression Events: 2
Time: 990.52, 
            Production Events: 0, 
            Suppression Events: 2
Time: 991.41, 
            Production Events: 1, 
            Suppression Events: 1
Time: 993.68, 
            Production Events: 1, 
            Suppression Events: 0
Time: 993.68, 
            Production Events: 0, 
            Suppression Events: 0
Time: 994.15, 
            Production Events: 0, 
            Suppression Events: 2
Time: 995.36, 
            Production Events: 0, 
            Suppression Events: 1
Time: 996.32, 
            Production Events: 0, 
            Suppression Events: 1
Time: 997.03, 
            Production Events: 0, 
            Suppression Events: 1
Time: 998.19, 
            Production Events: 0, 
            Suppression Events: 1
Time: 999.93, 
            Production Events: 0, 
            Suppression Events: 2
Time: 1001.45, 
            Production Events: 0, 
            Suppression Events: 2
Simulation completed:
  Final time: 1001.446857197998
  Total events: 980
  Wall time: 6122.15 seconds

Saving simulation results with clean separation...
Task evolution saved to: 5t5b/5t5b_mfcsb/data/param_86_rep_1_2025-11-21_153301/states.csv
Events saved to: 5t5b/5t5b_mfcsb/data/param_86_rep_1_2025-11-21_153301/events.csv
Saving event log (raw and DataFrame)...
log DataFrame size: (985, 9)
short view:
59 DataFrame
 Row  time     bee1_id  bee2_id  task_id  task_1   task_2   task_3     task_4 
      Float64  Int64    Int64    Int64    Float64  Float64  Float64    Float6 

   1      0.0        1        0        0   0.0716   0.108   0.0673018   0.072 
   2      0.0        2        0        0   0.1047   0.0855  0.103296    0.111
   3      0.0        3        0        0   0.1042   0.1     0.0969192   0.108
   4      0.0        4        0        0   0.0647   0.0998  0.0773279   0.099
   5      0.0        5        0        0   0.0787   0.1011  0.0611171   0.133 
                                                               2 columns omittedEvent log saved to: 5t5b/5t5b_mfcsb/data/param_86_rep_1_2025-11-21_153301/event_log.json
Event log DataFrame saved to: 5t5b/5t5b_mfcsb/data/param_86_rep_1_2025-11-21_153301/event_log.csv
Metadata and configuration saved to: 5t5b/5t5b_mfcsb/data/param_86_rep_1_2025-11-21_153301/config.json
Task index mapping saved to: 5t5b/5t5b_mfcsb/data/param_86_rep_1_2025-11-21_153301/task_index_mapping.json
All results saved to directory: 5t5b/5t5b_mfcsb/data/param_86_rep_1_2025-11-21_153301
Simulation completed successfully!
Job finished at: Fri Nov 21 05:15:33 PM CET 2025
