Job array started at: Fri Nov 21 05:17:02 PM CET 2025
Job ID: 10861688
Array Job ID: 10860410
Array Task ID: 107
Node: th-ws-7010m28
Loading Julia module...
Module loaded: /software/opt/el_9/x86_64/julia/1.11.3/bin/julia
Changing to project directory...
Current directory: /scratch/n/N.Pfaffenzeller/nikolas_nethive/nethive_multiverse
Running parameter combination 107, replicate 1
Starting Julia simulation...
Running simulation with the following configuration:
  dataset_names: [:mnist, :cifar10, :svhn2, :fashion_mnist, :bank]
  param_id: 107
  n_bees: 5
  batch_size: 32
  replicate_id: 1
  punish_rate: 0.1
  punishment: time_out
  lambda_sensitivity: 10
  save_nn_epochs: 0
  production_rate: 1
  interaction_rate: 100
  batches_per_step: 100
  learning_rate: 1.0e-5
  max_output_dim: 10
  n_steps_per_epoch: 1
  dead_time: 100
  max_input_dim: 3072
  n_epochs: 1000
  seed: 1130112042

Starting simulation with configuration:
  dataset_names: [:mnist, :cifar10, :svhn2, :fashion_mnist, :bank]
  param_id: 107
  n_bees: 5
  batch_size: 32
  replicate_id: 1
  punish_rate: 0.1
  punishment: time_out
  lambda_sensitivity: 10
  save_nn_epochs: 0
  production_rate: 1
  interaction_rate: 100
  batches_per_step: 100
  run_timestamp: 2025-11-21T17:17:31.878
  learning_rate: 1.0e-5
  max_output_dim: 10
  n_steps_per_epoch: 1
  dead_time: 100
  max_input_dim: 3072
  n_epochs: 1000
  seed: 1130112042
Random seed: 1130112042

Starting simulation...
Time: 1.95, 
            Production Events: 0, 
            Suppression Events: 2
Time: 2.33, 
            Production Events: 0, 
            Suppression Events: 1
Time: 4.08, 
            Production Events: 1, 
            Suppression Events: 0
Time: 4.08, 
            Production Events: 0, 
            Suppression Events: 0
Time: 5.44, 
            Production Events: 0, 
            Suppression Events: 3
Time: 6.08, 
            Production Events: 0, 
            Suppression Events: 1
Time: 7.08, 
            Production Events: 0, 
            Suppression Events: 2
Time: 8.58, 
            Production Events: 0, 
            Suppression Events: 1
Time: 10.96, 
            Production Events: 0, 
            Suppression Events: 1
Time: 10.96, 
            Production Events: 0, 
            Suppression Events: 0
Time: 14.22, 
            Production Events: 0, 
            Suppression Events: 1
Time: 14.22, 
            Production Events: 0, 
            Suppression Events: 0
Time: 14.22, 
            Production Events: 0, 
            Suppression Events: 0
Time: 14.22, 
            Production Events: 0, 
            Suppression Events: 0
Time: 15.93, 
            Production Events: 0, 
            Suppression Events: 1
Time: 16.04, 
            Production Events: 0, 
            Suppression Events: 1
Time: 17.79, 
            Production Events: 2, 
            Suppression Events: 0
Time: 18.33, 
            Production Events: 0, 
            Suppression Events: 1
Time: 20.49, 
            Production Events: 0, 
            Suppression Events: 1
Time: 20.49, 
            Production Events: 0, 
            Suppression Events: 0
Time: 21.06, 
            Production Events: 0, 
            Suppression Events: 1
Time: 23.39, 
            Production Events: 0, 
            Suppression Events: 2
Time: 23.39, 
            Production Events: 0, 
            Suppression Events: 0
Time: 24.34, 
            Production Events: 1, 
            Suppression Events: 1
Time: 25.31, 
            Production Events: 0, 
            Suppression Events: 2
Time: 28.58, 
            Production Events: 1, 
            Suppression Events: 0
Time: 28.58, 
            Production Events: 0, 
            Suppression Events: 0
Time: 28.58, 
            Production Events: 0, 
            Suppression Events: 0
Time: 30.28, 
            Production Events: 0, 
            Suppression Events: 1
Time: 30.28, 
            Production Events: 0, 
            Suppression Events: 0
Time: 31.18, 
            Production Events: 0, 
            Suppression Events: 2
Time: 33.29, 
            Production Events: 0, 
            Suppression Events: 1
Time: 33.29, 
            Production Events: 0, 
            Suppression Events: 0
Time: 35.56, 
            Production Events: 0, 
            Suppression Events: 1
Time: 35.56, 
            Production Events: 0, 
            Suppression Events: 0
Time: 36.33, 
            Production Events: 2, 
            Suppression Events: 0
Time: 40.25, 
            Production Events: 1, 
            Suppression Events: 1
Time: 40.25, 
            Production Events: 0, 
            Suppression Events: 0
Time: 40.25, 
            Production Events: 0, 
            Suppression Events: 0
Time: 40.25, 
            Production Events: 0, 
            Suppression Events: 0
Time: 42.77, 
            Production Events: 0, 
            Suppression Events: 1
Time: 42.77, 
            Production Events: 0, 
            Suppression Events: 0
Time: 45.36, 
            Production Events: 0, 
            Suppression Events: 1
Time: 45.36, 
            Production Events: 0, 
            Suppression Events: 0
Time: 45.36, 
            Production Events: 0, 
            Suppression Events: 0
Time: 46.41, 
            Production Events: 0, 
            Suppression Events: 2
Time: 47.86, 
            Production Events: 0, 
            Suppression Events: 1
Time: 48.09, 
            Production Events: 0, 
            Suppression Events: 1
Time: 50.37, 
            Production Events: 0, 
            Suppression Events: 1
Time: 50.37, 
            Production Events: 0, 
            Suppression Events: 0
Time: 51.91, 
            Production Events: 0, 
            Suppression Events: 1
Time: 52.11, 
            Production Events: 0, 
            Suppression Events: 1
Time: 53.57, 
            Production Events: 0, 
            Suppression Events: 1
Time: 54.27, 
            Production Events: 0, 
            Suppression Events: 1
Time: 55.36, 
            Production Events: 0, 
            Suppression Events: 2
Time: 57.5, 
            Production Events: 1, 
            Suppression Events: 0
Time: 57.5, 
            Production Events: 0, 
            Suppression Events: 0
Time: 58.39, 
            Production Events: 0, 
            Suppression Events: 1
Time: 59.18, 
            Production Events: 0, 
            Suppression Events: 2
Time: 62.11, 
            Production Events: 0, 
            Suppression Events: 1
Time: 62.11, 
            Production Events: 0, 
            Suppression Events: 0
Time: 62.11, 
            Production Events: 0, 
            Suppression Events: 0
Time: 63.6, 
            Production Events: 0, 
            Suppression Events: 3
Time: 64.29, 
            Production Events: 0, 
            Suppression Events: 4
Time: 65.6, 
            Production Events: 0, 
            Suppression Events: 1
Time: 68.48, 
            Production Events: 0, 
            Suppression Events: 1
Time: 68.48, 
            Production Events: 0, 
            Suppression Events: 0
Time: 68.48, 
            Production Events: 0, 
            Suppression Events: 0
Time: 69.76, 
            Production Events: 0, 
            Suppression Events: 1
Time: 70.78, 
            Production Events: 0, 
            Suppression Events: 1
Time: 71.22, 
            Production Events: 0, 
            Suppression Events: 1
Time: 72.53, 
            Production Events: 0, 
            Suppression Events: 3
Time: 74.28, 
            Production Events: 0, 
            Suppression Events: 1
Time: 74.28, 
            Production Events: 0, 
            Suppression Events: 0
Time: 75.21, 
            Production Events: 0, 
            Suppression Events: 2
Time: 77.56, 
            Production Events: 0, 
            Suppression Events: 1
Time: 77.56, 
            Production Events: 0, 
            Suppression Events: 0
Time: 79.4, 
            Production Events: 0, 
            Suppression Events: 1
Time: 79.4, 
            Production Events: 0, 
            Suppression Events: 0
Time: 80.33, 
            Production Events: 0, 
            Suppression Events: 3
Time: 81.11, 
            Production Events: 0, 
            Suppression Events: 1
Time: 83.66, 
            Production Events: 0, 
            Suppression Events: 2
Time: 83.66, 
            Production Events: 0, 
            Suppression Events: 0
Time: 84.07, 
            Production Events: 0, 
            Suppression Events: 1
Time: 85.28, 
            Production Events: 0, 
            Suppression Events: 2
Time: 88.9, 
            Production Events: 0, 
            Suppression Events: 2
Time: 88.9, 
            Production Events: 0, 
            Suppression Events: 0
Time: 88.9, 
            Production Events: 0, 
            Suppression Events: 0
Time: 89.97, 
            Production Events: 0, 
            Suppression Events: 1
Time: 90.06, 
            Production Events: 0, 
            Suppression Events: 1
Time: 91.12, 
            Production Events: 0, 
            Suppression Events: 1
Time: 92.02, 
            Production Events: 1, 
            Suppression Events: 1
Time: 93.58, 
            Production Events: 0, 
            Suppression Events: 2
Time: 94.65, 
            Production Events: 0, 
            Suppression Events: 2
Time: 95.12, 
            Production Events: 1, 
            Suppression Events: 0
Time: 96.1, 
            Production Events: 0, 
            Suppression Events: 1
Time: 97.5, 
            Production Events: 0, 
            Suppression Events: 3
Time: 98.97, 
            Production Events: 0, 
            Suppression Events: 2
Time: 99.06, 
            Production Events: 0, 
            Suppression Events: 1
Time: 101.39, 
            Production Events: 0, 
            Suppression Events: 3
Time: 101.39, 
            Production Events: 0, 
            Suppression Events: 0
Time: 102.9, 
            Production Events: 0, 
            Suppression Events: 1
Time: 103.08, 
            Production Events: 0, 
            Suppression Events: 1
Time: 104.19, 
            Production Events: 0, 
            Suppression Events: 1
Time: 105.54, 
            Production Events: 0, 
            Suppression Events: 3
Time: 106.9, 
            Production Events: 0, 
            Suppression Events: 1
Time: 107.97, 
            Production Events: 0, 
            Suppression Events: 1
Time: 109.71, 
            Production Events: 0, 
            Suppression Events: 1
Time: 109.71, 
            Production Events: 0, 
            Suppression Events: 0
Time: 112.64, 
            Production Events: 0, 
            Suppression Events: 1
Time: 112.64, 
            Production Events: 0, 
            Suppression Events: 0
Time: 112.64, 
            Production Events: 0, 
            Suppression Events: 0
Time: 113.41, 
            Production Events: 0, 
            Suppression Events: 1
Time: 115.2, 
            Production Events: 1, 
            Suppression Events: 0
Time: 115.2, 
            Production Events: 0, 
            Suppression Events: 0
Time: 116.06, 
            Production Events: 0, 
            Suppression Events: 1
Time: 117.32, 
            Production Events: 0, 
            Suppression Events: 1
Time: 120.27, 
            Production Events: 1, 
            Suppression Events: 0
Time: 120.27, 
            Production Events: 0, 
            Suppression Events: 0
Time: 120.27, 
            Production Events: 0, 
            Suppression Events: 0
Time: 121.39, 
            Production Events: 1, 
            Suppression Events: 0
Time: 122.02, 
            Production Events: 0, 
            Suppression Events: 2
Time: 123.52, 
            Production Events: 0, 
            Suppression Events: 2
Time: 124.35, 
            Production Events: 0, 
            Suppression Events: 1
Time: 126.04, 
            Production Events: 0, 
            Suppression Events: 1
Time: 126.04, 
            Production Events: 0, 
            Suppression Events: 0
Time: 129.7, 
            Production Events: 0, 
            Suppression Events: 2
Time: 129.7, 
            Production Events: 0, 
            Suppression Events: 0
Time: 129.7, 
            Production Events: 0, 
            Suppression Events: 0
Time: 132.61, 
            Production Events: 0, 
            Suppression Events: 2
Time: 132.61, 
            Production Events: 0, 
            Suppression Events: 0
Time: 132.61, 
            Production Events: 0, 
            Suppression Events: 0
Time: 133.44, 
            Production Events: 0, 
            Suppression Events: 1
Time: 134.72, 
            Production Events: 0, 
            Suppression Events: 3
Time: 136.12, 
            Production Events: 0, 
            Suppression Events: 1
Time: 136.12, 
            Production Events: 0, 
            Suppression Events: 0
Time: 140.14, 
            Production Events: 0, 
            Suppression Events: 1
Time: 140.14, 
            Production Events: 0, 
            Suppression Events: 0
Time: 140.14, 
            Production Events: 0, 
            Suppression Events: 0
Time: 140.14, 
            Production Events: 0, 
            Suppression Events: 0
Time: 145.52, 
            Production Events: 1, 
            Suppression Events: 0
Time: 145.52, 
            Production Events: 0, 
            Suppression Events: 0
Time: 145.52, 
            Production Events: 0, 
            Suppression Events: 0
Time: 145.52, 
            Production Events: 0, 
            Suppression Events: 0
Time: 145.52, 
            Production Events: 0, 
            Suppression Events: 0
Time: 146.91, 
            Production Events: 0, 
            Suppression Events: 2
Time: 147.06, 
            Production Events: 0, 
            Suppression Events: 1
Time: 148.7, 
            Production Events: 0, 
            Suppression Events: 2
Time: 150.15, 
            Production Events: 0, 
            Suppression Events: 2
Time: 150.15, 
            Production Events: 0, 
            Suppression Events: 0
Time: 151.83, 
            Production Events: 0, 
            Suppression Events: 2
Time: 152.47, 
            Production Events: 1, 
            Suppression Events: 0
Time: 154.96, 
            Production Events: 0, 
            Suppression Events: 1
Time: 154.96, 
            Production Events: 0, 
            Suppression Events: 0
Time: 158.76, 
            Production Events: 0, 
            Suppression Events: 1
Time: 158.76, 
            Production Events: 0, 
            Suppression Events: 0
Time: 158.76, 
            Production Events: 0, 
            Suppression Events: 0
Time: 158.76, 
            Production Events: 0, 
            Suppression Events: 0
Time: 159.81, 
            Production Events: 0, 
            Suppression Events: 2
Time: 160.28, 
            Production Events: 0, 
            Suppression Events: 2
Time: 162.69, 
            Production Events: 0, 
            Suppression Events: 2
Time: 162.69, 
            Production Events: 0, 
            Suppression Events: 0
Time: 166.06, 
            Production Events: 0, 
            Suppression Events: 1
Time: 166.06, 
            Production Events: 0, 
            Suppression Events: 0
Time: 166.06, 
            Production Events: 0, 
            Suppression Events: 0
Time: 166.06, 
            Production Events: 0, 
            Suppression Events: 0
Time: 167.34, 
            Production Events: 0, 
            Suppression Events: 1
Time: 169.47, 
            Production Events: 0, 
            Suppression Events: 1
Time: 169.47, 
            Production Events: 0, 
            Suppression Events: 0
Time: 171.51, 
            Production Events: 0, 
            Suppression Events: 1
Time: 171.51, 
            Production Events: 0, 
            Suppression Events: 0
Time: 172.32, 
            Production Events: 0, 
            Suppression Events: 1
Time: 173.3, 
            Production Events: 0, 
            Suppression Events: 1
Time: 174.54, 
            Production Events: 0, 
            Suppression Events: 2
Time: 176.28, 
            Production Events: 0, 
            Suppression Events: 2
Time: 176.28, 
            Production Events: 0, 
            Suppression Events: 0
Time: 177.45, 
            Production Events: 0, 
            Suppression Events: 1
Time: 178.53, 
            Production Events: 0, 
            Suppression Events: 1
Time: 179.45, 
            Production Events: 0, 
            Suppression Events: 1
Time: 181.79, 
            Production Events: 0, 
            Suppression Events: 1
Time: 181.79, 
            Production Events: 0, 
            Suppression Events: 0
Time: 182.54, 
            Production Events: 0, 
            Suppression Events: 1
Time: 183.74, 
            Production Events: 0, 
            Suppression Events: 2
Time: 184.23, 
            Production Events: 0, 
            Suppression Events: 2
Time: 185.4, 
            Production Events: 0, 
            Suppression Events: 1
Time: 186.53, 
            Production Events: 1, 
            Suppression Events: 0
Time: 187.77, 
            Production Events: 0, 
            Suppression Events: 1
Time: 188.77, 
            Production Events: 0, 
            Suppression Events: 1
Time: 189.58, 
            Production Events: 0, 
            Suppression Events: 1
Time: 190.84, 
            Production Events: 0, 
            Suppression Events: 1
Time: 191.0, 
            Production Events: 0, 
            Suppression Events: 1
Time: 192.26, 
            Production Events: 0, 
            Suppression Events: 3
Time: 193.01, 
            Production Events: 0, 
            Suppression Events: 1
Time: 194.12, 
            Production Events: 0, 
            Suppression Events: 1
Time: 197.07, 
            Production Events: 0, 
            Suppression Events: 1
Time: 197.07, 
            Production Events: 0, 
            Suppression Events: 0
Time: 197.07, 
            Production Events: 0, 
            Suppression Events: 0
Time: 198.2, 
            Production Events: 0, 
            Suppression Events: 1
Time: 202.05, 
            Production Events: 0, 
            Suppression Events: 3
Time: 202.05, 
            Production Events: 0, 
            Suppression Events: 0
Time: 202.05, 
            Production Events: 0, 
            Suppression Events: 0
Time: 202.05, 
            Production Events: 0, 
            Suppression Events: 0
Time: 203.99, 
            Production Events: 0, 
            Suppression Events: 4
Time: 204.98, 
            Production Events: 0, 
            Suppression Events: 1
Time: 205.17, 
            Production Events: 0, 
            Suppression Events: 1
Time: 207.35, 
            Production Events: 0, 
            Suppression Events: 2
Time: 207.35, 
            Production Events: 0, 
            Suppression Events: 0
Time: 208.23, 
            Production Events: 0, 
            Suppression Events: 1
Time: 209.76, 
            Production Events: 0, 
            Suppression Events: 1
Time: 210.3, 
            Production Events: 0, 
            Suppression Events: 1
Time: 211.83, 
            Production Events: 0, 
            Suppression Events: 3
Time: 212.41, 
            Production Events: 0, 
            Suppression Events: 2
Time: 214.25, 
            Production Events: 0, 
            Suppression Events: 2
Time: 214.25, 
            Production Events: 0, 
            Suppression Events: 0
Time: 216.96, 
            Production Events: 0, 
            Suppression Events: 2
Time: 216.96, 
            Production Events: 0, 
            Suppression Events: 0
Time: 217.56, 
            Production Events: 0, 
            Suppression Events: 1
Time: 218.62, 
            Production Events: 0, 
            Suppression Events: 1
Time: 219.36, 
            Production Events: 0, 
            Suppression Events: 1
Time: 222.78, 
            Production Events: 0, 
            Suppression Events: 1
Time: 222.78, 
            Production Events: 0, 
            Suppression Events: 0
Time: 222.78, 
            Production Events: 0, 
            Suppression Events: 0
Time: 223.04, 
            Production Events: 1, 
            Suppression Events: 0
Time: 224.36, 
            Production Events: 0, 
            Suppression Events: 3
Time: 225.38, 
            Production Events: 1, 
            Suppression Events: 2
Time: 226.71, 
            Production Events: 0, 
            Suppression Events: 1
Time: 227.17, 
            Production Events: 0, 
            Suppression Events: 1
Time: 228.58, 
            Production Events: 0, 
            Suppression Events: 4
Time: 229.81, 
            Production Events: 0, 
            Suppression Events: 1
Time: 230.29, 
            Production Events: 0, 
            Suppression Events: 1
Time: 231.44, 
            Production Events: 0, 
            Suppression Events: 1
Time: 232.07, 
            Production Events: 0, 
            Suppression Events: 2
Time: 233.42, 
            Production Events: 0, 
            Suppression Events: 1
Time: 234.94, 
            Production Events: 1, 
            Suppression Events: 0
Time: 235.69, 
            Production Events: 0, 
            Suppression Events: 1
Time: 236.26, 
            Production Events: 0, 
            Suppression Events: 1
Time: 238.68, 
            Production Events: 0, 
            Suppression Events: 1
Time: 238.68, 
            Production Events: 0, 
            Suppression Events: 0
Time: 240.25, 
            Production Events: 0, 
            Suppression Events: 3
Time: 240.25, 
            Production Events: 0, 
            Suppression Events: 0
Time: 242.5, 
            Production Events: 0, 
            Suppression Events: 3
Time: 242.5, 
            Production Events: 0, 
            Suppression Events: 0
Time: 243.14, 
            Production Events: 0, 
            Suppression Events: 1
Time: 246.47, 
            Production Events: 0, 
            Suppression Events: 2
Time: 246.47, 
            Production Events: 0, 
            Suppression Events: 0
Time: 246.47, 
            Production Events: 0, 
            Suppression Events: 0
Time: 247.43, 
            Production Events: 0, 
            Suppression Events: 1
Time: 248.72, 
            Production Events: 1, 
            Suppression Events: 1
Time: 249.23, 
            Production Events: 0, 
            Suppression Events: 1
Time: 251.7, 
            Production Events: 0, 
            Suppression Events: 1
Time: 251.7, 
            Production Events: 0, 
            Suppression Events: 0
Time: 253.05, 
            Production Events: 0, 
            Suppression Events: 1
Time: 253.05, 
            Production Events: 0, 
            Suppression Events: 0
Time: 255.01, 
            Production Events: 0, 
            Suppression Events: 2
Time: 255.01, 
            Production Events: 0, 
            Suppression Events: 0
Time: 257.61, 
            Production Events: 0, 
            Suppression Events: 1
Time: 257.61, 
            Production Events: 0, 
            Suppression Events: 0
Time: 258.08, 
            Production Events: 0, 
            Suppression Events: 3
Time: 259.37, 
            Production Events: 0, 
            Suppression Events: 1
Time: 260.76, 
            Production Events: 0, 
            Suppression Events: 2
Time: 261.46, 
            Production Events: 0, 
            Suppression Events: 1
Time: 262.38, 
            Production Events: 0, 
            Suppression Events: 2
Time: 263.29, 
            Production Events: 0, 
            Suppression Events: 3
Time: 264.08, 
            Production Events: 0, 
            Suppression Events: 1
Time: 265.68, 
            Production Events: 0, 
            Suppression Events: 2
Time: 267.04, 
            Production Events: 0, 
            Suppression Events: 1
Time: 267.04, 
            Production Events: 0, 
            Suppression Events: 0
Time: 268.27, 
            Production Events: 0, 
            Suppression Events: 2
Time: 269.94, 
            Production Events: 1, 
            Suppression Events: 0
Time: 270.07, 
            Production Events: 0, 
            Suppression Events: 1
Time: 274.61, 
            Production Events: 0, 
            Suppression Events: 2
Time: 274.61, 
            Production Events: 0, 
            Suppression Events: 0
Time: 274.61, 
            Production Events: 0, 
            Suppression Events: 0
Time: 274.61, 
            Production Events: 0, 
            Suppression Events: 0
Time: 275.52, 
            Production Events: 0, 
            Suppression Events: 1
Time: 278.6, 
            Production Events: 0, 
            Suppression Events: 1
Time: 278.6, 
            Production Events: 0, 
            Suppression Events: 0
Time: 278.6, 
            Production Events: 0, 
            Suppression Events: 0
Time: 279.95, 
            Production Events: 0, 
            Suppression Events: 1
Time: 285.19, 
            Production Events: 0, 
            Suppression Events: 1
Time: 285.19, 
            Production Events: 0, 
            Suppression Events: 0
Time: 285.19, 
            Production Events: 0, 
            Suppression Events: 0
Time: 285.19, 
            Production Events: 0, 
            Suppression Events: 0
Time: 285.19, 
            Production Events: 0, 
            Suppression Events: 0
Time: 285.19, 
            Production Events: 0, 
            Suppression Events: 0
Time: 286.75, 
            Production Events: 0, 
            Suppression Events: 2
Time: 287.61, 
            Production Events: 0, 
            Suppression Events: 1
Time: 288.07, 
            Production Events: 0, 
            Suppression Events: 1
Time: 289.56, 
            Production Events: 0, 
            Suppression Events: 1
Time: 290.41, 
            Production Events: 0, 
            Suppression Events: 1
Time: 292.46, 
            Production Events: 0, 
            Suppression Events: 2
Time: 292.46, 
            Production Events: 0, 
            Suppression Events: 0
Time: 293.87, 
            Production Events: 0, 
            Suppression Events: 2
Time: 295.92, 
            Production Events: 0, 
            Suppression Events: 1
Time: 295.92, 
            Production Events: 0, 
            Suppression Events: 0
Time: 297.46, 
            Production Events: 0, 
            Suppression Events: 1
Time: 297.46, 
            Production Events: 0, 
            Suppression Events: 0
Time: 298.65, 
            Production Events: 0, 
            Suppression Events: 1
Time: 299.54, 
            Production Events: 0, 
            Suppression Events: 1
Time: 300.01, 
            Production Events: 0, 
            Suppression Events: 1
Time: 301.38, 
            Production Events: 0, 
            Suppression Events: 1
Time: 305.74, 
            Production Events: 0, 
            Suppression Events: 2
Time: 305.74, 
            Production Events: 0, 
            Suppression Events: 0
Time: 305.74, 
            Production Events: 0, 
            Suppression Events: 0
Time: 305.74, 
            Production Events: 0, 
            Suppression Events: 0
Time: 306.53, 
            Production Events: 0, 
            Suppression Events: 1
Time: 308.39, 
            Production Events: 0, 
            Suppression Events: 3
Time: 308.39, 
            Production Events: 0, 
            Suppression Events: 0
Time: 311.34, 
            Production Events: 0, 
            Suppression Events: 1
Time: 311.34, 
            Production Events: 0, 
            Suppression Events: 0
Time: 311.34, 
            Production Events: 0, 
            Suppression Events: 0
Time: 313.34, 
            Production Events: 0, 
            Suppression Events: 3
Time: 313.34, 
            Production Events: 0, 
            Suppression Events: 0
Time: 316.55, 
            Production Events: 0, 
            Suppression Events: 2
Time: 316.55, 
            Production Events: 0, 
            Suppression Events: 0
Time: 316.55, 
            Production Events: 0, 
            Suppression Events: 0
Time: 318.69, 
            Production Events: 0, 
            Suppression Events: 1
Time: 318.69, 
            Production Events: 0, 
            Suppression Events: 0
Time: 319.42, 
            Production Events: 0, 
            Suppression Events: 1
Time: 322.31, 
            Production Events: 0, 
            Suppression Events: 1
Time: 322.31, 
            Production Events: 0, 
            Suppression Events: 0
Time: 322.31, 
            Production Events: 0, 
            Suppression Events: 0
Time: 324.47, 
            Production Events: 0, 
            Suppression Events: 1
Time: 324.47, 
            Production Events: 0, 
            Suppression Events: 0
Time: 325.44, 
            Production Events: 0, 
            Suppression Events: 1
Time: 327.96, 
            Production Events: 0, 
            Suppression Events: 3
Time: 327.96, 
            Production Events: 0, 
            Suppression Events: 0
Time: 328.18, 
            Production Events: 0, 
            Suppression Events: 1
Time: 329.38, 
            Production Events: 0, 
            Suppression Events: 2
Time: 330.0, 
            Production Events: 0, 
            Suppression Events: 1
Time: 331.03, 
            Production Events: 0, 
            Suppression Events: 2
Time: 332.32, 
            Production Events: 0, 
            Suppression Events: 1
Time: 333.94, 
            Production Events: 0, 
            Suppression Events: 2
Time: 334.72, 
            Production Events: 0, 
            Suppression Events: 1
Time: 336.83, 
            Production Events: 0, 
            Suppression Events: 1
Time: 336.83, 
            Production Events: 0, 
            Suppression Events: 0
Time: 337.29, 
            Production Events: 0, 
            Suppression Events: 1
Time: 338.02, 
            Production Events: 0, 
            Suppression Events: 3
Time: 339.64, 
            Production Events: 0, 
            Suppression Events: 1
Time: 340.11, 
            Production Events: 0, 
            Suppression Events: 1
Time: 341.73, 
            Production Events: 0, 
            Suppression Events: 1
Time: 343.29, 
            Production Events: 0, 
            Suppression Events: 2
Time: 343.29, 
            Production Events: 0, 
            Suppression Events: 0
Time: 344.08, 
            Production Events: 0, 
            Suppression Events: 1
Time: 345.57, 
            Production Events: 0, 
            Suppression Events: 3
Time: 347.23, 
            Production Events: 0, 
            Suppression Events: 1
Time: 347.23, 
            Production Events: 0, 
            Suppression Events: 0
Time: 349.4, 
            Production Events: 0, 
            Suppression Events: 2
Time: 349.4, 
            Production Events: 0, 
            Suppression Events: 0
Time: 351.47, 
            Production Events: 0, 
            Suppression Events: 2
Time: 351.47, 
            Production Events: 0, 
            Suppression Events: 0
Time: 352.6, 
            Production Events: 0, 
            Suppression Events: 1
Time: 353.3, 
            Production Events: 0, 
            Suppression Events: 1
Time: 356.79, 
            Production Events: 0, 
            Suppression Events: 1
Time: 356.79, 
            Production Events: 0, 
            Suppression Events: 0
Time: 356.79, 
            Production Events: 0, 
            Suppression Events: 0
Time: 357.55, 
            Production Events: 0, 
            Suppression Events: 1
Time: 361.0, 
            Production Events: 0, 
            Suppression Events: 1
Time: 361.0, 
            Production Events: 0, 
            Suppression Events: 0
Time: 361.0, 
            Production Events: 0, 
            Suppression Events: 0
Time: 361.0, 
            Production Events: 0, 
            Suppression Events: 0
Time: 362.86, 
            Production Events: 0, 
            Suppression Events: 3
Time: 364.14, 
            Production Events: 0, 
            Suppression Events: 1
Time: 364.14, 
            Production Events: 0, 
            Suppression Events: 0
Time: 365.95, 
            Production Events: 0, 
            Suppression Events: 2
Time: 366.76, 
            Production Events: 0, 
            Suppression Events: 1
Time: 369.25, 
            Production Events: 0, 
            Suppression Events: 2
Time: 369.25, 
            Production Events: 0, 
            Suppression Events: 0
Time: 369.25, 
            Production Events: 0, 
            Suppression Events: 0
Time: 371.16, 
            Production Events: 0, 
            Suppression Events: 1
Time: 371.16, 
            Production Events: 0, 
            Suppression Events: 0
Time: 372.54, 
            Production Events: 0, 
            Suppression Events: 4
Time: 373.1, 
            Production Events: 0, 
            Suppression Events: 2
Time: 375.5, 
            Production Events: 0, 
            Suppression Events: 1
Time: 375.5, 
            Production Events: 0, 
            Suppression Events: 0
Time: 376.4, 
            Production Events: 0, 
            Suppression Events: 2
Time: 377.69, 
            Production Events: 0, 
            Suppression Events: 1
Time: 378.64, 
            Production Events: 0, 
            Suppression Events: 1
Time: 380.26, 
            Production Events: 0, 
            Suppression Events: 1
Time: 380.26, 
            Production Events: 0, 
            Suppression Events: 0
Time: 381.58, 
            Production Events: 0, 
            Suppression Events: 1
Time: 382.57, 
            Production Events: 0, 
            Suppression Events: 1
Time: 384.63, 
            Production Events: 0, 
            Suppression Events: 3
Time: 384.63, 
            Production Events: 0, 
            Suppression Events: 0
Time: 385.24, 
            Production Events: 0, 
            Suppression Events: 1
Time: 389.85, 
            Production Events: 0, 
            Suppression Events: 1
Time: 389.85, 
            Production Events: 0, 
            Suppression Events: 0
Time: 389.85, 
            Production Events: 0, 
            Suppression Events: 0
Time: 389.85, 
            Production Events: 0, 
            Suppression Events: 0
Time: 391.49, 
            Production Events: 0, 
            Suppression Events: 1
Time: 391.49, 
            Production Events: 0, 
            Suppression Events: 0
Time: 392.68, 
            Production Events: 0, 
            Suppression Events: 1
Time: 393.49, 
            Production Events: 0, 
            Suppression Events: 2
Time: 394.01, 
            Production Events: 0, 
            Suppression Events: 1
Time: 395.22, 
            Production Events: 0, 
            Suppression Events: 2
Time: 398.44, 
            Production Events: 0, 
            Suppression Events: 1
Time: 398.44, 
            Production Events: 0, 
            Suppression Events: 0
Time: 398.44, 
            Production Events: 0, 
            Suppression Events: 0
Time: 399.91, 
            Production Events: 0, 
            Suppression Events: 1
Time: 400.84, 
            Production Events: 0, 
            Suppression Events: 1
Time: 401.3, 
            Production Events: 0, 
            Suppression Events: 1
Time: 404.95, 
            Production Events: 0, 
            Suppression Events: 2
Time: 404.95, 
            Production Events: 0, 
            Suppression Events: 0
Time: 404.95, 
            Production Events: 0, 
            Suppression Events: 0
Time: 408.6, 
            Production Events: 0, 
            Suppression Events: 1
Time: 408.6, 
            Production Events: 0, 
            Suppression Events: 0
Time: 408.6, 
            Production Events: 0, 
            Suppression Events: 0
Time: 408.6, 
            Production Events: 0, 
            Suppression Events: 0
Time: 409.13, 
            Production Events: 0, 
            Suppression Events: 2
Time: 410.32, 
            Production Events: 0, 
            Suppression Events: 3
Time: 411.49, 
            Production Events: 0, 
            Suppression Events: 1
Time: 412.35, 
            Production Events: 0, 
            Suppression Events: 1
Time: 413.77, 
            Production Events: 0, 
            Suppression Events: 1
Time: 414.51, 
            Production Events: 0, 
            Suppression Events: 1
Time: 415.77, 
            Production Events: 0, 
            Suppression Events: 1
Time: 417.22, 
            Production Events: 0, 
            Suppression Events: 1
Time: 417.22, 
            Production Events: 0, 
            Suppression Events: 0
Time: 418.44, 
            Production Events: 0, 
            Suppression Events: 3
Time: 419.6, 
            Production Events: 0, 
            Suppression Events: 2
Time: 421.7, 
            Production Events: 0, 
            Suppression Events: 1
Time: 421.7, 
            Production Events: 0, 
            Suppression Events: 0
Time: 423.09, 
            Production Events: 0, 
            Suppression Events: 1
Time: 423.09, 
            Production Events: 0, 
            Suppression Events: 0
Time: 426.38, 
            Production Events: 0, 
            Suppression Events: 1
Time: 426.38, 
            Production Events: 0, 
            Suppression Events: 0
Time: 426.38, 
            Production Events: 0, 
            Suppression Events: 0
Time: 427.69, 
            Production Events: 0, 
            Suppression Events: 3
Time: 428.2, 
            Production Events: 0, 
            Suppression Events: 3
Time: 429.89, 
            Production Events: 0, 
            Suppression Events: 2
Time: 430.9, 
            Production Events: 0, 
            Suppression Events: 1
Time: 431.33, 
            Production Events: 0, 
            Suppression Events: 1
Time: 433.2, 
            Production Events: 0, 
            Suppression Events: 2
Time: 433.2, 
            Production Events: 0, 
            Suppression Events: 0
Time: 435.02, 
            Production Events: 0, 
            Suppression Events: 1
Time: 435.02, 
            Production Events: 0, 
            Suppression Events: 0
Time: 438.14, 
            Production Events: 0, 
            Suppression Events: 1
Time: 438.14, 
            Production Events: 0, 
            Suppression Events: 0
Time: 438.14, 
            Production Events: 0, 
            Suppression Events: 0
Time: 439.73, 
            Production Events: 0, 
            Suppression Events: 1
Time: 440.26, 
            Production Events: 0, 
            Suppression Events: 2
Time: 441.71, 
            Production Events: 0, 
            Suppression Events: 2
Time: 446.02, 
            Production Events: 0, 
            Suppression Events: 1
Time: 446.02, 
            Production Events: 0, 
            Suppression Events: 0
Time: 446.02, 
            Production Events: 0, 
            Suppression Events: 0
Time: 446.02, 
            Production Events: 0, 
            Suppression Events: 0
Time: 446.02, 
            Production Events: 0, 
            Suppression Events: 0
Time: 448.32, 
            Production Events: 0, 
            Suppression Events: 1
Time: 448.32, 
            Production Events: 0, 
            Suppression Events: 0
Time: 449.07, 
            Production Events: 0, 
            Suppression Events: 2
Time: 450.64, 
            Production Events: 0, 
            Suppression Events: 2
Time: 452.12, 
            Production Events: 0, 
            Suppression Events: 1
Time: 452.12, 
            Production Events: 0, 
            Suppression Events: 0
Time: 453.06, 
            Production Events: 0, 
            Suppression Events: 3
Time: 455.55, 
            Production Events: 2, 
            Suppression Events: 1
Time: 455.55, 
            Production Events: 0, 
            Suppression Events: 0
Time: 456.12, 
            Production Events: 0, 
            Suppression Events: 3
Time: 458.14, 
            Production Events: 0, 
            Suppression Events: 1
Time: 458.14, 
            Production Events: 0, 
            Suppression Events: 0
Time: 460.63, 
            Production Events: 0, 
            Suppression Events: 4
Time: 460.63, 
            Production Events: 0, 
            Suppression Events: 0
Time: 461.72, 
            Production Events: 0, 
            Suppression Events: 2
Time: 462.18, 
            Production Events: 0, 
            Suppression Events: 1
Time: 463.22, 
            Production Events: 0, 
            Suppression Events: 2
Time: 464.05, 
            Production Events: 0, 
            Suppression Events: 1
Time: 465.22, 
            Production Events: 0, 
            Suppression Events: 2
Time: 466.07, 
            Production Events: 0, 
            Suppression Events: 2
Time: 468.46, 
            Production Events: 0, 
            Suppression Events: 1
Time: 468.46, 
            Production Events: 0, 
            Suppression Events: 0
Time: 469.42, 
            Production Events: 0, 
            Suppression Events: 2
Time: 471.64, 
            Production Events: 0, 
            Suppression Events: 2
Time: 471.64, 
            Production Events: 0, 
            Suppression Events: 0
Time: 473.82, 
            Production Events: 0, 
            Suppression Events: 1
Time: 473.82, 
            Production Events: 0, 
            Suppression Events: 0
Time: 474.94, 
            Production Events: 0, 
            Suppression Events: 1
Time: 475.47, 
            Production Events: 0, 
            Suppression Events: 1
Time: 476.69, 
            Production Events: 0, 
            Suppression Events: 1
Time: 477.05, 
            Production Events: 0, 
            Suppression Events: 1
Time: 478.42, 
            Production Events: 0, 
            Suppression Events: 1
Time: 479.41, 
            Production Events: 0, 
            Suppression Events: 1
Time: 480.18, 
            Production Events: 0, 
            Suppression Events: 1
Time: 482.12, 
            Production Events: 0, 
            Suppression Events: 3
Time: 482.12, 
            Production Events: 0, 
            Suppression Events: 0
Time: 484.52, 
            Production Events: 0, 
            Suppression Events: 3
Time: 484.52, 
            Production Events: 0, 
            Suppression Events: 0
Time: 485.52, 
            Production Events: 0, 
            Suppression Events: 1
Time: 487.21, 
            Production Events: 0, 
            Suppression Events: 2
Time: 487.21, 
            Production Events: 0, 
            Suppression Events: 0
Time: 489.39, 
            Production Events: 1, 
            Suppression Events: 2
Time: 489.39, 
            Production Events: 0, 
            Suppression Events: 0
Time: 494.15, 
            Production Events: 0, 
            Suppression Events: 1
Time: 494.15, 
            Production Events: 0, 
            Suppression Events: 0
Time: 494.15, 
            Production Events: 0, 
            Suppression Events: 0
Time: 494.15, 
            Production Events: 0, 
            Suppression Events: 0
Time: 494.15, 
            Production Events: 0, 
            Suppression Events: 0
Time: 495.56, 
            Production Events: 0, 
            Suppression Events: 1
Time: 497.38, 
            Production Events: 0, 
            Suppression Events: 2
Time: 497.38, 
            Production Events: 0, 
            Suppression Events: 0
Time: 499.47, 
            Production Events: 0, 
            Suppression Events: 1
Time: 499.47, 
            Production Events: 0, 
            Suppression Events: 0
Time: 500.28, 
            Production Events: 0, 
            Suppression Events: 1
Time: 502.0, 
            Production Events: 0, 
            Suppression Events: 1
Time: 504.84, 
            Production Events: 0, 
            Suppression Events: 1
Time: 504.84, 
            Production Events: 0, 
            Suppression Events: 0
Time: 504.84, 
            Production Events: 0, 
            Suppression Events: 0
Time: 505.54, 
            Production Events: 0, 
            Suppression Events: 1
Time: 507.11, 
            Production Events: 0, 
            Suppression Events: 1
Time: 507.11, 
            Production Events: 0, 
            Suppression Events: 0
Time: 508.33, 
            Production Events: 1, 
            Suppression Events: 2
Time: 509.43, 
            Production Events: 0, 
            Suppression Events: 1
Time: 510.81, 
            Production Events: 0, 
            Suppression Events: 1
Time: 512.21, 
            Production Events: 0, 
            Suppression Events: 1
Time: 512.21, 
            Production Events: 0, 
            Suppression Events: 0
Time: 513.87, 
            Production Events: 0, 
            Suppression Events: 2
Time: 515.96, 
            Production Events: 0, 
            Suppression Events: 1
Time: 515.96, 
            Production Events: 0, 
            Suppression Events: 0
Time: 516.21, 
            Production Events: 0, 
            Suppression Events: 1
Time: 517.66, 
            Production Events: 0, 
            Suppression Events: 1
Time: 518.13, 
            Production Events: 0, 
            Suppression Events: 2
Time: 519.94, 
            Production Events: 0, 
            Suppression Events: 1
Time: 520.15, 
            Production Events: 0, 
            Suppression Events: 1
Time: 521.62, 
            Production Events: 0, 
            Suppression Events: 1
Time: 522.81, 
            Production Events: 0, 
            Suppression Events: 1
Time: 524.04, 
            Production Events: 0, 
            Suppression Events: 1
Time: 524.04, 
            Production Events: 0, 
            Suppression Events: 0
Time: 526.99, 
            Production Events: 0, 
            Suppression Events: 3
Time: 526.99, 
            Production Events: 0, 
            Suppression Events: 0
Time: 528.24, 
            Production Events: 0, 
            Suppression Events: 1
Time: 528.24, 
            Production Events: 0, 
            Suppression Events: 0
Time: 529.4, 
            Production Events: 0, 
            Suppression Events: 1
Time: 530.6, 
            Production Events: 0, 
            Suppression Events: 1
Time: 531.91, 
            Production Events: 0, 
            Suppression Events: 2
Time: 532.91, 
            Production Events: 0, 
            Suppression Events: 1
Time: 533.25, 
            Production Events: 0, 
            Suppression Events: 1
Time: 534.69, 
            Production Events: 0, 
            Suppression Events: 3
Time: 535.72, 
            Production Events: 0, 
            Suppression Events: 1
Time: 536.3, 
            Production Events: 0, 
            Suppression Events: 1
Time: 539.95, 
            Production Events: 0, 
            Suppression Events: 1
Time: 539.95, 
            Production Events: 0, 
            Suppression Events: 0
Time: 539.95, 
            Production Events: 0, 
            Suppression Events: 0
Time: 541.62, 
            Production Events: 0, 
            Suppression Events: 1
Time: 541.62, 
            Production Events: 0, 
            Suppression Events: 0
Time: 542.02, 
            Production Events: 0, 
            Suppression Events: 1
Time: 543.08, 
            Production Events: 0, 
            Suppression Events: 2
Time: 544.58, 
            Production Events: 0, 
            Suppression Events: 3
Time: 545.21, 
            Production Events: 0, 
            Suppression Events: 1
Time: 548.46, 
            Production Events: 0, 
            Suppression Events: 2
Time: 548.46, 
            Production Events: 0, 
            Suppression Events: 0
Time: 548.46, 
            Production Events: 0, 
            Suppression Events: 0
Time: 549.47, 
            Production Events: 0, 
            Suppression Events: 1
Time: 551.07, 
            Production Events: 0, 
            Suppression Events: 2
Time: 551.07, 
            Production Events: 0, 
            Suppression Events: 0
Time: 552.13, 
            Production Events: 0, 
            Suppression Events: 2
Time: 554.04, 
            Production Events: 0, 
            Suppression Events: 2
Time: 554.04, 
            Production Events: 0, 
            Suppression Events: 0
Time: 555.38, 
            Production Events: 0, 
            Suppression Events: 1
Time: 556.13, 
            Production Events: 0, 
            Suppression Events: 2
Time: 557.34, 
            Production Events: 0, 
            Suppression Events: 1
Time: 560.7, 
            Production Events: 0, 
            Suppression Events: 1
Time: 560.7, 
            Production Events: 0, 
            Suppression Events: 0
Time: 560.7, 
            Production Events: 0, 
            Suppression Events: 0
Time: 561.5, 
            Production Events: 0, 
            Suppression Events: 1
Time: 562.42, 
            Production Events: 0, 
            Suppression Events: 1
Time: 563.54, 
            Production Events: 0, 
            Suppression Events: 1
Time: 566.21, 
            Production Events: 0, 
            Suppression Events: 1
Time: 566.21, 
            Production Events: 0, 
            Suppression Events: 0
Time: 566.21, 
            Production Events: 0, 
            Suppression Events: 0
Time: 567.5, 
            Production Events: 0, 
            Suppression Events: 1
Time: 568.08, 
            Production Events: 0, 
            Suppression Events: 2
Time: 570.02, 
            Production Events: 0, 
            Suppression Events: 4
Time: 570.02, 
            Production Events: 0, 
            Suppression Events: 0
Time: 571.37, 
            Production Events: 0, 
            Suppression Events: 3
Time: 572.68, 
            Production Events: 0, 
            Suppression Events: 1
Time: 573.68, 
            Production Events: 0, 
            Suppression Events: 1
Time: 574.05, 
            Production Events: 0, 
            Suppression Events: 1
Time: 577.81, 
            Production Events: 0, 
            Suppression Events: 1
Time: 577.81, 
            Production Events: 0, 
            Suppression Events: 0
Time: 577.81, 
            Production Events: 0, 
            Suppression Events: 0
Time: 580.69, 
            Production Events: 0, 
            Suppression Events: 2
Time: 580.69, 
            Production Events: 0, 
            Suppression Events: 0
Time: 580.69, 
            Production Events: 0, 
            Suppression Events: 0
Time: 582.48, 
            Production Events: 0, 
            Suppression Events: 1
Time: 582.48, 
            Production Events: 0, 
            Suppression Events: 0
Time: 584.01, 
            Production Events: 0, 
            Suppression Events: 1
Time: 584.01, 
            Production Events: 0, 
            Suppression Events: 0
Time: 585.66, 
            Production Events: 0, 
            Suppression Events: 4
Time: 586.7, 
            Production Events: 0, 
            Suppression Events: 1
Time: 587.21, 
            Production Events: 0, 
            Suppression Events: 1
Time: 589.15, 
            Production Events: 0, 
            Suppression Events: 2
Time: 589.15, 
            Production Events: 0, 
            Suppression Events: 0
Time: 590.36, 
            Production Events: 0, 
            Suppression Events: 3
Time: 592.74, 
            Production Events: 1, 
            Suppression Events: 0
Time: 592.74, 
            Production Events: 0, 
            Suppression Events: 0
Time: 594.19, 
            Production Events: 0, 
            Suppression Events: 2
Time: 594.19, 
            Production Events: 0, 
            Suppression Events: 0
Time: 595.27, 
            Production Events: 0, 
            Suppression Events: 1
Time: 602.24, 
            Production Events: 1, 
            Suppression Events: 3
Time: 602.24, 
            Production Events: 0, 
            Suppression Events: 0
Time: 602.24, 
            Production Events: 0, 
            Suppression Events: 0
Time: 602.24, 
            Production Events: 0, 
            Suppression Events: 0
Time: 602.24, 
            Production Events: 0, 
            Suppression Events: 0
Time: 602.24, 
            Production Events: 0, 
            Suppression Events: 0
Time: 602.24, 
            Production Events: 0, 
            Suppression Events: 0
Time: 604.42, 
            Production Events: 0, 
            Suppression Events: 2
Time: 604.42, 
            Production Events: 0, 
            Suppression Events: 0
Time: 606.47, 
            Production Events: 0, 
            Suppression Events: 2
Time: 606.47, 
            Production Events: 0, 
            Suppression Events: 0
Time: 610.53, 
            Production Events: 0, 
            Suppression Events: 1
Time: 610.53, 
            Production Events: 0, 
            Suppression Events: 0
Time: 610.53, 
            Production Events: 0, 
            Suppression Events: 0
Time: 610.53, 
            Production Events: 0, 
            Suppression Events: 0
Time: 611.66, 
            Production Events: 0, 
            Suppression Events: 2
Time: 619.18, 
            Production Events: 0, 
            Suppression Events: 1
Time: 619.18, 
            Production Events: 0, 
            Suppression Events: 0
Time: 619.18, 
            Production Events: 0, 
            Suppression Events: 0
Time: 619.18, 
            Production Events: 0, 
            Suppression Events: 0
Time: 619.18, 
            Production Events: 0, 
            Suppression Events: 0
Time: 619.18, 
            Production Events: 0, 
            Suppression Events: 0
Time: 619.18, 
            Production Events: 0, 
            Suppression Events: 0
Time: 619.18, 
            Production Events: 0, 
            Suppression Events: 0
Time: 620.49, 
            Production Events: 0, 
            Suppression Events: 1
Time: 621.76, 
            Production Events: 0, 
            Suppression Events: 2
Time: 622.14, 
            Production Events: 0, 
            Suppression Events: 1
Time: 624.81, 
            Production Events: 0, 
            Suppression Events: 2
Time: 624.81, 
            Production Events: 0, 
            Suppression Events: 0
Time: 629.09, 
            Production Events: 0, 
            Suppression Events: 2
Time: 629.09, 
            Production Events: 0, 
            Suppression Events: 0
Time: 629.09, 
            Production Events: 0, 
            Suppression Events: 0
Time: 629.09, 
            Production Events: 0, 
            Suppression Events: 0
Time: 629.09, 
            Production Events: 0, 
            Suppression Events: 0
Time: 632.66, 
            Production Events: 0, 
            Suppression Events: 2
Time: 632.66, 
            Production Events: 0, 
            Suppression Events: 0
Time: 632.66, 
            Production Events: 0, 
            Suppression Events: 0
Time: 634.33, 
            Production Events: 0, 
            Suppression Events: 2
Time: 634.33, 
            Production Events: 0, 
            Suppression Events: 0
Time: 635.5, 
            Production Events: 0, 
            Suppression Events: 1
Time: 636.57, 
            Production Events: 0, 
            Suppression Events: 2
Time: 637.4, 
            Production Events: 0, 
            Suppression Events: 2
Time: 638.65, 
            Production Events: 0, 
            Suppression Events: 1
Time: 640.72, 
            Production Events: 0, 
            Suppression Events: 1
Time: 640.72, 
            Production Events: 0, 
            Suppression Events: 0
Time: 641.96, 
            Production Events: 0, 
            Suppression Events: 1
Time: 642.16, 
            Production Events: 0, 
            Suppression Events: 1
Time: 644.86, 
            Production Events: 0, 
            Suppression Events: 1
Time: 644.86, 
            Production Events: 0, 
            Suppression Events: 0
Time: 646.15, 
            Production Events: 0, 
            Suppression Events: 1
Time: 646.15, 
            Production Events: 0, 
            Suppression Events: 0
Time: 647.15, 
            Production Events: 1, 
            Suppression Events: 1
Time: 649.91, 
            Production Events: 0, 
            Suppression Events: 1
Time: 649.91, 
            Production Events: 0, 
            Suppression Events: 0
Time: 650.35, 
            Production Events: 1, 
            Suppression Events: 0
Time: 651.12, 
            Production Events: 0, 
            Suppression Events: 2
Time: 654.75, 
            Production Events: 0, 
            Suppression Events: 2
Time: 654.75, 
            Production Events: 0, 
            Suppression Events: 0
Time: 654.75, 
            Production Events: 0, 
            Suppression Events: 0
Time: 656.53, 
            Production Events: 1, 
            Suppression Events: 0
Time: 656.53, 
            Production Events: 0, 
            Suppression Events: 0
Time: 657.5, 
            Production Events: 0, 
            Suppression Events: 1
Time: 658.09, 
            Production Events: 0, 
            Suppression Events: 3
Time: 659.89, 
            Production Events: 0, 
            Suppression Events: 1
Time: 660.5, 
            Production Events: 0, 
            Suppression Events: 1
Time: 661.05, 
            Production Events: 0, 
            Suppression Events: 1
Time: 663.54, 
            Production Events: 0, 
            Suppression Events: 4
Time: 663.54, 
            Production Events: 0, 
            Suppression Events: 0
Time: 664.59, 
            Production Events: 0, 
            Suppression Events: 2
Time: 665.16, 
            Production Events: 0, 
            Suppression Events: 1
Time: 666.22, 
            Production Events: 0, 
            Suppression Events: 2
Time: 667.71, 
            Production Events: 0, 
            Suppression Events: 2
Time: 669.08, 
            Production Events: 0, 
            Suppression Events: 2
Time: 669.08, 
            Production Events: 0, 
            Suppression Events: 0
Time: 670.15, 
            Production Events: 0, 
            Suppression Events: 3
Time: 671.76, 
            Production Events: 0, 
            Suppression Events: 3
Time: 673.09, 
            Production Events: 0, 
            Suppression Events: 1
Time: 673.09, 
            Production Events: 0, 
            Suppression Events: 0
Time: 674.9, 
            Production Events: 0, 
            Suppression Events: 2
Time: 675.38, 
            Production Events: 0, 
            Suppression Events: 1
Time: 676.94, 
            Production Events: 0, 
            Suppression Events: 2
Time: 677.36, 
            Production Events: 0, 
            Suppression Events: 1
Time: 678.94, 
            Production Events: 0, 
            Suppression Events: 1
Time: 679.3, 
            Production Events: 0, 
            Suppression Events: 1
Time: 680.02, 
            Production Events: 0, 
            Suppression Events: 2
Time: 681.76, 
            Production Events: 0, 
            Suppression Events: 2
Time: 682.92, 
            Production Events: 0, 
            Suppression Events: 1
Time: 683.68, 
            Production Events: 0, 
            Suppression Events: 1
Time: 685.75, 
            Production Events: 0, 
            Suppression Events: 1
Time: 685.75, 
            Production Events: 0, 
            Suppression Events: 0
Time: 687.13, 
            Production Events: 0, 
            Suppression Events: 1
Time: 687.13, 
            Production Events: 0, 
            Suppression Events: 0
Time: 691.12, 
            Production Events: 0, 
            Suppression Events: 2
Time: 691.12, 
            Production Events: 0, 
            Suppression Events: 0
Time: 691.12, 
            Production Events: 0, 
            Suppression Events: 0
Time: 691.12, 
            Production Events: 0, 
            Suppression Events: 0
Time: 693.13, 
            Production Events: 0, 
            Suppression Events: 1
Time: 693.13, 
            Production Events: 0, 
            Suppression Events: 0
Time: 694.59, 
            Production Events: 0, 
            Suppression Events: 1
Time: 695.19, 
            Production Events: 0, 
            Suppression Events: 2
Time: 696.52, 
            Production Events: 0, 
            Suppression Events: 2
Time: 697.38, 
            Production Events: 0, 
            Suppression Events: 1
Time: 698.77, 
            Production Events: 0, 
            Suppression Events: 1
Time: 699.04, 
            Production Events: 0, 
            Suppression Events: 1
Time: 701.19, 
            Production Events: 0, 
            Suppression Events: 3
Time: 701.19, 
            Production Events: 0, 
            Suppression Events: 0
Time: 702.51, 
            Production Events: 0, 
            Suppression Events: 4
Time: 704.82, 
            Production Events: 0, 
            Suppression Events: 1
Time: 704.82, 
            Production Events: 0, 
            Suppression Events: 0
Time: 706.58, 
            Production Events: 0, 
            Suppression Events: 1
Time: 706.58, 
            Production Events: 0, 
            Suppression Events: 0
Time: 707.41, 
            Production Events: 0, 
            Suppression Events: 1
Time: 708.34, 
            Production Events: 0, 
            Suppression Events: 1
Time: 709.19, 
            Production Events: 0, 
            Suppression Events: 1
Time: 712.13, 
            Production Events: 0, 
            Suppression Events: 3
Time: 712.13, 
            Production Events: 0, 
            Suppression Events: 0
Time: 712.13, 
            Production Events: 0, 
            Suppression Events: 0
Time: 716.31, 
            Production Events: 0, 
            Suppression Events: 2
Time: 716.31, 
            Production Events: 0, 
            Suppression Events: 0
Time: 716.31, 
            Production Events: 0, 
            Suppression Events: 0
Time: 716.31, 
            Production Events: 0, 
            Suppression Events: 0
Time: 719.31, 
            Production Events: 0, 
            Suppression Events: 1
Time: 719.31, 
            Production Events: 0, 
            Suppression Events: 0
Time: 719.31, 
            Production Events: 0, 
            Suppression Events: 0
Time: 720.01, 
            Production Events: 0, 
            Suppression Events: 1
Time: 721.1, 
            Production Events: 0, 
            Suppression Events: 2
Time: 722.49, 
            Production Events: 0, 
            Suppression Events: 2
Time: 724.07, 
            Production Events: 0, 
            Suppression Events: 1
Time: 724.07, 
            Production Events: 0, 
            Suppression Events: 0
Time: 725.25, 
            Production Events: 0, 
            Suppression Events: 1
Time: 727.32, 
            Production Events: 0, 
            Suppression Events: 3
Time: 727.32, 
            Production Events: 0, 
            Suppression Events: 0
Time: 732.79, 
            Production Events: 0, 
            Suppression Events: 3
Time: 732.79, 
            Production Events: 0, 
            Suppression Events: 0
Time: 732.79, 
            Production Events: 0, 
            Suppression Events: 0
Time: 732.79, 
            Production Events: 0, 
            Suppression Events: 0
Time: 732.79, 
            Production Events: 0, 
            Suppression Events: 0
Time: 733.16, 
            Production Events: 0, 
            Suppression Events: 1
Time: 734.51, 
            Production Events: 0, 
            Suppression Events: 1
Time: 736.64, 
            Production Events: 0, 
            Suppression Events: 1
Time: 736.64, 
            Production Events: 0, 
            Suppression Events: 0
Time: 737.46, 
            Production Events: 0, 
            Suppression Events: 1
Time: 738.58, 
            Production Events: 0, 
            Suppression Events: 1
Time: 739.31, 
            Production Events: 0, 
            Suppression Events: 1
Time: 740.03, 
            Production Events: 0, 
            Suppression Events: 2
Time: 741.04, 
            Production Events: 0, 
            Suppression Events: 2
Time: 743.06, 
            Production Events: 0, 
            Suppression Events: 1
Time: 743.06, 
            Production Events: 0, 
            Suppression Events: 0
Time: 744.93, 
            Production Events: 0, 
            Suppression Events: 1
Time: 747.1, 
            Production Events: 0, 
            Suppression Events: 1
Time: 747.1, 
            Production Events: 0, 
            Suppression Events: 0
Time: 747.1, 
            Production Events: 0, 
            Suppression Events: 0
Time: 748.22, 
            Production Events: 0, 
            Suppression Events: 1
Time: 749.43, 
            Production Events: 0, 
            Suppression Events: 1
Time: 750.71, 
            Production Events: 0, 
            Suppression Events: 1
Time: 751.53, 
            Production Events: 0, 
            Suppression Events: 2
Time: 752.02, 
            Production Events: 0, 
            Suppression Events: 1
Time: 755.5, 
            Production Events: 0, 
            Suppression Events: 1
Time: 755.5, 
            Production Events: 0, 
            Suppression Events: 0
Time: 755.5, 
            Production Events: 0, 
            Suppression Events: 0
Time: 756.52, 
            Production Events: 0, 
            Suppression Events: 1
Time: 757.72, 
            Production Events: 0, 
            Suppression Events: 1
Time: 759.07, 
            Production Events: 0, 
            Suppression Events: 1
Time: 759.07, 
            Production Events: 0, 
            Suppression Events: 0
Time: 761.35, 
            Production Events: 0, 
            Suppression Events: 2
Time: 761.35, 
            Production Events: 0, 
            Suppression Events: 0
Time: 762.4, 
            Production Events: 0, 
            Suppression Events: 2
Time: 763.46, 
            Production Events: 0, 
            Suppression Events: 1
Time: 765.49, 
            Production Events: 0, 
            Suppression Events: 1
Time: 765.49, 
            Production Events: 0, 
            Suppression Events: 0
Time: 766.85, 
            Production Events: 0, 
            Suppression Events: 2
Time: 767.89, 
            Production Events: 0, 
            Suppression Events: 1
Time: 768.76, 
            Production Events: 0, 
            Suppression Events: 1
Time: 770.07, 
            Production Events: 0, 
            Suppression Events: 1
Time: 770.07, 
            Production Events: 0, 
            Suppression Events: 0
Time: 772.69, 
            Production Events: 0, 
            Suppression Events: 1
Time: 772.69, 
            Production Events: 0, 
            Suppression Events: 0
Time: 773.53, 
            Production Events: 0, 
            Suppression Events: 1
Time: 774.57, 
            Production Events: 0, 
            Suppression Events: 3
Time: 778.07, 
            Production Events: 0, 
            Suppression Events: 1
Time: 778.07, 
            Production Events: 0, 
            Suppression Events: 0
Time: 778.07, 
            Production Events: 0, 
            Suppression Events: 0
Time: 778.07, 
            Production Events: 0, 
            Suppression Events: 0
Time: 780.71, 
            Production Events: 0, 
            Suppression Events: 1
Time: 780.71, 
            Production Events: 0, 
            Suppression Events: 0
Time: 781.4, 
            Production Events: 0, 
            Suppression Events: 2
Time: 783.69, 
            Production Events: 0, 
            Suppression Events: 1
Time: 783.69, 
            Production Events: 0, 
            Suppression Events: 0
Time: 784.4, 
            Production Events: 1, 
            Suppression Events: 0
Time: 786.11, 
            Production Events: 0, 
            Suppression Events: 1
Time: 786.11, 
            Production Events: 0, 
            Suppression Events: 0
Time: 787.36, 
            Production Events: 0, 
            Suppression Events: 3
Time: 788.87, 
            Production Events: 0, 
            Suppression Events: 2
Time: 789.71, 
            Production Events: 0, 
            Suppression Events: 1
Time: 790.36, 
            Production Events: 0, 
            Suppression Events: 2
Time: 791.68, 
            Production Events: 0, 
            Suppression Events: 3
Time: 792.78, 
            Production Events: 0, 
            Suppression Events: 1
Time: 794.21, 
            Production Events: 0, 
            Suppression Events: 1
Time: 794.21, 
            Production Events: 0, 
            Suppression Events: 0
Time: 795.11, 
            Production Events: 1, 
            Suppression Events: 1
Time: 796.05, 
            Production Events: 0, 
            Suppression Events: 2
Time: 800.49, 
            Production Events: 0, 
            Suppression Events: 2
Time: 800.49, 
            Production Events: 0, 
            Suppression Events: 0
Time: 800.49, 
            Production Events: 0, 
            Suppression Events: 0
Time: 800.49, 
            Production Events: 0, 
            Suppression Events: 0
Time: 801.55, 
            Production Events: 0, 
            Suppression Events: 1
Time: 804.18, 
            Production Events: 0, 
            Suppression Events: 1
Time: 804.18, 
            Production Events: 0, 
            Suppression Events: 0
Time: 804.18, 
            Production Events: 0, 
            Suppression Events: 0
Time: 807.75, 
            Production Events: 1, 
            Suppression Events: 2
Time: 807.75, 
            Production Events: 0, 
            Suppression Events: 0
Time: 807.75, 
            Production Events: 0, 
            Suppression Events: 0
Time: 808.47, 
            Production Events: 0, 
            Suppression Events: 1
Time: 809.88, 
            Production Events: 0, 
            Suppression Events: 1
Time: 810.35, 
            Production Events: 0, 
            Suppression Events: 2
Time: 811.94, 
            Production Events: 0, 
            Suppression Events: 2
Time: 812.44, 
            Production Events: 0, 
            Suppression Events: 1
Time: 813.21, 
            Production Events: 0, 
            Suppression Events: 1
Time: 814.02, 
            Production Events: 0, 
            Suppression Events: 1
Time: 816.02, 
            Production Events: 0, 
            Suppression Events: 2
Time: 816.02, 
            Production Events: 0, 
            Suppression Events: 0
Time: 817.42, 
            Production Events: 0, 
            Suppression Events: 2
Time: 819.26, 
            Production Events: 0, 
            Suppression Events: 1
Time: 819.26, 
            Production Events: 0, 
            Suppression Events: 0
Time: 820.45, 
            Production Events: 0, 
            Suppression Events: 1
Time: 821.58, 
            Production Events: 0, 
            Suppression Events: 1
Time: 822.25, 
            Production Events: 0, 
            Suppression Events: 2
Time: 823.4, 
            Production Events: 2, 
            Suppression Events: 0
Time: 824.22, 
            Production Events: 0, 
            Suppression Events: 2
Time: 825.62, 
            Production Events: 0, 
            Suppression Events: 2
Time: 829.51, 
            Production Events: 0, 
            Suppression Events: 2
Time: 829.51, 
            Production Events: 0, 
            Suppression Events: 0
Time: 829.51, 
            Production Events: 0, 
            Suppression Events: 0
Time: 829.51, 
            Production Events: 0, 
            Suppression Events: 0
Time: 830.82, 
            Production Events: 0, 
            Suppression Events: 1
Time: 831.5, 
            Production Events: 0, 
            Suppression Events: 1
Time: 832.96, 
            Production Events: 0, 
            Suppression Events: 1
Time: 833.0, 
            Production Events: 0, 
            Suppression Events: 1
Time: 834.47, 
            Production Events: 0, 
            Suppression Events: 1
Time: 838.64, 
            Production Events: 0, 
            Suppression Events: 1
Time: 838.64, 
            Production Events: 0, 
            Suppression Events: 0
Time: 838.64, 
            Production Events: 0, 
            Suppression Events: 0
Time: 838.64, 
            Production Events: 0, 
            Suppression Events: 0
Time: 841.31, 
            Production Events: 0, 
            Suppression Events: 1
Time: 841.31, 
            Production Events: 0, 
            Suppression Events: 0
Time: 841.31, 
            Production Events: 0, 
            Suppression Events: 0
Time: 842.76, 
            Production Events: 0, 
            Suppression Events: 1
Time: 844.59, 
            Production Events: 0, 
            Suppression Events: 1
Time: 844.59, 
            Production Events: 0, 
            Suppression Events: 0
Time: 845.78, 
            Production Events: 0, 
            Suppression Events: 1
Time: 846.09, 
            Production Events: 0, 
            Suppression Events: 1
Time: 847.35, 
            Production Events: 0, 
            Suppression Events: 2
Time: 848.32, 
            Production Events: 0, 
            Suppression Events: 3
Time: 849.08, 
            Production Events: 0, 
            Suppression Events: 2
Time: 850.16, 
            Production Events: 0, 
            Suppression Events: 2
Time: 852.02, 
            Production Events: 0, 
            Suppression Events: 2
Time: 852.02, 
            Production Events: 0, 
            Suppression Events: 0
Time: 854.2, 
            Production Events: 0, 
            Suppression Events: 2
Time: 854.2, 
            Production Events: 0, 
            Suppression Events: 0
Time: 855.87, 
            Production Events: 0, 
            Suppression Events: 1
Time: 856.55, 
            Production Events: 0, 
            Suppression Events: 1
Time: 858.67, 
            Production Events: 0, 
            Suppression Events: 3
Time: 858.67, 
            Production Events: 0, 
            Suppression Events: 0
Time: 859.03, 
            Production Events: 0, 
            Suppression Events: 1
Time: 860.92, 
            Production Events: 0, 
            Suppression Events: 2
Time: 861.2, 
            Production Events: 0, 
            Suppression Events: 2
Time: 862.28, 
            Production Events: 0, 
            Suppression Events: 1
Time: 864.15, 
            Production Events: 0, 
            Suppression Events: 1
Time: 864.15, 
            Production Events: 0, 
            Suppression Events: 0
Time: 865.06, 
            Production Events: 0, 
            Suppression Events: 1
Time: 866.43, 
            Production Events: 0, 
            Suppression Events: 3
Time: 871.51, 
            Production Events: 0, 
            Suppression Events: 2
Time: 871.51, 
            Production Events: 0, 
            Suppression Events: 0
Time: 871.51, 
            Production Events: 0, 
            Suppression Events: 0
Time: 871.51, 
            Production Events: 0, 
            Suppression Events: 0
Time: 871.51, 
            Production Events: 0, 
            Suppression Events: 0
Time: 873.39, 
            Production Events: 0, 
            Suppression Events: 2
Time: 873.39, 
            Production Events: 0, 
            Suppression Events: 0
Time: 876.25, 
            Production Events: 0, 
            Suppression Events: 2
Time: 876.25, 
            Production Events: 0, 
            Suppression Events: 0
Time: 876.25, 
            Production Events: 0, 
            Suppression Events: 0
Time: 878.16, 
            Production Events: 0, 
            Suppression Events: 2
Time: 878.16, 
            Production Events: 0, 
            Suppression Events: 0
Time: 880.85, 
            Production Events: 0, 
            Suppression Events: 2
Time: 880.85, 
            Production Events: 0, 
            Suppression Events: 0
Time: 882.05, 
            Production Events: 0, 
            Suppression Events: 1
Time: 882.05, 
            Production Events: 0, 
            Suppression Events: 0
Time: 883.35, 
            Production Events: 0, 
            Suppression Events: 3
Time: 884.02, 
            Production Events: 1, 
            Suppression Events: 0
Time: 886.59, 
            Production Events: 0, 
            Suppression Events: 1
Time: 886.59, 
            Production Events: 0, 
            Suppression Events: 0
Time: 888.02, 
            Production Events: 0, 
            Suppression Events: 1
Time: 888.02, 
            Production Events: 0, 
            Suppression Events: 0
Time: 890.74, 
            Production Events: 0, 
            Suppression Events: 1
Time: 890.74, 
            Production Events: 0, 
            Suppression Events: 0
Time: 891.17, 
            Production Events: 0, 
            Suppression Events: 2
Time: 892.0, 
            Production Events: 0, 
            Suppression Events: 1
Time: 893.14, 
            Production Events: 0, 
            Suppression Events: 2
Time: 894.69, 
            Production Events: 0, 
            Suppression Events: 2
Time: 895.63, 
            Production Events: 0, 
            Suppression Events: 1
Time: 896.88, 
            Production Events: 0, 
            Suppression Events: 2
Time: 897.19, 
            Production Events: 0, 
            Suppression Events: 2
Time: 899.59, 
            Production Events: 0, 
            Suppression Events: 3
Time: 899.59, 
            Production Events: 0, 
            Suppression Events: 0
Time: 900.85, 
            Production Events: 0, 
            Suppression Events: 1
Time: 901.47, 
            Production Events: 0, 
            Suppression Events: 1
Time: 904.03, 
            Production Events: 0, 
            Suppression Events: 1
Time: 904.03, 
            Production Events: 0, 
            Suppression Events: 0
Time: 904.03, 
            Production Events: 0, 
            Suppression Events: 0
Time: 905.43, 
            Production Events: 0, 
            Suppression Events: 2
Time: 910.8, 
            Production Events: 0, 
            Suppression Events: 3
Time: 910.8, 
            Production Events: 0, 
            Suppression Events: 0
Time: 910.8, 
            Production Events: 0, 
            Suppression Events: 0
Time: 910.8, 
            Production Events: 0, 
            Suppression Events: 0
Time: 910.8, 
            Production Events: 0, 
            Suppression Events: 0
Time: 911.84, 
            Production Events: 0, 
            Suppression Events: 1
Time: 912.95, 
            Production Events: 0, 
            Suppression Events: 1
Time: 916.6, 
            Production Events: 0, 
            Suppression Events: 1
Time: 916.6, 
            Production Events: 0, 
            Suppression Events: 0
Time: 916.6, 
            Production Events: 0, 
            Suppression Events: 0
Time: 916.6, 
            Production Events: 0, 
            Suppression Events: 0
Time: 919.67, 
            Production Events: 0, 
            Suppression Events: 1
Time: 919.67, 
            Production Events: 0, 
            Suppression Events: 0
Time: 919.67, 
            Production Events: 0, 
            Suppression Events: 0
Time: 920.81, 
            Production Events: 0, 
            Suppression Events: 1
Time: 921.45, 
            Production Events: 0, 
            Suppression Events: 1
Time: 923.75, 
            Production Events: 0, 
            Suppression Events: 1
Time: 923.75, 
            Production Events: 0, 
            Suppression Events: 0
Time: 924.51, 
            Production Events: 0, 
            Suppression Events: 1
Time: 928.03, 
            Production Events: 0, 
            Suppression Events: 1
Time: 928.03, 
            Production Events: 0, 
            Suppression Events: 0
Time: 928.03, 
            Production Events: 0, 
            Suppression Events: 0
Time: 928.03, 
            Production Events: 0, 
            Suppression Events: 0
Time: 929.88, 
            Production Events: 0, 
            Suppression Events: 3
Time: 930.75, 
            Production Events: 0, 
            Suppression Events: 1
Time: 934.19, 
            Production Events: 0, 
            Suppression Events: 1
Time: 934.19, 
            Production Events: 0, 
            Suppression Events: 0
Time: 934.19, 
            Production Events: 0, 
            Suppression Events: 0
Time: 934.19, 
            Production Events: 0, 
            Suppression Events: 0
Time: 935.66, 
            Production Events: 0, 
            Suppression Events: 1
Time: 936.02, 
            Production Events: 0, 
            Suppression Events: 1
Time: 937.13, 
            Production Events: 0, 
            Suppression Events: 1
Time: 938.27, 
            Production Events: 0, 
            Suppression Events: 1
Time: 939.33, 
            Production Events: 0, 
            Suppression Events: 1
Time: 940.28, 
            Production Events: 0, 
            Suppression Events: 1
Time: 942.3, 
            Production Events: 0, 
            Suppression Events: 2
Time: 942.3, 
            Production Events: 0, 
            Suppression Events: 0
Time: 943.33, 
            Production Events: 0, 
            Suppression Events: 1
Time: 945.52, 
            Production Events: 0, 
            Suppression Events: 2
Time: 945.52, 
            Production Events: 0, 
            Suppression Events: 0
Time: 947.26, 
            Production Events: 0, 
            Suppression Events: 1
Time: 947.26, 
            Production Events: 0, 
            Suppression Events: 0
Time: 948.66, 
            Production Events: 0, 
            Suppression Events: 1
Time: 951.38, 
            Production Events: 0, 
            Suppression Events: 1
Time: 951.38, 
            Production Events: 0, 
            Suppression Events: 0
Time: 951.38, 
            Production Events: 0, 
            Suppression Events: 0
Time: 952.28, 
            Production Events: 0, 
            Suppression Events: 1
Time: 953.51, 
            Production Events: 0, 
            Suppression Events: 2
Time: 954.21, 
            Production Events: 1, 
            Suppression Events: 1
Time: 955.05, 
            Production Events: 0, 
            Suppression Events: 1
Time: 956.43, 
            Production Events: 0, 
            Suppression Events: 1
Time: 957.08, 
            Production Events: 0, 
            Suppression Events: 3
Time: 958.24, 
            Production Events: 0, 
            Suppression Events: 4
Time: 959.53, 
            Production Events: 0, 
            Suppression Events: 2
Time: 960.45, 
            Production Events: 0, 
            Suppression Events: 1
Time: 962.31, 
            Production Events: 0, 
            Suppression Events: 3
Time: 962.31, 
            Production Events: 0, 
            Suppression Events: 0
Time: 963.17, 
            Production Events: 0, 
            Suppression Events: 2
Time: 966.3, 
            Production Events: 0, 
            Suppression Events: 3
Time: 966.3, 
            Production Events: 0, 
            Suppression Events: 0
Time: 966.3, 
            Production Events: 0, 
            Suppression Events: 0
Time: 967.38, 
            Production Events: 0, 
            Suppression Events: 3
Time: 969.38, 
            Production Events: 0, 
            Suppression Events: 1
Time: 969.38, 
            Production Events: 0, 
            Suppression Events: 0
Time: 971.09, 
            Production Events: 0, 
            Suppression Events: 1
Time: 971.09, 
            Production Events: 0, 
            Suppression Events: 0
Time: 973.92, 
            Production Events: 0, 
            Suppression Events: 2
Time: 973.92, 
            Production Events: 0, 
            Suppression Events: 0
Time: 974.38, 
            Production Events: 0, 
            Suppression Events: 2
Time: 975.89, 
            Production Events: 0, 
            Suppression Events: 2
Time: 977.68, 
            Production Events: 0, 
            Suppression Events: 3
Time: 977.68, 
            Production Events: 0, 
            Suppression Events: 0
Time: 978.19, 
            Production Events: 0, 
            Suppression Events: 3
Time: 979.79, 
            Production Events: 0, 
            Suppression Events: 2
Time: 983.43, 
            Production Events: 1, 
            Suppression Events: 0
Time: 983.43, 
            Production Events: 0, 
            Suppression Events: 0
Time: 983.43, 
            Production Events: 0, 
            Suppression Events: 0
Time: 983.43, 
            Production Events: 0, 
            Suppression Events: 0
Time: 984.47, 
            Production Events: 1, 
            Suppression Events: 1
Time: 985.12, 
            Production Events: 0, 
            Suppression Events: 2
Time: 986.96, 
            Production Events: 0, 
            Suppression Events: 1
Time: 988.39, 
            Production Events: 0, 
            Suppression Events: 1
Time: 988.39, 
            Production Events: 0, 
            Suppression Events: 0
Time: 989.63, 
            Production Events: 0, 
            Suppression Events: 1
Time: 991.8, 
            Production Events: 0, 
            Suppression Events: 1
Time: 991.8, 
            Production Events: 0, 
            Suppression Events: 0
Time: 992.56, 
            Production Events: 0, 
            Suppression Events: 1
Time: 993.19, 
            Production Events: 0, 
            Suppression Events: 1
Time: 995.02, 
            Production Events: 0, 
            Suppression Events: 1
Time: 995.02, 
            Production Events: 0, 
            Suppression Events: 0
Time: 997.45, 
            Production Events: 0, 
            Suppression Events: 2
Time: 997.45, 
            Production Events: 0, 
            Suppression Events: 0
Time: 998.25, 
            Production Events: 0, 
            Suppression Events: 1
Time: 1001.37, 
            Production Events: 0, 
            Suppression Events: 2
Time: 1001.37, 
            Production Events: 0, 
            Suppression Events: 0
Simulation completed:
  Final time: 1001.3663554727523
  Total events: 988
  Wall time: 6137.09 seconds

Saving simulation results with clean separation...
Task evolution saved to: 5t5b/5t5b_mfcsb/data/param_107_rep_1_2025-11-21_171731/states.csv
Events saved to: 5t5b/5t5b_mfcsb/data/param_107_rep_1_2025-11-21_171731/events.csv
Saving event log (raw and DataFrame)...
log DataFrame size: (993, 9)
short view:
59 DataFrame
 Row  time     bee1_id  bee2_id  task_id  task_1   task_2   task_3     task_4 
      Float64  Int64    Int64    Int64    Float64  Float64  Float64    Float6 

   1      0.0        1        0        0   0.0427   0.1045  0.123233    0.042 
   2      0.0        2        0        0   0.089    0.0907  0.0790181   0.107
   3      0.0        3        0        0   0.0959   0.0851  0.0925784   0.106
   4      0.0        4        0        0   0.0682   0.109   0.143746    0.121
   5      0.0        5        0        0   0.0988   0.1199  0.155117    0.078 
                                                               2 columns omittedEvent log saved to: 5t5b/5t5b_mfcsb/data/param_107_rep_1_2025-11-21_171731/event_log.json
Event log DataFrame saved to: 5t5b/5t5b_mfcsb/data/param_107_rep_1_2025-11-21_171731/event_log.csv
Metadata and configuration saved to: 5t5b/5t5b_mfcsb/data/param_107_rep_1_2025-11-21_171731/config.json
Task index mapping saved to: 5t5b/5t5b_mfcsb/data/param_107_rep_1_2025-11-21_171731/task_index_mapping.json
All results saved to directory: 5t5b/5t5b_mfcsb/data/param_107_rep_1_2025-11-21_171731
Simulation completed successfully!
Job finished at: Fri Nov 21 07:00:19 PM CET 2025
