Job array started at: Fri Nov 21 05:25:07 PM CET 2025
Job ID: 10861746
Array Job ID: 10860410
Array Task ID: 127
Node: th-ws-7010m30
Loading Julia module...
Module loaded: /software/opt/el_9/x86_64/julia/1.11.3/bin/julia
Changing to project directory...
Current directory: /scratch/n/N.Pfaffenzeller/nikolas_nethive/nethive_multiverse
Running parameter combination 127, replicate 1
Starting Julia simulation...
Running simulation with the following configuration:
  dataset_names: [:mnist, :cifar10, :svhn2, :fashion_mnist, :bank]
  param_id: 127
  n_bees: 5
  batch_size: 32
  replicate_id: 1
  punish_rate: 0.1
  punishment: time_out
  lambda_sensitivity: 100
  save_nn_epochs: 0
  production_rate: 1
  interaction_rate: 150
  batches_per_step: 100
  learning_rate: 1.0e-5
  max_output_dim: 10
  n_steps_per_epoch: 1
  dead_time: 100
  max_input_dim: 3072
  n_epochs: 1000
  seed: 1130132042

Starting simulation with configuration:
  dataset_names: [:mnist, :cifar10, :svhn2, :fashion_mnist, :bank]
  param_id: 127
  n_bees: 5
  batch_size: 32
  replicate_id: 1
  punish_rate: 0.1
  punishment: time_out
  lambda_sensitivity: 100
  save_nn_epochs: 0
  production_rate: 1
  interaction_rate: 150
  batches_per_step: 100
  run_timestamp: 2025-11-21T17:25:37.255
  learning_rate: 1.0e-5
  max_output_dim: 10
  n_steps_per_epoch: 1
  dead_time: 100
  max_input_dim: 3072
  n_epochs: 1000
  seed: 1130132042
Random seed: 1130132042

Starting simulation...
Time: 1.76, 
            Production Events: 0, 
            Suppression Events: 1
Time: 2.96, 
            Production Events: 0, 
            Suppression Events: 1
Time: 3.52, 
            Production Events: 0, 
            Suppression Events: 1
Time: 4.49, 
            Production Events: 0, 
            Suppression Events: 2
Time: 5.93, 
            Production Events: 0, 
            Suppression Events: 1
Time: 8.8, 
            Production Events: 0, 
            Suppression Events: 1
Time: 8.8, 
            Production Events: 0, 
            Suppression Events: 0
Time: 8.8, 
            Production Events: 0, 
            Suppression Events: 0
Time: 9.65, 
            Production Events: 0, 
            Suppression Events: 1
Time: 10.09, 
            Production Events: 1, 
            Suppression Events: 0
Time: 11.3, 
            Production Events: 0, 
            Suppression Events: 2
Time: 13.03, 
            Production Events: 0, 
            Suppression Events: 4
Time: 13.03, 
            Production Events: 0, 
            Suppression Events: 0
Time: 15.4, 
            Production Events: 0, 
            Suppression Events: 2
Time: 15.4, 
            Production Events: 0, 
            Suppression Events: 0
Time: 20.07, 
            Production Events: 0, 
            Suppression Events: 3
Time: 20.07, 
            Production Events: 0, 
            Suppression Events: 0
Time: 20.07, 
            Production Events: 0, 
            Suppression Events: 0
Time: 20.07, 
            Production Events: 0, 
            Suppression Events: 0
Time: 20.07, 
            Production Events: 0, 
            Suppression Events: 0
Time: 22.12, 
            Production Events: 0, 
            Suppression Events: 1
Time: 22.12, 
            Production Events: 0, 
            Suppression Events: 0
Time: 23.58, 
            Production Events: 0, 
            Suppression Events: 2
Time: 24.75, 
            Production Events: 0, 
            Suppression Events: 1
Time: 25.56, 
            Production Events: 0, 
            Suppression Events: 1
Time: 26.38, 
            Production Events: 0, 
            Suppression Events: 1
Time: 27.26, 
            Production Events: 0, 
            Suppression Events: 1
Time: 29.61, 
            Production Events: 0, 
            Suppression Events: 3
Time: 29.61, 
            Production Events: 0, 
            Suppression Events: 0
Time: 33.73, 
            Production Events: 0, 
            Suppression Events: 1
Time: 33.73, 
            Production Events: 0, 
            Suppression Events: 0
Time: 33.73, 
            Production Events: 0, 
            Suppression Events: 0
Time: 33.73, 
            Production Events: 0, 
            Suppression Events: 0
Time: 36.81, 
            Production Events: 0, 
            Suppression Events: 1
Time: 36.81, 
            Production Events: 0, 
            Suppression Events: 0
Time: 36.81, 
            Production Events: 0, 
            Suppression Events: 0
Time: 37.18, 
            Production Events: 0, 
            Suppression Events: 1
Time: 39.32, 
            Production Events: 0, 
            Suppression Events: 4
Time: 39.32, 
            Production Events: 0, 
            Suppression Events: 0
Time: 41.09, 
            Production Events: 0, 
            Suppression Events: 1
Time: 41.09, 
            Production Events: 0, 
            Suppression Events: 0
Time: 42.51, 
            Production Events: 0, 
            Suppression Events: 1
Time: 44.19, 
            Production Events: 1, 
            Suppression Events: 1
Time: 44.19, 
            Production Events: 0, 
            Suppression Events: 0
Time: 45.63, 
            Production Events: 0, 
            Suppression Events: 3
Time: 46.24, 
            Production Events: 0, 
            Suppression Events: 1
Time: 48.01, 
            Production Events: 0, 
            Suppression Events: 1
Time: 48.01, 
            Production Events: 0, 
            Suppression Events: 0
Time: 51.54, 
            Production Events: 0, 
            Suppression Events: 1
Time: 51.54, 
            Production Events: 0, 
            Suppression Events: 0
Time: 51.54, 
            Production Events: 0, 
            Suppression Events: 0
Time: 52.42, 
            Production Events: 0, 
            Suppression Events: 1
Time: 54.06, 
            Production Events: 0, 
            Suppression Events: 1
Time: 54.06, 
            Production Events: 0, 
            Suppression Events: 0
Time: 55.39, 
            Production Events: 0, 
            Suppression Events: 1
Time: 56.94, 
            Production Events: 0, 
            Suppression Events: 1
Time: 57.43, 
            Production Events: 0, 
            Suppression Events: 1
Time: 59.45, 
            Production Events: 0, 
            Suppression Events: 2
Time: 59.45, 
            Production Events: 0, 
            Suppression Events: 0
Time: 60.22, 
            Production Events: 0, 
            Suppression Events: 1
Time: 61.95, 
            Production Events: 0, 
            Suppression Events: 2
Time: 62.35, 
            Production Events: 0, 
            Suppression Events: 1
Time: 63.16, 
            Production Events: 0, 
            Suppression Events: 1
Time: 64.53, 
            Production Events: 0, 
            Suppression Events: 1
Time: 65.92, 
            Production Events: 1, 
            Suppression Events: 0
Time: 66.46, 
            Production Events: 0, 
            Suppression Events: 1
Time: 68.15, 
            Production Events: 0, 
            Suppression Events: 2
Time: 68.15, 
            Production Events: 0, 
            Suppression Events: 0
Time: 71.22, 
            Production Events: 0, 
            Suppression Events: 1
Time: 71.22, 
            Production Events: 0, 
            Suppression Events: 0
Time: 71.22, 
            Production Events: 0, 
            Suppression Events: 0
Time: 72.84, 
            Production Events: 0, 
            Suppression Events: 2
Time: 75.03, 
            Production Events: 0, 
            Suppression Events: 1
Time: 75.03, 
            Production Events: 0, 
            Suppression Events: 0
Time: 75.03, 
            Production Events: 0, 
            Suppression Events: 0
Time: 76.34, 
            Production Events: 1, 
            Suppression Events: 4
Time: 77.11, 
            Production Events: 0, 
            Suppression Events: 2
Time: 79.07, 
            Production Events: 0, 
            Suppression Events: 2
Time: 79.07, 
            Production Events: 0, 
            Suppression Events: 0
Time: 80.18, 
            Production Events: 0, 
            Suppression Events: 1
Time: 84.67, 
            Production Events: 0, 
            Suppression Events: 4
Time: 84.67, 
            Production Events: 0, 
            Suppression Events: 0
Time: 84.67, 
            Production Events: 0, 
            Suppression Events: 0
Time: 84.67, 
            Production Events: 0, 
            Suppression Events: 0
Time: 88.16, 
            Production Events: 0, 
            Suppression Events: 1
Time: 88.16, 
            Production Events: 0, 
            Suppression Events: 0
Time: 88.16, 
            Production Events: 0, 
            Suppression Events: 0
Time: 88.16, 
            Production Events: 0, 
            Suppression Events: 0
Time: 89.8, 
            Production Events: 0, 
            Suppression Events: 2
Time: 91.76, 
            Production Events: 0, 
            Suppression Events: 1
Time: 91.76, 
            Production Events: 0, 
            Suppression Events: 0
Time: 94.31, 
            Production Events: 0, 
            Suppression Events: 2
Time: 94.31, 
            Production Events: 0, 
            Suppression Events: 0
Time: 94.31, 
            Production Events: 0, 
            Suppression Events: 0
Time: 96.66, 
            Production Events: 0, 
            Suppression Events: 1
Time: 96.66, 
            Production Events: 0, 
            Suppression Events: 0
Time: 98.02, 
            Production Events: 0, 
            Suppression Events: 1
Time: 98.02, 
            Production Events: 0, 
            Suppression Events: 0
Time: 99.98, 
            Production Events: 0, 
            Suppression Events: 2
Time: 100.07, 
            Production Events: 0, 
            Suppression Events: 1
Time: 102.6, 
            Production Events: 1, 
            Suppression Events: 0
Time: 102.6, 
            Production Events: 0, 
            Suppression Events: 0
Time: 104.29, 
            Production Events: 1, 
            Suppression Events: 1
Time: 104.29, 
            Production Events: 0, 
            Suppression Events: 0
Time: 105.96, 
            Production Events: 0, 
            Suppression Events: 2
Time: 106.6, 
            Production Events: 0, 
            Suppression Events: 1
Time: 107.83, 
            Production Events: 0, 
            Suppression Events: 1
Time: 109.31, 
            Production Events: 0, 
            Suppression Events: 1
Time: 109.31, 
            Production Events: 0, 
            Suppression Events: 0
Time: 111.55, 
            Production Events: 0, 
            Suppression Events: 2
Time: 111.55, 
            Production Events: 0, 
            Suppression Events: 0
Time: 112.54, 
            Production Events: 0, 
            Suppression Events: 2
Time: 113.65, 
            Production Events: 0, 
            Suppression Events: 2
Time: 115.09, 
            Production Events: 0, 
            Suppression Events: 1
Time: 115.09, 
            Production Events: 0, 
            Suppression Events: 0
Time: 116.13, 
            Production Events: 0, 
            Suppression Events: 1
Time: 117.83, 
            Production Events: 0, 
            Suppression Events: 2
Time: 118.64, 
            Production Events: 0, 
            Suppression Events: 1
Time: 119.2, 
            Production Events: 0, 
            Suppression Events: 1
Time: 120.44, 
            Production Events: 1, 
            Suppression Events: 2
Time: 121.11, 
            Production Events: 0, 
            Suppression Events: 2
Time: 124.74, 
            Production Events: 0, 
            Suppression Events: 1
Time: 124.74, 
            Production Events: 0, 
            Suppression Events: 0
Time: 124.74, 
            Production Events: 0, 
            Suppression Events: 0
Time: 125.59, 
            Production Events: 0, 
            Suppression Events: 1
Time: 126.46, 
            Production Events: 0, 
            Suppression Events: 1
Time: 127.32, 
            Production Events: 0, 
            Suppression Events: 1
Time: 128.57, 
            Production Events: 0, 
            Suppression Events: 2
Time: 129.66, 
            Production Events: 0, 
            Suppression Events: 1
Time: 130.57, 
            Production Events: 0, 
            Suppression Events: 1
Time: 132.77, 
            Production Events: 0, 
            Suppression Events: 1
Time: 132.77, 
            Production Events: 0, 
            Suppression Events: 0
Time: 134.48, 
            Production Events: 0, 
            Suppression Events: 2
Time: 134.48, 
            Production Events: 0, 
            Suppression Events: 0
Time: 136.73, 
            Production Events: 0, 
            Suppression Events: 2
Time: 136.73, 
            Production Events: 0, 
            Suppression Events: 0
Time: 137.28, 
            Production Events: 0, 
            Suppression Events: 2
Time: 140.02, 
            Production Events: 0, 
            Suppression Events: 2
Time: 140.02, 
            Production Events: 0, 
            Suppression Events: 0
Time: 140.02, 
            Production Events: 0, 
            Suppression Events: 0
Time: 141.23, 
            Production Events: 0, 
            Suppression Events: 3
Time: 146.26, 
            Production Events: 0, 
            Suppression Events: 1
Time: 146.26, 
            Production Events: 0, 
            Suppression Events: 0
Time: 146.26, 
            Production Events: 0, 
            Suppression Events: 0
Time: 146.26, 
            Production Events: 0, 
            Suppression Events: 0
Time: 146.26, 
            Production Events: 0, 
            Suppression Events: 0
Time: 147.96, 
            Production Events: 0, 
            Suppression Events: 2
Time: 148.08, 
            Production Events: 0, 
            Suppression Events: 1
Time: 151.2, 
            Production Events: 0, 
            Suppression Events: 1
Time: 151.2, 
            Production Events: 0, 
            Suppression Events: 0
Time: 151.2, 
            Production Events: 0, 
            Suppression Events: 0
Time: 152.97, 
            Production Events: 0, 
            Suppression Events: 1
Time: 153.06, 
            Production Events: 0, 
            Suppression Events: 1
Time: 154.39, 
            Production Events: 0, 
            Suppression Events: 2
Time: 156.25, 
            Production Events: 0, 
            Suppression Events: 1
Time: 156.25, 
            Production Events: 0, 
            Suppression Events: 0
Time: 157.14, 
            Production Events: 0, 
            Suppression Events: 2
Time: 158.08, 
            Production Events: 0, 
            Suppression Events: 1
Time: 161.49, 
            Production Events: 0, 
            Suppression Events: 3
Time: 161.49, 
            Production Events: 0, 
            Suppression Events: 0
Time: 161.49, 
            Production Events: 0, 
            Suppression Events: 0
Time: 162.61, 
            Production Events: 0, 
            Suppression Events: 1
Time: 165.44, 
            Production Events: 0, 
            Suppression Events: 2
Time: 165.44, 
            Production Events: 0, 
            Suppression Events: 0
Time: 165.44, 
            Production Events: 0, 
            Suppression Events: 0
Time: 166.06, 
            Production Events: 1, 
            Suppression Events: 2
Time: 167.03, 
            Production Events: 0, 
            Suppression Events: 4
Time: 168.55, 
            Production Events: 0, 
            Suppression Events: 2
Time: 169.81, 
            Production Events: 0, 
            Suppression Events: 1
Time: 170.53, 
            Production Events: 0, 
            Suppression Events: 1
Time: 171.21, 
            Production Events: 0, 
            Suppression Events: 2
Time: 172.37, 
            Production Events: 0, 
            Suppression Events: 2
Time: 173.8, 
            Production Events: 0, 
            Suppression Events: 1
Time: 175.41, 
            Production Events: 0, 
            Suppression Events: 1
Time: 175.41, 
            Production Events: 0, 
            Suppression Events: 0
Time: 176.56, 
            Production Events: 0, 
            Suppression Events: 1
Time: 177.56, 
            Production Events: 0, 
            Suppression Events: 2
Time: 178.03, 
            Production Events: 0, 
            Suppression Events: 1
Time: 179.99, 
            Production Events: 0, 
            Suppression Events: 2
Time: 180.06, 
            Production Events: 0, 
            Suppression Events: 1
Time: 181.62, 
            Production Events: 0, 
            Suppression Events: 3
Time: 182.47, 
            Production Events: 1, 
            Suppression Events: 1
Time: 184.18, 
            Production Events: 0, 
            Suppression Events: 1
Time: 184.18, 
            Production Events: 0, 
            Suppression Events: 0
Time: 186.58, 
            Production Events: 0, 
            Suppression Events: 3
Time: 186.58, 
            Production Events: 0, 
            Suppression Events: 0
Time: 187.26, 
            Production Events: 0, 
            Suppression Events: 2
Time: 189.8, 
            Production Events: 0, 
            Suppression Events: 1
Time: 189.8, 
            Production Events: 0, 
            Suppression Events: 0
Time: 190.84, 
            Production Events: 0, 
            Suppression Events: 1
Time: 191.19, 
            Production Events: 0, 
            Suppression Events: 1
Time: 193.03, 
            Production Events: 0, 
            Suppression Events: 1
Time: 193.03, 
            Production Events: 0, 
            Suppression Events: 0
Time: 194.62, 
            Production Events: 0, 
            Suppression Events: 2
Time: 197.01, 
            Production Events: 0, 
            Suppression Events: 1
Time: 197.01, 
            Production Events: 0, 
            Suppression Events: 0
Time: 197.01, 
            Production Events: 0, 
            Suppression Events: 0
Time: 198.13, 
            Production Events: 0, 
            Suppression Events: 2
Time: 199.84, 
            Production Events: 0, 
            Suppression Events: 4
Time: 200.51, 
            Production Events: 0, 
            Suppression Events: 1
Time: 201.22, 
            Production Events: 0, 
            Suppression Events: 4
Time: 202.45, 
            Production Events: 0, 
            Suppression Events: 1
Time: 205.65, 
            Production Events: 0, 
            Suppression Events: 2
Time: 205.65, 
            Production Events: 0, 
            Suppression Events: 0
Time: 205.65, 
            Production Events: 0, 
            Suppression Events: 0
Time: 208.74, 
            Production Events: 0, 
            Suppression Events: 1
Time: 208.74, 
            Production Events: 0, 
            Suppression Events: 0
Time: 208.74, 
            Production Events: 0, 
            Suppression Events: 0
Time: 209.98, 
            Production Events: 0, 
            Suppression Events: 1
Time: 210.33, 
            Production Events: 0, 
            Suppression Events: 1
Time: 211.42, 
            Production Events: 0, 
            Suppression Events: 1
Time: 214.01, 
            Production Events: 0, 
            Suppression Events: 1
Time: 214.01, 
            Production Events: 0, 
            Suppression Events: 0
Time: 214.01, 
            Production Events: 0, 
            Suppression Events: 0
Time: 215.73, 
            Production Events: 0, 
            Suppression Events: 2
Time: 217.4, 
            Production Events: 0, 
            Suppression Events: 2
Time: 217.4, 
            Production Events: 0, 
            Suppression Events: 0
Time: 218.67, 
            Production Events: 0, 
            Suppression Events: 2
Time: 222.51, 
            Production Events: 0, 
            Suppression Events: 1
Time: 222.51, 
            Production Events: 0, 
            Suppression Events: 0
Time: 222.51, 
            Production Events: 0, 
            Suppression Events: 0
Time: 222.51, 
            Production Events: 0, 
            Suppression Events: 0
Time: 224.09, 
            Production Events: 0, 
            Suppression Events: 2
Time: 224.09, 
            Production Events: 0, 
            Suppression Events: 0
Time: 225.11, 
            Production Events: 0, 
            Suppression Events: 3
Time: 226.82, 
            Production Events: 0, 
            Suppression Events: 2
Time: 229.68, 
            Production Events: 0, 
            Suppression Events: 1
Time: 229.68, 
            Production Events: 0, 
            Suppression Events: 0
Time: 229.68, 
            Production Events: 0, 
            Suppression Events: 0
Time: 230.48, 
            Production Events: 0, 
            Suppression Events: 2
Time: 232.01, 
            Production Events: 0, 
            Suppression Events: 3
Time: 232.01, 
            Production Events: 0, 
            Suppression Events: 0
Time: 234.15, 
            Production Events: 0, 
            Suppression Events: 1
Time: 234.15, 
            Production Events: 0, 
            Suppression Events: 0
Time: 235.03, 
            Production Events: 0, 
            Suppression Events: 2
Time: 238.91, 
            Production Events: 0, 
            Suppression Events: 1
Time: 238.91, 
            Production Events: 0, 
            Suppression Events: 0
Time: 238.91, 
            Production Events: 0, 
            Suppression Events: 0
Time: 239.26, 
            Production Events: 0, 
            Suppression Events: 1
Time: 242.79, 
            Production Events: 0, 
            Suppression Events: 2
Time: 242.79, 
            Production Events: 0, 
            Suppression Events: 0
Time: 242.79, 
            Production Events: 0, 
            Suppression Events: 0
Time: 245.16, 
            Production Events: 0, 
            Suppression Events: 1
Time: 245.16, 
            Production Events: 0, 
            Suppression Events: 0
Time: 245.16, 
            Production Events: 0, 
            Suppression Events: 0
Time: 248.24, 
            Production Events: 0, 
            Suppression Events: 1
Time: 248.24, 
            Production Events: 0, 
            Suppression Events: 0
Time: 248.24, 
            Production Events: 0, 
            Suppression Events: 0
Time: 253.57, 
            Production Events: 0, 
            Suppression Events: 2
Time: 253.57, 
            Production Events: 0, 
            Suppression Events: 0
Time: 253.57, 
            Production Events: 0, 
            Suppression Events: 0
Time: 253.57, 
            Production Events: 0, 
            Suppression Events: 0
Time: 253.57, 
            Production Events: 0, 
            Suppression Events: 0
Time: 255.48, 
            Production Events: 0, 
            Suppression Events: 1
Time: 255.48, 
            Production Events: 0, 
            Suppression Events: 0
Time: 256.47, 
            Production Events: 0, 
            Suppression Events: 2
Time: 257.4, 
            Production Events: 0, 
            Suppression Events: 2
Time: 258.22, 
            Production Events: 0, 
            Suppression Events: 4
Time: 260.42, 
            Production Events: 0, 
            Suppression Events: 2
Time: 260.42, 
            Production Events: 0, 
            Suppression Events: 0
Time: 261.34, 
            Production Events: 0, 
            Suppression Events: 2
Time: 263.12, 
            Production Events: 0, 
            Suppression Events: 2
Time: 263.12, 
            Production Events: 0, 
            Suppression Events: 0
Time: 264.63, 
            Production Events: 0, 
            Suppression Events: 2
Time: 265.88, 
            Production Events: 0, 
            Suppression Events: 3
Time: 267.65, 
            Production Events: 0, 
            Suppression Events: 1
Time: 267.65, 
            Production Events: 0, 
            Suppression Events: 0
Time: 270.01, 
            Production Events: 0, 
            Suppression Events: 1
Time: 270.01, 
            Production Events: 0, 
            Suppression Events: 0
Time: 270.01, 
            Production Events: 0, 
            Suppression Events: 0
Time: 272.39, 
            Production Events: 0, 
            Suppression Events: 3
Time: 272.39, 
            Production Events: 0, 
            Suppression Events: 0
Time: 274.06, 
            Production Events: 0, 
            Suppression Events: 2
Time: 274.06, 
            Production Events: 0, 
            Suppression Events: 0
Time: 275.5, 
            Production Events: 0, 
            Suppression Events: 2
Time: 276.08, 
            Production Events: 0, 
            Suppression Events: 1
Time: 280.48, 
            Production Events: 0, 
            Suppression Events: 4
Time: 280.48, 
            Production Events: 0, 
            Suppression Events: 0
Time: 280.48, 
            Production Events: 0, 
            Suppression Events: 0
Time: 280.48, 
            Production Events: 0, 
            Suppression Events: 0
Time: 282.95, 
            Production Events: 0, 
            Suppression Events: 2
Time: 282.95, 
            Production Events: 0, 
            Suppression Events: 0
Time: 284.43, 
            Production Events: 0, 
            Suppression Events: 1
Time: 284.43, 
            Production Events: 0, 
            Suppression Events: 0
Time: 285.74, 
            Production Events: 0, 
            Suppression Events: 4
Time: 286.31, 
            Production Events: 0, 
            Suppression Events: 1
Time: 287.03, 
            Production Events: 0, 
            Suppression Events: 1
Time: 290.55, 
            Production Events: 0, 
            Suppression Events: 2
Time: 290.55, 
            Production Events: 0, 
            Suppression Events: 0
Time: 290.55, 
            Production Events: 0, 
            Suppression Events: 0
Time: 291.85, 
            Production Events: 0, 
            Suppression Events: 1
Time: 292.12, 
            Production Events: 0, 
            Suppression Events: 1
Time: 294.18, 
            Production Events: 0, 
            Suppression Events: 2
Time: 294.18, 
            Production Events: 0, 
            Suppression Events: 0
Time: 295.42, 
            Production Events: 0, 
            Suppression Events: 1
Time: 296.24, 
            Production Events: 0, 
            Suppression Events: 1
Time: 297.92, 
            Production Events: 0, 
            Suppression Events: 1
Time: 298.06, 
            Production Events: 0, 
            Suppression Events: 1
Time: 299.49, 
            Production Events: 0, 
            Suppression Events: 3
Time: 300.62, 
            Production Events: 0, 
            Suppression Events: 2
Time: 301.93, 
            Production Events: 0, 
            Suppression Events: 1
Time: 302.91, 
            Production Events: 0, 
            Suppression Events: 2
Time: 304.72, 
            Production Events: 0, 
            Suppression Events: 1
Time: 304.72, 
            Production Events: 0, 
            Suppression Events: 0
Time: 306.2, 
            Production Events: 0, 
            Suppression Events: 1
Time: 306.2, 
            Production Events: 0, 
            Suppression Events: 0
Time: 308.1, 
            Production Events: 0, 
            Suppression Events: 1
Time: 308.1, 
            Production Events: 0, 
            Suppression Events: 0
Time: 309.29, 
            Production Events: 0, 
            Suppression Events: 2
Time: 310.07, 
            Production Events: 0, 
            Suppression Events: 5
Time: 313.67, 
            Production Events: 0, 
            Suppression Events: 2
Time: 313.67, 
            Production Events: 0, 
            Suppression Events: 0
Time: 313.67, 
            Production Events: 0, 
            Suppression Events: 0
Time: 315.04, 
            Production Events: 0, 
            Suppression Events: 1
Time: 315.04, 
            Production Events: 0, 
            Suppression Events: 0
Time: 316.96, 
            Production Events: 0, 
            Suppression Events: 1
Time: 317.48, 
            Production Events: 0, 
            Suppression Events: 1
Time: 318.73, 
            Production Events: 0, 
            Suppression Events: 2
Time: 321.13, 
            Production Events: 0, 
            Suppression Events: 1
Time: 321.13, 
            Production Events: 0, 
            Suppression Events: 0
Time: 321.13, 
            Production Events: 0, 
            Suppression Events: 0
Time: 324.46, 
            Production Events: 1, 
            Suppression Events: 2
Time: 324.46, 
            Production Events: 0, 
            Suppression Events: 0
Time: 324.46, 
            Production Events: 0, 
            Suppression Events: 0
Time: 325.37, 
            Production Events: 0, 
            Suppression Events: 1
Time: 327.56, 
            Production Events: 0, 
            Suppression Events: 1
Time: 327.56, 
            Production Events: 0, 
            Suppression Events: 0
Time: 329.99, 
            Production Events: 0, 
            Suppression Events: 1
Time: 329.99, 
            Production Events: 0, 
            Suppression Events: 0
Time: 332.46, 
            Production Events: 0, 
            Suppression Events: 1
Time: 332.46, 
            Production Events: 0, 
            Suppression Events: 0
Time: 332.46, 
            Production Events: 0, 
            Suppression Events: 0
Time: 333.76, 
            Production Events: 0, 
            Suppression Events: 1
Time: 334.19, 
            Production Events: 0, 
            Suppression Events: 1
Time: 335.1, 
            Production Events: 0, 
            Suppression Events: 1
Time: 336.29, 
            Production Events: 0, 
            Suppression Events: 3
Time: 339.53, 
            Production Events: 0, 
            Suppression Events: 2
Time: 339.53, 
            Production Events: 0, 
            Suppression Events: 0
Time: 339.53, 
            Production Events: 0, 
            Suppression Events: 0
Time: 343.22, 
            Production Events: 0, 
            Suppression Events: 2
Time: 343.22, 
            Production Events: 0, 
            Suppression Events: 0
Time: 343.22, 
            Production Events: 0, 
            Suppression Events: 0
Time: 343.22, 
            Production Events: 0, 
            Suppression Events: 0
Time: 344.91, 
            Production Events: 0, 
            Suppression Events: 3
Time: 345.35, 
            Production Events: 0, 
            Suppression Events: 1
Time: 350.4, 
            Production Events: 1, 
            Suppression Events: 0
Time: 350.4, 
            Production Events: 0, 
            Suppression Events: 0
Time: 350.4, 
            Production Events: 0, 
            Suppression Events: 0
Time: 350.4, 
            Production Events: 0, 
            Suppression Events: 0
Time: 350.4, 
            Production Events: 0, 
            Suppression Events: 0
Time: 351.19, 
            Production Events: 0, 
            Suppression Events: 2
Time: 352.88, 
            Production Events: 0, 
            Suppression Events: 3
Time: 353.24, 
            Production Events: 0, 
            Suppression Events: 1
Time: 354.1, 
            Production Events: 0, 
            Suppression Events: 2
Time: 356.41, 
            Production Events: 0, 
            Suppression Events: 2
Time: 356.41, 
            Production Events: 0, 
            Suppression Events: 0
Time: 357.26, 
            Production Events: 0, 
            Suppression Events: 2
Time: 358.11, 
            Production Events: 0, 
            Suppression Events: 1
Time: 362.84, 
            Production Events: 0, 
            Suppression Events: 1
Time: 362.84, 
            Production Events: 0, 
            Suppression Events: 0
Time: 362.84, 
            Production Events: 0, 
            Suppression Events: 0
Time: 362.84, 
            Production Events: 0, 
            Suppression Events: 0
Time: 363.53, 
            Production Events: 0, 
            Suppression Events: 1
Time: 365.19, 
            Production Events: 0, 
            Suppression Events: 1
Time: 365.19, 
            Production Events: 0, 
            Suppression Events: 0
Time: 366.78, 
            Production Events: 0, 
            Suppression Events: 2
Time: 367.77, 
            Production Events: 0, 
            Suppression Events: 1
Time: 368.36, 
            Production Events: 0, 
            Suppression Events: 1
Time: 371.5, 
            Production Events: 0, 
            Suppression Events: 1
Time: 371.5, 
            Production Events: 0, 
            Suppression Events: 0
Time: 371.5, 
            Production Events: 0, 
            Suppression Events: 0
Time: 372.92, 
            Production Events: 0, 
            Suppression Events: 3
Time: 377.06, 
            Production Events: 0, 
            Suppression Events: 1
Time: 377.06, 
            Production Events: 0, 
            Suppression Events: 0
Time: 377.06, 
            Production Events: 0, 
            Suppression Events: 0
Time: 377.06, 
            Production Events: 0, 
            Suppression Events: 0
Time: 377.06, 
            Production Events: 0, 
            Suppression Events: 0
Time: 378.57, 
            Production Events: 0, 
            Suppression Events: 3
Time: 380.13, 
            Production Events: 0, 
            Suppression Events: 1
Time: 380.13, 
            Production Events: 0, 
            Suppression Events: 0
Time: 381.73, 
            Production Events: 0, 
            Suppression Events: 2
Time: 382.98, 
            Production Events: 0, 
            Suppression Events: 1
Time: 383.03, 
            Production Events: 0, 
            Suppression Events: 1
Time: 384.03, 
            Production Events: 0, 
            Suppression Events: 2
Time: 385.71, 
            Production Events: 0, 
            Suppression Events: 3
Time: 387.62, 
            Production Events: 0, 
            Suppression Events: 2
Time: 387.62, 
            Production Events: 0, 
            Suppression Events: 0
Time: 389.81, 
            Production Events: 0, 
            Suppression Events: 1
Time: 389.81, 
            Production Events: 0, 
            Suppression Events: 0
Time: 390.15, 
            Production Events: 0, 
            Suppression Events: 1
Time: 391.25, 
            Production Events: 0, 
            Suppression Events: 2
Time: 392.05, 
            Production Events: 0, 
            Suppression Events: 1
Time: 393.75, 
            Production Events: 0, 
            Suppression Events: 2
Time: 396.4, 
            Production Events: 0, 
            Suppression Events: 1
Time: 396.4, 
            Production Events: 0, 
            Suppression Events: 0
Time: 396.4, 
            Production Events: 0, 
            Suppression Events: 0
Time: 397.88, 
            Production Events: 0, 
            Suppression Events: 2
Time: 399.22, 
            Production Events: 0, 
            Suppression Events: 1
Time: 399.22, 
            Production Events: 0, 
            Suppression Events: 0
Time: 400.13, 
            Production Events: 0, 
            Suppression Events: 1
Time: 402.53, 
            Production Events: 0, 
            Suppression Events: 3
Time: 402.53, 
            Production Events: 0, 
            Suppression Events: 0
Time: 405.37, 
            Production Events: 0, 
            Suppression Events: 1
Time: 405.37, 
            Production Events: 0, 
            Suppression Events: 0
Time: 405.37, 
            Production Events: 0, 
            Suppression Events: 0
Time: 406.16, 
            Production Events: 0, 
            Suppression Events: 2
Time: 407.25, 
            Production Events: 0, 
            Suppression Events: 2
Time: 408.12, 
            Production Events: 0, 
            Suppression Events: 2
Time: 411.24, 
            Production Events: 0, 
            Suppression Events: 1
Time: 411.24, 
            Production Events: 0, 
            Suppression Events: 0
Time: 411.24, 
            Production Events: 0, 
            Suppression Events: 0
Time: 413.35, 
            Production Events: 2, 
            Suppression Events: 2
Time: 413.35, 
            Production Events: 0, 
            Suppression Events: 0
Time: 414.92, 
            Production Events: 0, 
            Suppression Events: 2
Time: 415.26, 
            Production Events: 0, 
            Suppression Events: 1
Time: 416.52, 
            Production Events: 0, 
            Suppression Events: 1
Time: 418.22, 
            Production Events: 0, 
            Suppression Events: 1
Time: 418.22, 
            Production Events: 0, 
            Suppression Events: 0
Time: 419.39, 
            Production Events: 0, 
            Suppression Events: 3
Time: 420.14, 
            Production Events: 0, 
            Suppression Events: 2
Time: 421.46, 
            Production Events: 0, 
            Suppression Events: 2
Time: 423.13, 
            Production Events: 0, 
            Suppression Events: 1
Time: 423.13, 
            Production Events: 0, 
            Suppression Events: 0
Time: 426.41, 
            Production Events: 0, 
            Suppression Events: 1
Time: 426.41, 
            Production Events: 0, 
            Suppression Events: 0
Time: 426.41, 
            Production Events: 0, 
            Suppression Events: 0
Time: 429.41, 
            Production Events: 0, 
            Suppression Events: 1
Time: 429.41, 
            Production Events: 0, 
            Suppression Events: 0
Time: 429.41, 
            Production Events: 0, 
            Suppression Events: 0
Time: 430.79, 
            Production Events: 0, 
            Suppression Events: 1
Time: 432.95, 
            Production Events: 0, 
            Suppression Events: 1
Time: 432.95, 
            Production Events: 0, 
            Suppression Events: 0
Time: 433.84, 
            Production Events: 0, 
            Suppression Events: 1
Time: 436.57, 
            Production Events: 0, 
            Suppression Events: 1
Time: 436.57, 
            Production Events: 0, 
            Suppression Events: 0
Time: 436.57, 
            Production Events: 0, 
            Suppression Events: 0
Time: 437.54, 
            Production Events: 0, 
            Suppression Events: 3
Time: 438.24, 
            Production Events: 0, 
            Suppression Events: 3
Time: 440.11, 
            Production Events: 0, 
            Suppression Events: 1
Time: 440.11, 
            Production Events: 0, 
            Suppression Events: 0
Time: 442.09, 
            Production Events: 0, 
            Suppression Events: 1
Time: 442.09, 
            Production Events: 0, 
            Suppression Events: 0
Time: 443.3, 
            Production Events: 0, 
            Suppression Events: 1
Time: 446.06, 
            Production Events: 0, 
            Suppression Events: 2
Time: 446.06, 
            Production Events: 0, 
            Suppression Events: 0
Time: 446.06, 
            Production Events: 0, 
            Suppression Events: 0
Time: 448.85, 
            Production Events: 0, 
            Suppression Events: 1
Time: 448.85, 
            Production Events: 0, 
            Suppression Events: 0
Time: 449.57, 
            Production Events: 0, 
            Suppression Events: 1
Time: 451.06, 
            Production Events: 0, 
            Suppression Events: 1
Time: 451.06, 
            Production Events: 0, 
            Suppression Events: 0
Time: 452.79, 
            Production Events: 0, 
            Suppression Events: 3
Time: 453.89, 
            Production Events: 0, 
            Suppression Events: 1
Time: 454.44, 
            Production Events: 0, 
            Suppression Events: 1
Time: 457.02, 
            Production Events: 0, 
            Suppression Events: 2
Time: 457.02, 
            Production Events: 0, 
            Suppression Events: 0
Time: 457.02, 
            Production Events: 0, 
            Suppression Events: 0
Time: 460.12, 
            Production Events: 0, 
            Suppression Events: 1
Time: 460.12, 
            Production Events: 0, 
            Suppression Events: 0
Time: 460.12, 
            Production Events: 0, 
            Suppression Events: 0
Time: 461.12, 
            Production Events: 0, 
            Suppression Events: 1
Time: 464.74, 
            Production Events: 0, 
            Suppression Events: 2
Time: 464.74, 
            Production Events: 0, 
            Suppression Events: 0
Time: 464.74, 
            Production Events: 0, 
            Suppression Events: 0
Time: 465.72, 
            Production Events: 0, 
            Suppression Events: 2
Time: 466.76, 
            Production Events: 0, 
            Suppression Events: 1
Time: 467.27, 
            Production Events: 0, 
            Suppression Events: 2
Time: 469.41, 
            Production Events: 0, 
            Suppression Events: 1
Time: 469.41, 
            Production Events: 0, 
            Suppression Events: 0
Time: 470.12, 
            Production Events: 0, 
            Suppression Events: 2
Time: 471.45, 
            Production Events: 0, 
            Suppression Events: 3
Time: 473.98, 
            Production Events: 0, 
            Suppression Events: 1
Time: 473.98, 
            Production Events: 0, 
            Suppression Events: 0
Time: 474.3, 
            Production Events: 0, 
            Suppression Events: 1
Time: 475.82, 
            Production Events: 0, 
            Suppression Events: 1
Time: 477.52, 
            Production Events: 0, 
            Suppression Events: 2
Time: 477.52, 
            Production Events: 0, 
            Suppression Events: 0
Time: 478.36, 
            Production Events: 0, 
            Suppression Events: 1
Time: 479.18, 
            Production Events: 0, 
            Suppression Events: 3
Time: 480.3, 
            Production Events: 0, 
            Suppression Events: 1
Time: 481.7, 
            Production Events: 0, 
            Suppression Events: 2
Time: 482.49, 
            Production Events: 0, 
            Suppression Events: 1
Time: 484.1, 
            Production Events: 0, 
            Suppression Events: 1
Time: 484.1, 
            Production Events: 0, 
            Suppression Events: 0
Time: 485.52, 
            Production Events: 0, 
            Suppression Events: 2
Time: 486.68, 
            Production Events: 0, 
            Suppression Events: 2
Time: 488.18, 
            Production Events: 0, 
            Suppression Events: 2
Time: 488.18, 
            Production Events: 0, 
            Suppression Events: 0
Time: 489.21, 
            Production Events: 0, 
            Suppression Events: 1
Time: 491.73, 
            Production Events: 1, 
            Suppression Events: 3
Time: 491.73, 
            Production Events: 0, 
            Suppression Events: 0
Time: 492.16, 
            Production Events: 0, 
            Suppression Events: 1
Time: 493.85, 
            Production Events: 0, 
            Suppression Events: 1
Time: 494.32, 
            Production Events: 0, 
            Suppression Events: 1
Time: 495.57, 
            Production Events: 0, 
            Suppression Events: 2
Time: 498.14, 
            Production Events: 0, 
            Suppression Events: 1
Time: 498.14, 
            Production Events: 0, 
            Suppression Events: 0
Time: 498.14, 
            Production Events: 0, 
            Suppression Events: 0
Time: 500.76, 
            Production Events: 0, 
            Suppression Events: 3
Time: 500.76, 
            Production Events: 0, 
            Suppression Events: 0
Time: 501.35, 
            Production Events: 0, 
            Suppression Events: 1
Time: 504.23, 
            Production Events: 0, 
            Suppression Events: 3
Time: 504.23, 
            Production Events: 0, 
            Suppression Events: 0
Time: 504.23, 
            Production Events: 0, 
            Suppression Events: 0
Time: 506.64, 
            Production Events: 0, 
            Suppression Events: 2
Time: 506.64, 
            Production Events: 0, 
            Suppression Events: 0
Time: 508.17, 
            Production Events: 0, 
            Suppression Events: 1
Time: 508.17, 
            Production Events: 0, 
            Suppression Events: 0
Time: 509.17, 
            Production Events: 0, 
            Suppression Events: 2
Time: 510.91, 
            Production Events: 0, 
            Suppression Events: 1
Time: 513.78, 
            Production Events: 0, 
            Suppression Events: 2
Time: 513.78, 
            Production Events: 0, 
            Suppression Events: 0
Time: 513.78, 
            Production Events: 0, 
            Suppression Events: 0
Time: 515.33, 
            Production Events: 0, 
            Suppression Events: 2
Time: 515.33, 
            Production Events: 0, 
            Suppression Events: 0
Time: 516.67, 
            Production Events: 0, 
            Suppression Events: 1
Time: 517.37, 
            Production Events: 0, 
            Suppression Events: 1
Time: 519.07, 
            Production Events: 0, 
            Suppression Events: 1
Time: 519.07, 
            Production Events: 0, 
            Suppression Events: 0
Time: 520.39, 
            Production Events: 0, 
            Suppression Events: 2
Time: 521.14, 
            Production Events: 0, 
            Suppression Events: 1
Time: 524.21, 
            Production Events: 0, 
            Suppression Events: 2
Time: 524.21, 
            Production Events: 0, 
            Suppression Events: 0
Time: 524.21, 
            Production Events: 0, 
            Suppression Events: 0
Time: 528.06, 
            Production Events: 0, 
            Suppression Events: 2
Time: 528.06, 
            Production Events: 0, 
            Suppression Events: 0
Time: 528.06, 
            Production Events: 0, 
            Suppression Events: 0
Time: 528.06, 
            Production Events: 0, 
            Suppression Events: 0
Time: 530.08, 
            Production Events: 1, 
            Suppression Events: 2
Time: 530.08, 
            Production Events: 0, 
            Suppression Events: 0
Time: 531.11, 
            Production Events: 0, 
            Suppression Events: 1
Time: 532.33, 
            Production Events: 0, 
            Suppression Events: 2
Time: 533.01, 
            Production Events: 0, 
            Suppression Events: 1
Time: 534.19, 
            Production Events: 0, 
            Suppression Events: 2
Time: 535.82, 
            Production Events: 0, 
            Suppression Events: 1
Time: 536.09, 
            Production Events: 0, 
            Suppression Events: 1
Time: 537.18, 
            Production Events: 0, 
            Suppression Events: 2
Time: 541.66, 
            Production Events: 0, 
            Suppression Events: 1
Time: 541.66, 
            Production Events: 0, 
            Suppression Events: 0
Time: 541.66, 
            Production Events: 0, 
            Suppression Events: 0
Time: 541.66, 
            Production Events: 0, 
            Suppression Events: 0
Time: 542.27, 
            Production Events: 1, 
            Suppression Events: 0
Time: 544.28, 
            Production Events: 0, 
            Suppression Events: 1
Time: 544.28, 
            Production Events: 0, 
            Suppression Events: 0
Time: 550.14, 
            Production Events: 0, 
            Suppression Events: 1
Time: 550.14, 
            Production Events: 0, 
            Suppression Events: 0
Time: 550.14, 
            Production Events: 0, 
            Suppression Events: 0
Time: 550.14, 
            Production Events: 0, 
            Suppression Events: 0
Time: 550.14, 
            Production Events: 0, 
            Suppression Events: 0
Time: 550.14, 
            Production Events: 0, 
            Suppression Events: 0
Time: 552.88, 
            Production Events: 0, 
            Suppression Events: 1
Time: 552.88, 
            Production Events: 0, 
            Suppression Events: 0
Time: 553.6, 
            Production Events: 0, 
            Suppression Events: 1
Time: 556.4, 
            Production Events: 0, 
            Suppression Events: 1
Time: 556.4, 
            Production Events: 0, 
            Suppression Events: 0
Time: 556.4, 
            Production Events: 0, 
            Suppression Events: 0
Time: 557.07, 
            Production Events: 0, 
            Suppression Events: 2
Time: 558.7, 
            Production Events: 1, 
            Suppression Events: 0
Time: 559.42, 
            Production Events: 0, 
            Suppression Events: 2
Time: 562.18, 
            Production Events: 0, 
            Suppression Events: 2
Time: 562.18, 
            Production Events: 0, 
            Suppression Events: 0
Time: 562.18, 
            Production Events: 0, 
            Suppression Events: 0
Time: 564.58, 
            Production Events: 1, 
            Suppression Events: 1
Time: 564.58, 
            Production Events: 0, 
            Suppression Events: 0
Time: 566.01, 
            Production Events: 0, 
            Suppression Events: 1
Time: 566.01, 
            Production Events: 0, 
            Suppression Events: 0
Time: 567.49, 
            Production Events: 1, 
            Suppression Events: 2
Time: 568.52, 
            Production Events: 0, 
            Suppression Events: 1
Time: 571.42, 
            Production Events: 0, 
            Suppression Events: 1
Time: 571.42, 
            Production Events: 0, 
            Suppression Events: 0
Time: 571.42, 
            Production Events: 0, 
            Suppression Events: 0
Time: 573.31, 
            Production Events: 0, 
            Suppression Events: 1
Time: 573.31, 
            Production Events: 0, 
            Suppression Events: 0
Time: 574.78, 
            Production Events: 0, 
            Suppression Events: 2
Time: 576.16, 
            Production Events: 0, 
            Suppression Events: 1
Time: 576.16, 
            Production Events: 0, 
            Suppression Events: 0
Time: 577.68, 
            Production Events: 0, 
            Suppression Events: 1
Time: 578.51, 
            Production Events: 0, 
            Suppression Events: 1
Time: 582.38, 
            Production Events: 0, 
            Suppression Events: 2
Time: 582.38, 
            Production Events: 0, 
            Suppression Events: 0
Time: 582.38, 
            Production Events: 0, 
            Suppression Events: 0
Time: 582.38, 
            Production Events: 0, 
            Suppression Events: 0
Time: 583.05, 
            Production Events: 0, 
            Suppression Events: 1
Time: 584.02, 
            Production Events: 0, 
            Suppression Events: 2
Time: 588.36, 
            Production Events: 0, 
            Suppression Events: 3
Time: 588.36, 
            Production Events: 0, 
            Suppression Events: 0
Time: 588.36, 
            Production Events: 0, 
            Suppression Events: 0
Time: 588.36, 
            Production Events: 0, 
            Suppression Events: 0
Time: 590.69, 
            Production Events: 0, 
            Suppression Events: 2
Time: 590.69, 
            Production Events: 0, 
            Suppression Events: 0
Time: 592.67, 
            Production Events: 0, 
            Suppression Events: 1
Time: 592.67, 
            Production Events: 0, 
            Suppression Events: 0
Time: 593.03, 
            Production Events: 0, 
            Suppression Events: 1
Time: 594.51, 
            Production Events: 0, 
            Suppression Events: 1
Time: 597.65, 
            Production Events: 0, 
            Suppression Events: 2
Time: 597.65, 
            Production Events: 0, 
            Suppression Events: 0
Time: 597.65, 
            Production Events: 0, 
            Suppression Events: 0
Time: 598.08, 
            Production Events: 0, 
            Suppression Events: 1
Time: 600.95, 
            Production Events: 0, 
            Suppression Events: 1
Time: 600.95, 
            Production Events: 0, 
            Suppression Events: 0
Time: 602.26, 
            Production Events: 1, 
            Suppression Events: 0
Time: 602.26, 
            Production Events: 0, 
            Suppression Events: 0
Time: 604.68, 
            Production Events: 0, 
            Suppression Events: 2
Time: 604.68, 
            Production Events: 0, 
            Suppression Events: 0
Time: 605.82, 
            Production Events: 0, 
            Suppression Events: 1
Time: 607.28, 
            Production Events: 0, 
            Suppression Events: 2
Time: 607.28, 
            Production Events: 0, 
            Suppression Events: 0
Time: 608.46, 
            Production Events: 0, 
            Suppression Events: 1
Time: 609.05, 
            Production Events: 0, 
            Suppression Events: 1
Time: 611.21, 
            Production Events: 0, 
            Suppression Events: 2
Time: 611.21, 
            Production Events: 0, 
            Suppression Events: 0
Time: 612.4, 
            Production Events: 0, 
            Suppression Events: 2
Time: 614.13, 
            Production Events: 0, 
            Suppression Events: 1
Time: 614.13, 
            Production Events: 0, 
            Suppression Events: 0
Time: 616.4, 
            Production Events: 0, 
            Suppression Events: 1
Time: 616.4, 
            Production Events: 0, 
            Suppression Events: 0
Time: 618.6, 
            Production Events: 0, 
            Suppression Events: 1
Time: 618.6, 
            Production Events: 0, 
            Suppression Events: 0
Time: 619.43, 
            Production Events: 0, 
            Suppression Events: 2
Time: 620.8, 
            Production Events: 0, 
            Suppression Events: 2
Time: 622.92, 
            Production Events: 0, 
            Suppression Events: 2
Time: 622.92, 
            Production Events: 0, 
            Suppression Events: 0
Time: 623.65, 
            Production Events: 0, 
            Suppression Events: 1
Time: 625.05, 
            Production Events: 0, 
            Suppression Events: 1
Time: 625.05, 
            Production Events: 0, 
            Suppression Events: 0
Time: 626.41, 
            Production Events: 0, 
            Suppression Events: 2
Time: 627.17, 
            Production Events: 0, 
            Suppression Events: 1
Time: 628.62, 
            Production Events: 0, 
            Suppression Events: 1
Time: 630.31, 
            Production Events: 0, 
            Suppression Events: 2
Time: 630.31, 
            Production Events: 0, 
            Suppression Events: 0
Time: 632.57, 
            Production Events: 0, 
            Suppression Events: 2
Time: 632.57, 
            Production Events: 0, 
            Suppression Events: 0
Time: 635.84, 
            Production Events: 0, 
            Suppression Events: 1
Time: 635.84, 
            Production Events: 0, 
            Suppression Events: 0
Time: 635.84, 
            Production Events: 0, 
            Suppression Events: 0
Time: 637.2, 
            Production Events: 0, 
            Suppression Events: 1
Time: 637.2, 
            Production Events: 0, 
            Suppression Events: 0
Time: 639.62, 
            Production Events: 0, 
            Suppression Events: 6
Time: 639.62, 
            Production Events: 0, 
            Suppression Events: 0
Time: 640.84, 
            Production Events: 0, 
            Suppression Events: 1
Time: 641.53, 
            Production Events: 0, 
            Suppression Events: 1
Time: 643.4, 
            Production Events: 0, 
            Suppression Events: 2
Time: 643.4, 
            Production Events: 0, 
            Suppression Events: 0
Time: 645.3, 
            Production Events: 0, 
            Suppression Events: 1
Time: 645.3, 
            Production Events: 0, 
            Suppression Events: 0
Time: 649.06, 
            Production Events: 0, 
            Suppression Events: 1
Time: 649.06, 
            Production Events: 0, 
            Suppression Events: 0
Time: 649.06, 
            Production Events: 0, 
            Suppression Events: 0
Time: 649.06, 
            Production Events: 0, 
            Suppression Events: 0
Time: 651.58, 
            Production Events: 0, 
            Suppression Events: 2
Time: 651.58, 
            Production Events: 0, 
            Suppression Events: 0
Time: 654.82, 
            Production Events: 1, 
            Suppression Events: 0
Time: 654.82, 
            Production Events: 0, 
            Suppression Events: 0
Time: 654.82, 
            Production Events: 0, 
            Suppression Events: 0
Time: 656.22, 
            Production Events: 0, 
            Suppression Events: 1
Time: 656.22, 
            Production Events: 0, 
            Suppression Events: 0
Time: 657.16, 
            Production Events: 0, 
            Suppression Events: 1
Time: 658.55, 
            Production Events: 0, 
            Suppression Events: 1
Time: 659.22, 
            Production Events: 0, 
            Suppression Events: 2
Time: 660.12, 
            Production Events: 0, 
            Suppression Events: 1
Time: 661.81, 
            Production Events: 0, 
            Suppression Events: 1
Time: 663.3, 
            Production Events: 0, 
            Suppression Events: 1
Time: 663.3, 
            Production Events: 0, 
            Suppression Events: 0
Time: 664.75, 
            Production Events: 0, 
            Suppression Events: 1
Time: 665.43, 
            Production Events: 0, 
            Suppression Events: 1
Time: 667.03, 
            Production Events: 0, 
            Suppression Events: 2
Time: 667.03, 
            Production Events: 0, 
            Suppression Events: 0
Time: 668.12, 
            Production Events: 0, 
            Suppression Events: 1
Time: 669.04, 
            Production Events: 1, 
            Suppression Events: 2
Time: 671.43, 
            Production Events: 0, 
            Suppression Events: 1
Time: 671.43, 
            Production Events: 0, 
            Suppression Events: 0
Time: 672.9, 
            Production Events: 0, 
            Suppression Events: 1
Time: 674.61, 
            Production Events: 0, 
            Suppression Events: 1
Time: 674.61, 
            Production Events: 0, 
            Suppression Events: 0
Time: 675.93, 
            Production Events: 1, 
            Suppression Events: 2
Time: 678.64, 
            Production Events: 0, 
            Suppression Events: 1
Time: 678.64, 
            Production Events: 0, 
            Suppression Events: 0
Time: 678.64, 
            Production Events: 0, 
            Suppression Events: 0
Time: 679.07, 
            Production Events: 0, 
            Suppression Events: 1
Time: 682.36, 
            Production Events: 0, 
            Suppression Events: 3
Time: 682.36, 
            Production Events: 0, 
            Suppression Events: 0
Time: 682.36, 
            Production Events: 0, 
            Suppression Events: 0
Time: 683.38, 
            Production Events: 0, 
            Suppression Events: 2
Time: 685.21, 
            Production Events: 0, 
            Suppression Events: 1
Time: 685.21, 
            Production Events: 0, 
            Suppression Events: 0
Time: 686.45, 
            Production Events: 0, 
            Suppression Events: 1
Time: 687.24, 
            Production Events: 1, 
            Suppression Events: 0
Time: 688.04, 
            Production Events: 0, 
            Suppression Events: 4
Time: 689.82, 
            Production Events: 0, 
            Suppression Events: 1
Time: 692.0, 
            Production Events: 0, 
            Suppression Events: 1
Time: 692.0, 
            Production Events: 0, 
            Suppression Events: 0
Time: 692.31, 
            Production Events: 0, 
            Suppression Events: 1
Time: 693.59, 
            Production Events: 0, 
            Suppression Events: 1
Time: 694.29, 
            Production Events: 0, 
            Suppression Events: 1
Time: 695.12, 
            Production Events: 0, 
            Suppression Events: 2
Time: 698.23, 
            Production Events: 0, 
            Suppression Events: 2
Time: 698.23, 
            Production Events: 0, 
            Suppression Events: 0
Time: 698.23, 
            Production Events: 0, 
            Suppression Events: 0
Time: 699.34, 
            Production Events: 0, 
            Suppression Events: 1
Time: 700.63, 
            Production Events: 0, 
            Suppression Events: 1
Time: 703.15, 
            Production Events: 0, 
            Suppression Events: 3
Time: 703.15, 
            Production Events: 0, 
            Suppression Events: 0
Time: 703.15, 
            Production Events: 0, 
            Suppression Events: 0
Time: 705.69, 
            Production Events: 0, 
            Suppression Events: 1
Time: 705.69, 
            Production Events: 0, 
            Suppression Events: 0
Time: 706.6, 
            Production Events: 0, 
            Suppression Events: 1
Time: 708.13, 
            Production Events: 0, 
            Suppression Events: 1
Time: 708.13, 
            Production Events: 0, 
            Suppression Events: 0
Time: 709.33, 
            Production Events: 1, 
            Suppression Events: 1
Time: 710.3, 
            Production Events: 0, 
            Suppression Events: 2
Time: 711.23, 
            Production Events: 0, 
            Suppression Events: 2
Time: 713.21, 
            Production Events: 0, 
            Suppression Events: 2
Time: 713.21, 
            Production Events: 0, 
            Suppression Events: 0
Time: 714.42, 
            Production Events: 0, 
            Suppression Events: 1
Time: 715.46, 
            Production Events: 0, 
            Suppression Events: 2
Time: 716.59, 
            Production Events: 0, 
            Suppression Events: 2
Time: 717.07, 
            Production Events: 0, 
            Suppression Events: 1
Time: 719.31, 
            Production Events: 0, 
            Suppression Events: 2
Time: 719.31, 
            Production Events: 0, 
            Suppression Events: 0
Time: 720.73, 
            Production Events: 0, 
            Suppression Events: 2
Time: 722.25, 
            Production Events: 0, 
            Suppression Events: 1
Time: 722.25, 
            Production Events: 0, 
            Suppression Events: 0
Time: 724.33, 
            Production Events: 0, 
            Suppression Events: 1
Time: 724.33, 
            Production Events: 0, 
            Suppression Events: 0
Time: 726.7, 
            Production Events: 0, 
            Suppression Events: 1
Time: 726.7, 
            Production Events: 0, 
            Suppression Events: 0
Time: 727.24, 
            Production Events: 0, 
            Suppression Events: 1
Time: 730.94, 
            Production Events: 0, 
            Suppression Events: 1
Time: 730.94, 
            Production Events: 0, 
            Suppression Events: 0
Time: 730.94, 
            Production Events: 0, 
            Suppression Events: 0
Time: 731.03, 
            Production Events: 0, 
            Suppression Events: 1
Time: 732.96, 
            Production Events: 0, 
            Suppression Events: 2
Time: 735.07, 
            Production Events: 0, 
            Suppression Events: 1
Time: 735.07, 
            Production Events: 0, 
            Suppression Events: 0
Time: 735.07, 
            Production Events: 0, 
            Suppression Events: 0
Time: 737.4, 
            Production Events: 0, 
            Suppression Events: 1
Time: 737.4, 
            Production Events: 0, 
            Suppression Events: 0
Time: 738.51, 
            Production Events: 0, 
            Suppression Events: 2
Time: 739.26, 
            Production Events: 0, 
            Suppression Events: 1
Time: 740.03, 
            Production Events: 0, 
            Suppression Events: 3
Time: 741.26, 
            Production Events: 0, 
            Suppression Events: 2
Time: 742.29, 
            Production Events: 0, 
            Suppression Events: 1
Time: 743.04, 
            Production Events: 0, 
            Suppression Events: 1
Time: 744.15, 
            Production Events: 0, 
            Suppression Events: 1
Time: 745.77, 
            Production Events: 0, 
            Suppression Events: 1
Time: 746.06, 
            Production Events: 0, 
            Suppression Events: 1
Time: 750.2, 
            Production Events: 0, 
            Suppression Events: 1
Time: 750.2, 
            Production Events: 0, 
            Suppression Events: 0
Time: 750.2, 
            Production Events: 0, 
            Suppression Events: 0
Time: 750.2, 
            Production Events: 0, 
            Suppression Events: 0
Time: 753.39, 
            Production Events: 0, 
            Suppression Events: 1
Time: 753.39, 
            Production Events: 0, 
            Suppression Events: 0
Time: 753.39, 
            Production Events: 0, 
            Suppression Events: 0
Time: 755.94, 
            Production Events: 0, 
            Suppression Events: 1
Time: 755.94, 
            Production Events: 0, 
            Suppression Events: 0
Time: 756.94, 
            Production Events: 0, 
            Suppression Events: 1
Time: 757.15, 
            Production Events: 0, 
            Suppression Events: 1
Time: 758.67, 
            Production Events: 0, 
            Suppression Events: 2
Time: 759.81, 
            Production Events: 0, 
            Suppression Events: 2
Time: 760.49, 
            Production Events: 0, 
            Suppression Events: 1
Time: 762.63, 
            Production Events: 0, 
            Suppression Events: 1
Time: 762.63, 
            Production Events: 0, 
            Suppression Events: 0
Time: 763.16, 
            Production Events: 0, 
            Suppression Events: 1
Time: 765.17, 
            Production Events: 0, 
            Suppression Events: 2
Time: 765.17, 
            Production Events: 0, 
            Suppression Events: 0
Time: 767.06, 
            Production Events: 0, 
            Suppression Events: 3
Time: 767.06, 
            Production Events: 0, 
            Suppression Events: 0
Time: 768.39, 
            Production Events: 0, 
            Suppression Events: 2
Time: 769.53, 
            Production Events: 0, 
            Suppression Events: 3
Time: 771.32, 
            Production Events: 0, 
            Suppression Events: 1
Time: 771.32, 
            Production Events: 0, 
            Suppression Events: 0
Time: 772.42, 
            Production Events: 0, 
            Suppression Events: 1
Time: 773.66, 
            Production Events: 0, 
            Suppression Events: 1
Time: 774.94, 
            Production Events: 0, 
            Suppression Events: 2
Time: 776.84, 
            Production Events: 0, 
            Suppression Events: 1
Time: 776.84, 
            Production Events: 0, 
            Suppression Events: 0
Time: 778.12, 
            Production Events: 0, 
            Suppression Events: 1
Time: 778.12, 
            Production Events: 0, 
            Suppression Events: 0
Time: 780.23, 
            Production Events: 0, 
            Suppression Events: 2
Time: 780.23, 
            Production Events: 0, 
            Suppression Events: 0
Time: 781.58, 
            Production Events: 0, 
            Suppression Events: 3
Time: 782.71, 
            Production Events: 0, 
            Suppression Events: 1
Time: 784.02, 
            Production Events: 0, 
            Suppression Events: 1
Time: 784.02, 
            Production Events: 0, 
            Suppression Events: 0
Time: 786.97, 
            Production Events: 0, 
            Suppression Events: 1
Time: 786.97, 
            Production Events: 0, 
            Suppression Events: 0
Time: 787.6, 
            Production Events: 0, 
            Suppression Events: 1
Time: 788.05, 
            Production Events: 0, 
            Suppression Events: 1
Time: 789.78, 
            Production Events: 0, 
            Suppression Events: 3
Time: 795.03, 
            Production Events: 0, 
            Suppression Events: 1
Time: 795.03, 
            Production Events: 0, 
            Suppression Events: 0
Time: 795.03, 
            Production Events: 0, 
            Suppression Events: 0
Time: 795.03, 
            Production Events: 0, 
            Suppression Events: 0
Time: 795.03, 
            Production Events: 0, 
            Suppression Events: 0
Time: 795.03, 
            Production Events: 0, 
            Suppression Events: 0
Time: 796.93, 
            Production Events: 0, 
            Suppression Events: 2
Time: 797.78, 
            Production Events: 0, 
            Suppression Events: 1
Time: 798.21, 
            Production Events: 0, 
            Suppression Events: 1
Time: 799.1, 
            Production Events: 0, 
            Suppression Events: 2
Time: 800.09, 
            Production Events: 0, 
            Suppression Events: 1
Time: 803.27, 
            Production Events: 0, 
            Suppression Events: 1
Time: 803.27, 
            Production Events: 0, 
            Suppression Events: 0
Time: 803.27, 
            Production Events: 0, 
            Suppression Events: 0
Time: 804.23, 
            Production Events: 0, 
            Suppression Events: 2
Time: 805.77, 
            Production Events: 0, 
            Suppression Events: 2
Time: 806.13, 
            Production Events: 0, 
            Suppression Events: 1
Time: 808.04, 
            Production Events: 0, 
            Suppression Events: 1
Time: 808.04, 
            Production Events: 0, 
            Suppression Events: 0
Time: 810.33, 
            Production Events: 0, 
            Suppression Events: 2
Time: 810.33, 
            Production Events: 0, 
            Suppression Events: 0
Time: 811.28, 
            Production Events: 0, 
            Suppression Events: 1
Time: 814.73, 
            Production Events: 0, 
            Suppression Events: 3
Time: 814.73, 
            Production Events: 0, 
            Suppression Events: 0
Time: 814.73, 
            Production Events: 0, 
            Suppression Events: 0
Time: 816.32, 
            Production Events: 0, 
            Suppression Events: 2
Time: 816.32, 
            Production Events: 0, 
            Suppression Events: 0
Time: 817.23, 
            Production Events: 0, 
            Suppression Events: 1
Time: 818.11, 
            Production Events: 0, 
            Suppression Events: 1
Time: 819.14, 
            Production Events: 0, 
            Suppression Events: 1
Time: 820.57, 
            Production Events: 0, 
            Suppression Events: 2
Time: 822.34, 
            Production Events: 0, 
            Suppression Events: 1
Time: 822.34, 
            Production Events: 0, 
            Suppression Events: 0
Time: 823.09, 
            Production Events: 0, 
            Suppression Events: 2
Time: 824.21, 
            Production Events: 0, 
            Suppression Events: 3
Time: 825.76, 
            Production Events: 0, 
            Suppression Events: 2
Time: 826.01, 
            Production Events: 0, 
            Suppression Events: 1
Time: 827.12, 
            Production Events: 0, 
            Suppression Events: 2
Time: 828.05, 
            Production Events: 0, 
            Suppression Events: 1
Time: 829.89, 
            Production Events: 0, 
            Suppression Events: 3
Time: 830.09, 
            Production Events: 0, 
            Suppression Events: 1
Time: 831.44, 
            Production Events: 0, 
            Suppression Events: 1
Time: 832.03, 
            Production Events: 0, 
            Suppression Events: 1
Time: 833.23, 
            Production Events: 0, 
            Suppression Events: 1
Time: 834.11, 
            Production Events: 0, 
            Suppression Events: 1
Time: 835.19, 
            Production Events: 0, 
            Suppression Events: 2
Time: 839.53, 
            Production Events: 0, 
            Suppression Events: 3
Time: 839.53, 
            Production Events: 0, 
            Suppression Events: 0
Time: 839.53, 
            Production Events: 0, 
            Suppression Events: 0
Time: 839.53, 
            Production Events: 0, 
            Suppression Events: 0
Time: 840.43, 
            Production Events: 0, 
            Suppression Events: 1
Time: 841.68, 
            Production Events: 0, 
            Suppression Events: 1
Time: 842.88, 
            Production Events: 0, 
            Suppression Events: 2
Time: 843.45, 
            Production Events: 0, 
            Suppression Events: 1
Time: 845.35, 
            Production Events: 0, 
            Suppression Events: 1
Time: 845.35, 
            Production Events: 0, 
            Suppression Events: 0
Time: 849.42, 
            Production Events: 0, 
            Suppression Events: 1
Time: 849.42, 
            Production Events: 0, 
            Suppression Events: 0
Time: 849.42, 
            Production Events: 0, 
            Suppression Events: 0
Time: 849.42, 
            Production Events: 0, 
            Suppression Events: 0
Time: 850.26, 
            Production Events: 0, 
            Suppression Events: 2
Time: 851.13, 
            Production Events: 0, 
            Suppression Events: 2
Time: 853.01, 
            Production Events: 0, 
            Suppression Events: 1
Time: 853.01, 
            Production Events: 0, 
            Suppression Events: 0
Time: 854.18, 
            Production Events: 0, 
            Suppression Events: 3
Time: 856.79, 
            Production Events: 0, 
            Suppression Events: 2
Time: 856.79, 
            Production Events: 0, 
            Suppression Events: 0
Time: 859.11, 
            Production Events: 1, 
            Suppression Events: 1
Time: 859.11, 
            Production Events: 0, 
            Suppression Events: 0
Time: 859.11, 
            Production Events: 0, 
            Suppression Events: 0
Time: 861.01, 
            Production Events: 0, 
            Suppression Events: 2
Time: 861.01, 
            Production Events: 0, 
            Suppression Events: 0
Time: 862.11, 
            Production Events: 0, 
            Suppression Events: 3
Time: 866.47, 
            Production Events: 0, 
            Suppression Events: 2
Time: 866.47, 
            Production Events: 0, 
            Suppression Events: 0
Time: 866.47, 
            Production Events: 0, 
            Suppression Events: 0
Time: 866.47, 
            Production Events: 0, 
            Suppression Events: 0
Time: 868.25, 
            Production Events: 0, 
            Suppression Events: 1
Time: 868.25, 
            Production Events: 0, 
            Suppression Events: 0
Time: 869.63, 
            Production Events: 0, 
            Suppression Events: 2
Time: 870.71, 
            Production Events: 0, 
            Suppression Events: 1
Time: 871.02, 
            Production Events: 0, 
            Suppression Events: 2
Time: 872.12, 
            Production Events: 0, 
            Suppression Events: 5
Time: 873.1, 
            Production Events: 0, 
            Suppression Events: 2
Time: 875.04, 
            Production Events: 0, 
            Suppression Events: 3
Time: 875.04, 
            Production Events: 0, 
            Suppression Events: 0
Time: 876.14, 
            Production Events: 0, 
            Suppression Events: 3
Time: 877.26, 
            Production Events: 0, 
            Suppression Events: 2
Time: 881.86, 
            Production Events: 0, 
            Suppression Events: 4
Time: 881.86, 
            Production Events: 0, 
            Suppression Events: 0
Time: 881.86, 
            Production Events: 0, 
            Suppression Events: 0
Time: 881.86, 
            Production Events: 0, 
            Suppression Events: 0
Time: 882.75, 
            Production Events: 0, 
            Suppression Events: 1
Time: 883.75, 
            Production Events: 0, 
            Suppression Events: 1
Time: 884.77, 
            Production Events: 0, 
            Suppression Events: 1
Time: 885.89, 
            Production Events: 1, 
            Suppression Events: 0
Time: 887.4, 
            Production Events: 0, 
            Suppression Events: 1
Time: 887.4, 
            Production Events: 0, 
            Suppression Events: 0
Time: 888.2, 
            Production Events: 0, 
            Suppression Events: 1
Time: 889.4, 
            Production Events: 0, 
            Suppression Events: 1
Time: 890.7, 
            Production Events: 0, 
            Suppression Events: 1
Time: 892.16, 
            Production Events: 0, 
            Suppression Events: 1
Time: 892.16, 
            Production Events: 0, 
            Suppression Events: 0
Time: 893.88, 
            Production Events: 0, 
            Suppression Events: 1
Time: 894.32, 
            Production Events: 0, 
            Suppression Events: 1
Time: 895.4, 
            Production Events: 0, 
            Suppression Events: 1
Time: 896.2, 
            Production Events: 0, 
            Suppression Events: 2
Time: 897.55, 
            Production Events: 0, 
            Suppression Events: 2
Time: 898.98, 
            Production Events: 0, 
            Suppression Events: 1
Time: 899.25, 
            Production Events: 0, 
            Suppression Events: 1
Time: 901.2, 
            Production Events: 0, 
            Suppression Events: 2
Time: 901.2, 
            Production Events: 0, 
            Suppression Events: 0
Time: 902.39, 
            Production Events: 0, 
            Suppression Events: 2
Time: 904.74, 
            Production Events: 0, 
            Suppression Events: 1
Time: 904.74, 
            Production Events: 0, 
            Suppression Events: 0
Time: 905.11, 
            Production Events: 0, 
            Suppression Events: 2
Time: 906.49, 
            Production Events: 0, 
            Suppression Events: 1
Time: 909.29, 
            Production Events: 0, 
            Suppression Events: 3
Time: 909.29, 
            Production Events: 0, 
            Suppression Events: 0
Time: 909.29, 
            Production Events: 0, 
            Suppression Events: 0
Time: 911.55, 
            Production Events: 0, 
            Suppression Events: 2
Time: 911.55, 
            Production Events: 0, 
            Suppression Events: 0
Time: 912.5, 
            Production Events: 0, 
            Suppression Events: 1
Time: 914.24, 
            Production Events: 0, 
            Suppression Events: 1
Time: 914.24, 
            Production Events: 0, 
            Suppression Events: 0
Time: 916.79, 
            Production Events: 0, 
            Suppression Events: 2
Time: 916.79, 
            Production Events: 0, 
            Suppression Events: 0
Time: 918.84, 
            Production Events: 1, 
            Suppression Events: 0
Time: 918.84, 
            Production Events: 0, 
            Suppression Events: 0
Time: 919.1, 
            Production Events: 0, 
            Suppression Events: 1
Time: 923.03, 
            Production Events: 0, 
            Suppression Events: 1
Time: 923.03, 
            Production Events: 0, 
            Suppression Events: 0
Time: 923.03, 
            Production Events: 0, 
            Suppression Events: 0
Time: 923.03, 
            Production Events: 0, 
            Suppression Events: 0
Time: 924.27, 
            Production Events: 0, 
            Suppression Events: 2
Time: 927.7, 
            Production Events: 0, 
            Suppression Events: 2
Time: 927.7, 
            Production Events: 0, 
            Suppression Events: 0
Time: 927.7, 
            Production Events: 0, 
            Suppression Events: 0
Time: 929.73, 
            Production Events: 0, 
            Suppression Events: 2
Time: 929.73, 
            Production Events: 0, 
            Suppression Events: 0
Time: 930.16, 
            Production Events: 0, 
            Suppression Events: 1
Time: 932.51, 
            Production Events: 0, 
            Suppression Events: 2
Time: 932.51, 
            Production Events: 0, 
            Suppression Events: 0
Time: 933.03, 
            Production Events: 0, 
            Suppression Events: 2
Time: 934.11, 
            Production Events: 1, 
            Suppression Events: 2
Time: 935.74, 
            Production Events: 0, 
            Suppression Events: 3
Time: 937.97, 
            Production Events: 0, 
            Suppression Events: 1
Time: 937.97, 
            Production Events: 0, 
            Suppression Events: 0
Time: 940.83, 
            Production Events: 0, 
            Suppression Events: 1
Time: 940.83, 
            Production Events: 0, 
            Suppression Events: 0
Time: 940.83, 
            Production Events: 0, 
            Suppression Events: 0
Time: 941.34, 
            Production Events: 0, 
            Suppression Events: 2
Time: 942.6, 
            Production Events: 0, 
            Suppression Events: 1
Time: 944.02, 
            Production Events: 0, 
            Suppression Events: 1
Time: 944.02, 
            Production Events: 0, 
            Suppression Events: 0
Time: 945.41, 
            Production Events: 0, 
            Suppression Events: 1
Time: 946.13, 
            Production Events: 0, 
            Suppression Events: 1
Time: 948.06, 
            Production Events: 0, 
            Suppression Events: 1
Time: 948.06, 
            Production Events: 0, 
            Suppression Events: 0
Time: 949.2, 
            Production Events: 0, 
            Suppression Events: 2
Time: 952.61, 
            Production Events: 0, 
            Suppression Events: 2
Time: 952.61, 
            Production Events: 0, 
            Suppression Events: 0
Time: 952.61, 
            Production Events: 0, 
            Suppression Events: 0
Time: 955.08, 
            Production Events: 0, 
            Suppression Events: 2
Time: 955.08, 
            Production Events: 0, 
            Suppression Events: 0
Time: 955.08, 
            Production Events: 0, 
            Suppression Events: 0
Time: 956.66, 
            Production Events: 0, 
            Suppression Events: 1
Time: 957.11, 
            Production Events: 0, 
            Suppression Events: 1
Time: 958.13, 
            Production Events: 0, 
            Suppression Events: 2
Time: 959.58, 
            Production Events: 0, 
            Suppression Events: 2
Time: 961.24, 
            Production Events: 0, 
            Suppression Events: 1
Time: 961.24, 
            Production Events: 0, 
            Suppression Events: 0
Time: 962.27, 
            Production Events: 0, 
            Suppression Events: 3
Time: 964.91, 
            Production Events: 0, 
            Suppression Events: 2
Time: 964.91, 
            Production Events: 0, 
            Suppression Events: 0
Time: 967.28, 
            Production Events: 0, 
            Suppression Events: 1
Time: 967.28, 
            Production Events: 0, 
            Suppression Events: 0
Time: 967.28, 
            Production Events: 0, 
            Suppression Events: 0
Time: 970.49, 
            Production Events: 0, 
            Suppression Events: 2
Time: 970.49, 
            Production Events: 0, 
            Suppression Events: 0
Time: 970.49, 
            Production Events: 0, 
            Suppression Events: 0
Time: 971.18, 
            Production Events: 0, 
            Suppression Events: 2
Time: 974.9, 
            Production Events: 0, 
            Suppression Events: 1
Time: 974.9, 
            Production Events: 0, 
            Suppression Events: 0
Time: 974.9, 
            Production Events: 0, 
            Suppression Events: 0
Time: 975.76, 
            Production Events: 0, 
            Suppression Events: 1
Time: 976.12, 
            Production Events: 0, 
            Suppression Events: 2
Time: 979.47, 
            Production Events: 0, 
            Suppression Events: 1
Time: 979.47, 
            Production Events: 0, 
            Suppression Events: 0
Time: 979.47, 
            Production Events: 0, 
            Suppression Events: 0
Time: 980.17, 
            Production Events: 1, 
            Suppression Events: 0
Time: 981.11, 
            Production Events: 0, 
            Suppression Events: 1
Time: 982.4, 
            Production Events: 0, 
            Suppression Events: 2
Time: 983.85, 
            Production Events: 0, 
            Suppression Events: 1
Time: 987.0, 
            Production Events: 0, 
            Suppression Events: 1
Time: 987.0, 
            Production Events: 0, 
            Suppression Events: 0
Time: 987.0, 
            Production Events: 0, 
            Suppression Events: 0
Time: 987.0, 
            Production Events: 0, 
            Suppression Events: 0
Time: 988.43, 
            Production Events: 0, 
            Suppression Events: 1
Time: 989.27, 
            Production Events: 0, 
            Suppression Events: 2
Time: 991.61, 
            Production Events: 0, 
            Suppression Events: 1
Time: 991.61, 
            Production Events: 0, 
            Suppression Events: 0
Time: 994.47, 
            Production Events: 0, 
            Suppression Events: 1
Time: 994.47, 
            Production Events: 0, 
            Suppression Events: 0
Time: 994.47, 
            Production Events: 0, 
            Suppression Events: 0
Time: 995.41, 
            Production Events: 0, 
            Suppression Events: 1
Time: 997.49, 
            Production Events: 0, 
            Suppression Events: 2
Time: 997.49, 
            Production Events: 0, 
            Suppression Events: 0
Time: 998.17, 
            Production Events: 0, 
            Suppression Events: 1
Time: 1000.8, 
            Production Events: 0, 
            Suppression Events: 1
Time: 1000.8, 
            Production Events: 0, 
            Suppression Events: 0
Simulation completed:
  Final time: 1000.8032542450944
  Total events: 984
  Wall time: 6106.54 seconds

Saving simulation results with clean separation...
Task evolution saved to: 5t5b/5t5b_mfcsb/data/param_127_rep_1_2025-11-21_172537/states.csv
Events saved to: 5t5b/5t5b_mfcsb/data/param_127_rep_1_2025-11-21_172537/events.csv
Saving event log (raw and DataFrame)...
log DataFrame size: (989, 9)
short view:
59 DataFrame
 Row  time     bee1_id  bee2_id  task_id  task_1   task_2   task_3     task_4 
      Float64  Int64    Int64    Int64    Float64  Float64  Float64    Float6 

   1      0.0        1        0        0   0.0913   0.1008  0.129917    0.082 
   2      0.0        2        0        0   0.0802   0.104   0.0871235   0.108
   3      0.0        3        0        0   0.1048   0.1015  0.0904272   0.095
   4      0.0        4        0        0   0.1063   0.0932  0.0943838   0.150
   5      0.0        5        0        0   0.0471   0.1035  0.0625768   0.103 
                                                               2 columns omittedEvent log saved to: 5t5b/5t5b_mfcsb/data/param_127_rep_1_2025-11-21_172537/event_log.json
Event log DataFrame saved to: 5t5b/5t5b_mfcsb/data/param_127_rep_1_2025-11-21_172537/event_log.csv
Metadata and configuration saved to: 5t5b/5t5b_mfcsb/data/param_127_rep_1_2025-11-21_172537/config.json
Task index mapping saved to: 5t5b/5t5b_mfcsb/data/param_127_rep_1_2025-11-21_172537/task_index_mapping.json
All results saved to directory: 5t5b/5t5b_mfcsb/data/param_127_rep_1_2025-11-21_172537
Simulation completed successfully!
Job finished at: Fri Nov 21 07:07:54 PM CET 2025
