Job array started at: Fri Nov 21 07:03:37 PM CET 2025
Job ID: 10862321
Array Job ID: 10860410
Array Task ID: 190
Node: th-ws-7010m12
Loading Julia module...
Module loaded: /software/opt/el_9/x86_64/julia/1.11.3/bin/julia
Changing to project directory...
Current directory: /scratch/n/N.Pfaffenzeller/nikolas_nethive/nethive_multiverse
Running parameter combination 190, replicate 1
Starting Julia simulation...
Running simulation with the following configuration:
  dataset_names: [:mnist, :cifar10, :svhn2, :fashion_mnist, :bank]
  param_id: 190
  n_bees: 5
  batch_size: 32
  replicate_id: 1
  punish_rate: 0.1
  punishment: time_out
  lambda_sensitivity: 100
  save_nn_epochs: 0
  production_rate: 1
  interaction_rate: 150
  batches_per_step: 100
  learning_rate: 0.0001
  max_output_dim: 10
  n_steps_per_epoch: 1
  dead_time: 50
  max_input_dim: 3072
  n_epochs: 1000
  seed: 1130195042

Starting simulation with configuration:
  dataset_names: [:mnist, :cifar10, :svhn2, :fashion_mnist, :bank]
  param_id: 190
  n_bees: 5
  batch_size: 32
  replicate_id: 1
  punish_rate: 0.1
  punishment: time_out
  lambda_sensitivity: 100
  save_nn_epochs: 0
  production_rate: 1
  interaction_rate: 150
  batches_per_step: 100
  run_timestamp: 2025-11-21T19:04:05.748
  learning_rate: 0.0001
  max_output_dim: 10
  n_steps_per_epoch: 1
  dead_time: 50
  max_input_dim: 3072
  n_epochs: 1000
  seed: 1130195042
Random seed: 1130195042

Starting simulation...
Time: 1.04, 
            Production Events: 1, 
            Suppression Events: 0
Time: 2.15, 
            Production Events: 1, 
            Suppression Events: 1
Time: 3.77, 
            Production Events: 0, 
            Suppression Events: 1
Time: 7.07, 
            Production Events: 0, 
            Suppression Events: 1
Time: 7.07, 
            Production Events: 0, 
            Suppression Events: 0
Time: 7.07, 
            Production Events: 0, 
            Suppression Events: 0
Time: 7.07, 
            Production Events: 0, 
            Suppression Events: 0
Time: 8.06, 
            Production Events: 0, 
            Suppression Events: 2
Time: 12.24, 
            Production Events: 0, 
            Suppression Events: 3
Time: 12.24, 
            Production Events: 0, 
            Suppression Events: 0
Time: 12.24, 
            Production Events: 0, 
            Suppression Events: 0
Time: 12.24, 
            Production Events: 0, 
            Suppression Events: 0
Time: 14.16, 
            Production Events: 1, 
            Suppression Events: 2
Time: 14.16, 
            Production Events: 0, 
            Suppression Events: 0
Time: 15.07, 
            Production Events: 0, 
            Suppression Events: 1
Time: 16.14, 
            Production Events: 0, 
            Suppression Events: 1
Time: 17.54, 
            Production Events: 0, 
            Suppression Events: 2
Time: 18.77, 
            Production Events: 1, 
            Suppression Events: 0
Time: 20.19, 
            Production Events: 0, 
            Suppression Events: 1
Time: 20.19, 
            Production Events: 0, 
            Suppression Events: 0
Time: 21.14, 
            Production Events: 0, 
            Suppression Events: 1
Time: 23.24, 
            Production Events: 0, 
            Suppression Events: 2
Time: 23.24, 
            Production Events: 0, 
            Suppression Events: 0
Time: 25.02, 
            Production Events: 1, 
            Suppression Events: 0
Time: 25.02, 
            Production Events: 0, 
            Suppression Events: 0
Time: 26.23, 
            Production Events: 0, 
            Suppression Events: 1
Time: 27.6, 
            Production Events: 0, 
            Suppression Events: 1
Time: 28.37, 
            Production Events: 0, 
            Suppression Events: 2
Time: 29.4, 
            Production Events: 0, 
            Suppression Events: 1
Time: 30.3, 
            Production Events: 0, 
            Suppression Events: 2
Time: 31.1, 
            Production Events: 0, 
            Suppression Events: 2
Time: 32.76, 
            Production Events: 0, 
            Suppression Events: 2
Time: 33.55, 
            Production Events: 0, 
            Suppression Events: 1
Time: 34.05, 
            Production Events: 0, 
            Suppression Events: 2
Time: 35.24, 
            Production Events: 0, 
            Suppression Events: 2
Time: 36.97, 
            Production Events: 0, 
            Suppression Events: 2
Time: 37.27, 
            Production Events: 0, 
            Suppression Events: 1
Time: 39.09, 
            Production Events: 1, 
            Suppression Events: 1
Time: 39.09, 
            Production Events: 0, 
            Suppression Events: 0
Time: 40.8, 
            Production Events: 0, 
            Suppression Events: 3
Time: 41.63, 
            Production Events: 0, 
            Suppression Events: 1
Time: 42.09, 
            Production Events: 0, 
            Suppression Events: 1
Time: 43.83, 
            Production Events: 0, 
            Suppression Events: 1
Time: 45.21, 
            Production Events: 0, 
            Suppression Events: 1
Time: 45.21, 
            Production Events: 0, 
            Suppression Events: 0
Time: 47.04, 
            Production Events: 0, 
            Suppression Events: 3
Time: 47.04, 
            Production Events: 0, 
            Suppression Events: 0
Time: 48.43, 
            Production Events: 0, 
            Suppression Events: 3
Time: 50.35, 
            Production Events: 0, 
            Suppression Events: 2
Time: 50.35, 
            Production Events: 0, 
            Suppression Events: 0
Time: 51.83, 
            Production Events: 1, 
            Suppression Events: 0
Time: 56.8, 
            Production Events: 0, 
            Suppression Events: 1
Time: 56.8, 
            Production Events: 0, 
            Suppression Events: 0
Time: 56.8, 
            Production Events: 0, 
            Suppression Events: 0
Time: 56.8, 
            Production Events: 0, 
            Suppression Events: 0
Time: 56.8, 
            Production Events: 0, 
            Suppression Events: 0
Time: 57.72, 
            Production Events: 0, 
            Suppression Events: 1
Time: 62.11, 
            Production Events: 0, 
            Suppression Events: 1
Time: 62.11, 
            Production Events: 0, 
            Suppression Events: 0
Time: 62.11, 
            Production Events: 0, 
            Suppression Events: 0
Time: 62.11, 
            Production Events: 0, 
            Suppression Events: 0
Time: 62.11, 
            Production Events: 0, 
            Suppression Events: 0
Time: 64.79, 
            Production Events: 1, 
            Suppression Events: 1
Time: 64.79, 
            Production Events: 0, 
            Suppression Events: 0
Time: 67.51, 
            Production Events: 0, 
            Suppression Events: 2
Time: 67.51, 
            Production Events: 0, 
            Suppression Events: 0
Time: 67.51, 
            Production Events: 0, 
            Suppression Events: 0
Time: 69.69, 
            Production Events: 0, 
            Suppression Events: 3
Time: 69.69, 
            Production Events: 0, 
            Suppression Events: 0
Time: 70.85, 
            Production Events: 0, 
            Suppression Events: 1
Time: 71.53, 
            Production Events: 0, 
            Suppression Events: 2
Time: 72.93, 
            Production Events: 1, 
            Suppression Events: 1
Time: 74.87, 
            Production Events: 0, 
            Suppression Events: 1
Time: 74.87, 
            Production Events: 0, 
            Suppression Events: 0
Time: 79.39, 
            Production Events: 0, 
            Suppression Events: 1
Time: 79.39, 
            Production Events: 0, 
            Suppression Events: 0
Time: 79.39, 
            Production Events: 0, 
            Suppression Events: 0
Time: 79.39, 
            Production Events: 0, 
            Suppression Events: 0
Time: 79.39, 
            Production Events: 0, 
            Suppression Events: 0
Time: 80.31, 
            Production Events: 0, 
            Suppression Events: 2
Time: 81.83, 
            Production Events: 1, 
            Suppression Events: 2
Time: 82.51, 
            Production Events: 0, 
            Suppression Events: 1
Time: 83.22, 
            Production Events: 0, 
            Suppression Events: 1
Time: 86.57, 
            Production Events: 0, 
            Suppression Events: 1
Time: 86.57, 
            Production Events: 0, 
            Suppression Events: 0
Time: 86.57, 
            Production Events: 0, 
            Suppression Events: 0
Time: 87.03, 
            Production Events: 0, 
            Suppression Events: 1
Time: 88.2, 
            Production Events: 0, 
            Suppression Events: 3
Time: 89.98, 
            Production Events: 0, 
            Suppression Events: 3
Time: 90.61, 
            Production Events: 1, 
            Suppression Events: 0
Time: 91.79, 
            Production Events: 0, 
            Suppression Events: 2
Time: 92.27, 
            Production Events: 0, 
            Suppression Events: 1
Time: 93.32, 
            Production Events: 0, 
            Suppression Events: 3
Time: 94.04, 
            Production Events: 0, 
            Suppression Events: 1
Time: 96.03, 
            Production Events: 0, 
            Suppression Events: 2
Time: 96.03, 
            Production Events: 0, 
            Suppression Events: 0
Time: 98.8, 
            Production Events: 0, 
            Suppression Events: 1
Time: 98.8, 
            Production Events: 0, 
            Suppression Events: 0
Time: 99.1, 
            Production Events: 0, 
            Suppression Events: 1
Time: 102.01, 
            Production Events: 1, 
            Suppression Events: 0
Time: 102.01, 
            Production Events: 0, 
            Suppression Events: 0
Time: 102.01, 
            Production Events: 0, 
            Suppression Events: 0
Time: 103.39, 
            Production Events: 0, 
            Suppression Events: 1
Time: 104.15, 
            Production Events: 0, 
            Suppression Events: 1
Time: 106.04, 
            Production Events: 0, 
            Suppression Events: 2
Time: 106.04, 
            Production Events: 0, 
            Suppression Events: 0
Time: 107.6, 
            Production Events: 0, 
            Suppression Events: 3
Time: 108.43, 
            Production Events: 0, 
            Suppression Events: 1
Time: 109.12, 
            Production Events: 0, 
            Suppression Events: 2
Time: 112.31, 
            Production Events: 0, 
            Suppression Events: 1
Time: 112.31, 
            Production Events: 0, 
            Suppression Events: 0
Time: 112.31, 
            Production Events: 0, 
            Suppression Events: 0
Time: 113.01, 
            Production Events: 0, 
            Suppression Events: 4
Time: 115.06, 
            Production Events: 0, 
            Suppression Events: 3
Time: 115.06, 
            Production Events: 0, 
            Suppression Events: 0
Time: 118.58, 
            Production Events: 0, 
            Suppression Events: 4
Time: 118.58, 
            Production Events: 0, 
            Suppression Events: 0
Time: 118.58, 
            Production Events: 0, 
            Suppression Events: 0
Time: 119.17, 
            Production Events: 1, 
            Suppression Events: 2
Time: 120.83, 
            Production Events: 0, 
            Suppression Events: 2
Time: 122.3, 
            Production Events: 0, 
            Suppression Events: 1
Time: 122.3, 
            Production Events: 0, 
            Suppression Events: 0
Time: 123.04, 
            Production Events: 0, 
            Suppression Events: 1
Time: 125.68, 
            Production Events: 0, 
            Suppression Events: 2
Time: 125.68, 
            Production Events: 0, 
            Suppression Events: 0
Time: 127.19, 
            Production Events: 0, 
            Suppression Events: 1
Time: 127.19, 
            Production Events: 0, 
            Suppression Events: 0
Time: 128.02, 
            Production Events: 0, 
            Suppression Events: 2
Time: 129.5, 
            Production Events: 0, 
            Suppression Events: 1
Time: 131.56, 
            Production Events: 0, 
            Suppression Events: 4
Time: 131.56, 
            Production Events: 0, 
            Suppression Events: 0
Time: 132.56, 
            Production Events: 0, 
            Suppression Events: 1
Time: 133.67, 
            Production Events: 0, 
            Suppression Events: 2
Time: 136.84, 
            Production Events: 0, 
            Suppression Events: 1
Time: 136.84, 
            Production Events: 0, 
            Suppression Events: 0
Time: 136.84, 
            Production Events: 0, 
            Suppression Events: 0
Time: 137.67, 
            Production Events: 0, 
            Suppression Events: 1
Time: 138.79, 
            Production Events: 0, 
            Suppression Events: 1
Time: 139.38, 
            Production Events: 0, 
            Suppression Events: 1
Time: 143.29, 
            Production Events: 0, 
            Suppression Events: 1
Time: 143.29, 
            Production Events: 0, 
            Suppression Events: 0
Time: 143.29, 
            Production Events: 0, 
            Suppression Events: 0
Time: 143.29, 
            Production Events: 0, 
            Suppression Events: 0
Time: 144.89, 
            Production Events: 0, 
            Suppression Events: 1
Time: 145.58, 
            Production Events: 1, 
            Suppression Events: 0
Time: 146.58, 
            Production Events: 1, 
            Suppression Events: 1
Time: 147.22, 
            Production Events: 0, 
            Suppression Events: 1
Time: 148.39, 
            Production Events: 0, 
            Suppression Events: 2
Time: 149.39, 
            Production Events: 0, 
            Suppression Events: 1
Time: 150.38, 
            Production Events: 0, 
            Suppression Events: 1
Time: 151.33, 
            Production Events: 0, 
            Suppression Events: 1
Time: 153.72, 
            Production Events: 0, 
            Suppression Events: 3
Time: 153.72, 
            Production Events: 0, 
            Suppression Events: 0
Time: 155.55, 
            Production Events: 0, 
            Suppression Events: 1
Time: 155.55, 
            Production Events: 0, 
            Suppression Events: 0
Time: 156.2, 
            Production Events: 0, 
            Suppression Events: 2
Time: 157.16, 
            Production Events: 0, 
            Suppression Events: 2
Time: 159.34, 
            Production Events: 0, 
            Suppression Events: 2
Time: 159.34, 
            Production Events: 0, 
            Suppression Events: 0
Time: 160.71, 
            Production Events: 0, 
            Suppression Events: 2
Time: 161.7, 
            Production Events: 0, 
            Suppression Events: 1
Time: 163.38, 
            Production Events: 0, 
            Suppression Events: 2
Time: 163.38, 
            Production Events: 0, 
            Suppression Events: 0
Time: 165.35, 
            Production Events: 0, 
            Suppression Events: 1
Time: 165.35, 
            Production Events: 0, 
            Suppression Events: 0
Time: 166.58, 
            Production Events: 0, 
            Suppression Events: 2
Time: 168.29, 
            Production Events: 0, 
            Suppression Events: 2
Time: 168.29, 
            Production Events: 0, 
            Suppression Events: 0
Time: 170.24, 
            Production Events: 0, 
            Suppression Events: 1
Time: 170.24, 
            Production Events: 0, 
            Suppression Events: 0
Time: 171.61, 
            Production Events: 0, 
            Suppression Events: 1
Time: 173.39, 
            Production Events: 0, 
            Suppression Events: 1
Time: 173.39, 
            Production Events: 0, 
            Suppression Events: 0
Time: 175.28, 
            Production Events: 0, 
            Suppression Events: 1
Time: 175.28, 
            Production Events: 0, 
            Suppression Events: 0
Time: 176.5, 
            Production Events: 0, 
            Suppression Events: 1
Time: 177.73, 
            Production Events: 0, 
            Suppression Events: 3
Time: 179.75, 
            Production Events: 0, 
            Suppression Events: 2
Time: 179.75, 
            Production Events: 0, 
            Suppression Events: 0
Time: 180.46, 
            Production Events: 0, 
            Suppression Events: 3
Time: 181.08, 
            Production Events: 0, 
            Suppression Events: 3
Time: 185.74, 
            Production Events: 0, 
            Suppression Events: 1
Time: 185.74, 
            Production Events: 0, 
            Suppression Events: 0
Time: 185.74, 
            Production Events: 0, 
            Suppression Events: 0
Time: 185.74, 
            Production Events: 0, 
            Suppression Events: 0
Time: 187.02, 
            Production Events: 0, 
            Suppression Events: 1
Time: 187.02, 
            Production Events: 0, 
            Suppression Events: 0
Time: 189.7, 
            Production Events: 0, 
            Suppression Events: 4
Time: 189.7, 
            Production Events: 0, 
            Suppression Events: 0
Time: 190.05, 
            Production Events: 0, 
            Suppression Events: 1
Time: 192.57, 
            Production Events: 0, 
            Suppression Events: 2
Time: 192.57, 
            Production Events: 0, 
            Suppression Events: 0
Time: 194.87, 
            Production Events: 0, 
            Suppression Events: 1
Time: 194.87, 
            Production Events: 0, 
            Suppression Events: 0
Time: 195.07, 
            Production Events: 0, 
            Suppression Events: 1
Time: 197.95, 
            Production Events: 0, 
            Suppression Events: 2
Time: 197.95, 
            Production Events: 0, 
            Suppression Events: 0
Time: 200.54, 
            Production Events: 0, 
            Suppression Events: 1
Time: 200.54, 
            Production Events: 0, 
            Suppression Events: 0
Time: 200.54, 
            Production Events: 0, 
            Suppression Events: 0
Time: 201.65, 
            Production Events: 0, 
            Suppression Events: 1
Time: 202.35, 
            Production Events: 1, 
            Suppression Events: 0
Time: 203.72, 
            Production Events: 0, 
            Suppression Events: 2
Time: 204.12, 
            Production Events: 0, 
            Suppression Events: 1
Time: 205.99, 
            Production Events: 0, 
            Suppression Events: 3
Time: 206.11, 
            Production Events: 0, 
            Suppression Events: 1
Time: 207.32, 
            Production Events: 0, 
            Suppression Events: 2
Time: 208.34, 
            Production Events: 0, 
            Suppression Events: 1
Time: 209.01, 
            Production Events: 0, 
            Suppression Events: 2
Time: 210.13, 
            Production Events: 0, 
            Suppression Events: 1
Time: 211.07, 
            Production Events: 0, 
            Suppression Events: 1
Time: 213.04, 
            Production Events: 0, 
            Suppression Events: 4
Time: 213.04, 
            Production Events: 0, 
            Suppression Events: 0
Time: 214.32, 
            Production Events: 0, 
            Suppression Events: 2
Time: 217.22, 
            Production Events: 0, 
            Suppression Events: 1
Time: 217.22, 
            Production Events: 0, 
            Suppression Events: 0
Time: 217.22, 
            Production Events: 0, 
            Suppression Events: 0
Time: 219.34, 
            Production Events: 0, 
            Suppression Events: 1
Time: 219.34, 
            Production Events: 0, 
            Suppression Events: 0
Time: 220.04, 
            Production Events: 0, 
            Suppression Events: 1
Time: 221.47, 
            Production Events: 1, 
            Suppression Events: 1
Time: 222.21, 
            Production Events: 0, 
            Suppression Events: 1
Time: 224.05, 
            Production Events: 0, 
            Suppression Events: 1
Time: 224.05, 
            Production Events: 0, 
            Suppression Events: 0
Time: 225.57, 
            Production Events: 0, 
            Suppression Events: 1
Time: 226.35, 
            Production Events: 0, 
            Suppression Events: 1
Time: 228.11, 
            Production Events: 0, 
            Suppression Events: 2
Time: 228.11, 
            Production Events: 0, 
            Suppression Events: 0
Time: 232.27, 
            Production Events: 0, 
            Suppression Events: 1
Time: 232.27, 
            Production Events: 0, 
            Suppression Events: 0
Time: 232.27, 
            Production Events: 0, 
            Suppression Events: 0
Time: 232.27, 
            Production Events: 0, 
            Suppression Events: 0
Time: 233.94, 
            Production Events: 0, 
            Suppression Events: 2
Time: 234.28, 
            Production Events: 0, 
            Suppression Events: 2
Time: 235.28, 
            Production Events: 0, 
            Suppression Events: 2
Time: 239.18, 
            Production Events: 0, 
            Suppression Events: 1
Time: 239.18, 
            Production Events: 0, 
            Suppression Events: 0
Time: 239.18, 
            Production Events: 0, 
            Suppression Events: 0
Time: 239.18, 
            Production Events: 0, 
            Suppression Events: 0
Time: 240.37, 
            Production Events: 0, 
            Suppression Events: 1
Time: 241.2, 
            Production Events: 0, 
            Suppression Events: 2
Time: 242.2, 
            Production Events: 0, 
            Suppression Events: 1
Time: 244.1, 
            Production Events: 0, 
            Suppression Events: 1
Time: 244.1, 
            Production Events: 0, 
            Suppression Events: 0
Time: 246.58, 
            Production Events: 0, 
            Suppression Events: 3
Time: 246.58, 
            Production Events: 0, 
            Suppression Events: 0
Time: 248.8, 
            Production Events: 0, 
            Suppression Events: 1
Time: 248.8, 
            Production Events: 0, 
            Suppression Events: 0
Time: 249.62, 
            Production Events: 0, 
            Suppression Events: 1
Time: 250.08, 
            Production Events: 0, 
            Suppression Events: 3
Time: 252.49, 
            Production Events: 0, 
            Suppression Events: 2
Time: 252.49, 
            Production Events: 0, 
            Suppression Events: 0
Time: 253.05, 
            Production Events: 0, 
            Suppression Events: 2
Time: 254.65, 
            Production Events: 0, 
            Suppression Events: 2
Time: 256.92, 
            Production Events: 0, 
            Suppression Events: 2
Time: 256.92, 
            Production Events: 0, 
            Suppression Events: 0
Time: 258.99, 
            Production Events: 0, 
            Suppression Events: 1
Time: 258.99, 
            Production Events: 0, 
            Suppression Events: 0
Time: 260.78, 
            Production Events: 0, 
            Suppression Events: 1
Time: 260.78, 
            Production Events: 0, 
            Suppression Events: 0
Time: 261.74, 
            Production Events: 0, 
            Suppression Events: 2
Time: 263.93, 
            Production Events: 0, 
            Suppression Events: 1
Time: 263.93, 
            Production Events: 0, 
            Suppression Events: 0
Time: 264.71, 
            Production Events: 0, 
            Suppression Events: 1
Time: 267.59, 
            Production Events: 0, 
            Suppression Events: 2
Time: 267.59, 
            Production Events: 0, 
            Suppression Events: 0
Time: 267.59, 
            Production Events: 0, 
            Suppression Events: 0
Time: 269.64, 
            Production Events: 0, 
            Suppression Events: 2
Time: 269.64, 
            Production Events: 0, 
            Suppression Events: 0
Time: 270.05, 
            Production Events: 0, 
            Suppression Events: 1
Time: 272.69, 
            Production Events: 1, 
            Suppression Events: 0
Time: 272.69, 
            Production Events: 0, 
            Suppression Events: 0
Time: 274.39, 
            Production Events: 0, 
            Suppression Events: 3
Time: 274.39, 
            Production Events: 0, 
            Suppression Events: 0
Time: 275.09, 
            Production Events: 0, 
            Suppression Events: 1
Time: 277.13, 
            Production Events: 0, 
            Suppression Events: 2
Time: 277.13, 
            Production Events: 0, 
            Suppression Events: 0
Time: 279.68, 
            Production Events: 0, 
            Suppression Events: 1
Time: 279.68, 
            Production Events: 0, 
            Suppression Events: 0
Time: 280.0, 
            Production Events: 0, 
            Suppression Events: 1
Time: 281.27, 
            Production Events: 0, 
            Suppression Events: 2
Time: 282.39, 
            Production Events: 0, 
            Suppression Events: 2
Time: 283.02, 
            Production Events: 0, 
            Suppression Events: 3
Time: 284.4, 
            Production Events: 0, 
            Suppression Events: 2
Time: 286.57, 
            Production Events: 0, 
            Suppression Events: 1
Time: 286.57, 
            Production Events: 0, 
            Suppression Events: 0
Time: 287.46, 
            Production Events: 0, 
            Suppression Events: 3
Time: 288.39, 
            Production Events: 0, 
            Suppression Events: 1
Time: 289.1, 
            Production Events: 0, 
            Suppression Events: 2
Time: 290.19, 
            Production Events: 0, 
            Suppression Events: 3
Time: 291.03, 
            Production Events: 0, 
            Suppression Events: 1
Time: 292.4, 
            Production Events: 0, 
            Suppression Events: 3
Time: 296.26, 
            Production Events: 1, 
            Suppression Events: 1
Time: 296.26, 
            Production Events: 0, 
            Suppression Events: 0
Time: 296.26, 
            Production Events: 0, 
            Suppression Events: 0
Time: 296.26, 
            Production Events: 0, 
            Suppression Events: 0
Time: 302.73, 
            Production Events: 0, 
            Suppression Events: 1
Time: 302.73, 
            Production Events: 0, 
            Suppression Events: 0
Time: 302.73, 
            Production Events: 0, 
            Suppression Events: 0
Time: 302.73, 
            Production Events: 0, 
            Suppression Events: 0
Time: 302.73, 
            Production Events: 0, 
            Suppression Events: 0
Time: 302.73, 
            Production Events: 0, 
            Suppression Events: 0
Time: 304.13, 
            Production Events: 0, 
            Suppression Events: 2
Time: 304.13, 
            Production Events: 0, 
            Suppression Events: 0
Time: 306.75, 
            Production Events: 0, 
            Suppression Events: 2
Time: 306.75, 
            Production Events: 0, 
            Suppression Events: 0
Time: 308.14, 
            Production Events: 0, 
            Suppression Events: 1
Time: 308.14, 
            Production Events: 0, 
            Suppression Events: 0
Time: 309.67, 
            Production Events: 0, 
            Suppression Events: 1
Time: 311.37, 
            Production Events: 0, 
            Suppression Events: 1
Time: 311.37, 
            Production Events: 0, 
            Suppression Events: 0
Time: 312.77, 
            Production Events: 0, 
            Suppression Events: 1
Time: 313.7, 
            Production Events: 0, 
            Suppression Events: 1
Time: 315.22, 
            Production Events: 0, 
            Suppression Events: 2
Time: 315.22, 
            Production Events: 0, 
            Suppression Events: 0
Time: 318.47, 
            Production Events: 0, 
            Suppression Events: 2
Time: 318.47, 
            Production Events: 0, 
            Suppression Events: 0
Time: 318.47, 
            Production Events: 0, 
            Suppression Events: 0
Time: 324.81, 
            Production Events: 0, 
            Suppression Events: 1
Time: 324.81, 
            Production Events: 0, 
            Suppression Events: 0
Time: 324.81, 
            Production Events: 0, 
            Suppression Events: 0
Time: 324.81, 
            Production Events: 0, 
            Suppression Events: 0
Time: 324.81, 
            Production Events: 0, 
            Suppression Events: 0
Time: 324.81, 
            Production Events: 0, 
            Suppression Events: 0
Time: 327.19, 
            Production Events: 0, 
            Suppression Events: 1
Time: 327.19, 
            Production Events: 0, 
            Suppression Events: 0
Time: 327.19, 
            Production Events: 0, 
            Suppression Events: 0
Time: 328.65, 
            Production Events: 0, 
            Suppression Events: 1
Time: 329.42, 
            Production Events: 0, 
            Suppression Events: 3
Time: 330.59, 
            Production Events: 0, 
            Suppression Events: 2
Time: 331.49, 
            Production Events: 1, 
            Suppression Events: 0
Time: 332.76, 
            Production Events: 0, 
            Suppression Events: 3
Time: 334.69, 
            Production Events: 0, 
            Suppression Events: 1
Time: 334.69, 
            Production Events: 0, 
            Suppression Events: 0
Time: 336.6, 
            Production Events: 0, 
            Suppression Events: 1
Time: 336.6, 
            Production Events: 0, 
            Suppression Events: 0
Time: 338.82, 
            Production Events: 0, 
            Suppression Events: 1
Time: 338.82, 
            Production Events: 0, 
            Suppression Events: 0
Time: 339.29, 
            Production Events: 0, 
            Suppression Events: 1
Time: 340.47, 
            Production Events: 0, 
            Suppression Events: 2
Time: 341.72, 
            Production Events: 0, 
            Suppression Events: 1
Time: 342.14, 
            Production Events: 0, 
            Suppression Events: 1
Time: 343.35, 
            Production Events: 0, 
            Suppression Events: 3
Time: 345.39, 
            Production Events: 0, 
            Suppression Events: 1
Time: 345.39, 
            Production Events: 0, 
            Suppression Events: 0
Time: 347.41, 
            Production Events: 0, 
            Suppression Events: 1
Time: 347.41, 
            Production Events: 0, 
            Suppression Events: 0
Time: 350.89, 
            Production Events: 0, 
            Suppression Events: 1
Time: 350.89, 
            Production Events: 0, 
            Suppression Events: 0
Time: 350.89, 
            Production Events: 0, 
            Suppression Events: 0
Time: 351.23, 
            Production Events: 0, 
            Suppression Events: 1
Time: 352.3, 
            Production Events: 0, 
            Suppression Events: 3
Time: 354.24, 
            Production Events: 0, 
            Suppression Events: 3
Time: 354.24, 
            Production Events: 0, 
            Suppression Events: 0
Time: 355.47, 
            Production Events: 0, 
            Suppression Events: 1
Time: 357.32, 
            Production Events: 0, 
            Suppression Events: 1
Time: 357.32, 
            Production Events: 0, 
            Suppression Events: 0
Time: 358.58, 
            Production Events: 0, 
            Suppression Events: 2
Time: 359.55, 
            Production Events: 0, 
            Suppression Events: 1
Time: 360.33, 
            Production Events: 0, 
            Suppression Events: 1
Time: 361.62, 
            Production Events: 0, 
            Suppression Events: 1
Time: 362.82, 
            Production Events: 0, 
            Suppression Events: 1
Time: 363.36, 
            Production Events: 0, 
            Suppression Events: 1
Time: 365.65, 
            Production Events: 0, 
            Suppression Events: 1
Time: 365.65, 
            Production Events: 0, 
            Suppression Events: 0
Time: 366.41, 
            Production Events: 0, 
            Suppression Events: 2
Time: 369.9, 
            Production Events: 0, 
            Suppression Events: 2
Time: 369.9, 
            Production Events: 0, 
            Suppression Events: 0
Time: 369.9, 
            Production Events: 0, 
            Suppression Events: 0
Time: 370.3, 
            Production Events: 0, 
            Suppression Events: 1
Time: 372.99, 
            Production Events: 0, 
            Suppression Events: 1
Time: 372.99, 
            Production Events: 0, 
            Suppression Events: 0
Time: 374.02, 
            Production Events: 0, 
            Suppression Events: 1
Time: 374.02, 
            Production Events: 0, 
            Suppression Events: 0
Time: 376.1, 
            Production Events: 0, 
            Suppression Events: 2
Time: 376.1, 
            Production Events: 0, 
            Suppression Events: 0
Time: 377.13, 
            Production Events: 0, 
            Suppression Events: 3
Time: 378.28, 
            Production Events: 0, 
            Suppression Events: 2
Time: 379.67, 
            Production Events: 0, 
            Suppression Events: 2
Time: 380.26, 
            Production Events: 0, 
            Suppression Events: 3
Time: 382.1, 
            Production Events: 0, 
            Suppression Events: 1
Time: 382.1, 
            Production Events: 0, 
            Suppression Events: 0
Time: 383.09, 
            Production Events: 0, 
            Suppression Events: 3
Time: 385.48, 
            Production Events: 1, 
            Suppression Events: 2
Time: 385.48, 
            Production Events: 0, 
            Suppression Events: 0
Time: 386.15, 
            Production Events: 0, 
            Suppression Events: 1
Time: 387.9, 
            Production Events: 0, 
            Suppression Events: 1
Time: 388.57, 
            Production Events: 0, 
            Suppression Events: 1
Time: 389.05, 
            Production Events: 0, 
            Suppression Events: 2
Time: 392.31, 
            Production Events: 0, 
            Suppression Events: 3
Time: 392.31, 
            Production Events: 0, 
            Suppression Events: 0
Time: 392.31, 
            Production Events: 0, 
            Suppression Events: 0
Time: 393.94, 
            Production Events: 0, 
            Suppression Events: 1
Time: 394.69, 
            Production Events: 0, 
            Suppression Events: 1
Time: 395.9, 
            Production Events: 0, 
            Suppression Events: 1
Time: 396.45, 
            Production Events: 0, 
            Suppression Events: 1
Time: 399.2, 
            Production Events: 0, 
            Suppression Events: 1
Time: 399.2, 
            Production Events: 0, 
            Suppression Events: 0
Time: 399.2, 
            Production Events: 0, 
            Suppression Events: 0
Time: 401.93, 
            Production Events: 0, 
            Suppression Events: 2
Time: 401.93, 
            Production Events: 0, 
            Suppression Events: 0
Time: 402.15, 
            Production Events: 0, 
            Suppression Events: 1
Time: 405.3, 
            Production Events: 0, 
            Suppression Events: 3
Time: 405.3, 
            Production Events: 0, 
            Suppression Events: 0
Time: 405.3, 
            Production Events: 0, 
            Suppression Events: 0
Time: 406.66, 
            Production Events: 0, 
            Suppression Events: 1
Time: 408.21, 
            Production Events: 0, 
            Suppression Events: 2
Time: 408.21, 
            Production Events: 0, 
            Suppression Events: 0
Time: 409.07, 
            Production Events: 0, 
            Suppression Events: 1
Time: 411.91, 
            Production Events: 0, 
            Suppression Events: 3
Time: 411.91, 
            Production Events: 0, 
            Suppression Events: 0
Time: 412.13, 
            Production Events: 0, 
            Suppression Events: 1
Time: 416.14, 
            Production Events: 1, 
            Suppression Events: 3
Time: 416.14, 
            Production Events: 0, 
            Suppression Events: 0
Time: 416.14, 
            Production Events: 0, 
            Suppression Events: 0
Time: 416.14, 
            Production Events: 0, 
            Suppression Events: 0
Time: 417.27, 
            Production Events: 0, 
            Suppression Events: 1
Time: 418.9, 
            Production Events: 0, 
            Suppression Events: 1
Time: 419.02, 
            Production Events: 0, 
            Suppression Events: 1
Time: 420.02, 
            Production Events: 0, 
            Suppression Events: 1
Time: 421.46, 
            Production Events: 0, 
            Suppression Events: 3
Time: 422.58, 
            Production Events: 0, 
            Suppression Events: 2
Time: 423.62, 
            Production Events: 0, 
            Suppression Events: 1
Time: 424.56, 
            Production Events: 1, 
            Suppression Events: 1
Time: 425.35, 
            Production Events: 0, 
            Suppression Events: 2
Time: 427.45, 
            Production Events: 0, 
            Suppression Events: 2
Time: 427.45, 
            Production Events: 0, 
            Suppression Events: 0
Time: 430.99, 
            Production Events: 0, 
            Suppression Events: 1
Time: 430.99, 
            Production Events: 0, 
            Suppression Events: 0
Time: 430.99, 
            Production Events: 0, 
            Suppression Events: 0
Time: 431.26, 
            Production Events: 0, 
            Suppression Events: 1
Time: 432.66, 
            Production Events: 0, 
            Suppression Events: 2
Time: 434.17, 
            Production Events: 0, 
            Suppression Events: 1
Time: 434.17, 
            Production Events: 0, 
            Suppression Events: 0
Time: 435.51, 
            Production Events: 1, 
            Suppression Events: 1
Time: 438.76, 
            Production Events: 0, 
            Suppression Events: 1
Time: 438.76, 
            Production Events: 0, 
            Suppression Events: 0
Time: 438.76, 
            Production Events: 0, 
            Suppression Events: 0
Time: 440.52, 
            Production Events: 0, 
            Suppression Events: 1
Time: 440.52, 
            Production Events: 0, 
            Suppression Events: 0
Time: 441.84, 
            Production Events: 0, 
            Suppression Events: 1
Time: 442.52, 
            Production Events: 0, 
            Suppression Events: 2
Time: 443.29, 
            Production Events: 0, 
            Suppression Events: 1
Time: 445.95, 
            Production Events: 0, 
            Suppression Events: 2
Time: 445.95, 
            Production Events: 0, 
            Suppression Events: 0
Time: 446.49, 
            Production Events: 0, 
            Suppression Events: 1
Time: 447.37, 
            Production Events: 0, 
            Suppression Events: 3
Time: 448.67, 
            Production Events: 0, 
            Suppression Events: 1
Time: 449.3, 
            Production Events: 0, 
            Suppression Events: 1
Time: 450.22, 
            Production Events: 0, 
            Suppression Events: 2
Time: 451.02, 
            Production Events: 0, 
            Suppression Events: 1
Time: 453.38, 
            Production Events: 0, 
            Suppression Events: 1
Time: 453.38, 
            Production Events: 0, 
            Suppression Events: 0
Time: 454.64, 
            Production Events: 0, 
            Suppression Events: 1
Time: 457.33, 
            Production Events: 0, 
            Suppression Events: 1
Time: 457.33, 
            Production Events: 0, 
            Suppression Events: 0
Time: 457.33, 
            Production Events: 0, 
            Suppression Events: 0
Time: 461.97, 
            Production Events: 0, 
            Suppression Events: 2
Time: 461.97, 
            Production Events: 0, 
            Suppression Events: 0
Time: 461.97, 
            Production Events: 0, 
            Suppression Events: 0
Time: 461.97, 
            Production Events: 0, 
            Suppression Events: 0
Time: 464.39, 
            Production Events: 0, 
            Suppression Events: 1
Time: 464.39, 
            Production Events: 0, 
            Suppression Events: 0
Time: 464.39, 
            Production Events: 0, 
            Suppression Events: 0
Time: 466.89, 
            Production Events: 1, 
            Suppression Events: 3
Time: 466.89, 
            Production Events: 0, 
            Suppression Events: 0
Time: 468.67, 
            Production Events: 0, 
            Suppression Events: 1
Time: 468.67, 
            Production Events: 0, 
            Suppression Events: 0
Time: 469.09, 
            Production Events: 0, 
            Suppression Events: 2
Time: 470.41, 
            Production Events: 0, 
            Suppression Events: 2
Time: 471.73, 
            Production Events: 0, 
            Suppression Events: 1
Time: 472.02, 
            Production Events: 0, 
            Suppression Events: 1
Time: 473.33, 
            Production Events: 0, 
            Suppression Events: 2
Time: 474.76, 
            Production Events: 0, 
            Suppression Events: 2
Time: 475.21, 
            Production Events: 0, 
            Suppression Events: 1
Time: 477.12, 
            Production Events: 0, 
            Suppression Events: 1
Time: 477.12, 
            Production Events: 0, 
            Suppression Events: 0
Time: 480.81, 
            Production Events: 0, 
            Suppression Events: 2
Time: 480.81, 
            Production Events: 0, 
            Suppression Events: 0
Time: 480.81, 
            Production Events: 0, 
            Suppression Events: 0
Time: 481.19, 
            Production Events: 0, 
            Suppression Events: 1
Time: 483.77, 
            Production Events: 0, 
            Suppression Events: 2
Time: 483.77, 
            Production Events: 0, 
            Suppression Events: 0
Time: 484.64, 
            Production Events: 0, 
            Suppression Events: 1
Time: 486.64, 
            Production Events: 0, 
            Suppression Events: 1
Time: 486.64, 
            Production Events: 0, 
            Suppression Events: 0
Time: 489.62, 
            Production Events: 1, 
            Suppression Events: 0
Time: 489.62, 
            Production Events: 0, 
            Suppression Events: 0
Time: 489.62, 
            Production Events: 0, 
            Suppression Events: 0
Time: 490.75, 
            Production Events: 0, 
            Suppression Events: 1
Time: 492.7, 
            Production Events: 0, 
            Suppression Events: 2
Time: 492.7, 
            Production Events: 0, 
            Suppression Events: 0
Time: 495.89, 
            Production Events: 0, 
            Suppression Events: 1
Time: 495.89, 
            Production Events: 0, 
            Suppression Events: 0
Time: 495.89, 
            Production Events: 0, 
            Suppression Events: 0
Time: 501.73, 
            Production Events: 0, 
            Suppression Events: 1
Time: 501.73, 
            Production Events: 0, 
            Suppression Events: 0
Time: 501.73, 
            Production Events: 0, 
            Suppression Events: 0
Time: 501.73, 
            Production Events: 0, 
            Suppression Events: 0
Time: 501.73, 
            Production Events: 0, 
            Suppression Events: 0
Time: 501.73, 
            Production Events: 0, 
            Suppression Events: 0
Time: 502.66, 
            Production Events: 0, 
            Suppression Events: 1
Time: 504.01, 
            Production Events: 0, 
            Suppression Events: 3
Time: 504.01, 
            Production Events: 0, 
            Suppression Events: 0
Time: 505.28, 
            Production Events: 0, 
            Suppression Events: 3
Time: 507.47, 
            Production Events: 0, 
            Suppression Events: 1
Time: 507.47, 
            Production Events: 0, 
            Suppression Events: 0
Time: 509.13, 
            Production Events: 0, 
            Suppression Events: 1
Time: 509.13, 
            Production Events: 0, 
            Suppression Events: 0
Time: 510.69, 
            Production Events: 0, 
            Suppression Events: 1
Time: 511.67, 
            Production Events: 0, 
            Suppression Events: 1
Time: 512.41, 
            Production Events: 0, 
            Suppression Events: 1
Time: 515.08, 
            Production Events: 0, 
            Suppression Events: 2
Time: 515.08, 
            Production Events: 0, 
            Suppression Events: 0
Time: 515.08, 
            Production Events: 0, 
            Suppression Events: 0
Time: 518.87, 
            Production Events: 0, 
            Suppression Events: 1
Time: 518.87, 
            Production Events: 0, 
            Suppression Events: 0
Time: 518.87, 
            Production Events: 0, 
            Suppression Events: 0
Time: 519.11, 
            Production Events: 0, 
            Suppression Events: 1
Time: 521.12, 
            Production Events: 0, 
            Suppression Events: 2
Time: 521.12, 
            Production Events: 0, 
            Suppression Events: 0
Time: 522.79, 
            Production Events: 0, 
            Suppression Events: 1
Time: 524.65, 
            Production Events: 0, 
            Suppression Events: 1
Time: 524.65, 
            Production Events: 0, 
            Suppression Events: 0
Time: 525.63, 
            Production Events: 1, 
            Suppression Events: 0
Time: 526.24, 
            Production Events: 0, 
            Suppression Events: 1
Time: 527.65, 
            Production Events: 0, 
            Suppression Events: 2
Time: 528.43, 
            Production Events: 0, 
            Suppression Events: 2
Time: 529.77, 
            Production Events: 0, 
            Suppression Events: 2
Time: 530.89, 
            Production Events: 0, 
            Suppression Events: 2
Time: 532.55, 
            Production Events: 0, 
            Suppression Events: 1
Time: 532.55, 
            Production Events: 0, 
            Suppression Events: 0
Time: 533.46, 
            Production Events: 0, 
            Suppression Events: 1
Time: 534.12, 
            Production Events: 0, 
            Suppression Events: 3
Time: 535.06, 
            Production Events: 0, 
            Suppression Events: 1
Time: 536.57, 
            Production Events: 0, 
            Suppression Events: 2
Time: 538.39, 
            Production Events: 0, 
            Suppression Events: 3
Time: 538.39, 
            Production Events: 0, 
            Suppression Events: 0
Time: 539.26, 
            Production Events: 0, 
            Suppression Events: 3
Time: 541.13, 
            Production Events: 0, 
            Suppression Events: 2
Time: 541.13, 
            Production Events: 0, 
            Suppression Events: 0
Time: 544.23, 
            Production Events: 0, 
            Suppression Events: 3
Time: 544.23, 
            Production Events: 0, 
            Suppression Events: 0
Time: 544.23, 
            Production Events: 0, 
            Suppression Events: 0
Time: 548.6, 
            Production Events: 0, 
            Suppression Events: 3
Time: 548.6, 
            Production Events: 0, 
            Suppression Events: 0
Time: 548.6, 
            Production Events: 0, 
            Suppression Events: 0
Time: 548.6, 
            Production Events: 0, 
            Suppression Events: 0
Time: 550.79, 
            Production Events: 0, 
            Suppression Events: 3
Time: 550.79, 
            Production Events: 0, 
            Suppression Events: 0
Time: 551.97, 
            Production Events: 0, 
            Suppression Events: 1
Time: 552.35, 
            Production Events: 0, 
            Suppression Events: 1
Time: 554.01, 
            Production Events: 0, 
            Suppression Events: 1
Time: 554.01, 
            Production Events: 0, 
            Suppression Events: 0
Time: 555.49, 
            Production Events: 0, 
            Suppression Events: 1
Time: 556.19, 
            Production Events: 0, 
            Suppression Events: 1
Time: 559.61, 
            Production Events: 0, 
            Suppression Events: 3
Time: 559.61, 
            Production Events: 0, 
            Suppression Events: 0
Time: 559.61, 
            Production Events: 0, 
            Suppression Events: 0
Time: 561.36, 
            Production Events: 0, 
            Suppression Events: 1
Time: 561.36, 
            Production Events: 0, 
            Suppression Events: 0
Time: 562.01, 
            Production Events: 0, 
            Suppression Events: 1
Time: 566.4, 
            Production Events: 0, 
            Suppression Events: 1
Time: 566.4, 
            Production Events: 0, 
            Suppression Events: 0
Time: 566.4, 
            Production Events: 0, 
            Suppression Events: 0
Time: 566.4, 
            Production Events: 0, 
            Suppression Events: 0
Time: 567.09, 
            Production Events: 0, 
            Suppression Events: 2
Time: 569.74, 
            Production Events: 0, 
            Suppression Events: 1
Time: 569.74, 
            Production Events: 0, 
            Suppression Events: 0
Time: 572.01, 
            Production Events: 0, 
            Suppression Events: 1
Time: 572.01, 
            Production Events: 0, 
            Suppression Events: 0
Time: 572.01, 
            Production Events: 0, 
            Suppression Events: 0
Time: 573.13, 
            Production Events: 0, 
            Suppression Events: 1
Time: 577.08, 
            Production Events: 0, 
            Suppression Events: 2
Time: 577.08, 
            Production Events: 0, 
            Suppression Events: 0
Time: 577.08, 
            Production Events: 0, 
            Suppression Events: 0
Time: 577.08, 
            Production Events: 0, 
            Suppression Events: 0
Time: 579.56, 
            Production Events: 0, 
            Suppression Events: 2
Time: 579.56, 
            Production Events: 0, 
            Suppression Events: 0
Time: 581.18, 
            Production Events: 0, 
            Suppression Events: 2
Time: 581.18, 
            Production Events: 0, 
            Suppression Events: 0
Time: 582.9, 
            Production Events: 0, 
            Suppression Events: 1
Time: 584.26, 
            Production Events: 0, 
            Suppression Events: 1
Time: 584.26, 
            Production Events: 0, 
            Suppression Events: 0
Time: 586.23, 
            Production Events: 0, 
            Suppression Events: 1
Time: 586.23, 
            Production Events: 0, 
            Suppression Events: 0
Time: 587.14, 
            Production Events: 0, 
            Suppression Events: 1
Time: 588.35, 
            Production Events: 0, 
            Suppression Events: 3
Time: 589.36, 
            Production Events: 1, 
            Suppression Events: 1
Time: 591.65, 
            Production Events: 0, 
            Suppression Events: 1
Time: 591.65, 
            Production Events: 0, 
            Suppression Events: 0
Time: 592.73, 
            Production Events: 0, 
            Suppression Events: 2
Time: 597.54, 
            Production Events: 0, 
            Suppression Events: 2
Time: 597.54, 
            Production Events: 0, 
            Suppression Events: 0
Time: 597.54, 
            Production Events: 0, 
            Suppression Events: 0
Time: 597.54, 
            Production Events: 0, 
            Suppression Events: 0
Time: 597.54, 
            Production Events: 0, 
            Suppression Events: 0
Time: 598.03, 
            Production Events: 0, 
            Suppression Events: 2
Time: 601.35, 
            Production Events: 1, 
            Suppression Events: 1
Time: 601.35, 
            Production Events: 0, 
            Suppression Events: 0
Time: 601.35, 
            Production Events: 0, 
            Suppression Events: 0
Time: 603.9, 
            Production Events: 0, 
            Suppression Events: 1
Time: 603.9, 
            Production Events: 0, 
            Suppression Events: 0
Time: 604.38, 
            Production Events: 0, 
            Suppression Events: 1
Time: 607.28, 
            Production Events: 0, 
            Suppression Events: 2
Time: 607.28, 
            Production Events: 0, 
            Suppression Events: 0
Time: 607.28, 
            Production Events: 0, 
            Suppression Events: 0
Time: 608.38, 
            Production Events: 0, 
            Suppression Events: 2
Time: 611.27, 
            Production Events: 0, 
            Suppression Events: 2
Time: 611.27, 
            Production Events: 0, 
            Suppression Events: 0
Time: 611.27, 
            Production Events: 0, 
            Suppression Events: 0
Time: 613.33, 
            Production Events: 0, 
            Suppression Events: 2
Time: 613.33, 
            Production Events: 0, 
            Suppression Events: 0
Time: 614.35, 
            Production Events: 0, 
            Suppression Events: 1
Time: 617.74, 
            Production Events: 0, 
            Suppression Events: 4
Time: 617.74, 
            Production Events: 0, 
            Suppression Events: 0
Time: 617.74, 
            Production Events: 0, 
            Suppression Events: 0
Time: 623.47, 
            Production Events: 1, 
            Suppression Events: 0
Time: 623.47, 
            Production Events: 0, 
            Suppression Events: 0
Time: 623.47, 
            Production Events: 0, 
            Suppression Events: 0
Time: 623.47, 
            Production Events: 0, 
            Suppression Events: 0
Time: 623.47, 
            Production Events: 0, 
            Suppression Events: 0
Time: 623.47, 
            Production Events: 0, 
            Suppression Events: 0
Time: 624.36, 
            Production Events: 0, 
            Suppression Events: 2
Time: 625.45, 
            Production Events: 0, 
            Suppression Events: 1
Time: 626.34, 
            Production Events: 0, 
            Suppression Events: 1
Time: 630.2, 
            Production Events: 0, 
            Suppression Events: 2
Time: 630.2, 
            Production Events: 0, 
            Suppression Events: 0
Time: 630.2, 
            Production Events: 0, 
            Suppression Events: 0
Time: 630.2, 
            Production Events: 0, 
            Suppression Events: 0
Time: 633.55, 
            Production Events: 0, 
            Suppression Events: 2
Time: 633.55, 
            Production Events: 0, 
            Suppression Events: 0
Time: 633.55, 
            Production Events: 0, 
            Suppression Events: 0
Time: 634.37, 
            Production Events: 0, 
            Suppression Events: 1
Time: 639.56, 
            Production Events: 0, 
            Suppression Events: 1
Time: 639.56, 
            Production Events: 0, 
            Suppression Events: 0
Time: 639.56, 
            Production Events: 0, 
            Suppression Events: 0
Time: 639.56, 
            Production Events: 0, 
            Suppression Events: 0
Time: 639.56, 
            Production Events: 0, 
            Suppression Events: 0
Time: 640.47, 
            Production Events: 0, 
            Suppression Events: 1
Time: 641.23, 
            Production Events: 0, 
            Suppression Events: 1
Time: 642.29, 
            Production Events: 0, 
            Suppression Events: 3
Time: 643.45, 
            Production Events: 0, 
            Suppression Events: 2
Time: 644.7, 
            Production Events: 0, 
            Suppression Events: 2
Time: 645.54, 
            Production Events: 0, 
            Suppression Events: 1
Time: 646.13, 
            Production Events: 0, 
            Suppression Events: 2
Time: 647.07, 
            Production Events: 0, 
            Suppression Events: 1
Time: 648.41, 
            Production Events: 0, 
            Suppression Events: 2
Time: 649.67, 
            Production Events: 0, 
            Suppression Events: 1
Time: 650.05, 
            Production Events: 0, 
            Suppression Events: 1
Time: 651.23, 
            Production Events: 0, 
            Suppression Events: 3
Time: 654.72, 
            Production Events: 0, 
            Suppression Events: 2
Time: 654.72, 
            Production Events: 0, 
            Suppression Events: 0
Time: 654.72, 
            Production Events: 0, 
            Suppression Events: 0
Time: 656.2, 
            Production Events: 0, 
            Suppression Events: 1
Time: 656.2, 
            Production Events: 0, 
            Suppression Events: 0
Time: 657.84, 
            Production Events: 0, 
            Suppression Events: 2
Time: 661.38, 
            Production Events: 0, 
            Suppression Events: 2
Time: 661.38, 
            Production Events: 0, 
            Suppression Events: 0
Time: 661.38, 
            Production Events: 0, 
            Suppression Events: 0
Time: 661.38, 
            Production Events: 0, 
            Suppression Events: 0
Time: 663.22, 
            Production Events: 0, 
            Suppression Events: 1
Time: 663.22, 
            Production Events: 0, 
            Suppression Events: 0
Time: 664.06, 
            Production Events: 0, 
            Suppression Events: 1
Time: 666.13, 
            Production Events: 0, 
            Suppression Events: 1
Time: 666.13, 
            Production Events: 0, 
            Suppression Events: 0
Time: 667.51, 
            Production Events: 0, 
            Suppression Events: 2
Time: 670.65, 
            Production Events: 0, 
            Suppression Events: 1
Time: 670.65, 
            Production Events: 0, 
            Suppression Events: 0
Time: 670.65, 
            Production Events: 0, 
            Suppression Events: 0
Time: 671.11, 
            Production Events: 0, 
            Suppression Events: 1
Time: 672.32, 
            Production Events: 0, 
            Suppression Events: 3
Time: 673.28, 
            Production Events: 0, 
            Suppression Events: 1
Time: 674.77, 
            Production Events: 0, 
            Suppression Events: 2
Time: 675.65, 
            Production Events: 0, 
            Suppression Events: 1
Time: 677.61, 
            Production Events: 0, 
            Suppression Events: 1
Time: 677.61, 
            Production Events: 0, 
            Suppression Events: 0
Time: 681.25, 
            Production Events: 0, 
            Suppression Events: 2
Time: 681.25, 
            Production Events: 0, 
            Suppression Events: 0
Time: 681.25, 
            Production Events: 0, 
            Suppression Events: 0
Time: 681.25, 
            Production Events: 0, 
            Suppression Events: 0
Time: 682.24, 
            Production Events: 0, 
            Suppression Events: 1
Time: 683.15, 
            Production Events: 0, 
            Suppression Events: 1
Time: 685.96, 
            Production Events: 0, 
            Suppression Events: 1
Time: 685.96, 
            Production Events: 0, 
            Suppression Events: 0
Time: 686.46, 
            Production Events: 0, 
            Suppression Events: 1
Time: 688.08, 
            Production Events: 0, 
            Suppression Events: 1
Time: 688.08, 
            Production Events: 0, 
            Suppression Events: 0
Time: 689.84, 
            Production Events: 0, 
            Suppression Events: 4
Time: 691.16, 
            Production Events: 0, 
            Suppression Events: 1
Time: 691.16, 
            Production Events: 0, 
            Suppression Events: 0
Time: 695.22, 
            Production Events: 0, 
            Suppression Events: 2
Time: 695.22, 
            Production Events: 0, 
            Suppression Events: 0
Time: 695.22, 
            Production Events: 0, 
            Suppression Events: 0
Time: 695.22, 
            Production Events: 0, 
            Suppression Events: 0
Time: 696.57, 
            Production Events: 0, 
            Suppression Events: 2
Time: 698.05, 
            Production Events: 0, 
            Suppression Events: 1
Time: 698.05, 
            Production Events: 0, 
            Suppression Events: 0
Time: 699.12, 
            Production Events: 0, 
            Suppression Events: 3
Time: 701.45, 
            Production Events: 0, 
            Suppression Events: 1
Time: 701.45, 
            Production Events: 0, 
            Suppression Events: 0
Time: 702.0, 
            Production Events: 0, 
            Suppression Events: 1
Time: 703.83, 
            Production Events: 0, 
            Suppression Events: 2
Time: 704.36, 
            Production Events: 0, 
            Suppression Events: 1
Time: 706.9, 
            Production Events: 1, 
            Suppression Events: 1
Time: 706.9, 
            Production Events: 0, 
            Suppression Events: 0
Time: 709.92, 
            Production Events: 0, 
            Suppression Events: 1
Time: 709.92, 
            Production Events: 0, 
            Suppression Events: 0
Time: 709.92, 
            Production Events: 0, 
            Suppression Events: 0
Time: 711.35, 
            Production Events: 0, 
            Suppression Events: 1
Time: 711.35, 
            Production Events: 0, 
            Suppression Events: 0
Time: 712.0, 
            Production Events: 0, 
            Suppression Events: 2
Time: 714.11, 
            Production Events: 0, 
            Suppression Events: 1
Time: 714.11, 
            Production Events: 0, 
            Suppression Events: 0
Time: 715.82, 
            Production Events: 0, 
            Suppression Events: 4
Time: 716.21, 
            Production Events: 0, 
            Suppression Events: 2
Time: 717.15, 
            Production Events: 0, 
            Suppression Events: 2
Time: 718.25, 
            Production Events: 0, 
            Suppression Events: 3
Time: 719.36, 
            Production Events: 0, 
            Suppression Events: 2
Time: 720.8, 
            Production Events: 0, 
            Suppression Events: 1
Time: 721.95, 
            Production Events: 0, 
            Suppression Events: 1
Time: 722.2, 
            Production Events: 0, 
            Suppression Events: 1
Time: 723.04, 
            Production Events: 0, 
            Suppression Events: 4
Time: 725.48, 
            Production Events: 0, 
            Suppression Events: 2
Time: 725.48, 
            Production Events: 0, 
            Suppression Events: 0
Time: 726.22, 
            Production Events: 0, 
            Suppression Events: 1
Time: 729.71, 
            Production Events: 0, 
            Suppression Events: 2
Time: 729.71, 
            Production Events: 0, 
            Suppression Events: 0
Time: 729.71, 
            Production Events: 0, 
            Suppression Events: 0
Time: 731.17, 
            Production Events: 0, 
            Suppression Events: 2
Time: 731.17, 
            Production Events: 0, 
            Suppression Events: 0
Time: 735.83, 
            Production Events: 0, 
            Suppression Events: 2
Time: 735.83, 
            Production Events: 0, 
            Suppression Events: 0
Time: 735.83, 
            Production Events: 0, 
            Suppression Events: 0
Time: 735.83, 
            Production Events: 0, 
            Suppression Events: 0
Time: 740.05, 
            Production Events: 0, 
            Suppression Events: 1
Time: 740.05, 
            Production Events: 0, 
            Suppression Events: 0
Time: 740.05, 
            Production Events: 0, 
            Suppression Events: 0
Time: 740.05, 
            Production Events: 0, 
            Suppression Events: 0
Time: 740.05, 
            Production Events: 0, 
            Suppression Events: 0
Time: 741.09, 
            Production Events: 0, 
            Suppression Events: 2
Time: 743.43, 
            Production Events: 0, 
            Suppression Events: 1
Time: 743.43, 
            Production Events: 0, 
            Suppression Events: 0
Time: 745.16, 
            Production Events: 0, 
            Suppression Events: 2
Time: 745.16, 
            Production Events: 0, 
            Suppression Events: 0
Time: 746.96, 
            Production Events: 0, 
            Suppression Events: 2
Time: 749.21, 
            Production Events: 0, 
            Suppression Events: 1
Time: 749.21, 
            Production Events: 0, 
            Suppression Events: 0
Time: 749.21, 
            Production Events: 0, 
            Suppression Events: 0
Time: 751.25, 
            Production Events: 0, 
            Suppression Events: 2
Time: 751.25, 
            Production Events: 0, 
            Suppression Events: 0
Time: 752.24, 
            Production Events: 0, 
            Suppression Events: 4
Time: 753.07, 
            Production Events: 0, 
            Suppression Events: 1
Time: 754.69, 
            Production Events: 0, 
            Suppression Events: 1
Time: 755.27, 
            Production Events: 0, 
            Suppression Events: 1
Time: 756.08, 
            Production Events: 0, 
            Suppression Events: 2
Time: 758.51, 
            Production Events: 0, 
            Suppression Events: 4
Time: 758.51, 
            Production Events: 0, 
            Suppression Events: 0
Time: 759.77, 
            Production Events: 0, 
            Suppression Events: 1
Time: 761.14, 
            Production Events: 0, 
            Suppression Events: 2
Time: 761.14, 
            Production Events: 0, 
            Suppression Events: 0
Time: 762.02, 
            Production Events: 0, 
            Suppression Events: 1
Time: 763.17, 
            Production Events: 0, 
            Suppression Events: 1
Time: 768.64, 
            Production Events: 0, 
            Suppression Events: 2
Time: 768.64, 
            Production Events: 0, 
            Suppression Events: 0
Time: 768.64, 
            Production Events: 0, 
            Suppression Events: 0
Time: 768.64, 
            Production Events: 0, 
            Suppression Events: 0
Time: 768.64, 
            Production Events: 0, 
            Suppression Events: 0
Time: 770.68, 
            Production Events: 0, 
            Suppression Events: 1
Time: 770.68, 
            Production Events: 0, 
            Suppression Events: 0
Time: 772.46, 
            Production Events: 1, 
            Suppression Events: 0
Time: 772.46, 
            Production Events: 0, 
            Suppression Events: 0
Time: 773.12, 
            Production Events: 0, 
            Suppression Events: 1
Time: 776.47, 
            Production Events: 0, 
            Suppression Events: 3
Time: 776.47, 
            Production Events: 0, 
            Suppression Events: 0
Time: 776.47, 
            Production Events: 0, 
            Suppression Events: 0
Time: 777.89, 
            Production Events: 0, 
            Suppression Events: 2
Time: 778.18, 
            Production Events: 0, 
            Suppression Events: 1
Time: 779.06, 
            Production Events: 0, 
            Suppression Events: 2
Time: 780.38, 
            Production Events: 1, 
            Suppression Events: 2
Time: 782.36, 
            Production Events: 0, 
            Suppression Events: 1
Time: 782.36, 
            Production Events: 0, 
            Suppression Events: 0
Time: 783.24, 
            Production Events: 0, 
            Suppression Events: 1
Time: 785.0, 
            Production Events: 0, 
            Suppression Events: 1
Time: 785.0, 
            Production Events: 0, 
            Suppression Events: 0
Time: 786.84, 
            Production Events: 0, 
            Suppression Events: 1
Time: 787.01, 
            Production Events: 0, 
            Suppression Events: 1
Time: 790.43, 
            Production Events: 0, 
            Suppression Events: 3
Time: 790.43, 
            Production Events: 0, 
            Suppression Events: 0
Time: 790.43, 
            Production Events: 0, 
            Suppression Events: 0
Time: 791.93, 
            Production Events: 0, 
            Suppression Events: 2
Time: 792.64, 
            Production Events: 0, 
            Suppression Events: 1
Time: 794.23, 
            Production Events: 0, 
            Suppression Events: 2
Time: 794.23, 
            Production Events: 0, 
            Suppression Events: 0
Time: 795.03, 
            Production Events: 0, 
            Suppression Events: 2
Time: 796.83, 
            Production Events: 0, 
            Suppression Events: 2
Time: 797.89, 
            Production Events: 0, 
            Suppression Events: 1
Time: 799.02, 
            Production Events: 0, 
            Suppression Events: 1
Time: 799.02, 
            Production Events: 0, 
            Suppression Events: 0
Time: 800.0, 
            Production Events: 0, 
            Suppression Events: 3
Time: 804.28, 
            Production Events: 0, 
            Suppression Events: 2
Time: 804.28, 
            Production Events: 0, 
            Suppression Events: 0
Time: 804.28, 
            Production Events: 0, 
            Suppression Events: 0
Time: 804.28, 
            Production Events: 0, 
            Suppression Events: 0
Time: 806.21, 
            Production Events: 0, 
            Suppression Events: 1
Time: 806.21, 
            Production Events: 0, 
            Suppression Events: 0
Time: 807.2, 
            Production Events: 0, 
            Suppression Events: 1
Time: 808.02, 
            Production Events: 0, 
            Suppression Events: 2
Time: 809.51, 
            Production Events: 0, 
            Suppression Events: 1
Time: 811.27, 
            Production Events: 0, 
            Suppression Events: 1
Time: 811.27, 
            Production Events: 0, 
            Suppression Events: 0
Time: 813.29, 
            Production Events: 0, 
            Suppression Events: 1
Time: 813.29, 
            Production Events: 0, 
            Suppression Events: 0
Time: 815.4, 
            Production Events: 0, 
            Suppression Events: 2
Time: 815.4, 
            Production Events: 0, 
            Suppression Events: 0
Time: 817.25, 
            Production Events: 0, 
            Suppression Events: 2
Time: 817.25, 
            Production Events: 0, 
            Suppression Events: 0
Time: 818.12, 
            Production Events: 0, 
            Suppression Events: 3
Time: 820.32, 
            Production Events: 0, 
            Suppression Events: 2
Time: 820.32, 
            Production Events: 0, 
            Suppression Events: 0
Time: 822.45, 
            Production Events: 0, 
            Suppression Events: 2
Time: 822.45, 
            Production Events: 0, 
            Suppression Events: 0
Time: 823.66, 
            Production Events: 0, 
            Suppression Events: 2
Time: 824.88, 
            Production Events: 0, 
            Suppression Events: 1
Time: 825.46, 
            Production Events: 0, 
            Suppression Events: 1
Time: 827.21, 
            Production Events: 0, 
            Suppression Events: 1
Time: 827.21, 
            Production Events: 0, 
            Suppression Events: 0
Time: 829.53, 
            Production Events: 0, 
            Suppression Events: 3
Time: 829.53, 
            Production Events: 0, 
            Suppression Events: 0
Time: 830.91, 
            Production Events: 0, 
            Suppression Events: 1
Time: 832.04, 
            Production Events: 0, 
            Suppression Events: 1
Time: 832.04, 
            Production Events: 0, 
            Suppression Events: 0
Time: 833.2, 
            Production Events: 0, 
            Suppression Events: 1
Time: 835.52, 
            Production Events: 0, 
            Suppression Events: 1
Time: 835.52, 
            Production Events: 0, 
            Suppression Events: 0
Time: 837.26, 
            Production Events: 0, 
            Suppression Events: 1
Time: 837.26, 
            Production Events: 0, 
            Suppression Events: 0
Time: 839.29, 
            Production Events: 0, 
            Suppression Events: 3
Time: 839.29, 
            Production Events: 0, 
            Suppression Events: 0
Time: 841.31, 
            Production Events: 0, 
            Suppression Events: 1
Time: 841.31, 
            Production Events: 0, 
            Suppression Events: 0
Time: 842.39, 
            Production Events: 0, 
            Suppression Events: 2
Time: 843.61, 
            Production Events: 0, 
            Suppression Events: 2
Time: 844.51, 
            Production Events: 0, 
            Suppression Events: 2
Time: 845.46, 
            Production Events: 0, 
            Suppression Events: 1
Time: 846.39, 
            Production Events: 0, 
            Suppression Events: 2
Time: 848.78, 
            Production Events: 0, 
            Suppression Events: 1
Time: 848.78, 
            Production Events: 0, 
            Suppression Events: 0
Time: 849.43, 
            Production Events: 0, 
            Suppression Events: 1
Time: 850.4, 
            Production Events: 0, 
            Suppression Events: 2
Time: 851.99, 
            Production Events: 1, 
            Suppression Events: 3
Time: 852.33, 
            Production Events: 0, 
            Suppression Events: 1
Time: 855.42, 
            Production Events: 0, 
            Suppression Events: 1
Time: 855.42, 
            Production Events: 0, 
            Suppression Events: 0
Time: 855.42, 
            Production Events: 0, 
            Suppression Events: 0
Time: 857.91, 
            Production Events: 0, 
            Suppression Events: 2
Time: 857.91, 
            Production Events: 0, 
            Suppression Events: 0
Time: 858.17, 
            Production Events: 0, 
            Suppression Events: 1
Time: 861.6, 
            Production Events: 0, 
            Suppression Events: 3
Time: 861.6, 
            Production Events: 0, 
            Suppression Events: 0
Time: 861.6, 
            Production Events: 0, 
            Suppression Events: 0
Time: 862.0, 
            Production Events: 0, 
            Suppression Events: 1
Time: 864.91, 
            Production Events: 0, 
            Suppression Events: 1
Time: 864.91, 
            Production Events: 0, 
            Suppression Events: 0
Time: 865.05, 
            Production Events: 0, 
            Suppression Events: 1
Time: 868.18, 
            Production Events: 0, 
            Suppression Events: 1
Time: 868.18, 
            Production Events: 0, 
            Suppression Events: 0
Time: 868.18, 
            Production Events: 0, 
            Suppression Events: 0
Time: 871.68, 
            Production Events: 0, 
            Suppression Events: 1
Time: 871.68, 
            Production Events: 0, 
            Suppression Events: 0
Time: 871.68, 
            Production Events: 0, 
            Suppression Events: 0
Time: 873.0, 
            Production Events: 0, 
            Suppression Events: 1
Time: 873.0, 
            Production Events: 0, 
            Suppression Events: 0
Time: 874.8, 
            Production Events: 0, 
            Suppression Events: 3
Time: 877.29, 
            Production Events: 0, 
            Suppression Events: 2
Time: 877.29, 
            Production Events: 0, 
            Suppression Events: 0
Time: 877.29, 
            Production Events: 0, 
            Suppression Events: 0
Time: 880.33, 
            Production Events: 0, 
            Suppression Events: 3
Time: 880.33, 
            Production Events: 0, 
            Suppression Events: 0
Time: 880.33, 
            Production Events: 0, 
            Suppression Events: 0
Time: 881.71, 
            Production Events: 0, 
            Suppression Events: 2
Time: 882.37, 
            Production Events: 0, 
            Suppression Events: 1
Time: 884.35, 
            Production Events: 0, 
            Suppression Events: 3
Time: 884.35, 
            Production Events: 0, 
            Suppression Events: 0
Time: 885.07, 
            Production Events: 0, 
            Suppression Events: 1
Time: 887.48, 
            Production Events: 0, 
            Suppression Events: 2
Time: 887.48, 
            Production Events: 0, 
            Suppression Events: 0
Time: 888.06, 
            Production Events: 0, 
            Suppression Events: 1
Time: 889.01, 
            Production Events: 0, 
            Suppression Events: 2
Time: 891.2, 
            Production Events: 0, 
            Suppression Events: 3
Time: 891.2, 
            Production Events: 0, 
            Suppression Events: 0
Time: 893.11, 
            Production Events: 0, 
            Suppression Events: 2
Time: 893.11, 
            Production Events: 0, 
            Suppression Events: 0
Time: 894.1, 
            Production Events: 0, 
            Suppression Events: 1
Time: 896.21, 
            Production Events: 0, 
            Suppression Events: 2
Time: 896.21, 
            Production Events: 0, 
            Suppression Events: 0
Time: 898.26, 
            Production Events: 0, 
            Suppression Events: 1
Time: 898.26, 
            Production Events: 0, 
            Suppression Events: 0
Time: 899.31, 
            Production Events: 0, 
            Suppression Events: 1
Time: 900.69, 
            Production Events: 0, 
            Suppression Events: 2
Time: 901.6, 
            Production Events: 0, 
            Suppression Events: 2
Time: 902.54, 
            Production Events: 0, 
            Suppression Events: 1
Time: 903.52, 
            Production Events: 0, 
            Suppression Events: 3
Time: 904.15, 
            Production Events: 0, 
            Suppression Events: 1
Time: 905.27, 
            Production Events: 0, 
            Suppression Events: 3
Time: 906.67, 
            Production Events: 0, 
            Suppression Events: 2
Time: 907.53, 
            Production Events: 1, 
            Suppression Events: 0
Time: 908.86, 
            Production Events: 0, 
            Suppression Events: 1
Time: 909.98, 
            Production Events: 0, 
            Suppression Events: 1
Time: 910.61, 
            Production Events: 0, 
            Suppression Events: 1
Time: 911.33, 
            Production Events: 0, 
            Suppression Events: 1
Time: 912.2, 
            Production Events: 0, 
            Suppression Events: 2
Time: 914.46, 
            Production Events: 0, 
            Suppression Events: 3
Time: 914.46, 
            Production Events: 0, 
            Suppression Events: 0
Time: 916.72, 
            Production Events: 0, 
            Suppression Events: 1
Time: 916.72, 
            Production Events: 0, 
            Suppression Events: 0
Time: 917.51, 
            Production Events: 0, 
            Suppression Events: 1
Time: 918.75, 
            Production Events: 0, 
            Suppression Events: 3
Time: 919.05, 
            Production Events: 0, 
            Suppression Events: 1
Time: 922.19, 
            Production Events: 0, 
            Suppression Events: 1
Time: 922.19, 
            Production Events: 0, 
            Suppression Events: 0
Time: 922.19, 
            Production Events: 0, 
            Suppression Events: 0
Time: 923.82, 
            Production Events: 0, 
            Suppression Events: 2
Time: 924.63, 
            Production Events: 0, 
            Suppression Events: 1
Time: 925.14, 
            Production Events: 1, 
            Suppression Events: 0
Time: 928.28, 
            Production Events: 0, 
            Suppression Events: 1
Time: 928.28, 
            Production Events: 0, 
            Suppression Events: 0
Time: 928.28, 
            Production Events: 0, 
            Suppression Events: 0
Time: 932.63, 
            Production Events: 1, 
            Suppression Events: 0
Time: 932.63, 
            Production Events: 0, 
            Suppression Events: 0
Time: 932.63, 
            Production Events: 0, 
            Suppression Events: 0
Time: 932.63, 
            Production Events: 0, 
            Suppression Events: 0
Time: 933.78, 
            Production Events: 0, 
            Suppression Events: 2
Time: 934.28, 
            Production Events: 0, 
            Suppression Events: 1
Time: 935.3, 
            Production Events: 0, 
            Suppression Events: 1
Time: 936.19, 
            Production Events: 0, 
            Suppression Events: 1
Time: 938.37, 
            Production Events: 0, 
            Suppression Events: 2
Time: 938.37, 
            Production Events: 0, 
            Suppression Events: 0
Time: 940.24, 
            Production Events: 0, 
            Suppression Events: 1
Time: 940.24, 
            Production Events: 0, 
            Suppression Events: 0
Time: 942.15, 
            Production Events: 1, 
            Suppression Events: 1
Time: 942.15, 
            Production Events: 0, 
            Suppression Events: 0
Time: 943.39, 
            Production Events: 0, 
            Suppression Events: 2
Time: 944.9, 
            Production Events: 0, 
            Suppression Events: 2
Time: 945.12, 
            Production Events: 0, 
            Suppression Events: 1
Time: 946.45, 
            Production Events: 0, 
            Suppression Events: 2
Time: 948.59, 
            Production Events: 0, 
            Suppression Events: 1
Time: 948.59, 
            Production Events: 0, 
            Suppression Events: 0
Time: 950.88, 
            Production Events: 0, 
            Suppression Events: 1
Time: 950.88, 
            Production Events: 0, 
            Suppression Events: 0
Time: 951.55, 
            Production Events: 1, 
            Suppression Events: 0
Time: 952.59, 
            Production Events: 0, 
            Suppression Events: 1
Time: 954.25, 
            Production Events: 0, 
            Suppression Events: 1
Time: 954.25, 
            Production Events: 0, 
            Suppression Events: 0
Time: 957.49, 
            Production Events: 0, 
            Suppression Events: 1
Time: 957.49, 
            Production Events: 0, 
            Suppression Events: 0
Time: 957.49, 
            Production Events: 0, 
            Suppression Events: 0
Time: 958.09, 
            Production Events: 0, 
            Suppression Events: 2
Time: 961.78, 
            Production Events: 0, 
            Suppression Events: 1
Time: 961.78, 
            Production Events: 0, 
            Suppression Events: 0
Time: 961.78, 
            Production Events: 0, 
            Suppression Events: 0
Time: 962.04, 
            Production Events: 0, 
            Suppression Events: 1
Time: 963.84, 
            Production Events: 1, 
            Suppression Events: 3
Time: 965.49, 
            Production Events: 0, 
            Suppression Events: 1
Time: 965.49, 
            Production Events: 0, 
            Suppression Events: 0
Time: 966.48, 
            Production Events: 0, 
            Suppression Events: 1
Time: 967.88, 
            Production Events: 0, 
            Suppression Events: 1
Time: 969.3, 
            Production Events: 0, 
            Suppression Events: 1
Time: 969.3, 
            Production Events: 0, 
            Suppression Events: 0
Time: 971.86, 
            Production Events: 0, 
            Suppression Events: 1
Time: 971.86, 
            Production Events: 0, 
            Suppression Events: 0
Time: 972.36, 
            Production Events: 0, 
            Suppression Events: 1
Time: 973.8, 
            Production Events: 0, 
            Suppression Events: 2
Time: 974.7, 
            Production Events: 0, 
            Suppression Events: 1
Time: 975.06, 
            Production Events: 0, 
            Suppression Events: 1
Time: 978.08, 
            Production Events: 0, 
            Suppression Events: 3
Time: 978.08, 
            Production Events: 0, 
            Suppression Events: 0
Time: 978.08, 
            Production Events: 0, 
            Suppression Events: 0
Time: 979.03, 
            Production Events: 0, 
            Suppression Events: 1
Time: 982.08, 
            Production Events: 0, 
            Suppression Events: 1
Time: 982.08, 
            Production Events: 0, 
            Suppression Events: 0
Time: 982.08, 
            Production Events: 0, 
            Suppression Events: 0
Time: 985.08, 
            Production Events: 0, 
            Suppression Events: 2
Time: 985.08, 
            Production Events: 0, 
            Suppression Events: 0
Time: 985.08, 
            Production Events: 0, 
            Suppression Events: 0
Time: 986.01, 
            Production Events: 0, 
            Suppression Events: 3
Time: 987.7, 
            Production Events: 0, 
            Suppression Events: 3
Time: 989.55, 
            Production Events: 0, 
            Suppression Events: 1
Time: 989.55, 
            Production Events: 0, 
            Suppression Events: 0
Time: 990.53, 
            Production Events: 0, 
            Suppression Events: 1
Time: 991.24, 
            Production Events: 0, 
            Suppression Events: 1
Time: 992.06, 
            Production Events: 0, 
            Suppression Events: 2
Time: 994.65, 
            Production Events: 0, 
            Suppression Events: 1
Time: 994.65, 
            Production Events: 0, 
            Suppression Events: 0
Time: 996.02, 
            Production Events: 0, 
            Suppression Events: 1
Time: 996.02, 
            Production Events: 0, 
            Suppression Events: 0
Time: 997.5, 
            Production Events: 0, 
            Suppression Events: 3
Time: 999.07, 
            Production Events: 0, 
            Suppression Events: 2
Time: 999.07, 
            Production Events: 0, 
            Suppression Events: 0
Time: 1002.35, 
            Production Events: 0, 
            Suppression Events: 2
Simulation completed:
  Final time: 1002.3532288559094
  Total events: 1003
  Wall time: 6268.25 seconds

Saving simulation results with clean separation...
Task evolution saved to: 5t5b/5t5b_mfcsb/data/param_190_rep_1_2025-11-21_190405/states.csv
Events saved to: 5t5b/5t5b_mfcsb/data/param_190_rep_1_2025-11-21_190405/events.csv
Saving event log (raw and DataFrame)...
log DataFrame size: (1008, 9)
short view:
59 DataFrame
 Row  time     bee1_id  bee2_id  task_id  task_1   task_2   task_3     task_4 
      Float64  Int64    Int64    Int64    Float64  Float64  Float64    Float6 

   1      0.0        1        0        0   0.1105   0.1062  0.0684926   0.050 
   2      0.0        2        0        0   0.0639   0.1007  0.0641518   0.070
   3      0.0        3        0        0   0.0873   0.0979  0.0908497   0.096
   4      0.0        4        0        0   0.0899   0.102   0.0661494   0.106
   5      0.0        5        0        0   0.0621   0.099   0.110979    0.104 
                                                               2 columns omittedEvent log saved to: 5t5b/5t5b_mfcsb/data/param_190_rep_1_2025-11-21_190405/event_log.json
Event log DataFrame saved to: 5t5b/5t5b_mfcsb/data/param_190_rep_1_2025-11-21_190405/event_log.csv
Metadata and configuration saved to: 5t5b/5t5b_mfcsb/data/param_190_rep_1_2025-11-21_190405/config.json
Task index mapping saved to: 5t5b/5t5b_mfcsb/data/param_190_rep_1_2025-11-21_190405/task_index_mapping.json
All results saved to directory: 5t5b/5t5b_mfcsb/data/param_190_rep_1_2025-11-21_190405
Simulation completed successfully!
Job finished at: Fri Nov 21 08:49:02 PM CET 2025
