Job array started at: Fri Nov 21 06:43:24 PM CET 2025
Job ID: 10862151
Array Job ID: 10860410
Array Task ID: 172
Node: th-ws-740m09
Loading Julia module...
Module loaded: /software/opt/el_9/x86_64/julia/1.11.3/bin/julia
Changing to project directory...
Current directory: /scratch/n/N.Pfaffenzeller/nikolas_nethive/nethive_multiverse
Running parameter combination 172, replicate 1
Starting Julia simulation...
Running simulation with the following configuration:
  dataset_names: [:mnist, :cifar10, :svhn2, :fashion_mnist, :bank]
  param_id: 172
  n_bees: 5
  batch_size: 32
  replicate_id: 1
  punish_rate: 0.1
  punishment: time_out
  lambda_sensitivity: 10
  save_nn_epochs: 0
  production_rate: 1
  interaction_rate: 100
  batches_per_step: 100
  learning_rate: 0.0001
  max_output_dim: 10
  n_steps_per_epoch: 1
  dead_time: 200
  max_input_dim: 3072
  n_epochs: 1000
  seed: 1130177042

Starting simulation with configuration:
  dataset_names: [:mnist, :cifar10, :svhn2, :fashion_mnist, :bank]
  param_id: 172
  n_bees: 5
  batch_size: 32
  replicate_id: 1
  punish_rate: 0.1
  punishment: time_out
  lambda_sensitivity: 10
  save_nn_epochs: 0
  production_rate: 1
  interaction_rate: 100
  batches_per_step: 100
  run_timestamp: 2025-11-21T18:44:02.085
  learning_rate: 0.0001
  max_output_dim: 10
  n_steps_per_epoch: 1
  dead_time: 200
  max_input_dim: 3072
  n_epochs: 1000
  seed: 1130177042
Random seed: 1130177042

Starting simulation...
Time: 1.18, 
            Production Events: 2, 
            Suppression Events: 0
Time: 2.34, 
            Production Events: 1, 
            Suppression Events: 1
Time: 4.39, 
            Production Events: 0, 
            Suppression Events: 1
Time: 4.39, 
            Production Events: 0, 
            Suppression Events: 0
Time: 5.08, 
            Production Events: 1, 
            Suppression Events: 0
Time: 7.14, 
            Production Events: 0, 
            Suppression Events: 3
Time: 7.14, 
            Production Events: 0, 
            Suppression Events: 0
Time: 8.58, 
            Production Events: 0, 
            Suppression Events: 1
Time: 10.78, 
            Production Events: 1, 
            Suppression Events: 1
Time: 10.78, 
            Production Events: 0, 
            Suppression Events: 0
Time: 12.87, 
            Production Events: 0, 
            Suppression Events: 1
Time: 12.87, 
            Production Events: 0, 
            Suppression Events: 0
Time: 13.37, 
            Production Events: 0, 
            Suppression Events: 1
Time: 14.64, 
            Production Events: 1, 
            Suppression Events: 2
Time: 15.55, 
            Production Events: 0, 
            Suppression Events: 1
Time: 17.17, 
            Production Events: 0, 
            Suppression Events: 2
Time: 17.17, 
            Production Events: 0, 
            Suppression Events: 0
Time: 19.26, 
            Production Events: 0, 
            Suppression Events: 1
Time: 19.26, 
            Production Events: 0, 
            Suppression Events: 0
Time: 22.59, 
            Production Events: 0, 
            Suppression Events: 1
Time: 22.59, 
            Production Events: 0, 
            Suppression Events: 0
Time: 22.59, 
            Production Events: 0, 
            Suppression Events: 0
Time: 23.31, 
            Production Events: 0, 
            Suppression Events: 1
Time: 26.99, 
            Production Events: 1, 
            Suppression Events: 0
Time: 26.99, 
            Production Events: 0, 
            Suppression Events: 0
Time: 26.99, 
            Production Events: 0, 
            Suppression Events: 0
Time: 27.3, 
            Production Events: 0, 
            Suppression Events: 1
Time: 28.3, 
            Production Events: 1, 
            Suppression Events: 1
Time: 31.55, 
            Production Events: 0, 
            Suppression Events: 1
Time: 31.55, 
            Production Events: 0, 
            Suppression Events: 0
Time: 31.55, 
            Production Events: 0, 
            Suppression Events: 0
Time: 32.13, 
            Production Events: 0, 
            Suppression Events: 1
Time: 33.43, 
            Production Events: 0, 
            Suppression Events: 2
Time: 35.18, 
            Production Events: 1, 
            Suppression Events: 0
Time: 35.18, 
            Production Events: 0, 
            Suppression Events: 0
Time: 38.5, 
            Production Events: 0, 
            Suppression Events: 2
Time: 38.5, 
            Production Events: 0, 
            Suppression Events: 0
Time: 38.5, 
            Production Events: 0, 
            Suppression Events: 0
Time: 41.25, 
            Production Events: 0, 
            Suppression Events: 1
Time: 41.25, 
            Production Events: 0, 
            Suppression Events: 0
Time: 41.25, 
            Production Events: 0, 
            Suppression Events: 0
Time: 42.61, 
            Production Events: 0, 
            Suppression Events: 1
Time: 45.51, 
            Production Events: 0, 
            Suppression Events: 2
Time: 45.51, 
            Production Events: 0, 
            Suppression Events: 0
Time: 45.51, 
            Production Events: 0, 
            Suppression Events: 0
Time: 46.32, 
            Production Events: 0, 
            Suppression Events: 1
Time: 47.37, 
            Production Events: 0, 
            Suppression Events: 1
Time: 48.35, 
            Production Events: 0, 
            Suppression Events: 3
Time: 49.99, 
            Production Events: 0, 
            Suppression Events: 1
Time: 51.97, 
            Production Events: 0, 
            Suppression Events: 1
Time: 51.97, 
            Production Events: 0, 
            Suppression Events: 0
Time: 55.15, 
            Production Events: 0, 
            Suppression Events: 1
Time: 55.15, 
            Production Events: 0, 
            Suppression Events: 0
Time: 55.15, 
            Production Events: 0, 
            Suppression Events: 0
Time: 55.15, 
            Production Events: 0, 
            Suppression Events: 0
Time: 56.24, 
            Production Events: 0, 
            Suppression Events: 1
Time: 57.05, 
            Production Events: 0, 
            Suppression Events: 1
Time: 59.74, 
            Production Events: 0, 
            Suppression Events: 4
Time: 59.74, 
            Production Events: 0, 
            Suppression Events: 0
Time: 61.19, 
            Production Events: 0, 
            Suppression Events: 1
Time: 61.19, 
            Production Events: 0, 
            Suppression Events: 0
Time: 62.22, 
            Production Events: 0, 
            Suppression Events: 1
Time: 64.01, 
            Production Events: 0, 
            Suppression Events: 1
Time: 64.01, 
            Production Events: 0, 
            Suppression Events: 0
Time: 65.46, 
            Production Events: 0, 
            Suppression Events: 3
Time: 66.8, 
            Production Events: 0, 
            Suppression Events: 1
Time: 68.31, 
            Production Events: 0, 
            Suppression Events: 1
Time: 68.31, 
            Production Events: 0, 
            Suppression Events: 0
Time: 75.13, 
            Production Events: 0, 
            Suppression Events: 3
Time: 75.13, 
            Production Events: 0, 
            Suppression Events: 0
Time: 75.13, 
            Production Events: 0, 
            Suppression Events: 0
Time: 75.13, 
            Production Events: 0, 
            Suppression Events: 0
Time: 75.13, 
            Production Events: 0, 
            Suppression Events: 0
Time: 75.13, 
            Production Events: 0, 
            Suppression Events: 0
Time: 75.13, 
            Production Events: 0, 
            Suppression Events: 0
Time: 76.38, 
            Production Events: 0, 
            Suppression Events: 3
Time: 78.02, 
            Production Events: 0, 
            Suppression Events: 1
Time: 78.02, 
            Production Events: 0, 
            Suppression Events: 0
Time: 79.56, 
            Production Events: 0, 
            Suppression Events: 2
Time: 80.47, 
            Production Events: 0, 
            Suppression Events: 1
Time: 81.67, 
            Production Events: 0, 
            Suppression Events: 2
Time: 82.07, 
            Production Events: 1, 
            Suppression Events: 1
Time: 83.77, 
            Production Events: 0, 
            Suppression Events: 1
Time: 84.88, 
            Production Events: 0, 
            Suppression Events: 1
Time: 85.34, 
            Production Events: 0, 
            Suppression Events: 1
Time: 87.63, 
            Production Events: 0, 
            Suppression Events: 2
Time: 87.63, 
            Production Events: 0, 
            Suppression Events: 0
Time: 88.02, 
            Production Events: 0, 
            Suppression Events: 2
Time: 89.05, 
            Production Events: 0, 
            Suppression Events: 3
Time: 93.4, 
            Production Events: 0, 
            Suppression Events: 2
Time: 93.4, 
            Production Events: 0, 
            Suppression Events: 0
Time: 93.4, 
            Production Events: 0, 
            Suppression Events: 0
Time: 93.4, 
            Production Events: 0, 
            Suppression Events: 0
Time: 94.54, 
            Production Events: 0, 
            Suppression Events: 1
Time: 97.02, 
            Production Events: 0, 
            Suppression Events: 1
Time: 97.02, 
            Production Events: 0, 
            Suppression Events: 0
Time: 97.02, 
            Production Events: 0, 
            Suppression Events: 0
Time: 98.93, 
            Production Events: 0, 
            Suppression Events: 1
Time: 101.0, 
            Production Events: 0, 
            Suppression Events: 1
Time: 101.0, 
            Production Events: 0, 
            Suppression Events: 0
Time: 101.0, 
            Production Events: 0, 
            Suppression Events: 0
Time: 102.98, 
            Production Events: 0, 
            Suppression Events: 2
Time: 104.4, 
            Production Events: 0, 
            Suppression Events: 1
Time: 104.4, 
            Production Events: 0, 
            Suppression Events: 0
Time: 105.97, 
            Production Events: 0, 
            Suppression Events: 1
Time: 106.17, 
            Production Events: 0, 
            Suppression Events: 1
Time: 110.97, 
            Production Events: 0, 
            Suppression Events: 1
Time: 110.97, 
            Production Events: 0, 
            Suppression Events: 0
Time: 110.97, 
            Production Events: 0, 
            Suppression Events: 0
Time: 110.97, 
            Production Events: 0, 
            Suppression Events: 0
Time: 111.6, 
            Production Events: 0, 
            Suppression Events: 1
Time: 112.98, 
            Production Events: 0, 
            Suppression Events: 1
Time: 113.92, 
            Production Events: 0, 
            Suppression Events: 1
Time: 114.84, 
            Production Events: 0, 
            Suppression Events: 1
Time: 115.04, 
            Production Events: 0, 
            Suppression Events: 1
Time: 116.16, 
            Production Events: 0, 
            Suppression Events: 2
Time: 117.97, 
            Production Events: 1, 
            Suppression Events: 1
Time: 122.47, 
            Production Events: 0, 
            Suppression Events: 1
Time: 122.47, 
            Production Events: 0, 
            Suppression Events: 0
Time: 122.47, 
            Production Events: 0, 
            Suppression Events: 0
Time: 122.47, 
            Production Events: 0, 
            Suppression Events: 0
Time: 122.47, 
            Production Events: 0, 
            Suppression Events: 0
Time: 124.01, 
            Production Events: 0, 
            Suppression Events: 2
Time: 124.01, 
            Production Events: 0, 
            Suppression Events: 0
Time: 126.18, 
            Production Events: 0, 
            Suppression Events: 1
Time: 126.18, 
            Production Events: 0, 
            Suppression Events: 0
Time: 127.01, 
            Production Events: 0, 
            Suppression Events: 2
Time: 128.79, 
            Production Events: 0, 
            Suppression Events: 1
Time: 129.06, 
            Production Events: 0, 
            Suppression Events: 1
Time: 133.2, 
            Production Events: 0, 
            Suppression Events: 3
Time: 133.2, 
            Production Events: 0, 
            Suppression Events: 0
Time: 133.2, 
            Production Events: 0, 
            Suppression Events: 0
Time: 133.2, 
            Production Events: 0, 
            Suppression Events: 0
Time: 134.91, 
            Production Events: 0, 
            Suppression Events: 2
Time: 137.51, 
            Production Events: 0, 
            Suppression Events: 1
Time: 137.51, 
            Production Events: 0, 
            Suppression Events: 0
Time: 137.51, 
            Production Events: 0, 
            Suppression Events: 0
Time: 138.03, 
            Production Events: 0, 
            Suppression Events: 1
Time: 139.02, 
            Production Events: 0, 
            Suppression Events: 1
Time: 142.73, 
            Production Events: 0, 
            Suppression Events: 1
Time: 142.73, 
            Production Events: 0, 
            Suppression Events: 0
Time: 142.73, 
            Production Events: 0, 
            Suppression Events: 0
Time: 143.09, 
            Production Events: 0, 
            Suppression Events: 1
Time: 144.93, 
            Production Events: 0, 
            Suppression Events: 2
Time: 148.11, 
            Production Events: 0, 
            Suppression Events: 1
Time: 148.11, 
            Production Events: 0, 
            Suppression Events: 0
Time: 148.11, 
            Production Events: 0, 
            Suppression Events: 0
Time: 148.11, 
            Production Events: 0, 
            Suppression Events: 0
Time: 150.06, 
            Production Events: 0, 
            Suppression Events: 2
Time: 150.06, 
            Production Events: 0, 
            Suppression Events: 0
Time: 151.17, 
            Production Events: 0, 
            Suppression Events: 1
Time: 154.03, 
            Production Events: 0, 
            Suppression Events: 1
Time: 154.03, 
            Production Events: 0, 
            Suppression Events: 0
Time: 154.03, 
            Production Events: 0, 
            Suppression Events: 0
Time: 155.28, 
            Production Events: 0, 
            Suppression Events: 1
Time: 157.1, 
            Production Events: 0, 
            Suppression Events: 3
Time: 157.1, 
            Production Events: 0, 
            Suppression Events: 0
Time: 158.06, 
            Production Events: 0, 
            Suppression Events: 4
Time: 159.51, 
            Production Events: 0, 
            Suppression Events: 1
Time: 161.37, 
            Production Events: 0, 
            Suppression Events: 1
Time: 161.37, 
            Production Events: 0, 
            Suppression Events: 0
Time: 167.22, 
            Production Events: 0, 
            Suppression Events: 1
Time: 167.22, 
            Production Events: 0, 
            Suppression Events: 0
Time: 167.22, 
            Production Events: 0, 
            Suppression Events: 0
Time: 167.22, 
            Production Events: 0, 
            Suppression Events: 0
Time: 167.22, 
            Production Events: 0, 
            Suppression Events: 0
Time: 167.22, 
            Production Events: 0, 
            Suppression Events: 0
Time: 168.68, 
            Production Events: 0, 
            Suppression Events: 1
Time: 169.06, 
            Production Events: 0, 
            Suppression Events: 1
Time: 175.48, 
            Production Events: 0, 
            Suppression Events: 3
Time: 175.48, 
            Production Events: 0, 
            Suppression Events: 0
Time: 175.48, 
            Production Events: 0, 
            Suppression Events: 0
Time: 175.48, 
            Production Events: 0, 
            Suppression Events: 0
Time: 175.48, 
            Production Events: 0, 
            Suppression Events: 0
Time: 175.48, 
            Production Events: 0, 
            Suppression Events: 0
Time: 178.58, 
            Production Events: 0, 
            Suppression Events: 1
Time: 178.58, 
            Production Events: 0, 
            Suppression Events: 0
Time: 178.58, 
            Production Events: 0, 
            Suppression Events: 0
Time: 179.27, 
            Production Events: 0, 
            Suppression Events: 1
Time: 180.33, 
            Production Events: 1, 
            Suppression Events: 0
Time: 181.88, 
            Production Events: 0, 
            Suppression Events: 1
Time: 182.07, 
            Production Events: 0, 
            Suppression Events: 3
Time: 183.06, 
            Production Events: 0, 
            Suppression Events: 3
Time: 185.38, 
            Production Events: 0, 
            Suppression Events: 2
Time: 185.38, 
            Production Events: 0, 
            Suppression Events: 0
Time: 188.45, 
            Production Events: 0, 
            Suppression Events: 1
Time: 188.45, 
            Production Events: 0, 
            Suppression Events: 0
Time: 188.45, 
            Production Events: 0, 
            Suppression Events: 0
Time: 189.23, 
            Production Events: 0, 
            Suppression Events: 4
Time: 190.61, 
            Production Events: 0, 
            Suppression Events: 2
Time: 191.62, 
            Production Events: 0, 
            Suppression Events: 1
Time: 192.5, 
            Production Events: 0, 
            Suppression Events: 3
Time: 193.15, 
            Production Events: 0, 
            Suppression Events: 1
Time: 194.58, 
            Production Events: 0, 
            Suppression Events: 3
Time: 195.59, 
            Production Events: 0, 
            Suppression Events: 3
Time: 196.73, 
            Production Events: 0, 
            Suppression Events: 2
Time: 198.07, 
            Production Events: 0, 
            Suppression Events: 1
Time: 198.07, 
            Production Events: 0, 
            Suppression Events: 0
Time: 199.37, 
            Production Events: 0, 
            Suppression Events: 1
Time: 200.15, 
            Production Events: 0, 
            Suppression Events: 4
Time: 201.46, 
            Production Events: 0, 
            Suppression Events: 3
Time: 202.47, 
            Production Events: 0, 
            Suppression Events: 1
Time: 203.76, 
            Production Events: 0, 
            Suppression Events: 1
Time: 204.11, 
            Production Events: 0, 
            Suppression Events: 1
Time: 206.64, 
            Production Events: 0, 
            Suppression Events: 2
Time: 206.64, 
            Production Events: 0, 
            Suppression Events: 0
Time: 207.49, 
            Production Events: 0, 
            Suppression Events: 1
Time: 208.26, 
            Production Events: 0, 
            Suppression Events: 1
Time: 209.34, 
            Production Events: 0, 
            Suppression Events: 1
Time: 210.15, 
            Production Events: 0, 
            Suppression Events: 1
Time: 211.16, 
            Production Events: 0, 
            Suppression Events: 2
Time: 212.51, 
            Production Events: 0, 
            Suppression Events: 3
Time: 215.8, 
            Production Events: 0, 
            Suppression Events: 2
Time: 215.8, 
            Production Events: 0, 
            Suppression Events: 0
Time: 215.8, 
            Production Events: 0, 
            Suppression Events: 0
Time: 216.23, 
            Production Events: 0, 
            Suppression Events: 1
Time: 218.32, 
            Production Events: 0, 
            Suppression Events: 1
Time: 218.32, 
            Production Events: 0, 
            Suppression Events: 0
Time: 219.1, 
            Production Events: 0, 
            Suppression Events: 3
Time: 220.05, 
            Production Events: 0, 
            Suppression Events: 2
Time: 222.96, 
            Production Events: 0, 
            Suppression Events: 3
Time: 222.96, 
            Production Events: 0, 
            Suppression Events: 0
Time: 223.26, 
            Production Events: 0, 
            Suppression Events: 1
Time: 224.55, 
            Production Events: 0, 
            Suppression Events: 1
Time: 226.74, 
            Production Events: 0, 
            Suppression Events: 3
Time: 226.74, 
            Production Events: 0, 
            Suppression Events: 0
Time: 227.71, 
            Production Events: 0, 
            Suppression Events: 1
Time: 228.58, 
            Production Events: 0, 
            Suppression Events: 2
Time: 230.22, 
            Production Events: 0, 
            Suppression Events: 3
Time: 230.22, 
            Production Events: 0, 
            Suppression Events: 0
Time: 231.84, 
            Production Events: 0, 
            Suppression Events: 2
Time: 233.29, 
            Production Events: 0, 
            Suppression Events: 1
Time: 233.29, 
            Production Events: 0, 
            Suppression Events: 0
Time: 234.06, 
            Production Events: 0, 
            Suppression Events: 2
Time: 235.65, 
            Production Events: 0, 
            Suppression Events: 1
Time: 237.16, 
            Production Events: 0, 
            Suppression Events: 1
Time: 237.16, 
            Production Events: 0, 
            Suppression Events: 0
Time: 241.05, 
            Production Events: 0, 
            Suppression Events: 3
Time: 241.05, 
            Production Events: 0, 
            Suppression Events: 0
Time: 241.05, 
            Production Events: 0, 
            Suppression Events: 0
Time: 241.05, 
            Production Events: 0, 
            Suppression Events: 0
Time: 242.09, 
            Production Events: 0, 
            Suppression Events: 2
Time: 243.02, 
            Production Events: 0, 
            Suppression Events: 4
Time: 246.28, 
            Production Events: 0, 
            Suppression Events: 3
Time: 246.28, 
            Production Events: 0, 
            Suppression Events: 0
Time: 246.28, 
            Production Events: 0, 
            Suppression Events: 0
Time: 248.96, 
            Production Events: 0, 
            Suppression Events: 1
Time: 248.96, 
            Production Events: 0, 
            Suppression Events: 0
Time: 249.04, 
            Production Events: 0, 
            Suppression Events: 1
Time: 251.59, 
            Production Events: 0, 
            Suppression Events: 2
Time: 251.59, 
            Production Events: 0, 
            Suppression Events: 0
Time: 252.64, 
            Production Events: 0, 
            Suppression Events: 2
Time: 253.67, 
            Production Events: 0, 
            Suppression Events: 2
Time: 255.14, 
            Production Events: 0, 
            Suppression Events: 1
Time: 255.14, 
            Production Events: 0, 
            Suppression Events: 0
Time: 256.14, 
            Production Events: 1, 
            Suppression Events: 2
Time: 257.34, 
            Production Events: 0, 
            Suppression Events: 1
Time: 260.29, 
            Production Events: 0, 
            Suppression Events: 2
Time: 260.29, 
            Production Events: 0, 
            Suppression Events: 0
Time: 260.29, 
            Production Events: 0, 
            Suppression Events: 0
Time: 262.03, 
            Production Events: 0, 
            Suppression Events: 1
Time: 262.03, 
            Production Events: 0, 
            Suppression Events: 0
Time: 263.25, 
            Production Events: 0, 
            Suppression Events: 1
Time: 265.79, 
            Production Events: 0, 
            Suppression Events: 3
Time: 265.79, 
            Production Events: 0, 
            Suppression Events: 0
Time: 267.01, 
            Production Events: 0, 
            Suppression Events: 1
Time: 267.01, 
            Production Events: 0, 
            Suppression Events: 0
Time: 268.27, 
            Production Events: 0, 
            Suppression Events: 1
Time: 269.96, 
            Production Events: 0, 
            Suppression Events: 2
Time: 271.47, 
            Production Events: 0, 
            Suppression Events: 1
Time: 271.47, 
            Production Events: 0, 
            Suppression Events: 0
Time: 272.96, 
            Production Events: 0, 
            Suppression Events: 1
Time: 273.43, 
            Production Events: 0, 
            Suppression Events: 1
Time: 274.87, 
            Production Events: 0, 
            Suppression Events: 1
Time: 276.64, 
            Production Events: 0, 
            Suppression Events: 2
Time: 276.64, 
            Production Events: 0, 
            Suppression Events: 0
Time: 277.05, 
            Production Events: 0, 
            Suppression Events: 1
Time: 278.12, 
            Production Events: 0, 
            Suppression Events: 2
Time: 280.05, 
            Production Events: 0, 
            Suppression Events: 3
Time: 280.05, 
            Production Events: 0, 
            Suppression Events: 0
Time: 281.46, 
            Production Events: 0, 
            Suppression Events: 2
Time: 283.33, 
            Production Events: 0, 
            Suppression Events: 3
Time: 283.33, 
            Production Events: 0, 
            Suppression Events: 0
Time: 285.15, 
            Production Events: 0, 
            Suppression Events: 1
Time: 285.15, 
            Production Events: 0, 
            Suppression Events: 0
Time: 287.82, 
            Production Events: 0, 
            Suppression Events: 2
Time: 287.82, 
            Production Events: 0, 
            Suppression Events: 0
Time: 289.14, 
            Production Events: 0, 
            Suppression Events: 1
Time: 289.14, 
            Production Events: 0, 
            Suppression Events: 0
Time: 290.49, 
            Production Events: 0, 
            Suppression Events: 1
Time: 293.63, 
            Production Events: 0, 
            Suppression Events: 1
Time: 293.63, 
            Production Events: 0, 
            Suppression Events: 0
Time: 293.63, 
            Production Events: 0, 
            Suppression Events: 0
Time: 294.36, 
            Production Events: 0, 
            Suppression Events: 1
Time: 295.87, 
            Production Events: 0, 
            Suppression Events: 2
Time: 296.83, 
            Production Events: 0, 
            Suppression Events: 1
Time: 298.4, 
            Production Events: 0, 
            Suppression Events: 1
Time: 298.4, 
            Production Events: 0, 
            Suppression Events: 0
Time: 299.83, 
            Production Events: 0, 
            Suppression Events: 2
Time: 301.07, 
            Production Events: 0, 
            Suppression Events: 1
Time: 301.07, 
            Production Events: 0, 
            Suppression Events: 0
Time: 302.77, 
            Production Events: 0, 
            Suppression Events: 2
Time: 306.15, 
            Production Events: 0, 
            Suppression Events: 1
Time: 306.15, 
            Production Events: 0, 
            Suppression Events: 0
Time: 306.15, 
            Production Events: 0, 
            Suppression Events: 0
Time: 306.15, 
            Production Events: 0, 
            Suppression Events: 0
Time: 307.11, 
            Production Events: 0, 
            Suppression Events: 1
Time: 308.39, 
            Production Events: 0, 
            Suppression Events: 2
Time: 309.95, 
            Production Events: 0, 
            Suppression Events: 1
Time: 310.56, 
            Production Events: 0, 
            Suppression Events: 1
Time: 311.25, 
            Production Events: 0, 
            Suppression Events: 1
Time: 312.78, 
            Production Events: 0, 
            Suppression Events: 2
Time: 314.32, 
            Production Events: 0, 
            Suppression Events: 1
Time: 314.32, 
            Production Events: 0, 
            Suppression Events: 0
Time: 315.03, 
            Production Events: 0, 
            Suppression Events: 5
Time: 316.07, 
            Production Events: 0, 
            Suppression Events: 3
Time: 317.95, 
            Production Events: 0, 
            Suppression Events: 1
Time: 319.17, 
            Production Events: 0, 
            Suppression Events: 1
Time: 319.17, 
            Production Events: 0, 
            Suppression Events: 0
Time: 320.21, 
            Production Events: 0, 
            Suppression Events: 3
Time: 321.8, 
            Production Events: 0, 
            Suppression Events: 2
Time: 323.24, 
            Production Events: 0, 
            Suppression Events: 1
Time: 323.24, 
            Production Events: 0, 
            Suppression Events: 0
Time: 324.75, 
            Production Events: 0, 
            Suppression Events: 2
Time: 325.19, 
            Production Events: 0, 
            Suppression Events: 1
Time: 326.79, 
            Production Events: 0, 
            Suppression Events: 1
Time: 327.86, 
            Production Events: 0, 
            Suppression Events: 1
Time: 328.03, 
            Production Events: 0, 
            Suppression Events: 1
Time: 332.6, 
            Production Events: 0, 
            Suppression Events: 2
Time: 332.6, 
            Production Events: 0, 
            Suppression Events: 0
Time: 332.6, 
            Production Events: 0, 
            Suppression Events: 0
Time: 332.6, 
            Production Events: 0, 
            Suppression Events: 0
Time: 333.47, 
            Production Events: 0, 
            Suppression Events: 2
Time: 335.08, 
            Production Events: 0, 
            Suppression Events: 3
Time: 335.08, 
            Production Events: 0, 
            Suppression Events: 0
Time: 336.37, 
            Production Events: 0, 
            Suppression Events: 2
Time: 338.48, 
            Production Events: 0, 
            Suppression Events: 1
Time: 338.48, 
            Production Events: 0, 
            Suppression Events: 0
Time: 340.98, 
            Production Events: 0, 
            Suppression Events: 2
Time: 340.98, 
            Production Events: 0, 
            Suppression Events: 0
Time: 342.12, 
            Production Events: 0, 
            Suppression Events: 1
Time: 342.12, 
            Production Events: 0, 
            Suppression Events: 0
Time: 345.32, 
            Production Events: 0, 
            Suppression Events: 2
Time: 345.32, 
            Production Events: 0, 
            Suppression Events: 0
Time: 345.32, 
            Production Events: 0, 
            Suppression Events: 0
Time: 348.81, 
            Production Events: 0, 
            Suppression Events: 1
Time: 348.81, 
            Production Events: 0, 
            Suppression Events: 0
Time: 348.81, 
            Production Events: 0, 
            Suppression Events: 0
Time: 349.63, 
            Production Events: 0, 
            Suppression Events: 1
Time: 351.07, 
            Production Events: 0, 
            Suppression Events: 2
Time: 351.07, 
            Production Events: 0, 
            Suppression Events: 0
Time: 353.1, 
            Production Events: 0, 
            Suppression Events: 3
Time: 353.1, 
            Production Events: 0, 
            Suppression Events: 0
Time: 354.19, 
            Production Events: 0, 
            Suppression Events: 1
Time: 355.75, 
            Production Events: 1, 
            Suppression Events: 1
Time: 356.22, 
            Production Events: 0, 
            Suppression Events: 2
Time: 358.77, 
            Production Events: 0, 
            Suppression Events: 1
Time: 358.77, 
            Production Events: 0, 
            Suppression Events: 0
Time: 359.34, 
            Production Events: 0, 
            Suppression Events: 1
Time: 361.35, 
            Production Events: 0, 
            Suppression Events: 3
Time: 361.35, 
            Production Events: 0, 
            Suppression Events: 0
Time: 362.86, 
            Production Events: 0, 
            Suppression Events: 2
Time: 363.14, 
            Production Events: 0, 
            Suppression Events: 1
Time: 364.59, 
            Production Events: 1, 
            Suppression Events: 1
Time: 367.37, 
            Production Events: 0, 
            Suppression Events: 1
Time: 367.37, 
            Production Events: 0, 
            Suppression Events: 0
Time: 367.37, 
            Production Events: 0, 
            Suppression Events: 0
Time: 370.32, 
            Production Events: 0, 
            Suppression Events: 1
Time: 370.32, 
            Production Events: 0, 
            Suppression Events: 0
Time: 370.32, 
            Production Events: 0, 
            Suppression Events: 0
Time: 371.68, 
            Production Events: 0, 
            Suppression Events: 1
Time: 372.87, 
            Production Events: 0, 
            Suppression Events: 4
Time: 373.16, 
            Production Events: 0, 
            Suppression Events: 1
Time: 374.13, 
            Production Events: 0, 
            Suppression Events: 2
Time: 378.26, 
            Production Events: 0, 
            Suppression Events: 2
Time: 378.26, 
            Production Events: 0, 
            Suppression Events: 0
Time: 378.26, 
            Production Events: 0, 
            Suppression Events: 0
Time: 378.26, 
            Production Events: 0, 
            Suppression Events: 0
Time: 379.05, 
            Production Events: 0, 
            Suppression Events: 1
Time: 380.58, 
            Production Events: 0, 
            Suppression Events: 3
Time: 382.01, 
            Production Events: 0, 
            Suppression Events: 1
Time: 382.01, 
            Production Events: 0, 
            Suppression Events: 0
Time: 384.05, 
            Production Events: 0, 
            Suppression Events: 2
Time: 384.05, 
            Production Events: 0, 
            Suppression Events: 0
Time: 386.23, 
            Production Events: 0, 
            Suppression Events: 2
Time: 386.23, 
            Production Events: 0, 
            Suppression Events: 0
Time: 388.58, 
            Production Events: 0, 
            Suppression Events: 1
Time: 388.58, 
            Production Events: 0, 
            Suppression Events: 0
Time: 391.05, 
            Production Events: 0, 
            Suppression Events: 1
Time: 391.05, 
            Production Events: 0, 
            Suppression Events: 0
Time: 391.05, 
            Production Events: 0, 
            Suppression Events: 0
Time: 392.04, 
            Production Events: 0, 
            Suppression Events: 2
Time: 393.14, 
            Production Events: 0, 
            Suppression Events: 2
Time: 396.82, 
            Production Events: 0, 
            Suppression Events: 2
Time: 396.82, 
            Production Events: 0, 
            Suppression Events: 0
Time: 396.82, 
            Production Events: 0, 
            Suppression Events: 0
Time: 398.66, 
            Production Events: 0, 
            Suppression Events: 1
Time: 398.66, 
            Production Events: 0, 
            Suppression Events: 0
Time: 399.57, 
            Production Events: 0, 
            Suppression Events: 1
Time: 400.38, 
            Production Events: 0, 
            Suppression Events: 1
Time: 401.42, 
            Production Events: 0, 
            Suppression Events: 1
Time: 402.23, 
            Production Events: 0, 
            Suppression Events: 2
Time: 403.27, 
            Production Events: 0, 
            Suppression Events: 2
Time: 405.04, 
            Production Events: 0, 
            Suppression Events: 2
Time: 405.04, 
            Production Events: 0, 
            Suppression Events: 0
Time: 407.57, 
            Production Events: 0, 
            Suppression Events: 3
Time: 407.57, 
            Production Events: 0, 
            Suppression Events: 0
Time: 408.05, 
            Production Events: 0, 
            Suppression Events: 1
Time: 411.71, 
            Production Events: 0, 
            Suppression Events: 3
Time: 411.71, 
            Production Events: 0, 
            Suppression Events: 0
Time: 411.71, 
            Production Events: 0, 
            Suppression Events: 0
Time: 412.4, 
            Production Events: 0, 
            Suppression Events: 1
Time: 414.26, 
            Production Events: 0, 
            Suppression Events: 1
Time: 414.26, 
            Production Events: 0, 
            Suppression Events: 0
Time: 417.95, 
            Production Events: 0, 
            Suppression Events: 1
Time: 417.95, 
            Production Events: 0, 
            Suppression Events: 0
Time: 417.95, 
            Production Events: 0, 
            Suppression Events: 0
Time: 418.11, 
            Production Events: 0, 
            Suppression Events: 1
Time: 419.51, 
            Production Events: 0, 
            Suppression Events: 3
Time: 422.88, 
            Production Events: 0, 
            Suppression Events: 2
Time: 422.88, 
            Production Events: 0, 
            Suppression Events: 0
Time: 422.88, 
            Production Events: 0, 
            Suppression Events: 0
Time: 423.55, 
            Production Events: 0, 
            Suppression Events: 1
Time: 424.31, 
            Production Events: 0, 
            Suppression Events: 2
Time: 425.86, 
            Production Events: 0, 
            Suppression Events: 1
Time: 428.27, 
            Production Events: 0, 
            Suppression Events: 2
Time: 428.27, 
            Production Events: 0, 
            Suppression Events: 0
Time: 428.27, 
            Production Events: 0, 
            Suppression Events: 0
Time: 430.9, 
            Production Events: 0, 
            Suppression Events: 2
Time: 430.9, 
            Production Events: 0, 
            Suppression Events: 0
Time: 432.06, 
            Production Events: 0, 
            Suppression Events: 1
Time: 432.06, 
            Production Events: 0, 
            Suppression Events: 0
Time: 435.0, 
            Production Events: 0, 
            Suppression Events: 2
Time: 435.0, 
            Production Events: 0, 
            Suppression Events: 0
Time: 435.0, 
            Production Events: 0, 
            Suppression Events: 0
Time: 436.02, 
            Production Events: 0, 
            Suppression Events: 2
Time: 437.53, 
            Production Events: 0, 
            Suppression Events: 2
Time: 438.91, 
            Production Events: 0, 
            Suppression Events: 1
Time: 440.4, 
            Production Events: 0, 
            Suppression Events: 1
Time: 440.4, 
            Production Events: 0, 
            Suppression Events: 0
Time: 441.04, 
            Production Events: 0, 
            Suppression Events: 1
Time: 445.34, 
            Production Events: 0, 
            Suppression Events: 1
Time: 445.34, 
            Production Events: 0, 
            Suppression Events: 0
Time: 445.34, 
            Production Events: 0, 
            Suppression Events: 0
Time: 445.34, 
            Production Events: 0, 
            Suppression Events: 0
Time: 446.47, 
            Production Events: 0, 
            Suppression Events: 3
Time: 447.07, 
            Production Events: 0, 
            Suppression Events: 1
Time: 448.3, 
            Production Events: 0, 
            Suppression Events: 4
Time: 451.63, 
            Production Events: 0, 
            Suppression Events: 1
Time: 451.63, 
            Production Events: 0, 
            Suppression Events: 0
Time: 451.63, 
            Production Events: 0, 
            Suppression Events: 0
Time: 452.36, 
            Production Events: 0, 
            Suppression Events: 2
Time: 456.64, 
            Production Events: 0, 
            Suppression Events: 1
Time: 456.64, 
            Production Events: 0, 
            Suppression Events: 0
Time: 456.64, 
            Production Events: 0, 
            Suppression Events: 0
Time: 456.64, 
            Production Events: 0, 
            Suppression Events: 0
Time: 457.29, 
            Production Events: 0, 
            Suppression Events: 1
Time: 458.06, 
            Production Events: 0, 
            Suppression Events: 2
Time: 459.03, 
            Production Events: 0, 
            Suppression Events: 2
Time: 460.54, 
            Production Events: 0, 
            Suppression Events: 4
Time: 462.26, 
            Production Events: 0, 
            Suppression Events: 1
Time: 462.26, 
            Production Events: 0, 
            Suppression Events: 0
Time: 464.21, 
            Production Events: 0, 
            Suppression Events: 2
Time: 464.21, 
            Production Events: 0, 
            Suppression Events: 0
Time: 466.64, 
            Production Events: 0, 
            Suppression Events: 3
Time: 466.64, 
            Production Events: 0, 
            Suppression Events: 0
Time: 467.66, 
            Production Events: 0, 
            Suppression Events: 2
Time: 468.26, 
            Production Events: 0, 
            Suppression Events: 2
Time: 469.03, 
            Production Events: 0, 
            Suppression Events: 1
Time: 470.69, 
            Production Events: 0, 
            Suppression Events: 3
Time: 473.67, 
            Production Events: 0, 
            Suppression Events: 2
Time: 473.67, 
            Production Events: 0, 
            Suppression Events: 0
Time: 473.67, 
            Production Events: 0, 
            Suppression Events: 0
Time: 474.57, 
            Production Events: 0, 
            Suppression Events: 1
Time: 477.93, 
            Production Events: 0, 
            Suppression Events: 1
Time: 477.93, 
            Production Events: 0, 
            Suppression Events: 0
Time: 477.93, 
            Production Events: 0, 
            Suppression Events: 0
Time: 478.52, 
            Production Events: 0, 
            Suppression Events: 1
Time: 479.67, 
            Production Events: 0, 
            Suppression Events: 2
Time: 482.21, 
            Production Events: 0, 
            Suppression Events: 2
Time: 482.21, 
            Production Events: 0, 
            Suppression Events: 0
Time: 482.21, 
            Production Events: 0, 
            Suppression Events: 0
Time: 483.21, 
            Production Events: 0, 
            Suppression Events: 2
Time: 485.07, 
            Production Events: 0, 
            Suppression Events: 1
Time: 485.07, 
            Production Events: 0, 
            Suppression Events: 0
Time: 486.16, 
            Production Events: 0, 
            Suppression Events: 1
Time: 487.21, 
            Production Events: 0, 
            Suppression Events: 2
Time: 488.24, 
            Production Events: 0, 
            Suppression Events: 4
Time: 490.55, 
            Production Events: 0, 
            Suppression Events: 1
Time: 490.55, 
            Production Events: 0, 
            Suppression Events: 0
Time: 491.47, 
            Production Events: 0, 
            Suppression Events: 2
Time: 492.46, 
            Production Events: 0, 
            Suppression Events: 1
Time: 493.24, 
            Production Events: 0, 
            Suppression Events: 1
Time: 494.27, 
            Production Events: 0, 
            Suppression Events: 1
Time: 495.8, 
            Production Events: 0, 
            Suppression Events: 1
Time: 498.32, 
            Production Events: 0, 
            Suppression Events: 2
Time: 498.32, 
            Production Events: 0, 
            Suppression Events: 0
Time: 498.32, 
            Production Events: 0, 
            Suppression Events: 0
Time: 499.01, 
            Production Events: 0, 
            Suppression Events: 1
Time: 500.42, 
            Production Events: 0, 
            Suppression Events: 3
Time: 502.91, 
            Production Events: 0, 
            Suppression Events: 1
Time: 502.91, 
            Production Events: 0, 
            Suppression Events: 0
Time: 503.06, 
            Production Events: 0, 
            Suppression Events: 1
Time: 504.76, 
            Production Events: 0, 
            Suppression Events: 2
Time: 506.85, 
            Production Events: 0, 
            Suppression Events: 2
Time: 506.85, 
            Production Events: 0, 
            Suppression Events: 0
Time: 507.35, 
            Production Events: 0, 
            Suppression Events: 2
Time: 508.63, 
            Production Events: 0, 
            Suppression Events: 2
Time: 511.01, 
            Production Events: 0, 
            Suppression Events: 1
Time: 511.01, 
            Production Events: 0, 
            Suppression Events: 0
Time: 511.01, 
            Production Events: 0, 
            Suppression Events: 0
Time: 512.13, 
            Production Events: 1, 
            Suppression Events: 0
Time: 513.92, 
            Production Events: 0, 
            Suppression Events: 1
Time: 514.02, 
            Production Events: 0, 
            Suppression Events: 1
Time: 515.77, 
            Production Events: 0, 
            Suppression Events: 2
Time: 516.26, 
            Production Events: 0, 
            Suppression Events: 1
Time: 521.4, 
            Production Events: 0, 
            Suppression Events: 3
Time: 521.4, 
            Production Events: 0, 
            Suppression Events: 0
Time: 521.4, 
            Production Events: 0, 
            Suppression Events: 0
Time: 521.4, 
            Production Events: 0, 
            Suppression Events: 0
Time: 521.4, 
            Production Events: 0, 
            Suppression Events: 0
Time: 522.23, 
            Production Events: 0, 
            Suppression Events: 2
Time: 525.78, 
            Production Events: 0, 
            Suppression Events: 1
Time: 525.78, 
            Production Events: 0, 
            Suppression Events: 0
Time: 525.78, 
            Production Events: 0, 
            Suppression Events: 0
Time: 526.83, 
            Production Events: 0, 
            Suppression Events: 1
Time: 527.87, 
            Production Events: 0, 
            Suppression Events: 1
Time: 529.19, 
            Production Events: 0, 
            Suppression Events: 1
Time: 529.19, 
            Production Events: 0, 
            Suppression Events: 0
Time: 530.98, 
            Production Events: 0, 
            Suppression Events: 3
Time: 531.68, 
            Production Events: 0, 
            Suppression Events: 1
Time: 532.42, 
            Production Events: 0, 
            Suppression Events: 1
Time: 533.08, 
            Production Events: 0, 
            Suppression Events: 3
Time: 534.68, 
            Production Events: 0, 
            Suppression Events: 1
Time: 535.0, 
            Production Events: 0, 
            Suppression Events: 2
Time: 536.71, 
            Production Events: 0, 
            Suppression Events: 1
Time: 537.69, 
            Production Events: 0, 
            Suppression Events: 1
Time: 540.38, 
            Production Events: 0, 
            Suppression Events: 1
Time: 540.38, 
            Production Events: 0, 
            Suppression Events: 0
Time: 540.38, 
            Production Events: 0, 
            Suppression Events: 0
Time: 542.37, 
            Production Events: 0, 
            Suppression Events: 2
Time: 542.37, 
            Production Events: 0, 
            Suppression Events: 0
Time: 543.14, 
            Production Events: 0, 
            Suppression Events: 2
Time: 544.94, 
            Production Events: 0, 
            Suppression Events: 1
Time: 545.26, 
            Production Events: 0, 
            Suppression Events: 1
Time: 546.13, 
            Production Events: 0, 
            Suppression Events: 2
Time: 547.38, 
            Production Events: 0, 
            Suppression Events: 3
Time: 548.34, 
            Production Events: 0, 
            Suppression Events: 3
Time: 550.18, 
            Production Events: 0, 
            Suppression Events: 1
Time: 550.18, 
            Production Events: 0, 
            Suppression Events: 0
Time: 551.32, 
            Production Events: 0, 
            Suppression Events: 1
Time: 552.26, 
            Production Events: 0, 
            Suppression Events: 1
Time: 553.11, 
            Production Events: 0, 
            Suppression Events: 1
Time: 557.11, 
            Production Events: 0, 
            Suppression Events: 1
Time: 557.11, 
            Production Events: 0, 
            Suppression Events: 0
Time: 557.11, 
            Production Events: 0, 
            Suppression Events: 0
Time: 557.11, 
            Production Events: 0, 
            Suppression Events: 0
Time: 559.64, 
            Production Events: 0, 
            Suppression Events: 1
Time: 559.64, 
            Production Events: 0, 
            Suppression Events: 0
Time: 564.94, 
            Production Events: 0, 
            Suppression Events: 3
Time: 564.94, 
            Production Events: 0, 
            Suppression Events: 0
Time: 564.94, 
            Production Events: 0, 
            Suppression Events: 0
Time: 564.94, 
            Production Events: 0, 
            Suppression Events: 0
Time: 564.94, 
            Production Events: 0, 
            Suppression Events: 0
Time: 566.88, 
            Production Events: 0, 
            Suppression Events: 1
Time: 566.88, 
            Production Events: 0, 
            Suppression Events: 0
Time: 567.32, 
            Production Events: 0, 
            Suppression Events: 1
Time: 571.33, 
            Production Events: 0, 
            Suppression Events: 1
Time: 571.33, 
            Production Events: 0, 
            Suppression Events: 0
Time: 571.33, 
            Production Events: 0, 
            Suppression Events: 0
Time: 571.33, 
            Production Events: 0, 
            Suppression Events: 0
Time: 573.4, 
            Production Events: 0, 
            Suppression Events: 1
Time: 573.4, 
            Production Events: 0, 
            Suppression Events: 0
Time: 575.36, 
            Production Events: 0, 
            Suppression Events: 1
Time: 575.36, 
            Production Events: 0, 
            Suppression Events: 0
Time: 576.98, 
            Production Events: 0, 
            Suppression Events: 2
Time: 577.95, 
            Production Events: 1, 
            Suppression Events: 0
Time: 579.27, 
            Production Events: 0, 
            Suppression Events: 1
Time: 579.27, 
            Production Events: 0, 
            Suppression Events: 0
Time: 582.35, 
            Production Events: 0, 
            Suppression Events: 1
Time: 582.35, 
            Production Events: 0, 
            Suppression Events: 0
Time: 582.35, 
            Production Events: 0, 
            Suppression Events: 0
Time: 587.17, 
            Production Events: 0, 
            Suppression Events: 2
Time: 587.17, 
            Production Events: 0, 
            Suppression Events: 0
Time: 587.17, 
            Production Events: 0, 
            Suppression Events: 0
Time: 587.17, 
            Production Events: 0, 
            Suppression Events: 0
Time: 587.17, 
            Production Events: 0, 
            Suppression Events: 0
Time: 588.31, 
            Production Events: 0, 
            Suppression Events: 2
Time: 589.26, 
            Production Events: 0, 
            Suppression Events: 2
Time: 591.07, 
            Production Events: 0, 
            Suppression Events: 1
Time: 591.07, 
            Production Events: 0, 
            Suppression Events: 0
Time: 592.25, 
            Production Events: 0, 
            Suppression Events: 1
Time: 594.53, 
            Production Events: 0, 
            Suppression Events: 1
Time: 594.53, 
            Production Events: 0, 
            Suppression Events: 0
Time: 595.73, 
            Production Events: 0, 
            Suppression Events: 2
Time: 596.47, 
            Production Events: 0, 
            Suppression Events: 1
Time: 600.82, 
            Production Events: 0, 
            Suppression Events: 2
Time: 600.82, 
            Production Events: 0, 
            Suppression Events: 0
Time: 600.82, 
            Production Events: 0, 
            Suppression Events: 0
Time: 600.82, 
            Production Events: 0, 
            Suppression Events: 0
Time: 602.17, 
            Production Events: 0, 
            Suppression Events: 1
Time: 602.17, 
            Production Events: 0, 
            Suppression Events: 0
Time: 605.73, 
            Production Events: 0, 
            Suppression Events: 1
Time: 605.73, 
            Production Events: 0, 
            Suppression Events: 0
Time: 605.73, 
            Production Events: 0, 
            Suppression Events: 0
Time: 606.59, 
            Production Events: 0, 
            Suppression Events: 1
Time: 607.78, 
            Production Events: 0, 
            Suppression Events: 1
Time: 608.83, 
            Production Events: 0, 
            Suppression Events: 1
Time: 609.28, 
            Production Events: 0, 
            Suppression Events: 1
Time: 610.95, 
            Production Events: 0, 
            Suppression Events: 1
Time: 615.71, 
            Production Events: 0, 
            Suppression Events: 1
Time: 615.71, 
            Production Events: 0, 
            Suppression Events: 0
Time: 615.71, 
            Production Events: 0, 
            Suppression Events: 0
Time: 615.71, 
            Production Events: 0, 
            Suppression Events: 0
Time: 615.71, 
            Production Events: 0, 
            Suppression Events: 0
Time: 622.38, 
            Production Events: 0, 
            Suppression Events: 1
Time: 622.38, 
            Production Events: 0, 
            Suppression Events: 0
Time: 622.38, 
            Production Events: 0, 
            Suppression Events: 0
Time: 622.38, 
            Production Events: 0, 
            Suppression Events: 0
Time: 622.38, 
            Production Events: 0, 
            Suppression Events: 0
Time: 622.38, 
            Production Events: 0, 
            Suppression Events: 0
Time: 622.38, 
            Production Events: 0, 
            Suppression Events: 0
Time: 623.49, 
            Production Events: 0, 
            Suppression Events: 2
Time: 624.42, 
            Production Events: 0, 
            Suppression Events: 2
Time: 625.46, 
            Production Events: 0, 
            Suppression Events: 1
Time: 628.33, 
            Production Events: 0, 
            Suppression Events: 1
Time: 628.33, 
            Production Events: 0, 
            Suppression Events: 0
Time: 628.33, 
            Production Events: 0, 
            Suppression Events: 0
Time: 630.47, 
            Production Events: 0, 
            Suppression Events: 3
Time: 630.47, 
            Production Events: 0, 
            Suppression Events: 0
Time: 633.07, 
            Production Events: 0, 
            Suppression Events: 1
Time: 633.07, 
            Production Events: 0, 
            Suppression Events: 0
Time: 633.07, 
            Production Events: 0, 
            Suppression Events: 0
Time: 635.43, 
            Production Events: 0, 
            Suppression Events: 1
Time: 635.43, 
            Production Events: 0, 
            Suppression Events: 0
Time: 636.05, 
            Production Events: 0, 
            Suppression Events: 2
Time: 637.91, 
            Production Events: 0, 
            Suppression Events: 1
Time: 638.06, 
            Production Events: 0, 
            Suppression Events: 1
Time: 640.66, 
            Production Events: 0, 
            Suppression Events: 2
Time: 640.66, 
            Production Events: 0, 
            Suppression Events: 0
Time: 642.19, 
            Production Events: 0, 
            Suppression Events: 2
Time: 642.19, 
            Production Events: 0, 
            Suppression Events: 0
Time: 643.13, 
            Production Events: 0, 
            Suppression Events: 2
Time: 645.03, 
            Production Events: 0, 
            Suppression Events: 1
Time: 645.03, 
            Production Events: 0, 
            Suppression Events: 0
Time: 646.75, 
            Production Events: 0, 
            Suppression Events: 1
Time: 647.6, 
            Production Events: 0, 
            Suppression Events: 1
Time: 648.04, 
            Production Events: 0, 
            Suppression Events: 2
Time: 649.61, 
            Production Events: 0, 
            Suppression Events: 3
Time: 651.13, 
            Production Events: 0, 
            Suppression Events: 2
Time: 651.13, 
            Production Events: 0, 
            Suppression Events: 0
Time: 652.88, 
            Production Events: 0, 
            Suppression Events: 1
Time: 653.9, 
            Production Events: 0, 
            Suppression Events: 1
Time: 655.31, 
            Production Events: 0, 
            Suppression Events: 1
Time: 655.31, 
            Production Events: 0, 
            Suppression Events: 0
Time: 660.01, 
            Production Events: 0, 
            Suppression Events: 1
Time: 660.01, 
            Production Events: 0, 
            Suppression Events: 0
Time: 660.01, 
            Production Events: 0, 
            Suppression Events: 0
Time: 660.01, 
            Production Events: 0, 
            Suppression Events: 0
Time: 660.01, 
            Production Events: 0, 
            Suppression Events: 0
Time: 661.4, 
            Production Events: 0, 
            Suppression Events: 1
Time: 663.62, 
            Production Events: 0, 
            Suppression Events: 2
Time: 663.62, 
            Production Events: 0, 
            Suppression Events: 0
Time: 666.67, 
            Production Events: 0, 
            Suppression Events: 1
Time: 666.67, 
            Production Events: 0, 
            Suppression Events: 0
Time: 666.67, 
            Production Events: 0, 
            Suppression Events: 0
Time: 667.18, 
            Production Events: 0, 
            Suppression Events: 2
Time: 668.54, 
            Production Events: 0, 
            Suppression Events: 1
Time: 670.5, 
            Production Events: 0, 
            Suppression Events: 1
Time: 670.5, 
            Production Events: 0, 
            Suppression Events: 0
Time: 672.32, 
            Production Events: 0, 
            Suppression Events: 1
Time: 672.32, 
            Production Events: 0, 
            Suppression Events: 0
Time: 673.5, 
            Production Events: 0, 
            Suppression Events: 3
Time: 674.35, 
            Production Events: 0, 
            Suppression Events: 2
Time: 675.45, 
            Production Events: 0, 
            Suppression Events: 1
Time: 676.49, 
            Production Events: 0, 
            Suppression Events: 1
Time: 677.58, 
            Production Events: 0, 
            Suppression Events: 2
Time: 678.3, 
            Production Events: 0, 
            Suppression Events: 1
Time: 679.2, 
            Production Events: 0, 
            Suppression Events: 3
Time: 680.11, 
            Production Events: 0, 
            Suppression Events: 2
Time: 681.66, 
            Production Events: 0, 
            Suppression Events: 3
Time: 682.36, 
            Production Events: 0, 
            Suppression Events: 1
Time: 684.83, 
            Production Events: 0, 
            Suppression Events: 1
Time: 684.83, 
            Production Events: 0, 
            Suppression Events: 0
Time: 685.53, 
            Production Events: 0, 
            Suppression Events: 1
Time: 687.44, 
            Production Events: 0, 
            Suppression Events: 2
Time: 687.44, 
            Production Events: 0, 
            Suppression Events: 0
Time: 688.43, 
            Production Events: 0, 
            Suppression Events: 1
Time: 689.01, 
            Production Events: 0, 
            Suppression Events: 1
Time: 691.04, 
            Production Events: 0, 
            Suppression Events: 4
Time: 691.04, 
            Production Events: 0, 
            Suppression Events: 0
Time: 694.41, 
            Production Events: 0, 
            Suppression Events: 1
Time: 694.41, 
            Production Events: 0, 
            Suppression Events: 0
Time: 694.41, 
            Production Events: 0, 
            Suppression Events: 0
Time: 695.3, 
            Production Events: 0, 
            Suppression Events: 1
Time: 696.34, 
            Production Events: 0, 
            Suppression Events: 1
Time: 697.05, 
            Production Events: 0, 
            Suppression Events: 3
Time: 698.73, 
            Production Events: 0, 
            Suppression Events: 1
Time: 699.04, 
            Production Events: 0, 
            Suppression Events: 1
Time: 701.0, 
            Production Events: 0, 
            Suppression Events: 1
Time: 701.0, 
            Production Events: 0, 
            Suppression Events: 0
Time: 702.35, 
            Production Events: 0, 
            Suppression Events: 2
Time: 703.44, 
            Production Events: 0, 
            Suppression Events: 1
Time: 704.29, 
            Production Events: 0, 
            Suppression Events: 1
Time: 706.91, 
            Production Events: 0, 
            Suppression Events: 1
Time: 706.91, 
            Production Events: 0, 
            Suppression Events: 0
Time: 708.45, 
            Production Events: 0, 
            Suppression Events: 1
Time: 708.45, 
            Production Events: 0, 
            Suppression Events: 0
Time: 709.06, 
            Production Events: 0, 
            Suppression Events: 2
Time: 710.18, 
            Production Events: 0, 
            Suppression Events: 2
Time: 711.57, 
            Production Events: 0, 
            Suppression Events: 1
Time: 714.24, 
            Production Events: 0, 
            Suppression Events: 1
Time: 714.24, 
            Production Events: 0, 
            Suppression Events: 0
Time: 714.24, 
            Production Events: 0, 
            Suppression Events: 0
Time: 716.11, 
            Production Events: 0, 
            Suppression Events: 3
Time: 716.11, 
            Production Events: 0, 
            Suppression Events: 0
Time: 717.29, 
            Production Events: 0, 
            Suppression Events: 2
Time: 718.45, 
            Production Events: 0, 
            Suppression Events: 1
Time: 720.0, 
            Production Events: 0, 
            Suppression Events: 2
Time: 720.0, 
            Production Events: 0, 
            Suppression Events: 0
Time: 722.42, 
            Production Events: 0, 
            Suppression Events: 2
Time: 722.42, 
            Production Events: 0, 
            Suppression Events: 0
Time: 725.34, 
            Production Events: 0, 
            Suppression Events: 2
Time: 725.34, 
            Production Events: 0, 
            Suppression Events: 0
Time: 725.34, 
            Production Events: 0, 
            Suppression Events: 0
Time: 726.54, 
            Production Events: 1, 
            Suppression Events: 0
Time: 727.37, 
            Production Events: 0, 
            Suppression Events: 1
Time: 729.57, 
            Production Events: 0, 
            Suppression Events: 1
Time: 729.57, 
            Production Events: 0, 
            Suppression Events: 0
Time: 730.76, 
            Production Events: 0, 
            Suppression Events: 2
Time: 731.42, 
            Production Events: 0, 
            Suppression Events: 2
Time: 739.43, 
            Production Events: 0, 
            Suppression Events: 2
Time: 739.43, 
            Production Events: 0, 
            Suppression Events: 0
Time: 739.43, 
            Production Events: 0, 
            Suppression Events: 0
Time: 739.43, 
            Production Events: 0, 
            Suppression Events: 0
Time: 739.43, 
            Production Events: 0, 
            Suppression Events: 0
Time: 739.43, 
            Production Events: 0, 
            Suppression Events: 0
Time: 739.43, 
            Production Events: 0, 
            Suppression Events: 0
Time: 739.43, 
            Production Events: 0, 
            Suppression Events: 0
Time: 741.64, 
            Production Events: 0, 
            Suppression Events: 1
Time: 741.64, 
            Production Events: 0, 
            Suppression Events: 0
Time: 742.51, 
            Production Events: 0, 
            Suppression Events: 1
Time: 744.7, 
            Production Events: 0, 
            Suppression Events: 1
Time: 744.7, 
            Production Events: 0, 
            Suppression Events: 0
Time: 745.39, 
            Production Events: 0, 
            Suppression Events: 1
Time: 746.99, 
            Production Events: 0, 
            Suppression Events: 1
Time: 747.13, 
            Production Events: 0, 
            Suppression Events: 1
Time: 749.08, 
            Production Events: 1, 
            Suppression Events: 3
Time: 749.08, 
            Production Events: 0, 
            Suppression Events: 0
Time: 750.16, 
            Production Events: 0, 
            Suppression Events: 1
Time: 752.16, 
            Production Events: 0, 
            Suppression Events: 2
Time: 752.16, 
            Production Events: 0, 
            Suppression Events: 0
Time: 754.83, 
            Production Events: 0, 
            Suppression Events: 2
Time: 754.83, 
            Production Events: 0, 
            Suppression Events: 0
Time: 756.32, 
            Production Events: 0, 
            Suppression Events: 2
Time: 756.32, 
            Production Events: 0, 
            Suppression Events: 0
Time: 757.85, 
            Production Events: 0, 
            Suppression Events: 1
Time: 759.7, 
            Production Events: 0, 
            Suppression Events: 1
Time: 759.7, 
            Production Events: 0, 
            Suppression Events: 0
Time: 762.06, 
            Production Events: 0, 
            Suppression Events: 1
Time: 762.06, 
            Production Events: 0, 
            Suppression Events: 0
Time: 762.06, 
            Production Events: 0, 
            Suppression Events: 0
Time: 763.3, 
            Production Events: 0, 
            Suppression Events: 1
Time: 764.82, 
            Production Events: 0, 
            Suppression Events: 2
Time: 765.63, 
            Production Events: 0, 
            Suppression Events: 1
Time: 766.13, 
            Production Events: 0, 
            Suppression Events: 1
Time: 767.47, 
            Production Events: 0, 
            Suppression Events: 3
Time: 769.14, 
            Production Events: 0, 
            Suppression Events: 1
Time: 769.14, 
            Production Events: 0, 
            Suppression Events: 0
Time: 770.93, 
            Production Events: 0, 
            Suppression Events: 2
Time: 771.89, 
            Production Events: 0, 
            Suppression Events: 1
Time: 772.03, 
            Production Events: 0, 
            Suppression Events: 1
Time: 773.05, 
            Production Events: 0, 
            Suppression Events: 1
Time: 774.22, 
            Production Events: 0, 
            Suppression Events: 2
Time: 777.06, 
            Production Events: 0, 
            Suppression Events: 3
Time: 777.06, 
            Production Events: 0, 
            Suppression Events: 0
Time: 777.06, 
            Production Events: 0, 
            Suppression Events: 0
Time: 778.81, 
            Production Events: 0, 
            Suppression Events: 1
Time: 779.41, 
            Production Events: 0, 
            Suppression Events: 1
Time: 781.95, 
            Production Events: 0, 
            Suppression Events: 1
Time: 781.95, 
            Production Events: 0, 
            Suppression Events: 0
Time: 782.79, 
            Production Events: 0, 
            Suppression Events: 1
Time: 783.51, 
            Production Events: 1, 
            Suppression Events: 0
Time: 785.35, 
            Production Events: 0, 
            Suppression Events: 2
Time: 785.35, 
            Production Events: 0, 
            Suppression Events: 0
Time: 787.32, 
            Production Events: 0, 
            Suppression Events: 1
Time: 787.32, 
            Production Events: 0, 
            Suppression Events: 0
Time: 789.05, 
            Production Events: 0, 
            Suppression Events: 1
Time: 789.05, 
            Production Events: 0, 
            Suppression Events: 0
Time: 790.03, 
            Production Events: 0, 
            Suppression Events: 3
Time: 791.78, 
            Production Events: 0, 
            Suppression Events: 2
Time: 793.07, 
            Production Events: 0, 
            Suppression Events: 2
Time: 793.07, 
            Production Events: 0, 
            Suppression Events: 0
Time: 794.0, 
            Production Events: 0, 
            Suppression Events: 2
Time: 798.38, 
            Production Events: 0, 
            Suppression Events: 2
Time: 798.38, 
            Production Events: 0, 
            Suppression Events: 0
Time: 798.38, 
            Production Events: 0, 
            Suppression Events: 0
Time: 798.38, 
            Production Events: 0, 
            Suppression Events: 0
Time: 799.23, 
            Production Events: 0, 
            Suppression Events: 1
Time: 800.01, 
            Production Events: 0, 
            Suppression Events: 1
Time: 801.09, 
            Production Events: 0, 
            Suppression Events: 1
Time: 802.97, 
            Production Events: 0, 
            Suppression Events: 2
Time: 803.25, 
            Production Events: 0, 
            Suppression Events: 1
Time: 804.49, 
            Production Events: 0, 
            Suppression Events: 2
Time: 805.19, 
            Production Events: 0, 
            Suppression Events: 1
Time: 806.5, 
            Production Events: 0, 
            Suppression Events: 1
Time: 808.34, 
            Production Events: 0, 
            Suppression Events: 1
Time: 808.34, 
            Production Events: 0, 
            Suppression Events: 0
Time: 809.53, 
            Production Events: 0, 
            Suppression Events: 4
Time: 810.76, 
            Production Events: 0, 
            Suppression Events: 3
Time: 811.89, 
            Production Events: 0, 
            Suppression Events: 1
Time: 812.57, 
            Production Events: 0, 
            Suppression Events: 1
Time: 813.11, 
            Production Events: 0, 
            Suppression Events: 1
Time: 814.01, 
            Production Events: 0, 
            Suppression Events: 2
Time: 815.06, 
            Production Events: 0, 
            Suppression Events: 1
Time: 816.67, 
            Production Events: 0, 
            Suppression Events: 1
Time: 817.02, 
            Production Events: 0, 
            Suppression Events: 2
Time: 818.11, 
            Production Events: 0, 
            Suppression Events: 2
Time: 826.82, 
            Production Events: 0, 
            Suppression Events: 1
Time: 826.82, 
            Production Events: 0, 
            Suppression Events: 0
Time: 826.82, 
            Production Events: 0, 
            Suppression Events: 0
Time: 826.82, 
            Production Events: 0, 
            Suppression Events: 0
Time: 826.82, 
            Production Events: 0, 
            Suppression Events: 0
Time: 826.82, 
            Production Events: 0, 
            Suppression Events: 0
Time: 826.82, 
            Production Events: 0, 
            Suppression Events: 0
Time: 826.82, 
            Production Events: 0, 
            Suppression Events: 0
Time: 827.26, 
            Production Events: 0, 
            Suppression Events: 1
Time: 832.01, 
            Production Events: 0, 
            Suppression Events: 1
Time: 832.01, 
            Production Events: 0, 
            Suppression Events: 0
Time: 832.01, 
            Production Events: 0, 
            Suppression Events: 0
Time: 832.01, 
            Production Events: 0, 
            Suppression Events: 0
Time: 832.01, 
            Production Events: 0, 
            Suppression Events: 0
Time: 833.34, 
            Production Events: 0, 
            Suppression Events: 1
Time: 835.17, 
            Production Events: 0, 
            Suppression Events: 3
Time: 835.17, 
            Production Events: 0, 
            Suppression Events: 0
Time: 837.28, 
            Production Events: 0, 
            Suppression Events: 2
Time: 837.28, 
            Production Events: 0, 
            Suppression Events: 0
Time: 841.51, 
            Production Events: 0, 
            Suppression Events: 1
Time: 841.51, 
            Production Events: 0, 
            Suppression Events: 0
Time: 841.51, 
            Production Events: 0, 
            Suppression Events: 0
Time: 841.51, 
            Production Events: 0, 
            Suppression Events: 0
Time: 842.07, 
            Production Events: 0, 
            Suppression Events: 1
Time: 843.28, 
            Production Events: 0, 
            Suppression Events: 2
Time: 844.07, 
            Production Events: 0, 
            Suppression Events: 1
Time: 846.7, 
            Production Events: 0, 
            Suppression Events: 3
Time: 846.7, 
            Production Events: 0, 
            Suppression Events: 0
Time: 849.34, 
            Production Events: 0, 
            Suppression Events: 1
Time: 849.34, 
            Production Events: 0, 
            Suppression Events: 0
Time: 849.34, 
            Production Events: 0, 
            Suppression Events: 0
Time: 850.65, 
            Production Events: 1, 
            Suppression Events: 2
Time: 851.23, 
            Production Events: 0, 
            Suppression Events: 1
Time: 852.83, 
            Production Events: 0, 
            Suppression Events: 3
Time: 853.11, 
            Production Events: 0, 
            Suppression Events: 1
Time: 854.19, 
            Production Events: 0, 
            Suppression Events: 1
Time: 856.29, 
            Production Events: 0, 
            Suppression Events: 1
Time: 856.29, 
            Production Events: 0, 
            Suppression Events: 0
Time: 857.28, 
            Production Events: 0, 
            Suppression Events: 1
Time: 858.43, 
            Production Events: 0, 
            Suppression Events: 1
Time: 859.4, 
            Production Events: 0, 
            Suppression Events: 2
Time: 861.62, 
            Production Events: 0, 
            Suppression Events: 2
Time: 861.62, 
            Production Events: 0, 
            Suppression Events: 0
Time: 862.84, 
            Production Events: 0, 
            Suppression Events: 1
Time: 863.28, 
            Production Events: 0, 
            Suppression Events: 1
Time: 865.05, 
            Production Events: 0, 
            Suppression Events: 2
Time: 865.05, 
            Production Events: 0, 
            Suppression Events: 0
Time: 866.6, 
            Production Events: 0, 
            Suppression Events: 2
Time: 867.43, 
            Production Events: 0, 
            Suppression Events: 1
Time: 868.43, 
            Production Events: 0, 
            Suppression Events: 1
Time: 870.89, 
            Production Events: 0, 
            Suppression Events: 3
Time: 870.89, 
            Production Events: 0, 
            Suppression Events: 0
Time: 871.2, 
            Production Events: 0, 
            Suppression Events: 1
Time: 872.04, 
            Production Events: 0, 
            Suppression Events: 2
Time: 873.25, 
            Production Events: 0, 
            Suppression Events: 3
Time: 874.94, 
            Production Events: 0, 
            Suppression Events: 2
Time: 876.12, 
            Production Events: 0, 
            Suppression Events: 1
Time: 876.12, 
            Production Events: 0, 
            Suppression Events: 0
Time: 877.35, 
            Production Events: 0, 
            Suppression Events: 1
Time: 879.5, 
            Production Events: 0, 
            Suppression Events: 2
Time: 879.5, 
            Production Events: 0, 
            Suppression Events: 0
Time: 881.43, 
            Production Events: 0, 
            Suppression Events: 1
Time: 881.43, 
            Production Events: 0, 
            Suppression Events: 0
Time: 883.7, 
            Production Events: 0, 
            Suppression Events: 1
Time: 883.7, 
            Production Events: 0, 
            Suppression Events: 0
Time: 884.71, 
            Production Events: 1, 
            Suppression Events: 1
Time: 885.11, 
            Production Events: 0, 
            Suppression Events: 2
Time: 886.03, 
            Production Events: 0, 
            Suppression Events: 1
Time: 887.13, 
            Production Events: 0, 
            Suppression Events: 1
Time: 889.81, 
            Production Events: 0, 
            Suppression Events: 1
Time: 889.81, 
            Production Events: 0, 
            Suppression Events: 0
Time: 890.04, 
            Production Events: 0, 
            Suppression Events: 2
Time: 891.94, 
            Production Events: 0, 
            Suppression Events: 1
Time: 893.12, 
            Production Events: 0, 
            Suppression Events: 1
Time: 893.12, 
            Production Events: 0, 
            Suppression Events: 0
Time: 895.43, 
            Production Events: 0, 
            Suppression Events: 2
Time: 895.43, 
            Production Events: 0, 
            Suppression Events: 0
Time: 899.6, 
            Production Events: 0, 
            Suppression Events: 2
Time: 899.6, 
            Production Events: 0, 
            Suppression Events: 0
Time: 899.6, 
            Production Events: 0, 
            Suppression Events: 0
Time: 899.6, 
            Production Events: 0, 
            Suppression Events: 0
Time: 901.61, 
            Production Events: 0, 
            Suppression Events: 1
Time: 901.61, 
            Production Events: 0, 
            Suppression Events: 0
Time: 903.08, 
            Production Events: 0, 
            Suppression Events: 3
Time: 903.08, 
            Production Events: 0, 
            Suppression Events: 0
Time: 908.16, 
            Production Events: 0, 
            Suppression Events: 1
Time: 908.16, 
            Production Events: 0, 
            Suppression Events: 0
Time: 908.16, 
            Production Events: 0, 
            Suppression Events: 0
Time: 908.16, 
            Production Events: 0, 
            Suppression Events: 0
Time: 908.16, 
            Production Events: 0, 
            Suppression Events: 0
Time: 910.33, 
            Production Events: 0, 
            Suppression Events: 2
Time: 910.33, 
            Production Events: 0, 
            Suppression Events: 0
Time: 911.69, 
            Production Events: 0, 
            Suppression Events: 1
Time: 912.29, 
            Production Events: 0, 
            Suppression Events: 2
Time: 914.78, 
            Production Events: 0, 
            Suppression Events: 2
Time: 914.78, 
            Production Events: 0, 
            Suppression Events: 0
Time: 915.93, 
            Production Events: 0, 
            Suppression Events: 2
Time: 917.66, 
            Production Events: 0, 
            Suppression Events: 1
Time: 917.66, 
            Production Events: 0, 
            Suppression Events: 0
Time: 919.39, 
            Production Events: 0, 
            Suppression Events: 1
Time: 919.39, 
            Production Events: 0, 
            Suppression Events: 0
Time: 921.45, 
            Production Events: 1, 
            Suppression Events: 3
Time: 921.45, 
            Production Events: 0, 
            Suppression Events: 0
Time: 923.15, 
            Production Events: 0, 
            Suppression Events: 1
Time: 923.15, 
            Production Events: 0, 
            Suppression Events: 0
Time: 925.45, 
            Production Events: 0, 
            Suppression Events: 1
Time: 925.45, 
            Production Events: 0, 
            Suppression Events: 0
Time: 926.3, 
            Production Events: 0, 
            Suppression Events: 1
Time: 927.95, 
            Production Events: 0, 
            Suppression Events: 1
Time: 928.77, 
            Production Events: 0, 
            Suppression Events: 1
Time: 929.66, 
            Production Events: 0, 
            Suppression Events: 1
Time: 930.17, 
            Production Events: 0, 
            Suppression Events: 1
Time: 931.91, 
            Production Events: 0, 
            Suppression Events: 1
Time: 932.09, 
            Production Events: 0, 
            Suppression Events: 1
Time: 933.84, 
            Production Events: 0, 
            Suppression Events: 3
Time: 934.0, 
            Production Events: 0, 
            Suppression Events: 1
Time: 935.96, 
            Production Events: 0, 
            Suppression Events: 2
Time: 937.19, 
            Production Events: 0, 
            Suppression Events: 1
Time: 937.19, 
            Production Events: 0, 
            Suppression Events: 0
Time: 941.21, 
            Production Events: 0, 
            Suppression Events: 1
Time: 941.21, 
            Production Events: 0, 
            Suppression Events: 0
Time: 941.21, 
            Production Events: 0, 
            Suppression Events: 0
Time: 941.21, 
            Production Events: 0, 
            Suppression Events: 0
Time: 942.46, 
            Production Events: 0, 
            Suppression Events: 1
Time: 943.53, 
            Production Events: 0, 
            Suppression Events: 3
Time: 944.39, 
            Production Events: 0, 
            Suppression Events: 1
Time: 946.32, 
            Production Events: 0, 
            Suppression Events: 1
Time: 946.32, 
            Production Events: 0, 
            Suppression Events: 0
Time: 947.21, 
            Production Events: 0, 
            Suppression Events: 3
Time: 948.56, 
            Production Events: 0, 
            Suppression Events: 3
Time: 950.9, 
            Production Events: 0, 
            Suppression Events: 1
Time: 950.9, 
            Production Events: 0, 
            Suppression Events: 0
Time: 953.71, 
            Production Events: 0, 
            Suppression Events: 1
Time: 953.71, 
            Production Events: 0, 
            Suppression Events: 0
Time: 953.71, 
            Production Events: 0, 
            Suppression Events: 0
Time: 954.85, 
            Production Events: 0, 
            Suppression Events: 1
Time: 955.08, 
            Production Events: 0, 
            Suppression Events: 1
Time: 956.18, 
            Production Events: 0, 
            Suppression Events: 1
Time: 958.75, 
            Production Events: 0, 
            Suppression Events: 1
Time: 958.75, 
            Production Events: 0, 
            Suppression Events: 0
Time: 960.23, 
            Production Events: 0, 
            Suppression Events: 2
Time: 960.23, 
            Production Events: 0, 
            Suppression Events: 0
Time: 963.1, 
            Production Events: 0, 
            Suppression Events: 1
Time: 963.1, 
            Production Events: 0, 
            Suppression Events: 0
Time: 963.1, 
            Production Events: 0, 
            Suppression Events: 0
Time: 964.06, 
            Production Events: 0, 
            Suppression Events: 1
Time: 968.31, 
            Production Events: 0, 
            Suppression Events: 2
Time: 968.31, 
            Production Events: 0, 
            Suppression Events: 0
Time: 968.31, 
            Production Events: 0, 
            Suppression Events: 0
Time: 968.31, 
            Production Events: 0, 
            Suppression Events: 0
Time: 969.79, 
            Production Events: 0, 
            Suppression Events: 3
Time: 970.91, 
            Production Events: 0, 
            Suppression Events: 1
Time: 971.36, 
            Production Events: 0, 
            Suppression Events: 1
Time: 972.52, 
            Production Events: 0, 
            Suppression Events: 2
Time: 973.68, 
            Production Events: 0, 
            Suppression Events: 1
Time: 974.94, 
            Production Events: 0, 
            Suppression Events: 1
Time: 975.5, 
            Production Events: 0, 
            Suppression Events: 1
Time: 977.58, 
            Production Events: 0, 
            Suppression Events: 2
Time: 977.58, 
            Production Events: 0, 
            Suppression Events: 0
Time: 978.54, 
            Production Events: 0, 
            Suppression Events: 1
Time: 979.09, 
            Production Events: 0, 
            Suppression Events: 2
Time: 980.3, 
            Production Events: 0, 
            Suppression Events: 2
Time: 981.74, 
            Production Events: 0, 
            Suppression Events: 1
Time: 982.07, 
            Production Events: 0, 
            Suppression Events: 2
Time: 985.55, 
            Production Events: 0, 
            Suppression Events: 1
Time: 985.55, 
            Production Events: 0, 
            Suppression Events: 0
Time: 985.55, 
            Production Events: 0, 
            Suppression Events: 0
Time: 987.21, 
            Production Events: 0, 
            Suppression Events: 1
Time: 987.21, 
            Production Events: 0, 
            Suppression Events: 0
Time: 991.93, 
            Production Events: 0, 
            Suppression Events: 2
Time: 991.93, 
            Production Events: 0, 
            Suppression Events: 0
Time: 991.93, 
            Production Events: 0, 
            Suppression Events: 0
Time: 991.93, 
            Production Events: 0, 
            Suppression Events: 0
Time: 996.87, 
            Production Events: 0, 
            Suppression Events: 1
Time: 996.87, 
            Production Events: 0, 
            Suppression Events: 0
Time: 996.87, 
            Production Events: 0, 
            Suppression Events: 0
Time: 996.87, 
            Production Events: 0, 
            Suppression Events: 0
Time: 996.87, 
            Production Events: 0, 
            Suppression Events: 0
Time: 999.13, 
            Production Events: 0, 
            Suppression Events: 1
Time: 999.13, 
            Production Events: 0, 
            Suppression Events: 0
Time: 999.13, 
            Production Events: 0, 
            Suppression Events: 0
Time: 1000.13, 
            Production Events: 0, 
            Suppression Events: 2
Simulation completed:
  Final time: 1000.1342087317857
  Total events: 972
  Wall time: 10345.35 seconds

Saving simulation results with clean separation...
Task evolution saved to: 5t5b/5t5b_mfcsb/data/param_172_rep_1_2025-11-21_184402/states.csv
Events saved to: 5t5b/5t5b_mfcsb/data/param_172_rep_1_2025-11-21_184402/events.csv
Saving event log (raw and DataFrame)...
log DataFrame size: (977, 9)
short view:
59 DataFrame
 Row  time     bee1_id  bee2_id  task_id  task_1   task_2   task_3     task_4 
      Float64  Int64    Int64    Int64    Float64  Float64  Float64    Float6 

   1      0.0        1        0        0   0.1289   0.1018  0.195144    0.129 
   2      0.0        2        0        0   0.0857   0.1     0.0630762   0.105
   3      0.0        3        0        0   0.1014   0.0996  0.159342    0.100
   4      0.0        4        0        0   0.0987   0.0966  0.195375    0.157
   5      0.0        5        0        0   0.0794   0.0934  0.0823602   0.067 
                                                               2 columns omittedEvent log saved to: 5t5b/5t5b_mfcsb/data/param_172_rep_1_2025-11-21_184402/event_log.json
Event log DataFrame saved to: 5t5b/5t5b_mfcsb/data/param_172_rep_1_2025-11-21_184402/event_log.csv
Metadata and configuration saved to: 5t5b/5t5b_mfcsb/data/param_172_rep_1_2025-11-21_184402/config.json
Task index mapping saved to: 5t5b/5t5b_mfcsb/data/param_172_rep_1_2025-11-21_184402/task_index_mapping.json
All results saved to directory: 5t5b/5t5b_mfcsb/data/param_172_rep_1_2025-11-21_184402
Simulation completed successfully!
Job finished at: Fri Nov 21 09:37:07 PM CET 2025
