Job array started at: Fri Nov 21 03:32:32 PM CET 2025
Job ID: 10860430
Array Job ID: 10860410
Array Task ID: 17
Node: th-ws-970r18
Loading Julia module...
Module loaded: /software/opt/el_9/x86_64/julia/1.11.3/bin/julia
Changing to project directory...
Current directory: /scratch/n/N.Pfaffenzeller/nikolas_nethive/nethive_multiverse
Running parameter combination 17, replicate 1
Starting Julia simulation...
Running simulation with the following configuration:
  dataset_names: [:mnist, :cifar10, :svhn2, :fashion_mnist, :bank]
  param_id: 17
  n_bees: 5
  batch_size: 32
  replicate_id: 1
  punish_rate: 0.1
  punishment: time_out
  lambda_sensitivity: 10
  save_nn_epochs: 0
  production_rate: 1
  interaction_rate: 50
  batches_per_step: 50
  learning_rate: 1.0e-6
  max_output_dim: 10
  n_steps_per_epoch: 1
  dead_time: 10
  max_input_dim: 3072
  n_epochs: 1000
  seed: 1130022042

Starting simulation with configuration:
  dataset_names: [:mnist, :cifar10, :svhn2, :fashion_mnist, :bank]
  param_id: 17
  n_bees: 5
  batch_size: 32
  replicate_id: 1
  punish_rate: 0.1
  punishment: time_out
  lambda_sensitivity: 10
  save_nn_epochs: 0
  production_rate: 1
  interaction_rate: 50
  batches_per_step: 50
  run_timestamp: 2025-11-21T15:33:53.348
  learning_rate: 1.0e-6
  max_output_dim: 10
  n_steps_per_epoch: 1
  dead_time: 10
  max_input_dim: 3072
  n_epochs: 1000
  seed: 1130022042
Random seed: 1130022042

Starting simulation...
Time: 1.64, 
            Production Events: 2, 
            Suppression Events: 3
Time: 2.08, 
            Production Events: 1, 
            Suppression Events: 0
Time: 3.16, 
            Production Events: 0, 
            Suppression Events: 2
Time: 5.02, 
            Production Events: 0, 
            Suppression Events: 1
Time: 5.02, 
            Production Events: 0, 
            Suppression Events: 0
Time: 6.65, 
            Production Events: 3, 
            Suppression Events: 2
Time: 8.57, 
            Production Events: 1, 
            Suppression Events: 0
Time: 8.57, 
            Production Events: 0, 
            Suppression Events: 0
Time: 9.21, 
            Production Events: 0, 
            Suppression Events: 3
Time: 10.23, 
            Production Events: 0, 
            Suppression Events: 2
Time: 11.13, 
            Production Events: 2, 
            Suppression Events: 1
Time: 13.56, 
            Production Events: 0, 
            Suppression Events: 1
Time: 13.56, 
            Production Events: 0, 
            Suppression Events: 0
Time: 15.7, 
            Production Events: 0, 
            Suppression Events: 1
Time: 15.7, 
            Production Events: 0, 
            Suppression Events: 0
Time: 17.08, 
            Production Events: 0, 
            Suppression Events: 1
Time: 17.08, 
            Production Events: 0, 
            Suppression Events: 0
Time: 19.04, 
            Production Events: 0, 
            Suppression Events: 1
Time: 19.04, 
            Production Events: 0, 
            Suppression Events: 0
Time: 22.23, 
            Production Events: 1, 
            Suppression Events: 0
Time: 22.23, 
            Production Events: 0, 
            Suppression Events: 0
Time: 22.23, 
            Production Events: 0, 
            Suppression Events: 0
Time: 23.04, 
            Production Events: 0, 
            Suppression Events: 2
Time: 29.61, 
            Production Events: 1, 
            Suppression Events: 0
Time: 29.61, 
            Production Events: 0, 
            Suppression Events: 0
Time: 29.61, 
            Production Events: 0, 
            Suppression Events: 0
Time: 29.61, 
            Production Events: 0, 
            Suppression Events: 0
Time: 29.61, 
            Production Events: 0, 
            Suppression Events: 0
Time: 29.61, 
            Production Events: 0, 
            Suppression Events: 0
Time: 30.93, 
            Production Events: 1, 
            Suppression Events: 0
Time: 31.57, 
            Production Events: 1, 
            Suppression Events: 0
Time: 32.72, 
            Production Events: 1, 
            Suppression Events: 0
Time: 33.51, 
            Production Events: 0, 
            Suppression Events: 1
Time: 34.44, 
            Production Events: 1, 
            Suppression Events: 0
Time: 35.91, 
            Production Events: 1, 
            Suppression Events: 2
Time: 36.06, 
            Production Events: 0, 
            Suppression Events: 1
Time: 37.11, 
            Production Events: 1, 
            Suppression Events: 1
Time: 38.01, 
            Production Events: 1, 
            Suppression Events: 1
Time: 41.09, 
            Production Events: 1, 
            Suppression Events: 0
Time: 41.09, 
            Production Events: 0, 
            Suppression Events: 0
Time: 41.09, 
            Production Events: 0, 
            Suppression Events: 0
Time: 42.39, 
            Production Events: 1, 
            Suppression Events: 0
Time: 44.85, 
            Production Events: 0, 
            Suppression Events: 1
Time: 44.85, 
            Production Events: 0, 
            Suppression Events: 0
Time: 45.06, 
            Production Events: 0, 
            Suppression Events: 1
Time: 46.24, 
            Production Events: 1, 
            Suppression Events: 3
Time: 47.16, 
            Production Events: 0, 
            Suppression Events: 2
Time: 48.43, 
            Production Events: 0, 
            Suppression Events: 1
Time: 49.1, 
            Production Events: 0, 
            Suppression Events: 1
Time: 50.34, 
            Production Events: 1, 
            Suppression Events: 0
Time: 54.27, 
            Production Events: 1, 
            Suppression Events: 0
Time: 54.27, 
            Production Events: 0, 
            Suppression Events: 0
Time: 54.27, 
            Production Events: 0, 
            Suppression Events: 0
Time: 54.27, 
            Production Events: 0, 
            Suppression Events: 0
Time: 55.11, 
            Production Events: 0, 
            Suppression Events: 2
Time: 56.12, 
            Production Events: 1, 
            Suppression Events: 0
Time: 57.71, 
            Production Events: 0, 
            Suppression Events: 2
Time: 59.8, 
            Production Events: 0, 
            Suppression Events: 1
Time: 59.8, 
            Production Events: 0, 
            Suppression Events: 0
Time: 60.85, 
            Production Events: 1, 
            Suppression Events: 0
Time: 61.37, 
            Production Events: 0, 
            Suppression Events: 1
Time: 62.26, 
            Production Events: 1, 
            Suppression Events: 0
Time: 63.45, 
            Production Events: 0, 
            Suppression Events: 3
Time: 65.29, 
            Production Events: 0, 
            Suppression Events: 2
Time: 65.29, 
            Production Events: 0, 
            Suppression Events: 0
Time: 67.99, 
            Production Events: 1, 
            Suppression Events: 1
Time: 67.99, 
            Production Events: 0, 
            Suppression Events: 0
Time: 68.27, 
            Production Events: 0, 
            Suppression Events: 1
Time: 71.71, 
            Production Events: 0, 
            Suppression Events: 2
Time: 71.71, 
            Production Events: 0, 
            Suppression Events: 0
Time: 71.71, 
            Production Events: 0, 
            Suppression Events: 0
Time: 72.81, 
            Production Events: 0, 
            Suppression Events: 1
Time: 73.74, 
            Production Events: 0, 
            Suppression Events: 1
Time: 77.45, 
            Production Events: 1, 
            Suppression Events: 0
Time: 77.45, 
            Production Events: 0, 
            Suppression Events: 0
Time: 77.45, 
            Production Events: 0, 
            Suppression Events: 0
Time: 77.45, 
            Production Events: 0, 
            Suppression Events: 0
Time: 78.36, 
            Production Events: 2, 
            Suppression Events: 0
Time: 79.43, 
            Production Events: 1, 
            Suppression Events: 1
Time: 84.49, 
            Production Events: 1, 
            Suppression Events: 1
Time: 84.49, 
            Production Events: 0, 
            Suppression Events: 0
Time: 84.49, 
            Production Events: 0, 
            Suppression Events: 0
Time: 84.49, 
            Production Events: 0, 
            Suppression Events: 0
Time: 84.49, 
            Production Events: 0, 
            Suppression Events: 0
Time: 85.09, 
            Production Events: 1, 
            Suppression Events: 0
Time: 88.67, 
            Production Events: 0, 
            Suppression Events: 2
Time: 88.67, 
            Production Events: 0, 
            Suppression Events: 0
Time: 88.67, 
            Production Events: 0, 
            Suppression Events: 0
Time: 90.64, 
            Production Events: 0, 
            Suppression Events: 1
Time: 90.64, 
            Production Events: 0, 
            Suppression Events: 0
Time: 93.14, 
            Production Events: 1, 
            Suppression Events: 0
Time: 93.14, 
            Production Events: 0, 
            Suppression Events: 0
Time: 93.14, 
            Production Events: 0, 
            Suppression Events: 0
Time: 94.41, 
            Production Events: 1, 
            Suppression Events: 1
Time: 97.5, 
            Production Events: 1, 
            Suppression Events: 0
Time: 97.5, 
            Production Events: 0, 
            Suppression Events: 0
Time: 97.5, 
            Production Events: 0, 
            Suppression Events: 0
Time: 98.06, 
            Production Events: 0, 
            Suppression Events: 1
Time: 99.91, 
            Production Events: 2, 
            Suppression Events: 1
Time: 100.08, 
            Production Events: 0, 
            Suppression Events: 1
Time: 101.07, 
            Production Events: 1, 
            Suppression Events: 1
Time: 102.35, 
            Production Events: 1, 
            Suppression Events: 1
Time: 105.06, 
            Production Events: 1, 
            Suppression Events: 0
Time: 105.06, 
            Production Events: 0, 
            Suppression Events: 0
Time: 105.06, 
            Production Events: 0, 
            Suppression Events: 0
Time: 106.77, 
            Production Events: 1, 
            Suppression Events: 1
Time: 107.37, 
            Production Events: 1, 
            Suppression Events: 1
Time: 108.31, 
            Production Events: 1, 
            Suppression Events: 0
Time: 111.16, 
            Production Events: 1, 
            Suppression Events: 0
Time: 111.16, 
            Production Events: 0, 
            Suppression Events: 0
Time: 111.16, 
            Production Events: 0, 
            Suppression Events: 0
Time: 112.05, 
            Production Events: 3, 
            Suppression Events: 1
Time: 115.68, 
            Production Events: 2, 
            Suppression Events: 2
Time: 115.68, 
            Production Events: 0, 
            Suppression Events: 0
Time: 115.68, 
            Production Events: 0, 
            Suppression Events: 0
Time: 116.62, 
            Production Events: 0, 
            Suppression Events: 2
Time: 117.3, 
            Production Events: 1, 
            Suppression Events: 1
Time: 119.52, 
            Production Events: 0, 
            Suppression Events: 1
Time: 119.52, 
            Production Events: 0, 
            Suppression Events: 0
Time: 121.78, 
            Production Events: 0, 
            Suppression Events: 1
Time: 121.78, 
            Production Events: 0, 
            Suppression Events: 0
Time: 122.65, 
            Production Events: 1, 
            Suppression Events: 0
Time: 123.44, 
            Production Events: 2, 
            Suppression Events: 1
Time: 124.08, 
            Production Events: 1, 
            Suppression Events: 1
Time: 126.08, 
            Production Events: 0, 
            Suppression Events: 1
Time: 126.08, 
            Production Events: 0, 
            Suppression Events: 0
Time: 127.54, 
            Production Events: 0, 
            Suppression Events: 4
Time: 128.36, 
            Production Events: 0, 
            Suppression Events: 2
Time: 129.28, 
            Production Events: 1, 
            Suppression Events: 1
Time: 131.47, 
            Production Events: 0, 
            Suppression Events: 1
Time: 131.47, 
            Production Events: 0, 
            Suppression Events: 0
Time: 132.5, 
            Production Events: 0, 
            Suppression Events: 1
Time: 133.82, 
            Production Events: 1, 
            Suppression Events: 0
Time: 134.02, 
            Production Events: 1, 
            Suppression Events: 0
Time: 136.52, 
            Production Events: 0, 
            Suppression Events: 2
Time: 136.52, 
            Production Events: 0, 
            Suppression Events: 0
Time: 138.11, 
            Production Events: 0, 
            Suppression Events: 1
Time: 138.11, 
            Production Events: 0, 
            Suppression Events: 0
Time: 139.37, 
            Production Events: 0, 
            Suppression Events: 1
Time: 140.08, 
            Production Events: 1, 
            Suppression Events: 0
Time: 141.95, 
            Production Events: 0, 
            Suppression Events: 1
Time: 143.52, 
            Production Events: 1, 
            Suppression Events: 0
Time: 143.52, 
            Production Events: 0, 
            Suppression Events: 0
Time: 145.04, 
            Production Events: 1, 
            Suppression Events: 0
Time: 145.04, 
            Production Events: 0, 
            Suppression Events: 0
Time: 146.45, 
            Production Events: 1, 
            Suppression Events: 0
Time: 147.97, 
            Production Events: 2, 
            Suppression Events: 0
Time: 149.34, 
            Production Events: 1, 
            Suppression Events: 0
Time: 149.34, 
            Production Events: 0, 
            Suppression Events: 0
Time: 150.07, 
            Production Events: 1, 
            Suppression Events: 1
Time: 151.09, 
            Production Events: 1, 
            Suppression Events: 1
Time: 152.9, 
            Production Events: 2, 
            Suppression Events: 0
Time: 153.2, 
            Production Events: 0, 
            Suppression Events: 1
Time: 154.03, 
            Production Events: 0, 
            Suppression Events: 1
Time: 155.82, 
            Production Events: 0, 
            Suppression Events: 1
Time: 156.36, 
            Production Events: 0, 
            Suppression Events: 1
Time: 157.28, 
            Production Events: 0, 
            Suppression Events: 1
Time: 158.68, 
            Production Events: 0, 
            Suppression Events: 1
Time: 159.93, 
            Production Events: 0, 
            Suppression Events: 1
Time: 160.13, 
            Production Events: 0, 
            Suppression Events: 1
Time: 162.21, 
            Production Events: 1, 
            Suppression Events: 1
Time: 162.21, 
            Production Events: 0, 
            Suppression Events: 0
Time: 163.4, 
            Production Events: 0, 
            Suppression Events: 1
Time: 165.97, 
            Production Events: 0, 
            Suppression Events: 1
Time: 165.97, 
            Production Events: 0, 
            Suppression Events: 0
Time: 166.82, 
            Production Events: 0, 
            Suppression Events: 1
Time: 167.21, 
            Production Events: 0, 
            Suppression Events: 1
Time: 169.55, 
            Production Events: 1, 
            Suppression Events: 0
Time: 169.55, 
            Production Events: 0, 
            Suppression Events: 0
Time: 171.36, 
            Production Events: 1, 
            Suppression Events: 1
Time: 171.36, 
            Production Events: 0, 
            Suppression Events: 0
Time: 172.62, 
            Production Events: 0, 
            Suppression Events: 1
Time: 174.35, 
            Production Events: 1, 
            Suppression Events: 1
Time: 174.35, 
            Production Events: 0, 
            Suppression Events: 0
Time: 175.05, 
            Production Events: 0, 
            Suppression Events: 1
Time: 176.62, 
            Production Events: 2, 
            Suppression Events: 3
Time: 177.32, 
            Production Events: 0, 
            Suppression Events: 1
Time: 178.26, 
            Production Events: 2, 
            Suppression Events: 1
Time: 179.59, 
            Production Events: 0, 
            Suppression Events: 2
Time: 184.05, 
            Production Events: 0, 
            Suppression Events: 2
Time: 184.05, 
            Production Events: 0, 
            Suppression Events: 0
Time: 184.05, 
            Production Events: 0, 
            Suppression Events: 0
Time: 184.05, 
            Production Events: 0, 
            Suppression Events: 0
Time: 184.05, 
            Production Events: 0, 
            Suppression Events: 0
Time: 185.14, 
            Production Events: 2, 
            Suppression Events: 1
Time: 187.55, 
            Production Events: 1, 
            Suppression Events: 1
Time: 187.55, 
            Production Events: 0, 
            Suppression Events: 0
Time: 188.83, 
            Production Events: 0, 
            Suppression Events: 1
Time: 189.36, 
            Production Events: 0, 
            Suppression Events: 1
Time: 191.01, 
            Production Events: 1, 
            Suppression Events: 1
Time: 191.01, 
            Production Events: 0, 
            Suppression Events: 0
Time: 192.25, 
            Production Events: 0, 
            Suppression Events: 2
Time: 193.71, 
            Production Events: 0, 
            Suppression Events: 1
Time: 194.36, 
            Production Events: 2, 
            Suppression Events: 0
Time: 195.79, 
            Production Events: 1, 
            Suppression Events: 0
Time: 196.56, 
            Production Events: 0, 
            Suppression Events: 1
Time: 197.96, 
            Production Events: 0, 
            Suppression Events: 2
Time: 199.58, 
            Production Events: 0, 
            Suppression Events: 1
Time: 199.58, 
            Production Events: 0, 
            Suppression Events: 0
Time: 200.77, 
            Production Events: 0, 
            Suppression Events: 3
Time: 203.61, 
            Production Events: 0, 
            Suppression Events: 1
Time: 203.61, 
            Production Events: 0, 
            Suppression Events: 0
Time: 203.61, 
            Production Events: 0, 
            Suppression Events: 0
Time: 204.14, 
            Production Events: 0, 
            Suppression Events: 1
Time: 205.81, 
            Production Events: 1, 
            Suppression Events: 2
Time: 206.4, 
            Production Events: 1, 
            Suppression Events: 0
Time: 210.21, 
            Production Events: 0, 
            Suppression Events: 1
Time: 210.21, 
            Production Events: 0, 
            Suppression Events: 0
Time: 210.21, 
            Production Events: 0, 
            Suppression Events: 0
Time: 210.21, 
            Production Events: 0, 
            Suppression Events: 0
Time: 211.01, 
            Production Events: 1, 
            Suppression Events: 2
Time: 212.92, 
            Production Events: 1, 
            Suppression Events: 0
Time: 213.79, 
            Production Events: 0, 
            Suppression Events: 1
Time: 214.43, 
            Production Events: 1, 
            Suppression Events: 0
Time: 215.27, 
            Production Events: 1, 
            Suppression Events: 0
Time: 216.35, 
            Production Events: 0, 
            Suppression Events: 1
Time: 217.44, 
            Production Events: 0, 
            Suppression Events: 1
Time: 218.42, 
            Production Events: 1, 
            Suppression Events: 1
Time: 219.29, 
            Production Events: 0, 
            Suppression Events: 1
Time: 222.43, 
            Production Events: 0, 
            Suppression Events: 1
Time: 222.43, 
            Production Events: 0, 
            Suppression Events: 0
Time: 222.43, 
            Production Events: 0, 
            Suppression Events: 0
Time: 224.81, 
            Production Events: 1, 
            Suppression Events: 1
Time: 224.81, 
            Production Events: 0, 
            Suppression Events: 0
Time: 230.56, 
            Production Events: 0, 
            Suppression Events: 1
Time: 230.56, 
            Production Events: 0, 
            Suppression Events: 0
Time: 230.56, 
            Production Events: 0, 
            Suppression Events: 0
Time: 230.56, 
            Production Events: 0, 
            Suppression Events: 0
Time: 230.56, 
            Production Events: 0, 
            Suppression Events: 0
Time: 230.56, 
            Production Events: 0, 
            Suppression Events: 0
Time: 232.71, 
            Production Events: 0, 
            Suppression Events: 3
Time: 232.71, 
            Production Events: 0, 
            Suppression Events: 0
Time: 233.13, 
            Production Events: 1, 
            Suppression Events: 0
Time: 235.38, 
            Production Events: 0, 
            Suppression Events: 3
Time: 235.38, 
            Production Events: 0, 
            Suppression Events: 0
Time: 236.03, 
            Production Events: 1, 
            Suppression Events: 0
Time: 241.72, 
            Production Events: 0, 
            Suppression Events: 1
Time: 241.72, 
            Production Events: 0, 
            Suppression Events: 0
Time: 241.72, 
            Production Events: 0, 
            Suppression Events: 0
Time: 241.72, 
            Production Events: 0, 
            Suppression Events: 0
Time: 241.72, 
            Production Events: 0, 
            Suppression Events: 0
Time: 245.07, 
            Production Events: 1, 
            Suppression Events: 1
Time: 245.07, 
            Production Events: 0, 
            Suppression Events: 0
Time: 245.07, 
            Production Events: 0, 
            Suppression Events: 0
Time: 245.07, 
            Production Events: 0, 
            Suppression Events: 0
Time: 246.44, 
            Production Events: 0, 
            Suppression Events: 2
Time: 247.32, 
            Production Events: 0, 
            Suppression Events: 1
Time: 248.5, 
            Production Events: 0, 
            Suppression Events: 1
Time: 249.38, 
            Production Events: 0, 
            Suppression Events: 2
Time: 250.38, 
            Production Events: 0, 
            Suppression Events: 1
Time: 251.92, 
            Production Events: 0, 
            Suppression Events: 1
Time: 252.84, 
            Production Events: 2, 
            Suppression Events: 0
Time: 253.25, 
            Production Events: 0, 
            Suppression Events: 1
Time: 254.35, 
            Production Events: 0, 
            Suppression Events: 1
Time: 255.14, 
            Production Events: 0, 
            Suppression Events: 1
Time: 256.68, 
            Production Events: 1, 
            Suppression Events: 0
Time: 257.96, 
            Production Events: 0, 
            Suppression Events: 2
Time: 261.03, 
            Production Events: 0, 
            Suppression Events: 1
Time: 261.03, 
            Production Events: 0, 
            Suppression Events: 0
Time: 261.03, 
            Production Events: 0, 
            Suppression Events: 0
Time: 261.03, 
            Production Events: 0, 
            Suppression Events: 0
Time: 265.48, 
            Production Events: 2, 
            Suppression Events: 1
Time: 265.48, 
            Production Events: 0, 
            Suppression Events: 0
Time: 265.48, 
            Production Events: 0, 
            Suppression Events: 0
Time: 265.48, 
            Production Events: 0, 
            Suppression Events: 0
Time: 267.12, 
            Production Events: 0, 
            Suppression Events: 1
Time: 267.12, 
            Production Events: 0, 
            Suppression Events: 0
Time: 269.45, 
            Production Events: 1, 
            Suppression Events: 0
Time: 269.45, 
            Production Events: 0, 
            Suppression Events: 0
Time: 270.97, 
            Production Events: 0, 
            Suppression Events: 1
Time: 271.17, 
            Production Events: 1, 
            Suppression Events: 0
Time: 272.1, 
            Production Events: 3, 
            Suppression Events: 1
Time: 274.53, 
            Production Events: 0, 
            Suppression Events: 1
Time: 274.53, 
            Production Events: 0, 
            Suppression Events: 0
Time: 275.04, 
            Production Events: 0, 
            Suppression Events: 1
Time: 277.43, 
            Production Events: 1, 
            Suppression Events: 2
Time: 277.43, 
            Production Events: 0, 
            Suppression Events: 0
Time: 278.11, 
            Production Events: 0, 
            Suppression Events: 1
Time: 279.42, 
            Production Events: 0, 
            Suppression Events: 1
Time: 280.76, 
            Production Events: 0, 
            Suppression Events: 1
Time: 281.91, 
            Production Events: 0, 
            Suppression Events: 1
Time: 282.26, 
            Production Events: 1, 
            Suppression Events: 0
Time: 284.15, 
            Production Events: 0, 
            Suppression Events: 2
Time: 284.15, 
            Production Events: 0, 
            Suppression Events: 0
Time: 285.42, 
            Production Events: 2, 
            Suppression Events: 1
Time: 286.29, 
            Production Events: 0, 
            Suppression Events: 1
Time: 287.25, 
            Production Events: 1, 
            Suppression Events: 2
Time: 290.98, 
            Production Events: 0, 
            Suppression Events: 2
Time: 290.98, 
            Production Events: 0, 
            Suppression Events: 0
Time: 290.98, 
            Production Events: 0, 
            Suppression Events: 0
Time: 292.41, 
            Production Events: 1, 
            Suppression Events: 0
Time: 292.41, 
            Production Events: 0, 
            Suppression Events: 0
Time: 294.97, 
            Production Events: 1, 
            Suppression Events: 0
Time: 294.97, 
            Production Events: 0, 
            Suppression Events: 0
Time: 296.88, 
            Production Events: 1, 
            Suppression Events: 0
Time: 296.88, 
            Production Events: 0, 
            Suppression Events: 0
Time: 297.33, 
            Production Events: 1, 
            Suppression Events: 0
Time: 299.75, 
            Production Events: 0, 
            Suppression Events: 2
Time: 299.75, 
            Production Events: 0, 
            Suppression Events: 0
Time: 300.43, 
            Production Events: 0, 
            Suppression Events: 2
Time: 303.3, 
            Production Events: 0, 
            Suppression Events: 2
Time: 303.3, 
            Production Events: 0, 
            Suppression Events: 0
Time: 303.3, 
            Production Events: 0, 
            Suppression Events: 0
Time: 306.64, 
            Production Events: 0, 
            Suppression Events: 2
Time: 306.64, 
            Production Events: 0, 
            Suppression Events: 0
Time: 306.64, 
            Production Events: 0, 
            Suppression Events: 0
Time: 307.39, 
            Production Events: 0, 
            Suppression Events: 2
Time: 308.67, 
            Production Events: 0, 
            Suppression Events: 1
Time: 309.11, 
            Production Events: 0, 
            Suppression Events: 1
Time: 310.32, 
            Production Events: 2, 
            Suppression Events: 0
Time: 312.12, 
            Production Events: 0, 
            Suppression Events: 1
Time: 312.12, 
            Production Events: 0, 
            Suppression Events: 0
Time: 314.2, 
            Production Events: 0, 
            Suppression Events: 2
Time: 314.2, 
            Production Events: 0, 
            Suppression Events: 0
Time: 315.69, 
            Production Events: 0, 
            Suppression Events: 1
Time: 317.07, 
            Production Events: 1, 
            Suppression Events: 0
Time: 317.07, 
            Production Events: 0, 
            Suppression Events: 0
Time: 318.29, 
            Production Events: 1, 
            Suppression Events: 0
Time: 319.27, 
            Production Events: 0, 
            Suppression Events: 1
Time: 320.04, 
            Production Events: 0, 
            Suppression Events: 1
Time: 322.7, 
            Production Events: 1, 
            Suppression Events: 2
Time: 322.7, 
            Production Events: 0, 
            Suppression Events: 0
Time: 323.59, 
            Production Events: 0, 
            Suppression Events: 1
Time: 325.85, 
            Production Events: 1, 
            Suppression Events: 0
Time: 325.85, 
            Production Events: 0, 
            Suppression Events: 0
Time: 326.01, 
            Production Events: 0, 
            Suppression Events: 2
Time: 327.04, 
            Production Events: 0, 
            Suppression Events: 2
Time: 329.58, 
            Production Events: 0, 
            Suppression Events: 1
Time: 329.58, 
            Production Events: 0, 
            Suppression Events: 0
Time: 330.08, 
            Production Events: 0, 
            Suppression Events: 2
Time: 331.17, 
            Production Events: 1, 
            Suppression Events: 2
Time: 332.25, 
            Production Events: 0, 
            Suppression Events: 2
Time: 333.24, 
            Production Events: 1, 
            Suppression Events: 0
Time: 334.02, 
            Production Events: 0, 
            Suppression Events: 2
Time: 335.27, 
            Production Events: 0, 
            Suppression Events: 1
Time: 336.09, 
            Production Events: 1, 
            Suppression Events: 0
Time: 337.77, 
            Production Events: 1, 
            Suppression Events: 1
Time: 339.5, 
            Production Events: 1, 
            Suppression Events: 0
Time: 339.5, 
            Production Events: 0, 
            Suppression Events: 0
Time: 340.53, 
            Production Events: 1, 
            Suppression Events: 2
Time: 345.24, 
            Production Events: 2, 
            Suppression Events: 0
Time: 345.24, 
            Production Events: 0, 
            Suppression Events: 0
Time: 345.24, 
            Production Events: 0, 
            Suppression Events: 0
Time: 345.24, 
            Production Events: 0, 
            Suppression Events: 0
Time: 345.24, 
            Production Events: 0, 
            Suppression Events: 0
Time: 346.86, 
            Production Events: 0, 
            Suppression Events: 1
Time: 347.06, 
            Production Events: 0, 
            Suppression Events: 1
Time: 348.99, 
            Production Events: 2, 
            Suppression Events: 2
Time: 349.34, 
            Production Events: 0, 
            Suppression Events: 1
Time: 350.04, 
            Production Events: 1, 
            Suppression Events: 1
Time: 351.56, 
            Production Events: 1, 
            Suppression Events: 0
Time: 354.62, 
            Production Events: 1, 
            Suppression Events: 0
Time: 354.62, 
            Production Events: 0, 
            Suppression Events: 0
Time: 354.62, 
            Production Events: 0, 
            Suppression Events: 0
Time: 355.32, 
            Production Events: 0, 
            Suppression Events: 1
Time: 356.82, 
            Production Events: 1, 
            Suppression Events: 1
Time: 357.8, 
            Production Events: 2, 
            Suppression Events: 0
Time: 358.31, 
            Production Events: 1, 
            Suppression Events: 1
Time: 359.35, 
            Production Events: 1, 
            Suppression Events: 3
Time: 360.22, 
            Production Events: 1, 
            Suppression Events: 1
Time: 361.09, 
            Production Events: 1, 
            Suppression Events: 1
Time: 363.84, 
            Production Events: 1, 
            Suppression Events: 3
Time: 363.84, 
            Production Events: 0, 
            Suppression Events: 0
Time: 365.36, 
            Production Events: 1, 
            Suppression Events: 0
Time: 365.36, 
            Production Events: 0, 
            Suppression Events: 0
Time: 368.05, 
            Production Events: 0, 
            Suppression Events: 3
Time: 368.05, 
            Production Events: 0, 
            Suppression Events: 0
Time: 368.05, 
            Production Events: 0, 
            Suppression Events: 0
Time: 370.69, 
            Production Events: 1, 
            Suppression Events: 0
Time: 370.69, 
            Production Events: 0, 
            Suppression Events: 0
Time: 371.62, 
            Production Events: 1, 
            Suppression Events: 2
Time: 372.5, 
            Production Events: 1, 
            Suppression Events: 0
Time: 373.8, 
            Production Events: 0, 
            Suppression Events: 1
Time: 375.42, 
            Production Events: 0, 
            Suppression Events: 1
Time: 375.42, 
            Production Events: 0, 
            Suppression Events: 0
Time: 377.09, 
            Production Events: 1, 
            Suppression Events: 1
Time: 377.09, 
            Production Events: 0, 
            Suppression Events: 0
Time: 381.28, 
            Production Events: 1, 
            Suppression Events: 2
Time: 381.28, 
            Production Events: 0, 
            Suppression Events: 0
Time: 381.28, 
            Production Events: 0, 
            Suppression Events: 0
Time: 381.28, 
            Production Events: 0, 
            Suppression Events: 0
Time: 382.01, 
            Production Events: 2, 
            Suppression Events: 0
Time: 384.11, 
            Production Events: 0, 
            Suppression Events: 2
Time: 384.11, 
            Production Events: 0, 
            Suppression Events: 0
Time: 386.52, 
            Production Events: 0, 
            Suppression Events: 1
Time: 386.52, 
            Production Events: 0, 
            Suppression Events: 0
Time: 387.58, 
            Production Events: 0, 
            Suppression Events: 1
Time: 390.14, 
            Production Events: 0, 
            Suppression Events: 2
Time: 390.14, 
            Production Events: 0, 
            Suppression Events: 0
Time: 390.14, 
            Production Events: 0, 
            Suppression Events: 0
Time: 391.48, 
            Production Events: 0, 
            Suppression Events: 2
Time: 392.49, 
            Production Events: 0, 
            Suppression Events: 1
Time: 393.37, 
            Production Events: 0, 
            Suppression Events: 1
Time: 394.58, 
            Production Events: 1, 
            Suppression Events: 0
Time: 396.66, 
            Production Events: 1, 
            Suppression Events: 1
Time: 396.66, 
            Production Events: 0, 
            Suppression Events: 0
Time: 397.98, 
            Production Events: 0, 
            Suppression Events: 1
Time: 400.35, 
            Production Events: 0, 
            Suppression Events: 1
Time: 400.35, 
            Production Events: 0, 
            Suppression Events: 0
Time: 400.35, 
            Production Events: 0, 
            Suppression Events: 0
Time: 401.46, 
            Production Events: 0, 
            Suppression Events: 1
Time: 402.45, 
            Production Events: 0, 
            Suppression Events: 1
Time: 403.99, 
            Production Events: 1, 
            Suppression Events: 2
Time: 404.36, 
            Production Events: 0, 
            Suppression Events: 1
Time: 405.75, 
            Production Events: 0, 
            Suppression Events: 1
Time: 406.11, 
            Production Events: 0, 
            Suppression Events: 1
Time: 407.13, 
            Production Events: 0, 
            Suppression Events: 1
Time: 409.58, 
            Production Events: 0, 
            Suppression Events: 1
Time: 409.58, 
            Production Events: 0, 
            Suppression Events: 0
Time: 411.24, 
            Production Events: 0, 
            Suppression Events: 1
Time: 411.24, 
            Production Events: 0, 
            Suppression Events: 0
Time: 412.11, 
            Production Events: 0, 
            Suppression Events: 1
Time: 413.47, 
            Production Events: 0, 
            Suppression Events: 1
Time: 415.48, 
            Production Events: 0, 
            Suppression Events: 1
Time: 415.48, 
            Production Events: 0, 
            Suppression Events: 0
Time: 416.71, 
            Production Events: 0, 
            Suppression Events: 1
Time: 418.51, 
            Production Events: 1, 
            Suppression Events: 0
Time: 418.51, 
            Production Events: 0, 
            Suppression Events: 0
Time: 419.56, 
            Production Events: 0, 
            Suppression Events: 2
Time: 422.3, 
            Production Events: 0, 
            Suppression Events: 2
Time: 422.3, 
            Production Events: 0, 
            Suppression Events: 0
Time: 422.3, 
            Production Events: 0, 
            Suppression Events: 0
Time: 423.77, 
            Production Events: 0, 
            Suppression Events: 2
Time: 426.0, 
            Production Events: 1, 
            Suppression Events: 0
Time: 426.0, 
            Production Events: 0, 
            Suppression Events: 0
Time: 427.63, 
            Production Events: 0, 
            Suppression Events: 1
Time: 427.63, 
            Production Events: 0, 
            Suppression Events: 0
Time: 430.47, 
            Production Events: 0, 
            Suppression Events: 1
Time: 430.47, 
            Production Events: 0, 
            Suppression Events: 0
Time: 430.47, 
            Production Events: 0, 
            Suppression Events: 0
Time: 432.32, 
            Production Events: 0, 
            Suppression Events: 1
Time: 432.32, 
            Production Events: 0, 
            Suppression Events: 0
Time: 438.11, 
            Production Events: 0, 
            Suppression Events: 3
Time: 438.11, 
            Production Events: 0, 
            Suppression Events: 0
Time: 438.11, 
            Production Events: 0, 
            Suppression Events: 0
Time: 438.11, 
            Production Events: 0, 
            Suppression Events: 0
Time: 438.11, 
            Production Events: 0, 
            Suppression Events: 0
Time: 438.11, 
            Production Events: 0, 
            Suppression Events: 0
Time: 439.07, 
            Production Events: 0, 
            Suppression Events: 2
Time: 440.71, 
            Production Events: 0, 
            Suppression Events: 1
Time: 442.07, 
            Production Events: 0, 
            Suppression Events: 2
Time: 442.07, 
            Production Events: 0, 
            Suppression Events: 0
Time: 443.1, 
            Production Events: 0, 
            Suppression Events: 1
Time: 448.01, 
            Production Events: 0, 
            Suppression Events: 2
Time: 448.01, 
            Production Events: 0, 
            Suppression Events: 0
Time: 448.01, 
            Production Events: 0, 
            Suppression Events: 0
Time: 448.01, 
            Production Events: 0, 
            Suppression Events: 0
Time: 448.01, 
            Production Events: 0, 
            Suppression Events: 0
Time: 450.19, 
            Production Events: 1, 
            Suppression Events: 1
Time: 450.19, 
            Production Events: 0, 
            Suppression Events: 0
Time: 452.49, 
            Production Events: 1, 
            Suppression Events: 2
Time: 452.49, 
            Production Events: 0, 
            Suppression Events: 0
Time: 453.09, 
            Production Events: 2, 
            Suppression Events: 0
Time: 455.16, 
            Production Events: 0, 
            Suppression Events: 1
Time: 455.16, 
            Production Events: 0, 
            Suppression Events: 0
Time: 456.0, 
            Production Events: 1, 
            Suppression Events: 0
Time: 458.39, 
            Production Events: 0, 
            Suppression Events: 3
Time: 458.39, 
            Production Events: 0, 
            Suppression Events: 0
Time: 459.02, 
            Production Events: 1, 
            Suppression Events: 0
Time: 460.67, 
            Production Events: 1, 
            Suppression Events: 3
Time: 461.28, 
            Production Events: 0, 
            Suppression Events: 1
Time: 462.04, 
            Production Events: 0, 
            Suppression Events: 1
Time: 464.1, 
            Production Events: 1, 
            Suppression Events: 0
Time: 464.1, 
            Production Events: 0, 
            Suppression Events: 0
Time: 466.54, 
            Production Events: 0, 
            Suppression Events: 1
Time: 466.54, 
            Production Events: 0, 
            Suppression Events: 0
Time: 467.11, 
            Production Events: 0, 
            Suppression Events: 1
Time: 470.06, 
            Production Events: 1, 
            Suppression Events: 2
Time: 470.06, 
            Production Events: 0, 
            Suppression Events: 0
Time: 470.06, 
            Production Events: 0, 
            Suppression Events: 0
Time: 472.61, 
            Production Events: 0, 
            Suppression Events: 1
Time: 472.61, 
            Production Events: 0, 
            Suppression Events: 0
Time: 473.93, 
            Production Events: 0, 
            Suppression Events: 1
Time: 474.94, 
            Production Events: 1, 
            Suppression Events: 0
Time: 475.14, 
            Production Events: 0, 
            Suppression Events: 1
Time: 476.21, 
            Production Events: 1, 
            Suppression Events: 0
Time: 481.18, 
            Production Events: 0, 
            Suppression Events: 3
Time: 481.18, 
            Production Events: 0, 
            Suppression Events: 0
Time: 481.18, 
            Production Events: 0, 
            Suppression Events: 0
Time: 481.18, 
            Production Events: 0, 
            Suppression Events: 0
Time: 481.18, 
            Production Events: 0, 
            Suppression Events: 0
Time: 483.33, 
            Production Events: 0, 
            Suppression Events: 1
Time: 483.33, 
            Production Events: 0, 
            Suppression Events: 0
Time: 484.05, 
            Production Events: 0, 
            Suppression Events: 1
Time: 486.54, 
            Production Events: 2, 
            Suppression Events: 0
Time: 486.54, 
            Production Events: 0, 
            Suppression Events: 0
Time: 487.49, 
            Production Events: 1, 
            Suppression Events: 1
Time: 488.19, 
            Production Events: 0, 
            Suppression Events: 1
Time: 490.23, 
            Production Events: 0, 
            Suppression Events: 1
Time: 490.23, 
            Production Events: 0, 
            Suppression Events: 0
Time: 491.12, 
            Production Events: 2, 
            Suppression Events: 0
Time: 492.56, 
            Production Events: 1, 
            Suppression Events: 1
Time: 493.88, 
            Production Events: 0, 
            Suppression Events: 1
Time: 494.62, 
            Production Events: 0, 
            Suppression Events: 1
Time: 495.89, 
            Production Events: 0, 
            Suppression Events: 2
Time: 496.97, 
            Production Events: 0, 
            Suppression Events: 2
Time: 499.12, 
            Production Events: 0, 
            Suppression Events: 1
Time: 499.12, 
            Production Events: 0, 
            Suppression Events: 0
Time: 499.12, 
            Production Events: 0, 
            Suppression Events: 0
Time: 501.91, 
            Production Events: 0, 
            Suppression Events: 2
Time: 501.91, 
            Production Events: 0, 
            Suppression Events: 0
Time: 502.05, 
            Production Events: 0, 
            Suppression Events: 1
Time: 503.27, 
            Production Events: 0, 
            Suppression Events: 1
Time: 504.24, 
            Production Events: 0, 
            Suppression Events: 3
Time: 506.91, 
            Production Events: 0, 
            Suppression Events: 1
Time: 506.91, 
            Production Events: 0, 
            Suppression Events: 0
Time: 509.02, 
            Production Events: 0, 
            Suppression Events: 1
Time: 509.02, 
            Production Events: 0, 
            Suppression Events: 0
Time: 509.02, 
            Production Events: 0, 
            Suppression Events: 0
Time: 510.11, 
            Production Events: 0, 
            Suppression Events: 1
Time: 511.28, 
            Production Events: 0, 
            Suppression Events: 1
Time: 512.58, 
            Production Events: 0, 
            Suppression Events: 2
Time: 516.74, 
            Production Events: 1, 
            Suppression Events: 2
Time: 516.74, 
            Production Events: 0, 
            Suppression Events: 0
Time: 516.74, 
            Production Events: 0, 
            Suppression Events: 0
Time: 516.74, 
            Production Events: 0, 
            Suppression Events: 0
Time: 517.73, 
            Production Events: 0, 
            Suppression Events: 2
Time: 518.4, 
            Production Events: 0, 
            Suppression Events: 2
Time: 519.12, 
            Production Events: 1, 
            Suppression Events: 2
Time: 520.13, 
            Production Events: 0, 
            Suppression Events: 2
Time: 521.14, 
            Production Events: 0, 
            Suppression Events: 1
Time: 522.81, 
            Production Events: 0, 
            Suppression Events: 1
Time: 523.04, 
            Production Events: 0, 
            Suppression Events: 1
Time: 524.37, 
            Production Events: 0, 
            Suppression Events: 1
Time: 526.83, 
            Production Events: 0, 
            Suppression Events: 4
Time: 526.83, 
            Production Events: 0, 
            Suppression Events: 0
Time: 529.38, 
            Production Events: 0, 
            Suppression Events: 1
Time: 529.38, 
            Production Events: 0, 
            Suppression Events: 0
Time: 529.38, 
            Production Events: 0, 
            Suppression Events: 0
Time: 531.34, 
            Production Events: 1, 
            Suppression Events: 0
Time: 531.34, 
            Production Events: 0, 
            Suppression Events: 0
Time: 532.35, 
            Production Events: 0, 
            Suppression Events: 1
Time: 533.07, 
            Production Events: 0, 
            Suppression Events: 1
Time: 534.4, 
            Production Events: 0, 
            Suppression Events: 3
Time: 535.65, 
            Production Events: 0, 
            Suppression Events: 3
Time: 536.59, 
            Production Events: 0, 
            Suppression Events: 1
Time: 538.31, 
            Production Events: 1, 
            Suppression Events: 0
Time: 538.31, 
            Production Events: 0, 
            Suppression Events: 0
Time: 540.61, 
            Production Events: 1, 
            Suppression Events: 2
Time: 540.61, 
            Production Events: 0, 
            Suppression Events: 0
Time: 542.19, 
            Production Events: 1, 
            Suppression Events: 0
Time: 542.19, 
            Production Events: 0, 
            Suppression Events: 0
Time: 544.08, 
            Production Events: 1, 
            Suppression Events: 1
Time: 544.08, 
            Production Events: 0, 
            Suppression Events: 0
Time: 546.09, 
            Production Events: 0, 
            Suppression Events: 2
Time: 546.09, 
            Production Events: 0, 
            Suppression Events: 0
Time: 547.13, 
            Production Events: 2, 
            Suppression Events: 1
Time: 548.71, 
            Production Events: 1, 
            Suppression Events: 1
Time: 549.85, 
            Production Events: 0, 
            Suppression Events: 1
Time: 550.44, 
            Production Events: 0, 
            Suppression Events: 1
Time: 552.73, 
            Production Events: 1, 
            Suppression Events: 0
Time: 552.73, 
            Production Events: 0, 
            Suppression Events: 0
Time: 553.09, 
            Production Events: 0, 
            Suppression Events: 1
Time: 554.43, 
            Production Events: 0, 
            Suppression Events: 1
Time: 556.17, 
            Production Events: 0, 
            Suppression Events: 2
Time: 556.17, 
            Production Events: 0, 
            Suppression Events: 0
Time: 557.0, 
            Production Events: 0, 
            Suppression Events: 2
Time: 558.16, 
            Production Events: 0, 
            Suppression Events: 1
Time: 560.26, 
            Production Events: 0, 
            Suppression Events: 2
Time: 560.26, 
            Production Events: 0, 
            Suppression Events: 0
Time: 561.31, 
            Production Events: 1, 
            Suppression Events: 1
Time: 563.47, 
            Production Events: 0, 
            Suppression Events: 2
Time: 563.47, 
            Production Events: 0, 
            Suppression Events: 0
Time: 565.73, 
            Production Events: 0, 
            Suppression Events: 1
Time: 565.73, 
            Production Events: 0, 
            Suppression Events: 0
Time: 566.62, 
            Production Events: 0, 
            Suppression Events: 1
Time: 568.98, 
            Production Events: 0, 
            Suppression Events: 1
Time: 568.98, 
            Production Events: 0, 
            Suppression Events: 0
Time: 570.87, 
            Production Events: 0, 
            Suppression Events: 1
Time: 570.87, 
            Production Events: 0, 
            Suppression Events: 0
Time: 571.44, 
            Production Events: 0, 
            Suppression Events: 1
Time: 572.24, 
            Production Events: 1, 
            Suppression Events: 0
Time: 574.56, 
            Production Events: 1, 
            Suppression Events: 2
Time: 574.56, 
            Production Events: 0, 
            Suppression Events: 0
Time: 575.23, 
            Production Events: 0, 
            Suppression Events: 2
Time: 576.67, 
            Production Events: 0, 
            Suppression Events: 2
Time: 577.62, 
            Production Events: 1, 
            Suppression Events: 0
Time: 578.22, 
            Production Events: 0, 
            Suppression Events: 3
Time: 579.29, 
            Production Events: 0, 
            Suppression Events: 1
Time: 582.19, 
            Production Events: 0, 
            Suppression Events: 1
Time: 582.19, 
            Production Events: 0, 
            Suppression Events: 0
Time: 582.19, 
            Production Events: 0, 
            Suppression Events: 0
Time: 583.3, 
            Production Events: 1, 
            Suppression Events: 0
Time: 585.77, 
            Production Events: 1, 
            Suppression Events: 0
Time: 585.77, 
            Production Events: 0, 
            Suppression Events: 0
Time: 587.29, 
            Production Events: 0, 
            Suppression Events: 1
Time: 587.29, 
            Production Events: 0, 
            Suppression Events: 0
Time: 588.32, 
            Production Events: 1, 
            Suppression Events: 1
Time: 589.76, 
            Production Events: 0, 
            Suppression Events: 2
Time: 590.38, 
            Production Events: 0, 
            Suppression Events: 1
Time: 592.06, 
            Production Events: 0, 
            Suppression Events: 3
Time: 592.06, 
            Production Events: 0, 
            Suppression Events: 0
Time: 593.05, 
            Production Events: 0, 
            Suppression Events: 2
Time: 595.17, 
            Production Events: 0, 
            Suppression Events: 3
Time: 595.17, 
            Production Events: 0, 
            Suppression Events: 0
Time: 598.88, 
            Production Events: 0, 
            Suppression Events: 1
Time: 598.88, 
            Production Events: 0, 
            Suppression Events: 0
Time: 598.88, 
            Production Events: 0, 
            Suppression Events: 0
Time: 599.04, 
            Production Events: 1, 
            Suppression Events: 0
Time: 602.14, 
            Production Events: 0, 
            Suppression Events: 1
Time: 602.14, 
            Production Events: 0, 
            Suppression Events: 0
Time: 602.14, 
            Production Events: 0, 
            Suppression Events: 0
Time: 605.51, 
            Production Events: 1, 
            Suppression Events: 1
Time: 605.51, 
            Production Events: 0, 
            Suppression Events: 0
Time: 605.51, 
            Production Events: 0, 
            Suppression Events: 0
Time: 608.23, 
            Production Events: 1, 
            Suppression Events: 1
Time: 608.23, 
            Production Events: 0, 
            Suppression Events: 0
Time: 608.23, 
            Production Events: 0, 
            Suppression Events: 0
Time: 611.25, 
            Production Events: 0, 
            Suppression Events: 1
Time: 611.25, 
            Production Events: 0, 
            Suppression Events: 0
Time: 611.25, 
            Production Events: 0, 
            Suppression Events: 0
Time: 612.99, 
            Production Events: 2, 
            Suppression Events: 1
Time: 614.41, 
            Production Events: 0, 
            Suppression Events: 1
Time: 614.41, 
            Production Events: 0, 
            Suppression Events: 0
Time: 616.64, 
            Production Events: 0, 
            Suppression Events: 1
Time: 616.64, 
            Production Events: 0, 
            Suppression Events: 0
Time: 617.39, 
            Production Events: 0, 
            Suppression Events: 1
Time: 618.64, 
            Production Events: 0, 
            Suppression Events: 1
Time: 619.32, 
            Production Events: 0, 
            Suppression Events: 2
Time: 621.09, 
            Production Events: 0, 
            Suppression Events: 1
Time: 621.09, 
            Production Events: 0, 
            Suppression Events: 0
Time: 622.22, 
            Production Events: 1, 
            Suppression Events: 2
Time: 623.46, 
            Production Events: 0, 
            Suppression Events: 1
Time: 624.64, 
            Production Events: 0, 
            Suppression Events: 1
Time: 625.04, 
            Production Events: 1, 
            Suppression Events: 0
Time: 627.42, 
            Production Events: 0, 
            Suppression Events: 2
Time: 627.42, 
            Production Events: 0, 
            Suppression Events: 0
Time: 630.24, 
            Production Events: 0, 
            Suppression Events: 1
Time: 630.24, 
            Production Events: 0, 
            Suppression Events: 0
Time: 630.24, 
            Production Events: 0, 
            Suppression Events: 0
Time: 631.06, 
            Production Events: 0, 
            Suppression Events: 1
Time: 632.35, 
            Production Events: 0, 
            Suppression Events: 1
Time: 633.3, 
            Production Events: 1, 
            Suppression Events: 2
Time: 634.07, 
            Production Events: 0, 
            Suppression Events: 1
Time: 639.01, 
            Production Events: 0, 
            Suppression Events: 2
Time: 639.01, 
            Production Events: 0, 
            Suppression Events: 0
Time: 639.01, 
            Production Events: 0, 
            Suppression Events: 0
Time: 639.01, 
            Production Events: 0, 
            Suppression Events: 0
Time: 639.01, 
            Production Events: 0, 
            Suppression Events: 0
Time: 641.54, 
            Production Events: 0, 
            Suppression Events: 1
Time: 641.54, 
            Production Events: 0, 
            Suppression Events: 0
Time: 642.13, 
            Production Events: 1, 
            Suppression Events: 1
Time: 644.55, 
            Production Events: 0, 
            Suppression Events: 1
Time: 644.55, 
            Production Events: 0, 
            Suppression Events: 0
Time: 645.91, 
            Production Events: 0, 
            Suppression Events: 2
Time: 646.1, 
            Production Events: 0, 
            Suppression Events: 1
Time: 648.42, 
            Production Events: 1, 
            Suppression Events: 1
Time: 648.42, 
            Production Events: 0, 
            Suppression Events: 0
Time: 649.4, 
            Production Events: 1, 
            Suppression Events: 1
Time: 651.91, 
            Production Events: 0, 
            Suppression Events: 1
Time: 651.91, 
            Production Events: 0, 
            Suppression Events: 0
Time: 652.01, 
            Production Events: 1, 
            Suppression Events: 0
Time: 654.61, 
            Production Events: 1, 
            Suppression Events: 1
Time: 654.61, 
            Production Events: 0, 
            Suppression Events: 0
Time: 655.05, 
            Production Events: 0, 
            Suppression Events: 1
Time: 658.26, 
            Production Events: 0, 
            Suppression Events: 2
Time: 658.26, 
            Production Events: 0, 
            Suppression Events: 0
Time: 658.26, 
            Production Events: 0, 
            Suppression Events: 0
Time: 661.92, 
            Production Events: 1, 
            Suppression Events: 3
Time: 661.92, 
            Production Events: 0, 
            Suppression Events: 0
Time: 661.92, 
            Production Events: 0, 
            Suppression Events: 0
Time: 664.36, 
            Production Events: 1, 
            Suppression Events: 0
Time: 664.36, 
            Production Events: 0, 
            Suppression Events: 0
Time: 664.36, 
            Production Events: 0, 
            Suppression Events: 0
Time: 666.95, 
            Production Events: 0, 
            Suppression Events: 2
Time: 666.95, 
            Production Events: 0, 
            Suppression Events: 0
Time: 667.83, 
            Production Events: 1, 
            Suppression Events: 0
Time: 668.13, 
            Production Events: 0, 
            Suppression Events: 1
Time: 670.15, 
            Production Events: 0, 
            Suppression Events: 1
Time: 670.15, 
            Production Events: 0, 
            Suppression Events: 0
Time: 671.56, 
            Production Events: 2, 
            Suppression Events: 0
Time: 675.05, 
            Production Events: 0, 
            Suppression Events: 1
Time: 675.05, 
            Production Events: 0, 
            Suppression Events: 0
Time: 675.05, 
            Production Events: 0, 
            Suppression Events: 0
Time: 675.05, 
            Production Events: 0, 
            Suppression Events: 0
Time: 678.35, 
            Production Events: 0, 
            Suppression Events: 2
Time: 678.35, 
            Production Events: 0, 
            Suppression Events: 0
Time: 678.35, 
            Production Events: 0, 
            Suppression Events: 0
Time: 682.14, 
            Production Events: 0, 
            Suppression Events: 2
Time: 682.14, 
            Production Events: 0, 
            Suppression Events: 0
Time: 682.14, 
            Production Events: 0, 
            Suppression Events: 0
Time: 682.14, 
            Production Events: 0, 
            Suppression Events: 0
Time: 683.24, 
            Production Events: 0, 
            Suppression Events: 3
Time: 686.6, 
            Production Events: 0, 
            Suppression Events: 1
Time: 686.6, 
            Production Events: 0, 
            Suppression Events: 0
Time: 686.6, 
            Production Events: 0, 
            Suppression Events: 0
Time: 688.75, 
            Production Events: 0, 
            Suppression Events: 1
Time: 688.75, 
            Production Events: 0, 
            Suppression Events: 0
Time: 689.63, 
            Production Events: 0, 
            Suppression Events: 2
Time: 690.52, 
            Production Events: 0, 
            Suppression Events: 1
Time: 691.3, 
            Production Events: 1, 
            Suppression Events: 1
Time: 692.13, 
            Production Events: 0, 
            Suppression Events: 4
Time: 693.64, 
            Production Events: 0, 
            Suppression Events: 1
Time: 695.2, 
            Production Events: 0, 
            Suppression Events: 1
Time: 695.2, 
            Production Events: 0, 
            Suppression Events: 0
Time: 696.44, 
            Production Events: 0, 
            Suppression Events: 1
Time: 697.37, 
            Production Events: 0, 
            Suppression Events: 1
Time: 698.62, 
            Production Events: 0, 
            Suppression Events: 1
Time: 699.55, 
            Production Events: 1, 
            Suppression Events: 0
Time: 700.77, 
            Production Events: 1, 
            Suppression Events: 1
Time: 701.5, 
            Production Events: 0, 
            Suppression Events: 1
Time: 705.07, 
            Production Events: 1, 
            Suppression Events: 2
Time: 705.07, 
            Production Events: 0, 
            Suppression Events: 0
Time: 705.07, 
            Production Events: 0, 
            Suppression Events: 0
Time: 705.07, 
            Production Events: 0, 
            Suppression Events: 0
Time: 706.77, 
            Production Events: 1, 
            Suppression Events: 0
Time: 707.98, 
            Production Events: 0, 
            Suppression Events: 1
Time: 708.25, 
            Production Events: 0, 
            Suppression Events: 1
Time: 712.62, 
            Production Events: 0, 
            Suppression Events: 1
Time: 712.62, 
            Production Events: 0, 
            Suppression Events: 0
Time: 712.62, 
            Production Events: 0, 
            Suppression Events: 0
Time: 712.62, 
            Production Events: 0, 
            Suppression Events: 0
Time: 713.19, 
            Production Events: 0, 
            Suppression Events: 2
Time: 716.24, 
            Production Events: 1, 
            Suppression Events: 1
Time: 716.24, 
            Production Events: 0, 
            Suppression Events: 0
Time: 716.24, 
            Production Events: 0, 
            Suppression Events: 0
Time: 718.57, 
            Production Events: 0, 
            Suppression Events: 1
Time: 718.57, 
            Production Events: 0, 
            Suppression Events: 0
Time: 721.95, 
            Production Events: 1, 
            Suppression Events: 0
Time: 721.95, 
            Production Events: 0, 
            Suppression Events: 0
Time: 721.95, 
            Production Events: 0, 
            Suppression Events: 0
Time: 722.45, 
            Production Events: 1, 
            Suppression Events: 0
Time: 723.43, 
            Production Events: 0, 
            Suppression Events: 1
Time: 724.26, 
            Production Events: 1, 
            Suppression Events: 0
Time: 725.55, 
            Production Events: 0, 
            Suppression Events: 1
Time: 726.63, 
            Production Events: 1, 
            Suppression Events: 0
Time: 727.46, 
            Production Events: 2, 
            Suppression Events: 0
Time: 728.15, 
            Production Events: 0, 
            Suppression Events: 1
Time: 729.25, 
            Production Events: 1, 
            Suppression Events: 0
Time: 734.72, 
            Production Events: 1, 
            Suppression Events: 3
Time: 734.72, 
            Production Events: 0, 
            Suppression Events: 0
Time: 734.72, 
            Production Events: 0, 
            Suppression Events: 0
Time: 734.72, 
            Production Events: 0, 
            Suppression Events: 0
Time: 734.72, 
            Production Events: 0, 
            Suppression Events: 0
Time: 735.21, 
            Production Events: 1, 
            Suppression Events: 1
Time: 737.75, 
            Production Events: 0, 
            Suppression Events: 1
Time: 737.75, 
            Production Events: 0, 
            Suppression Events: 0
Time: 738.93, 
            Production Events: 1, 
            Suppression Events: 0
Time: 739.63, 
            Production Events: 1, 
            Suppression Events: 0
Time: 740.91, 
            Production Events: 0, 
            Suppression Events: 1
Time: 741.19, 
            Production Events: 0, 
            Suppression Events: 2
Time: 742.3, 
            Production Events: 0, 
            Suppression Events: 1
Time: 743.22, 
            Production Events: 1, 
            Suppression Events: 1
Time: 745.98, 
            Production Events: 0, 
            Suppression Events: 1
Time: 745.98, 
            Production Events: 0, 
            Suppression Events: 0
Time: 746.05, 
            Production Events: 1, 
            Suppression Events: 0
Time: 748.35, 
            Production Events: 1, 
            Suppression Events: 1
Time: 748.35, 
            Production Events: 0, 
            Suppression Events: 0
Time: 749.62, 
            Production Events: 1, 
            Suppression Events: 0
Time: 751.07, 
            Production Events: 0, 
            Suppression Events: 1
Time: 751.07, 
            Production Events: 0, 
            Suppression Events: 0
Time: 753.72, 
            Production Events: 0, 
            Suppression Events: 2
Time: 753.72, 
            Production Events: 0, 
            Suppression Events: 0
Time: 758.77, 
            Production Events: 0, 
            Suppression Events: 1
Time: 758.77, 
            Production Events: 0, 
            Suppression Events: 0
Time: 758.77, 
            Production Events: 0, 
            Suppression Events: 0
Time: 758.77, 
            Production Events: 0, 
            Suppression Events: 0
Time: 758.77, 
            Production Events: 0, 
            Suppression Events: 0
Time: 759.25, 
            Production Events: 1, 
            Suppression Events: 1
Time: 760.58, 
            Production Events: 1, 
            Suppression Events: 1
Time: 761.23, 
            Production Events: 0, 
            Suppression Events: 2
Time: 764.07, 
            Production Events: 0, 
            Suppression Events: 1
Time: 764.07, 
            Production Events: 0, 
            Suppression Events: 0
Time: 764.07, 
            Production Events: 0, 
            Suppression Events: 0
Time: 765.17, 
            Production Events: 1, 
            Suppression Events: 0
Time: 767.51, 
            Production Events: 0, 
            Suppression Events: 1
Time: 767.51, 
            Production Events: 0, 
            Suppression Events: 0
Time: 768.04, 
            Production Events: 1, 
            Suppression Events: 2
Time: 769.73, 
            Production Events: 0, 
            Suppression Events: 1
Time: 770.65, 
            Production Events: 0, 
            Suppression Events: 1
Time: 771.28, 
            Production Events: 1, 
            Suppression Events: 1
Time: 773.39, 
            Production Events: 0, 
            Suppression Events: 2
Time: 773.39, 
            Production Events: 0, 
            Suppression Events: 0
Time: 774.66, 
            Production Events: 0, 
            Suppression Events: 1
Time: 778.43, 
            Production Events: 1, 
            Suppression Events: 0
Time: 778.43, 
            Production Events: 0, 
            Suppression Events: 0
Time: 778.43, 
            Production Events: 0, 
            Suppression Events: 0
Time: 778.43, 
            Production Events: 0, 
            Suppression Events: 0
Time: 779.09, 
            Production Events: 1, 
            Suppression Events: 0
Time: 780.34, 
            Production Events: 0, 
            Suppression Events: 2
Time: 782.1, 
            Production Events: 2, 
            Suppression Events: 1
Time: 782.1, 
            Production Events: 0, 
            Suppression Events: 0
Time: 783.63, 
            Production Events: 1, 
            Suppression Events: 1
Time: 784.38, 
            Production Events: 1, 
            Suppression Events: 0
Time: 786.5, 
            Production Events: 0, 
            Suppression Events: 2
Time: 786.5, 
            Production Events: 0, 
            Suppression Events: 0
Time: 788.01, 
            Production Events: 0, 
            Suppression Events: 1
Time: 788.01, 
            Production Events: 0, 
            Suppression Events: 0
Time: 789.45, 
            Production Events: 1, 
            Suppression Events: 0
Time: 790.07, 
            Production Events: 0, 
            Suppression Events: 1
Time: 792.47, 
            Production Events: 0, 
            Suppression Events: 2
Time: 792.47, 
            Production Events: 0, 
            Suppression Events: 0
Time: 795.07, 
            Production Events: 1, 
            Suppression Events: 1
Time: 795.07, 
            Production Events: 0, 
            Suppression Events: 0
Time: 795.07, 
            Production Events: 0, 
            Suppression Events: 0
Time: 796.87, 
            Production Events: 0, 
            Suppression Events: 1
Time: 797.66, 
            Production Events: 1, 
            Suppression Events: 0
Time: 798.39, 
            Production Events: 1, 
            Suppression Events: 0
Time: 800.97, 
            Production Events: 2, 
            Suppression Events: 0
Time: 800.97, 
            Production Events: 0, 
            Suppression Events: 0
Time: 801.76, 
            Production Events: 0, 
            Suppression Events: 1
Time: 804.07, 
            Production Events: 0, 
            Suppression Events: 1
Time: 804.07, 
            Production Events: 0, 
            Suppression Events: 0
Time: 804.07, 
            Production Events: 0, 
            Suppression Events: 0
Time: 807.54, 
            Production Events: 0, 
            Suppression Events: 3
Time: 807.54, 
            Production Events: 0, 
            Suppression Events: 0
Time: 807.54, 
            Production Events: 0, 
            Suppression Events: 0
Time: 808.36, 
            Production Events: 2, 
            Suppression Events: 1
Time: 809.32, 
            Production Events: 2, 
            Suppression Events: 0
Time: 810.17, 
            Production Events: 1, 
            Suppression Events: 1
Time: 811.66, 
            Production Events: 1, 
            Suppression Events: 0
Time: 812.22, 
            Production Events: 0, 
            Suppression Events: 1
Time: 815.01, 
            Production Events: 1, 
            Suppression Events: 1
Time: 815.01, 
            Production Events: 0, 
            Suppression Events: 0
Time: 815.01, 
            Production Events: 0, 
            Suppression Events: 0
Time: 819.4, 
            Production Events: 2, 
            Suppression Events: 3
Time: 819.4, 
            Production Events: 0, 
            Suppression Events: 0
Time: 819.4, 
            Production Events: 0, 
            Suppression Events: 0
Time: 819.4, 
            Production Events: 0, 
            Suppression Events: 0
Time: 821.11, 
            Production Events: 0, 
            Suppression Events: 2
Time: 821.11, 
            Production Events: 0, 
            Suppression Events: 0
Time: 823.9, 
            Production Events: 1, 
            Suppression Events: 0
Time: 823.9, 
            Production Events: 0, 
            Suppression Events: 0
Time: 824.33, 
            Production Events: 0, 
            Suppression Events: 1
Time: 825.51, 
            Production Events: 1, 
            Suppression Events: 0
Time: 826.0, 
            Production Events: 1, 
            Suppression Events: 1
Time: 829.39, 
            Production Events: 0, 
            Suppression Events: 2
Time: 829.39, 
            Production Events: 0, 
            Suppression Events: 0
Time: 829.39, 
            Production Events: 0, 
            Suppression Events: 0
Time: 833.2, 
            Production Events: 0, 
            Suppression Events: 1
Time: 833.2, 
            Production Events: 0, 
            Suppression Events: 0
Time: 833.2, 
            Production Events: 0, 
            Suppression Events: 0
Time: 833.2, 
            Production Events: 0, 
            Suppression Events: 0
Time: 835.72, 
            Production Events: 1, 
            Suppression Events: 0
Time: 835.72, 
            Production Events: 0, 
            Suppression Events: 0
Time: 837.56, 
            Production Events: 1, 
            Suppression Events: 0
Time: 837.56, 
            Production Events: 0, 
            Suppression Events: 0
Time: 838.33, 
            Production Events: 0, 
            Suppression Events: 3
Time: 839.26, 
            Production Events: 1, 
            Suppression Events: 0
Time: 842.18, 
            Production Events: 0, 
            Suppression Events: 1
Time: 842.18, 
            Production Events: 0, 
            Suppression Events: 0
Time: 842.18, 
            Production Events: 0, 
            Suppression Events: 0
Time: 843.32, 
            Production Events: 0, 
            Suppression Events: 2
Time: 844.7, 
            Production Events: 0, 
            Suppression Events: 1
Time: 850.01, 
            Production Events: 0, 
            Suppression Events: 1
Time: 850.01, 
            Production Events: 0, 
            Suppression Events: 0
Time: 850.01, 
            Production Events: 0, 
            Suppression Events: 0
Time: 850.01, 
            Production Events: 0, 
            Suppression Events: 0
Time: 850.01, 
            Production Events: 0, 
            Suppression Events: 0
Time: 850.01, 
            Production Events: 0, 
            Suppression Events: 0
Time: 851.92, 
            Production Events: 1, 
            Suppression Events: 3
Time: 853.16, 
            Production Events: 1, 
            Suppression Events: 0
Time: 853.16, 
            Production Events: 0, 
            Suppression Events: 0
Time: 855.1, 
            Production Events: 1, 
            Suppression Events: 2
Time: 855.1, 
            Production Events: 0, 
            Suppression Events: 0
Time: 856.24, 
            Production Events: 1, 
            Suppression Events: 2
Time: 857.58, 
            Production Events: 0, 
            Suppression Events: 1
Time: 858.46, 
            Production Events: 0, 
            Suppression Events: 1
Time: 864.64, 
            Production Events: 1, 
            Suppression Events: 1
Time: 864.64, 
            Production Events: 0, 
            Suppression Events: 0
Time: 864.64, 
            Production Events: 0, 
            Suppression Events: 0
Time: 864.64, 
            Production Events: 0, 
            Suppression Events: 0
Time: 864.64, 
            Production Events: 0, 
            Suppression Events: 0
Time: 864.64, 
            Production Events: 0, 
            Suppression Events: 0
Time: 865.18, 
            Production Events: 2, 
            Suppression Events: 0
Time: 866.08, 
            Production Events: 0, 
            Suppression Events: 1
Time: 867.22, 
            Production Events: 0, 
            Suppression Events: 3
Time: 873.99, 
            Production Events: 0, 
            Suppression Events: 2
Time: 873.99, 
            Production Events: 0, 
            Suppression Events: 0
Time: 873.99, 
            Production Events: 0, 
            Suppression Events: 0
Time: 873.99, 
            Production Events: 0, 
            Suppression Events: 0
Time: 873.99, 
            Production Events: 0, 
            Suppression Events: 0
Time: 873.99, 
            Production Events: 0, 
            Suppression Events: 0
Time: 875.55, 
            Production Events: 0, 
            Suppression Events: 1
Time: 875.55, 
            Production Events: 0, 
            Suppression Events: 0
Time: 876.51, 
            Production Events: 0, 
            Suppression Events: 1
Time: 878.29, 
            Production Events: 2, 
            Suppression Events: 2
Time: 878.29, 
            Production Events: 0, 
            Suppression Events: 0
Time: 879.13, 
            Production Events: 0, 
            Suppression Events: 3
Time: 880.27, 
            Production Events: 1, 
            Suppression Events: 0
Time: 881.79, 
            Production Events: 1, 
            Suppression Events: 1
Time: 882.07, 
            Production Events: 0, 
            Suppression Events: 1
Time: 883.19, 
            Production Events: 0, 
            Suppression Events: 2
Time: 884.57, 
            Production Events: 0, 
            Suppression Events: 1
Time: 887.28, 
            Production Events: 0, 
            Suppression Events: 2
Time: 887.28, 
            Production Events: 0, 
            Suppression Events: 0
Time: 887.28, 
            Production Events: 0, 
            Suppression Events: 0
Time: 888.82, 
            Production Events: 0, 
            Suppression Events: 1
Time: 890.29, 
            Production Events: 1, 
            Suppression Events: 0
Time: 890.29, 
            Production Events: 0, 
            Suppression Events: 0
Time: 891.21, 
            Production Events: 1, 
            Suppression Events: 2
Time: 892.2, 
            Production Events: 0, 
            Suppression Events: 2
Time: 894.73, 
            Production Events: 1, 
            Suppression Events: 1
Time: 894.73, 
            Production Events: 0, 
            Suppression Events: 0
Time: 897.87, 
            Production Events: 0, 
            Suppression Events: 2
Time: 897.87, 
            Production Events: 0, 
            Suppression Events: 0
Time: 897.87, 
            Production Events: 0, 
            Suppression Events: 0
Time: 898.65, 
            Production Events: 0, 
            Suppression Events: 1
Time: 900.13, 
            Production Events: 1, 
            Suppression Events: 0
Time: 900.13, 
            Production Events: 0, 
            Suppression Events: 0
Time: 901.89, 
            Production Events: 1, 
            Suppression Events: 1
Time: 902.66, 
            Production Events: 0, 
            Suppression Events: 1
Time: 904.32, 
            Production Events: 0, 
            Suppression Events: 1
Time: 904.32, 
            Production Events: 0, 
            Suppression Events: 0
Time: 905.54, 
            Production Events: 1, 
            Suppression Events: 1
Time: 906.29, 
            Production Events: 0, 
            Suppression Events: 2
Time: 907.37, 
            Production Events: 1, 
            Suppression Events: 0
Time: 909.12, 
            Production Events: 0, 
            Suppression Events: 2
Time: 909.12, 
            Production Events: 0, 
            Suppression Events: 0
Time: 911.29, 
            Production Events: 1, 
            Suppression Events: 1
Time: 911.29, 
            Production Events: 0, 
            Suppression Events: 0
Time: 912.67, 
            Production Events: 1, 
            Suppression Events: 1
Time: 916.53, 
            Production Events: 0, 
            Suppression Events: 1
Time: 916.53, 
            Production Events: 0, 
            Suppression Events: 0
Time: 916.53, 
            Production Events: 0, 
            Suppression Events: 0
Time: 916.53, 
            Production Events: 0, 
            Suppression Events: 0
Time: 919.34, 
            Production Events: 1, 
            Suppression Events: 0
Time: 919.34, 
            Production Events: 0, 
            Suppression Events: 0
Time: 919.34, 
            Production Events: 0, 
            Suppression Events: 0
Time: 921.59, 
            Production Events: 0, 
            Suppression Events: 1
Time: 921.59, 
            Production Events: 0, 
            Suppression Events: 0
Time: 922.86, 
            Production Events: 1, 
            Suppression Events: 1
Time: 926.79, 
            Production Events: 0, 
            Suppression Events: 1
Time: 926.79, 
            Production Events: 0, 
            Suppression Events: 0
Time: 926.79, 
            Production Events: 0, 
            Suppression Events: 0
Time: 926.79, 
            Production Events: 0, 
            Suppression Events: 0
Time: 927.81, 
            Production Events: 0, 
            Suppression Events: 2
Time: 928.01, 
            Production Events: 0, 
            Suppression Events: 1
Time: 930.05, 
            Production Events: 1, 
            Suppression Events: 0
Time: 930.05, 
            Production Events: 0, 
            Suppression Events: 0
Time: 931.14, 
            Production Events: 1, 
            Suppression Events: 0
Time: 932.52, 
            Production Events: 0, 
            Suppression Events: 1
Time: 934.43, 
            Production Events: 1, 
            Suppression Events: 0
Time: 934.43, 
            Production Events: 0, 
            Suppression Events: 0
Time: 935.16, 
            Production Events: 1, 
            Suppression Events: 0
Time: 936.48, 
            Production Events: 1, 
            Suppression Events: 0
Time: 937.09, 
            Production Events: 1, 
            Suppression Events: 1
Time: 939.14, 
            Production Events: 1, 
            Suppression Events: 1
Time: 939.14, 
            Production Events: 0, 
            Suppression Events: 0
Time: 940.4, 
            Production Events: 1, 
            Suppression Events: 0
Time: 943.08, 
            Production Events: 1, 
            Suppression Events: 0
Time: 943.08, 
            Production Events: 0, 
            Suppression Events: 0
Time: 943.08, 
            Production Events: 0, 
            Suppression Events: 0
Time: 945.69, 
            Production Events: 1, 
            Suppression Events: 0
Time: 945.69, 
            Production Events: 0, 
            Suppression Events: 0
Time: 946.26, 
            Production Events: 0, 
            Suppression Events: 1
Time: 949.01, 
            Production Events: 0, 
            Suppression Events: 2
Time: 949.01, 
            Production Events: 0, 
            Suppression Events: 0
Time: 949.01, 
            Production Events: 0, 
            Suppression Events: 0
Time: 951.08, 
            Production Events: 1, 
            Suppression Events: 1
Time: 951.08, 
            Production Events: 0, 
            Suppression Events: 0
Time: 952.53, 
            Production Events: 0, 
            Suppression Events: 1
Time: 953.53, 
            Production Events: 1, 
            Suppression Events: 1
Time: 956.19, 
            Production Events: 0, 
            Suppression Events: 1
Time: 956.19, 
            Production Events: 0, 
            Suppression Events: 0
Time: 956.19, 
            Production Events: 0, 
            Suppression Events: 0
Time: 958.43, 
            Production Events: 0, 
            Suppression Events: 2
Time: 958.43, 
            Production Events: 0, 
            Suppression Events: 0
Time: 959.57, 
            Production Events: 1, 
            Suppression Events: 3
Time: 961.35, 
            Production Events: 1, 
            Suppression Events: 0
Time: 961.35, 
            Production Events: 0, 
            Suppression Events: 0
Time: 963.54, 
            Production Events: 1, 
            Suppression Events: 1
Time: 963.54, 
            Production Events: 0, 
            Suppression Events: 0
Time: 964.7, 
            Production Events: 0, 
            Suppression Events: 2
Time: 966.11, 
            Production Events: 1, 
            Suppression Events: 0
Time: 966.11, 
            Production Events: 0, 
            Suppression Events: 0
Time: 967.08, 
            Production Events: 0, 
            Suppression Events: 2
Time: 968.01, 
            Production Events: 1, 
            Suppression Events: 1
Time: 970.02, 
            Production Events: 0, 
            Suppression Events: 2
Time: 970.02, 
            Production Events: 0, 
            Suppression Events: 0
Time: 972.51, 
            Production Events: 0, 
            Suppression Events: 2
Time: 972.51, 
            Production Events: 0, 
            Suppression Events: 0
Time: 973.59, 
            Production Events: 0, 
            Suppression Events: 2
Time: 974.23, 
            Production Events: 0, 
            Suppression Events: 1
Time: 978.44, 
            Production Events: 1, 
            Suppression Events: 2
Time: 978.44, 
            Production Events: 0, 
            Suppression Events: 0
Time: 978.44, 
            Production Events: 0, 
            Suppression Events: 0
Time: 978.44, 
            Production Events: 0, 
            Suppression Events: 0
Time: 979.16, 
            Production Events: 0, 
            Suppression Events: 2
Time: 980.91, 
            Production Events: 0, 
            Suppression Events: 2
Time: 981.68, 
            Production Events: 0, 
            Suppression Events: 1
Time: 983.15, 
            Production Events: 0, 
            Suppression Events: 1
Time: 983.15, 
            Production Events: 0, 
            Suppression Events: 0
Time: 985.26, 
            Production Events: 0, 
            Suppression Events: 3
Time: 985.26, 
            Production Events: 0, 
            Suppression Events: 0
Time: 989.4, 
            Production Events: 1, 
            Suppression Events: 0
Time: 989.4, 
            Production Events: 0, 
            Suppression Events: 0
Time: 989.4, 
            Production Events: 0, 
            Suppression Events: 0
Time: 989.4, 
            Production Events: 0, 
            Suppression Events: 0
Time: 991.83, 
            Production Events: 1, 
            Suppression Events: 1
Time: 991.83, 
            Production Events: 0, 
            Suppression Events: 0
Time: 992.12, 
            Production Events: 2, 
            Suppression Events: 0
Time: 993.93, 
            Production Events: 0, 
            Suppression Events: 1
Time: 994.92, 
            Production Events: 0, 
            Suppression Events: 1
Time: 997.89, 
            Production Events: 0, 
            Suppression Events: 1
Time: 997.89, 
            Production Events: 0, 
            Suppression Events: 0
Time: 997.89, 
            Production Events: 0, 
            Suppression Events: 0
Time: 999.29, 
            Production Events: 2, 
            Suppression Events: 0
Time: 999.29, 
            Production Events: 0, 
            Suppression Events: 0
Time: 1000.82, 
            Production Events: 0, 
            Suppression Events: 1
Simulation completed:
  Final time: 1000.8224994594287
  Total events: 987
  Wall time: 16704.38 seconds

Saving simulation results with clean separation...
Task evolution saved to: 5t5b/5t5b_mfcsb/data/param_17_rep_1_2025-11-21_153353/states.csv
Events saved to: 5t5b/5t5b_mfcsb/data/param_17_rep_1_2025-11-21_153353/events.csv
Saving event log (raw and DataFrame)...
log DataFrame size: (992, 9)
short view:
59 DataFrame
 Row  time     bee1_id  bee2_id  task_id  task_1   task_2   task_3     task_4 
      Float64  Int64    Int64    Int64    Float64  Float64  Float64    Float6 

   1      0.0        1        0        0   0.0958   0.0851  0.141518    0.122 
   2      0.0        2        0        0   0.1184   0.0936  0.0696835   0.082
   3      0.0        3        0        0   0.1189   0.089   0.0612707   0.067
   4      0.0        4        0        0   0.1138   0.0996  0.157153    0.142
   5      0.0        5        0        0   0.1221   0.1036  0.0837431   0.101 
                                                               2 columns omittedEvent log saved to: 5t5b/5t5b_mfcsb/data/param_17_rep_1_2025-11-21_153353/event_log.json
Event log DataFrame saved to: 5t5b/5t5b_mfcsb/data/param_17_rep_1_2025-11-21_153353/event_log.csv
Metadata and configuration saved to: 5t5b/5t5b_mfcsb/data/param_17_rep_1_2025-11-21_153353/config.json
Task index mapping saved to: 5t5b/5t5b_mfcsb/data/param_17_rep_1_2025-11-21_153353/task_index_mapping.json
All results saved to directory: 5t5b/5t5b_mfcsb/data/param_17_rep_1_2025-11-21_153353
Simulation completed successfully!
Job finished at: Fri Nov 21 08:13:00 PM CET 2025
