Job array started at: Fri Nov 21 05:19:03 PM CET 2025
Job ID: 10861719
Array Job ID: 10860410
Array Task ID: 114
Node: th-ws-7010m58
Loading Julia module...
Module loaded: /software/opt/el_9/x86_64/julia/1.11.3/bin/julia
Changing to project directory...
Current directory: /scratch/n/N.Pfaffenzeller/nikolas_nethive/nethive_multiverse
Running parameter combination 114, replicate 1
Starting Julia simulation...
Running simulation with the following configuration:
  dataset_names: [:mnist, :cifar10, :svhn2, :fashion_mnist, :bank]
  param_id: 114
  n_bees: 5
  batch_size: 32
  replicate_id: 1
  punish_rate: 0.1
  punishment: time_out
  lambda_sensitivity: 10
  save_nn_epochs: 0
  production_rate: 1
  interaction_rate: 150
  batches_per_step: 50
  learning_rate: 1.0e-5
  max_output_dim: 10
  n_steps_per_epoch: 1
  dead_time: 50
  max_input_dim: 3072
  n_epochs: 1000
  seed: 1130119042

Starting simulation with configuration:
  dataset_names: [:mnist, :cifar10, :svhn2, :fashion_mnist, :bank]
  param_id: 114
  n_bees: 5
  batch_size: 32
  replicate_id: 1
  punish_rate: 0.1
  punishment: time_out
  lambda_sensitivity: 10
  save_nn_epochs: 0
  production_rate: 1
  interaction_rate: 150
  batches_per_step: 50
  run_timestamp: 2025-11-21T17:19:31.510
  learning_rate: 1.0e-5
  max_output_dim: 10
  n_steps_per_epoch: 1
  dead_time: 50
  max_input_dim: 3072
  n_epochs: 1000
  seed: 1130119042
Random seed: 1130119042

Starting simulation...
Time: 1.1, 
            Production Events: 1, 
            Suppression Events: 4
Time: 3.9, 
            Production Events: 1, 
            Suppression Events: 0
Time: 3.9, 
            Production Events: 0, 
            Suppression Events: 0
Time: 4.24, 
            Production Events: 0, 
            Suppression Events: 1
Time: 6.73, 
            Production Events: 1, 
            Suppression Events: 0
Time: 6.73, 
            Production Events: 0, 
            Suppression Events: 0
Time: 8.07, 
            Production Events: 1, 
            Suppression Events: 0
Time: 8.07, 
            Production Events: 0, 
            Suppression Events: 0
Time: 9.09, 
            Production Events: 0, 
            Suppression Events: 2
Time: 13.28, 
            Production Events: 2, 
            Suppression Events: 0
Time: 13.28, 
            Production Events: 0, 
            Suppression Events: 0
Time: 13.28, 
            Production Events: 0, 
            Suppression Events: 0
Time: 13.28, 
            Production Events: 0, 
            Suppression Events: 0
Time: 16.67, 
            Production Events: 0, 
            Suppression Events: 2
Time: 16.67, 
            Production Events: 0, 
            Suppression Events: 0
Time: 16.67, 
            Production Events: 0, 
            Suppression Events: 0
Time: 18.95, 
            Production Events: 0, 
            Suppression Events: 1
Time: 18.95, 
            Production Events: 0, 
            Suppression Events: 0
Time: 21.64, 
            Production Events: 0, 
            Suppression Events: 1
Time: 21.64, 
            Production Events: 0, 
            Suppression Events: 0
Time: 21.64, 
            Production Events: 0, 
            Suppression Events: 0
Time: 22.44, 
            Production Events: 1, 
            Suppression Events: 0
Time: 23.35, 
            Production Events: 0, 
            Suppression Events: 1
Time: 24.14, 
            Production Events: 0, 
            Suppression Events: 3
Time: 25.0, 
            Production Events: 1, 
            Suppression Events: 2
Time: 28.27, 
            Production Events: 1, 
            Suppression Events: 2
Time: 28.27, 
            Production Events: 0, 
            Suppression Events: 0
Time: 28.27, 
            Production Events: 0, 
            Suppression Events: 0
Time: 32.13, 
            Production Events: 0, 
            Suppression Events: 2
Time: 32.13, 
            Production Events: 0, 
            Suppression Events: 0
Time: 32.13, 
            Production Events: 0, 
            Suppression Events: 0
Time: 32.13, 
            Production Events: 0, 
            Suppression Events: 0
Time: 34.31, 
            Production Events: 0, 
            Suppression Events: 2
Time: 34.31, 
            Production Events: 0, 
            Suppression Events: 0
Time: 35.14, 
            Production Events: 0, 
            Suppression Events: 1
Time: 36.2, 
            Production Events: 0, 
            Suppression Events: 2
Time: 38.72, 
            Production Events: 0, 
            Suppression Events: 5
Time: 38.72, 
            Production Events: 0, 
            Suppression Events: 0
Time: 40.37, 
            Production Events: 0, 
            Suppression Events: 1
Time: 40.37, 
            Production Events: 0, 
            Suppression Events: 0
Time: 41.56, 
            Production Events: 0, 
            Suppression Events: 1
Time: 45.39, 
            Production Events: 0, 
            Suppression Events: 1
Time: 45.39, 
            Production Events: 0, 
            Suppression Events: 0
Time: 45.39, 
            Production Events: 0, 
            Suppression Events: 0
Time: 45.39, 
            Production Events: 0, 
            Suppression Events: 0
Time: 46.91, 
            Production Events: 0, 
            Suppression Events: 1
Time: 48.42, 
            Production Events: 0, 
            Suppression Events: 1
Time: 48.42, 
            Production Events: 0, 
            Suppression Events: 0
Time: 49.04, 
            Production Events: 0, 
            Suppression Events: 1
Time: 50.89, 
            Production Events: 0, 
            Suppression Events: 2
Time: 51.93, 
            Production Events: 0, 
            Suppression Events: 1
Time: 52.81, 
            Production Events: 0, 
            Suppression Events: 1
Time: 54.01, 
            Production Events: 0, 
            Suppression Events: 1
Time: 54.01, 
            Production Events: 0, 
            Suppression Events: 0
Time: 55.53, 
            Production Events: 0, 
            Suppression Events: 2
Time: 57.05, 
            Production Events: 0, 
            Suppression Events: 1
Time: 57.05, 
            Production Events: 0, 
            Suppression Events: 0
Time: 58.61, 
            Production Events: 1, 
            Suppression Events: 3
Time: 60.38, 
            Production Events: 0, 
            Suppression Events: 1
Time: 60.38, 
            Production Events: 0, 
            Suppression Events: 0
Time: 61.2, 
            Production Events: 0, 
            Suppression Events: 1
Time: 62.1, 
            Production Events: 0, 
            Suppression Events: 1
Time: 63.54, 
            Production Events: 0, 
            Suppression Events: 3
Time: 64.45, 
            Production Events: 0, 
            Suppression Events: 3
Time: 66.27, 
            Production Events: 0, 
            Suppression Events: 1
Time: 66.27, 
            Production Events: 0, 
            Suppression Events: 0
Time: 67.22, 
            Production Events: 0, 
            Suppression Events: 1
Time: 68.1, 
            Production Events: 0, 
            Suppression Events: 1
Time: 70.14, 
            Production Events: 0, 
            Suppression Events: 3
Time: 70.14, 
            Production Events: 0, 
            Suppression Events: 0
Time: 71.79, 
            Production Events: 0, 
            Suppression Events: 2
Time: 73.79, 
            Production Events: 0, 
            Suppression Events: 1
Time: 73.79, 
            Production Events: 0, 
            Suppression Events: 0
Time: 74.35, 
            Production Events: 0, 
            Suppression Events: 1
Time: 75.15, 
            Production Events: 0, 
            Suppression Events: 2
Time: 76.83, 
            Production Events: 0, 
            Suppression Events: 5
Time: 78.73, 
            Production Events: 0, 
            Suppression Events: 1
Time: 78.73, 
            Production Events: 0, 
            Suppression Events: 0
Time: 80.19, 
            Production Events: 1, 
            Suppression Events: 0
Time: 80.19, 
            Production Events: 0, 
            Suppression Events: 0
Time: 81.18, 
            Production Events: 0, 
            Suppression Events: 2
Time: 82.66, 
            Production Events: 0, 
            Suppression Events: 2
Time: 85.91, 
            Production Events: 0, 
            Suppression Events: 2
Time: 85.91, 
            Production Events: 0, 
            Suppression Events: 0
Time: 85.91, 
            Production Events: 0, 
            Suppression Events: 0
Time: 86.66, 
            Production Events: 0, 
            Suppression Events: 1
Time: 87.66, 
            Production Events: 0, 
            Suppression Events: 1
Time: 88.66, 
            Production Events: 0, 
            Suppression Events: 1
Time: 89.32, 
            Production Events: 0, 
            Suppression Events: 2
Time: 90.57, 
            Production Events: 0, 
            Suppression Events: 2
Time: 92.31, 
            Production Events: 0, 
            Suppression Events: 2
Time: 92.31, 
            Production Events: 0, 
            Suppression Events: 0
Time: 93.81, 
            Production Events: 0, 
            Suppression Events: 1
Time: 94.84, 
            Production Events: 0, 
            Suppression Events: 1
Time: 96.37, 
            Production Events: 0, 
            Suppression Events: 1
Time: 96.37, 
            Production Events: 0, 
            Suppression Events: 0
Time: 97.19, 
            Production Events: 1, 
            Suppression Events: 0
Time: 98.11, 
            Production Events: 0, 
            Suppression Events: 1
Time: 99.45, 
            Production Events: 0, 
            Suppression Events: 1
Time: 100.22, 
            Production Events: 0, 
            Suppression Events: 3
Time: 102.43, 
            Production Events: 0, 
            Suppression Events: 2
Time: 102.43, 
            Production Events: 0, 
            Suppression Events: 0
Time: 103.69, 
            Production Events: 0, 
            Suppression Events: 1
Time: 104.72, 
            Production Events: 0, 
            Suppression Events: 1
Time: 105.96, 
            Production Events: 0, 
            Suppression Events: 1
Time: 106.58, 
            Production Events: 0, 
            Suppression Events: 1
Time: 107.45, 
            Production Events: 0, 
            Suppression Events: 1
Time: 108.08, 
            Production Events: 0, 
            Suppression Events: 1
Time: 109.99, 
            Production Events: 0, 
            Suppression Events: 1
Time: 110.77, 
            Production Events: 0, 
            Suppression Events: 1
Time: 111.35, 
            Production Events: 0, 
            Suppression Events: 1
Time: 112.81, 
            Production Events: 0, 
            Suppression Events: 1
Time: 113.41, 
            Production Events: 0, 
            Suppression Events: 1
Time: 114.15, 
            Production Events: 0, 
            Suppression Events: 2
Time: 116.33, 
            Production Events: 0, 
            Suppression Events: 1
Time: 116.33, 
            Production Events: 0, 
            Suppression Events: 0
Time: 117.28, 
            Production Events: 0, 
            Suppression Events: 2
Time: 119.2, 
            Production Events: 0, 
            Suppression Events: 1
Time: 119.2, 
            Production Events: 0, 
            Suppression Events: 0
Time: 120.34, 
            Production Events: 0, 
            Suppression Events: 2
Time: 121.57, 
            Production Events: 0, 
            Suppression Events: 1
Time: 122.08, 
            Production Events: 1, 
            Suppression Events: 1
Time: 123.77, 
            Production Events: 0, 
            Suppression Events: 3
Time: 124.73, 
            Production Events: 0, 
            Suppression Events: 1
Time: 125.54, 
            Production Events: 0, 
            Suppression Events: 2
Time: 129.29, 
            Production Events: 0, 
            Suppression Events: 2
Time: 129.29, 
            Production Events: 0, 
            Suppression Events: 0
Time: 129.29, 
            Production Events: 0, 
            Suppression Events: 0
Time: 129.29, 
            Production Events: 0, 
            Suppression Events: 0
Time: 130.4, 
            Production Events: 0, 
            Suppression Events: 2
Time: 131.26, 
            Production Events: 0, 
            Suppression Events: 2
Time: 132.42, 
            Production Events: 0, 
            Suppression Events: 2
Time: 134.05, 
            Production Events: 0, 
            Suppression Events: 5
Time: 134.05, 
            Production Events: 0, 
            Suppression Events: 0
Time: 135.04, 
            Production Events: 0, 
            Suppression Events: 5
Time: 136.25, 
            Production Events: 0, 
            Suppression Events: 3
Time: 137.18, 
            Production Events: 0, 
            Suppression Events: 1
Time: 138.27, 
            Production Events: 0, 
            Suppression Events: 2
Time: 140.34, 
            Production Events: 0, 
            Suppression Events: 1
Time: 140.34, 
            Production Events: 0, 
            Suppression Events: 0
Time: 141.62, 
            Production Events: 0, 
            Suppression Events: 1
Time: 145.48, 
            Production Events: 0, 
            Suppression Events: 1
Time: 145.48, 
            Production Events: 0, 
            Suppression Events: 0
Time: 145.48, 
            Production Events: 0, 
            Suppression Events: 0
Time: 145.48, 
            Production Events: 0, 
            Suppression Events: 0
Time: 146.14, 
            Production Events: 0, 
            Suppression Events: 2
Time: 147.17, 
            Production Events: 0, 
            Suppression Events: 1
Time: 148.1, 
            Production Events: 0, 
            Suppression Events: 1
Time: 150.15, 
            Production Events: 0, 
            Suppression Events: 2
Time: 150.15, 
            Production Events: 0, 
            Suppression Events: 0
Time: 152.49, 
            Production Events: 0, 
            Suppression Events: 2
Time: 152.49, 
            Production Events: 0, 
            Suppression Events: 0
Time: 153.12, 
            Production Events: 0, 
            Suppression Events: 1
Time: 154.29, 
            Production Events: 0, 
            Suppression Events: 3
Time: 155.94, 
            Production Events: 0, 
            Suppression Events: 2
Time: 156.79, 
            Production Events: 0, 
            Suppression Events: 1
Time: 158.0, 
            Production Events: 0, 
            Suppression Events: 1
Time: 158.76, 
            Production Events: 0, 
            Suppression Events: 1
Time: 160.62, 
            Production Events: 0, 
            Suppression Events: 1
Time: 160.62, 
            Production Events: 0, 
            Suppression Events: 0
Time: 161.19, 
            Production Events: 0, 
            Suppression Events: 1
Time: 162.62, 
            Production Events: 0, 
            Suppression Events: 1
Time: 163.49, 
            Production Events: 0, 
            Suppression Events: 2
Time: 164.29, 
            Production Events: 0, 
            Suppression Events: 1
Time: 167.72, 
            Production Events: 2, 
            Suppression Events: 3
Time: 167.72, 
            Production Events: 0, 
            Suppression Events: 0
Time: 167.72, 
            Production Events: 0, 
            Suppression Events: 0
Time: 168.32, 
            Production Events: 0, 
            Suppression Events: 1
Time: 169.05, 
            Production Events: 1, 
            Suppression Events: 1
Time: 171.18, 
            Production Events: 0, 
            Suppression Events: 1
Time: 171.18, 
            Production Events: 0, 
            Suppression Events: 0
Time: 172.77, 
            Production Events: 0, 
            Suppression Events: 3
Time: 173.43, 
            Production Events: 0, 
            Suppression Events: 1
Time: 174.78, 
            Production Events: 0, 
            Suppression Events: 1
Time: 175.45, 
            Production Events: 0, 
            Suppression Events: 1
Time: 176.95, 
            Production Events: 0, 
            Suppression Events: 2
Time: 177.5, 
            Production Events: 0, 
            Suppression Events: 1
Time: 180.39, 
            Production Events: 0, 
            Suppression Events: 1
Time: 180.39, 
            Production Events: 0, 
            Suppression Events: 0
Time: 180.39, 
            Production Events: 0, 
            Suppression Events: 0
Time: 181.33, 
            Production Events: 0, 
            Suppression Events: 2
Time: 182.54, 
            Production Events: 0, 
            Suppression Events: 1
Time: 185.77, 
            Production Events: 0, 
            Suppression Events: 1
Time: 185.77, 
            Production Events: 0, 
            Suppression Events: 0
Time: 185.77, 
            Production Events: 0, 
            Suppression Events: 0
Time: 186.17, 
            Production Events: 0, 
            Suppression Events: 1
Time: 189.26, 
            Production Events: 0, 
            Suppression Events: 1
Time: 189.26, 
            Production Events: 0, 
            Suppression Events: 0
Time: 189.26, 
            Production Events: 0, 
            Suppression Events: 0
Time: 191.82, 
            Production Events: 0, 
            Suppression Events: 1
Time: 191.82, 
            Production Events: 0, 
            Suppression Events: 0
Time: 192.61, 
            Production Events: 0, 
            Suppression Events: 1
Time: 193.9, 
            Production Events: 0, 
            Suppression Events: 1
Time: 195.26, 
            Production Events: 0, 
            Suppression Events: 1
Time: 195.26, 
            Production Events: 0, 
            Suppression Events: 0
Time: 196.69, 
            Production Events: 0, 
            Suppression Events: 1
Time: 198.2, 
            Production Events: 0, 
            Suppression Events: 1
Time: 198.2, 
            Production Events: 0, 
            Suppression Events: 0
Time: 199.19, 
            Production Events: 0, 
            Suppression Events: 2
Time: 200.15, 
            Production Events: 0, 
            Suppression Events: 2
Time: 201.11, 
            Production Events: 0, 
            Suppression Events: 1
Time: 202.22, 
            Production Events: 0, 
            Suppression Events: 3
Time: 205.04, 
            Production Events: 0, 
            Suppression Events: 1
Time: 205.04, 
            Production Events: 0, 
            Suppression Events: 0
Time: 205.04, 
            Production Events: 0, 
            Suppression Events: 0
Time: 206.03, 
            Production Events: 0, 
            Suppression Events: 1
Time: 207.0, 
            Production Events: 0, 
            Suppression Events: 2
Time: 208.11, 
            Production Events: 0, 
            Suppression Events: 2
Time: 209.25, 
            Production Events: 0, 
            Suppression Events: 3
Time: 210.07, 
            Production Events: 0, 
            Suppression Events: 1
Time: 211.09, 
            Production Events: 0, 
            Suppression Events: 2
Time: 212.74, 
            Production Events: 0, 
            Suppression Events: 1
Time: 213.14, 
            Production Events: 0, 
            Suppression Events: 1
Time: 214.8, 
            Production Events: 0, 
            Suppression Events: 1
Time: 215.11, 
            Production Events: 0, 
            Suppression Events: 1
Time: 217.28, 
            Production Events: 1, 
            Suppression Events: 0
Time: 217.28, 
            Production Events: 0, 
            Suppression Events: 0
Time: 218.89, 
            Production Events: 0, 
            Suppression Events: 1
Time: 219.37, 
            Production Events: 0, 
            Suppression Events: 2
Time: 220.75, 
            Production Events: 0, 
            Suppression Events: 1
Time: 221.12, 
            Production Events: 0, 
            Suppression Events: 2
Time: 222.32, 
            Production Events: 0, 
            Suppression Events: 1
Time: 223.63, 
            Production Events: 0, 
            Suppression Events: 1
Time: 224.27, 
            Production Events: 0, 
            Suppression Events: 2
Time: 226.29, 
            Production Events: 0, 
            Suppression Events: 2
Time: 226.29, 
            Production Events: 0, 
            Suppression Events: 0
Time: 227.42, 
            Production Events: 0, 
            Suppression Events: 3
Time: 228.03, 
            Production Events: 0, 
            Suppression Events: 2
Time: 229.93, 
            Production Events: 0, 
            Suppression Events: 1
Time: 230.03, 
            Production Events: 0, 
            Suppression Events: 1
Time: 231.54, 
            Production Events: 0, 
            Suppression Events: 4
Time: 232.36, 
            Production Events: 0, 
            Suppression Events: 1
Time: 233.46, 
            Production Events: 0, 
            Suppression Events: 1
Time: 234.74, 
            Production Events: 0, 
            Suppression Events: 1
Time: 237.48, 
            Production Events: 0, 
            Suppression Events: 1
Time: 237.48, 
            Production Events: 0, 
            Suppression Events: 0
Time: 237.48, 
            Production Events: 0, 
            Suppression Events: 0
Time: 238.68, 
            Production Events: 1, 
            Suppression Events: 2
Time: 239.04, 
            Production Events: 0, 
            Suppression Events: 1
Time: 241.15, 
            Production Events: 0, 
            Suppression Events: 2
Time: 241.15, 
            Production Events: 0, 
            Suppression Events: 0
Time: 242.51, 
            Production Events: 0, 
            Suppression Events: 2
Time: 246.7, 
            Production Events: 0, 
            Suppression Events: 2
Time: 246.7, 
            Production Events: 0, 
            Suppression Events: 0
Time: 246.7, 
            Production Events: 0, 
            Suppression Events: 0
Time: 246.7, 
            Production Events: 0, 
            Suppression Events: 0
Time: 247.44, 
            Production Events: 0, 
            Suppression Events: 1
Time: 249.31, 
            Production Events: 0, 
            Suppression Events: 1
Time: 249.31, 
            Production Events: 0, 
            Suppression Events: 0
Time: 250.11, 
            Production Events: 0, 
            Suppression Events: 2
Time: 251.89, 
            Production Events: 0, 
            Suppression Events: 1
Time: 252.3, 
            Production Events: 0, 
            Suppression Events: 1
Time: 253.31, 
            Production Events: 1, 
            Suppression Events: 2
Time: 254.01, 
            Production Events: 0, 
            Suppression Events: 1
Time: 255.12, 
            Production Events: 0, 
            Suppression Events: 1
Time: 256.83, 
            Production Events: 0, 
            Suppression Events: 1
Time: 257.45, 
            Production Events: 1, 
            Suppression Events: 0
Time: 258.09, 
            Production Events: 0, 
            Suppression Events: 1
Time: 260.31, 
            Production Events: 0, 
            Suppression Events: 1
Time: 260.31, 
            Production Events: 0, 
            Suppression Events: 0
Time: 262.0, 
            Production Events: 0, 
            Suppression Events: 3
Time: 262.0, 
            Production Events: 0, 
            Suppression Events: 0
Time: 265.87, 
            Production Events: 0, 
            Suppression Events: 3
Time: 265.87, 
            Production Events: 0, 
            Suppression Events: 0
Time: 265.87, 
            Production Events: 0, 
            Suppression Events: 0
Time: 266.1, 
            Production Events: 0, 
            Suppression Events: 2
Time: 269.69, 
            Production Events: 0, 
            Suppression Events: 1
Time: 269.69, 
            Production Events: 0, 
            Suppression Events: 0
Time: 269.69, 
            Production Events: 0, 
            Suppression Events: 0
Time: 270.36, 
            Production Events: 0, 
            Suppression Events: 2
Time: 271.02, 
            Production Events: 0, 
            Suppression Events: 1
Time: 272.78, 
            Production Events: 0, 
            Suppression Events: 3
Time: 275.11, 
            Production Events: 0, 
            Suppression Events: 1
Time: 275.11, 
            Production Events: 0, 
            Suppression Events: 0
Time: 275.11, 
            Production Events: 0, 
            Suppression Events: 0
Time: 277.25, 
            Production Events: 0, 
            Suppression Events: 3
Time: 277.25, 
            Production Events: 0, 
            Suppression Events: 0
Time: 278.36, 
            Production Events: 0, 
            Suppression Events: 2
Time: 279.53, 
            Production Events: 0, 
            Suppression Events: 1
Time: 280.91, 
            Production Events: 0, 
            Suppression Events: 1
Time: 282.87, 
            Production Events: 1, 
            Suppression Events: 0
Time: 282.87, 
            Production Events: 0, 
            Suppression Events: 0
Time: 283.3, 
            Production Events: 0, 
            Suppression Events: 1
Time: 284.72, 
            Production Events: 0, 
            Suppression Events: 1
Time: 285.23, 
            Production Events: 0, 
            Suppression Events: 1
Time: 286.42, 
            Production Events: 0, 
            Suppression Events: 1
Time: 289.94, 
            Production Events: 0, 
            Suppression Events: 2
Time: 289.94, 
            Production Events: 0, 
            Suppression Events: 0
Time: 289.94, 
            Production Events: 0, 
            Suppression Events: 0
Time: 291.75, 
            Production Events: 0, 
            Suppression Events: 1
Time: 291.75, 
            Production Events: 0, 
            Suppression Events: 0
Time: 292.5, 
            Production Events: 0, 
            Suppression Events: 1
Time: 293.6, 
            Production Events: 0, 
            Suppression Events: 2
Time: 294.7, 
            Production Events: 0, 
            Suppression Events: 2
Time: 296.08, 
            Production Events: 0, 
            Suppression Events: 2
Time: 296.08, 
            Production Events: 0, 
            Suppression Events: 0
Time: 297.12, 
            Production Events: 0, 
            Suppression Events: 2
Time: 298.31, 
            Production Events: 0, 
            Suppression Events: 1
Time: 299.83, 
            Production Events: 0, 
            Suppression Events: 2
Time: 300.15, 
            Production Events: 0, 
            Suppression Events: 1
Time: 301.06, 
            Production Events: 0, 
            Suppression Events: 1
Time: 302.24, 
            Production Events: 1, 
            Suppression Events: 1
Time: 303.93, 
            Production Events: 1, 
            Suppression Events: 2
Time: 304.39, 
            Production Events: 0, 
            Suppression Events: 1
Time: 308.33, 
            Production Events: 0, 
            Suppression Events: 4
Time: 308.33, 
            Production Events: 0, 
            Suppression Events: 0
Time: 308.33, 
            Production Events: 0, 
            Suppression Events: 0
Time: 308.33, 
            Production Events: 0, 
            Suppression Events: 0
Time: 309.05, 
            Production Events: 0, 
            Suppression Events: 1
Time: 310.06, 
            Production Events: 0, 
            Suppression Events: 1
Time: 311.15, 
            Production Events: 0, 
            Suppression Events: 1
Time: 312.7, 
            Production Events: 0, 
            Suppression Events: 1
Time: 316.67, 
            Production Events: 0, 
            Suppression Events: 1
Time: 316.67, 
            Production Events: 0, 
            Suppression Events: 0
Time: 316.67, 
            Production Events: 0, 
            Suppression Events: 0
Time: 316.67, 
            Production Events: 0, 
            Suppression Events: 0
Time: 317.02, 
            Production Events: 0, 
            Suppression Events: 1
Time: 318.13, 
            Production Events: 0, 
            Suppression Events: 1
Time: 322.24, 
            Production Events: 0, 
            Suppression Events: 3
Time: 322.24, 
            Production Events: 0, 
            Suppression Events: 0
Time: 322.24, 
            Production Events: 0, 
            Suppression Events: 0
Time: 322.24, 
            Production Events: 0, 
            Suppression Events: 0
Time: 324.41, 
            Production Events: 0, 
            Suppression Events: 1
Time: 324.41, 
            Production Events: 0, 
            Suppression Events: 0
Time: 325.27, 
            Production Events: 0, 
            Suppression Events: 2
Time: 326.56, 
            Production Events: 0, 
            Suppression Events: 3
Time: 332.45, 
            Production Events: 0, 
            Suppression Events: 2
Time: 332.45, 
            Production Events: 0, 
            Suppression Events: 0
Time: 332.45, 
            Production Events: 0, 
            Suppression Events: 0
Time: 332.45, 
            Production Events: 0, 
            Suppression Events: 0
Time: 332.45, 
            Production Events: 0, 
            Suppression Events: 0
Time: 332.45, 
            Production Events: 0, 
            Suppression Events: 0
Time: 334.05, 
            Production Events: 0, 
            Suppression Events: 1
Time: 334.05, 
            Production Events: 0, 
            Suppression Events: 0
Time: 336.7, 
            Production Events: 1, 
            Suppression Events: 2
Time: 336.7, 
            Production Events: 0, 
            Suppression Events: 0
Time: 337.5, 
            Production Events: 0, 
            Suppression Events: 1
Time: 338.75, 
            Production Events: 0, 
            Suppression Events: 1
Time: 341.01, 
            Production Events: 0, 
            Suppression Events: 3
Time: 341.01, 
            Production Events: 0, 
            Suppression Events: 0
Time: 341.01, 
            Production Events: 0, 
            Suppression Events: 0
Time: 342.67, 
            Production Events: 0, 
            Suppression Events: 2
Time: 344.15, 
            Production Events: 0, 
            Suppression Events: 1
Time: 344.15, 
            Production Events: 0, 
            Suppression Events: 0
Time: 345.86, 
            Production Events: 0, 
            Suppression Events: 3
Time: 347.79, 
            Production Events: 0, 
            Suppression Events: 1
Time: 347.79, 
            Production Events: 0, 
            Suppression Events: 0
Time: 348.32, 
            Production Events: 0, 
            Suppression Events: 1
Time: 350.86, 
            Production Events: 0, 
            Suppression Events: 1
Time: 350.86, 
            Production Events: 0, 
            Suppression Events: 0
Time: 353.18, 
            Production Events: 0, 
            Suppression Events: 1
Time: 353.18, 
            Production Events: 0, 
            Suppression Events: 0
Time: 353.18, 
            Production Events: 0, 
            Suppression Events: 0
Time: 355.57, 
            Production Events: 0, 
            Suppression Events: 1
Time: 355.57, 
            Production Events: 0, 
            Suppression Events: 0
Time: 356.12, 
            Production Events: 0, 
            Suppression Events: 1
Time: 357.12, 
            Production Events: 1, 
            Suppression Events: 2
Time: 358.41, 
            Production Events: 0, 
            Suppression Events: 1
Time: 359.17, 
            Production Events: 0, 
            Suppression Events: 1
Time: 360.72, 
            Production Events: 1, 
            Suppression Events: 1
Time: 362.04, 
            Production Events: 0, 
            Suppression Events: 1
Time: 362.04, 
            Production Events: 0, 
            Suppression Events: 0
Time: 363.94, 
            Production Events: 0, 
            Suppression Events: 2
Time: 364.59, 
            Production Events: 1, 
            Suppression Events: 1
Time: 365.74, 
            Production Events: 0, 
            Suppression Events: 2
Time: 366.25, 
            Production Events: 0, 
            Suppression Events: 1
Time: 367.18, 
            Production Events: 0, 
            Suppression Events: 2
Time: 369.74, 
            Production Events: 0, 
            Suppression Events: 1
Time: 369.74, 
            Production Events: 0, 
            Suppression Events: 0
Time: 371.35, 
            Production Events: 0, 
            Suppression Events: 3
Time: 371.35, 
            Production Events: 0, 
            Suppression Events: 0
Time: 373.19, 
            Production Events: 0, 
            Suppression Events: 1
Time: 373.19, 
            Production Events: 0, 
            Suppression Events: 0
Time: 375.18, 
            Production Events: 0, 
            Suppression Events: 2
Time: 375.18, 
            Production Events: 0, 
            Suppression Events: 0
Time: 376.61, 
            Production Events: 0, 
            Suppression Events: 1
Time: 379.58, 
            Production Events: 0, 
            Suppression Events: 2
Time: 379.58, 
            Production Events: 0, 
            Suppression Events: 0
Time: 379.58, 
            Production Events: 0, 
            Suppression Events: 0
Time: 380.36, 
            Production Events: 0, 
            Suppression Events: 1
Time: 381.11, 
            Production Events: 0, 
            Suppression Events: 2
Time: 383.1, 
            Production Events: 0, 
            Suppression Events: 2
Time: 383.1, 
            Production Events: 0, 
            Suppression Events: 0
Time: 384.08, 
            Production Events: 0, 
            Suppression Events: 1
Time: 385.39, 
            Production Events: 0, 
            Suppression Events: 1
Time: 386.46, 
            Production Events: 0, 
            Suppression Events: 1
Time: 387.86, 
            Production Events: 0, 
            Suppression Events: 2
Time: 389.36, 
            Production Events: 0, 
            Suppression Events: 1
Time: 389.36, 
            Production Events: 0, 
            Suppression Events: 0
Time: 394.76, 
            Production Events: 0, 
            Suppression Events: 2
Time: 394.76, 
            Production Events: 0, 
            Suppression Events: 0
Time: 394.76, 
            Production Events: 0, 
            Suppression Events: 0
Time: 394.76, 
            Production Events: 0, 
            Suppression Events: 0
Time: 394.76, 
            Production Events: 0, 
            Suppression Events: 0
Time: 395.46, 
            Production Events: 0, 
            Suppression Events: 1
Time: 396.1, 
            Production Events: 0, 
            Suppression Events: 3
Time: 400.68, 
            Production Events: 0, 
            Suppression Events: 2
Time: 400.68, 
            Production Events: 0, 
            Suppression Events: 0
Time: 400.68, 
            Production Events: 0, 
            Suppression Events: 0
Time: 400.68, 
            Production Events: 0, 
            Suppression Events: 0
Time: 402.06, 
            Production Events: 0, 
            Suppression Events: 1
Time: 402.06, 
            Production Events: 0, 
            Suppression Events: 0
Time: 403.61, 
            Production Events: 0, 
            Suppression Events: 2
Time: 406.0, 
            Production Events: 1, 
            Suppression Events: 3
Time: 406.0, 
            Production Events: 0, 
            Suppression Events: 0
Time: 406.0, 
            Production Events: 0, 
            Suppression Events: 0
Time: 409.17, 
            Production Events: 0, 
            Suppression Events: 3
Time: 409.17, 
            Production Events: 0, 
            Suppression Events: 0
Time: 409.17, 
            Production Events: 0, 
            Suppression Events: 0
Time: 411.18, 
            Production Events: 0, 
            Suppression Events: 2
Time: 411.18, 
            Production Events: 0, 
            Suppression Events: 0
Time: 412.69, 
            Production Events: 0, 
            Suppression Events: 1
Time: 413.92, 
            Production Events: 0, 
            Suppression Events: 1
Time: 414.18, 
            Production Events: 0, 
            Suppression Events: 1
Time: 415.22, 
            Production Events: 0, 
            Suppression Events: 1
Time: 416.06, 
            Production Events: 0, 
            Suppression Events: 1
Time: 417.42, 
            Production Events: 0, 
            Suppression Events: 1
Time: 418.17, 
            Production Events: 0, 
            Suppression Events: 2
Time: 419.48, 
            Production Events: 0, 
            Suppression Events: 1
Time: 420.56, 
            Production Events: 0, 
            Suppression Events: 1
Time: 421.89, 
            Production Events: 0, 
            Suppression Events: 1
Time: 422.18, 
            Production Events: 0, 
            Suppression Events: 1
Time: 423.53, 
            Production Events: 0, 
            Suppression Events: 1
Time: 424.49, 
            Production Events: 0, 
            Suppression Events: 1
Time: 425.34, 
            Production Events: 0, 
            Suppression Events: 1
Time: 426.25, 
            Production Events: 0, 
            Suppression Events: 1
Time: 427.69, 
            Production Events: 0, 
            Suppression Events: 1
Time: 428.72, 
            Production Events: 0, 
            Suppression Events: 2
Time: 429.44, 
            Production Events: 0, 
            Suppression Events: 2
Time: 430.2, 
            Production Events: 0, 
            Suppression Events: 1
Time: 431.31, 
            Production Events: 0, 
            Suppression Events: 4
Time: 433.95, 
            Production Events: 0, 
            Suppression Events: 1
Time: 433.95, 
            Production Events: 0, 
            Suppression Events: 0
Time: 435.84, 
            Production Events: 0, 
            Suppression Events: 1
Time: 435.84, 
            Production Events: 0, 
            Suppression Events: 0
Time: 437.0, 
            Production Events: 0, 
            Suppression Events: 1
Time: 437.0, 
            Production Events: 0, 
            Suppression Events: 0
Time: 439.58, 
            Production Events: 0, 
            Suppression Events: 1
Time: 439.58, 
            Production Events: 0, 
            Suppression Events: 0
Time: 440.95, 
            Production Events: 0, 
            Suppression Events: 3
Time: 444.76, 
            Production Events: 0, 
            Suppression Events: 1
Time: 444.76, 
            Production Events: 0, 
            Suppression Events: 0
Time: 444.76, 
            Production Events: 0, 
            Suppression Events: 0
Time: 444.76, 
            Production Events: 0, 
            Suppression Events: 0
Time: 446.08, 
            Production Events: 0, 
            Suppression Events: 1
Time: 446.08, 
            Production Events: 0, 
            Suppression Events: 0
Time: 449.32, 
            Production Events: 0, 
            Suppression Events: 2
Time: 449.32, 
            Production Events: 0, 
            Suppression Events: 0
Time: 449.32, 
            Production Events: 0, 
            Suppression Events: 0
Time: 452.02, 
            Production Events: 0, 
            Suppression Events: 2
Time: 452.02, 
            Production Events: 0, 
            Suppression Events: 0
Time: 452.02, 
            Production Events: 0, 
            Suppression Events: 0
Time: 453.25, 
            Production Events: 0, 
            Suppression Events: 1
Time: 454.08, 
            Production Events: 0, 
            Suppression Events: 1
Time: 455.7, 
            Production Events: 0, 
            Suppression Events: 2
Time: 457.22, 
            Production Events: 0, 
            Suppression Events: 1
Time: 457.22, 
            Production Events: 0, 
            Suppression Events: 0
Time: 458.38, 
            Production Events: 0, 
            Suppression Events: 4
Time: 460.03, 
            Production Events: 0, 
            Suppression Events: 1
Time: 460.03, 
            Production Events: 0, 
            Suppression Events: 0
Time: 462.63, 
            Production Events: 0, 
            Suppression Events: 2
Time: 462.63, 
            Production Events: 0, 
            Suppression Events: 0
Time: 465.42, 
            Production Events: 1, 
            Suppression Events: 0
Time: 465.42, 
            Production Events: 0, 
            Suppression Events: 0
Time: 465.42, 
            Production Events: 0, 
            Suppression Events: 0
Time: 466.61, 
            Production Events: 0, 
            Suppression Events: 1
Time: 468.34, 
            Production Events: 0, 
            Suppression Events: 2
Time: 468.34, 
            Production Events: 0, 
            Suppression Events: 0
Time: 472.43, 
            Production Events: 0, 
            Suppression Events: 6
Time: 472.43, 
            Production Events: 0, 
            Suppression Events: 0
Time: 472.43, 
            Production Events: 0, 
            Suppression Events: 0
Time: 472.43, 
            Production Events: 0, 
            Suppression Events: 0
Time: 474.07, 
            Production Events: 0, 
            Suppression Events: 1
Time: 474.07, 
            Production Events: 0, 
            Suppression Events: 0
Time: 477.54, 
            Production Events: 0, 
            Suppression Events: 1
Time: 477.54, 
            Production Events: 0, 
            Suppression Events: 0
Time: 477.54, 
            Production Events: 0, 
            Suppression Events: 0
Time: 478.88, 
            Production Events: 0, 
            Suppression Events: 1
Time: 479.43, 
            Production Events: 0, 
            Suppression Events: 1
Time: 480.37, 
            Production Events: 0, 
            Suppression Events: 2
Time: 481.87, 
            Production Events: 0, 
            Suppression Events: 1
Time: 482.96, 
            Production Events: 0, 
            Suppression Events: 1
Time: 483.81, 
            Production Events: 0, 
            Suppression Events: 1
Time: 484.24, 
            Production Events: 0, 
            Suppression Events: 1
Time: 485.32, 
            Production Events: 0, 
            Suppression Events: 2
Time: 486.81, 
            Production Events: 1, 
            Suppression Events: 0
Time: 487.06, 
            Production Events: 1, 
            Suppression Events: 0
Time: 488.86, 
            Production Events: 0, 
            Suppression Events: 2
Time: 489.1, 
            Production Events: 0, 
            Suppression Events: 1
Time: 490.6, 
            Production Events: 0, 
            Suppression Events: 3
Time: 492.23, 
            Production Events: 1, 
            Suppression Events: 1
Time: 492.23, 
            Production Events: 0, 
            Suppression Events: 0
Time: 493.43, 
            Production Events: 0, 
            Suppression Events: 3
Time: 494.38, 
            Production Events: 0, 
            Suppression Events: 1
Time: 495.43, 
            Production Events: 0, 
            Suppression Events: 2
Time: 496.61, 
            Production Events: 1, 
            Suppression Events: 0
Time: 497.27, 
            Production Events: 0, 
            Suppression Events: 1
Time: 498.22, 
            Production Events: 0, 
            Suppression Events: 2
Time: 499.46, 
            Production Events: 1, 
            Suppression Events: 2
Time: 502.37, 
            Production Events: 0, 
            Suppression Events: 3
Time: 502.37, 
            Production Events: 0, 
            Suppression Events: 0
Time: 502.37, 
            Production Events: 0, 
            Suppression Events: 0
Time: 503.92, 
            Production Events: 0, 
            Suppression Events: 1
Time: 504.12, 
            Production Events: 0, 
            Suppression Events: 1
Time: 512.06, 
            Production Events: 0, 
            Suppression Events: 1
Time: 512.06, 
            Production Events: 0, 
            Suppression Events: 0
Time: 512.06, 
            Production Events: 0, 
            Suppression Events: 0
Time: 512.06, 
            Production Events: 0, 
            Suppression Events: 0
Time: 512.06, 
            Production Events: 0, 
            Suppression Events: 0
Time: 512.06, 
            Production Events: 0, 
            Suppression Events: 0
Time: 512.06, 
            Production Events: 0, 
            Suppression Events: 0
Time: 512.06, 
            Production Events: 0, 
            Suppression Events: 0
Time: 513.18, 
            Production Events: 0, 
            Suppression Events: 4
Time: 515.6, 
            Production Events: 0, 
            Suppression Events: 1
Time: 515.6, 
            Production Events: 0, 
            Suppression Events: 0
Time: 517.06, 
            Production Events: 0, 
            Suppression Events: 1
Time: 517.06, 
            Production Events: 0, 
            Suppression Events: 0
Time: 520.2, 
            Production Events: 0, 
            Suppression Events: 1
Time: 520.2, 
            Production Events: 0, 
            Suppression Events: 0
Time: 520.2, 
            Production Events: 0, 
            Suppression Events: 0
Time: 525.31, 
            Production Events: 0, 
            Suppression Events: 1
Time: 525.31, 
            Production Events: 0, 
            Suppression Events: 0
Time: 525.31, 
            Production Events: 0, 
            Suppression Events: 0
Time: 525.31, 
            Production Events: 0, 
            Suppression Events: 0
Time: 525.31, 
            Production Events: 0, 
            Suppression Events: 0
Time: 526.0, 
            Production Events: 2, 
            Suppression Events: 0
Time: 527.85, 
            Production Events: 0, 
            Suppression Events: 3
Time: 528.26, 
            Production Events: 0, 
            Suppression Events: 1
Time: 529.42, 
            Production Events: 0, 
            Suppression Events: 5
Time: 530.2, 
            Production Events: 0, 
            Suppression Events: 3
Time: 531.35, 
            Production Events: 0, 
            Suppression Events: 1
Time: 533.52, 
            Production Events: 0, 
            Suppression Events: 3
Time: 533.52, 
            Production Events: 0, 
            Suppression Events: 0
Time: 534.04, 
            Production Events: 0, 
            Suppression Events: 2
Time: 537.18, 
            Production Events: 0, 
            Suppression Events: 3
Time: 537.18, 
            Production Events: 0, 
            Suppression Events: 0
Time: 537.18, 
            Production Events: 0, 
            Suppression Events: 0
Time: 538.2, 
            Production Events: 0, 
            Suppression Events: 2
Time: 539.1, 
            Production Events: 0, 
            Suppression Events: 2
Time: 540.51, 
            Production Events: 0, 
            Suppression Events: 1
Time: 544.98, 
            Production Events: 1, 
            Suppression Events: 1
Time: 544.98, 
            Production Events: 0, 
            Suppression Events: 0
Time: 544.98, 
            Production Events: 0, 
            Suppression Events: 0
Time: 544.98, 
            Production Events: 0, 
            Suppression Events: 0
Time: 546.17, 
            Production Events: 0, 
            Suppression Events: 1
Time: 546.17, 
            Production Events: 0, 
            Suppression Events: 0
Time: 548.67, 
            Production Events: 0, 
            Suppression Events: 3
Time: 548.67, 
            Production Events: 0, 
            Suppression Events: 0
Time: 549.11, 
            Production Events: 0, 
            Suppression Events: 1
Time: 550.6, 
            Production Events: 0, 
            Suppression Events: 2
Time: 551.52, 
            Production Events: 0, 
            Suppression Events: 1
Time: 554.02, 
            Production Events: 0, 
            Suppression Events: 2
Time: 554.02, 
            Production Events: 0, 
            Suppression Events: 0
Time: 554.02, 
            Production Events: 0, 
            Suppression Events: 0
Time: 555.87, 
            Production Events: 0, 
            Suppression Events: 1
Time: 556.36, 
            Production Events: 0, 
            Suppression Events: 1
Time: 558.37, 
            Production Events: 0, 
            Suppression Events: 1
Time: 558.37, 
            Production Events: 0, 
            Suppression Events: 0
Time: 560.4, 
            Production Events: 0, 
            Suppression Events: 2
Time: 560.4, 
            Production Events: 0, 
            Suppression Events: 0
Time: 561.76, 
            Production Events: 0, 
            Suppression Events: 2
Time: 562.16, 
            Production Events: 0, 
            Suppression Events: 1
Time: 563.51, 
            Production Events: 0, 
            Suppression Events: 4
Time: 564.13, 
            Production Events: 0, 
            Suppression Events: 2
Time: 565.1, 
            Production Events: 0, 
            Suppression Events: 2
Time: 566.29, 
            Production Events: 0, 
            Suppression Events: 3
Time: 568.02, 
            Production Events: 0, 
            Suppression Events: 2
Time: 568.02, 
            Production Events: 0, 
            Suppression Events: 0
Time: 569.3, 
            Production Events: 0, 
            Suppression Events: 4
Time: 570.14, 
            Production Events: 0, 
            Suppression Events: 2
Time: 573.21, 
            Production Events: 0, 
            Suppression Events: 2
Time: 573.21, 
            Production Events: 0, 
            Suppression Events: 0
Time: 573.21, 
            Production Events: 0, 
            Suppression Events: 0
Time: 575.36, 
            Production Events: 0, 
            Suppression Events: 2
Time: 575.36, 
            Production Events: 0, 
            Suppression Events: 0
Time: 577.24, 
            Production Events: 0, 
            Suppression Events: 1
Time: 577.24, 
            Production Events: 0, 
            Suppression Events: 0
Time: 578.95, 
            Production Events: 0, 
            Suppression Events: 2
Time: 579.64, 
            Production Events: 0, 
            Suppression Events: 1
Time: 581.34, 
            Production Events: 0, 
            Suppression Events: 2
Time: 581.34, 
            Production Events: 0, 
            Suppression Events: 0
Time: 582.86, 
            Production Events: 0, 
            Suppression Events: 2
Time: 587.03, 
            Production Events: 0, 
            Suppression Events: 1
Time: 587.03, 
            Production Events: 0, 
            Suppression Events: 0
Time: 587.03, 
            Production Events: 0, 
            Suppression Events: 0
Time: 587.03, 
            Production Events: 0, 
            Suppression Events: 0
Time: 587.03, 
            Production Events: 0, 
            Suppression Events: 0
Time: 589.02, 
            Production Events: 0, 
            Suppression Events: 1
Time: 589.02, 
            Production Events: 0, 
            Suppression Events: 0
Time: 590.18, 
            Production Events: 0, 
            Suppression Events: 2
Time: 591.13, 
            Production Events: 0, 
            Suppression Events: 1
Time: 592.34, 
            Production Events: 0, 
            Suppression Events: 3
Time: 593.78, 
            Production Events: 0, 
            Suppression Events: 1
Time: 595.32, 
            Production Events: 0, 
            Suppression Events: 1
Time: 595.32, 
            Production Events: 0, 
            Suppression Events: 0
Time: 596.69, 
            Production Events: 0, 
            Suppression Events: 1
Time: 597.25, 
            Production Events: 0, 
            Suppression Events: 1
Time: 598.63, 
            Production Events: 0, 
            Suppression Events: 2
Time: 601.57, 
            Production Events: 1, 
            Suppression Events: 2
Time: 601.57, 
            Production Events: 0, 
            Suppression Events: 0
Time: 601.57, 
            Production Events: 0, 
            Suppression Events: 0
Time: 602.01, 
            Production Events: 0, 
            Suppression Events: 4
Time: 604.63, 
            Production Events: 0, 
            Suppression Events: 4
Time: 604.63, 
            Production Events: 0, 
            Suppression Events: 0
Time: 605.43, 
            Production Events: 0, 
            Suppression Events: 1
Time: 606.13, 
            Production Events: 0, 
            Suppression Events: 2
Time: 607.19, 
            Production Events: 0, 
            Suppression Events: 2
Time: 608.24, 
            Production Events: 0, 
            Suppression Events: 2
Time: 610.93, 
            Production Events: 0, 
            Suppression Events: 1
Time: 610.93, 
            Production Events: 0, 
            Suppression Events: 0
Time: 611.73, 
            Production Events: 0, 
            Suppression Events: 1
Time: 612.19, 
            Production Events: 0, 
            Suppression Events: 1
Time: 617.18, 
            Production Events: 0, 
            Suppression Events: 2
Time: 617.18, 
            Production Events: 0, 
            Suppression Events: 0
Time: 617.18, 
            Production Events: 0, 
            Suppression Events: 0
Time: 617.18, 
            Production Events: 0, 
            Suppression Events: 0
Time: 617.18, 
            Production Events: 0, 
            Suppression Events: 0
Time: 618.28, 
            Production Events: 0, 
            Suppression Events: 2
Time: 619.5, 
            Production Events: 0, 
            Suppression Events: 1
Time: 620.44, 
            Production Events: 0, 
            Suppression Events: 3
Time: 621.76, 
            Production Events: 0, 
            Suppression Events: 1
Time: 622.76, 
            Production Events: 0, 
            Suppression Events: 1
Time: 625.41, 
            Production Events: 0, 
            Suppression Events: 1
Time: 625.41, 
            Production Events: 0, 
            Suppression Events: 0
Time: 625.41, 
            Production Events: 0, 
            Suppression Events: 0
Time: 626.3, 
            Production Events: 0, 
            Suppression Events: 1
Time: 628.89, 
            Production Events: 0, 
            Suppression Events: 1
Time: 628.89, 
            Production Events: 0, 
            Suppression Events: 0
Time: 630.97, 
            Production Events: 0, 
            Suppression Events: 1
Time: 630.97, 
            Production Events: 0, 
            Suppression Events: 0
Time: 634.67, 
            Production Events: 0, 
            Suppression Events: 1
Time: 634.67, 
            Production Events: 0, 
            Suppression Events: 0
Time: 634.67, 
            Production Events: 0, 
            Suppression Events: 0
Time: 634.67, 
            Production Events: 0, 
            Suppression Events: 0
Time: 635.13, 
            Production Events: 0, 
            Suppression Events: 1
Time: 636.16, 
            Production Events: 0, 
            Suppression Events: 3
Time: 637.91, 
            Production Events: 0, 
            Suppression Events: 1
Time: 638.95, 
            Production Events: 1, 
            Suppression Events: 0
Time: 639.81, 
            Production Events: 0, 
            Suppression Events: 1
Time: 641.24, 
            Production Events: 0, 
            Suppression Events: 2
Time: 641.24, 
            Production Events: 0, 
            Suppression Events: 0
Time: 642.56, 
            Production Events: 0, 
            Suppression Events: 2
Time: 643.45, 
            Production Events: 0, 
            Suppression Events: 1
Time: 644.5, 
            Production Events: 0, 
            Suppression Events: 1
Time: 645.23, 
            Production Events: 0, 
            Suppression Events: 3
Time: 646.36, 
            Production Events: 0, 
            Suppression Events: 1
Time: 648.57, 
            Production Events: 0, 
            Suppression Events: 1
Time: 648.57, 
            Production Events: 0, 
            Suppression Events: 0
Time: 649.15, 
            Production Events: 0, 
            Suppression Events: 1
Time: 650.13, 
            Production Events: 0, 
            Suppression Events: 1
Time: 651.16, 
            Production Events: 0, 
            Suppression Events: 1
Time: 653.26, 
            Production Events: 0, 
            Suppression Events: 1
Time: 653.26, 
            Production Events: 0, 
            Suppression Events: 0
Time: 655.05, 
            Production Events: 0, 
            Suppression Events: 1
Time: 655.05, 
            Production Events: 0, 
            Suppression Events: 0
Time: 657.42, 
            Production Events: 0, 
            Suppression Events: 2
Time: 657.42, 
            Production Events: 0, 
            Suppression Events: 0
Time: 658.84, 
            Production Events: 0, 
            Suppression Events: 3
Time: 663.01, 
            Production Events: 0, 
            Suppression Events: 1
Time: 663.01, 
            Production Events: 0, 
            Suppression Events: 0
Time: 663.01, 
            Production Events: 0, 
            Suppression Events: 0
Time: 663.01, 
            Production Events: 0, 
            Suppression Events: 0
Time: 663.01, 
            Production Events: 0, 
            Suppression Events: 0
Time: 664.88, 
            Production Events: 0, 
            Suppression Events: 2
Time: 665.69, 
            Production Events: 0, 
            Suppression Events: 1
Time: 666.14, 
            Production Events: 0, 
            Suppression Events: 1
Time: 668.05, 
            Production Events: 0, 
            Suppression Events: 2
Time: 668.05, 
            Production Events: 0, 
            Suppression Events: 0
Time: 669.74, 
            Production Events: 0, 
            Suppression Events: 2
Time: 671.25, 
            Production Events: 0, 
            Suppression Events: 1
Time: 671.25, 
            Production Events: 0, 
            Suppression Events: 0
Time: 673.48, 
            Production Events: 0, 
            Suppression Events: 1
Time: 673.48, 
            Production Events: 0, 
            Suppression Events: 0
Time: 676.23, 
            Production Events: 0, 
            Suppression Events: 1
Time: 676.23, 
            Production Events: 0, 
            Suppression Events: 0
Time: 676.23, 
            Production Events: 0, 
            Suppression Events: 0
Time: 677.36, 
            Production Events: 0, 
            Suppression Events: 2
Time: 680.4, 
            Production Events: 0, 
            Suppression Events: 1
Time: 680.4, 
            Production Events: 0, 
            Suppression Events: 0
Time: 680.4, 
            Production Events: 0, 
            Suppression Events: 0
Time: 681.29, 
            Production Events: 1, 
            Suppression Events: 1
Time: 683.62, 
            Production Events: 0, 
            Suppression Events: 1
Time: 683.62, 
            Production Events: 0, 
            Suppression Events: 0
Time: 684.8, 
            Production Events: 0, 
            Suppression Events: 1
Time: 685.14, 
            Production Events: 0, 
            Suppression Events: 1
Time: 686.07, 
            Production Events: 0, 
            Suppression Events: 2
Time: 687.17, 
            Production Events: 0, 
            Suppression Events: 3
Time: 688.99, 
            Production Events: 0, 
            Suppression Events: 1
Time: 689.45, 
            Production Events: 0, 
            Suppression Events: 1
Time: 690.8, 
            Production Events: 0, 
            Suppression Events: 1
Time: 691.52, 
            Production Events: 0, 
            Suppression Events: 1
Time: 693.4, 
            Production Events: 0, 
            Suppression Events: 2
Time: 693.4, 
            Production Events: 0, 
            Suppression Events: 0
Time: 694.57, 
            Production Events: 0, 
            Suppression Events: 1
Time: 695.5, 
            Production Events: 0, 
            Suppression Events: 2
Time: 696.28, 
            Production Events: 0, 
            Suppression Events: 2
Time: 697.18, 
            Production Events: 0, 
            Suppression Events: 1
Time: 699.66, 
            Production Events: 0, 
            Suppression Events: 2
Time: 699.66, 
            Production Events: 0, 
            Suppression Events: 0
Time: 701.49, 
            Production Events: 1, 
            Suppression Events: 0
Time: 701.49, 
            Production Events: 0, 
            Suppression Events: 0
Time: 703.74, 
            Production Events: 0, 
            Suppression Events: 1
Time: 703.74, 
            Production Events: 0, 
            Suppression Events: 0
Time: 705.55, 
            Production Events: 0, 
            Suppression Events: 2
Time: 705.55, 
            Production Events: 0, 
            Suppression Events: 0
Time: 706.39, 
            Production Events: 0, 
            Suppression Events: 1
Time: 707.55, 
            Production Events: 0, 
            Suppression Events: 2
Time: 709.91, 
            Production Events: 0, 
            Suppression Events: 1
Time: 709.91, 
            Production Events: 0, 
            Suppression Events: 0
Time: 712.84, 
            Production Events: 0, 
            Suppression Events: 1
Time: 712.84, 
            Production Events: 0, 
            Suppression Events: 0
Time: 712.84, 
            Production Events: 0, 
            Suppression Events: 0
Time: 713.24, 
            Production Events: 0, 
            Suppression Events: 1
Time: 718.15, 
            Production Events: 0, 
            Suppression Events: 2
Time: 718.15, 
            Production Events: 0, 
            Suppression Events: 0
Time: 718.15, 
            Production Events: 0, 
            Suppression Events: 0
Time: 718.15, 
            Production Events: 0, 
            Suppression Events: 0
Time: 718.15, 
            Production Events: 0, 
            Suppression Events: 0
Time: 719.13, 
            Production Events: 0, 
            Suppression Events: 2
Time: 720.78, 
            Production Events: 0, 
            Suppression Events: 2
Time: 721.66, 
            Production Events: 0, 
            Suppression Events: 1
Time: 722.11, 
            Production Events: 1, 
            Suppression Events: 1
Time: 724.2, 
            Production Events: 0, 
            Suppression Events: 2
Time: 724.2, 
            Production Events: 0, 
            Suppression Events: 0
Time: 726.38, 
            Production Events: 0, 
            Suppression Events: 1
Time: 726.38, 
            Production Events: 0, 
            Suppression Events: 0
Time: 727.01, 
            Production Events: 0, 
            Suppression Events: 2
Time: 728.83, 
            Production Events: 0, 
            Suppression Events: 2
Time: 729.56, 
            Production Events: 0, 
            Suppression Events: 1
Time: 730.74, 
            Production Events: 0, 
            Suppression Events: 1
Time: 731.41, 
            Production Events: 0, 
            Suppression Events: 1
Time: 734.39, 
            Production Events: 0, 
            Suppression Events: 1
Time: 734.39, 
            Production Events: 0, 
            Suppression Events: 0
Time: 734.39, 
            Production Events: 0, 
            Suppression Events: 0
Time: 735.76, 
            Production Events: 0, 
            Suppression Events: 1
Time: 736.93, 
            Production Events: 0, 
            Suppression Events: 1
Time: 739.63, 
            Production Events: 0, 
            Suppression Events: 2
Time: 739.63, 
            Production Events: 0, 
            Suppression Events: 0
Time: 739.63, 
            Production Events: 0, 
            Suppression Events: 0
Time: 741.14, 
            Production Events: 0, 
            Suppression Events: 1
Time: 741.14, 
            Production Events: 0, 
            Suppression Events: 0
Time: 742.71, 
            Production Events: 0, 
            Suppression Events: 3
Time: 743.63, 
            Production Events: 0, 
            Suppression Events: 2
Time: 744.78, 
            Production Events: 0, 
            Suppression Events: 1
Time: 745.28, 
            Production Events: 0, 
            Suppression Events: 1
Time: 746.01, 
            Production Events: 0, 
            Suppression Events: 1
Time: 748.29, 
            Production Events: 0, 
            Suppression Events: 1
Time: 748.29, 
            Production Events: 0, 
            Suppression Events: 0
Time: 749.34, 
            Production Events: 0, 
            Suppression Events: 2
Time: 750.04, 
            Production Events: 0, 
            Suppression Events: 2
Time: 752.23, 
            Production Events: 0, 
            Suppression Events: 2
Time: 752.23, 
            Production Events: 0, 
            Suppression Events: 0
Time: 754.05, 
            Production Events: 0, 
            Suppression Events: 1
Time: 754.05, 
            Production Events: 0, 
            Suppression Events: 0
Time: 755.0, 
            Production Events: 0, 
            Suppression Events: 1
Time: 756.5, 
            Production Events: 0, 
            Suppression Events: 1
Time: 757.39, 
            Production Events: 0, 
            Suppression Events: 2
Time: 759.05, 
            Production Events: 0, 
            Suppression Events: 2
Time: 759.05, 
            Production Events: 0, 
            Suppression Events: 0
Time: 765.8, 
            Production Events: 1, 
            Suppression Events: 0
Time: 765.8, 
            Production Events: 0, 
            Suppression Events: 0
Time: 765.8, 
            Production Events: 0, 
            Suppression Events: 0
Time: 765.8, 
            Production Events: 0, 
            Suppression Events: 0
Time: 765.8, 
            Production Events: 0, 
            Suppression Events: 0
Time: 765.8, 
            Production Events: 0, 
            Suppression Events: 0
Time: 769.75, 
            Production Events: 0, 
            Suppression Events: 2
Time: 769.75, 
            Production Events: 0, 
            Suppression Events: 0
Time: 769.75, 
            Production Events: 0, 
            Suppression Events: 0
Time: 769.75, 
            Production Events: 0, 
            Suppression Events: 0
Time: 770.46, 
            Production Events: 0, 
            Suppression Events: 1
Time: 771.93, 
            Production Events: 0, 
            Suppression Events: 1
Time: 772.62, 
            Production Events: 0, 
            Suppression Events: 1
Time: 773.04, 
            Production Events: 0, 
            Suppression Events: 1
Time: 776.1, 
            Production Events: 0, 
            Suppression Events: 1
Time: 776.1, 
            Production Events: 0, 
            Suppression Events: 0
Time: 776.1, 
            Production Events: 0, 
            Suppression Events: 0
Time: 778.67, 
            Production Events: 0, 
            Suppression Events: 1
Time: 778.67, 
            Production Events: 0, 
            Suppression Events: 0
Time: 780.04, 
            Production Events: 0, 
            Suppression Events: 2
Time: 780.04, 
            Production Events: 0, 
            Suppression Events: 0
Time: 782.72, 
            Production Events: 0, 
            Suppression Events: 1
Time: 782.72, 
            Production Events: 0, 
            Suppression Events: 0
Time: 784.64, 
            Production Events: 0, 
            Suppression Events: 1
Time: 784.64, 
            Production Events: 0, 
            Suppression Events: 0
Time: 786.75, 
            Production Events: 0, 
            Suppression Events: 1
Time: 786.75, 
            Production Events: 0, 
            Suppression Events: 0
Time: 787.2, 
            Production Events: 0, 
            Suppression Events: 1
Time: 789.03, 
            Production Events: 0, 
            Suppression Events: 1
Time: 789.03, 
            Production Events: 0, 
            Suppression Events: 0
Time: 790.02, 
            Production Events: 0, 
            Suppression Events: 2
Time: 791.2, 
            Production Events: 0, 
            Suppression Events: 2
Time: 793.93, 
            Production Events: 0, 
            Suppression Events: 1
Time: 793.93, 
            Production Events: 0, 
            Suppression Events: 0
Time: 795.09, 
            Production Events: 0, 
            Suppression Events: 1
Time: 795.09, 
            Production Events: 0, 
            Suppression Events: 0
Time: 796.27, 
            Production Events: 0, 
            Suppression Events: 3
Time: 799.34, 
            Production Events: 0, 
            Suppression Events: 2
Time: 799.34, 
            Production Events: 0, 
            Suppression Events: 0
Time: 799.34, 
            Production Events: 0, 
            Suppression Events: 0
Time: 801.3, 
            Production Events: 0, 
            Suppression Events: 1
Time: 801.3, 
            Production Events: 0, 
            Suppression Events: 0
Time: 802.28, 
            Production Events: 0, 
            Suppression Events: 1
Time: 804.03, 
            Production Events: 0, 
            Suppression Events: 2
Time: 804.03, 
            Production Events: 0, 
            Suppression Events: 0
Time: 805.05, 
            Production Events: 0, 
            Suppression Events: 1
Time: 806.79, 
            Production Events: 0, 
            Suppression Events: 2
Time: 807.84, 
            Production Events: 0, 
            Suppression Events: 1
Time: 809.0, 
            Production Events: 0, 
            Suppression Events: 1
Time: 809.0, 
            Production Events: 0, 
            Suppression Events: 0
Time: 811.41, 
            Production Events: 0, 
            Suppression Events: 4
Time: 811.41, 
            Production Events: 0, 
            Suppression Events: 0
Time: 813.2, 
            Production Events: 0, 
            Suppression Events: 1
Time: 813.2, 
            Production Events: 0, 
            Suppression Events: 0
Time: 814.29, 
            Production Events: 0, 
            Suppression Events: 1
Time: 815.39, 
            Production Events: 0, 
            Suppression Events: 1
Time: 818.64, 
            Production Events: 0, 
            Suppression Events: 1
Time: 818.64, 
            Production Events: 0, 
            Suppression Events: 0
Time: 818.64, 
            Production Events: 0, 
            Suppression Events: 0
Time: 819.29, 
            Production Events: 0, 
            Suppression Events: 1
Time: 822.53, 
            Production Events: 0, 
            Suppression Events: 1
Time: 822.53, 
            Production Events: 0, 
            Suppression Events: 0
Time: 822.53, 
            Production Events: 0, 
            Suppression Events: 0
Time: 824.09, 
            Production Events: 0, 
            Suppression Events: 1
Time: 824.09, 
            Production Events: 0, 
            Suppression Events: 0
Time: 827.35, 
            Production Events: 0, 
            Suppression Events: 3
Time: 827.35, 
            Production Events: 0, 
            Suppression Events: 0
Time: 827.35, 
            Production Events: 0, 
            Suppression Events: 0
Time: 828.2, 
            Production Events: 0, 
            Suppression Events: 1
Time: 829.02, 
            Production Events: 1, 
            Suppression Events: 1
Time: 830.69, 
            Production Events: 0, 
            Suppression Events: 2
Time: 831.11, 
            Production Events: 0, 
            Suppression Events: 1
Time: 834.13, 
            Production Events: 0, 
            Suppression Events: 2
Time: 834.13, 
            Production Events: 0, 
            Suppression Events: 0
Time: 834.13, 
            Production Events: 0, 
            Suppression Events: 0
Time: 837.42, 
            Production Events: 0, 
            Suppression Events: 1
Time: 837.42, 
            Production Events: 0, 
            Suppression Events: 0
Time: 837.42, 
            Production Events: 0, 
            Suppression Events: 0
Time: 839.85, 
            Production Events: 0, 
            Suppression Events: 1
Time: 839.85, 
            Production Events: 0, 
            Suppression Events: 0
Time: 842.67, 
            Production Events: 0, 
            Suppression Events: 1
Time: 842.67, 
            Production Events: 0, 
            Suppression Events: 0
Time: 842.67, 
            Production Events: 0, 
            Suppression Events: 0
Time: 843.38, 
            Production Events: 0, 
            Suppression Events: 1
Time: 845.27, 
            Production Events: 0, 
            Suppression Events: 3
Time: 845.27, 
            Production Events: 0, 
            Suppression Events: 0
Time: 846.85, 
            Production Events: 0, 
            Suppression Events: 1
Time: 847.33, 
            Production Events: 0, 
            Suppression Events: 2
Time: 848.6, 
            Production Events: 0, 
            Suppression Events: 3
Time: 850.6, 
            Production Events: 0, 
            Suppression Events: 1
Time: 850.6, 
            Production Events: 0, 
            Suppression Events: 0
Time: 851.58, 
            Production Events: 0, 
            Suppression Events: 2
Time: 852.29, 
            Production Events: 0, 
            Suppression Events: 2
Time: 853.88, 
            Production Events: 0, 
            Suppression Events: 2
Time: 857.98, 
            Production Events: 0, 
            Suppression Events: 1
Time: 857.98, 
            Production Events: 0, 
            Suppression Events: 0
Time: 857.98, 
            Production Events: 0, 
            Suppression Events: 0
Time: 857.98, 
            Production Events: 0, 
            Suppression Events: 0
Time: 858.5, 
            Production Events: 0, 
            Suppression Events: 1
Time: 863.71, 
            Production Events: 0, 
            Suppression Events: 1
Time: 863.71, 
            Production Events: 0, 
            Suppression Events: 0
Time: 863.71, 
            Production Events: 0, 
            Suppression Events: 0
Time: 863.71, 
            Production Events: 0, 
            Suppression Events: 0
Time: 863.71, 
            Production Events: 0, 
            Suppression Events: 0
Time: 865.22, 
            Production Events: 0, 
            Suppression Events: 3
Time: 865.22, 
            Production Events: 0, 
            Suppression Events: 0
Time: 867.33, 
            Production Events: 0, 
            Suppression Events: 1
Time: 867.33, 
            Production Events: 0, 
            Suppression Events: 0
Time: 869.17, 
            Production Events: 0, 
            Suppression Events: 1
Time: 869.17, 
            Production Events: 0, 
            Suppression Events: 0
Time: 870.67, 
            Production Events: 1, 
            Suppression Events: 2
Time: 871.76, 
            Production Events: 0, 
            Suppression Events: 1
Time: 872.44, 
            Production Events: 1, 
            Suppression Events: 1
Time: 873.3, 
            Production Events: 0, 
            Suppression Events: 1
Time: 874.5, 
            Production Events: 0, 
            Suppression Events: 2
Time: 875.04, 
            Production Events: 0, 
            Suppression Events: 1
Time: 876.26, 
            Production Events: 0, 
            Suppression Events: 2
Time: 879.09, 
            Production Events: 0, 
            Suppression Events: 2
Time: 879.09, 
            Production Events: 0, 
            Suppression Events: 0
Time: 879.09, 
            Production Events: 0, 
            Suppression Events: 0
Time: 880.41, 
            Production Events: 0, 
            Suppression Events: 2
Time: 882.73, 
            Production Events: 0, 
            Suppression Events: 2
Time: 882.73, 
            Production Events: 0, 
            Suppression Events: 0
Time: 886.47, 
            Production Events: 1, 
            Suppression Events: 1
Time: 886.47, 
            Production Events: 0, 
            Suppression Events: 0
Time: 886.47, 
            Production Events: 0, 
            Suppression Events: 0
Time: 886.47, 
            Production Events: 0, 
            Suppression Events: 0
Time: 887.09, 
            Production Events: 0, 
            Suppression Events: 1
Time: 888.06, 
            Production Events: 0, 
            Suppression Events: 1
Time: 889.21, 
            Production Events: 0, 
            Suppression Events: 2
Time: 890.08, 
            Production Events: 0, 
            Suppression Events: 1
Time: 891.47, 
            Production Events: 0, 
            Suppression Events: 1
Time: 892.42, 
            Production Events: 0, 
            Suppression Events: 1
Time: 893.41, 
            Production Events: 0, 
            Suppression Events: 2
Time: 894.46, 
            Production Events: 0, 
            Suppression Events: 2
Time: 895.18, 
            Production Events: 0, 
            Suppression Events: 1
Time: 896.51, 
            Production Events: 1, 
            Suppression Events: 1
Time: 898.87, 
            Production Events: 0, 
            Suppression Events: 2
Time: 898.87, 
            Production Events: 0, 
            Suppression Events: 0
Time: 899.92, 
            Production Events: 0, 
            Suppression Events: 1
Time: 900.02, 
            Production Events: 0, 
            Suppression Events: 1
Time: 901.64, 
            Production Events: 0, 
            Suppression Events: 2
Time: 904.97, 
            Production Events: 0, 
            Suppression Events: 2
Time: 904.97, 
            Production Events: 0, 
            Suppression Events: 0
Time: 904.97, 
            Production Events: 0, 
            Suppression Events: 0
Time: 905.28, 
            Production Events: 0, 
            Suppression Events: 1
Time: 906.24, 
            Production Events: 0, 
            Suppression Events: 2
Time: 907.27, 
            Production Events: 0, 
            Suppression Events: 2
Time: 909.01, 
            Production Events: 0, 
            Suppression Events: 1
Time: 909.01, 
            Production Events: 0, 
            Suppression Events: 0
Time: 915.33, 
            Production Events: 0, 
            Suppression Events: 1
Time: 915.33, 
            Production Events: 0, 
            Suppression Events: 0
Time: 915.33, 
            Production Events: 0, 
            Suppression Events: 0
Time: 915.33, 
            Production Events: 0, 
            Suppression Events: 0
Time: 915.33, 
            Production Events: 0, 
            Suppression Events: 0
Time: 915.33, 
            Production Events: 0, 
            Suppression Events: 0
Time: 916.77, 
            Production Events: 0, 
            Suppression Events: 2
Time: 917.17, 
            Production Events: 0, 
            Suppression Events: 1
Time: 920.26, 
            Production Events: 0, 
            Suppression Events: 2
Time: 920.26, 
            Production Events: 0, 
            Suppression Events: 0
Time: 920.26, 
            Production Events: 0, 
            Suppression Events: 0
Time: 922.15, 
            Production Events: 0, 
            Suppression Events: 1
Time: 922.15, 
            Production Events: 0, 
            Suppression Events: 0
Time: 924.54, 
            Production Events: 0, 
            Suppression Events: 2
Time: 924.54, 
            Production Events: 0, 
            Suppression Events: 0
Time: 925.16, 
            Production Events: 0, 
            Suppression Events: 1
Time: 926.74, 
            Production Events: 0, 
            Suppression Events: 2
Time: 927.32, 
            Production Events: 0, 
            Suppression Events: 1
Time: 929.16, 
            Production Events: 0, 
            Suppression Events: 1
Time: 929.16, 
            Production Events: 0, 
            Suppression Events: 0
Time: 930.77, 
            Production Events: 0, 
            Suppression Events: 1
Time: 933.17, 
            Production Events: 0, 
            Suppression Events: 1
Time: 933.17, 
            Production Events: 0, 
            Suppression Events: 0
Time: 933.17, 
            Production Events: 0, 
            Suppression Events: 0
Time: 936.46, 
            Production Events: 0, 
            Suppression Events: 1
Time: 936.46, 
            Production Events: 0, 
            Suppression Events: 0
Time: 936.46, 
            Production Events: 0, 
            Suppression Events: 0
Time: 937.83, 
            Production Events: 0, 
            Suppression Events: 1
Time: 938.25, 
            Production Events: 0, 
            Suppression Events: 1
Time: 939.99, 
            Production Events: 0, 
            Suppression Events: 1
Time: 940.66, 
            Production Events: 0, 
            Suppression Events: 1
Time: 941.03, 
            Production Events: 0, 
            Suppression Events: 2
Time: 942.57, 
            Production Events: 0, 
            Suppression Events: 2
Time: 943.66, 
            Production Events: 0, 
            Suppression Events: 1
Time: 944.79, 
            Production Events: 0, 
            Suppression Events: 1
Time: 945.18, 
            Production Events: 0, 
            Suppression Events: 1
Time: 946.73, 
            Production Events: 0, 
            Suppression Events: 1
Time: 947.09, 
            Production Events: 0, 
            Suppression Events: 1
Time: 948.06, 
            Production Events: 0, 
            Suppression Events: 3
Time: 950.69, 
            Production Events: 0, 
            Suppression Events: 3
Time: 950.69, 
            Production Events: 0, 
            Suppression Events: 0
Time: 951.7, 
            Production Events: 0, 
            Suppression Events: 1
Time: 953.69, 
            Production Events: 0, 
            Suppression Events: 1
Time: 953.69, 
            Production Events: 0, 
            Suppression Events: 0
Time: 954.63, 
            Production Events: 0, 
            Suppression Events: 1
Time: 956.17, 
            Production Events: 0, 
            Suppression Events: 1
Time: 956.17, 
            Production Events: 0, 
            Suppression Events: 0
Time: 958.54, 
            Production Events: 0, 
            Suppression Events: 2
Time: 958.54, 
            Production Events: 0, 
            Suppression Events: 0
Time: 959.54, 
            Production Events: 0, 
            Suppression Events: 2
Time: 962.91, 
            Production Events: 0, 
            Suppression Events: 1
Time: 962.91, 
            Production Events: 0, 
            Suppression Events: 0
Time: 962.91, 
            Production Events: 0, 
            Suppression Events: 0
Time: 963.4, 
            Production Events: 0, 
            Suppression Events: 1
Time: 964.26, 
            Production Events: 0, 
            Suppression Events: 2
Time: 965.44, 
            Production Events: 0, 
            Suppression Events: 1
Time: 968.56, 
            Production Events: 0, 
            Suppression Events: 2
Time: 968.56, 
            Production Events: 0, 
            Suppression Events: 0
Time: 968.56, 
            Production Events: 0, 
            Suppression Events: 0
Time: 969.53, 
            Production Events: 0, 
            Suppression Events: 2
Time: 970.35, 
            Production Events: 0, 
            Suppression Events: 3
Time: 974.48, 
            Production Events: 0, 
            Suppression Events: 4
Time: 974.48, 
            Production Events: 0, 
            Suppression Events: 0
Time: 974.48, 
            Production Events: 0, 
            Suppression Events: 0
Time: 974.48, 
            Production Events: 0, 
            Suppression Events: 0
Time: 975.53, 
            Production Events: 0, 
            Suppression Events: 2
Time: 976.56, 
            Production Events: 0, 
            Suppression Events: 1
Time: 977.48, 
            Production Events: 0, 
            Suppression Events: 1
Time: 979.37, 
            Production Events: 0, 
            Suppression Events: 2
Time: 979.37, 
            Production Events: 0, 
            Suppression Events: 0
Time: 980.02, 
            Production Events: 0, 
            Suppression Events: 1
Time: 981.7, 
            Production Events: 0, 
            Suppression Events: 3
Time: 985.74, 
            Production Events: 0, 
            Suppression Events: 1
Time: 985.74, 
            Production Events: 0, 
            Suppression Events: 0
Time: 985.74, 
            Production Events: 0, 
            Suppression Events: 0
Time: 985.74, 
            Production Events: 0, 
            Suppression Events: 0
Time: 987.1, 
            Production Events: 0, 
            Suppression Events: 2
Time: 987.1, 
            Production Events: 0, 
            Suppression Events: 0
Time: 988.05, 
            Production Events: 0, 
            Suppression Events: 2
Time: 989.18, 
            Production Events: 0, 
            Suppression Events: 5
Time: 991.94, 
            Production Events: 1, 
            Suppression Events: 0
Time: 991.94, 
            Production Events: 0, 
            Suppression Events: 0
Time: 994.32, 
            Production Events: 0, 
            Suppression Events: 1
Time: 994.32, 
            Production Events: 0, 
            Suppression Events: 0
Time: 994.32, 
            Production Events: 0, 
            Suppression Events: 0
Time: 995.13, 
            Production Events: 0, 
            Suppression Events: 3
Time: 996.65, 
            Production Events: 0, 
            Suppression Events: 2
Time: 997.23, 
            Production Events: 0, 
            Suppression Events: 3
Time: 998.46, 
            Production Events: 0, 
            Suppression Events: 3
Time: 999.13, 
            Production Events: 0, 
            Suppression Events: 1
Time: 1001.48, 
            Production Events: 0, 
            Suppression Events: 1
Simulation completed:
  Final time: 1001.4799922686482
  Total events: 1042
  Wall time: 6234.54 seconds

Saving simulation results with clean separation...
Task evolution saved to: 5t5b/5t5b_mfcsb/data/param_114_rep_1_2025-11-21_171931/states.csv
Events saved to: 5t5b/5t5b_mfcsb/data/param_114_rep_1_2025-11-21_171931/events.csv
Saving event log (raw and DataFrame)...
log DataFrame size: (1047, 9)
short view:
59 DataFrame
 Row  time     bee1_id  bee2_id  task_id  task_1   task_2   task_3     task_4 
      Float64  Int64    Int64    Int64    Float64  Float64  Float64    Float6 

   1      0.0        1        0        0   0.0734   0.0985  0.0643055   0.061 
   2      0.0        2        0        0   0.0775   0.1033  0.076598    0.069
   3      0.0        3        0        0   0.0776   0.0947  0.0694914   0.155
   4      0.0        4        0        0   0.0999   0.0759  0.0634988   0.077
   5      0.0        5        0        0   0.0934   0.0806  0.0740243   0.140 
                                                               2 columns omittedEvent log saved to: 5t5b/5t5b_mfcsb/data/param_114_rep_1_2025-11-21_171931/event_log.json
Event log DataFrame saved to: 5t5b/5t5b_mfcsb/data/param_114_rep_1_2025-11-21_171931/event_log.csv
Metadata and configuration saved to: 5t5b/5t5b_mfcsb/data/param_114_rep_1_2025-11-21_171931/config.json
Task index mapping saved to: 5t5b/5t5b_mfcsb/data/param_114_rep_1_2025-11-21_171931/task_index_mapping.json
All results saved to directory: 5t5b/5t5b_mfcsb/data/param_114_rep_1_2025-11-21_171931
Simulation completed successfully!
Job finished at: Fri Nov 21 07:03:54 PM CET 2025
