Job array started at: Fri Nov 21 06:26:44 PM CET 2025
Job ID: 10862098
Array Job ID: 10860410
Array Task ID: 146
Node: th-ws-740m03
Loading Julia module...
Module loaded: /software/opt/el_9/x86_64/julia/1.11.3/bin/julia
Changing to project directory...
Current directory: /scratch/n/N.Pfaffenzeller/nikolas_nethive/nethive_multiverse
Running parameter combination 146, replicate 1
Starting Julia simulation...
Running simulation with the following configuration:
  dataset_names: [:mnist, :cifar10, :svhn2, :fashion_mnist, :bank]
  param_id: 146
  n_bees: 5
  batch_size: 32
  replicate_id: 1
  punish_rate: 0.1
  punishment: time_out
  lambda_sensitivity: 10
  save_nn_epochs: 0
  production_rate: 1
  interaction_rate: 50
  batches_per_step: 50
  learning_rate: 0.0001
  max_output_dim: 10
  n_steps_per_epoch: 1
  dead_time: 50
  max_input_dim: 3072
  n_epochs: 1000
  seed: 1130151042

Starting simulation with configuration:
  dataset_names: [:mnist, :cifar10, :svhn2, :fashion_mnist, :bank]
  param_id: 146
  n_bees: 5
  batch_size: 32
  replicate_id: 1
  punish_rate: 0.1
  punishment: time_out
  lambda_sensitivity: 10
  save_nn_epochs: 0
  production_rate: 1
  interaction_rate: 50
  batches_per_step: 50
  run_timestamp: 2025-11-21T18:27:21.698
  learning_rate: 0.0001
  max_output_dim: 10
  n_steps_per_epoch: 1
  dead_time: 50
  max_input_dim: 3072
  n_epochs: 1000
  seed: 1130151042
Random seed: 1130151042

Starting simulation...
Time: 1.72, 
            Production Events: 1, 
            Suppression Events: 1
Time: 2.12, 
            Production Events: 1, 
            Suppression Events: 0
Time: 3.98, 
            Production Events: 0, 
            Suppression Events: 2
Time: 5.03, 
            Production Events: 0, 
            Suppression Events: 1
Time: 5.03, 
            Production Events: 0, 
            Suppression Events: 0
Time: 7.23, 
            Production Events: 0, 
            Suppression Events: 1
Time: 7.23, 
            Production Events: 0, 
            Suppression Events: 0
Time: 8.11, 
            Production Events: 0, 
            Suppression Events: 1
Time: 10.55, 
            Production Events: 1, 
            Suppression Events: 2
Time: 10.55, 
            Production Events: 0, 
            Suppression Events: 0
Time: 12.54, 
            Production Events: 0, 
            Suppression Events: 1
Time: 12.54, 
            Production Events: 0, 
            Suppression Events: 0
Time: 13.36, 
            Production Events: 1, 
            Suppression Events: 1
Time: 16.14, 
            Production Events: 0, 
            Suppression Events: 2
Time: 16.14, 
            Production Events: 0, 
            Suppression Events: 0
Time: 16.14, 
            Production Events: 0, 
            Suppression Events: 0
Time: 18.64, 
            Production Events: 0, 
            Suppression Events: 1
Time: 18.64, 
            Production Events: 0, 
            Suppression Events: 0
Time: 19.76, 
            Production Events: 0, 
            Suppression Events: 1
Time: 20.11, 
            Production Events: 0, 
            Suppression Events: 2
Time: 21.62, 
            Production Events: 1, 
            Suppression Events: 1
Time: 22.26, 
            Production Events: 0, 
            Suppression Events: 1
Time: 23.36, 
            Production Events: 0, 
            Suppression Events: 2
Time: 26.98, 
            Production Events: 0, 
            Suppression Events: 1
Time: 26.98, 
            Production Events: 0, 
            Suppression Events: 0
Time: 26.98, 
            Production Events: 0, 
            Suppression Events: 0
Time: 28.13, 
            Production Events: 0, 
            Suppression Events: 1
Time: 28.13, 
            Production Events: 0, 
            Suppression Events: 0
Time: 29.24, 
            Production Events: 0, 
            Suppression Events: 1
Time: 30.07, 
            Production Events: 0, 
            Suppression Events: 3
Time: 31.21, 
            Production Events: 1, 
            Suppression Events: 2
Time: 32.22, 
            Production Events: 1, 
            Suppression Events: 1
Time: 35.78, 
            Production Events: 1, 
            Suppression Events: 2
Time: 35.78, 
            Production Events: 0, 
            Suppression Events: 0
Time: 35.78, 
            Production Events: 0, 
            Suppression Events: 0
Time: 38.07, 
            Production Events: 0, 
            Suppression Events: 1
Time: 38.07, 
            Production Events: 0, 
            Suppression Events: 0
Time: 38.07, 
            Production Events: 0, 
            Suppression Events: 0
Time: 39.28, 
            Production Events: 0, 
            Suppression Events: 3
Time: 40.39, 
            Production Events: 0, 
            Suppression Events: 1
Time: 42.52, 
            Production Events: 0, 
            Suppression Events: 3
Time: 42.52, 
            Production Events: 0, 
            Suppression Events: 0
Time: 43.22, 
            Production Events: 0, 
            Suppression Events: 1
Time: 44.51, 
            Production Events: 0, 
            Suppression Events: 1
Time: 48.33, 
            Production Events: 0, 
            Suppression Events: 1
Time: 48.33, 
            Production Events: 0, 
            Suppression Events: 0
Time: 48.33, 
            Production Events: 0, 
            Suppression Events: 0
Time: 48.33, 
            Production Events: 0, 
            Suppression Events: 0
Time: 49.28, 
            Production Events: 0, 
            Suppression Events: 3
Time: 50.1, 
            Production Events: 0, 
            Suppression Events: 1
Time: 51.11, 
            Production Events: 0, 
            Suppression Events: 3
Time: 52.15, 
            Production Events: 0, 
            Suppression Events: 1
Time: 55.21, 
            Production Events: 0, 
            Suppression Events: 3
Time: 55.21, 
            Production Events: 0, 
            Suppression Events: 0
Time: 55.21, 
            Production Events: 0, 
            Suppression Events: 0
Time: 57.31, 
            Production Events: 0, 
            Suppression Events: 3
Time: 57.31, 
            Production Events: 0, 
            Suppression Events: 0
Time: 60.0, 
            Production Events: 0, 
            Suppression Events: 2
Time: 60.0, 
            Production Events: 0, 
            Suppression Events: 0
Time: 60.0, 
            Production Events: 0, 
            Suppression Events: 0
Time: 61.15, 
            Production Events: 0, 
            Suppression Events: 4
Time: 63.04, 
            Production Events: 1, 
            Suppression Events: 0
Time: 63.04, 
            Production Events: 0, 
            Suppression Events: 0
Time: 65.09, 
            Production Events: 0, 
            Suppression Events: 2
Time: 65.09, 
            Production Events: 0, 
            Suppression Events: 0
Time: 66.41, 
            Production Events: 1, 
            Suppression Events: 3
Time: 67.23, 
            Production Events: 0, 
            Suppression Events: 1
Time: 68.83, 
            Production Events: 0, 
            Suppression Events: 2
Time: 70.37, 
            Production Events: 0, 
            Suppression Events: 1
Time: 70.37, 
            Production Events: 0, 
            Suppression Events: 0
Time: 72.02, 
            Production Events: 1, 
            Suppression Events: 0
Time: 72.02, 
            Production Events: 0, 
            Suppression Events: 0
Time: 74.9, 
            Production Events: 0, 
            Suppression Events: 2
Time: 74.9, 
            Production Events: 0, 
            Suppression Events: 0
Time: 75.09, 
            Production Events: 0, 
            Suppression Events: 1
Time: 77.96, 
            Production Events: 1, 
            Suppression Events: 2
Time: 77.96, 
            Production Events: 0, 
            Suppression Events: 0
Time: 78.01, 
            Production Events: 0, 
            Suppression Events: 1
Time: 81.76, 
            Production Events: 0, 
            Suppression Events: 2
Time: 81.76, 
            Production Events: 0, 
            Suppression Events: 0
Time: 81.76, 
            Production Events: 0, 
            Suppression Events: 0
Time: 83.09, 
            Production Events: 0, 
            Suppression Events: 1
Time: 83.09, 
            Production Events: 0, 
            Suppression Events: 0
Time: 86.28, 
            Production Events: 0, 
            Suppression Events: 2
Time: 86.28, 
            Production Events: 0, 
            Suppression Events: 0
Time: 86.28, 
            Production Events: 0, 
            Suppression Events: 0
Time: 91.77, 
            Production Events: 0, 
            Suppression Events: 2
Time: 91.77, 
            Production Events: 0, 
            Suppression Events: 0
Time: 91.77, 
            Production Events: 0, 
            Suppression Events: 0
Time: 91.77, 
            Production Events: 0, 
            Suppression Events: 0
Time: 91.77, 
            Production Events: 0, 
            Suppression Events: 0
Time: 92.75, 
            Production Events: 0, 
            Suppression Events: 1
Time: 93.36, 
            Production Events: 0, 
            Suppression Events: 1
Time: 97.95, 
            Production Events: 0, 
            Suppression Events: 1
Time: 97.95, 
            Production Events: 0, 
            Suppression Events: 0
Time: 97.95, 
            Production Events: 0, 
            Suppression Events: 0
Time: 97.95, 
            Production Events: 0, 
            Suppression Events: 0
Time: 98.46, 
            Production Events: 0, 
            Suppression Events: 2
Time: 99.53, 
            Production Events: 0, 
            Suppression Events: 1
Time: 100.31, 
            Production Events: 0, 
            Suppression Events: 2
Time: 101.67, 
            Production Events: 0, 
            Suppression Events: 1
Time: 103.21, 
            Production Events: 0, 
            Suppression Events: 1
Time: 103.21, 
            Production Events: 0, 
            Suppression Events: 0
Time: 106.09, 
            Production Events: 0, 
            Suppression Events: 1
Time: 106.09, 
            Production Events: 0, 
            Suppression Events: 0
Time: 106.09, 
            Production Events: 0, 
            Suppression Events: 0
Time: 107.48, 
            Production Events: 0, 
            Suppression Events: 4
Time: 108.62, 
            Production Events: 0, 
            Suppression Events: 2
Time: 109.74, 
            Production Events: 0, 
            Suppression Events: 2
Time: 111.06, 
            Production Events: 0, 
            Suppression Events: 1
Time: 111.06, 
            Production Events: 0, 
            Suppression Events: 0
Time: 112.22, 
            Production Events: 0, 
            Suppression Events: 1
Time: 113.43, 
            Production Events: 0, 
            Suppression Events: 1
Time: 114.17, 
            Production Events: 1, 
            Suppression Events: 1
Time: 115.55, 
            Production Events: 0, 
            Suppression Events: 1
Time: 117.43, 
            Production Events: 0, 
            Suppression Events: 1
Time: 117.43, 
            Production Events: 0, 
            Suppression Events: 0
Time: 118.04, 
            Production Events: 0, 
            Suppression Events: 1
Time: 119.13, 
            Production Events: 0, 
            Suppression Events: 2
Time: 120.66, 
            Production Events: 0, 
            Suppression Events: 3
Time: 122.43, 
            Production Events: 0, 
            Suppression Events: 3
Time: 122.43, 
            Production Events: 0, 
            Suppression Events: 0
Time: 124.66, 
            Production Events: 0, 
            Suppression Events: 3
Time: 124.66, 
            Production Events: 0, 
            Suppression Events: 0
Time: 126.24, 
            Production Events: 0, 
            Suppression Events: 2
Time: 126.24, 
            Production Events: 0, 
            Suppression Events: 0
Time: 127.89, 
            Production Events: 1, 
            Suppression Events: 1
Time: 128.76, 
            Production Events: 0, 
            Suppression Events: 1
Time: 129.03, 
            Production Events: 0, 
            Suppression Events: 1
Time: 131.53, 
            Production Events: 0, 
            Suppression Events: 2
Time: 131.53, 
            Production Events: 0, 
            Suppression Events: 0
Time: 132.21, 
            Production Events: 0, 
            Suppression Events: 3
Time: 133.49, 
            Production Events: 0, 
            Suppression Events: 3
Time: 134.85, 
            Production Events: 0, 
            Suppression Events: 2
Time: 135.59, 
            Production Events: 0, 
            Suppression Events: 3
Time: 136.28, 
            Production Events: 0, 
            Suppression Events: 1
Time: 137.1, 
            Production Events: 0, 
            Suppression Events: 2
Time: 141.33, 
            Production Events: 1, 
            Suppression Events: 0
Time: 141.33, 
            Production Events: 0, 
            Suppression Events: 0
Time: 141.33, 
            Production Events: 0, 
            Suppression Events: 0
Time: 141.33, 
            Production Events: 0, 
            Suppression Events: 0
Time: 142.83, 
            Production Events: 0, 
            Suppression Events: 1
Time: 144.11, 
            Production Events: 0, 
            Suppression Events: 1
Time: 144.11, 
            Production Events: 0, 
            Suppression Events: 0
Time: 146.73, 
            Production Events: 0, 
            Suppression Events: 2
Time: 146.73, 
            Production Events: 0, 
            Suppression Events: 0
Time: 148.21, 
            Production Events: 0, 
            Suppression Events: 2
Time: 148.21, 
            Production Events: 0, 
            Suppression Events: 0
Time: 149.31, 
            Production Events: 0, 
            Suppression Events: 1
Time: 151.19, 
            Production Events: 1, 
            Suppression Events: 1
Time: 151.19, 
            Production Events: 0, 
            Suppression Events: 0
Time: 154.6, 
            Production Events: 0, 
            Suppression Events: 3
Time: 154.6, 
            Production Events: 0, 
            Suppression Events: 0
Time: 154.6, 
            Production Events: 0, 
            Suppression Events: 0
Time: 155.37, 
            Production Events: 0, 
            Suppression Events: 1
Time: 156.02, 
            Production Events: 0, 
            Suppression Events: 2
Time: 157.07, 
            Production Events: 0, 
            Suppression Events: 1
Time: 158.91, 
            Production Events: 0, 
            Suppression Events: 3
Time: 159.4, 
            Production Events: 0, 
            Suppression Events: 2
Time: 163.99, 
            Production Events: 0, 
            Suppression Events: 1
Time: 163.99, 
            Production Events: 0, 
            Suppression Events: 0
Time: 163.99, 
            Production Events: 0, 
            Suppression Events: 0
Time: 163.99, 
            Production Events: 0, 
            Suppression Events: 0
Time: 165.55, 
            Production Events: 0, 
            Suppression Events: 1
Time: 165.55, 
            Production Events: 0, 
            Suppression Events: 0
Time: 166.14, 
            Production Events: 0, 
            Suppression Events: 2
Time: 167.89, 
            Production Events: 0, 
            Suppression Events: 2
Time: 168.82, 
            Production Events: 0, 
            Suppression Events: 1
Time: 170.33, 
            Production Events: 0, 
            Suppression Events: 1
Time: 170.33, 
            Production Events: 0, 
            Suppression Events: 0
Time: 171.8, 
            Production Events: 0, 
            Suppression Events: 2
Time: 172.97, 
            Production Events: 0, 
            Suppression Events: 1
Time: 173.95, 
            Production Events: 0, 
            Suppression Events: 1
Time: 174.06, 
            Production Events: 0, 
            Suppression Events: 1
Time: 178.3, 
            Production Events: 0, 
            Suppression Events: 2
Time: 178.3, 
            Production Events: 0, 
            Suppression Events: 0
Time: 178.3, 
            Production Events: 0, 
            Suppression Events: 0
Time: 178.3, 
            Production Events: 0, 
            Suppression Events: 0
Time: 179.86, 
            Production Events: 0, 
            Suppression Events: 1
Time: 180.36, 
            Production Events: 0, 
            Suppression Events: 1
Time: 181.57, 
            Production Events: 0, 
            Suppression Events: 2
Time: 182.76, 
            Production Events: 0, 
            Suppression Events: 1
Time: 183.77, 
            Production Events: 0, 
            Suppression Events: 1
Time: 185.68, 
            Production Events: 1, 
            Suppression Events: 1
Time: 185.68, 
            Production Events: 0, 
            Suppression Events: 0
Time: 187.76, 
            Production Events: 0, 
            Suppression Events: 1
Time: 187.76, 
            Production Events: 0, 
            Suppression Events: 0
Time: 188.48, 
            Production Events: 0, 
            Suppression Events: 1
Time: 189.01, 
            Production Events: 0, 
            Suppression Events: 2
Time: 190.43, 
            Production Events: 1, 
            Suppression Events: 3
Time: 192.21, 
            Production Events: 0, 
            Suppression Events: 1
Time: 192.21, 
            Production Events: 0, 
            Suppression Events: 0
Time: 193.76, 
            Production Events: 0, 
            Suppression Events: 1
Time: 194.22, 
            Production Events: 0, 
            Suppression Events: 1
Time: 195.43, 
            Production Events: 0, 
            Suppression Events: 1
Time: 197.76, 
            Production Events: 0, 
            Suppression Events: 2
Time: 197.76, 
            Production Events: 0, 
            Suppression Events: 0
Time: 199.09, 
            Production Events: 0, 
            Suppression Events: 2
Time: 199.09, 
            Production Events: 0, 
            Suppression Events: 0
Time: 200.65, 
            Production Events: 0, 
            Suppression Events: 2
Time: 201.08, 
            Production Events: 0, 
            Suppression Events: 2
Time: 203.61, 
            Production Events: 1, 
            Suppression Events: 1
Time: 203.61, 
            Production Events: 0, 
            Suppression Events: 0
Time: 204.72, 
            Production Events: 0, 
            Suppression Events: 3
Time: 207.94, 
            Production Events: 0, 
            Suppression Events: 1
Time: 207.94, 
            Production Events: 0, 
            Suppression Events: 0
Time: 207.94, 
            Production Events: 0, 
            Suppression Events: 0
Time: 208.02, 
            Production Events: 0, 
            Suppression Events: 1
Time: 210.32, 
            Production Events: 0, 
            Suppression Events: 2
Time: 210.32, 
            Production Events: 0, 
            Suppression Events: 0
Time: 211.8, 
            Production Events: 0, 
            Suppression Events: 1
Time: 212.24, 
            Production Events: 0, 
            Suppression Events: 1
Time: 214.04, 
            Production Events: 1, 
            Suppression Events: 1
Time: 214.04, 
            Production Events: 0, 
            Suppression Events: 0
Time: 215.06, 
            Production Events: 1, 
            Suppression Events: 1
Time: 216.27, 
            Production Events: 0, 
            Suppression Events: 2
Time: 218.73, 
            Production Events: 0, 
            Suppression Events: 2
Time: 218.73, 
            Production Events: 0, 
            Suppression Events: 0
Time: 219.74, 
            Production Events: 0, 
            Suppression Events: 1
Time: 220.15, 
            Production Events: 0, 
            Suppression Events: 1
Time: 222.91, 
            Production Events: 1, 
            Suppression Events: 1
Time: 222.91, 
            Production Events: 0, 
            Suppression Events: 0
Time: 223.28, 
            Production Events: 1, 
            Suppression Events: 0
Time: 225.63, 
            Production Events: 0, 
            Suppression Events: 2
Time: 225.63, 
            Production Events: 0, 
            Suppression Events: 0
Time: 226.33, 
            Production Events: 0, 
            Suppression Events: 2
Time: 227.65, 
            Production Events: 0, 
            Suppression Events: 2
Time: 229.87, 
            Production Events: 1, 
            Suppression Events: 1
Time: 229.87, 
            Production Events: 0, 
            Suppression Events: 0
Time: 231.01, 
            Production Events: 0, 
            Suppression Events: 1
Time: 231.01, 
            Production Events: 0, 
            Suppression Events: 0
Time: 233.85, 
            Production Events: 0, 
            Suppression Events: 2
Time: 233.85, 
            Production Events: 0, 
            Suppression Events: 0
Time: 234.26, 
            Production Events: 1, 
            Suppression Events: 0
Time: 235.38, 
            Production Events: 0, 
            Suppression Events: 1
Time: 236.61, 
            Production Events: 0, 
            Suppression Events: 1
Time: 237.05, 
            Production Events: 1, 
            Suppression Events: 1
Time: 238.16, 
            Production Events: 0, 
            Suppression Events: 1
Time: 239.75, 
            Production Events: 0, 
            Suppression Events: 1
Time: 240.51, 
            Production Events: 0, 
            Suppression Events: 1
Time: 242.31, 
            Production Events: 0, 
            Suppression Events: 1
Time: 242.31, 
            Production Events: 0, 
            Suppression Events: 0
Time: 243.88, 
            Production Events: 0, 
            Suppression Events: 3
Time: 244.01, 
            Production Events: 0, 
            Suppression Events: 1
Time: 245.47, 
            Production Events: 0, 
            Suppression Events: 1
Time: 247.0, 
            Production Events: 0, 
            Suppression Events: 2
Time: 247.0, 
            Production Events: 0, 
            Suppression Events: 0
Time: 248.58, 
            Production Events: 1, 
            Suppression Events: 1
Time: 249.88, 
            Production Events: 0, 
            Suppression Events: 1
Time: 251.16, 
            Production Events: 0, 
            Suppression Events: 1
Time: 251.16, 
            Production Events: 0, 
            Suppression Events: 0
Time: 252.3, 
            Production Events: 1, 
            Suppression Events: 0
Time: 253.24, 
            Production Events: 0, 
            Suppression Events: 2
Time: 254.75, 
            Production Events: 0, 
            Suppression Events: 1
Time: 255.01, 
            Production Events: 0, 
            Suppression Events: 1
Time: 256.93, 
            Production Events: 0, 
            Suppression Events: 1
Time: 257.33, 
            Production Events: 0, 
            Suppression Events: 1
Time: 258.27, 
            Production Events: 0, 
            Suppression Events: 1
Time: 259.38, 
            Production Events: 1, 
            Suppression Events: 2
Time: 260.31, 
            Production Events: 0, 
            Suppression Events: 1
Time: 261.04, 
            Production Events: 1, 
            Suppression Events: 1
Time: 262.22, 
            Production Events: 0, 
            Suppression Events: 3
Time: 263.18, 
            Production Events: 0, 
            Suppression Events: 1
Time: 266.0, 
            Production Events: 0, 
            Suppression Events: 2
Time: 266.0, 
            Production Events: 0, 
            Suppression Events: 0
Time: 266.95, 
            Production Events: 0, 
            Suppression Events: 1
Time: 267.38, 
            Production Events: 0, 
            Suppression Events: 1
Time: 270.62, 
            Production Events: 0, 
            Suppression Events: 1
Time: 270.62, 
            Production Events: 0, 
            Suppression Events: 0
Time: 270.62, 
            Production Events: 0, 
            Suppression Events: 0
Time: 271.93, 
            Production Events: 0, 
            Suppression Events: 1
Time: 272.93, 
            Production Events: 0, 
            Suppression Events: 1
Time: 273.99, 
            Production Events: 0, 
            Suppression Events: 1
Time: 276.63, 
            Production Events: 0, 
            Suppression Events: 1
Time: 276.63, 
            Production Events: 0, 
            Suppression Events: 0
Time: 276.63, 
            Production Events: 0, 
            Suppression Events: 0
Time: 277.13, 
            Production Events: 0, 
            Suppression Events: 2
Time: 278.4, 
            Production Events: 0, 
            Suppression Events: 2
Time: 279.32, 
            Production Events: 0, 
            Suppression Events: 1
Time: 281.56, 
            Production Events: 0, 
            Suppression Events: 1
Time: 281.56, 
            Production Events: 0, 
            Suppression Events: 0
Time: 283.43, 
            Production Events: 0, 
            Suppression Events: 1
Time: 283.43, 
            Production Events: 0, 
            Suppression Events: 0
Time: 287.3, 
            Production Events: 0, 
            Suppression Events: 2
Time: 287.3, 
            Production Events: 0, 
            Suppression Events: 0
Time: 287.3, 
            Production Events: 0, 
            Suppression Events: 0
Time: 287.3, 
            Production Events: 0, 
            Suppression Events: 0
Time: 289.88, 
            Production Events: 0, 
            Suppression Events: 1
Time: 289.88, 
            Production Events: 0, 
            Suppression Events: 0
Time: 291.05, 
            Production Events: 0, 
            Suppression Events: 1
Time: 291.05, 
            Production Events: 0, 
            Suppression Events: 0
Time: 292.04, 
            Production Events: 0, 
            Suppression Events: 3
Time: 293.47, 
            Production Events: 0, 
            Suppression Events: 1
Time: 294.03, 
            Production Events: 0, 
            Suppression Events: 2
Time: 295.65, 
            Production Events: 0, 
            Suppression Events: 1
Time: 296.36, 
            Production Events: 0, 
            Suppression Events: 2
Time: 299.59, 
            Production Events: 0, 
            Suppression Events: 1
Time: 299.59, 
            Production Events: 0, 
            Suppression Events: 0
Time: 299.59, 
            Production Events: 0, 
            Suppression Events: 0
Time: 305.14, 
            Production Events: 0, 
            Suppression Events: 1
Time: 305.14, 
            Production Events: 0, 
            Suppression Events: 0
Time: 305.14, 
            Production Events: 0, 
            Suppression Events: 0
Time: 305.14, 
            Production Events: 0, 
            Suppression Events: 0
Time: 305.14, 
            Production Events: 0, 
            Suppression Events: 0
Time: 305.14, 
            Production Events: 0, 
            Suppression Events: 0
Time: 306.4, 
            Production Events: 0, 
            Suppression Events: 1
Time: 307.8, 
            Production Events: 0, 
            Suppression Events: 1
Time: 308.57, 
            Production Events: 1, 
            Suppression Events: 1
Time: 310.05, 
            Production Events: 0, 
            Suppression Events: 1
Time: 310.05, 
            Production Events: 0, 
            Suppression Events: 0
Time: 312.9, 
            Production Events: 0, 
            Suppression Events: 1
Time: 312.9, 
            Production Events: 0, 
            Suppression Events: 0
Time: 313.92, 
            Production Events: 0, 
            Suppression Events: 1
Time: 314.07, 
            Production Events: 0, 
            Suppression Events: 1
Time: 315.59, 
            Production Events: 0, 
            Suppression Events: 1
Time: 316.25, 
            Production Events: 0, 
            Suppression Events: 1
Time: 317.64, 
            Production Events: 0, 
            Suppression Events: 3
Time: 318.19, 
            Production Events: 0, 
            Suppression Events: 1
Time: 319.41, 
            Production Events: 0, 
            Suppression Events: 2
Time: 320.34, 
            Production Events: 0, 
            Suppression Events: 3
Time: 321.25, 
            Production Events: 0, 
            Suppression Events: 2
Time: 322.27, 
            Production Events: 0, 
            Suppression Events: 2
Time: 324.27, 
            Production Events: 0, 
            Suppression Events: 1
Time: 324.27, 
            Production Events: 0, 
            Suppression Events: 0
Time: 326.46, 
            Production Events: 0, 
            Suppression Events: 1
Time: 326.46, 
            Production Events: 0, 
            Suppression Events: 0
Time: 327.18, 
            Production Events: 0, 
            Suppression Events: 1
Time: 328.94, 
            Production Events: 1, 
            Suppression Events: 0
Time: 330.06, 
            Production Events: 0, 
            Suppression Events: 1
Time: 330.06, 
            Production Events: 0, 
            Suppression Events: 0
Time: 331.7, 
            Production Events: 0, 
            Suppression Events: 3
Time: 334.15, 
            Production Events: 0, 
            Suppression Events: 2
Time: 334.15, 
            Production Events: 0, 
            Suppression Events: 0
Time: 334.15, 
            Production Events: 0, 
            Suppression Events: 0
Time: 335.84, 
            Production Events: 0, 
            Suppression Events: 1
Time: 336.25, 
            Production Events: 1, 
            Suppression Events: 0
Time: 337.75, 
            Production Events: 0, 
            Suppression Events: 2
Time: 338.13, 
            Production Events: 0, 
            Suppression Events: 2
Time: 340.62, 
            Production Events: 0, 
            Suppression Events: 1
Time: 340.62, 
            Production Events: 0, 
            Suppression Events: 0
Time: 342.51, 
            Production Events: 0, 
            Suppression Events: 1
Time: 342.51, 
            Production Events: 0, 
            Suppression Events: 0
Time: 343.96, 
            Production Events: 0, 
            Suppression Events: 2
Time: 344.82, 
            Production Events: 0, 
            Suppression Events: 1
Time: 346.63, 
            Production Events: 0, 
            Suppression Events: 1
Time: 346.63, 
            Production Events: 0, 
            Suppression Events: 0
Time: 349.05, 
            Production Events: 0, 
            Suppression Events: 2
Time: 349.05, 
            Production Events: 0, 
            Suppression Events: 0
Time: 349.05, 
            Production Events: 0, 
            Suppression Events: 0
Time: 351.67, 
            Production Events: 1, 
            Suppression Events: 1
Time: 351.67, 
            Production Events: 0, 
            Suppression Events: 0
Time: 352.69, 
            Production Events: 0, 
            Suppression Events: 1
Time: 353.73, 
            Production Events: 0, 
            Suppression Events: 1
Time: 355.69, 
            Production Events: 0, 
            Suppression Events: 1
Time: 355.69, 
            Production Events: 0, 
            Suppression Events: 0
Time: 356.29, 
            Production Events: 0, 
            Suppression Events: 2
Time: 357.66, 
            Production Events: 0, 
            Suppression Events: 2
Time: 358.12, 
            Production Events: 1, 
            Suppression Events: 0
Time: 359.41, 
            Production Events: 0, 
            Suppression Events: 3
Time: 360.28, 
            Production Events: 0, 
            Suppression Events: 1
Time: 361.31, 
            Production Events: 0, 
            Suppression Events: 4
Time: 362.05, 
            Production Events: 0, 
            Suppression Events: 1
Time: 364.63, 
            Production Events: 0, 
            Suppression Events: 4
Time: 364.63, 
            Production Events: 0, 
            Suppression Events: 0
Time: 365.88, 
            Production Events: 0, 
            Suppression Events: 1
Time: 367.39, 
            Production Events: 0, 
            Suppression Events: 1
Time: 367.39, 
            Production Events: 0, 
            Suppression Events: 0
Time: 370.03, 
            Production Events: 1, 
            Suppression Events: 2
Time: 370.03, 
            Production Events: 0, 
            Suppression Events: 0
Time: 370.03, 
            Production Events: 0, 
            Suppression Events: 0
Time: 372.49, 
            Production Events: 0, 
            Suppression Events: 3
Time: 372.49, 
            Production Events: 0, 
            Suppression Events: 0
Time: 373.83, 
            Production Events: 0, 
            Suppression Events: 1
Time: 374.63, 
            Production Events: 0, 
            Suppression Events: 1
Time: 375.53, 
            Production Events: 0, 
            Suppression Events: 4
Time: 376.98, 
            Production Events: 0, 
            Suppression Events: 2
Time: 377.26, 
            Production Events: 0, 
            Suppression Events: 1
Time: 378.29, 
            Production Events: 0, 
            Suppression Events: 2
Time: 380.41, 
            Production Events: 0, 
            Suppression Events: 1
Time: 380.41, 
            Production Events: 0, 
            Suppression Events: 0
Time: 383.15, 
            Production Events: 1, 
            Suppression Events: 0
Time: 383.15, 
            Production Events: 0, 
            Suppression Events: 0
Time: 383.15, 
            Production Events: 0, 
            Suppression Events: 0
Time: 384.32, 
            Production Events: 0, 
            Suppression Events: 1
Time: 385.04, 
            Production Events: 0, 
            Suppression Events: 1
Time: 386.9, 
            Production Events: 0, 
            Suppression Events: 2
Time: 387.36, 
            Production Events: 1, 
            Suppression Events: 0
Time: 388.19, 
            Production Events: 0, 
            Suppression Events: 1
Time: 389.23, 
            Production Events: 0, 
            Suppression Events: 2
Time: 390.07, 
            Production Events: 0, 
            Suppression Events: 1
Time: 391.36, 
            Production Events: 0, 
            Suppression Events: 3
Time: 392.59, 
            Production Events: 0, 
            Suppression Events: 2
Time: 395.02, 
            Production Events: 0, 
            Suppression Events: 1
Time: 395.02, 
            Production Events: 0, 
            Suppression Events: 0
Time: 395.02, 
            Production Events: 0, 
            Suppression Events: 0
Time: 396.12, 
            Production Events: 0, 
            Suppression Events: 2
Time: 398.04, 
            Production Events: 0, 
            Suppression Events: 1
Time: 398.04, 
            Production Events: 0, 
            Suppression Events: 0
Time: 401.59, 
            Production Events: 0, 
            Suppression Events: 3
Time: 401.59, 
            Production Events: 0, 
            Suppression Events: 0
Time: 401.59, 
            Production Events: 0, 
            Suppression Events: 0
Time: 402.94, 
            Production Events: 0, 
            Suppression Events: 1
Time: 403.3, 
            Production Events: 0, 
            Suppression Events: 1
Time: 404.0, 
            Production Events: 0, 
            Suppression Events: 1
Time: 406.13, 
            Production Events: 1, 
            Suppression Events: 1
Time: 406.13, 
            Production Events: 0, 
            Suppression Events: 0
Time: 409.44, 
            Production Events: 0, 
            Suppression Events: 1
Time: 409.44, 
            Production Events: 0, 
            Suppression Events: 0
Time: 409.44, 
            Production Events: 0, 
            Suppression Events: 0
Time: 410.09, 
            Production Events: 1, 
            Suppression Events: 0
Time: 411.74, 
            Production Events: 1, 
            Suppression Events: 1
Time: 412.26, 
            Production Events: 0, 
            Suppression Events: 2
Time: 413.15, 
            Production Events: 1, 
            Suppression Events: 2
Time: 414.81, 
            Production Events: 0, 
            Suppression Events: 2
Time: 417.55, 
            Production Events: 0, 
            Suppression Events: 1
Time: 417.55, 
            Production Events: 0, 
            Suppression Events: 0
Time: 417.55, 
            Production Events: 0, 
            Suppression Events: 0
Time: 418.52, 
            Production Events: 1, 
            Suppression Events: 1
Time: 419.1, 
            Production Events: 0, 
            Suppression Events: 3
Time: 420.34, 
            Production Events: 1, 
            Suppression Events: 1
Time: 421.21, 
            Production Events: 0, 
            Suppression Events: 1
Time: 425.41, 
            Production Events: 0, 
            Suppression Events: 3
Time: 425.41, 
            Production Events: 0, 
            Suppression Events: 0
Time: 425.41, 
            Production Events: 0, 
            Suppression Events: 0
Time: 425.41, 
            Production Events: 0, 
            Suppression Events: 0
Time: 426.49, 
            Production Events: 0, 
            Suppression Events: 1
Time: 427.98, 
            Production Events: 1, 
            Suppression Events: 1
Time: 428.03, 
            Production Events: 0, 
            Suppression Events: 1
Time: 430.0, 
            Production Events: 0, 
            Suppression Events: 4
Time: 430.0, 
            Production Events: 0, 
            Suppression Events: 0
Time: 432.34, 
            Production Events: 0, 
            Suppression Events: 3
Time: 432.34, 
            Production Events: 0, 
            Suppression Events: 0
Time: 434.56, 
            Production Events: 1, 
            Suppression Events: 0
Time: 434.56, 
            Production Events: 0, 
            Suppression Events: 0
Time: 435.79, 
            Production Events: 0, 
            Suppression Events: 1
Time: 437.44, 
            Production Events: 0, 
            Suppression Events: 1
Time: 437.44, 
            Production Events: 0, 
            Suppression Events: 0
Time: 438.51, 
            Production Events: 0, 
            Suppression Events: 1
Time: 439.61, 
            Production Events: 0, 
            Suppression Events: 1
Time: 440.17, 
            Production Events: 0, 
            Suppression Events: 2
Time: 443.2, 
            Production Events: 0, 
            Suppression Events: 1
Time: 443.2, 
            Production Events: 0, 
            Suppression Events: 0
Time: 443.2, 
            Production Events: 0, 
            Suppression Events: 0
Time: 446.6, 
            Production Events: 0, 
            Suppression Events: 2
Time: 446.6, 
            Production Events: 0, 
            Suppression Events: 0
Time: 446.6, 
            Production Events: 0, 
            Suppression Events: 0
Time: 447.47, 
            Production Events: 0, 
            Suppression Events: 1
Time: 450.15, 
            Production Events: 1, 
            Suppression Events: 1
Time: 450.15, 
            Production Events: 0, 
            Suppression Events: 0
Time: 450.15, 
            Production Events: 0, 
            Suppression Events: 0
Time: 451.31, 
            Production Events: 0, 
            Suppression Events: 2
Time: 453.35, 
            Production Events: 0, 
            Suppression Events: 2
Time: 453.35, 
            Production Events: 0, 
            Suppression Events: 0
Time: 454.51, 
            Production Events: 0, 
            Suppression Events: 1
Time: 458.03, 
            Production Events: 0, 
            Suppression Events: 1
Time: 458.03, 
            Production Events: 0, 
            Suppression Events: 0
Time: 458.03, 
            Production Events: 0, 
            Suppression Events: 0
Time: 458.03, 
            Production Events: 0, 
            Suppression Events: 0
Time: 459.03, 
            Production Events: 1, 
            Suppression Events: 3
Time: 460.92, 
            Production Events: 0, 
            Suppression Events: 2
Time: 461.71, 
            Production Events: 0, 
            Suppression Events: 1
Time: 462.12, 
            Production Events: 0, 
            Suppression Events: 1
Time: 463.18, 
            Production Events: 0, 
            Suppression Events: 1
Time: 465.26, 
            Production Events: 0, 
            Suppression Events: 1
Time: 465.26, 
            Production Events: 0, 
            Suppression Events: 0
Time: 469.17, 
            Production Events: 1, 
            Suppression Events: 2
Time: 469.17, 
            Production Events: 0, 
            Suppression Events: 0
Time: 469.17, 
            Production Events: 0, 
            Suppression Events: 0
Time: 469.17, 
            Production Events: 0, 
            Suppression Events: 0
Time: 472.69, 
            Production Events: 0, 
            Suppression Events: 2
Time: 472.69, 
            Production Events: 0, 
            Suppression Events: 0
Time: 472.69, 
            Production Events: 0, 
            Suppression Events: 0
Time: 473.16, 
            Production Events: 0, 
            Suppression Events: 2
Time: 474.01, 
            Production Events: 0, 
            Suppression Events: 1
Time: 475.13, 
            Production Events: 0, 
            Suppression Events: 1
Time: 477.71, 
            Production Events: 1, 
            Suppression Events: 2
Time: 477.71, 
            Production Events: 0, 
            Suppression Events: 0
Time: 478.55, 
            Production Events: 0, 
            Suppression Events: 1
Time: 479.49, 
            Production Events: 0, 
            Suppression Events: 3
Time: 480.76, 
            Production Events: 0, 
            Suppression Events: 1
Time: 483.13, 
            Production Events: 0, 
            Suppression Events: 1
Time: 483.13, 
            Production Events: 0, 
            Suppression Events: 0
Time: 483.13, 
            Production Events: 0, 
            Suppression Events: 0
Time: 484.22, 
            Production Events: 0, 
            Suppression Events: 2
Time: 487.44, 
            Production Events: 0, 
            Suppression Events: 3
Time: 487.44, 
            Production Events: 0, 
            Suppression Events: 0
Time: 487.44, 
            Production Events: 0, 
            Suppression Events: 0
Time: 496.33, 
            Production Events: 0, 
            Suppression Events: 1
Time: 496.33, 
            Production Events: 0, 
            Suppression Events: 0
Time: 496.33, 
            Production Events: 0, 
            Suppression Events: 0
Time: 496.33, 
            Production Events: 0, 
            Suppression Events: 0
Time: 496.33, 
            Production Events: 0, 
            Suppression Events: 0
Time: 496.33, 
            Production Events: 0, 
            Suppression Events: 0
Time: 496.33, 
            Production Events: 0, 
            Suppression Events: 0
Time: 496.33, 
            Production Events: 0, 
            Suppression Events: 0
Time: 496.33, 
            Production Events: 0, 
            Suppression Events: 0
Time: 497.83, 
            Production Events: 0, 
            Suppression Events: 1
Time: 498.02, 
            Production Events: 0, 
            Suppression Events: 1
Time: 499.67, 
            Production Events: 0, 
            Suppression Events: 2
Time: 500.41, 
            Production Events: 0, 
            Suppression Events: 1
Time: 501.84, 
            Production Events: 0, 
            Suppression Events: 2
Time: 502.17, 
            Production Events: 0, 
            Suppression Events: 1
Time: 503.76, 
            Production Events: 1, 
            Suppression Events: 1
Time: 504.82, 
            Production Events: 1, 
            Suppression Events: 0
Time: 505.75, 
            Production Events: 0, 
            Suppression Events: 1
Time: 507.4, 
            Production Events: 0, 
            Suppression Events: 1
Time: 507.4, 
            Production Events: 0, 
            Suppression Events: 0
Time: 508.57, 
            Production Events: 0, 
            Suppression Events: 1
Time: 510.91, 
            Production Events: 0, 
            Suppression Events: 1
Time: 510.91, 
            Production Events: 0, 
            Suppression Events: 0
Time: 511.31, 
            Production Events: 0, 
            Suppression Events: 1
Time: 512.43, 
            Production Events: 0, 
            Suppression Events: 1
Time: 513.1, 
            Production Events: 0, 
            Suppression Events: 1
Time: 514.63, 
            Production Events: 0, 
            Suppression Events: 2
Time: 516.64, 
            Production Events: 0, 
            Suppression Events: 1
Time: 516.64, 
            Production Events: 0, 
            Suppression Events: 0
Time: 517.19, 
            Production Events: 0, 
            Suppression Events: 2
Time: 518.63, 
            Production Events: 0, 
            Suppression Events: 3
Time: 519.68, 
            Production Events: 1, 
            Suppression Events: 1
Time: 521.09, 
            Production Events: 0, 
            Suppression Events: 1
Time: 521.09, 
            Production Events: 0, 
            Suppression Events: 0
Time: 522.03, 
            Production Events: 0, 
            Suppression Events: 1
Time: 526.81, 
            Production Events: 0, 
            Suppression Events: 1
Time: 526.81, 
            Production Events: 0, 
            Suppression Events: 0
Time: 526.81, 
            Production Events: 0, 
            Suppression Events: 0
Time: 526.81, 
            Production Events: 0, 
            Suppression Events: 0
Time: 528.01, 
            Production Events: 0, 
            Suppression Events: 1
Time: 528.01, 
            Production Events: 0, 
            Suppression Events: 0
Time: 530.07, 
            Production Events: 0, 
            Suppression Events: 3
Time: 530.07, 
            Production Events: 0, 
            Suppression Events: 0
Time: 531.02, 
            Production Events: 0, 
            Suppression Events: 1
Time: 533.48, 
            Production Events: 0, 
            Suppression Events: 1
Time: 533.48, 
            Production Events: 0, 
            Suppression Events: 0
Time: 535.01, 
            Production Events: 1, 
            Suppression Events: 1
Time: 535.01, 
            Production Events: 0, 
            Suppression Events: 0
Time: 539.2, 
            Production Events: 0, 
            Suppression Events: 2
Time: 539.2, 
            Production Events: 0, 
            Suppression Events: 0
Time: 539.2, 
            Production Events: 0, 
            Suppression Events: 0
Time: 539.2, 
            Production Events: 0, 
            Suppression Events: 0
Time: 541.3, 
            Production Events: 0, 
            Suppression Events: 1
Time: 541.3, 
            Production Events: 0, 
            Suppression Events: 0
Time: 544.03, 
            Production Events: 0, 
            Suppression Events: 1
Time: 544.03, 
            Production Events: 0, 
            Suppression Events: 0
Time: 544.03, 
            Production Events: 0, 
            Suppression Events: 0
Time: 545.21, 
            Production Events: 0, 
            Suppression Events: 1
Time: 547.35, 
            Production Events: 0, 
            Suppression Events: 1
Time: 547.35, 
            Production Events: 0, 
            Suppression Events: 0
Time: 548.29, 
            Production Events: 0, 
            Suppression Events: 1
Time: 549.12, 
            Production Events: 0, 
            Suppression Events: 2
Time: 554.75, 
            Production Events: 0, 
            Suppression Events: 1
Time: 554.75, 
            Production Events: 0, 
            Suppression Events: 0
Time: 554.75, 
            Production Events: 0, 
            Suppression Events: 0
Time: 554.75, 
            Production Events: 0, 
            Suppression Events: 0
Time: 554.75, 
            Production Events: 0, 
            Suppression Events: 0
Time: 556.66, 
            Production Events: 0, 
            Suppression Events: 1
Time: 556.66, 
            Production Events: 0, 
            Suppression Events: 0
Time: 558.05, 
            Production Events: 0, 
            Suppression Events: 3
Time: 558.05, 
            Production Events: 0, 
            Suppression Events: 0
Time: 559.65, 
            Production Events: 1, 
            Suppression Events: 1
Time: 560.22, 
            Production Events: 0, 
            Suppression Events: 1
Time: 562.43, 
            Production Events: 1, 
            Suppression Events: 1
Time: 562.43, 
            Production Events: 0, 
            Suppression Events: 0
Time: 564.19, 
            Production Events: 0, 
            Suppression Events: 2
Time: 564.19, 
            Production Events: 0, 
            Suppression Events: 0
Time: 565.28, 
            Production Events: 0, 
            Suppression Events: 3
Time: 566.55, 
            Production Events: 0, 
            Suppression Events: 1
Time: 569.25, 
            Production Events: 0, 
            Suppression Events: 2
Time: 569.25, 
            Production Events: 0, 
            Suppression Events: 0
Time: 569.25, 
            Production Events: 0, 
            Suppression Events: 0
Time: 572.4, 
            Production Events: 0, 
            Suppression Events: 1
Time: 572.4, 
            Production Events: 0, 
            Suppression Events: 0
Time: 572.4, 
            Production Events: 0, 
            Suppression Events: 0
Time: 573.91, 
            Production Events: 0, 
            Suppression Events: 1
Time: 574.19, 
            Production Events: 1, 
            Suppression Events: 0
Time: 575.31, 
            Production Events: 0, 
            Suppression Events: 1
Time: 576.91, 
            Production Events: 0, 
            Suppression Events: 2
Time: 577.71, 
            Production Events: 0, 
            Suppression Events: 1
Time: 579.43, 
            Production Events: 0, 
            Suppression Events: 1
Time: 579.43, 
            Production Events: 0, 
            Suppression Events: 0
Time: 580.35, 
            Production Events: 0, 
            Suppression Events: 2
Time: 582.19, 
            Production Events: 0, 
            Suppression Events: 1
Time: 582.19, 
            Production Events: 0, 
            Suppression Events: 0
Time: 585.5, 
            Production Events: 0, 
            Suppression Events: 2
Time: 585.5, 
            Production Events: 0, 
            Suppression Events: 0
Time: 585.5, 
            Production Events: 0, 
            Suppression Events: 0
Time: 587.08, 
            Production Events: 0, 
            Suppression Events: 2
Time: 587.08, 
            Production Events: 0, 
            Suppression Events: 0
Time: 588.64, 
            Production Events: 0, 
            Suppression Events: 4
Time: 589.15, 
            Production Events: 0, 
            Suppression Events: 2
Time: 591.11, 
            Production Events: 1, 
            Suppression Events: 1
Time: 591.11, 
            Production Events: 0, 
            Suppression Events: 0
Time: 592.09, 
            Production Events: 0, 
            Suppression Events: 2
Time: 594.81, 
            Production Events: 1, 
            Suppression Events: 1
Time: 594.81, 
            Production Events: 0, 
            Suppression Events: 0
Time: 596.37, 
            Production Events: 1, 
            Suppression Events: 0
Time: 596.37, 
            Production Events: 0, 
            Suppression Events: 0
Time: 597.59, 
            Production Events: 0, 
            Suppression Events: 1
Time: 598.04, 
            Production Events: 0, 
            Suppression Events: 3
Time: 599.14, 
            Production Events: 0, 
            Suppression Events: 3
Time: 604.21, 
            Production Events: 0, 
            Suppression Events: 2
Time: 604.21, 
            Production Events: 0, 
            Suppression Events: 0
Time: 604.21, 
            Production Events: 0, 
            Suppression Events: 0
Time: 604.21, 
            Production Events: 0, 
            Suppression Events: 0
Time: 604.21, 
            Production Events: 0, 
            Suppression Events: 0
Time: 605.2, 
            Production Events: 0, 
            Suppression Events: 4
Time: 607.09, 
            Production Events: 0, 
            Suppression Events: 1
Time: 607.09, 
            Production Events: 0, 
            Suppression Events: 0
Time: 608.45, 
            Production Events: 0, 
            Suppression Events: 6
Time: 611.5, 
            Production Events: 0, 
            Suppression Events: 1
Time: 611.5, 
            Production Events: 0, 
            Suppression Events: 0
Time: 611.5, 
            Production Events: 0, 
            Suppression Events: 0
Time: 613.66, 
            Production Events: 0, 
            Suppression Events: 2
Time: 613.66, 
            Production Events: 0, 
            Suppression Events: 0
Time: 614.09, 
            Production Events: 0, 
            Suppression Events: 1
Time: 615.3, 
            Production Events: 0, 
            Suppression Events: 3
Time: 617.09, 
            Production Events: 0, 
            Suppression Events: 2
Time: 617.09, 
            Production Events: 0, 
            Suppression Events: 0
Time: 618.92, 
            Production Events: 0, 
            Suppression Events: 2
Time: 620.06, 
            Production Events: 0, 
            Suppression Events: 1
Time: 620.06, 
            Production Events: 0, 
            Suppression Events: 0
Time: 621.78, 
            Production Events: 0, 
            Suppression Events: 3
Time: 622.8, 
            Production Events: 0, 
            Suppression Events: 1
Time: 623.11, 
            Production Events: 0, 
            Suppression Events: 1
Time: 625.54, 
            Production Events: 0, 
            Suppression Events: 1
Time: 625.54, 
            Production Events: 0, 
            Suppression Events: 0
Time: 626.25, 
            Production Events: 1, 
            Suppression Events: 0
Time: 627.53, 
            Production Events: 0, 
            Suppression Events: 2
Time: 630.78, 
            Production Events: 0, 
            Suppression Events: 1
Time: 630.78, 
            Production Events: 0, 
            Suppression Events: 0
Time: 630.78, 
            Production Events: 0, 
            Suppression Events: 0
Time: 631.36, 
            Production Events: 0, 
            Suppression Events: 2
Time: 632.51, 
            Production Events: 0, 
            Suppression Events: 1
Time: 633.15, 
            Production Events: 1, 
            Suppression Events: 0
Time: 637.97, 
            Production Events: 0, 
            Suppression Events: 1
Time: 637.97, 
            Production Events: 0, 
            Suppression Events: 0
Time: 637.97, 
            Production Events: 0, 
            Suppression Events: 0
Time: 637.97, 
            Production Events: 0, 
            Suppression Events: 0
Time: 638.7, 
            Production Events: 0, 
            Suppression Events: 1
Time: 639.2, 
            Production Events: 0, 
            Suppression Events: 1
Time: 641.5, 
            Production Events: 0, 
            Suppression Events: 1
Time: 641.5, 
            Production Events: 0, 
            Suppression Events: 0
Time: 642.09, 
            Production Events: 0, 
            Suppression Events: 1
Time: 643.24, 
            Production Events: 0, 
            Suppression Events: 2
Time: 645.82, 
            Production Events: 0, 
            Suppression Events: 3
Time: 645.82, 
            Production Events: 0, 
            Suppression Events: 0
Time: 647.94, 
            Production Events: 1, 
            Suppression Events: 0
Time: 647.94, 
            Production Events: 0, 
            Suppression Events: 0
Time: 649.01, 
            Production Events: 0, 
            Suppression Events: 1
Time: 649.01, 
            Production Events: 0, 
            Suppression Events: 0
Time: 651.38, 
            Production Events: 1, 
            Suppression Events: 1
Time: 651.38, 
            Production Events: 0, 
            Suppression Events: 0
Time: 653.23, 
            Production Events: 1, 
            Suppression Events: 1
Time: 653.23, 
            Production Events: 0, 
            Suppression Events: 0
Time: 656.58, 
            Production Events: 0, 
            Suppression Events: 2
Time: 656.58, 
            Production Events: 0, 
            Suppression Events: 0
Time: 656.58, 
            Production Events: 0, 
            Suppression Events: 0
Time: 657.04, 
            Production Events: 0, 
            Suppression Events: 5
Time: 659.52, 
            Production Events: 0, 
            Suppression Events: 2
Time: 659.52, 
            Production Events: 0, 
            Suppression Events: 0
Time: 660.17, 
            Production Events: 0, 
            Suppression Events: 1
Time: 662.18, 
            Production Events: 1, 
            Suppression Events: 3
Time: 662.18, 
            Production Events: 0, 
            Suppression Events: 0
Time: 663.8, 
            Production Events: 0, 
            Suppression Events: 1
Time: 665.28, 
            Production Events: 0, 
            Suppression Events: 1
Time: 665.28, 
            Production Events: 0, 
            Suppression Events: 0
Time: 669.36, 
            Production Events: 0, 
            Suppression Events: 1
Time: 669.36, 
            Production Events: 0, 
            Suppression Events: 0
Time: 669.36, 
            Production Events: 0, 
            Suppression Events: 0
Time: 669.36, 
            Production Events: 0, 
            Suppression Events: 0
Time: 670.45, 
            Production Events: 0, 
            Suppression Events: 1
Time: 675.95, 
            Production Events: 0, 
            Suppression Events: 1
Time: 675.95, 
            Production Events: 0, 
            Suppression Events: 0
Time: 675.95, 
            Production Events: 0, 
            Suppression Events: 0
Time: 675.95, 
            Production Events: 0, 
            Suppression Events: 0
Time: 675.95, 
            Production Events: 0, 
            Suppression Events: 0
Time: 676.13, 
            Production Events: 0, 
            Suppression Events: 1
Time: 677.46, 
            Production Events: 0, 
            Suppression Events: 3
Time: 678.28, 
            Production Events: 0, 
            Suppression Events: 1
Time: 679.09, 
            Production Events: 0, 
            Suppression Events: 1
Time: 680.21, 
            Production Events: 0, 
            Suppression Events: 1
Time: 681.56, 
            Production Events: 0, 
            Suppression Events: 1
Time: 683.25, 
            Production Events: 0, 
            Suppression Events: 2
Time: 683.25, 
            Production Events: 0, 
            Suppression Events: 0
Time: 684.94, 
            Production Events: 0, 
            Suppression Events: 3
Time: 685.32, 
            Production Events: 0, 
            Suppression Events: 1
Time: 689.08, 
            Production Events: 0, 
            Suppression Events: 2
Time: 689.08, 
            Production Events: 0, 
            Suppression Events: 0
Time: 689.08, 
            Production Events: 0, 
            Suppression Events: 0
Time: 689.08, 
            Production Events: 0, 
            Suppression Events: 0
Time: 692.51, 
            Production Events: 0, 
            Suppression Events: 2
Time: 692.51, 
            Production Events: 0, 
            Suppression Events: 0
Time: 692.51, 
            Production Events: 0, 
            Suppression Events: 0
Time: 693.19, 
            Production Events: 0, 
            Suppression Events: 1
Time: 694.28, 
            Production Events: 0, 
            Suppression Events: 1
Time: 696.88, 
            Production Events: 0, 
            Suppression Events: 1
Time: 696.88, 
            Production Events: 0, 
            Suppression Events: 0
Time: 697.83, 
            Production Events: 0, 
            Suppression Events: 1
Time: 698.57, 
            Production Events: 0, 
            Suppression Events: 1
Time: 699.03, 
            Production Events: 1, 
            Suppression Events: 1
Time: 701.39, 
            Production Events: 0, 
            Suppression Events: 2
Time: 701.39, 
            Production Events: 0, 
            Suppression Events: 0
Time: 702.16, 
            Production Events: 0, 
            Suppression Events: 2
Time: 703.67, 
            Production Events: 0, 
            Suppression Events: 2
Time: 706.26, 
            Production Events: 0, 
            Suppression Events: 1
Time: 706.26, 
            Production Events: 0, 
            Suppression Events: 0
Time: 706.26, 
            Production Events: 0, 
            Suppression Events: 0
Time: 707.09, 
            Production Events: 0, 
            Suppression Events: 3
Time: 712.37, 
            Production Events: 0, 
            Suppression Events: 3
Time: 712.37, 
            Production Events: 0, 
            Suppression Events: 0
Time: 712.37, 
            Production Events: 0, 
            Suppression Events: 0
Time: 712.37, 
            Production Events: 0, 
            Suppression Events: 0
Time: 712.37, 
            Production Events: 0, 
            Suppression Events: 0
Time: 713.09, 
            Production Events: 0, 
            Suppression Events: 1
Time: 714.79, 
            Production Events: 0, 
            Suppression Events: 1
Time: 717.83, 
            Production Events: 0, 
            Suppression Events: 1
Time: 717.83, 
            Production Events: 0, 
            Suppression Events: 0
Time: 717.83, 
            Production Events: 0, 
            Suppression Events: 0
Time: 720.99, 
            Production Events: 0, 
            Suppression Events: 1
Time: 720.99, 
            Production Events: 0, 
            Suppression Events: 0
Time: 720.99, 
            Production Events: 0, 
            Suppression Events: 0
Time: 721.89, 
            Production Events: 0, 
            Suppression Events: 1
Time: 722.44, 
            Production Events: 0, 
            Suppression Events: 1
Time: 723.18, 
            Production Events: 1, 
            Suppression Events: 2
Time: 724.65, 
            Production Events: 0, 
            Suppression Events: 2
Time: 725.04, 
            Production Events: 0, 
            Suppression Events: 1
Time: 727.66, 
            Production Events: 0, 
            Suppression Events: 1
Time: 727.66, 
            Production Events: 0, 
            Suppression Events: 0
Time: 728.11, 
            Production Events: 0, 
            Suppression Events: 1
Time: 730.48, 
            Production Events: 0, 
            Suppression Events: 2
Time: 730.48, 
            Production Events: 0, 
            Suppression Events: 0
Time: 731.69, 
            Production Events: 0, 
            Suppression Events: 3
Time: 732.28, 
            Production Events: 0, 
            Suppression Events: 1
Time: 734.03, 
            Production Events: 0, 
            Suppression Events: 2
Time: 734.03, 
            Production Events: 0, 
            Suppression Events: 0
Time: 736.85, 
            Production Events: 0, 
            Suppression Events: 1
Time: 736.85, 
            Production Events: 0, 
            Suppression Events: 0
Time: 738.14, 
            Production Events: 0, 
            Suppression Events: 1
Time: 738.14, 
            Production Events: 0, 
            Suppression Events: 0
Time: 739.07, 
            Production Events: 0, 
            Suppression Events: 1
Time: 743.35, 
            Production Events: 0, 
            Suppression Events: 1
Time: 743.35, 
            Production Events: 0, 
            Suppression Events: 0
Time: 743.35, 
            Production Events: 0, 
            Suppression Events: 0
Time: 743.35, 
            Production Events: 0, 
            Suppression Events: 0
Time: 744.59, 
            Production Events: 0, 
            Suppression Events: 1
Time: 745.98, 
            Production Events: 0, 
            Suppression Events: 2
Time: 748.27, 
            Production Events: 0, 
            Suppression Events: 1
Time: 748.27, 
            Production Events: 0, 
            Suppression Events: 0
Time: 748.27, 
            Production Events: 0, 
            Suppression Events: 0
Time: 749.43, 
            Production Events: 0, 
            Suppression Events: 1
Time: 751.0, 
            Production Events: 0, 
            Suppression Events: 1
Time: 751.81, 
            Production Events: 0, 
            Suppression Events: 1
Time: 752.68, 
            Production Events: 0, 
            Suppression Events: 1
Time: 753.9, 
            Production Events: 0, 
            Suppression Events: 2
Time: 758.96, 
            Production Events: 0, 
            Suppression Events: 1
Time: 758.96, 
            Production Events: 0, 
            Suppression Events: 0
Time: 758.96, 
            Production Events: 0, 
            Suppression Events: 0
Time: 758.96, 
            Production Events: 0, 
            Suppression Events: 0
Time: 758.96, 
            Production Events: 0, 
            Suppression Events: 0
Time: 759.33, 
            Production Events: 1, 
            Suppression Events: 0
Time: 760.77, 
            Production Events: 0, 
            Suppression Events: 2
Time: 761.74, 
            Production Events: 0, 
            Suppression Events: 1
Time: 763.37, 
            Production Events: 0, 
            Suppression Events: 1
Time: 763.37, 
            Production Events: 0, 
            Suppression Events: 0
Time: 765.37, 
            Production Events: 0, 
            Suppression Events: 3
Time: 765.37, 
            Production Events: 0, 
            Suppression Events: 0
Time: 767.14, 
            Production Events: 0, 
            Suppression Events: 3
Time: 767.14, 
            Production Events: 0, 
            Suppression Events: 0
Time: 769.11, 
            Production Events: 0, 
            Suppression Events: 1
Time: 769.11, 
            Production Events: 0, 
            Suppression Events: 0
Time: 772.5, 
            Production Events: 0, 
            Suppression Events: 1
Time: 772.5, 
            Production Events: 0, 
            Suppression Events: 0
Time: 772.5, 
            Production Events: 0, 
            Suppression Events: 0
Time: 776.73, 
            Production Events: 1, 
            Suppression Events: 1
Time: 776.73, 
            Production Events: 0, 
            Suppression Events: 0
Time: 776.73, 
            Production Events: 0, 
            Suppression Events: 0
Time: 776.73, 
            Production Events: 0, 
            Suppression Events: 0
Time: 778.74, 
            Production Events: 0, 
            Suppression Events: 1
Time: 778.74, 
            Production Events: 0, 
            Suppression Events: 0
Time: 780.0, 
            Production Events: 0, 
            Suppression Events: 1
Time: 781.11, 
            Production Events: 0, 
            Suppression Events: 1
Time: 781.11, 
            Production Events: 0, 
            Suppression Events: 0
Time: 782.62, 
            Production Events: 0, 
            Suppression Events: 3
Time: 783.95, 
            Production Events: 0, 
            Suppression Events: 1
Time: 784.49, 
            Production Events: 0, 
            Suppression Events: 1
Time: 785.72, 
            Production Events: 0, 
            Suppression Events: 2
Time: 786.49, 
            Production Events: 1, 
            Suppression Events: 0
Time: 788.94, 
            Production Events: 0, 
            Suppression Events: 1
Time: 788.94, 
            Production Events: 0, 
            Suppression Events: 0
Time: 790.35, 
            Production Events: 0, 
            Suppression Events: 1
Time: 790.35, 
            Production Events: 0, 
            Suppression Events: 0
Time: 791.04, 
            Production Events: 0, 
            Suppression Events: 1
Time: 793.91, 
            Production Events: 0, 
            Suppression Events: 2
Time: 793.91, 
            Production Events: 0, 
            Suppression Events: 0
Time: 795.5, 
            Production Events: 0, 
            Suppression Events: 2
Time: 795.5, 
            Production Events: 0, 
            Suppression Events: 0
Time: 796.49, 
            Production Events: 0, 
            Suppression Events: 3
Time: 798.47, 
            Production Events: 0, 
            Suppression Events: 1
Time: 798.47, 
            Production Events: 0, 
            Suppression Events: 0
Time: 801.0, 
            Production Events: 0, 
            Suppression Events: 1
Time: 801.0, 
            Production Events: 0, 
            Suppression Events: 0
Time: 801.0, 
            Production Events: 0, 
            Suppression Events: 0
Time: 802.04, 
            Production Events: 0, 
            Suppression Events: 2
Time: 803.52, 
            Production Events: 1, 
            Suppression Events: 0
Time: 804.76, 
            Production Events: 0, 
            Suppression Events: 2
Time: 805.29, 
            Production Events: 0, 
            Suppression Events: 1
Time: 806.56, 
            Production Events: 0, 
            Suppression Events: 2
Time: 807.29, 
            Production Events: 0, 
            Suppression Events: 1
Time: 808.32, 
            Production Events: 0, 
            Suppression Events: 1
Time: 809.84, 
            Production Events: 0, 
            Suppression Events: 2
Time: 810.42, 
            Production Events: 0, 
            Suppression Events: 1
Time: 811.22, 
            Production Events: 0, 
            Suppression Events: 1
Time: 812.0, 
            Production Events: 0, 
            Suppression Events: 1
Time: 813.54, 
            Production Events: 0, 
            Suppression Events: 3
Time: 814.99, 
            Production Events: 1, 
            Suppression Events: 1
Time: 816.23, 
            Production Events: 0, 
            Suppression Events: 1
Time: 816.23, 
            Production Events: 0, 
            Suppression Events: 0
Time: 817.73, 
            Production Events: 0, 
            Suppression Events: 1
Time: 819.41, 
            Production Events: 0, 
            Suppression Events: 1
Time: 819.41, 
            Production Events: 0, 
            Suppression Events: 0
Time: 822.14, 
            Production Events: 0, 
            Suppression Events: 2
Time: 822.14, 
            Production Events: 0, 
            Suppression Events: 0
Time: 822.14, 
            Production Events: 0, 
            Suppression Events: 0
Time: 824.18, 
            Production Events: 0, 
            Suppression Events: 2
Time: 824.18, 
            Production Events: 0, 
            Suppression Events: 0
Time: 825.83, 
            Production Events: 0, 
            Suppression Events: 1
Time: 827.5, 
            Production Events: 0, 
            Suppression Events: 1
Time: 827.5, 
            Production Events: 0, 
            Suppression Events: 0
Time: 828.42, 
            Production Events: 0, 
            Suppression Events: 2
Time: 829.43, 
            Production Events: 0, 
            Suppression Events: 1
Time: 831.32, 
            Production Events: 0, 
            Suppression Events: 1
Time: 831.32, 
            Production Events: 0, 
            Suppression Events: 0
Time: 832.01, 
            Production Events: 0, 
            Suppression Events: 1
Time: 833.08, 
            Production Events: 0, 
            Suppression Events: 3
Time: 835.43, 
            Production Events: 0, 
            Suppression Events: 1
Time: 835.43, 
            Production Events: 0, 
            Suppression Events: 0
Time: 836.39, 
            Production Events: 0, 
            Suppression Events: 1
Time: 837.2, 
            Production Events: 0, 
            Suppression Events: 1
Time: 839.65, 
            Production Events: 0, 
            Suppression Events: 3
Time: 839.65, 
            Production Events: 0, 
            Suppression Events: 0
Time: 840.86, 
            Production Events: 0, 
            Suppression Events: 3
Time: 841.04, 
            Production Events: 0, 
            Suppression Events: 1
Time: 843.85, 
            Production Events: 0, 
            Suppression Events: 4
Time: 843.85, 
            Production Events: 0, 
            Suppression Events: 0
Time: 844.55, 
            Production Events: 0, 
            Suppression Events: 1
Time: 847.28, 
            Production Events: 0, 
            Suppression Events: 1
Time: 847.28, 
            Production Events: 0, 
            Suppression Events: 0
Time: 847.28, 
            Production Events: 0, 
            Suppression Events: 0
Time: 849.3, 
            Production Events: 0, 
            Suppression Events: 2
Time: 849.3, 
            Production Events: 0, 
            Suppression Events: 0
Time: 851.5, 
            Production Events: 0, 
            Suppression Events: 1
Time: 851.5, 
            Production Events: 0, 
            Suppression Events: 0
Time: 854.83, 
            Production Events: 0, 
            Suppression Events: 2
Time: 854.83, 
            Production Events: 0, 
            Suppression Events: 0
Time: 854.83, 
            Production Events: 0, 
            Suppression Events: 0
Time: 856.03, 
            Production Events: 0, 
            Suppression Events: 1
Time: 856.03, 
            Production Events: 0, 
            Suppression Events: 0
Time: 857.64, 
            Production Events: 1, 
            Suppression Events: 2
Time: 858.39, 
            Production Events: 0, 
            Suppression Events: 3
Time: 859.96, 
            Production Events: 0, 
            Suppression Events: 1
Time: 860.04, 
            Production Events: 0, 
            Suppression Events: 1
Time: 862.52, 
            Production Events: 0, 
            Suppression Events: 1
Time: 862.52, 
            Production Events: 0, 
            Suppression Events: 0
Time: 863.61, 
            Production Events: 0, 
            Suppression Events: 4
Time: 864.33, 
            Production Events: 1, 
            Suppression Events: 0
Time: 865.39, 
            Production Events: 0, 
            Suppression Events: 3
Time: 866.53, 
            Production Events: 0, 
            Suppression Events: 1
Time: 867.47, 
            Production Events: 0, 
            Suppression Events: 1
Time: 868.58, 
            Production Events: 0, 
            Suppression Events: 2
Time: 870.96, 
            Production Events: 0, 
            Suppression Events: 1
Time: 870.96, 
            Production Events: 0, 
            Suppression Events: 0
Time: 871.24, 
            Production Events: 0, 
            Suppression Events: 1
Time: 873.45, 
            Production Events: 0, 
            Suppression Events: 1
Time: 873.45, 
            Production Events: 0, 
            Suppression Events: 0
Time: 874.7, 
            Production Events: 0, 
            Suppression Events: 1
Time: 875.45, 
            Production Events: 0, 
            Suppression Events: 2
Time: 877.04, 
            Production Events: 0, 
            Suppression Events: 1
Time: 877.04, 
            Production Events: 0, 
            Suppression Events: 0
Time: 879.2, 
            Production Events: 1, 
            Suppression Events: 1
Time: 879.2, 
            Production Events: 0, 
            Suppression Events: 0
Time: 881.32, 
            Production Events: 0, 
            Suppression Events: 1
Time: 881.32, 
            Production Events: 0, 
            Suppression Events: 0
Time: 884.22, 
            Production Events: 0, 
            Suppression Events: 1
Time: 884.22, 
            Production Events: 0, 
            Suppression Events: 0
Time: 884.22, 
            Production Events: 0, 
            Suppression Events: 0
Time: 885.51, 
            Production Events: 0, 
            Suppression Events: 1
Time: 887.56, 
            Production Events: 0, 
            Suppression Events: 1
Time: 887.56, 
            Production Events: 0, 
            Suppression Events: 0
Time: 888.4, 
            Production Events: 0, 
            Suppression Events: 2
Time: 890.01, 
            Production Events: 0, 
            Suppression Events: 1
Time: 890.01, 
            Production Events: 0, 
            Suppression Events: 0
Time: 891.93, 
            Production Events: 0, 
            Suppression Events: 2
Time: 892.07, 
            Production Events: 0, 
            Suppression Events: 2
Time: 893.96, 
            Production Events: 0, 
            Suppression Events: 2
Time: 894.21, 
            Production Events: 1, 
            Suppression Events: 0
Time: 895.61, 
            Production Events: 0, 
            Suppression Events: 1
Time: 898.24, 
            Production Events: 0, 
            Suppression Events: 2
Time: 898.24, 
            Production Events: 0, 
            Suppression Events: 0
Time: 898.24, 
            Production Events: 0, 
            Suppression Events: 0
Time: 899.69, 
            Production Events: 1, 
            Suppression Events: 2
Time: 900.25, 
            Production Events: 0, 
            Suppression Events: 1
Time: 903.76, 
            Production Events: 1, 
            Suppression Events: 1
Time: 903.76, 
            Production Events: 0, 
            Suppression Events: 0
Time: 903.76, 
            Production Events: 0, 
            Suppression Events: 0
Time: 904.03, 
            Production Events: 0, 
            Suppression Events: 1
Time: 905.25, 
            Production Events: 0, 
            Suppression Events: 2
Time: 906.67, 
            Production Events: 0, 
            Suppression Events: 2
Time: 909.5, 
            Production Events: 0, 
            Suppression Events: 1
Time: 909.5, 
            Production Events: 0, 
            Suppression Events: 0
Time: 909.5, 
            Production Events: 0, 
            Suppression Events: 0
Time: 911.39, 
            Production Events: 0, 
            Suppression Events: 2
Time: 911.39, 
            Production Events: 0, 
            Suppression Events: 0
Time: 915.02, 
            Production Events: 0, 
            Suppression Events: 1
Time: 915.02, 
            Production Events: 0, 
            Suppression Events: 0
Time: 915.02, 
            Production Events: 0, 
            Suppression Events: 0
Time: 915.02, 
            Production Events: 0, 
            Suppression Events: 0
Time: 916.27, 
            Production Events: 0, 
            Suppression Events: 1
Time: 917.26, 
            Production Events: 0, 
            Suppression Events: 4
Time: 918.86, 
            Production Events: 0, 
            Suppression Events: 2
Time: 919.71, 
            Production Events: 0, 
            Suppression Events: 1
Time: 922.92, 
            Production Events: 0, 
            Suppression Events: 2
Time: 922.92, 
            Production Events: 0, 
            Suppression Events: 0
Time: 922.92, 
            Production Events: 0, 
            Suppression Events: 0
Time: 923.12, 
            Production Events: 1, 
            Suppression Events: 0
Time: 924.04, 
            Production Events: 0, 
            Suppression Events: 1
Time: 925.18, 
            Production Events: 0, 
            Suppression Events: 1
Time: 926.09, 
            Production Events: 0, 
            Suppression Events: 1
Time: 928.76, 
            Production Events: 0, 
            Suppression Events: 4
Time: 928.76, 
            Production Events: 0, 
            Suppression Events: 0
Time: 930.82, 
            Production Events: 0, 
            Suppression Events: 1
Time: 930.82, 
            Production Events: 0, 
            Suppression Events: 0
Time: 931.08, 
            Production Events: 0, 
            Suppression Events: 1
Time: 932.7, 
            Production Events: 0, 
            Suppression Events: 1
Time: 933.92, 
            Production Events: 0, 
            Suppression Events: 2
Time: 934.25, 
            Production Events: 0, 
            Suppression Events: 1
Time: 935.43, 
            Production Events: 0, 
            Suppression Events: 2
Time: 938.31, 
            Production Events: 0, 
            Suppression Events: 1
Time: 938.31, 
            Production Events: 0, 
            Suppression Events: 0
Time: 938.31, 
            Production Events: 0, 
            Suppression Events: 0
Time: 940.89, 
            Production Events: 0, 
            Suppression Events: 3
Time: 940.89, 
            Production Events: 0, 
            Suppression Events: 0
Time: 941.16, 
            Production Events: 0, 
            Suppression Events: 1
Time: 943.69, 
            Production Events: 0, 
            Suppression Events: 2
Time: 943.69, 
            Production Events: 0, 
            Suppression Events: 0
Time: 944.31, 
            Production Events: 0, 
            Suppression Events: 1
Time: 946.53, 
            Production Events: 0, 
            Suppression Events: 1
Time: 946.53, 
            Production Events: 0, 
            Suppression Events: 0
Time: 949.68, 
            Production Events: 0, 
            Suppression Events: 1
Time: 949.68, 
            Production Events: 0, 
            Suppression Events: 0
Time: 949.68, 
            Production Events: 0, 
            Suppression Events: 0
Time: 950.23, 
            Production Events: 0, 
            Suppression Events: 3
Time: 953.95, 
            Production Events: 0, 
            Suppression Events: 2
Time: 953.95, 
            Production Events: 0, 
            Suppression Events: 0
Time: 953.95, 
            Production Events: 0, 
            Suppression Events: 0
Time: 954.5, 
            Production Events: 0, 
            Suppression Events: 1
Time: 956.76, 
            Production Events: 0, 
            Suppression Events: 1
Time: 956.76, 
            Production Events: 0, 
            Suppression Events: 0
Time: 957.02, 
            Production Events: 0, 
            Suppression Events: 1
Time: 958.37, 
            Production Events: 0, 
            Suppression Events: 2
Time: 959.22, 
            Production Events: 0, 
            Suppression Events: 1
Time: 961.34, 
            Production Events: 0, 
            Suppression Events: 2
Time: 961.34, 
            Production Events: 0, 
            Suppression Events: 0
Time: 963.17, 
            Production Events: 0, 
            Suppression Events: 2
Time: 963.17, 
            Production Events: 0, 
            Suppression Events: 0
Time: 967.05, 
            Production Events: 0, 
            Suppression Events: 1
Time: 967.05, 
            Production Events: 0, 
            Suppression Events: 0
Time: 967.05, 
            Production Events: 0, 
            Suppression Events: 0
Time: 967.05, 
            Production Events: 0, 
            Suppression Events: 0
Time: 968.64, 
            Production Events: 0, 
            Suppression Events: 2
Time: 969.43, 
            Production Events: 0, 
            Suppression Events: 2
Time: 970.0, 
            Production Events: 0, 
            Suppression Events: 1
Time: 971.7, 
            Production Events: 1, 
            Suppression Events: 3
Time: 973.63, 
            Production Events: 1, 
            Suppression Events: 1
Time: 973.63, 
            Production Events: 0, 
            Suppression Events: 0
Time: 975.1, 
            Production Events: 0, 
            Suppression Events: 1
Time: 975.1, 
            Production Events: 0, 
            Suppression Events: 0
Time: 977.97, 
            Production Events: 0, 
            Suppression Events: 2
Time: 977.97, 
            Production Events: 0, 
            Suppression Events: 0
Time: 978.2, 
            Production Events: 0, 
            Suppression Events: 1
Time: 981.33, 
            Production Events: 0, 
            Suppression Events: 1
Time: 981.33, 
            Production Events: 0, 
            Suppression Events: 0
Time: 981.33, 
            Production Events: 0, 
            Suppression Events: 0
Time: 982.04, 
            Production Events: 1, 
            Suppression Events: 0
Time: 983.03, 
            Production Events: 1, 
            Suppression Events: 0
Time: 985.05, 
            Production Events: 2, 
            Suppression Events: 1
Time: 985.05, 
            Production Events: 0, 
            Suppression Events: 0
Time: 987.19, 
            Production Events: 0, 
            Suppression Events: 1
Time: 987.19, 
            Production Events: 0, 
            Suppression Events: 0
Time: 988.41, 
            Production Events: 0, 
            Suppression Events: 2
Time: 989.04, 
            Production Events: 1, 
            Suppression Events: 0
Time: 991.67, 
            Production Events: 0, 
            Suppression Events: 1
Time: 991.67, 
            Production Events: 0, 
            Suppression Events: 0
Time: 992.25, 
            Production Events: 0, 
            Suppression Events: 1
Time: 993.01, 
            Production Events: 0, 
            Suppression Events: 1
Time: 994.18, 
            Production Events: 0, 
            Suppression Events: 2
Time: 995.39, 
            Production Events: 0, 
            Suppression Events: 2
Time: 998.12, 
            Production Events: 0, 
            Suppression Events: 1
Time: 998.12, 
            Production Events: 0, 
            Suppression Events: 0
Time: 998.12, 
            Production Events: 0, 
            Suppression Events: 0
Time: 999.5, 
            Production Events: 0, 
            Suppression Events: 1
Time: 1002.08, 
            Production Events: 0, 
            Suppression Events: 3
Simulation completed:
  Final time: 1002.0811782159931
  Total events: 1027
  Wall time: 10997.65 seconds

Saving simulation results with clean separation...
Task evolution saved to: 5t5b/5t5b_mfcsb/data/param_146_rep_1_2025-11-21_182721/states.csv
Events saved to: 5t5b/5t5b_mfcsb/data/param_146_rep_1_2025-11-21_182721/events.csv
Saving event log (raw and DataFrame)...
log DataFrame size: (1032, 9)
short view:
59 DataFrame
 Row  time     bee1_id  bee2_id  task_id  task_1   task_2   task_3     task_4 
      Float64  Int64    Int64    Int64    Float64  Float64  Float64    Float6 

   1      0.0        1        0        0   0.0852   0.0988  0.0882376   0.133 
   2      0.0        2        0        0   0.1284   0.1049  0.0685695   0.164
   3      0.0        3        0        0   0.0769   0.0846  0.111824    0.111
   4      0.0        4        0        0   0.0913   0.1036  0.0701829   0.093
   5      0.0        5        0        0   0.0883   0.0917  0.105793    0.142 
                                                               2 columns omittedEvent log saved to: 5t5b/5t5b_mfcsb/data/param_146_rep_1_2025-11-21_182721/event_log.json
Event log DataFrame saved to: 5t5b/5t5b_mfcsb/data/param_146_rep_1_2025-11-21_182721/event_log.csv
Metadata and configuration saved to: 5t5b/5t5b_mfcsb/data/param_146_rep_1_2025-11-21_182721/config.json
Task index mapping saved to: 5t5b/5t5b_mfcsb/data/param_146_rep_1_2025-11-21_182721/task_index_mapping.json
All results saved to directory: 5t5b/5t5b_mfcsb/data/param_146_rep_1_2025-11-21_182721
Simulation completed successfully!
Job finished at: Fri Nov 21 09:31:18 PM CET 2025
