Job array started at: Fri Nov 21 03:33:03 PM CET 2025
Job ID: 10860508
Array Job ID: 10860410
Array Task ID: 94
Node: th-ws-7010m29
Loading Julia module...
Module loaded: /software/opt/el_9/x86_64/julia/1.11.3/bin/julia
Changing to project directory...
Current directory: /scratch/n/N.Pfaffenzeller/nikolas_nethive/nethive_multiverse
Running parameter combination 94, replicate 1
Starting Julia simulation...
Running simulation with the following configuration:
  dataset_names: [:mnist, :cifar10, :svhn2, :fashion_mnist, :bank]
  param_id: 94
  n_bees: 5
  batch_size: 32
  replicate_id: 1
  punish_rate: 0.1
  punishment: time_out
  lambda_sensitivity: 100
  save_nn_epochs: 0
  production_rate: 1
  interaction_rate: 50
  batches_per_step: 100
  learning_rate: 1.0e-5
  max_output_dim: 10
  n_steps_per_epoch: 1
  dead_time: 50
  max_input_dim: 3072
  n_epochs: 1000
  seed: 1130099042

Starting simulation with configuration:
  dataset_names: [:mnist, :cifar10, :svhn2, :fashion_mnist, :bank]
  param_id: 94
  n_bees: 5
  batch_size: 32
  replicate_id: 1
  punish_rate: 0.1
  punishment: time_out
  lambda_sensitivity: 100
  save_nn_epochs: 0
  production_rate: 1
  interaction_rate: 50
  batches_per_step: 100
  run_timestamp: 2025-11-21T15:33:37.123
  learning_rate: 1.0e-5
  max_output_dim: 10
  n_steps_per_epoch: 1
  dead_time: 50
  max_input_dim: 3072
  n_epochs: 1000
  seed: 1130099042
Random seed: 1130099042

Starting simulation...
Time: 1.9, 
            Production Events: 1, 
            Suppression Events: 1
Time: 3.19, 
            Production Events: 0, 
            Suppression Events: 1
Time: 3.19, 
            Production Events: 0, 
            Suppression Events: 0
Time: 7.47, 
            Production Events: 1, 
            Suppression Events: 1
Time: 7.47, 
            Production Events: 0, 
            Suppression Events: 0
Time: 7.47, 
            Production Events: 0, 
            Suppression Events: 0
Time: 7.47, 
            Production Events: 0, 
            Suppression Events: 0
Time: 8.2, 
            Production Events: 1, 
            Suppression Events: 0
Time: 9.96, 
            Production Events: 0, 
            Suppression Events: 1
Time: 12.11, 
            Production Events: 0, 
            Suppression Events: 1
Time: 12.11, 
            Production Events: 0, 
            Suppression Events: 0
Time: 12.11, 
            Production Events: 0, 
            Suppression Events: 0
Time: 13.86, 
            Production Events: 1, 
            Suppression Events: 1
Time: 15.57, 
            Production Events: 0, 
            Suppression Events: 1
Time: 15.57, 
            Production Events: 0, 
            Suppression Events: 0
Time: 16.49, 
            Production Events: 1, 
            Suppression Events: 0
Time: 18.27, 
            Production Events: 1, 
            Suppression Events: 1
Time: 18.27, 
            Production Events: 0, 
            Suppression Events: 0
Time: 20.3, 
            Production Events: 0, 
            Suppression Events: 2
Time: 20.3, 
            Production Events: 0, 
            Suppression Events: 0
Time: 22.19, 
            Production Events: 0, 
            Suppression Events: 1
Time: 22.19, 
            Production Events: 0, 
            Suppression Events: 0
Time: 25.05, 
            Production Events: 0, 
            Suppression Events: 1
Time: 25.05, 
            Production Events: 0, 
            Suppression Events: 0
Time: 25.05, 
            Production Events: 0, 
            Suppression Events: 0
Time: 26.62, 
            Production Events: 0, 
            Suppression Events: 1
Time: 29.19, 
            Production Events: 0, 
            Suppression Events: 2
Time: 29.19, 
            Production Events: 0, 
            Suppression Events: 0
Time: 29.19, 
            Production Events: 0, 
            Suppression Events: 0
Time: 32.34, 
            Production Events: 2, 
            Suppression Events: 2
Time: 32.34, 
            Production Events: 0, 
            Suppression Events: 0
Time: 32.34, 
            Production Events: 0, 
            Suppression Events: 0
Time: 33.08, 
            Production Events: 0, 
            Suppression Events: 2
Time: 34.57, 
            Production Events: 0, 
            Suppression Events: 2
Time: 35.2, 
            Production Events: 0, 
            Suppression Events: 2
Time: 36.19, 
            Production Events: 2, 
            Suppression Events: 0
Time: 37.13, 
            Production Events: 1, 
            Suppression Events: 0
Time: 39.38, 
            Production Events: 0, 
            Suppression Events: 3
Time: 39.38, 
            Production Events: 0, 
            Suppression Events: 0
Time: 40.76, 
            Production Events: 0, 
            Suppression Events: 1
Time: 44.44, 
            Production Events: 0, 
            Suppression Events: 1
Time: 44.44, 
            Production Events: 0, 
            Suppression Events: 0
Time: 44.44, 
            Production Events: 0, 
            Suppression Events: 0
Time: 44.44, 
            Production Events: 0, 
            Suppression Events: 0
Time: 45.05, 
            Production Events: 1, 
            Suppression Events: 0
Time: 46.3, 
            Production Events: 0, 
            Suppression Events: 1
Time: 47.02, 
            Production Events: 1, 
            Suppression Events: 1
Time: 48.26, 
            Production Events: 0, 
            Suppression Events: 1
Time: 49.06, 
            Production Events: 1, 
            Suppression Events: 0
Time: 50.49, 
            Production Events: 0, 
            Suppression Events: 2
Time: 51.8, 
            Production Events: 0, 
            Suppression Events: 1
Time: 52.05, 
            Production Events: 0, 
            Suppression Events: 1
Time: 54.09, 
            Production Events: 0, 
            Suppression Events: 3
Time: 54.09, 
            Production Events: 0, 
            Suppression Events: 0
Time: 55.52, 
            Production Events: 0, 
            Suppression Events: 2
Time: 56.57, 
            Production Events: 0, 
            Suppression Events: 1
Time: 57.65, 
            Production Events: 0, 
            Suppression Events: 1
Time: 58.41, 
            Production Events: 0, 
            Suppression Events: 2
Time: 59.53, 
            Production Events: 0, 
            Suppression Events: 1
Time: 60.18, 
            Production Events: 0, 
            Suppression Events: 1
Time: 61.51, 
            Production Events: 1, 
            Suppression Events: 0
Time: 62.85, 
            Production Events: 0, 
            Suppression Events: 1
Time: 64.24, 
            Production Events: 0, 
            Suppression Events: 1
Time: 64.24, 
            Production Events: 0, 
            Suppression Events: 0
Time: 65.38, 
            Production Events: 0, 
            Suppression Events: 1
Time: 66.78, 
            Production Events: 0, 
            Suppression Events: 1
Time: 68.63, 
            Production Events: 1, 
            Suppression Events: 1
Time: 68.63, 
            Production Events: 0, 
            Suppression Events: 0
Time: 69.02, 
            Production Events: 0, 
            Suppression Events: 1
Time: 71.23, 
            Production Events: 0, 
            Suppression Events: 1
Time: 71.23, 
            Production Events: 0, 
            Suppression Events: 0
Time: 72.14, 
            Production Events: 0, 
            Suppression Events: 2
Time: 73.5, 
            Production Events: 0, 
            Suppression Events: 2
Time: 74.2, 
            Production Events: 1, 
            Suppression Events: 1
Time: 76.24, 
            Production Events: 1, 
            Suppression Events: 2
Time: 76.24, 
            Production Events: 0, 
            Suppression Events: 0
Time: 77.06, 
            Production Events: 0, 
            Suppression Events: 1
Time: 78.51, 
            Production Events: 1, 
            Suppression Events: 2
Time: 81.3, 
            Production Events: 1, 
            Suppression Events: 1
Time: 81.3, 
            Production Events: 0, 
            Suppression Events: 0
Time: 81.3, 
            Production Events: 0, 
            Suppression Events: 0
Time: 82.76, 
            Production Events: 1, 
            Suppression Events: 0
Time: 84.29, 
            Production Events: 1, 
            Suppression Events: 0
Time: 84.29, 
            Production Events: 0, 
            Suppression Events: 0
Time: 85.72, 
            Production Events: 0, 
            Suppression Events: 2
Time: 86.11, 
            Production Events: 0, 
            Suppression Events: 1
Time: 89.65, 
            Production Events: 0, 
            Suppression Events: 1
Time: 89.65, 
            Production Events: 0, 
            Suppression Events: 0
Time: 89.65, 
            Production Events: 0, 
            Suppression Events: 0
Time: 91.1, 
            Production Events: 0, 
            Suppression Events: 1
Time: 91.1, 
            Production Events: 0, 
            Suppression Events: 0
Time: 93.65, 
            Production Events: 0, 
            Suppression Events: 3
Time: 93.65, 
            Production Events: 0, 
            Suppression Events: 0
Time: 94.25, 
            Production Events: 0, 
            Suppression Events: 1
Time: 95.85, 
            Production Events: 0, 
            Suppression Events: 1
Time: 96.02, 
            Production Events: 0, 
            Suppression Events: 1
Time: 97.19, 
            Production Events: 0, 
            Suppression Events: 1
Time: 103.62, 
            Production Events: 0, 
            Suppression Events: 1
Time: 103.62, 
            Production Events: 0, 
            Suppression Events: 0
Time: 103.62, 
            Production Events: 0, 
            Suppression Events: 0
Time: 103.62, 
            Production Events: 0, 
            Suppression Events: 0
Time: 103.62, 
            Production Events: 0, 
            Suppression Events: 0
Time: 103.62, 
            Production Events: 0, 
            Suppression Events: 0
Time: 104.61, 
            Production Events: 0, 
            Suppression Events: 1
Time: 105.1, 
            Production Events: 0, 
            Suppression Events: 3
Time: 107.57, 
            Production Events: 0, 
            Suppression Events: 3
Time: 107.57, 
            Production Events: 0, 
            Suppression Events: 0
Time: 108.63, 
            Production Events: 0, 
            Suppression Events: 1
Time: 109.57, 
            Production Events: 0, 
            Suppression Events: 1
Time: 110.11, 
            Production Events: 1, 
            Suppression Events: 1
Time: 111.84, 
            Production Events: 1, 
            Suppression Events: 2
Time: 114.32, 
            Production Events: 0, 
            Suppression Events: 1
Time: 114.32, 
            Production Events: 0, 
            Suppression Events: 0
Time: 114.32, 
            Production Events: 0, 
            Suppression Events: 0
Time: 115.05, 
            Production Events: 0, 
            Suppression Events: 4
Time: 116.25, 
            Production Events: 0, 
            Suppression Events: 3
Time: 117.04, 
            Production Events: 2, 
            Suppression Events: 1
Time: 118.07, 
            Production Events: 0, 
            Suppression Events: 3
Time: 119.8, 
            Production Events: 2, 
            Suppression Events: 1
Time: 121.64, 
            Production Events: 0, 
            Suppression Events: 1
Time: 121.64, 
            Production Events: 0, 
            Suppression Events: 0
Time: 122.83, 
            Production Events: 0, 
            Suppression Events: 2
Time: 123.54, 
            Production Events: 0, 
            Suppression Events: 1
Time: 124.65, 
            Production Events: 1, 
            Suppression Events: 1
Time: 125.94, 
            Production Events: 0, 
            Suppression Events: 2
Time: 126.48, 
            Production Events: 0, 
            Suppression Events: 1
Time: 127.06, 
            Production Events: 0, 
            Suppression Events: 1
Time: 128.63, 
            Production Events: 0, 
            Suppression Events: 1
Time: 129.06, 
            Production Events: 0, 
            Suppression Events: 1
Time: 130.08, 
            Production Events: 0, 
            Suppression Events: 3
Time: 131.34, 
            Production Events: 0, 
            Suppression Events: 2
Time: 132.44, 
            Production Events: 0, 
            Suppression Events: 3
Time: 133.38, 
            Production Events: 0, 
            Suppression Events: 1
Time: 134.65, 
            Production Events: 0, 
            Suppression Events: 1
Time: 135.42, 
            Production Events: 0, 
            Suppression Events: 1
Time: 136.33, 
            Production Events: 0, 
            Suppression Events: 1
Time: 137.23, 
            Production Events: 0, 
            Suppression Events: 2
Time: 138.25, 
            Production Events: 0, 
            Suppression Events: 1
Time: 139.04, 
            Production Events: 0, 
            Suppression Events: 4
Time: 141.74, 
            Production Events: 0, 
            Suppression Events: 1
Time: 141.74, 
            Production Events: 0, 
            Suppression Events: 0
Time: 142.0, 
            Production Events: 0, 
            Suppression Events: 2
Time: 144.98, 
            Production Events: 1, 
            Suppression Events: 1
Time: 144.98, 
            Production Events: 0, 
            Suppression Events: 0
Time: 145.07, 
            Production Events: 0, 
            Suppression Events: 1
Time: 146.42, 
            Production Events: 1, 
            Suppression Events: 1
Time: 147.98, 
            Production Events: 0, 
            Suppression Events: 2
Time: 148.24, 
            Production Events: 0, 
            Suppression Events: 1
Time: 149.58, 
            Production Events: 0, 
            Suppression Events: 1
Time: 152.88, 
            Production Events: 0, 
            Suppression Events: 1
Time: 152.88, 
            Production Events: 0, 
            Suppression Events: 0
Time: 152.88, 
            Production Events: 0, 
            Suppression Events: 0
Time: 159.17, 
            Production Events: 0, 
            Suppression Events: 1
Time: 159.17, 
            Production Events: 0, 
            Suppression Events: 0
Time: 159.17, 
            Production Events: 0, 
            Suppression Events: 0
Time: 159.17, 
            Production Events: 0, 
            Suppression Events: 0
Time: 159.17, 
            Production Events: 0, 
            Suppression Events: 0
Time: 159.17, 
            Production Events: 0, 
            Suppression Events: 0
Time: 159.17, 
            Production Events: 0, 
            Suppression Events: 0
Time: 160.62, 
            Production Events: 0, 
            Suppression Events: 1
Time: 161.26, 
            Production Events: 0, 
            Suppression Events: 3
Time: 163.62, 
            Production Events: 0, 
            Suppression Events: 1
Time: 163.62, 
            Production Events: 0, 
            Suppression Events: 0
Time: 164.48, 
            Production Events: 0, 
            Suppression Events: 1
Time: 165.47, 
            Production Events: 0, 
            Suppression Events: 2
Time: 166.67, 
            Production Events: 0, 
            Suppression Events: 2
Time: 167.01, 
            Production Events: 0, 
            Suppression Events: 1
Time: 169.07, 
            Production Events: 0, 
            Suppression Events: 1
Time: 169.07, 
            Production Events: 0, 
            Suppression Events: 0
Time: 170.21, 
            Production Events: 1, 
            Suppression Events: 0
Time: 172.27, 
            Production Events: 0, 
            Suppression Events: 1
Time: 172.27, 
            Production Events: 0, 
            Suppression Events: 0
Time: 173.04, 
            Production Events: 0, 
            Suppression Events: 1
Time: 174.15, 
            Production Events: 0, 
            Suppression Events: 1
Time: 176.15, 
            Production Events: 0, 
            Suppression Events: 1
Time: 176.15, 
            Production Events: 0, 
            Suppression Events: 0
Time: 177.14, 
            Production Events: 0, 
            Suppression Events: 4
Time: 180.24, 
            Production Events: 0, 
            Suppression Events: 1
Time: 180.24, 
            Production Events: 0, 
            Suppression Events: 0
Time: 180.24, 
            Production Events: 0, 
            Suppression Events: 0
Time: 182.97, 
            Production Events: 0, 
            Suppression Events: 3
Time: 182.97, 
            Production Events: 0, 
            Suppression Events: 0
Time: 184.77, 
            Production Events: 0, 
            Suppression Events: 1
Time: 184.77, 
            Production Events: 0, 
            Suppression Events: 0
Time: 185.61, 
            Production Events: 0, 
            Suppression Events: 2
Time: 187.6, 
            Production Events: 0, 
            Suppression Events: 1
Time: 187.6, 
            Production Events: 0, 
            Suppression Events: 0
Time: 188.54, 
            Production Events: 0, 
            Suppression Events: 1
Time: 189.05, 
            Production Events: 0, 
            Suppression Events: 1
Time: 190.77, 
            Production Events: 0, 
            Suppression Events: 2
Time: 191.34, 
            Production Events: 0, 
            Suppression Events: 1
Time: 193.51, 
            Production Events: 0, 
            Suppression Events: 1
Time: 193.51, 
            Production Events: 0, 
            Suppression Events: 0
Time: 194.31, 
            Production Events: 0, 
            Suppression Events: 1
Time: 195.76, 
            Production Events: 1, 
            Suppression Events: 0
Time: 199.06, 
            Production Events: 0, 
            Suppression Events: 1
Time: 199.06, 
            Production Events: 0, 
            Suppression Events: 0
Time: 199.06, 
            Production Events: 0, 
            Suppression Events: 0
Time: 199.06, 
            Production Events: 0, 
            Suppression Events: 0
Time: 200.21, 
            Production Events: 0, 
            Suppression Events: 2
Time: 201.25, 
            Production Events: 0, 
            Suppression Events: 3
Time: 202.39, 
            Production Events: 0, 
            Suppression Events: 1
Time: 203.37, 
            Production Events: 0, 
            Suppression Events: 1
Time: 207.39, 
            Production Events: 0, 
            Suppression Events: 3
Time: 207.39, 
            Production Events: 0, 
            Suppression Events: 0
Time: 207.39, 
            Production Events: 0, 
            Suppression Events: 0
Time: 207.39, 
            Production Events: 0, 
            Suppression Events: 0
Time: 208.73, 
            Production Events: 0, 
            Suppression Events: 2
Time: 209.3, 
            Production Events: 0, 
            Suppression Events: 1
Time: 211.76, 
            Production Events: 0, 
            Suppression Events: 2
Time: 211.76, 
            Production Events: 0, 
            Suppression Events: 0
Time: 213.34, 
            Production Events: 1, 
            Suppression Events: 0
Time: 213.34, 
            Production Events: 0, 
            Suppression Events: 0
Time: 216.23, 
            Production Events: 0, 
            Suppression Events: 2
Time: 216.23, 
            Production Events: 0, 
            Suppression Events: 0
Time: 216.23, 
            Production Events: 0, 
            Suppression Events: 0
Time: 218.78, 
            Production Events: 0, 
            Suppression Events: 3
Time: 218.78, 
            Production Events: 0, 
            Suppression Events: 0
Time: 219.57, 
            Production Events: 0, 
            Suppression Events: 1
Time: 221.06, 
            Production Events: 0, 
            Suppression Events: 1
Time: 221.06, 
            Production Events: 0, 
            Suppression Events: 0
Time: 222.84, 
            Production Events: 0, 
            Suppression Events: 2
Time: 223.99, 
            Production Events: 0, 
            Suppression Events: 1
Time: 224.82, 
            Production Events: 0, 
            Suppression Events: 1
Time: 225.58, 
            Production Events: 0, 
            Suppression Events: 2
Time: 227.3, 
            Production Events: 0, 
            Suppression Events: 1
Time: 227.3, 
            Production Events: 0, 
            Suppression Events: 0
Time: 229.8, 
            Production Events: 0, 
            Suppression Events: 2
Time: 229.8, 
            Production Events: 0, 
            Suppression Events: 0
Time: 230.3, 
            Production Events: 0, 
            Suppression Events: 1
Time: 233.17, 
            Production Events: 1, 
            Suppression Events: 0
Time: 233.17, 
            Production Events: 0, 
            Suppression Events: 0
Time: 233.17, 
            Production Events: 0, 
            Suppression Events: 0
Time: 235.06, 
            Production Events: 0, 
            Suppression Events: 1
Time: 235.06, 
            Production Events: 0, 
            Suppression Events: 0
Time: 238.1, 
            Production Events: 0, 
            Suppression Events: 2
Time: 238.1, 
            Production Events: 0, 
            Suppression Events: 0
Time: 238.1, 
            Production Events: 0, 
            Suppression Events: 0
Time: 240.92, 
            Production Events: 0, 
            Suppression Events: 2
Time: 240.92, 
            Production Events: 0, 
            Suppression Events: 0
Time: 241.88, 
            Production Events: 0, 
            Suppression Events: 1
Time: 243.04, 
            Production Events: 0, 
            Suppression Events: 1
Time: 243.04, 
            Production Events: 0, 
            Suppression Events: 0
Time: 244.27, 
            Production Events: 0, 
            Suppression Events: 2
Time: 246.61, 
            Production Events: 1, 
            Suppression Events: 0
Time: 246.61, 
            Production Events: 0, 
            Suppression Events: 0
Time: 247.67, 
            Production Events: 0, 
            Suppression Events: 2
Time: 250.13, 
            Production Events: 0, 
            Suppression Events: 1
Time: 250.13, 
            Production Events: 0, 
            Suppression Events: 0
Time: 250.13, 
            Production Events: 0, 
            Suppression Events: 0
Time: 252.89, 
            Production Events: 0, 
            Suppression Events: 3
Time: 252.89, 
            Production Events: 0, 
            Suppression Events: 0
Time: 253.18, 
            Production Events: 0, 
            Suppression Events: 2
Time: 254.84, 
            Production Events: 0, 
            Suppression Events: 1
Time: 255.66, 
            Production Events: 0, 
            Suppression Events: 1
Time: 258.8, 
            Production Events: 0, 
            Suppression Events: 1
Time: 258.8, 
            Production Events: 0, 
            Suppression Events: 0
Time: 258.8, 
            Production Events: 0, 
            Suppression Events: 0
Time: 259.29, 
            Production Events: 0, 
            Suppression Events: 2
Time: 260.99, 
            Production Events: 0, 
            Suppression Events: 2
Time: 262.08, 
            Production Events: 0, 
            Suppression Events: 1
Time: 262.08, 
            Production Events: 0, 
            Suppression Events: 0
Time: 263.42, 
            Production Events: 0, 
            Suppression Events: 1
Time: 266.12, 
            Production Events: 0, 
            Suppression Events: 2
Time: 266.12, 
            Production Events: 0, 
            Suppression Events: 0
Time: 266.12, 
            Production Events: 0, 
            Suppression Events: 0
Time: 267.55, 
            Production Events: 0, 
            Suppression Events: 2
Time: 269.79, 
            Production Events: 0, 
            Suppression Events: 1
Time: 269.79, 
            Production Events: 0, 
            Suppression Events: 0
Time: 270.26, 
            Production Events: 1, 
            Suppression Events: 0
Time: 273.26, 
            Production Events: 0, 
            Suppression Events: 1
Time: 273.26, 
            Production Events: 0, 
            Suppression Events: 0
Time: 273.26, 
            Production Events: 0, 
            Suppression Events: 0
Time: 274.8, 
            Production Events: 1, 
            Suppression Events: 1
Time: 276.89, 
            Production Events: 0, 
            Suppression Events: 2
Time: 276.89, 
            Production Events: 0, 
            Suppression Events: 0
Time: 279.44, 
            Production Events: 0, 
            Suppression Events: 1
Time: 279.44, 
            Production Events: 0, 
            Suppression Events: 0
Time: 279.44, 
            Production Events: 0, 
            Suppression Events: 0
Time: 280.13, 
            Production Events: 1, 
            Suppression Events: 0
Time: 283.28, 
            Production Events: 1, 
            Suppression Events: 1
Time: 283.28, 
            Production Events: 0, 
            Suppression Events: 0
Time: 283.28, 
            Production Events: 0, 
            Suppression Events: 0
Time: 285.02, 
            Production Events: 0, 
            Suppression Events: 1
Time: 285.02, 
            Production Events: 0, 
            Suppression Events: 0
Time: 286.57, 
            Production Events: 0, 
            Suppression Events: 2
Time: 287.12, 
            Production Events: 1, 
            Suppression Events: 1
Time: 290.07, 
            Production Events: 0, 
            Suppression Events: 1
Time: 290.07, 
            Production Events: 0, 
            Suppression Events: 0
Time: 290.07, 
            Production Events: 0, 
            Suppression Events: 0
Time: 293.74, 
            Production Events: 0, 
            Suppression Events: 3
Time: 293.74, 
            Production Events: 0, 
            Suppression Events: 0
Time: 293.74, 
            Production Events: 0, 
            Suppression Events: 0
Time: 295.08, 
            Production Events: 1, 
            Suppression Events: 0
Time: 295.08, 
            Production Events: 0, 
            Suppression Events: 0
Time: 296.26, 
            Production Events: 0, 
            Suppression Events: 1
Time: 297.52, 
            Production Events: 0, 
            Suppression Events: 2
Time: 302.71, 
            Production Events: 0, 
            Suppression Events: 1
Time: 302.71, 
            Production Events: 0, 
            Suppression Events: 0
Time: 302.71, 
            Production Events: 0, 
            Suppression Events: 0
Time: 302.71, 
            Production Events: 0, 
            Suppression Events: 0
Time: 302.71, 
            Production Events: 0, 
            Suppression Events: 0
Time: 303.28, 
            Production Events: 1, 
            Suppression Events: 0
Time: 307.81, 
            Production Events: 0, 
            Suppression Events: 1
Time: 307.81, 
            Production Events: 0, 
            Suppression Events: 0
Time: 307.81, 
            Production Events: 0, 
            Suppression Events: 0
Time: 307.81, 
            Production Events: 0, 
            Suppression Events: 0
Time: 308.99, 
            Production Events: 0, 
            Suppression Events: 1
Time: 309.75, 
            Production Events: 0, 
            Suppression Events: 1
Time: 310.75, 
            Production Events: 0, 
            Suppression Events: 1
Time: 312.2, 
            Production Events: 0, 
            Suppression Events: 1
Time: 312.2, 
            Production Events: 0, 
            Suppression Events: 0
Time: 315.9, 
            Production Events: 0, 
            Suppression Events: 2
Time: 315.9, 
            Production Events: 0, 
            Suppression Events: 0
Time: 315.9, 
            Production Events: 0, 
            Suppression Events: 0
Time: 316.93, 
            Production Events: 0, 
            Suppression Events: 1
Time: 320.22, 
            Production Events: 0, 
            Suppression Events: 1
Time: 320.22, 
            Production Events: 0, 
            Suppression Events: 0
Time: 320.22, 
            Production Events: 0, 
            Suppression Events: 0
Time: 320.22, 
            Production Events: 0, 
            Suppression Events: 0
Time: 323.82, 
            Production Events: 1, 
            Suppression Events: 0
Time: 323.82, 
            Production Events: 0, 
            Suppression Events: 0
Time: 323.82, 
            Production Events: 0, 
            Suppression Events: 0
Time: 325.12, 
            Production Events: 0, 
            Suppression Events: 1
Time: 325.12, 
            Production Events: 0, 
            Suppression Events: 0
Time: 327.74, 
            Production Events: 0, 
            Suppression Events: 1
Time: 327.74, 
            Production Events: 0, 
            Suppression Events: 0
Time: 332.06, 
            Production Events: 0, 
            Suppression Events: 1
Time: 332.06, 
            Production Events: 0, 
            Suppression Events: 0
Time: 332.06, 
            Production Events: 0, 
            Suppression Events: 0
Time: 332.06, 
            Production Events: 0, 
            Suppression Events: 0
Time: 332.06, 
            Production Events: 0, 
            Suppression Events: 0
Time: 335.53, 
            Production Events: 0, 
            Suppression Events: 3
Time: 335.53, 
            Production Events: 0, 
            Suppression Events: 0
Time: 335.53, 
            Production Events: 0, 
            Suppression Events: 0
Time: 336.05, 
            Production Events: 2, 
            Suppression Events: 2
Time: 338.4, 
            Production Events: 0, 
            Suppression Events: 3
Time: 338.4, 
            Production Events: 0, 
            Suppression Events: 0
Time: 342.73, 
            Production Events: 0, 
            Suppression Events: 1
Time: 342.73, 
            Production Events: 0, 
            Suppression Events: 0
Time: 342.73, 
            Production Events: 0, 
            Suppression Events: 0
Time: 342.73, 
            Production Events: 0, 
            Suppression Events: 0
Time: 343.13, 
            Production Events: 1, 
            Suppression Events: 2
Time: 345.54, 
            Production Events: 0, 
            Suppression Events: 3
Time: 345.54, 
            Production Events: 0, 
            Suppression Events: 0
Time: 346.71, 
            Production Events: 0, 
            Suppression Events: 1
Time: 347.69, 
            Production Events: 1, 
            Suppression Events: 0
Time: 348.24, 
            Production Events: 0, 
            Suppression Events: 1
Time: 349.94, 
            Production Events: 0, 
            Suppression Events: 1
Time: 351.35, 
            Production Events: 0, 
            Suppression Events: 1
Time: 351.35, 
            Production Events: 0, 
            Suppression Events: 0
Time: 353.08, 
            Production Events: 0, 
            Suppression Events: 1
Time: 353.08, 
            Production Events: 0, 
            Suppression Events: 0
Time: 355.8, 
            Production Events: 0, 
            Suppression Events: 2
Time: 355.8, 
            Production Events: 0, 
            Suppression Events: 0
Time: 356.41, 
            Production Events: 0, 
            Suppression Events: 1
Time: 357.05, 
            Production Events: 0, 
            Suppression Events: 1
Time: 358.14, 
            Production Events: 1, 
            Suppression Events: 1
Time: 359.26, 
            Production Events: 0, 
            Suppression Events: 1
Time: 360.59, 
            Production Events: 0, 
            Suppression Events: 1
Time: 361.26, 
            Production Events: 0, 
            Suppression Events: 1
Time: 362.27, 
            Production Events: 0, 
            Suppression Events: 2
Time: 363.84, 
            Production Events: 0, 
            Suppression Events: 2
Time: 364.09, 
            Production Events: 0, 
            Suppression Events: 1
Time: 365.53, 
            Production Events: 0, 
            Suppression Events: 1
Time: 366.37, 
            Production Events: 0, 
            Suppression Events: 2
Time: 368.24, 
            Production Events: 0, 
            Suppression Events: 1
Time: 368.24, 
            Production Events: 0, 
            Suppression Events: 0
Time: 369.55, 
            Production Events: 0, 
            Suppression Events: 3
Time: 373.17, 
            Production Events: 0, 
            Suppression Events: 2
Time: 373.17, 
            Production Events: 0, 
            Suppression Events: 0
Time: 373.17, 
            Production Events: 0, 
            Suppression Events: 0
Time: 373.17, 
            Production Events: 0, 
            Suppression Events: 0
Time: 374.36, 
            Production Events: 0, 
            Suppression Events: 1
Time: 375.29, 
            Production Events: 0, 
            Suppression Events: 1
Time: 376.16, 
            Production Events: 0, 
            Suppression Events: 2
Time: 377.57, 
            Production Events: 0, 
            Suppression Events: 2
Time: 380.73, 
            Production Events: 0, 
            Suppression Events: 2
Time: 380.73, 
            Production Events: 0, 
            Suppression Events: 0
Time: 380.73, 
            Production Events: 0, 
            Suppression Events: 0
Time: 382.4, 
            Production Events: 0, 
            Suppression Events: 1
Time: 382.4, 
            Production Events: 0, 
            Suppression Events: 0
Time: 383.68, 
            Production Events: 0, 
            Suppression Events: 2
Time: 384.32, 
            Production Events: 1, 
            Suppression Events: 0
Time: 386.3, 
            Production Events: 0, 
            Suppression Events: 1
Time: 386.3, 
            Production Events: 0, 
            Suppression Events: 0
Time: 388.83, 
            Production Events: 0, 
            Suppression Events: 1
Time: 388.83, 
            Production Events: 0, 
            Suppression Events: 0
Time: 389.48, 
            Production Events: 0, 
            Suppression Events: 1
Time: 390.82, 
            Production Events: 0, 
            Suppression Events: 1
Time: 391.43, 
            Production Events: 0, 
            Suppression Events: 1
Time: 392.01, 
            Production Events: 0, 
            Suppression Events: 2
Time: 394.09, 
            Production Events: 1, 
            Suppression Events: 3
Time: 394.09, 
            Production Events: 0, 
            Suppression Events: 0
Time: 395.11, 
            Production Events: 0, 
            Suppression Events: 2
Time: 398.01, 
            Production Events: 1, 
            Suppression Events: 0
Time: 398.01, 
            Production Events: 0, 
            Suppression Events: 0
Time: 398.01, 
            Production Events: 0, 
            Suppression Events: 0
Time: 399.47, 
            Production Events: 0, 
            Suppression Events: 1
Time: 400.11, 
            Production Events: 0, 
            Suppression Events: 4
Time: 403.35, 
            Production Events: 0, 
            Suppression Events: 3
Time: 403.35, 
            Production Events: 0, 
            Suppression Events: 0
Time: 403.35, 
            Production Events: 0, 
            Suppression Events: 0
Time: 405.24, 
            Production Events: 0, 
            Suppression Events: 4
Time: 405.24, 
            Production Events: 0, 
            Suppression Events: 0
Time: 406.55, 
            Production Events: 0, 
            Suppression Events: 2
Time: 410.16, 
            Production Events: 0, 
            Suppression Events: 1
Time: 410.16, 
            Production Events: 0, 
            Suppression Events: 0
Time: 410.16, 
            Production Events: 0, 
            Suppression Events: 0
Time: 410.16, 
            Production Events: 0, 
            Suppression Events: 0
Time: 411.24, 
            Production Events: 0, 
            Suppression Events: 1
Time: 412.08, 
            Production Events: 0, 
            Suppression Events: 2
Time: 414.73, 
            Production Events: 0, 
            Suppression Events: 1
Time: 414.73, 
            Production Events: 0, 
            Suppression Events: 0
Time: 416.01, 
            Production Events: 0, 
            Suppression Events: 1
Time: 416.01, 
            Production Events: 0, 
            Suppression Events: 0
Time: 417.18, 
            Production Events: 0, 
            Suppression Events: 2
Time: 420.3, 
            Production Events: 0, 
            Suppression Events: 1
Time: 420.3, 
            Production Events: 0, 
            Suppression Events: 0
Time: 420.3, 
            Production Events: 0, 
            Suppression Events: 0
Time: 421.03, 
            Production Events: 0, 
            Suppression Events: 2
Time: 422.51, 
            Production Events: 0, 
            Suppression Events: 4
Time: 423.0, 
            Production Events: 0, 
            Suppression Events: 1
Time: 424.56, 
            Production Events: 0, 
            Suppression Events: 1
Time: 427.86, 
            Production Events: 0, 
            Suppression Events: 1
Time: 427.86, 
            Production Events: 0, 
            Suppression Events: 0
Time: 427.86, 
            Production Events: 0, 
            Suppression Events: 0
Time: 428.17, 
            Production Events: 0, 
            Suppression Events: 1
Time: 429.47, 
            Production Events: 0, 
            Suppression Events: 1
Time: 432.41, 
            Production Events: 0, 
            Suppression Events: 1
Time: 432.41, 
            Production Events: 0, 
            Suppression Events: 0
Time: 432.41, 
            Production Events: 0, 
            Suppression Events: 0
Time: 433.28, 
            Production Events: 0, 
            Suppression Events: 1
Time: 434.48, 
            Production Events: 0, 
            Suppression Events: 2
Time: 435.93, 
            Production Events: 0, 
            Suppression Events: 1
Time: 436.47, 
            Production Events: 0, 
            Suppression Events: 1
Time: 437.06, 
            Production Events: 0, 
            Suppression Events: 2
Time: 444.14, 
            Production Events: 0, 
            Suppression Events: 2
Time: 444.14, 
            Production Events: 0, 
            Suppression Events: 0
Time: 444.14, 
            Production Events: 0, 
            Suppression Events: 0
Time: 444.14, 
            Production Events: 0, 
            Suppression Events: 0
Time: 444.14, 
            Production Events: 0, 
            Suppression Events: 0
Time: 444.14, 
            Production Events: 0, 
            Suppression Events: 0
Time: 444.14, 
            Production Events: 0, 
            Suppression Events: 0
Time: 445.32, 
            Production Events: 0, 
            Suppression Events: 2
Time: 446.07, 
            Production Events: 0, 
            Suppression Events: 1
Time: 448.68, 
            Production Events: 0, 
            Suppression Events: 2
Time: 448.68, 
            Production Events: 0, 
            Suppression Events: 0
Time: 449.94, 
            Production Events: 0, 
            Suppression Events: 1
Time: 450.83, 
            Production Events: 0, 
            Suppression Events: 1
Time: 453.49, 
            Production Events: 0, 
            Suppression Events: 1
Time: 453.49, 
            Production Events: 0, 
            Suppression Events: 0
Time: 453.49, 
            Production Events: 0, 
            Suppression Events: 0
Time: 454.86, 
            Production Events: 0, 
            Suppression Events: 2
Time: 455.87, 
            Production Events: 0, 
            Suppression Events: 3
Time: 457.98, 
            Production Events: 0, 
            Suppression Events: 1
Time: 457.98, 
            Production Events: 0, 
            Suppression Events: 0
Time: 459.25, 
            Production Events: 0, 
            Suppression Events: 1
Time: 459.25, 
            Production Events: 0, 
            Suppression Events: 0
Time: 461.99, 
            Production Events: 0, 
            Suppression Events: 2
Time: 461.99, 
            Production Events: 0, 
            Suppression Events: 0
Time: 462.42, 
            Production Events: 0, 
            Suppression Events: 1
Time: 463.78, 
            Production Events: 0, 
            Suppression Events: 1
Time: 464.31, 
            Production Events: 0, 
            Suppression Events: 1
Time: 465.66, 
            Production Events: 0, 
            Suppression Events: 1
Time: 467.02, 
            Production Events: 0, 
            Suppression Events: 3
Time: 467.02, 
            Production Events: 0, 
            Suppression Events: 0
Time: 469.37, 
            Production Events: 0, 
            Suppression Events: 1
Time: 469.37, 
            Production Events: 0, 
            Suppression Events: 0
Time: 470.16, 
            Production Events: 0, 
            Suppression Events: 2
Time: 471.08, 
            Production Events: 0, 
            Suppression Events: 1
Time: 473.03, 
            Production Events: 0, 
            Suppression Events: 1
Time: 473.03, 
            Production Events: 0, 
            Suppression Events: 0
Time: 474.46, 
            Production Events: 0, 
            Suppression Events: 1
Time: 475.23, 
            Production Events: 0, 
            Suppression Events: 1
Time: 477.03, 
            Production Events: 0, 
            Suppression Events: 2
Time: 477.03, 
            Production Events: 0, 
            Suppression Events: 0
Time: 480.13, 
            Production Events: 2, 
            Suppression Events: 0
Time: 480.13, 
            Production Events: 0, 
            Suppression Events: 0
Time: 480.13, 
            Production Events: 0, 
            Suppression Events: 0
Time: 481.23, 
            Production Events: 0, 
            Suppression Events: 2
Time: 486.8, 
            Production Events: 0, 
            Suppression Events: 1
Time: 486.8, 
            Production Events: 0, 
            Suppression Events: 0
Time: 486.8, 
            Production Events: 0, 
            Suppression Events: 0
Time: 486.8, 
            Production Events: 0, 
            Suppression Events: 0
Time: 486.8, 
            Production Events: 0, 
            Suppression Events: 0
Time: 487.86, 
            Production Events: 0, 
            Suppression Events: 1
Time: 488.0, 
            Production Events: 0, 
            Suppression Events: 1
Time: 489.27, 
            Production Events: 1, 
            Suppression Events: 1
Time: 491.66, 
            Production Events: 0, 
            Suppression Events: 2
Time: 491.66, 
            Production Events: 0, 
            Suppression Events: 0
Time: 492.61, 
            Production Events: 0, 
            Suppression Events: 1
Time: 493.44, 
            Production Events: 0, 
            Suppression Events: 1
Time: 494.0, 
            Production Events: 0, 
            Suppression Events: 2
Time: 495.26, 
            Production Events: 0, 
            Suppression Events: 3
Time: 496.63, 
            Production Events: 0, 
            Suppression Events: 3
Time: 497.31, 
            Production Events: 0, 
            Suppression Events: 1
Time: 498.8, 
            Production Events: 0, 
            Suppression Events: 3
Time: 500.41, 
            Production Events: 0, 
            Suppression Events: 1
Time: 500.41, 
            Production Events: 0, 
            Suppression Events: 0
Time: 501.51, 
            Production Events: 0, 
            Suppression Events: 2
Time: 503.58, 
            Production Events: 0, 
            Suppression Events: 1
Time: 503.58, 
            Production Events: 0, 
            Suppression Events: 0
Time: 504.32, 
            Production Events: 0, 
            Suppression Events: 1
Time: 507.39, 
            Production Events: 0, 
            Suppression Events: 1
Time: 507.39, 
            Production Events: 0, 
            Suppression Events: 0
Time: 507.39, 
            Production Events: 0, 
            Suppression Events: 0
Time: 508.06, 
            Production Events: 0, 
            Suppression Events: 2
Time: 509.48, 
            Production Events: 0, 
            Suppression Events: 2
Time: 510.05, 
            Production Events: 0, 
            Suppression Events: 2
Time: 511.61, 
            Production Events: 0, 
            Suppression Events: 1
Time: 512.38, 
            Production Events: 0, 
            Suppression Events: 1
Time: 514.18, 
            Production Events: 0, 
            Suppression Events: 1
Time: 514.18, 
            Production Events: 0, 
            Suppression Events: 0
Time: 516.01, 
            Production Events: 0, 
            Suppression Events: 3
Time: 516.01, 
            Production Events: 0, 
            Suppression Events: 0
Time: 518.65, 
            Production Events: 1, 
            Suppression Events: 2
Time: 518.65, 
            Production Events: 0, 
            Suppression Events: 0
Time: 519.63, 
            Production Events: 0, 
            Suppression Events: 1
Time: 520.06, 
            Production Events: 0, 
            Suppression Events: 1
Time: 523.13, 
            Production Events: 0, 
            Suppression Events: 1
Time: 523.13, 
            Production Events: 0, 
            Suppression Events: 0
Time: 523.13, 
            Production Events: 0, 
            Suppression Events: 0
Time: 524.1, 
            Production Events: 0, 
            Suppression Events: 3
Time: 525.01, 
            Production Events: 1, 
            Suppression Events: 2
Time: 527.04, 
            Production Events: 0, 
            Suppression Events: 1
Time: 527.04, 
            Production Events: 0, 
            Suppression Events: 0
Time: 528.11, 
            Production Events: 0, 
            Suppression Events: 3
Time: 530.92, 
            Production Events: 0, 
            Suppression Events: 2
Time: 530.92, 
            Production Events: 0, 
            Suppression Events: 0
Time: 532.25, 
            Production Events: 0, 
            Suppression Events: 1
Time: 532.25, 
            Production Events: 0, 
            Suppression Events: 0
Time: 534.76, 
            Production Events: 0, 
            Suppression Events: 2
Time: 534.76, 
            Production Events: 0, 
            Suppression Events: 0
Time: 535.45, 
            Production Events: 1, 
            Suppression Events: 0
Time: 536.14, 
            Production Events: 0, 
            Suppression Events: 3
Time: 537.07, 
            Production Events: 1, 
            Suppression Events: 0
Time: 539.1, 
            Production Events: 0, 
            Suppression Events: 1
Time: 539.1, 
            Production Events: 0, 
            Suppression Events: 0
Time: 541.72, 
            Production Events: 0, 
            Suppression Events: 1
Time: 541.72, 
            Production Events: 0, 
            Suppression Events: 0
Time: 543.1, 
            Production Events: 0, 
            Suppression Events: 1
Time: 543.1, 
            Production Events: 0, 
            Suppression Events: 0
Time: 546.25, 
            Production Events: 0, 
            Suppression Events: 1
Time: 546.25, 
            Production Events: 0, 
            Suppression Events: 0
Time: 546.25, 
            Production Events: 0, 
            Suppression Events: 0
Time: 547.19, 
            Production Events: 0, 
            Suppression Events: 1
Time: 549.62, 
            Production Events: 0, 
            Suppression Events: 1
Time: 549.62, 
            Production Events: 0, 
            Suppression Events: 0
Time: 550.44, 
            Production Events: 0, 
            Suppression Events: 1
Time: 552.27, 
            Production Events: 0, 
            Suppression Events: 3
Time: 552.27, 
            Production Events: 0, 
            Suppression Events: 0
Time: 553.75, 
            Production Events: 0, 
            Suppression Events: 2
Time: 554.84, 
            Production Events: 0, 
            Suppression Events: 1
Time: 555.61, 
            Production Events: 0, 
            Suppression Events: 1
Time: 556.42, 
            Production Events: 0, 
            Suppression Events: 1
Time: 558.01, 
            Production Events: 0, 
            Suppression Events: 2
Time: 558.01, 
            Production Events: 0, 
            Suppression Events: 0
Time: 561.05, 
            Production Events: 0, 
            Suppression Events: 1
Time: 561.05, 
            Production Events: 0, 
            Suppression Events: 0
Time: 561.05, 
            Production Events: 0, 
            Suppression Events: 0
Time: 563.23, 
            Production Events: 0, 
            Suppression Events: 2
Time: 563.23, 
            Production Events: 0, 
            Suppression Events: 0
Time: 564.38, 
            Production Events: 0, 
            Suppression Events: 1
Time: 565.64, 
            Production Events: 0, 
            Suppression Events: 1
Time: 567.44, 
            Production Events: 0, 
            Suppression Events: 3
Time: 567.44, 
            Production Events: 0, 
            Suppression Events: 0
Time: 568.47, 
            Production Events: 0, 
            Suppression Events: 2
Time: 569.34, 
            Production Events: 0, 
            Suppression Events: 1
Time: 571.7, 
            Production Events: 0, 
            Suppression Events: 3
Time: 571.7, 
            Production Events: 0, 
            Suppression Events: 0
Time: 572.58, 
            Production Events: 0, 
            Suppression Events: 1
Time: 573.88, 
            Production Events: 0, 
            Suppression Events: 2
Time: 578.28, 
            Production Events: 0, 
            Suppression Events: 1
Time: 578.28, 
            Production Events: 0, 
            Suppression Events: 0
Time: 578.28, 
            Production Events: 0, 
            Suppression Events: 0
Time: 578.28, 
            Production Events: 0, 
            Suppression Events: 0
Time: 578.28, 
            Production Events: 0, 
            Suppression Events: 0
Time: 579.74, 
            Production Events: 0, 
            Suppression Events: 3
Time: 580.22, 
            Production Events: 0, 
            Suppression Events: 1
Time: 581.1, 
            Production Events: 0, 
            Suppression Events: 2
Time: 582.01, 
            Production Events: 0, 
            Suppression Events: 1
Time: 583.23, 
            Production Events: 0, 
            Suppression Events: 2
Time: 584.28, 
            Production Events: 0, 
            Suppression Events: 1
Time: 588.46, 
            Production Events: 0, 
            Suppression Events: 1
Time: 588.46, 
            Production Events: 0, 
            Suppression Events: 0
Time: 588.46, 
            Production Events: 0, 
            Suppression Events: 0
Time: 588.46, 
            Production Events: 0, 
            Suppression Events: 0
Time: 589.35, 
            Production Events: 0, 
            Suppression Events: 2
Time: 591.92, 
            Production Events: 0, 
            Suppression Events: 1
Time: 591.92, 
            Production Events: 0, 
            Suppression Events: 0
Time: 593.19, 
            Production Events: 0, 
            Suppression Events: 1
Time: 593.19, 
            Production Events: 0, 
            Suppression Events: 0
Time: 594.94, 
            Production Events: 1, 
            Suppression Events: 1
Time: 595.27, 
            Production Events: 0, 
            Suppression Events: 1
Time: 597.64, 
            Production Events: 0, 
            Suppression Events: 1
Time: 597.64, 
            Production Events: 0, 
            Suppression Events: 0
Time: 598.98, 
            Production Events: 0, 
            Suppression Events: 1
Time: 599.1, 
            Production Events: 0, 
            Suppression Events: 1
Time: 600.21, 
            Production Events: 0, 
            Suppression Events: 1
Time: 602.12, 
            Production Events: 0, 
            Suppression Events: 1
Time: 602.12, 
            Production Events: 0, 
            Suppression Events: 0
Time: 603.47, 
            Production Events: 1, 
            Suppression Events: 4
Time: 606.94, 
            Production Events: 0, 
            Suppression Events: 1
Time: 606.94, 
            Production Events: 0, 
            Suppression Events: 0
Time: 606.94, 
            Production Events: 0, 
            Suppression Events: 0
Time: 610.05, 
            Production Events: 0, 
            Suppression Events: 1
Time: 610.05, 
            Production Events: 0, 
            Suppression Events: 0
Time: 610.05, 
            Production Events: 0, 
            Suppression Events: 0
Time: 610.05, 
            Production Events: 0, 
            Suppression Events: 0
Time: 614.78, 
            Production Events: 0, 
            Suppression Events: 1
Time: 614.78, 
            Production Events: 0, 
            Suppression Events: 0
Time: 614.78, 
            Production Events: 0, 
            Suppression Events: 0
Time: 614.78, 
            Production Events: 0, 
            Suppression Events: 0
Time: 615.52, 
            Production Events: 0, 
            Suppression Events: 1
Time: 617.16, 
            Production Events: 0, 
            Suppression Events: 2
Time: 617.16, 
            Production Events: 0, 
            Suppression Events: 0
Time: 618.35, 
            Production Events: 0, 
            Suppression Events: 2
Time: 620.18, 
            Production Events: 0, 
            Suppression Events: 2
Time: 620.18, 
            Production Events: 0, 
            Suppression Events: 0
Time: 621.42, 
            Production Events: 0, 
            Suppression Events: 1
Time: 624.32, 
            Production Events: 2, 
            Suppression Events: 1
Time: 624.32, 
            Production Events: 0, 
            Suppression Events: 0
Time: 624.32, 
            Production Events: 0, 
            Suppression Events: 0
Time: 626.59, 
            Production Events: 1, 
            Suppression Events: 1
Time: 626.59, 
            Production Events: 0, 
            Suppression Events: 0
Time: 628.39, 
            Production Events: 0, 
            Suppression Events: 1
Time: 628.39, 
            Production Events: 0, 
            Suppression Events: 0
Time: 629.82, 
            Production Events: 0, 
            Suppression Events: 2
Time: 630.37, 
            Production Events: 0, 
            Suppression Events: 1
Time: 632.47, 
            Production Events: 0, 
            Suppression Events: 2
Time: 632.47, 
            Production Events: 0, 
            Suppression Events: 0
Time: 634.66, 
            Production Events: 0, 
            Suppression Events: 1
Time: 634.66, 
            Production Events: 0, 
            Suppression Events: 0
Time: 635.39, 
            Production Events: 0, 
            Suppression Events: 1
Time: 642.38, 
            Production Events: 0, 
            Suppression Events: 1
Time: 642.38, 
            Production Events: 0, 
            Suppression Events: 0
Time: 642.38, 
            Production Events: 0, 
            Suppression Events: 0
Time: 642.38, 
            Production Events: 0, 
            Suppression Events: 0
Time: 642.38, 
            Production Events: 0, 
            Suppression Events: 0
Time: 642.38, 
            Production Events: 0, 
            Suppression Events: 0
Time: 642.38, 
            Production Events: 0, 
            Suppression Events: 0
Time: 643.35, 
            Production Events: 0, 
            Suppression Events: 1
Time: 644.85, 
            Production Events: 1, 
            Suppression Events: 2
Time: 645.88, 
            Production Events: 0, 
            Suppression Events: 1
Time: 648.47, 
            Production Events: 0, 
            Suppression Events: 1
Time: 648.47, 
            Production Events: 0, 
            Suppression Events: 0
Time: 648.47, 
            Production Events: 0, 
            Suppression Events: 0
Time: 649.12, 
            Production Events: 0, 
            Suppression Events: 1
Time: 650.18, 
            Production Events: 0, 
            Suppression Events: 3
Time: 654.37, 
            Production Events: 0, 
            Suppression Events: 2
Time: 654.37, 
            Production Events: 0, 
            Suppression Events: 0
Time: 654.37, 
            Production Events: 0, 
            Suppression Events: 0
Time: 654.37, 
            Production Events: 0, 
            Suppression Events: 0
Time: 655.42, 
            Production Events: 1, 
            Suppression Events: 2
Time: 657.1, 
            Production Events: 0, 
            Suppression Events: 4
Time: 657.1, 
            Production Events: 0, 
            Suppression Events: 0
Time: 658.04, 
            Production Events: 0, 
            Suppression Events: 2
Time: 661.83, 
            Production Events: 0, 
            Suppression Events: 2
Time: 661.83, 
            Production Events: 0, 
            Suppression Events: 0
Time: 661.83, 
            Production Events: 0, 
            Suppression Events: 0
Time: 662.97, 
            Production Events: 0, 
            Suppression Events: 2
Time: 663.36, 
            Production Events: 0, 
            Suppression Events: 1
Time: 664.28, 
            Production Events: 1, 
            Suppression Events: 0
Time: 665.28, 
            Production Events: 1, 
            Suppression Events: 0
Time: 670.1, 
            Production Events: 0, 
            Suppression Events: 1
Time: 670.1, 
            Production Events: 0, 
            Suppression Events: 0
Time: 670.1, 
            Production Events: 0, 
            Suppression Events: 0
Time: 670.1, 
            Production Events: 0, 
            Suppression Events: 0
Time: 670.1, 
            Production Events: 0, 
            Suppression Events: 0
Time: 673.73, 
            Production Events: 0, 
            Suppression Events: 1
Time: 673.73, 
            Production Events: 0, 
            Suppression Events: 0
Time: 673.73, 
            Production Events: 0, 
            Suppression Events: 0
Time: 674.21, 
            Production Events: 0, 
            Suppression Events: 1
Time: 675.14, 
            Production Events: 0, 
            Suppression Events: 1
Time: 676.61, 
            Production Events: 0, 
            Suppression Events: 2
Time: 677.46, 
            Production Events: 0, 
            Suppression Events: 1
Time: 678.44, 
            Production Events: 1, 
            Suppression Events: 1
Time: 679.86, 
            Production Events: 0, 
            Suppression Events: 3
Time: 683.37, 
            Production Events: 0, 
            Suppression Events: 1
Time: 683.37, 
            Production Events: 0, 
            Suppression Events: 0
Time: 683.37, 
            Production Events: 0, 
            Suppression Events: 0
Time: 683.37, 
            Production Events: 0, 
            Suppression Events: 0
Time: 685.67, 
            Production Events: 0, 
            Suppression Events: 2
Time: 685.67, 
            Production Events: 0, 
            Suppression Events: 0
Time: 686.52, 
            Production Events: 1, 
            Suppression Events: 2
Time: 687.38, 
            Production Events: 0, 
            Suppression Events: 3
Time: 688.13, 
            Production Events: 0, 
            Suppression Events: 2
Time: 689.12, 
            Production Events: 0, 
            Suppression Events: 1
Time: 691.08, 
            Production Events: 0, 
            Suppression Events: 3
Time: 691.08, 
            Production Events: 0, 
            Suppression Events: 0
Time: 692.96, 
            Production Events: 0, 
            Suppression Events: 3
Time: 694.63, 
            Production Events: 0, 
            Suppression Events: 1
Time: 694.63, 
            Production Events: 0, 
            Suppression Events: 0
Time: 696.02, 
            Production Events: 0, 
            Suppression Events: 1
Time: 696.02, 
            Production Events: 0, 
            Suppression Events: 0
Time: 697.07, 
            Production Events: 0, 
            Suppression Events: 3
Time: 698.32, 
            Production Events: 0, 
            Suppression Events: 2
Time: 699.84, 
            Production Events: 1, 
            Suppression Events: 1
Time: 701.75, 
            Production Events: 0, 
            Suppression Events: 1
Time: 701.75, 
            Production Events: 0, 
            Suppression Events: 0
Time: 703.58, 
            Production Events: 1, 
            Suppression Events: 0
Time: 703.58, 
            Production Events: 0, 
            Suppression Events: 0
Time: 705.12, 
            Production Events: 0, 
            Suppression Events: 1
Time: 705.12, 
            Production Events: 0, 
            Suppression Events: 0
Time: 709.02, 
            Production Events: 0, 
            Suppression Events: 1
Time: 709.02, 
            Production Events: 0, 
            Suppression Events: 0
Time: 709.02, 
            Production Events: 0, 
            Suppression Events: 0
Time: 709.02, 
            Production Events: 0, 
            Suppression Events: 0
Time: 712.43, 
            Production Events: 0, 
            Suppression Events: 2
Time: 712.43, 
            Production Events: 0, 
            Suppression Events: 0
Time: 712.43, 
            Production Events: 0, 
            Suppression Events: 0
Time: 713.11, 
            Production Events: 0, 
            Suppression Events: 2
Time: 714.89, 
            Production Events: 0, 
            Suppression Events: 1
Time: 716.79, 
            Production Events: 0, 
            Suppression Events: 1
Time: 716.79, 
            Production Events: 0, 
            Suppression Events: 0
Time: 717.56, 
            Production Events: 0, 
            Suppression Events: 2
Time: 721.68, 
            Production Events: 2, 
            Suppression Events: 0
Time: 721.68, 
            Production Events: 0, 
            Suppression Events: 0
Time: 721.68, 
            Production Events: 0, 
            Suppression Events: 0
Time: 721.68, 
            Production Events: 0, 
            Suppression Events: 0
Time: 722.15, 
            Production Events: 0, 
            Suppression Events: 1
Time: 723.07, 
            Production Events: 0, 
            Suppression Events: 2
Time: 724.38, 
            Production Events: 0, 
            Suppression Events: 5
Time: 725.15, 
            Production Events: 0, 
            Suppression Events: 1
Time: 726.69, 
            Production Events: 0, 
            Suppression Events: 3
Time: 727.11, 
            Production Events: 1, 
            Suppression Events: 1
Time: 728.74, 
            Production Events: 0, 
            Suppression Events: 2
Time: 729.89, 
            Production Events: 0, 
            Suppression Events: 1
Time: 730.2, 
            Production Events: 0, 
            Suppression Events: 1
Time: 731.31, 
            Production Events: 0, 
            Suppression Events: 2
Time: 732.78, 
            Production Events: 0, 
            Suppression Events: 1
Time: 733.24, 
            Production Events: 0, 
            Suppression Events: 2
Time: 735.31, 
            Production Events: 0, 
            Suppression Events: 2
Time: 735.31, 
            Production Events: 0, 
            Suppression Events: 0
Time: 736.18, 
            Production Events: 0, 
            Suppression Events: 1
Time: 739.87, 
            Production Events: 0, 
            Suppression Events: 1
Time: 739.87, 
            Production Events: 0, 
            Suppression Events: 0
Time: 739.87, 
            Production Events: 0, 
            Suppression Events: 0
Time: 740.57, 
            Production Events: 0, 
            Suppression Events: 1
Time: 741.72, 
            Production Events: 0, 
            Suppression Events: 1
Time: 743.25, 
            Production Events: 0, 
            Suppression Events: 1
Time: 743.25, 
            Production Events: 0, 
            Suppression Events: 0
Time: 744.28, 
            Production Events: 0, 
            Suppression Events: 4
Time: 746.13, 
            Production Events: 0, 
            Suppression Events: 2
Time: 746.13, 
            Production Events: 0, 
            Suppression Events: 0
Time: 747.72, 
            Production Events: 0, 
            Suppression Events: 2
Time: 749.23, 
            Production Events: 0, 
            Suppression Events: 3
Time: 749.23, 
            Production Events: 0, 
            Suppression Events: 0
Time: 750.17, 
            Production Events: 0, 
            Suppression Events: 3
Time: 752.8, 
            Production Events: 0, 
            Suppression Events: 1
Time: 752.8, 
            Production Events: 0, 
            Suppression Events: 0
Time: 755.03, 
            Production Events: 0, 
            Suppression Events: 1
Time: 755.03, 
            Production Events: 0, 
            Suppression Events: 0
Time: 755.03, 
            Production Events: 0, 
            Suppression Events: 0
Time: 756.38, 
            Production Events: 1, 
            Suppression Events: 2
Time: 757.96, 
            Production Events: 0, 
            Suppression Events: 1
Time: 759.23, 
            Production Events: 0, 
            Suppression Events: 1
Time: 759.23, 
            Production Events: 0, 
            Suppression Events: 0
Time: 762.59, 
            Production Events: 0, 
            Suppression Events: 1
Time: 762.59, 
            Production Events: 0, 
            Suppression Events: 0
Time: 762.59, 
            Production Events: 0, 
            Suppression Events: 0
Time: 763.2, 
            Production Events: 0, 
            Suppression Events: 3
Time: 764.2, 
            Production Events: 0, 
            Suppression Events: 2
Time: 765.35, 
            Production Events: 1, 
            Suppression Events: 2
Time: 767.3, 
            Production Events: 0, 
            Suppression Events: 2
Time: 767.3, 
            Production Events: 0, 
            Suppression Events: 0
Time: 768.0, 
            Production Events: 0, 
            Suppression Events: 1
Time: 769.25, 
            Production Events: 0, 
            Suppression Events: 3
Time: 771.23, 
            Production Events: 0, 
            Suppression Events: 1
Time: 771.23, 
            Production Events: 0, 
            Suppression Events: 0
Time: 772.25, 
            Production Events: 0, 
            Suppression Events: 2
Time: 773.99, 
            Production Events: 0, 
            Suppression Events: 3
Time: 775.32, 
            Production Events: 0, 
            Suppression Events: 1
Time: 775.32, 
            Production Events: 0, 
            Suppression Events: 0
Time: 778.04, 
            Production Events: 0, 
            Suppression Events: 1
Time: 778.04, 
            Production Events: 0, 
            Suppression Events: 0
Time: 778.04, 
            Production Events: 0, 
            Suppression Events: 0
Time: 780.32, 
            Production Events: 0, 
            Suppression Events: 3
Time: 780.32, 
            Production Events: 0, 
            Suppression Events: 0
Time: 781.86, 
            Production Events: 0, 
            Suppression Events: 1
Time: 782.91, 
            Production Events: 0, 
            Suppression Events: 1
Time: 783.81, 
            Production Events: 0, 
            Suppression Events: 1
Time: 785.41, 
            Production Events: 0, 
            Suppression Events: 1
Time: 785.41, 
            Production Events: 0, 
            Suppression Events: 0
Time: 787.21, 
            Production Events: 0, 
            Suppression Events: 1
Time: 787.21, 
            Production Events: 0, 
            Suppression Events: 0
Time: 788.56, 
            Production Events: 0, 
            Suppression Events: 1
Time: 789.68, 
            Production Events: 0, 
            Suppression Events: 1
Time: 790.01, 
            Production Events: 0, 
            Suppression Events: 1
Time: 791.38, 
            Production Events: 1, 
            Suppression Events: 2
Time: 792.32, 
            Production Events: 0, 
            Suppression Events: 1
Time: 793.33, 
            Production Events: 0, 
            Suppression Events: 1
Time: 794.0, 
            Production Events: 0, 
            Suppression Events: 1
Time: 798.22, 
            Production Events: 0, 
            Suppression Events: 2
Time: 798.22, 
            Production Events: 0, 
            Suppression Events: 0
Time: 798.22, 
            Production Events: 0, 
            Suppression Events: 0
Time: 798.22, 
            Production Events: 0, 
            Suppression Events: 0
Time: 800.31, 
            Production Events: 0, 
            Suppression Events: 1
Time: 800.31, 
            Production Events: 0, 
            Suppression Events: 0
Time: 802.33, 
            Production Events: 0, 
            Suppression Events: 2
Time: 802.33, 
            Production Events: 0, 
            Suppression Events: 0
Time: 803.19, 
            Production Events: 0, 
            Suppression Events: 2
Time: 804.33, 
            Production Events: 1, 
            Suppression Events: 0
Time: 805.13, 
            Production Events: 0, 
            Suppression Events: 1
Time: 808.08, 
            Production Events: 0, 
            Suppression Events: 2
Time: 808.08, 
            Production Events: 0, 
            Suppression Events: 0
Time: 808.08, 
            Production Events: 0, 
            Suppression Events: 0
Time: 809.26, 
            Production Events: 0, 
            Suppression Events: 2
Time: 812.05, 
            Production Events: 1, 
            Suppression Events: 1
Time: 812.05, 
            Production Events: 0, 
            Suppression Events: 0
Time: 812.05, 
            Production Events: 0, 
            Suppression Events: 0
Time: 814.71, 
            Production Events: 0, 
            Suppression Events: 2
Time: 814.71, 
            Production Events: 0, 
            Suppression Events: 0
Time: 815.19, 
            Production Events: 0, 
            Suppression Events: 1
Time: 816.8, 
            Production Events: 0, 
            Suppression Events: 2
Time: 819.96, 
            Production Events: 0, 
            Suppression Events: 1
Time: 819.96, 
            Production Events: 0, 
            Suppression Events: 0
Time: 819.96, 
            Production Events: 0, 
            Suppression Events: 0
Time: 820.98, 
            Production Events: 0, 
            Suppression Events: 1
Time: 823.52, 
            Production Events: 1, 
            Suppression Events: 0
Time: 823.52, 
            Production Events: 0, 
            Suppression Events: 0
Time: 823.52, 
            Production Events: 0, 
            Suppression Events: 0
Time: 825.06, 
            Production Events: 0, 
            Suppression Events: 2
Time: 825.06, 
            Production Events: 0, 
            Suppression Events: 0
Time: 829.58, 
            Production Events: 0, 
            Suppression Events: 1
Time: 829.58, 
            Production Events: 0, 
            Suppression Events: 0
Time: 829.58, 
            Production Events: 0, 
            Suppression Events: 0
Time: 829.58, 
            Production Events: 0, 
            Suppression Events: 0
Time: 830.03, 
            Production Events: 0, 
            Suppression Events: 1
Time: 831.54, 
            Production Events: 0, 
            Suppression Events: 4
Time: 833.13, 
            Production Events: 0, 
            Suppression Events: 1
Time: 833.13, 
            Production Events: 0, 
            Suppression Events: 0
Time: 835.46, 
            Production Events: 1, 
            Suppression Events: 1
Time: 835.46, 
            Production Events: 0, 
            Suppression Events: 0
Time: 837.87, 
            Production Events: 0, 
            Suppression Events: 4
Time: 837.87, 
            Production Events: 0, 
            Suppression Events: 0
Time: 838.82, 
            Production Events: 0, 
            Suppression Events: 1
Time: 839.17, 
            Production Events: 0, 
            Suppression Events: 1
Time: 840.2, 
            Production Events: 0, 
            Suppression Events: 1
Time: 842.15, 
            Production Events: 0, 
            Suppression Events: 1
Time: 842.15, 
            Production Events: 0, 
            Suppression Events: 0
Time: 847.43, 
            Production Events: 0, 
            Suppression Events: 2
Time: 847.43, 
            Production Events: 0, 
            Suppression Events: 0
Time: 847.43, 
            Production Events: 0, 
            Suppression Events: 0
Time: 847.43, 
            Production Events: 0, 
            Suppression Events: 0
Time: 847.43, 
            Production Events: 0, 
            Suppression Events: 0
Time: 848.1, 
            Production Events: 0, 
            Suppression Events: 1
Time: 850.24, 
            Production Events: 1, 
            Suppression Events: 2
Time: 850.24, 
            Production Events: 0, 
            Suppression Events: 0
Time: 851.09, 
            Production Events: 0, 
            Suppression Events: 1
Time: 852.76, 
            Production Events: 0, 
            Suppression Events: 4
Time: 853.32, 
            Production Events: 0, 
            Suppression Events: 1
Time: 854.03, 
            Production Events: 0, 
            Suppression Events: 2
Time: 855.52, 
            Production Events: 0, 
            Suppression Events: 2
Time: 856.25, 
            Production Events: 0, 
            Suppression Events: 1
Time: 857.41, 
            Production Events: 0, 
            Suppression Events: 1
Time: 860.89, 
            Production Events: 1, 
            Suppression Events: 2
Time: 860.89, 
            Production Events: 0, 
            Suppression Events: 0
Time: 860.89, 
            Production Events: 0, 
            Suppression Events: 0
Time: 861.58, 
            Production Events: 0, 
            Suppression Events: 1
Time: 862.1, 
            Production Events: 0, 
            Suppression Events: 2
Time: 864.29, 
            Production Events: 0, 
            Suppression Events: 1
Time: 864.29, 
            Production Events: 0, 
            Suppression Events: 0
Time: 865.18, 
            Production Events: 0, 
            Suppression Events: 2
Time: 866.32, 
            Production Events: 0, 
            Suppression Events: 1
Time: 867.99, 
            Production Events: 0, 
            Suppression Events: 1
Time: 868.92, 
            Production Events: 0, 
            Suppression Events: 1
Time: 869.76, 
            Production Events: 0, 
            Suppression Events: 1
Time: 870.08, 
            Production Events: 0, 
            Suppression Events: 1
Time: 871.04, 
            Production Events: 1, 
            Suppression Events: 1
Time: 873.8, 
            Production Events: 0, 
            Suppression Events: 3
Time: 873.8, 
            Production Events: 0, 
            Suppression Events: 0
Time: 877.75, 
            Production Events: 0, 
            Suppression Events: 1
Time: 877.75, 
            Production Events: 0, 
            Suppression Events: 0
Time: 877.75, 
            Production Events: 0, 
            Suppression Events: 0
Time: 877.75, 
            Production Events: 0, 
            Suppression Events: 0
Time: 878.71, 
            Production Events: 0, 
            Suppression Events: 1
Time: 880.61, 
            Production Events: 0, 
            Suppression Events: 2
Time: 880.61, 
            Production Events: 0, 
            Suppression Events: 0
Time: 883.12, 
            Production Events: 0, 
            Suppression Events: 1
Time: 883.12, 
            Production Events: 0, 
            Suppression Events: 0
Time: 883.12, 
            Production Events: 0, 
            Suppression Events: 0
Time: 892.96, 
            Production Events: 0, 
            Suppression Events: 3
Time: 892.96, 
            Production Events: 0, 
            Suppression Events: 0
Time: 892.96, 
            Production Events: 0, 
            Suppression Events: 0
Time: 892.96, 
            Production Events: 0, 
            Suppression Events: 0
Time: 892.96, 
            Production Events: 0, 
            Suppression Events: 0
Time: 892.96, 
            Production Events: 0, 
            Suppression Events: 0
Time: 892.96, 
            Production Events: 0, 
            Suppression Events: 0
Time: 892.96, 
            Production Events: 0, 
            Suppression Events: 0
Time: 892.96, 
            Production Events: 0, 
            Suppression Events: 0
Time: 893.66, 
            Production Events: 0, 
            Suppression Events: 1
Time: 894.75, 
            Production Events: 0, 
            Suppression Events: 1
Time: 895.17, 
            Production Events: 1, 
            Suppression Events: 0
Time: 897.09, 
            Production Events: 0, 
            Suppression Events: 1
Time: 897.09, 
            Production Events: 0, 
            Suppression Events: 0
Time: 898.55, 
            Production Events: 1, 
            Suppression Events: 1
Time: 899.58, 
            Production Events: 0, 
            Suppression Events: 2
Time: 900.72, 
            Production Events: 0, 
            Suppression Events: 2
Time: 901.68, 
            Production Events: 0, 
            Suppression Events: 3
Time: 903.44, 
            Production Events: 0, 
            Suppression Events: 1
Time: 903.44, 
            Production Events: 0, 
            Suppression Events: 0
Time: 905.59, 
            Production Events: 0, 
            Suppression Events: 2
Time: 905.59, 
            Production Events: 0, 
            Suppression Events: 0
Time: 906.16, 
            Production Events: 0, 
            Suppression Events: 1
Time: 908.6, 
            Production Events: 1, 
            Suppression Events: 3
Time: 908.6, 
            Production Events: 0, 
            Suppression Events: 0
Time: 909.66, 
            Production Events: 0, 
            Suppression Events: 2
Time: 910.43, 
            Production Events: 0, 
            Suppression Events: 1
Time: 912.07, 
            Production Events: 1, 
            Suppression Events: 4
Time: 912.07, 
            Production Events: 0, 
            Suppression Events: 0
Time: 914.01, 
            Production Events: 0, 
            Suppression Events: 4
Time: 914.01, 
            Production Events: 0, 
            Suppression Events: 0
Time: 916.16, 
            Production Events: 0, 
            Suppression Events: 3
Time: 916.16, 
            Production Events: 0, 
            Suppression Events: 0
Time: 917.22, 
            Production Events: 0, 
            Suppression Events: 2
Time: 920.46, 
            Production Events: 0, 
            Suppression Events: 3
Time: 920.46, 
            Production Events: 0, 
            Suppression Events: 0
Time: 920.46, 
            Production Events: 0, 
            Suppression Events: 0
Time: 921.36, 
            Production Events: 0, 
            Suppression Events: 1
Time: 923.23, 
            Production Events: 0, 
            Suppression Events: 1
Time: 923.23, 
            Production Events: 0, 
            Suppression Events: 0
Time: 924.22, 
            Production Events: 0, 
            Suppression Events: 3
Time: 925.02, 
            Production Events: 0, 
            Suppression Events: 1
Time: 926.53, 
            Production Events: 0, 
            Suppression Events: 4
Time: 928.97, 
            Production Events: 0, 
            Suppression Events: 2
Time: 928.97, 
            Production Events: 0, 
            Suppression Events: 0
Time: 931.47, 
            Production Events: 0, 
            Suppression Events: 1
Time: 931.47, 
            Production Events: 0, 
            Suppression Events: 0
Time: 931.47, 
            Production Events: 0, 
            Suppression Events: 0
Time: 933.99, 
            Production Events: 0, 
            Suppression Events: 1
Time: 933.99, 
            Production Events: 0, 
            Suppression Events: 0
Time: 935.23, 
            Production Events: 0, 
            Suppression Events: 1
Time: 935.23, 
            Production Events: 0, 
            Suppression Events: 0
Time: 936.23, 
            Production Events: 0, 
            Suppression Events: 1
Time: 940.44, 
            Production Events: 0, 
            Suppression Events: 1
Time: 940.44, 
            Production Events: 0, 
            Suppression Events: 0
Time: 940.44, 
            Production Events: 0, 
            Suppression Events: 0
Time: 940.44, 
            Production Events: 0, 
            Suppression Events: 0
Time: 941.86, 
            Production Events: 0, 
            Suppression Events: 1
Time: 943.02, 
            Production Events: 0, 
            Suppression Events: 1
Time: 943.02, 
            Production Events: 0, 
            Suppression Events: 0
Time: 945.36, 
            Production Events: 0, 
            Suppression Events: 1
Time: 945.36, 
            Production Events: 0, 
            Suppression Events: 0
Time: 946.44, 
            Production Events: 0, 
            Suppression Events: 1
Time: 948.28, 
            Production Events: 0, 
            Suppression Events: 1
Time: 948.28, 
            Production Events: 0, 
            Suppression Events: 0
Time: 949.29, 
            Production Events: 0, 
            Suppression Events: 1
Time: 950.26, 
            Production Events: 0, 
            Suppression Events: 3
Time: 951.66, 
            Production Events: 0, 
            Suppression Events: 1
Time: 953.61, 
            Production Events: 0, 
            Suppression Events: 1
Time: 953.61, 
            Production Events: 0, 
            Suppression Events: 0
Time: 955.37, 
            Production Events: 0, 
            Suppression Events: 3
Time: 955.37, 
            Production Events: 0, 
            Suppression Events: 0
Time: 960.46, 
            Production Events: 0, 
            Suppression Events: 1
Time: 960.46, 
            Production Events: 0, 
            Suppression Events: 0
Time: 960.46, 
            Production Events: 0, 
            Suppression Events: 0
Time: 960.46, 
            Production Events: 0, 
            Suppression Events: 0
Time: 960.46, 
            Production Events: 0, 
            Suppression Events: 0
Time: 961.28, 
            Production Events: 0, 
            Suppression Events: 2
Time: 963.59, 
            Production Events: 0, 
            Suppression Events: 1
Time: 963.59, 
            Production Events: 0, 
            Suppression Events: 0
Time: 965.15, 
            Production Events: 1, 
            Suppression Events: 0
Time: 965.15, 
            Production Events: 0, 
            Suppression Events: 0
Time: 972.54, 
            Production Events: 1, 
            Suppression Events: 0
Time: 972.54, 
            Production Events: 0, 
            Suppression Events: 0
Time: 972.54, 
            Production Events: 0, 
            Suppression Events: 0
Time: 972.54, 
            Production Events: 0, 
            Suppression Events: 0
Time: 972.54, 
            Production Events: 0, 
            Suppression Events: 0
Time: 972.54, 
            Production Events: 0, 
            Suppression Events: 0
Time: 972.54, 
            Production Events: 0, 
            Suppression Events: 0
Time: 974.12, 
            Production Events: 0, 
            Suppression Events: 1
Time: 974.12, 
            Production Events: 0, 
            Suppression Events: 0
Time: 975.69, 
            Production Events: 0, 
            Suppression Events: 2
Time: 976.04, 
            Production Events: 0, 
            Suppression Events: 1
Time: 977.92, 
            Production Events: 0, 
            Suppression Events: 1
Time: 978.98, 
            Production Events: 0, 
            Suppression Events: 1
Time: 980.49, 
            Production Events: 0, 
            Suppression Events: 1
Time: 980.49, 
            Production Events: 0, 
            Suppression Events: 0
Time: 981.71, 
            Production Events: 0, 
            Suppression Events: 1
Time: 982.12, 
            Production Events: 0, 
            Suppression Events: 1
Time: 984.07, 
            Production Events: 0, 
            Suppression Events: 1
Time: 984.07, 
            Production Events: 0, 
            Suppression Events: 0
Time: 985.71, 
            Production Events: 0, 
            Suppression Events: 2
Time: 986.04, 
            Production Events: 0, 
            Suppression Events: 1
Time: 987.86, 
            Production Events: 0, 
            Suppression Events: 1
Time: 988.23, 
            Production Events: 0, 
            Suppression Events: 1
Time: 990.05, 
            Production Events: 0, 
            Suppression Events: 1
Time: 990.05, 
            Production Events: 0, 
            Suppression Events: 0
Time: 991.12, 
            Production Events: 0, 
            Suppression Events: 2
Time: 993.65, 
            Production Events: 0, 
            Suppression Events: 1
Time: 993.65, 
            Production Events: 0, 
            Suppression Events: 0
Time: 1000.1, 
            Production Events: 0, 
            Suppression Events: 1
Time: 1000.1, 
            Production Events: 0, 
            Suppression Events: 0
Time: 1000.1, 
            Production Events: 0, 
            Suppression Events: 0
Time: 1000.1, 
            Production Events: 0, 
            Suppression Events: 0
Time: 1000.1, 
            Production Events: 0, 
            Suppression Events: 0
Time: 1000.1, 
            Production Events: 0, 
            Suppression Events: 0
Time: 1000.1, 
            Production Events: 0, 
            Suppression Events: 0
Simulation completed:
  Final time: 1000.1010264352019
  Total events: 980
  Wall time: 6069.84 seconds

Saving simulation results with clean separation...
Task evolution saved to: 5t5b/5t5b_mfcsb/data/param_94_rep_1_2025-11-21_153337/states.csv
Events saved to: 5t5b/5t5b_mfcsb/data/param_94_rep_1_2025-11-21_153337/events.csv
Saving event log (raw and DataFrame)...
log DataFrame size: (985, 9)
short view:
59 DataFrame
 Row  time     bee1_id  bee2_id  task_id  task_1   task_2   task_3     task_4 
      Float64  Int64    Int64    Int64    Float64  Float64  Float64    Float6 

   1      0.0        1        0        0   0.0585   0.0781  0.175822    0.147 
   2      0.0        2        0        0   0.0876   0.0954  0.113168    0.090
   3      0.0        3        0        0   0.0822   0.0975  0.140097    0.125
   4      0.0        4        0        0   0.1644   0.1002  0.0573909   0.165
   5      0.0        5        0        0   0.1001   0.0922  0.108981    0.098 
                                                               2 columns omittedEvent log saved to: 5t5b/5t5b_mfcsb/data/param_94_rep_1_2025-11-21_153337/event_log.json
Event log DataFrame saved to: 5t5b/5t5b_mfcsb/data/param_94_rep_1_2025-11-21_153337/event_log.csv
Metadata and configuration saved to: 5t5b/5t5b_mfcsb/data/param_94_rep_1_2025-11-21_153337/config.json
Task index mapping saved to: 5t5b/5t5b_mfcsb/data/param_94_rep_1_2025-11-21_153337/task_index_mapping.json
All results saved to directory: 5t5b/5t5b_mfcsb/data/param_94_rep_1_2025-11-21_153337
Simulation completed successfully!
Job finished at: Fri Nov 21 05:15:16 PM CET 2025
