Job array started at: Fri Nov 21 03:32:01 PM CET 2025
Job ID: 10860450
Array Job ID: 10860410
Array Task ID: 37
Node: th-ws-740m34
Loading Julia module...
Module loaded: /software/opt/el_9/x86_64/julia/1.11.3/bin/julia
Changing to project directory...
Current directory: /scratch/n/N.Pfaffenzeller/nikolas_nethive/nethive_multiverse
Running parameter combination 37, replicate 1
Starting Julia simulation...
Running simulation with the following configuration:
  dataset_names: [:mnist, :cifar10, :svhn2, :fashion_mnist, :bank]
  param_id: 37
  n_bees: 5
  batch_size: 32
  replicate_id: 1
  punish_rate: 0.1
  punishment: time_out
  lambda_sensitivity: 100
  save_nn_epochs: 0
  production_rate: 1
  interaction_rate: 100
  batches_per_step: 50
  learning_rate: 1.0e-6
  max_output_dim: 10
  n_steps_per_epoch: 1
  dead_time: 10
  max_input_dim: 3072
  n_epochs: 1000
  seed: 1130042042

Starting simulation with configuration:
  dataset_names: [:mnist, :cifar10, :svhn2, :fashion_mnist, :bank]
  param_id: 37
  n_bees: 5
  batch_size: 32
  replicate_id: 1
  punish_rate: 0.1
  punishment: time_out
  lambda_sensitivity: 100
  save_nn_epochs: 0
  production_rate: 1
  interaction_rate: 100
  batches_per_step: 50
  run_timestamp: 2025-11-21T15:34:10.340
  learning_rate: 1.0e-6
  max_output_dim: 10
  n_steps_per_epoch: 1
  dead_time: 10
  max_input_dim: 3072
  n_epochs: 1000
  seed: 1130042042
Random seed: 1130042042

Starting simulation...
Time: 1.7, 
            Production Events: 1, 
            Suppression Events: 0
Time: 2.13, 
            Production Events: 1, 
            Suppression Events: 0
Time: 3.77, 
            Production Events: 1, 
            Suppression Events: 0
Time: 4.59, 
            Production Events: 0, 
            Suppression Events: 1
Time: 6.32, 
            Production Events: 1, 
            Suppression Events: 1
Time: 6.32, 
            Production Events: 0, 
            Suppression Events: 0
Time: 7.07, 
            Production Events: 1, 
            Suppression Events: 1
Time: 8.72, 
            Production Events: 0, 
            Suppression Events: 1
Time: 9.82, 
            Production Events: 0, 
            Suppression Events: 2
Time: 14.38, 
            Production Events: 0, 
            Suppression Events: 1
Time: 14.38, 
            Production Events: 0, 
            Suppression Events: 0
Time: 14.38, 
            Production Events: 0, 
            Suppression Events: 0
Time: 14.38, 
            Production Events: 0, 
            Suppression Events: 0
Time: 14.38, 
            Production Events: 0, 
            Suppression Events: 0
Time: 15.01, 
            Production Events: 1, 
            Suppression Events: 2
Time: 18.01, 
            Production Events: 1, 
            Suppression Events: 1
Time: 18.01, 
            Production Events: 0, 
            Suppression Events: 0
Time: 18.01, 
            Production Events: 0, 
            Suppression Events: 0
Time: 19.66, 
            Production Events: 0, 
            Suppression Events: 2
Time: 20.02, 
            Production Events: 1, 
            Suppression Events: 0
Time: 23.05, 
            Production Events: 0, 
            Suppression Events: 1
Time: 23.05, 
            Production Events: 0, 
            Suppression Events: 0
Time: 23.05, 
            Production Events: 0, 
            Suppression Events: 0
Time: 24.08, 
            Production Events: 1, 
            Suppression Events: 2
Time: 25.98, 
            Production Events: 1, 
            Suppression Events: 2
Time: 27.23, 
            Production Events: 0, 
            Suppression Events: 1
Time: 27.23, 
            Production Events: 0, 
            Suppression Events: 0
Time: 29.08, 
            Production Events: 0, 
            Suppression Events: 1
Time: 29.08, 
            Production Events: 0, 
            Suppression Events: 0
Time: 30.56, 
            Production Events: 1, 
            Suppression Events: 1
Time: 31.02, 
            Production Events: 0, 
            Suppression Events: 1
Time: 32.04, 
            Production Events: 0, 
            Suppression Events: 1
Time: 34.76, 
            Production Events: 0, 
            Suppression Events: 1
Time: 34.76, 
            Production Events: 0, 
            Suppression Events: 0
Time: 37.07, 
            Production Events: 0, 
            Suppression Events: 2
Time: 37.07, 
            Production Events: 0, 
            Suppression Events: 0
Time: 37.07, 
            Production Events: 0, 
            Suppression Events: 0
Time: 38.98, 
            Production Events: 1, 
            Suppression Events: 0
Time: 39.07, 
            Production Events: 0, 
            Suppression Events: 1
Time: 40.34, 
            Production Events: 0, 
            Suppression Events: 1
Time: 43.23, 
            Production Events: 1, 
            Suppression Events: 1
Time: 43.23, 
            Production Events: 0, 
            Suppression Events: 0
Time: 43.23, 
            Production Events: 0, 
            Suppression Events: 0
Time: 45.99, 
            Production Events: 0, 
            Suppression Events: 1
Time: 45.99, 
            Production Events: 0, 
            Suppression Events: 0
Time: 47.61, 
            Production Events: 0, 
            Suppression Events: 1
Time: 47.61, 
            Production Events: 0, 
            Suppression Events: 0
Time: 48.73, 
            Production Events: 0, 
            Suppression Events: 1
Time: 49.34, 
            Production Events: 0, 
            Suppression Events: 1
Time: 51.31, 
            Production Events: 0, 
            Suppression Events: 2
Time: 51.31, 
            Production Events: 0, 
            Suppression Events: 0
Time: 54.82, 
            Production Events: 0, 
            Suppression Events: 2
Time: 54.82, 
            Production Events: 0, 
            Suppression Events: 0
Time: 54.82, 
            Production Events: 0, 
            Suppression Events: 0
Time: 55.15, 
            Production Events: 0, 
            Suppression Events: 1
Time: 56.51, 
            Production Events: 1, 
            Suppression Events: 0
Time: 57.06, 
            Production Events: 1, 
            Suppression Events: 1
Time: 58.55, 
            Production Events: 0, 
            Suppression Events: 3
Time: 61.79, 
            Production Events: 0, 
            Suppression Events: 1
Time: 61.79, 
            Production Events: 0, 
            Suppression Events: 0
Time: 61.79, 
            Production Events: 0, 
            Suppression Events: 0
Time: 62.76, 
            Production Events: 1, 
            Suppression Events: 0
Time: 63.8, 
            Production Events: 1, 
            Suppression Events: 0
Time: 64.57, 
            Production Events: 0, 
            Suppression Events: 1
Time: 65.46, 
            Production Events: 1, 
            Suppression Events: 0
Time: 67.0, 
            Production Events: 1, 
            Suppression Events: 1
Time: 67.0, 
            Production Events: 0, 
            Suppression Events: 0
Time: 71.8, 
            Production Events: 1, 
            Suppression Events: 1
Time: 71.8, 
            Production Events: 0, 
            Suppression Events: 0
Time: 71.8, 
            Production Events: 0, 
            Suppression Events: 0
Time: 71.8, 
            Production Events: 0, 
            Suppression Events: 0
Time: 73.63, 
            Production Events: 1, 
            Suppression Events: 0
Time: 73.63, 
            Production Events: 0, 
            Suppression Events: 0
Time: 76.65, 
            Production Events: 0, 
            Suppression Events: 2
Time: 76.65, 
            Production Events: 0, 
            Suppression Events: 0
Time: 76.65, 
            Production Events: 0, 
            Suppression Events: 0
Time: 77.16, 
            Production Events: 0, 
            Suppression Events: 1
Time: 78.07, 
            Production Events: 1, 
            Suppression Events: 0
Time: 79.0, 
            Production Events: 3, 
            Suppression Events: 1
Time: 81.41, 
            Production Events: 1, 
            Suppression Events: 4
Time: 81.41, 
            Production Events: 0, 
            Suppression Events: 0
Time: 82.22, 
            Production Events: 1, 
            Suppression Events: 1
Time: 83.08, 
            Production Events: 1, 
            Suppression Events: 0
Time: 84.68, 
            Production Events: 0, 
            Suppression Events: 2
Time: 85.52, 
            Production Events: 0, 
            Suppression Events: 1
Time: 86.64, 
            Production Events: 0, 
            Suppression Events: 3
Time: 87.83, 
            Production Events: 0, 
            Suppression Events: 1
Time: 88.21, 
            Production Events: 0, 
            Suppression Events: 1
Time: 89.62, 
            Production Events: 0, 
            Suppression Events: 3
Time: 90.15, 
            Production Events: 1, 
            Suppression Events: 2
Time: 92.72, 
            Production Events: 1, 
            Suppression Events: 1
Time: 92.72, 
            Production Events: 0, 
            Suppression Events: 0
Time: 94.21, 
            Production Events: 1, 
            Suppression Events: 0
Time: 94.21, 
            Production Events: 0, 
            Suppression Events: 0
Time: 95.21, 
            Production Events: 0, 
            Suppression Events: 2
Time: 96.51, 
            Production Events: 0, 
            Suppression Events: 1
Time: 97.43, 
            Production Events: 0, 
            Suppression Events: 2
Time: 98.1, 
            Production Events: 1, 
            Suppression Events: 0
Time: 100.43, 
            Production Events: 0, 
            Suppression Events: 1
Time: 100.43, 
            Production Events: 0, 
            Suppression Events: 0
Time: 101.05, 
            Production Events: 0, 
            Suppression Events: 1
Time: 104.01, 
            Production Events: 2, 
            Suppression Events: 1
Time: 104.01, 
            Production Events: 0, 
            Suppression Events: 0
Time: 104.01, 
            Production Events: 0, 
            Suppression Events: 0
Time: 105.17, 
            Production Events: 1, 
            Suppression Events: 1
Time: 106.2, 
            Production Events: 1, 
            Suppression Events: 1
Time: 108.62, 
            Production Events: 0, 
            Suppression Events: 2
Time: 108.62, 
            Production Events: 0, 
            Suppression Events: 0
Time: 109.93, 
            Production Events: 0, 
            Suppression Events: 1
Time: 110.35, 
            Production Events: 0, 
            Suppression Events: 1
Time: 111.11, 
            Production Events: 0, 
            Suppression Events: 1
Time: 112.19, 
            Production Events: 0, 
            Suppression Events: 1
Time: 113.27, 
            Production Events: 0, 
            Suppression Events: 1
Time: 114.03, 
            Production Events: 2, 
            Suppression Events: 3
Time: 115.39, 
            Production Events: 0, 
            Suppression Events: 3
Time: 117.17, 
            Production Events: 0, 
            Suppression Events: 1
Time: 117.17, 
            Production Events: 0, 
            Suppression Events: 0
Time: 120.0, 
            Production Events: 0, 
            Suppression Events: 1
Time: 120.0, 
            Production Events: 0, 
            Suppression Events: 0
Time: 121.34, 
            Production Events: 0, 
            Suppression Events: 1
Time: 121.34, 
            Production Events: 0, 
            Suppression Events: 0
Time: 123.73, 
            Production Events: 0, 
            Suppression Events: 1
Time: 123.73, 
            Production Events: 0, 
            Suppression Events: 0
Time: 125.42, 
            Production Events: 0, 
            Suppression Events: 1
Time: 125.42, 
            Production Events: 0, 
            Suppression Events: 0
Time: 127.55, 
            Production Events: 0, 
            Suppression Events: 1
Time: 127.55, 
            Production Events: 0, 
            Suppression Events: 0
Time: 129.35, 
            Production Events: 3, 
            Suppression Events: 0
Time: 129.35, 
            Production Events: 0, 
            Suppression Events: 0
Time: 130.31, 
            Production Events: 0, 
            Suppression Events: 2
Time: 131.27, 
            Production Events: 0, 
            Suppression Events: 1
Time: 133.18, 
            Production Events: 0, 
            Suppression Events: 1
Time: 133.18, 
            Production Events: 0, 
            Suppression Events: 0
Time: 134.56, 
            Production Events: 0, 
            Suppression Events: 1
Time: 135.29, 
            Production Events: 0, 
            Suppression Events: 1
Time: 136.31, 
            Production Events: 0, 
            Suppression Events: 1
Time: 137.94, 
            Production Events: 1, 
            Suppression Events: 1
Time: 138.18, 
            Production Events: 0, 
            Suppression Events: 1
Time: 140.15, 
            Production Events: 0, 
            Suppression Events: 1
Time: 140.15, 
            Production Events: 0, 
            Suppression Events: 0
Time: 141.01, 
            Production Events: 1, 
            Suppression Events: 2
Time: 144.83, 
            Production Events: 0, 
            Suppression Events: 2
Time: 144.83, 
            Production Events: 0, 
            Suppression Events: 0
Time: 144.83, 
            Production Events: 0, 
            Suppression Events: 0
Time: 145.04, 
            Production Events: 0, 
            Suppression Events: 1
Time: 146.8, 
            Production Events: 0, 
            Suppression Events: 3
Time: 147.19, 
            Production Events: 0, 
            Suppression Events: 1
Time: 149.11, 
            Production Events: 1, 
            Suppression Events: 3
Time: 149.11, 
            Production Events: 0, 
            Suppression Events: 0
Time: 150.43, 
            Production Events: 0, 
            Suppression Events: 1
Time: 151.71, 
            Production Events: 0, 
            Suppression Events: 1
Time: 152.01, 
            Production Events: 1, 
            Suppression Events: 0
Time: 153.28, 
            Production Events: 0, 
            Suppression Events: 6
Time: 154.11, 
            Production Events: 0, 
            Suppression Events: 1
Time: 155.46, 
            Production Events: 0, 
            Suppression Events: 1
Time: 156.01, 
            Production Events: 0, 
            Suppression Events: 1
Time: 159.88, 
            Production Events: 0, 
            Suppression Events: 2
Time: 159.88, 
            Production Events: 0, 
            Suppression Events: 0
Time: 159.88, 
            Production Events: 0, 
            Suppression Events: 0
Time: 160.97, 
            Production Events: 0, 
            Suppression Events: 1
Time: 162.39, 
            Production Events: 0, 
            Suppression Events: 1
Time: 162.39, 
            Production Events: 0, 
            Suppression Events: 0
Time: 164.54, 
            Production Events: 1, 
            Suppression Events: 2
Time: 164.54, 
            Production Events: 0, 
            Suppression Events: 0
Time: 166.43, 
            Production Events: 0, 
            Suppression Events: 2
Time: 166.43, 
            Production Events: 0, 
            Suppression Events: 0
Time: 169.65, 
            Production Events: 1, 
            Suppression Events: 0
Time: 169.65, 
            Production Events: 0, 
            Suppression Events: 0
Time: 169.65, 
            Production Events: 0, 
            Suppression Events: 0
Time: 170.65, 
            Production Events: 0, 
            Suppression Events: 1
Time: 171.27, 
            Production Events: 0, 
            Suppression Events: 1
Time: 175.25, 
            Production Events: 1, 
            Suppression Events: 1
Time: 175.25, 
            Production Events: 0, 
            Suppression Events: 0
Time: 175.25, 
            Production Events: 0, 
            Suppression Events: 0
Time: 175.25, 
            Production Events: 0, 
            Suppression Events: 0
Time: 176.18, 
            Production Events: 0, 
            Suppression Events: 1
Time: 178.13, 
            Production Events: 1, 
            Suppression Events: 2
Time: 178.13, 
            Production Events: 0, 
            Suppression Events: 0
Time: 179.65, 
            Production Events: 1, 
            Suppression Events: 0
Time: 181.19, 
            Production Events: 1, 
            Suppression Events: 1
Time: 181.19, 
            Production Events: 0, 
            Suppression Events: 0
Time: 182.44, 
            Production Events: 1, 
            Suppression Events: 0
Time: 183.05, 
            Production Events: 2, 
            Suppression Events: 1
Time: 184.08, 
            Production Events: 0, 
            Suppression Events: 2
Time: 185.32, 
            Production Events: 0, 
            Suppression Events: 3
Time: 186.38, 
            Production Events: 0, 
            Suppression Events: 3
Time: 188.52, 
            Production Events: 0, 
            Suppression Events: 2
Time: 188.52, 
            Production Events: 0, 
            Suppression Events: 0
Time: 189.55, 
            Production Events: 0, 
            Suppression Events: 3
Time: 192.63, 
            Production Events: 0, 
            Suppression Events: 2
Time: 192.63, 
            Production Events: 0, 
            Suppression Events: 0
Time: 192.63, 
            Production Events: 0, 
            Suppression Events: 0
Time: 196.43, 
            Production Events: 0, 
            Suppression Events: 1
Time: 196.43, 
            Production Events: 0, 
            Suppression Events: 0
Time: 196.43, 
            Production Events: 0, 
            Suppression Events: 0
Time: 196.43, 
            Production Events: 0, 
            Suppression Events: 0
Time: 197.61, 
            Production Events: 1, 
            Suppression Events: 1
Time: 198.7, 
            Production Events: 0, 
            Suppression Events: 1
Time: 201.73, 
            Production Events: 1, 
            Suppression Events: 0
Time: 201.73, 
            Production Events: 0, 
            Suppression Events: 0
Time: 201.73, 
            Production Events: 0, 
            Suppression Events: 0
Time: 202.16, 
            Production Events: 1, 
            Suppression Events: 0
Time: 203.29, 
            Production Events: 0, 
            Suppression Events: 4
Time: 205.11, 
            Production Events: 0, 
            Suppression Events: 2
Time: 205.11, 
            Production Events: 0, 
            Suppression Events: 0
Time: 206.54, 
            Production Events: 0, 
            Suppression Events: 1
Time: 207.2, 
            Production Events: 0, 
            Suppression Events: 1
Time: 208.89, 
            Production Events: 1, 
            Suppression Events: 1
Time: 209.22, 
            Production Events: 0, 
            Suppression Events: 1
Time: 211.72, 
            Production Events: 0, 
            Suppression Events: 1
Time: 211.72, 
            Production Events: 0, 
            Suppression Events: 0
Time: 214.91, 
            Production Events: 0, 
            Suppression Events: 2
Time: 214.91, 
            Production Events: 0, 
            Suppression Events: 0
Time: 214.91, 
            Production Events: 0, 
            Suppression Events: 0
Time: 215.83, 
            Production Events: 0, 
            Suppression Events: 1
Time: 218.03, 
            Production Events: 1, 
            Suppression Events: 0
Time: 218.03, 
            Production Events: 0, 
            Suppression Events: 0
Time: 218.03, 
            Production Events: 0, 
            Suppression Events: 0
Time: 219.53, 
            Production Events: 1, 
            Suppression Events: 0
Time: 220.37, 
            Production Events: 1, 
            Suppression Events: 1
Time: 223.73, 
            Production Events: 0, 
            Suppression Events: 1
Time: 223.73, 
            Production Events: 0, 
            Suppression Events: 0
Time: 223.73, 
            Production Events: 0, 
            Suppression Events: 0
Time: 226.42, 
            Production Events: 1, 
            Suppression Events: 0
Time: 226.42, 
            Production Events: 0, 
            Suppression Events: 0
Time: 226.42, 
            Production Events: 0, 
            Suppression Events: 0
Time: 229.35, 
            Production Events: 1, 
            Suppression Events: 1
Time: 229.35, 
            Production Events: 0, 
            Suppression Events: 0
Time: 229.35, 
            Production Events: 0, 
            Suppression Events: 0
Time: 230.89, 
            Production Events: 0, 
            Suppression Events: 1
Time: 231.07, 
            Production Events: 2, 
            Suppression Events: 0
Time: 232.0, 
            Production Events: 0, 
            Suppression Events: 2
Time: 233.02, 
            Production Events: 1, 
            Suppression Events: 0
Time: 237.24, 
            Production Events: 0, 
            Suppression Events: 1
Time: 237.24, 
            Production Events: 0, 
            Suppression Events: 0
Time: 237.24, 
            Production Events: 0, 
            Suppression Events: 0
Time: 237.24, 
            Production Events: 0, 
            Suppression Events: 0
Time: 239.83, 
            Production Events: 1, 
            Suppression Events: 0
Time: 239.83, 
            Production Events: 0, 
            Suppression Events: 0
Time: 241.23, 
            Production Events: 1, 
            Suppression Events: 0
Time: 241.23, 
            Production Events: 0, 
            Suppression Events: 0
Time: 243.9, 
            Production Events: 1, 
            Suppression Events: 1
Time: 243.9, 
            Production Events: 0, 
            Suppression Events: 0
Time: 247.54, 
            Production Events: 0, 
            Suppression Events: 1
Time: 247.54, 
            Production Events: 0, 
            Suppression Events: 0
Time: 247.54, 
            Production Events: 0, 
            Suppression Events: 0
Time: 247.54, 
            Production Events: 0, 
            Suppression Events: 0
Time: 248.08, 
            Production Events: 0, 
            Suppression Events: 1
Time: 249.65, 
            Production Events: 1, 
            Suppression Events: 1
Time: 250.01, 
            Production Events: 0, 
            Suppression Events: 2
Time: 251.46, 
            Production Events: 0, 
            Suppression Events: 3
Time: 252.45, 
            Production Events: 1, 
            Suppression Events: 0
Time: 254.41, 
            Production Events: 1, 
            Suppression Events: 0
Time: 254.41, 
            Production Events: 0, 
            Suppression Events: 0
Time: 255.01, 
            Production Events: 0, 
            Suppression Events: 1
Time: 257.79, 
            Production Events: 0, 
            Suppression Events: 1
Time: 257.79, 
            Production Events: 0, 
            Suppression Events: 0
Time: 259.97, 
            Production Events: 2, 
            Suppression Events: 0
Time: 259.97, 
            Production Events: 0, 
            Suppression Events: 0
Time: 261.33, 
            Production Events: 0, 
            Suppression Events: 1
Time: 261.33, 
            Production Events: 0, 
            Suppression Events: 0
Time: 264.87, 
            Production Events: 1, 
            Suppression Events: 1
Time: 264.87, 
            Production Events: 0, 
            Suppression Events: 0
Time: 264.87, 
            Production Events: 0, 
            Suppression Events: 0
Time: 265.23, 
            Production Events: 1, 
            Suppression Events: 0
Time: 266.2, 
            Production Events: 1, 
            Suppression Events: 0
Time: 267.74, 
            Production Events: 0, 
            Suppression Events: 2
Time: 268.05, 
            Production Events: 1, 
            Suppression Events: 0
Time: 269.73, 
            Production Events: 0, 
            Suppression Events: 3
Time: 270.02, 
            Production Events: 0, 
            Suppression Events: 1
Time: 271.01, 
            Production Events: 0, 
            Suppression Events: 2
Time: 272.41, 
            Production Events: 0, 
            Suppression Events: 4
Time: 273.87, 
            Production Events: 1, 
            Suppression Events: 2
Time: 275.1, 
            Production Events: 1, 
            Suppression Events: 0
Time: 275.1, 
            Production Events: 0, 
            Suppression Events: 0
Time: 276.65, 
            Production Events: 1, 
            Suppression Events: 3
Time: 277.87, 
            Production Events: 1, 
            Suppression Events: 0
Time: 278.02, 
            Production Events: 0, 
            Suppression Events: 1
Time: 279.4, 
            Production Events: 0, 
            Suppression Events: 1
Time: 280.27, 
            Production Events: 0, 
            Suppression Events: 1
Time: 281.58, 
            Production Events: 0, 
            Suppression Events: 2
Time: 283.27, 
            Production Events: 0, 
            Suppression Events: 1
Time: 283.27, 
            Production Events: 0, 
            Suppression Events: 0
Time: 289.12, 
            Production Events: 0, 
            Suppression Events: 1
Time: 289.12, 
            Production Events: 0, 
            Suppression Events: 0
Time: 289.12, 
            Production Events: 0, 
            Suppression Events: 0
Time: 289.12, 
            Production Events: 0, 
            Suppression Events: 0
Time: 289.12, 
            Production Events: 0, 
            Suppression Events: 0
Time: 289.12, 
            Production Events: 0, 
            Suppression Events: 0
Time: 295.8, 
            Production Events: 0, 
            Suppression Events: 2
Time: 295.8, 
            Production Events: 0, 
            Suppression Events: 0
Time: 295.8, 
            Production Events: 0, 
            Suppression Events: 0
Time: 295.8, 
            Production Events: 0, 
            Suppression Events: 0
Time: 295.8, 
            Production Events: 0, 
            Suppression Events: 0
Time: 295.8, 
            Production Events: 0, 
            Suppression Events: 0
Time: 296.49, 
            Production Events: 0, 
            Suppression Events: 1
Time: 300.02, 
            Production Events: 1, 
            Suppression Events: 3
Time: 300.02, 
            Production Events: 0, 
            Suppression Events: 0
Time: 300.02, 
            Production Events: 0, 
            Suppression Events: 0
Time: 300.02, 
            Production Events: 0, 
            Suppression Events: 0
Time: 302.34, 
            Production Events: 0, 
            Suppression Events: 1
Time: 302.34, 
            Production Events: 0, 
            Suppression Events: 0
Time: 303.06, 
            Production Events: 0, 
            Suppression Events: 1
Time: 305.19, 
            Production Events: 1, 
            Suppression Events: 1
Time: 305.19, 
            Production Events: 0, 
            Suppression Events: 0
Time: 308.72, 
            Production Events: 0, 
            Suppression Events: 2
Time: 308.72, 
            Production Events: 0, 
            Suppression Events: 0
Time: 308.72, 
            Production Events: 0, 
            Suppression Events: 0
Time: 310.42, 
            Production Events: 0, 
            Suppression Events: 2
Time: 310.42, 
            Production Events: 0, 
            Suppression Events: 0
Time: 311.45, 
            Production Events: 0, 
            Suppression Events: 1
Time: 314.36, 
            Production Events: 1, 
            Suppression Events: 1
Time: 314.36, 
            Production Events: 0, 
            Suppression Events: 0
Time: 314.36, 
            Production Events: 0, 
            Suppression Events: 0
Time: 315.68, 
            Production Events: 0, 
            Suppression Events: 1
Time: 316.16, 
            Production Events: 1, 
            Suppression Events: 0
Time: 317.08, 
            Production Events: 1, 
            Suppression Events: 1
Time: 320.33, 
            Production Events: 0, 
            Suppression Events: 4
Time: 320.33, 
            Production Events: 0, 
            Suppression Events: 0
Time: 320.33, 
            Production Events: 0, 
            Suppression Events: 0
Time: 321.05, 
            Production Events: 0, 
            Suppression Events: 2
Time: 323.13, 
            Production Events: 2, 
            Suppression Events: 1
Time: 323.13, 
            Production Events: 0, 
            Suppression Events: 0
Time: 324.1, 
            Production Events: 0, 
            Suppression Events: 1
Time: 326.26, 
            Production Events: 0, 
            Suppression Events: 2
Time: 326.26, 
            Production Events: 0, 
            Suppression Events: 0
Time: 327.21, 
            Production Events: 1, 
            Suppression Events: 0
Time: 328.92, 
            Production Events: 0, 
            Suppression Events: 1
Time: 330.01, 
            Production Events: 0, 
            Suppression Events: 1
Time: 330.01, 
            Production Events: 0, 
            Suppression Events: 0
Time: 331.32, 
            Production Events: 0, 
            Suppression Events: 3
Time: 332.08, 
            Production Events: 1, 
            Suppression Events: 1
Time: 333.42, 
            Production Events: 1, 
            Suppression Events: 0
Time: 334.7, 
            Production Events: 2, 
            Suppression Events: 0
Time: 336.17, 
            Production Events: 0, 
            Suppression Events: 1
Time: 336.17, 
            Production Events: 0, 
            Suppression Events: 0
Time: 337.43, 
            Production Events: 1, 
            Suppression Events: 0
Time: 343.91, 
            Production Events: 0, 
            Suppression Events: 2
Time: 343.91, 
            Production Events: 0, 
            Suppression Events: 0
Time: 343.91, 
            Production Events: 0, 
            Suppression Events: 0
Time: 343.91, 
            Production Events: 0, 
            Suppression Events: 0
Time: 343.91, 
            Production Events: 0, 
            Suppression Events: 0
Time: 343.91, 
            Production Events: 0, 
            Suppression Events: 0
Time: 344.38, 
            Production Events: 0, 
            Suppression Events: 1
Time: 347.9, 
            Production Events: 1, 
            Suppression Events: 2
Time: 347.9, 
            Production Events: 0, 
            Suppression Events: 0
Time: 347.9, 
            Production Events: 0, 
            Suppression Events: 0
Time: 348.39, 
            Production Events: 1, 
            Suppression Events: 0
Time: 349.32, 
            Production Events: 1, 
            Suppression Events: 0
Time: 352.38, 
            Production Events: 0, 
            Suppression Events: 1
Time: 352.38, 
            Production Events: 0, 
            Suppression Events: 0
Time: 352.38, 
            Production Events: 0, 
            Suppression Events: 0
Time: 353.17, 
            Production Events: 0, 
            Suppression Events: 1
Time: 354.13, 
            Production Events: 0, 
            Suppression Events: 1
Time: 356.73, 
            Production Events: 1, 
            Suppression Events: 1
Time: 356.73, 
            Production Events: 0, 
            Suppression Events: 0
Time: 357.15, 
            Production Events: 0, 
            Suppression Events: 1
Time: 358.81, 
            Production Events: 1, 
            Suppression Events: 0
Time: 361.64, 
            Production Events: 0, 
            Suppression Events: 1
Time: 361.64, 
            Production Events: 0, 
            Suppression Events: 0
Time: 361.64, 
            Production Events: 0, 
            Suppression Events: 0
Time: 363.19, 
            Production Events: 0, 
            Suppression Events: 1
Time: 363.19, 
            Production Events: 0, 
            Suppression Events: 0
Time: 365.49, 
            Production Events: 1, 
            Suppression Events: 0
Time: 365.49, 
            Production Events: 0, 
            Suppression Events: 0
Time: 366.38, 
            Production Events: 0, 
            Suppression Events: 1
Time: 368.29, 
            Production Events: 1, 
            Suppression Events: 0
Time: 368.29, 
            Production Events: 0, 
            Suppression Events: 0
Time: 369.09, 
            Production Events: 1, 
            Suppression Events: 1
Time: 372.03, 
            Production Events: 2, 
            Suppression Events: 0
Time: 372.03, 
            Production Events: 0, 
            Suppression Events: 0
Time: 372.03, 
            Production Events: 0, 
            Suppression Events: 0
Time: 373.59, 
            Production Events: 0, 
            Suppression Events: 4
Time: 374.02, 
            Production Events: 0, 
            Suppression Events: 1
Time: 375.16, 
            Production Events: 0, 
            Suppression Events: 2
Time: 376.28, 
            Production Events: 0, 
            Suppression Events: 2
Time: 377.56, 
            Production Events: 0, 
            Suppression Events: 1
Time: 378.14, 
            Production Events: 0, 
            Suppression Events: 1
Time: 380.07, 
            Production Events: 1, 
            Suppression Events: 2
Time: 380.07, 
            Production Events: 0, 
            Suppression Events: 0
Time: 381.63, 
            Production Events: 0, 
            Suppression Events: 1
Time: 383.18, 
            Production Events: 0, 
            Suppression Events: 2
Time: 383.18, 
            Production Events: 0, 
            Suppression Events: 0
Time: 385.72, 
            Production Events: 0, 
            Suppression Events: 1
Time: 385.72, 
            Production Events: 0, 
            Suppression Events: 0
Time: 388.96, 
            Production Events: 0, 
            Suppression Events: 1
Time: 388.96, 
            Production Events: 0, 
            Suppression Events: 0
Time: 388.96, 
            Production Events: 0, 
            Suppression Events: 0
Time: 389.98, 
            Production Events: 0, 
            Suppression Events: 1
Time: 390.34, 
            Production Events: 1, 
            Suppression Events: 0
Time: 394.14, 
            Production Events: 1, 
            Suppression Events: 1
Time: 394.14, 
            Production Events: 0, 
            Suppression Events: 0
Time: 394.14, 
            Production Events: 0, 
            Suppression Events: 0
Time: 394.14, 
            Production Events: 0, 
            Suppression Events: 0
Time: 395.32, 
            Production Events: 1, 
            Suppression Events: 2
Time: 397.15, 
            Production Events: 1, 
            Suppression Events: 1
Time: 397.15, 
            Production Events: 0, 
            Suppression Events: 0
Time: 398.62, 
            Production Events: 1, 
            Suppression Events: 2
Time: 399.03, 
            Production Events: 0, 
            Suppression Events: 1
Time: 400.76, 
            Production Events: 0, 
            Suppression Events: 1
Time: 402.5, 
            Production Events: 0, 
            Suppression Events: 1
Time: 402.5, 
            Production Events: 0, 
            Suppression Events: 0
Time: 406.74, 
            Production Events: 0, 
            Suppression Events: 1
Time: 406.74, 
            Production Events: 0, 
            Suppression Events: 0
Time: 406.74, 
            Production Events: 0, 
            Suppression Events: 0
Time: 406.74, 
            Production Events: 0, 
            Suppression Events: 0
Time: 407.19, 
            Production Events: 0, 
            Suppression Events: 1
Time: 408.11, 
            Production Events: 0, 
            Suppression Events: 2
Time: 409.89, 
            Production Events: 0, 
            Suppression Events: 1
Time: 410.09, 
            Production Events: 1, 
            Suppression Events: 1
Time: 411.2, 
            Production Events: 0, 
            Suppression Events: 1
Time: 412.14, 
            Production Events: 0, 
            Suppression Events: 1
Time: 414.29, 
            Production Events: 0, 
            Suppression Events: 1
Time: 414.29, 
            Production Events: 0, 
            Suppression Events: 0
Time: 417.05, 
            Production Events: 0, 
            Suppression Events: 3
Time: 417.05, 
            Production Events: 0, 
            Suppression Events: 0
Time: 417.05, 
            Production Events: 0, 
            Suppression Events: 0
Time: 418.74, 
            Production Events: 0, 
            Suppression Events: 1
Time: 420.01, 
            Production Events: 0, 
            Suppression Events: 1
Time: 420.01, 
            Production Events: 0, 
            Suppression Events: 0
Time: 421.23, 
            Production Events: 0, 
            Suppression Events: 1
Time: 423.37, 
            Production Events: 0, 
            Suppression Events: 2
Time: 423.37, 
            Production Events: 0, 
            Suppression Events: 0
Time: 427.5, 
            Production Events: 0, 
            Suppression Events: 1
Time: 427.5, 
            Production Events: 0, 
            Suppression Events: 0
Time: 427.5, 
            Production Events: 0, 
            Suppression Events: 0
Time: 427.5, 
            Production Events: 0, 
            Suppression Events: 0
Time: 429.06, 
            Production Events: 1, 
            Suppression Events: 1
Time: 429.06, 
            Production Events: 0, 
            Suppression Events: 0
Time: 431.65, 
            Production Events: 1, 
            Suppression Events: 1
Time: 431.65, 
            Production Events: 0, 
            Suppression Events: 0
Time: 433.17, 
            Production Events: 0, 
            Suppression Events: 2
Time: 433.17, 
            Production Events: 0, 
            Suppression Events: 0
Time: 437.39, 
            Production Events: 1, 
            Suppression Events: 1
Time: 437.39, 
            Production Events: 0, 
            Suppression Events: 0
Time: 437.39, 
            Production Events: 0, 
            Suppression Events: 0
Time: 437.39, 
            Production Events: 0, 
            Suppression Events: 0
Time: 440.18, 
            Production Events: 0, 
            Suppression Events: 2
Time: 440.18, 
            Production Events: 0, 
            Suppression Events: 0
Time: 440.18, 
            Production Events: 0, 
            Suppression Events: 0
Time: 442.79, 
            Production Events: 0, 
            Suppression Events: 1
Time: 442.79, 
            Production Events: 0, 
            Suppression Events: 0
Time: 443.02, 
            Production Events: 0, 
            Suppression Events: 1
Time: 445.18, 
            Production Events: 0, 
            Suppression Events: 2
Time: 445.18, 
            Production Events: 0, 
            Suppression Events: 0
Time: 447.43, 
            Production Events: 0, 
            Suppression Events: 1
Time: 447.43, 
            Production Events: 0, 
            Suppression Events: 0
Time: 448.5, 
            Production Events: 0, 
            Suppression Events: 1
Time: 450.67, 
            Production Events: 0, 
            Suppression Events: 2
Time: 450.67, 
            Production Events: 0, 
            Suppression Events: 0
Time: 451.06, 
            Production Events: 0, 
            Suppression Events: 1
Time: 452.32, 
            Production Events: 0, 
            Suppression Events: 1
Time: 453.95, 
            Production Events: 0, 
            Suppression Events: 1
Time: 454.65, 
            Production Events: 1, 
            Suppression Events: 0
Time: 455.78, 
            Production Events: 0, 
            Suppression Events: 1
Time: 456.11, 
            Production Events: 0, 
            Suppression Events: 1
Time: 465.1, 
            Production Events: 0, 
            Suppression Events: 2
Time: 465.1, 
            Production Events: 0, 
            Suppression Events: 0
Time: 465.1, 
            Production Events: 0, 
            Suppression Events: 0
Time: 465.1, 
            Production Events: 0, 
            Suppression Events: 0
Time: 465.1, 
            Production Events: 0, 
            Suppression Events: 0
Time: 465.1, 
            Production Events: 0, 
            Suppression Events: 0
Time: 465.1, 
            Production Events: 0, 
            Suppression Events: 0
Time: 465.1, 
            Production Events: 0, 
            Suppression Events: 0
Time: 465.1, 
            Production Events: 0, 
            Suppression Events: 0
Time: 466.98, 
            Production Events: 0, 
            Suppression Events: 1
Time: 467.72, 
            Production Events: 0, 
            Suppression Events: 1
Time: 468.18, 
            Production Events: 0, 
            Suppression Events: 1
Time: 471.12, 
            Production Events: 0, 
            Suppression Events: 2
Time: 471.12, 
            Production Events: 0, 
            Suppression Events: 0
Time: 471.12, 
            Production Events: 0, 
            Suppression Events: 0
Time: 475.51, 
            Production Events: 0, 
            Suppression Events: 3
Time: 475.51, 
            Production Events: 0, 
            Suppression Events: 0
Time: 475.51, 
            Production Events: 0, 
            Suppression Events: 0
Time: 475.51, 
            Production Events: 0, 
            Suppression Events: 0
Time: 477.35, 
            Production Events: 0, 
            Suppression Events: 2
Time: 477.35, 
            Production Events: 0, 
            Suppression Events: 0
Time: 479.13, 
            Production Events: 0, 
            Suppression Events: 1
Time: 479.13, 
            Production Events: 0, 
            Suppression Events: 0
Time: 480.51, 
            Production Events: 0, 
            Suppression Events: 3
Time: 481.46, 
            Production Events: 1, 
            Suppression Events: 1
Time: 482.31, 
            Production Events: 0, 
            Suppression Events: 1
Time: 483.14, 
            Production Events: 0, 
            Suppression Events: 2
Time: 484.2, 
            Production Events: 0, 
            Suppression Events: 2
Time: 486.73, 
            Production Events: 0, 
            Suppression Events: 3
Time: 486.73, 
            Production Events: 0, 
            Suppression Events: 0
Time: 488.94, 
            Production Events: 0, 
            Suppression Events: 1
Time: 488.94, 
            Production Events: 0, 
            Suppression Events: 0
Time: 489.51, 
            Production Events: 0, 
            Suppression Events: 1
Time: 490.54, 
            Production Events: 0, 
            Suppression Events: 3
Time: 491.24, 
            Production Events: 0, 
            Suppression Events: 3
Time: 492.16, 
            Production Events: 0, 
            Suppression Events: 2
Time: 493.25, 
            Production Events: 0, 
            Suppression Events: 1
Time: 494.07, 
            Production Events: 0, 
            Suppression Events: 2
Time: 496.26, 
            Production Events: 0, 
            Suppression Events: 1
Time: 496.26, 
            Production Events: 0, 
            Suppression Events: 0
Time: 497.81, 
            Production Events: 0, 
            Suppression Events: 2
Time: 498.71, 
            Production Events: 0, 
            Suppression Events: 1
Time: 500.44, 
            Production Events: 0, 
            Suppression Events: 2
Time: 500.44, 
            Production Events: 0, 
            Suppression Events: 0
Time: 502.42, 
            Production Events: 0, 
            Suppression Events: 1
Time: 502.42, 
            Production Events: 0, 
            Suppression Events: 0
Time: 504.57, 
            Production Events: 1, 
            Suppression Events: 0
Time: 504.57, 
            Production Events: 0, 
            Suppression Events: 0
Time: 505.0, 
            Production Events: 0, 
            Suppression Events: 1
Time: 506.45, 
            Production Events: 0, 
            Suppression Events: 2
Time: 507.41, 
            Production Events: 1, 
            Suppression Events: 0
Time: 508.45, 
            Production Events: 0, 
            Suppression Events: 1
Time: 509.5, 
            Production Events: 0, 
            Suppression Events: 1
Time: 510.1, 
            Production Events: 0, 
            Suppression Events: 1
Time: 511.29, 
            Production Events: 0, 
            Suppression Events: 1
Time: 513.08, 
            Production Events: 0, 
            Suppression Events: 1
Time: 513.08, 
            Production Events: 0, 
            Suppression Events: 0
Time: 514.05, 
            Production Events: 0, 
            Suppression Events: 1
Time: 515.39, 
            Production Events: 0, 
            Suppression Events: 3
Time: 517.28, 
            Production Events: 0, 
            Suppression Events: 2
Time: 517.28, 
            Production Events: 0, 
            Suppression Events: 0
Time: 518.14, 
            Production Events: 0, 
            Suppression Events: 2
Time: 519.03, 
            Production Events: 0, 
            Suppression Events: 3
Time: 520.11, 
            Production Events: 0, 
            Suppression Events: 3
Time: 521.22, 
            Production Events: 0, 
            Suppression Events: 3
Time: 522.67, 
            Production Events: 0, 
            Suppression Events: 2
Time: 523.36, 
            Production Events: 0, 
            Suppression Events: 1
Time: 526.24, 
            Production Events: 0, 
            Suppression Events: 3
Time: 526.24, 
            Production Events: 0, 
            Suppression Events: 0
Time: 526.24, 
            Production Events: 0, 
            Suppression Events: 0
Time: 527.78, 
            Production Events: 0, 
            Suppression Events: 1
Time: 531.2, 
            Production Events: 0, 
            Suppression Events: 1
Time: 531.2, 
            Production Events: 0, 
            Suppression Events: 0
Time: 531.2, 
            Production Events: 0, 
            Suppression Events: 0
Time: 531.2, 
            Production Events: 0, 
            Suppression Events: 0
Time: 532.01, 
            Production Events: 0, 
            Suppression Events: 1
Time: 533.37, 
            Production Events: 0, 
            Suppression Events: 3
Time: 534.14, 
            Production Events: 0, 
            Suppression Events: 1
Time: 536.91, 
            Production Events: 1, 
            Suppression Events: 0
Time: 536.91, 
            Production Events: 0, 
            Suppression Events: 0
Time: 539.43, 
            Production Events: 0, 
            Suppression Events: 1
Time: 539.43, 
            Production Events: 0, 
            Suppression Events: 0
Time: 539.43, 
            Production Events: 0, 
            Suppression Events: 0
Time: 540.74, 
            Production Events: 0, 
            Suppression Events: 1
Time: 541.33, 
            Production Events: 0, 
            Suppression Events: 2
Time: 542.11, 
            Production Events: 0, 
            Suppression Events: 1
Time: 544.63, 
            Production Events: 1, 
            Suppression Events: 1
Time: 544.63, 
            Production Events: 0, 
            Suppression Events: 0
Time: 546.78, 
            Production Events: 0, 
            Suppression Events: 1
Time: 546.78, 
            Production Events: 0, 
            Suppression Events: 0
Time: 551.06, 
            Production Events: 0, 
            Suppression Events: 1
Time: 551.06, 
            Production Events: 0, 
            Suppression Events: 0
Time: 551.06, 
            Production Events: 0, 
            Suppression Events: 0
Time: 551.06, 
            Production Events: 0, 
            Suppression Events: 0
Time: 551.06, 
            Production Events: 0, 
            Suppression Events: 0
Time: 552.16, 
            Production Events: 0, 
            Suppression Events: 1
Time: 554.82, 
            Production Events: 0, 
            Suppression Events: 2
Time: 554.82, 
            Production Events: 0, 
            Suppression Events: 0
Time: 555.17, 
            Production Events: 1, 
            Suppression Events: 0
Time: 556.9, 
            Production Events: 1, 
            Suppression Events: 2
Time: 558.57, 
            Production Events: 0, 
            Suppression Events: 1
Time: 558.57, 
            Production Events: 0, 
            Suppression Events: 0
Time: 559.31, 
            Production Events: 1, 
            Suppression Events: 0
Time: 560.41, 
            Production Events: 1, 
            Suppression Events: 1
Time: 561.23, 
            Production Events: 2, 
            Suppression Events: 0
Time: 562.36, 
            Production Events: 1, 
            Suppression Events: 0
Time: 563.94, 
            Production Events: 0, 
            Suppression Events: 3
Time: 564.33, 
            Production Events: 1, 
            Suppression Events: 1
Time: 565.51, 
            Production Events: 1, 
            Suppression Events: 2
Time: 568.85, 
            Production Events: 1, 
            Suppression Events: 0
Time: 568.85, 
            Production Events: 0, 
            Suppression Events: 0
Time: 568.85, 
            Production Events: 0, 
            Suppression Events: 0
Time: 569.47, 
            Production Events: 0, 
            Suppression Events: 1
Time: 571.06, 
            Production Events: 1, 
            Suppression Events: 1
Time: 571.06, 
            Production Events: 0, 
            Suppression Events: 0
Time: 572.21, 
            Production Events: 0, 
            Suppression Events: 1
Time: 573.19, 
            Production Events: 0, 
            Suppression Events: 2
Time: 574.73, 
            Production Events: 0, 
            Suppression Events: 1
Time: 575.66, 
            Production Events: 0, 
            Suppression Events: 1
Time: 576.5, 
            Production Events: 0, 
            Suppression Events: 1
Time: 577.09, 
            Production Events: 0, 
            Suppression Events: 2
Time: 578.43, 
            Production Events: 1, 
            Suppression Events: 0
Time: 580.14, 
            Production Events: 1, 
            Suppression Events: 2
Time: 580.14, 
            Production Events: 0, 
            Suppression Events: 0
Time: 581.39, 
            Production Events: 0, 
            Suppression Events: 2
Time: 582.79, 
            Production Events: 1, 
            Suppression Events: 0
Time: 584.54, 
            Production Events: 0, 
            Suppression Events: 2
Time: 584.54, 
            Production Events: 0, 
            Suppression Events: 0
Time: 585.31, 
            Production Events: 0, 
            Suppression Events: 1
Time: 588.54, 
            Production Events: 1, 
            Suppression Events: 1
Time: 588.54, 
            Production Events: 0, 
            Suppression Events: 0
Time: 588.54, 
            Production Events: 0, 
            Suppression Events: 0
Time: 591.95, 
            Production Events: 0, 
            Suppression Events: 1
Time: 591.95, 
            Production Events: 0, 
            Suppression Events: 0
Time: 591.95, 
            Production Events: 0, 
            Suppression Events: 0
Time: 595.84, 
            Production Events: 0, 
            Suppression Events: 1
Time: 595.84, 
            Production Events: 0, 
            Suppression Events: 0
Time: 595.84, 
            Production Events: 0, 
            Suppression Events: 0
Time: 595.84, 
            Production Events: 0, 
            Suppression Events: 0
Time: 596.51, 
            Production Events: 1, 
            Suppression Events: 1
Time: 597.47, 
            Production Events: 0, 
            Suppression Events: 1
Time: 598.48, 
            Production Events: 1, 
            Suppression Events: 0
Time: 599.56, 
            Production Events: 2, 
            Suppression Events: 1
Time: 600.3, 
            Production Events: 0, 
            Suppression Events: 1
Time: 601.72, 
            Production Events: 0, 
            Suppression Events: 2
Time: 602.32, 
            Production Events: 0, 
            Suppression Events: 1
Time: 603.72, 
            Production Events: 0, 
            Suppression Events: 1
Time: 604.4, 
            Production Events: 0, 
            Suppression Events: 1
Time: 605.46, 
            Production Events: 0, 
            Suppression Events: 1
Time: 606.66, 
            Production Events: 0, 
            Suppression Events: 2
Time: 607.35, 
            Production Events: 0, 
            Suppression Events: 1
Time: 608.3, 
            Production Events: 1, 
            Suppression Events: 1
Time: 609.1, 
            Production Events: 0, 
            Suppression Events: 2
Time: 611.12, 
            Production Events: 0, 
            Suppression Events: 2
Time: 611.12, 
            Production Events: 0, 
            Suppression Events: 0
Time: 612.36, 
            Production Events: 0, 
            Suppression Events: 1
Time: 613.13, 
            Production Events: 0, 
            Suppression Events: 2
Time: 615.01, 
            Production Events: 1, 
            Suppression Events: 2
Time: 615.01, 
            Production Events: 0, 
            Suppression Events: 0
Time: 616.42, 
            Production Events: 0, 
            Suppression Events: 1
Time: 617.22, 
            Production Events: 0, 
            Suppression Events: 1
Time: 621.88, 
            Production Events: 1, 
            Suppression Events: 3
Time: 621.88, 
            Production Events: 0, 
            Suppression Events: 0
Time: 621.88, 
            Production Events: 0, 
            Suppression Events: 0
Time: 621.88, 
            Production Events: 0, 
            Suppression Events: 0
Time: 622.86, 
            Production Events: 1, 
            Suppression Events: 1
Time: 626.37, 
            Production Events: 0, 
            Suppression Events: 2
Time: 626.37, 
            Production Events: 0, 
            Suppression Events: 0
Time: 626.37, 
            Production Events: 0, 
            Suppression Events: 0
Time: 626.37, 
            Production Events: 0, 
            Suppression Events: 0
Time: 629.95, 
            Production Events: 1, 
            Suppression Events: 1
Time: 629.95, 
            Production Events: 0, 
            Suppression Events: 0
Time: 629.95, 
            Production Events: 0, 
            Suppression Events: 0
Time: 630.76, 
            Production Events: 0, 
            Suppression Events: 1
Time: 632.71, 
            Production Events: 0, 
            Suppression Events: 2
Time: 632.71, 
            Production Events: 0, 
            Suppression Events: 0
Time: 633.39, 
            Production Events: 0, 
            Suppression Events: 1
Time: 638.22, 
            Production Events: 0, 
            Suppression Events: 1
Time: 638.22, 
            Production Events: 0, 
            Suppression Events: 0
Time: 638.22, 
            Production Events: 0, 
            Suppression Events: 0
Time: 638.22, 
            Production Events: 0, 
            Suppression Events: 0
Time: 638.22, 
            Production Events: 0, 
            Suppression Events: 0
Time: 639.11, 
            Production Events: 1, 
            Suppression Events: 1
Time: 642.0, 
            Production Events: 0, 
            Suppression Events: 2
Time: 642.0, 
            Production Events: 0, 
            Suppression Events: 0
Time: 642.95, 
            Production Events: 1, 
            Suppression Events: 0
Time: 643.11, 
            Production Events: 0, 
            Suppression Events: 1
Time: 644.54, 
            Production Events: 2, 
            Suppression Events: 2
Time: 645.76, 
            Production Events: 0, 
            Suppression Events: 2
Time: 646.91, 
            Production Events: 1, 
            Suppression Events: 0
Time: 647.69, 
            Production Events: 1, 
            Suppression Events: 0
Time: 648.68, 
            Production Events: 0, 
            Suppression Events: 1
Time: 650.02, 
            Production Events: 1, 
            Suppression Events: 0
Time: 650.02, 
            Production Events: 0, 
            Suppression Events: 0
Time: 653.02, 
            Production Events: 1, 
            Suppression Events: 1
Time: 653.02, 
            Production Events: 0, 
            Suppression Events: 0
Time: 653.02, 
            Production Events: 0, 
            Suppression Events: 0
Time: 655.41, 
            Production Events: 1, 
            Suppression Events: 3
Time: 655.41, 
            Production Events: 0, 
            Suppression Events: 0
Time: 656.53, 
            Production Events: 0, 
            Suppression Events: 1
Time: 658.59, 
            Production Events: 1, 
            Suppression Events: 1
Time: 658.59, 
            Production Events: 0, 
            Suppression Events: 0
Time: 659.49, 
            Production Events: 0, 
            Suppression Events: 1
Time: 660.27, 
            Production Events: 0, 
            Suppression Events: 2
Time: 663.8, 
            Production Events: 1, 
            Suppression Events: 0
Time: 663.8, 
            Production Events: 0, 
            Suppression Events: 0
Time: 663.8, 
            Production Events: 0, 
            Suppression Events: 0
Time: 664.82, 
            Production Events: 1, 
            Suppression Events: 0
Time: 665.97, 
            Production Events: 0, 
            Suppression Events: 2
Time: 668.33, 
            Production Events: 0, 
            Suppression Events: 1
Time: 668.33, 
            Production Events: 0, 
            Suppression Events: 0
Time: 668.33, 
            Production Events: 0, 
            Suppression Events: 0
Time: 669.38, 
            Production Events: 0, 
            Suppression Events: 2
Time: 670.1, 
            Production Events: 0, 
            Suppression Events: 1
Time: 672.52, 
            Production Events: 0, 
            Suppression Events: 2
Time: 672.52, 
            Production Events: 0, 
            Suppression Events: 0
Time: 673.51, 
            Production Events: 0, 
            Suppression Events: 1
Time: 674.18, 
            Production Events: 0, 
            Suppression Events: 3
Time: 679.01, 
            Production Events: 0, 
            Suppression Events: 2
Time: 679.01, 
            Production Events: 0, 
            Suppression Events: 0
Time: 679.01, 
            Production Events: 0, 
            Suppression Events: 0
Time: 679.01, 
            Production Events: 0, 
            Suppression Events: 0
Time: 679.01, 
            Production Events: 0, 
            Suppression Events: 0
Time: 681.44, 
            Production Events: 0, 
            Suppression Events: 2
Time: 681.44, 
            Production Events: 0, 
            Suppression Events: 0
Time: 682.99, 
            Production Events: 0, 
            Suppression Events: 1
Time: 683.15, 
            Production Events: 0, 
            Suppression Events: 1
Time: 684.16, 
            Production Events: 0, 
            Suppression Events: 4
Time: 685.0, 
            Production Events: 0, 
            Suppression Events: 1
Time: 686.99, 
            Production Events: 0, 
            Suppression Events: 1
Time: 687.15, 
            Production Events: 0, 
            Suppression Events: 1
Time: 689.08, 
            Production Events: 0, 
            Suppression Events: 2
Time: 689.08, 
            Production Events: 0, 
            Suppression Events: 0
Time: 690.2, 
            Production Events: 0, 
            Suppression Events: 2
Time: 692.17, 
            Production Events: 0, 
            Suppression Events: 1
Time: 692.17, 
            Production Events: 0, 
            Suppression Events: 0
Time: 696.05, 
            Production Events: 0, 
            Suppression Events: 2
Time: 696.05, 
            Production Events: 0, 
            Suppression Events: 0
Time: 696.05, 
            Production Events: 0, 
            Suppression Events: 0
Time: 696.05, 
            Production Events: 0, 
            Suppression Events: 0
Time: 697.16, 
            Production Events: 0, 
            Suppression Events: 1
Time: 699.23, 
            Production Events: 2, 
            Suppression Events: 0
Time: 699.23, 
            Production Events: 0, 
            Suppression Events: 0
Time: 700.14, 
            Production Events: 0, 
            Suppression Events: 1
Time: 701.08, 
            Production Events: 0, 
            Suppression Events: 1
Time: 703.27, 
            Production Events: 2, 
            Suppression Events: 1
Time: 703.27, 
            Production Events: 0, 
            Suppression Events: 0
Time: 706.6, 
            Production Events: 0, 
            Suppression Events: 1
Time: 706.6, 
            Production Events: 0, 
            Suppression Events: 0
Time: 706.6, 
            Production Events: 0, 
            Suppression Events: 0
Time: 707.32, 
            Production Events: 0, 
            Suppression Events: 1
Time: 708.43, 
            Production Events: 0, 
            Suppression Events: 1
Time: 710.49, 
            Production Events: 1, 
            Suppression Events: 0
Time: 710.49, 
            Production Events: 0, 
            Suppression Events: 0
Time: 711.56, 
            Production Events: 1, 
            Suppression Events: 1
Time: 712.12, 
            Production Events: 1, 
            Suppression Events: 1
Time: 713.11, 
            Production Events: 0, 
            Suppression Events: 1
Time: 714.21, 
            Production Events: 1, 
            Suppression Events: 1
Time: 715.29, 
            Production Events: 0, 
            Suppression Events: 2
Time: 716.01, 
            Production Events: 0, 
            Suppression Events: 1
Time: 718.9, 
            Production Events: 0, 
            Suppression Events: 1
Time: 718.9, 
            Production Events: 0, 
            Suppression Events: 0
Time: 719.23, 
            Production Events: 0, 
            Suppression Events: 1
Time: 720.46, 
            Production Events: 0, 
            Suppression Events: 1
Time: 722.84, 
            Production Events: 0, 
            Suppression Events: 1
Time: 722.84, 
            Production Events: 0, 
            Suppression Events: 0
Time: 723.65, 
            Production Events: 0, 
            Suppression Events: 1
Time: 724.1, 
            Production Events: 0, 
            Suppression Events: 1
Time: 726.77, 
            Production Events: 0, 
            Suppression Events: 1
Time: 726.77, 
            Production Events: 0, 
            Suppression Events: 0
Time: 728.83, 
            Production Events: 1, 
            Suppression Events: 1
Time: 728.83, 
            Production Events: 0, 
            Suppression Events: 0
Time: 730.15, 
            Production Events: 0, 
            Suppression Events: 1
Time: 730.15, 
            Production Events: 0, 
            Suppression Events: 0
Time: 731.82, 
            Production Events: 0, 
            Suppression Events: 1
Time: 732.37, 
            Production Events: 0, 
            Suppression Events: 1
Time: 734.68, 
            Production Events: 0, 
            Suppression Events: 1
Time: 734.68, 
            Production Events: 0, 
            Suppression Events: 0
Time: 736.76, 
            Production Events: 0, 
            Suppression Events: 2
Time: 736.76, 
            Production Events: 0, 
            Suppression Events: 0
Time: 737.31, 
            Production Events: 0, 
            Suppression Events: 1
Time: 738.56, 
            Production Events: 0, 
            Suppression Events: 2
Time: 739.05, 
            Production Events: 1, 
            Suppression Events: 1
Time: 742.29, 
            Production Events: 1, 
            Suppression Events: 1
Time: 742.29, 
            Production Events: 0, 
            Suppression Events: 0
Time: 742.29, 
            Production Events: 0, 
            Suppression Events: 0
Time: 743.34, 
            Production Events: 1, 
            Suppression Events: 1
Time: 744.73, 
            Production Events: 1, 
            Suppression Events: 1
Time: 746.37, 
            Production Events: 1, 
            Suppression Events: 0
Time: 746.37, 
            Production Events: 0, 
            Suppression Events: 0
Time: 747.18, 
            Production Events: 0, 
            Suppression Events: 1
Time: 748.5, 
            Production Events: 0, 
            Suppression Events: 2
Time: 749.45, 
            Production Events: 0, 
            Suppression Events: 1
Time: 750.76, 
            Production Events: 1, 
            Suppression Events: 0
Time: 751.01, 
            Production Events: 0, 
            Suppression Events: 1
Time: 754.47, 
            Production Events: 2, 
            Suppression Events: 2
Time: 754.47, 
            Production Events: 0, 
            Suppression Events: 0
Time: 754.47, 
            Production Events: 0, 
            Suppression Events: 0
Time: 755.62, 
            Production Events: 0, 
            Suppression Events: 2
Time: 758.51, 
            Production Events: 0, 
            Suppression Events: 1
Time: 758.51, 
            Production Events: 0, 
            Suppression Events: 0
Time: 758.51, 
            Production Events: 0, 
            Suppression Events: 0
Time: 763.9, 
            Production Events: 1, 
            Suppression Events: 0
Time: 763.9, 
            Production Events: 0, 
            Suppression Events: 0
Time: 763.9, 
            Production Events: 0, 
            Suppression Events: 0
Time: 763.9, 
            Production Events: 0, 
            Suppression Events: 0
Time: 763.9, 
            Production Events: 0, 
            Suppression Events: 0
Time: 764.08, 
            Production Events: 0, 
            Suppression Events: 1
Time: 767.12, 
            Production Events: 2, 
            Suppression Events: 0
Time: 767.12, 
            Production Events: 0, 
            Suppression Events: 0
Time: 767.12, 
            Production Events: 0, 
            Suppression Events: 0
Time: 772.56, 
            Production Events: 0, 
            Suppression Events: 2
Time: 772.56, 
            Production Events: 0, 
            Suppression Events: 0
