Job array started at: Fri Nov 21 03:32:32 PM CET 2025
Job ID: 10860494
Array Job ID: 10860410
Array Task ID: 80
Node: th-ws-7010m14
Loading Julia module...
Module loaded: /software/opt/el_9/x86_64/julia/1.11.3/bin/julia
Changing to project directory...
Current directory: /scratch/n/N.Pfaffenzeller/nikolas_nethive/nethive_multiverse
Running parameter combination 80, replicate 1
Starting Julia simulation...
Running simulation with the following configuration:
  dataset_names: [:mnist, :cifar10, :svhn2, :fashion_mnist, :bank]
  param_id: 80
  n_bees: 5
  batch_size: 32
  replicate_id: 1
  punish_rate: 0.1
  punishment: time_out
  lambda_sensitivity: 100
  save_nn_epochs: 0
  production_rate: 1
  interaction_rate: 10
  batches_per_step: 100
  learning_rate: 1.0e-5
  max_output_dim: 10
  n_steps_per_epoch: 1
  dead_time: 200
  max_input_dim: 3072
  n_epochs: 1000
  seed: 1130085042

Starting simulation with configuration:
  dataset_names: [:mnist, :cifar10, :svhn2, :fashion_mnist, :bank]
  param_id: 80
  n_bees: 5
  batch_size: 32
  replicate_id: 1
  punish_rate: 0.1
  punishment: time_out
  lambda_sensitivity: 100
  save_nn_epochs: 0
  production_rate: 1
  interaction_rate: 10
  batches_per_step: 100
  run_timestamp: 2025-11-21T15:33:40.381
  learning_rate: 1.0e-5
  max_output_dim: 10
  n_steps_per_epoch: 1
  dead_time: 200
  max_input_dim: 3072
  n_epochs: 1000
  seed: 1130085042
Random seed: 1130085042

Starting simulation...
Time: 1.05, 
            Production Events: 1, 
            Suppression Events: 0
Time: 3.4, 
            Production Events: 1, 
            Suppression Events: 0
Time: 3.4, 
            Production Events: 0, 
            Suppression Events: 0
Time: 4.64, 
            Production Events: 2, 
            Suppression Events: 0
Time: 5.14, 
            Production Events: 0, 
            Suppression Events: 1
Time: 6.68, 
            Production Events: 1, 
            Suppression Events: 0
Time: 7.07, 
            Production Events: 1, 
            Suppression Events: 0
Time: 8.71, 
            Production Events: 2, 
            Suppression Events: 0
Time: 9.43, 
            Production Events: 0, 
            Suppression Events: 1
Time: 10.71, 
            Production Events: 0, 
            Suppression Events: 1
Time: 11.97, 
            Production Events: 1, 
            Suppression Events: 0
Time: 12.16, 
            Production Events: 1, 
            Suppression Events: 0
Time: 13.2, 
            Production Events: 0, 
            Suppression Events: 1
Time: 15.8, 
            Production Events: 1, 
            Suppression Events: 0
Time: 15.8, 
            Production Events: 0, 
            Suppression Events: 0
Time: 16.66, 
            Production Events: 1, 
            Suppression Events: 0
Time: 17.71, 
            Production Events: 0, 
            Suppression Events: 1
Time: 18.16, 
            Production Events: 0, 
            Suppression Events: 1
Time: 20.35, 
            Production Events: 2, 
            Suppression Events: 0
Time: 20.35, 
            Production Events: 0, 
            Suppression Events: 0
Time: 23.62, 
            Production Events: 2, 
            Suppression Events: 0
Time: 23.62, 
            Production Events: 0, 
            Suppression Events: 0
Time: 23.62, 
            Production Events: 0, 
            Suppression Events: 0
Time: 24.34, 
            Production Events: 0, 
            Suppression Events: 1
Time: 25.91, 
            Production Events: 2, 
            Suppression Events: 0
Time: 26.26, 
            Production Events: 1, 
            Suppression Events: 0
Time: 28.23, 
            Production Events: 1, 
            Suppression Events: 0
Time: 28.23, 
            Production Events: 0, 
            Suppression Events: 0
Time: 29.23, 
            Production Events: 0, 
            Suppression Events: 2
Time: 30.79, 
            Production Events: 0, 
            Suppression Events: 1
Time: 31.09, 
            Production Events: 0, 
            Suppression Events: 1
Time: 32.8, 
            Production Events: 1, 
            Suppression Events: 0
Time: 33.16, 
            Production Events: 0, 
            Suppression Events: 1
Time: 36.02, 
            Production Events: 0, 
            Suppression Events: 1
Time: 36.02, 
            Production Events: 0, 
            Suppression Events: 0
Time: 36.02, 
            Production Events: 0, 
            Suppression Events: 0
Time: 37.82, 
            Production Events: 1, 
            Suppression Events: 1
Time: 39.04, 
            Production Events: 0, 
            Suppression Events: 1
Time: 39.04, 
            Production Events: 0, 
            Suppression Events: 0
Time: 40.05, 
            Production Events: 0, 
            Suppression Events: 1
Time: 41.21, 
            Production Events: 3, 
            Suppression Events: 0
Time: 43.9, 
            Production Events: 0, 
            Suppression Events: 2
Time: 43.9, 
            Production Events: 0, 
            Suppression Events: 0
Time: 46.02, 
            Production Events: 1, 
            Suppression Events: 0
Time: 46.02, 
            Production Events: 0, 
            Suppression Events: 0
Time: 46.02, 
            Production Events: 0, 
            Suppression Events: 0
Time: 47.97, 
            Production Events: 4, 
            Suppression Events: 0
Time: 49.32, 
            Production Events: 1, 
            Suppression Events: 0
Time: 49.32, 
            Production Events: 0, 
            Suppression Events: 0
Time: 50.24, 
            Production Events: 1, 
            Suppression Events: 0
Time: 51.11, 
            Production Events: 0, 
            Suppression Events: 1
Time: 52.36, 
            Production Events: 1, 
            Suppression Events: 0
Time: 53.71, 
            Production Events: 0, 
            Suppression Events: 1
Time: 54.59, 
            Production Events: 0, 
            Suppression Events: 1
Time: 56.58, 
            Production Events: 0, 
            Suppression Events: 2
Time: 56.58, 
            Production Events: 0, 
            Suppression Events: 0
Time: 57.36, 
            Production Events: 0, 
            Suppression Events: 1
Time: 58.42, 
            Production Events: 0, 
            Suppression Events: 1
Time: 59.99, 
            Production Events: 1, 
            Suppression Events: 0
Time: 61.36, 
            Production Events: 1, 
            Suppression Events: 0
Time: 61.36, 
            Production Events: 0, 
            Suppression Events: 0
Time: 63.44, 
            Production Events: 1, 
            Suppression Events: 1
Time: 63.44, 
            Production Events: 0, 
            Suppression Events: 0
Time: 64.61, 
            Production Events: 1, 
            Suppression Events: 1
Time: 67.67, 
            Production Events: 1, 
            Suppression Events: 1
Time: 67.67, 
            Production Events: 0, 
            Suppression Events: 0
Time: 67.67, 
            Production Events: 0, 
            Suppression Events: 0
Time: 69.12, 
            Production Events: 1, 
            Suppression Events: 0
Time: 69.12, 
            Production Events: 0, 
            Suppression Events: 0
Time: 71.22, 
            Production Events: 1, 
            Suppression Events: 0
Time: 71.22, 
            Production Events: 0, 
            Suppression Events: 0
Time: 74.25, 
            Production Events: 0, 
            Suppression Events: 3
Time: 74.25, 
            Production Events: 0, 
            Suppression Events: 0
Time: 74.25, 
            Production Events: 0, 
            Suppression Events: 0
Time: 75.58, 
            Production Events: 0, 
            Suppression Events: 1
Time: 78.09, 
            Production Events: 0, 
            Suppression Events: 1
Time: 78.09, 
            Production Events: 0, 
            Suppression Events: 0
Time: 78.09, 
            Production Events: 0, 
            Suppression Events: 0
Time: 79.06, 
            Production Events: 0, 
            Suppression Events: 1
Time: 81.66, 
            Production Events: 0, 
            Suppression Events: 2
Time: 81.66, 
            Production Events: 0, 
            Suppression Events: 0
Time: 82.97, 
            Production Events: 0, 
            Suppression Events: 1
Time: 83.89, 
            Production Events: 1, 
            Suppression Events: 0
Time: 84.25, 
            Production Events: 0, 
            Suppression Events: 1
Time: 85.42, 
            Production Events: 0, 
            Suppression Events: 2
Time: 86.99, 
            Production Events: 2, 
            Suppression Events: 0
Time: 89.88, 
            Production Events: 0, 
            Suppression Events: 1
Time: 89.88, 
            Production Events: 0, 
            Suppression Events: 0
Time: 89.88, 
            Production Events: 0, 
            Suppression Events: 0
Time: 91.48, 
            Production Events: 0, 
            Suppression Events: 1
Time: 91.48, 
            Production Events: 0, 
            Suppression Events: 0
Time: 92.95, 
            Production Events: 0, 
            Suppression Events: 1
Time: 93.08, 
            Production Events: 0, 
            Suppression Events: 1
Time: 96.2, 
            Production Events: 2, 
            Suppression Events: 2
Time: 96.2, 
            Production Events: 0, 
            Suppression Events: 0
Time: 96.2, 
            Production Events: 0, 
            Suppression Events: 0
Time: 97.04, 
            Production Events: 0, 
            Suppression Events: 2
Time: 98.38, 
            Production Events: 0, 
            Suppression Events: 1
Time: 99.74, 
            Production Events: 1, 
            Suppression Events: 0
Time: 101.35, 
            Production Events: 0, 
            Suppression Events: 1
Time: 101.35, 
            Production Events: 0, 
            Suppression Events: 0
Time: 103.97, 
            Production Events: 2, 
            Suppression Events: 1
Time: 103.97, 
            Production Events: 0, 
            Suppression Events: 0
Time: 104.12, 
            Production Events: 0, 
            Suppression Events: 1
Time: 106.69, 
            Production Events: 0, 
            Suppression Events: 1
Time: 106.69, 
            Production Events: 0, 
            Suppression Events: 0
Time: 107.79, 
            Production Events: 1, 
            Suppression Events: 0
Time: 109.03, 
            Production Events: 0, 
            Suppression Events: 1
Time: 109.03, 
            Production Events: 0, 
            Suppression Events: 0
Time: 111.92, 
            Production Events: 0, 
            Suppression Events: 3
Time: 111.92, 
            Production Events: 0, 
            Suppression Events: 0
Time: 112.42, 
            Production Events: 0, 
            Suppression Events: 2
Time: 115.87, 
            Production Events: 0, 
            Suppression Events: 2
Time: 115.87, 
            Production Events: 0, 
            Suppression Events: 0
Time: 115.87, 
            Production Events: 0, 
            Suppression Events: 0
Time: 117.88, 
            Production Events: 0, 
            Suppression Events: 2
Time: 117.88, 
            Production Events: 0, 
            Suppression Events: 0
Time: 118.12, 
            Production Events: 0, 
            Suppression Events: 1
Time: 121.53, 
            Production Events: 0, 
            Suppression Events: 1
Time: 121.53, 
            Production Events: 0, 
            Suppression Events: 0
Time: 121.53, 
            Production Events: 0, 
            Suppression Events: 0
Time: 123.47, 
            Production Events: 0, 
            Suppression Events: 1
Time: 123.47, 
            Production Events: 0, 
            Suppression Events: 0
Time: 125.94, 
            Production Events: 0, 
            Suppression Events: 1
Time: 125.94, 
            Production Events: 0, 
            Suppression Events: 0
Time: 126.85, 
            Production Events: 0, 
            Suppression Events: 1
Time: 128.07, 
            Production Events: 1, 
            Suppression Events: 1
Time: 128.07, 
            Production Events: 0, 
            Suppression Events: 0
Time: 131.1, 
            Production Events: 0, 
            Suppression Events: 3
Time: 131.1, 
            Production Events: 0, 
            Suppression Events: 0
Time: 131.1, 
            Production Events: 0, 
            Suppression Events: 0
Time: 133.9, 
            Production Events: 0, 
            Suppression Events: 2
Time: 133.9, 
            Production Events: 0, 
            Suppression Events: 0
Time: 135.03, 
            Production Events: 0, 
            Suppression Events: 1
Time: 135.03, 
            Production Events: 0, 
            Suppression Events: 0
Time: 137.01, 
            Production Events: 1, 
            Suppression Events: 1
Time: 137.01, 
            Production Events: 0, 
            Suppression Events: 0
Time: 138.07, 
            Production Events: 1, 
            Suppression Events: 2
Time: 139.5, 
            Production Events: 0, 
            Suppression Events: 2
Time: 142.58, 
            Production Events: 1, 
            Suppression Events: 1
Time: 142.58, 
            Production Events: 0, 
            Suppression Events: 0
Time: 142.58, 
            Production Events: 0, 
            Suppression Events: 0
Time: 143.32, 
            Production Events: 0, 
            Suppression Events: 2
Time: 145.29, 
            Production Events: 1, 
            Suppression Events: 2
Time: 145.29, 
            Production Events: 0, 
            Suppression Events: 0
Time: 146.0, 
            Production Events: 0, 
            Suppression Events: 1
Time: 147.09, 
            Production Events: 0, 
            Suppression Events: 1
Time: 149.61, 
            Production Events: 1, 
            Suppression Events: 2
Time: 149.61, 
            Production Events: 0, 
            Suppression Events: 0
Time: 150.04, 
            Production Events: 0, 
            Suppression Events: 2
Time: 152.38, 
            Production Events: 0, 
            Suppression Events: 3
Time: 152.38, 
            Production Events: 0, 
            Suppression Events: 0
Time: 155.72, 
            Production Events: 0, 
            Suppression Events: 2
Time: 155.72, 
            Production Events: 0, 
            Suppression Events: 0
Time: 155.72, 
            Production Events: 0, 
            Suppression Events: 0
Time: 156.77, 
            Production Events: 0, 
            Suppression Events: 1
Time: 159.53, 
            Production Events: 0, 
            Suppression Events: 1
Time: 159.53, 
            Production Events: 0, 
            Suppression Events: 0
Time: 159.53, 
            Production Events: 0, 
            Suppression Events: 0
Time: 160.0, 
            Production Events: 0, 
            Suppression Events: 1
Time: 162.73, 
            Production Events: 0, 
            Suppression Events: 3
Time: 162.73, 
            Production Events: 0, 
            Suppression Events: 0
Time: 163.82, 
            Production Events: 0, 
            Suppression Events: 1
Time: 164.33, 
            Production Events: 0, 
            Suppression Events: 1
Time: 165.15, 
            Production Events: 1, 
            Suppression Events: 1
Time: 166.41, 
            Production Events: 0, 
            Suppression Events: 1
Time: 168.38, 
            Production Events: 0, 
            Suppression Events: 1
Time: 168.38, 
            Production Events: 0, 
            Suppression Events: 0
Time: 169.43, 
            Production Events: 0, 
            Suppression Events: 2
Time: 170.64, 
            Production Events: 0, 
            Suppression Events: 1
Time: 171.19, 
            Production Events: 0, 
            Suppression Events: 2
Time: 172.06, 
            Production Events: 0, 
            Suppression Events: 1
Time: 177.0, 
            Production Events: 0, 
            Suppression Events: 3
Time: 177.0, 
            Production Events: 0, 
            Suppression Events: 0
Time: 177.0, 
            Production Events: 0, 
            Suppression Events: 0
Time: 177.0, 
            Production Events: 0, 
            Suppression Events: 0
Time: 177.0, 
            Production Events: 0, 
            Suppression Events: 0
Time: 179.09, 
            Production Events: 0, 
            Suppression Events: 3
Time: 179.09, 
            Production Events: 0, 
            Suppression Events: 0
Time: 180.94, 
            Production Events: 1, 
            Suppression Events: 2
Time: 182.63, 
            Production Events: 0, 
            Suppression Events: 1
Time: 182.63, 
            Production Events: 0, 
            Suppression Events: 0
Time: 184.97, 
            Production Events: 0, 
            Suppression Events: 1
Time: 184.97, 
            Production Events: 0, 
            Suppression Events: 0
Time: 189.32, 
            Production Events: 0, 
            Suppression Events: 1
Time: 189.32, 
            Production Events: 0, 
            Suppression Events: 0
Time: 189.32, 
            Production Events: 0, 
            Suppression Events: 0
Time: 189.32, 
            Production Events: 0, 
            Suppression Events: 0
Time: 189.32, 
            Production Events: 0, 
            Suppression Events: 0
Time: 190.07, 
            Production Events: 0, 
            Suppression Events: 2
Time: 192.44, 
            Production Events: 0, 
            Suppression Events: 1
Time: 192.44, 
            Production Events: 0, 
            Suppression Events: 0
Time: 193.9, 
            Production Events: 0, 
            Suppression Events: 1
Time: 196.05, 
            Production Events: 0, 
            Suppression Events: 1
Time: 196.05, 
            Production Events: 0, 
            Suppression Events: 0
Time: 196.05, 
            Production Events: 0, 
            Suppression Events: 0
Time: 198.94, 
            Production Events: 1, 
            Suppression Events: 1
Time: 198.94, 
            Production Events: 0, 
            Suppression Events: 0
Time: 199.76, 
            Production Events: 0, 
            Suppression Events: 1
Time: 201.49, 
            Production Events: 1, 
            Suppression Events: 1
Time: 201.49, 
            Production Events: 0, 
            Suppression Events: 0
Time: 202.41, 
            Production Events: 1, 
            Suppression Events: 1
Time: 203.44, 
            Production Events: 1, 
            Suppression Events: 0
Time: 204.5, 
            Production Events: 0, 
            Suppression Events: 1
Time: 205.4, 
            Production Events: 0, 
            Suppression Events: 2
Time: 206.85, 
            Production Events: 0, 
            Suppression Events: 1
Time: 207.11, 
            Production Events: 1, 
            Suppression Events: 0
Time: 208.08, 
            Production Events: 0, 
            Suppression Events: 1
Time: 209.53, 
            Production Events: 0, 
            Suppression Events: 2
Time: 211.2, 
            Production Events: 0, 
            Suppression Events: 1
Time: 211.2, 
            Production Events: 0, 
            Suppression Events: 0
Time: 212.71, 
            Production Events: 1, 
            Suppression Events: 3
Time: 214.4, 
            Production Events: 0, 
            Suppression Events: 2
Time: 214.4, 
            Production Events: 0, 
            Suppression Events: 0
Time: 215.19, 
            Production Events: 2, 
            Suppression Events: 2
Time: 216.1, 
            Production Events: 0, 
            Suppression Events: 2
Time: 218.44, 
            Production Events: 0, 
            Suppression Events: 1
Time: 218.44, 
            Production Events: 0, 
            Suppression Events: 0
Time: 220.62, 
            Production Events: 0, 
            Suppression Events: 1
Time: 220.62, 
            Production Events: 0, 
            Suppression Events: 0
Time: 221.35, 
            Production Events: 0, 
            Suppression Events: 2
Time: 222.19, 
            Production Events: 0, 
            Suppression Events: 2
Time: 224.68, 
            Production Events: 0, 
            Suppression Events: 1
Time: 224.68, 
            Production Events: 0, 
            Suppression Events: 0
Time: 225.42, 
            Production Events: 0, 
            Suppression Events: 2
Time: 228.18, 
            Production Events: 0, 
            Suppression Events: 1
Time: 228.18, 
            Production Events: 0, 
            Suppression Events: 0
Time: 228.18, 
            Production Events: 0, 
            Suppression Events: 0
Time: 229.58, 
            Production Events: 0, 
            Suppression Events: 1
Time: 230.96, 
            Production Events: 1, 
            Suppression Events: 2
Time: 231.12, 
            Production Events: 0, 
            Suppression Events: 1
Time: 233.77, 
            Production Events: 0, 
            Suppression Events: 2
Time: 233.77, 
            Production Events: 0, 
            Suppression Events: 0
Time: 235.04, 
            Production Events: 0, 
            Suppression Events: 1
Time: 235.04, 
            Production Events: 0, 
            Suppression Events: 0
Time: 239.69, 
            Production Events: 0, 
            Suppression Events: 2
Time: 239.69, 
            Production Events: 0, 
            Suppression Events: 0
Time: 239.69, 
            Production Events: 0, 
            Suppression Events: 0
Time: 239.69, 
            Production Events: 0, 
            Suppression Events: 0
Time: 240.41, 
            Production Events: 0, 
            Suppression Events: 1
Time: 241.71, 
            Production Events: 0, 
            Suppression Events: 1
Time: 242.05, 
            Production Events: 0, 
            Suppression Events: 1
Time: 244.69, 
            Production Events: 1, 
            Suppression Events: 0
Time: 244.69, 
            Production Events: 0, 
            Suppression Events: 0
Time: 245.8, 
            Production Events: 0, 
            Suppression Events: 3
Time: 246.87, 
            Production Events: 1, 
            Suppression Events: 1
Time: 251.25, 
            Production Events: 0, 
            Suppression Events: 1
Time: 251.25, 
            Production Events: 0, 
            Suppression Events: 0
Time: 251.25, 
            Production Events: 0, 
            Suppression Events: 0
Time: 251.25, 
            Production Events: 0, 
            Suppression Events: 0
Time: 251.25, 
            Production Events: 0, 
            Suppression Events: 0
Time: 253.0, 
            Production Events: 0, 
            Suppression Events: 1
Time: 253.0, 
            Production Events: 0, 
            Suppression Events: 0
Time: 254.18, 
            Production Events: 2, 
            Suppression Events: 1
Time: 256.2, 
            Production Events: 1, 
            Suppression Events: 2
Time: 256.2, 
            Production Events: 0, 
            Suppression Events: 0
Time: 259.18, 
            Production Events: 0, 
            Suppression Events: 2
Time: 259.18, 
            Production Events: 0, 
            Suppression Events: 0
Time: 259.18, 
            Production Events: 0, 
            Suppression Events: 0
Time: 260.99, 
            Production Events: 0, 
            Suppression Events: 1
Time: 261.97, 
            Production Events: 1, 
            Suppression Events: 0
Time: 262.41, 
            Production Events: 0, 
            Suppression Events: 1
Time: 263.14, 
            Production Events: 0, 
            Suppression Events: 3
Time: 268.64, 
            Production Events: 0, 
            Suppression Events: 1
Time: 268.64, 
            Production Events: 0, 
            Suppression Events: 0
Time: 268.64, 
            Production Events: 0, 
            Suppression Events: 0
Time: 268.64, 
            Production Events: 0, 
            Suppression Events: 0
Time: 268.64, 
            Production Events: 0, 
            Suppression Events: 0
Time: 269.02, 
            Production Events: 0, 
            Suppression Events: 1
Time: 271.25, 
            Production Events: 0, 
            Suppression Events: 2
Time: 271.25, 
            Production Events: 0, 
            Suppression Events: 0
Time: 274.81, 
            Production Events: 0, 
            Suppression Events: 1
Time: 274.81, 
            Production Events: 0, 
            Suppression Events: 0
Time: 274.81, 
            Production Events: 0, 
            Suppression Events: 0
Time: 275.51, 
            Production Events: 0, 
            Suppression Events: 1
Time: 277.05, 
            Production Events: 0, 
            Suppression Events: 1
Time: 277.05, 
            Production Events: 0, 
            Suppression Events: 0
Time: 278.32, 
            Production Events: 0, 
            Suppression Events: 2
Time: 280.43, 
            Production Events: 0, 
            Suppression Events: 2
Time: 280.43, 
            Production Events: 0, 
            Suppression Events: 0
Time: 282.48, 
            Production Events: 0, 
            Suppression Events: 1
Time: 282.48, 
            Production Events: 0, 
            Suppression Events: 0
Time: 284.41, 
            Production Events: 0, 
            Suppression Events: 1
Time: 284.41, 
            Production Events: 0, 
            Suppression Events: 0
Time: 285.19, 
            Production Events: 0, 
            Suppression Events: 1
Time: 286.23, 
            Production Events: 0, 
            Suppression Events: 1
Time: 287.87, 
            Production Events: 0, 
            Suppression Events: 2
Time: 290.07, 
            Production Events: 0, 
            Suppression Events: 1
Time: 290.07, 
            Production Events: 0, 
            Suppression Events: 0
Time: 290.07, 
            Production Events: 0, 
            Suppression Events: 0
Time: 292.46, 
            Production Events: 0, 
            Suppression Events: 1
Time: 292.46, 
            Production Events: 0, 
            Suppression Events: 0
Time: 294.48, 
            Production Events: 1, 
            Suppression Events: 1
Time: 294.48, 
            Production Events: 0, 
            Suppression Events: 0
Time: 295.53, 
            Production Events: 0, 
            Suppression Events: 2
Time: 296.4, 
            Production Events: 0, 
            Suppression Events: 2
Time: 297.24, 
            Production Events: 0, 
            Suppression Events: 2
Time: 298.1, 
            Production Events: 0, 
            Suppression Events: 1
Time: 300.86, 
            Production Events: 1, 
            Suppression Events: 1
Time: 300.86, 
            Production Events: 0, 
            Suppression Events: 0
Time: 302.04, 
            Production Events: 0, 
            Suppression Events: 1
Time: 302.04, 
            Production Events: 0, 
            Suppression Events: 0
Time: 303.68, 
            Production Events: 0, 
            Suppression Events: 1
Time: 305.38, 
            Production Events: 0, 
            Suppression Events: 1
Time: 305.38, 
            Production Events: 0, 
            Suppression Events: 0
Time: 306.05, 
            Production Events: 1, 
            Suppression Events: 1
Time: 307.04, 
            Production Events: 1, 
            Suppression Events: 2
Time: 309.17, 
            Production Events: 0, 
            Suppression Events: 2
Time: 309.17, 
            Production Events: 0, 
            Suppression Events: 0
Time: 310.31, 
            Production Events: 0, 
            Suppression Events: 1
Time: 311.36, 
            Production Events: 0, 
            Suppression Events: 2
Time: 313.28, 
            Production Events: 0, 
            Suppression Events: 1
Time: 313.28, 
            Production Events: 0, 
            Suppression Events: 0
Time: 314.21, 
            Production Events: 0, 
            Suppression Events: 1
Time: 318.52, 
            Production Events: 0, 
            Suppression Events: 1
Time: 318.52, 
            Production Events: 0, 
            Suppression Events: 0
Time: 318.52, 
            Production Events: 0, 
            Suppression Events: 0
Time: 318.52, 
            Production Events: 0, 
            Suppression Events: 0
Time: 319.89, 
            Production Events: 1, 
            Suppression Events: 2
Time: 320.93, 
            Production Events: 0, 
            Suppression Events: 1
Time: 321.14, 
            Production Events: 1, 
            Suppression Events: 0
Time: 322.04, 
            Production Events: 0, 
            Suppression Events: 1
Time: 323.62, 
            Production Events: 0, 
            Suppression Events: 3
Time: 327.08, 
            Production Events: 0, 
            Suppression Events: 3
Time: 327.08, 
            Production Events: 0, 
            Suppression Events: 0
Time: 327.08, 
            Production Events: 0, 
            Suppression Events: 0
Time: 327.08, 
            Production Events: 0, 
            Suppression Events: 0
Time: 328.33, 
            Production Events: 0, 
            Suppression Events: 5
Time: 329.57, 
            Production Events: 0, 
            Suppression Events: 1
Time: 332.56, 
            Production Events: 0, 
            Suppression Events: 1
Time: 332.56, 
            Production Events: 0, 
            Suppression Events: 0
Time: 332.56, 
            Production Events: 0, 
            Suppression Events: 0
Time: 333.57, 
            Production Events: 1, 
            Suppression Events: 0
Time: 336.02, 
            Production Events: 0, 
            Suppression Events: 1
Time: 336.02, 
            Production Events: 0, 
            Suppression Events: 0
Time: 336.02, 
            Production Events: 0, 
            Suppression Events: 0
Time: 338.28, 
            Production Events: 0, 
            Suppression Events: 2
Time: 338.28, 
            Production Events: 0, 
            Suppression Events: 0
Time: 339.24, 
            Production Events: 1, 
            Suppression Events: 1
Time: 340.37, 
            Production Events: 1, 
            Suppression Events: 1
Time: 341.16, 
            Production Events: 0, 
            Suppression Events: 1
Time: 342.14, 
            Production Events: 0, 
            Suppression Events: 1
Time: 343.58, 
            Production Events: 0, 
            Suppression Events: 1
Time: 344.67, 
            Production Events: 0, 
            Suppression Events: 1
Time: 346.3, 
            Production Events: 0, 
            Suppression Events: 2
Time: 346.3, 
            Production Events: 0, 
            Suppression Events: 0
Time: 347.3, 
            Production Events: 0, 
            Suppression Events: 1
Time: 348.55, 
            Production Events: 0, 
            Suppression Events: 1
Time: 349.26, 
            Production Events: 0, 
            Suppression Events: 1
Time: 350.01, 
            Production Events: 0, 
            Suppression Events: 2
Time: 353.98, 
            Production Events: 0, 
            Suppression Events: 2
Time: 353.98, 
            Production Events: 0, 
            Suppression Events: 0
Time: 353.98, 
            Production Events: 0, 
            Suppression Events: 0
Time: 355.16, 
            Production Events: 0, 
            Suppression Events: 1
Time: 355.16, 
            Production Events: 0, 
            Suppression Events: 0
Time: 356.26, 
            Production Events: 0, 
            Suppression Events: 1
Time: 358.24, 
            Production Events: 0, 
            Suppression Events: 1
Time: 358.24, 
            Production Events: 0, 
            Suppression Events: 0
Time: 359.58, 
            Production Events: 0, 
            Suppression Events: 1
Time: 361.35, 
            Production Events: 0, 
            Suppression Events: 1
Time: 361.35, 
            Production Events: 0, 
            Suppression Events: 0
Time: 362.07, 
            Production Events: 1, 
            Suppression Events: 0
Time: 363.98, 
            Production Events: 1, 
            Suppression Events: 2
Time: 366.7, 
            Production Events: 1, 
            Suppression Events: 0
Time: 366.7, 
            Production Events: 0, 
            Suppression Events: 0
Time: 366.7, 
            Production Events: 0, 
            Suppression Events: 0
Time: 370.49, 
            Production Events: 0, 
            Suppression Events: 1
Time: 370.49, 
            Production Events: 0, 
            Suppression Events: 0
Time: 370.49, 
            Production Events: 0, 
            Suppression Events: 0
Time: 370.49, 
            Production Events: 0, 
            Suppression Events: 0
Time: 371.91, 
            Production Events: 0, 
            Suppression Events: 1
Time: 373.2, 
            Production Events: 0, 
            Suppression Events: 1
Time: 373.2, 
            Production Events: 0, 
            Suppression Events: 0
Time: 375.59, 
            Production Events: 0, 
            Suppression Events: 2
Time: 375.59, 
            Production Events: 0, 
            Suppression Events: 0
Time: 383.07, 
            Production Events: 1, 
            Suppression Events: 1
Time: 383.07, 
            Production Events: 0, 
            Suppression Events: 0
Time: 383.07, 
            Production Events: 0, 
            Suppression Events: 0
Time: 383.07, 
            Production Events: 0, 
            Suppression Events: 0
Time: 383.07, 
            Production Events: 0, 
            Suppression Events: 0
Time: 383.07, 
            Production Events: 0, 
            Suppression Events: 0
Time: 383.07, 
            Production Events: 0, 
            Suppression Events: 0
Time: 383.07, 
            Production Events: 0, 
            Suppression Events: 0
Time: 385.4, 
            Production Events: 0, 
            Suppression Events: 3
Time: 385.4, 
            Production Events: 0, 
            Suppression Events: 0
Time: 387.11, 
            Production Events: 0, 
            Suppression Events: 1
Time: 387.11, 
            Production Events: 0, 
            Suppression Events: 0
Time: 388.84, 
            Production Events: 2, 
            Suppression Events: 2
Time: 389.96, 
            Production Events: 0, 
            Suppression Events: 1
Time: 390.78, 
            Production Events: 1, 
            Suppression Events: 0
Time: 391.9, 
            Production Events: 0, 
            Suppression Events: 2
Time: 394.21, 
            Production Events: 0, 
            Suppression Events: 1
Time: 394.21, 
            Production Events: 0, 
            Suppression Events: 0
Time: 394.21, 
            Production Events: 0, 
            Suppression Events: 0
Time: 395.31, 
            Production Events: 0, 
            Suppression Events: 2
Time: 396.03, 
            Production Events: 1, 
            Suppression Events: 0
Time: 397.02, 
            Production Events: 1, 
            Suppression Events: 1
Time: 398.15, 
            Production Events: 1, 
            Suppression Events: 1
Time: 400.09, 
            Production Events: 1, 
            Suppression Events: 1
Time: 400.09, 
            Production Events: 0, 
            Suppression Events: 0
Time: 401.8, 
            Production Events: 0, 
            Suppression Events: 2
Time: 402.36, 
            Production Events: 1, 
            Suppression Events: 0
Time: 404.07, 
            Production Events: 0, 
            Suppression Events: 2
Time: 404.07, 
            Production Events: 0, 
            Suppression Events: 0
Time: 406.77, 
            Production Events: 0, 
            Suppression Events: 4
Time: 406.77, 
            Production Events: 0, 
            Suppression Events: 0
Time: 407.38, 
            Production Events: 0, 
            Suppression Events: 1
Time: 408.25, 
            Production Events: 0, 
            Suppression Events: 1
Time: 410.97, 
            Production Events: 0, 
            Suppression Events: 1
Time: 410.97, 
            Production Events: 0, 
            Suppression Events: 0
Time: 412.11, 
            Production Events: 0, 
            Suppression Events: 1
Time: 412.11, 
            Production Events: 0, 
            Suppression Events: 0
Time: 413.53, 
            Production Events: 1, 
            Suppression Events: 2
Time: 414.06, 
            Production Events: 0, 
            Suppression Events: 1
Time: 415.01, 
            Production Events: 0, 
            Suppression Events: 3
Time: 421.47, 
            Production Events: 0, 
            Suppression Events: 2
Time: 421.47, 
            Production Events: 0, 
            Suppression Events: 0
Time: 421.47, 
            Production Events: 0, 
            Suppression Events: 0
Time: 421.47, 
            Production Events: 0, 
            Suppression Events: 0
Time: 421.47, 
            Production Events: 0, 
            Suppression Events: 0
Time: 421.47, 
            Production Events: 0, 
            Suppression Events: 0
Time: 422.3, 
            Production Events: 0, 
            Suppression Events: 2
Time: 424.35, 
            Production Events: 1, 
            Suppression Events: 1
Time: 424.35, 
            Production Events: 0, 
            Suppression Events: 0
Time: 425.42, 
            Production Events: 1, 
            Suppression Events: 1
Time: 426.74, 
            Production Events: 0, 
            Suppression Events: 1
Time: 427.15, 
            Production Events: 1, 
            Suppression Events: 0
Time: 428.82, 
            Production Events: 0, 
            Suppression Events: 1
Time: 429.19, 
            Production Events: 0, 
            Suppression Events: 1
Time: 430.05, 
            Production Events: 1, 
            Suppression Events: 1
Time: 431.76, 
            Production Events: 0, 
            Suppression Events: 3
Time: 432.32, 
            Production Events: 0, 
            Suppression Events: 1
Time: 434.17, 
            Production Events: 0, 
            Suppression Events: 2
Time: 434.17, 
            Production Events: 0, 
            Suppression Events: 0
Time: 435.09, 
            Production Events: 1, 
            Suppression Events: 4
Time: 436.72, 
            Production Events: 0, 
            Suppression Events: 2
Time: 437.56, 
            Production Events: 0, 
            Suppression Events: 1
Time: 438.43, 
            Production Events: 0, 
            Suppression Events: 1
Time: 439.38, 
            Production Events: 0, 
            Suppression Events: 1
Time: 441.16, 
            Production Events: 0, 
            Suppression Events: 2
Time: 441.16, 
            Production Events: 0, 
            Suppression Events: 0
Time: 442.05, 
            Production Events: 0, 
            Suppression Events: 3
Time: 443.49, 
            Production Events: 0, 
            Suppression Events: 2
Time: 444.27, 
            Production Events: 0, 
            Suppression Events: 1
Time: 445.25, 
            Production Events: 0, 
            Suppression Events: 1
Time: 446.39, 
            Production Events: 0, 
            Suppression Events: 1
Time: 447.1, 
            Production Events: 0, 
            Suppression Events: 1
Time: 449.63, 
            Production Events: 0, 
            Suppression Events: 1
Time: 449.63, 
            Production Events: 0, 
            Suppression Events: 0
Time: 450.67, 
            Production Events: 1, 
            Suppression Events: 2
Time: 451.81, 
            Production Events: 0, 
            Suppression Events: 1
Time: 452.51, 
            Production Events: 0, 
            Suppression Events: 1
Time: 455.68, 
            Production Events: 0, 
            Suppression Events: 1
Time: 455.68, 
            Production Events: 0, 
            Suppression Events: 0
Time: 455.68, 
            Production Events: 0, 
            Suppression Events: 0
Time: 456.72, 
            Production Events: 0, 
            Suppression Events: 1
Time: 457.24, 
            Production Events: 1, 
            Suppression Events: 1
Time: 458.84, 
            Production Events: 0, 
            Suppression Events: 1
Time: 460.53, 
            Production Events: 0, 
            Suppression Events: 1
Time: 460.53, 
            Production Events: 0, 
            Suppression Events: 0
Time: 462.06, 
            Production Events: 0, 
            Suppression Events: 1
Time: 462.06, 
            Production Events: 0, 
            Suppression Events: 0
Time: 464.13, 
            Production Events: 1, 
            Suppression Events: 0
Time: 464.13, 
            Production Events: 0, 
            Suppression Events: 0
Time: 465.18, 
            Production Events: 0, 
            Suppression Events: 2
Time: 466.79, 
            Production Events: 0, 
            Suppression Events: 2
Time: 467.32, 
            Production Events: 0, 
            Suppression Events: 1
Time: 468.37, 
            Production Events: 0, 
            Suppression Events: 1
Time: 470.23, 
            Production Events: 1, 
            Suppression Events: 1
Time: 470.23, 
            Production Events: 0, 
            Suppression Events: 0
Time: 471.02, 
            Production Events: 0, 
            Suppression Events: 2
Time: 472.69, 
            Production Events: 0, 
            Suppression Events: 2
Time: 473.43, 
            Production Events: 0, 
            Suppression Events: 1
Time: 475.97, 
            Production Events: 0, 
            Suppression Events: 1
Time: 475.97, 
            Production Events: 0, 
            Suppression Events: 0
Time: 476.07, 
            Production Events: 0, 
            Suppression Events: 1
Time: 477.17, 
            Production Events: 0, 
            Suppression Events: 1
Time: 478.46, 
            Production Events: 0, 
            Suppression Events: 1
Time: 481.63, 
            Production Events: 0, 
            Suppression Events: 2
Time: 481.63, 
            Production Events: 0, 
            Suppression Events: 0
Time: 481.63, 
            Production Events: 0, 
            Suppression Events: 0
Time: 482.64, 
            Production Events: 0, 
            Suppression Events: 1
Time: 483.27, 
            Production Events: 0, 
            Suppression Events: 1
Time: 485.61, 
            Production Events: 0, 
            Suppression Events: 1
Time: 485.61, 
            Production Events: 0, 
            Suppression Events: 0
Time: 486.16, 
            Production Events: 0, 
            Suppression Events: 2
Time: 488.38, 
            Production Events: 0, 
            Suppression Events: 1
Time: 488.38, 
            Production Events: 0, 
            Suppression Events: 0
Time: 491.0, 
            Production Events: 0, 
            Suppression Events: 1
Time: 491.0, 
            Production Events: 0, 
            Suppression Events: 0
Time: 491.0, 
            Production Events: 0, 
            Suppression Events: 0
Time: 492.62, 
            Production Events: 0, 
            Suppression Events: 2
Time: 495.08, 
            Production Events: 0, 
            Suppression Events: 1
Time: 495.08, 
            Production Events: 0, 
            Suppression Events: 0
Time: 495.08, 
            Production Events: 0, 
            Suppression Events: 0
Time: 496.63, 
            Production Events: 0, 
            Suppression Events: 3
Time: 497.31, 
            Production Events: 0, 
            Suppression Events: 1
Time: 498.2, 
            Production Events: 0, 
            Suppression Events: 1
Time: 499.89, 
            Production Events: 0, 
            Suppression Events: 1
Time: 501.32, 
            Production Events: 0, 
            Suppression Events: 2
Time: 501.32, 
            Production Events: 0, 
            Suppression Events: 0
Time: 504.41, 
            Production Events: 0, 
            Suppression Events: 1
Time: 504.41, 
            Production Events: 0, 
            Suppression Events: 0
Time: 504.41, 
            Production Events: 0, 
            Suppression Events: 0
Time: 505.12, 
            Production Events: 0, 
            Suppression Events: 1
Time: 507.2, 
            Production Events: 1, 
            Suppression Events: 0
Time: 507.2, 
            Production Events: 0, 
            Suppression Events: 0
Time: 508.51, 
            Production Events: 1, 
            Suppression Events: 4
Time: 510.55, 
            Production Events: 1, 
            Suppression Events: 0
Time: 510.55, 
            Production Events: 0, 
            Suppression Events: 0
Time: 513.36, 
            Production Events: 0, 
            Suppression Events: 1
Time: 513.36, 
            Production Events: 0, 
            Suppression Events: 0
Time: 513.36, 
            Production Events: 0, 
            Suppression Events: 0
Time: 514.17, 
            Production Events: 0, 
            Suppression Events: 3
Time: 516.44, 
            Production Events: 0, 
            Suppression Events: 1
Time: 516.44, 
            Production Events: 0, 
            Suppression Events: 0
Time: 517.1, 
            Production Events: 1, 
            Suppression Events: 0
Time: 518.22, 
            Production Events: 0, 
            Suppression Events: 2
Time: 519.54, 
            Production Events: 0, 
            Suppression Events: 1
Time: 521.65, 
            Production Events: 0, 
            Suppression Events: 1
Time: 521.65, 
            Production Events: 0, 
            Suppression Events: 0
Time: 523.5, 
            Production Events: 0, 
            Suppression Events: 1
Time: 523.5, 
            Production Events: 0, 
            Suppression Events: 0
Time: 527.33, 
            Production Events: 0, 
            Suppression Events: 1
Time: 527.33, 
            Production Events: 0, 
            Suppression Events: 0
Time: 527.33, 
            Production Events: 0, 
            Suppression Events: 0
Time: 527.33, 
            Production Events: 0, 
            Suppression Events: 0
Time: 528.21, 
            Production Events: 1, 
            Suppression Events: 1
Time: 530.08, 
            Production Events: 0, 
            Suppression Events: 2
Time: 530.08, 
            Production Events: 0, 
            Suppression Events: 0
Time: 531.24, 
            Production Events: 1, 
            Suppression Events: 2
Time: 532.18, 
            Production Events: 1, 
            Suppression Events: 0
Time: 534.19, 
            Production Events: 0, 
            Suppression Events: 1
Time: 534.19, 
            Production Events: 0, 
            Suppression Events: 0
Time: 535.53, 
            Production Events: 1, 
            Suppression Events: 1
Time: 537.01, 
            Production Events: 0, 
            Suppression Events: 2
Time: 537.01, 
            Production Events: 0, 
            Suppression Events: 0
Time: 540.5, 
            Production Events: 0, 
            Suppression Events: 2
Time: 540.5, 
            Production Events: 0, 
            Suppression Events: 0
Time: 540.5, 
            Production Events: 0, 
            Suppression Events: 0
Time: 541.55, 
            Production Events: 1, 
            Suppression Events: 1
Time: 542.91, 
            Production Events: 0, 
            Suppression Events: 2
Time: 543.55, 
            Production Events: 1, 
            Suppression Events: 0
Time: 544.21, 
            Production Events: 0, 
            Suppression Events: 2
Time: 545.04, 
            Production Events: 1, 
            Suppression Events: 0
Time: 547.13, 
            Production Events: 1, 
            Suppression Events: 1
Time: 547.13, 
            Production Events: 0, 
            Suppression Events: 0
Time: 548.52, 
            Production Events: 1, 
            Suppression Events: 2
Time: 549.42, 
            Production Events: 0, 
            Suppression Events: 1
Time: 550.39, 
            Production Events: 0, 
            Suppression Events: 1
Time: 552.06, 
            Production Events: 1, 
            Suppression Events: 0
Time: 552.06, 
            Production Events: 0, 
            Suppression Events: 0
Time: 553.19, 
            Production Events: 0, 
            Suppression Events: 2
Time: 555.66, 
            Production Events: 0, 
            Suppression Events: 1
Time: 555.66, 
            Production Events: 0, 
            Suppression Events: 0
Time: 557.43, 
            Production Events: 0, 
            Suppression Events: 1
Time: 557.43, 
            Production Events: 0, 
            Suppression Events: 0
Time: 558.79, 
            Production Events: 0, 
            Suppression Events: 1
Time: 561.11, 
            Production Events: 0, 
            Suppression Events: 3
Time: 561.11, 
            Production Events: 0, 
            Suppression Events: 0
Time: 561.11, 
            Production Events: 0, 
            Suppression Events: 0
Time: 563.11, 
            Production Events: 1, 
            Suppression Events: 0
Time: 563.11, 
            Production Events: 0, 
            Suppression Events: 0
Time: 564.1, 
            Production Events: 0, 
            Suppression Events: 1
Time: 565.8, 
            Production Events: 1, 
            Suppression Events: 0
Time: 566.15, 
            Production Events: 0, 
            Suppression Events: 1
Time: 567.87, 
            Production Events: 1, 
            Suppression Events: 2
Time: 573.14, 
            Production Events: 0, 
            Suppression Events: 1
Time: 573.14, 
            Production Events: 0, 
            Suppression Events: 0
Time: 573.14, 
            Production Events: 0, 
            Suppression Events: 0
Time: 573.14, 
            Production Events: 0, 
            Suppression Events: 0
Time: 573.14, 
            Production Events: 0, 
            Suppression Events: 0
Time: 573.14, 
            Production Events: 0, 
            Suppression Events: 0
Time: 576.95, 
            Production Events: 0, 
            Suppression Events: 2
Time: 576.95, 
            Production Events: 0, 
            Suppression Events: 0
Time: 576.95, 
            Production Events: 0, 
            Suppression Events: 0
Time: 577.82, 
            Production Events: 0, 
            Suppression Events: 1
Time: 578.38, 
            Production Events: 0, 
            Suppression Events: 1
Time: 579.77, 
            Production Events: 0, 
            Suppression Events: 3
Time: 584.31, 
            Production Events: 0, 
            Suppression Events: 1
Time: 584.31, 
            Production Events: 0, 
            Suppression Events: 0
Time: 584.31, 
            Production Events: 0, 
            Suppression Events: 0
Time: 584.31, 
            Production Events: 0, 
            Suppression Events: 0
Time: 584.31, 
            Production Events: 0, 
            Suppression Events: 0
Time: 585.96, 
            Production Events: 1, 
            Suppression Events: 1
Time: 587.98, 
            Production Events: 0, 
            Suppression Events: 1
Time: 587.98, 
            Production Events: 0, 
            Suppression Events: 0
Time: 589.08, 
            Production Events: 0, 
            Suppression Events: 1
Time: 589.08, 
            Production Events: 0, 
            Suppression Events: 0
Time: 591.54, 
            Production Events: 0, 
            Suppression Events: 1
Time: 591.54, 
            Production Events: 0, 
            Suppression Events: 0
Time: 592.31, 
            Production Events: 0, 
            Suppression Events: 1
Time: 594.88, 
            Production Events: 0, 
            Suppression Events: 1
Time: 594.88, 
            Production Events: 0, 
            Suppression Events: 0
Time: 595.4, 
            Production Events: 0, 
            Suppression Events: 1
Time: 596.11, 
            Production Events: 0, 
            Suppression Events: 1
Time: 598.97, 
            Production Events: 1, 
            Suppression Events: 0
Time: 598.97, 
            Production Events: 0, 
            Suppression Events: 0
Time: 599.94, 
            Production Events: 0, 
            Suppression Events: 1
Time: 602.1, 
            Production Events: 0, 
            Suppression Events: 1
Time: 602.1, 
            Production Events: 0, 
            Suppression Events: 0
Time: 602.1, 
            Production Events: 0, 
            Suppression Events: 0
Time: 604.33, 
            Production Events: 0, 
            Suppression Events: 1
Time: 604.33, 
            Production Events: 0, 
            Suppression Events: 0
Time: 607.36, 
            Production Events: 0, 
            Suppression Events: 1
Time: 607.36, 
            Production Events: 0, 
            Suppression Events: 0
Time: 607.36, 
            Production Events: 0, 
            Suppression Events: 0
Time: 608.39, 
            Production Events: 0, 
            Suppression Events: 1
Time: 611.55, 
            Production Events: 1, 
            Suppression Events: 0
Time: 611.55, 
            Production Events: 0, 
            Suppression Events: 0
Time: 611.55, 
            Production Events: 0, 
            Suppression Events: 0
Time: 613.11, 
            Production Events: 0, 
            Suppression Events: 1
Time: 613.11, 
            Production Events: 0, 
            Suppression Events: 0
Time: 614.74, 
            Production Events: 0, 
            Suppression Events: 2
Time: 615.65, 
            Production Events: 0, 
            Suppression Events: 1
Time: 616.95, 
            Production Events: 0, 
            Suppression Events: 1
Time: 617.63, 
            Production Events: 0, 
            Suppression Events: 1
Time: 618.3, 
            Production Events: 0, 
            Suppression Events: 2
Time: 622.75, 
            Production Events: 0, 
            Suppression Events: 3
Time: 622.75, 
            Production Events: 0, 
            Suppression Events: 0
Time: 622.75, 
            Production Events: 0, 
            Suppression Events: 0
Time: 622.75, 
            Production Events: 0, 
            Suppression Events: 0
Time: 624.59, 
            Production Events: 0, 
            Suppression Events: 1
Time: 624.59, 
            Production Events: 0, 
            Suppression Events: 0
Time: 625.88, 
            Production Events: 0, 
            Suppression Events: 1
Time: 626.42, 
            Production Events: 0, 
            Suppression Events: 1
Time: 627.09, 
            Production Events: 0, 
            Suppression Events: 2
Time: 630.91, 
            Production Events: 1, 
            Suppression Events: 2
Time: 630.91, 
            Production Events: 0, 
            Suppression Events: 0
Time: 630.91, 
            Production Events: 0, 
            Suppression Events: 0
Time: 631.41, 
            Production Events: 0, 
            Suppression Events: 1
Time: 633.3, 
            Production Events: 0, 
            Suppression Events: 2
Time: 633.3, 
            Production Events: 0, 
            Suppression Events: 0
Time: 635.39, 
            Production Events: 1, 
            Suppression Events: 0
Time: 635.39, 
            Production Events: 0, 
            Suppression Events: 0
Time: 636.15, 
            Production Events: 0, 
            Suppression Events: 2
Time: 638.25, 
            Production Events: 0, 
            Suppression Events: 2
Time: 638.25, 
            Production Events: 0, 
            Suppression Events: 0
Time: 640.52, 
            Production Events: 1, 
            Suppression Events: 0
Time: 640.52, 
            Production Events: 0, 
            Suppression Events: 0
Time: 641.92, 
            Production Events: 0, 
            Suppression Events: 1
Time: 643.04, 
            Production Events: 0, 
            Suppression Events: 1
Time: 643.04, 
            Production Events: 0, 
            Suppression Events: 0
Time: 647.43, 
            Production Events: 0, 
            Suppression Events: 2
Time: 647.43, 
            Production Events: 0, 
            Suppression Events: 0
Time: 647.43, 
            Production Events: 0, 
            Suppression Events: 0
Time: 647.43, 
            Production Events: 0, 
            Suppression Events: 0
Time: 648.8, 
            Production Events: 0, 
            Suppression Events: 1
Time: 649.76, 
            Production Events: 0, 
            Suppression Events: 1
Time: 652.51, 
            Production Events: 0, 
            Suppression Events: 1
Time: 652.51, 
            Production Events: 0, 
            Suppression Events: 0
Time: 652.51, 
            Production Events: 0, 
            Suppression Events: 0
Time: 653.19, 
            Production Events: 0, 
            Suppression Events: 1
Time: 656.62, 
            Production Events: 1, 
            Suppression Events: 2
Time: 656.62, 
            Production Events: 0, 
            Suppression Events: 0
Time: 656.62, 
            Production Events: 0, 
            Suppression Events: 0
Time: 657.89, 
            Production Events: 0, 
            Suppression Events: 1
Time: 659.48, 
            Production Events: 0, 
            Suppression Events: 1
Time: 659.48, 
            Production Events: 0, 
            Suppression Events: 0
Time: 660.68, 
            Production Events: 1, 
            Suppression Events: 0
Time: 661.62, 
            Production Events: 1, 
            Suppression Events: 0
Time: 662.34, 
            Production Events: 1, 
            Suppression Events: 1
Time: 664.21, 
            Production Events: 0, 
            Suppression Events: 1
Time: 664.21, 
            Production Events: 0, 
            Suppression Events: 0
Time: 666.59, 
            Production Events: 0, 
            Suppression Events: 1
Time: 666.59, 
            Production Events: 0, 
            Suppression Events: 0
Time: 667.59, 
            Production Events: 0, 
            Suppression Events: 1
Time: 668.03, 
            Production Events: 0, 
            Suppression Events: 2
Time: 669.28, 
            Production Events: 0, 
            Suppression Events: 1
Time: 674.01, 
            Production Events: 1, 
            Suppression Events: 1
Time: 674.01, 
            Production Events: 0, 
            Suppression Events: 0
Time: 674.01, 
            Production Events: 0, 
            Suppression Events: 0
Time: 674.01, 
            Production Events: 0, 
            Suppression Events: 0
Time: 674.01, 
            Production Events: 0, 
            Suppression Events: 0
Time: 675.43, 
            Production Events: 0, 
            Suppression Events: 2
Time: 678.15, 
            Production Events: 0, 
            Suppression Events: 1
Time: 678.15, 
            Production Events: 0, 
            Suppression Events: 0
Time: 678.15, 
            Production Events: 0, 
            Suppression Events: 0
Time: 679.11, 
            Production Events: 0, 
            Suppression Events: 2
Time: 680.96, 
            Production Events: 0, 
            Suppression Events: 1
Time: 681.63, 
            Production Events: 0, 
            Suppression Events: 1
Time: 682.02, 
            Production Events: 0, 
            Suppression Events: 1
Time: 683.21, 
            Production Events: 1, 
            Suppression Events: 0
Time: 685.08, 
            Production Events: 0, 
            Suppression Events: 1
Time: 685.08, 
            Production Events: 0, 
            Suppression Events: 0
Time: 686.44, 
            Production Events: 0, 
            Suppression Events: 1
Time: 687.44, 
            Production Events: 0, 
            Suppression Events: 1
Time: 691.28, 
            Production Events: 0, 
            Suppression Events: 2
Time: 691.28, 
            Production Events: 0, 
            Suppression Events: 0
Time: 691.28, 
            Production Events: 0, 
            Suppression Events: 0
Time: 691.28, 
            Production Events: 0, 
            Suppression Events: 0
Time: 692.79, 
            Production Events: 0, 
            Suppression Events: 3
Time: 693.22, 
            Production Events: 0, 
            Suppression Events: 1
Time: 695.61, 
            Production Events: 1, 
            Suppression Events: 1
Time: 695.61, 
            Production Events: 0, 
            Suppression Events: 0
Time: 697.01, 
            Production Events: 1, 
            Suppression Events: 1
Time: 697.01, 
            Production Events: 0, 
            Suppression Events: 0
Time: 698.33, 
            Production Events: 0, 
            Suppression Events: 2
Time: 699.2, 
            Production Events: 0, 
            Suppression Events: 3
Time: 700.65, 
            Production Events: 0, 
            Suppression Events: 1
Time: 701.6, 
            Production Events: 1, 
            Suppression Events: 0
Time: 702.32, 
            Production Events: 0, 
            Suppression Events: 2
Time: 705.67, 
            Production Events: 1, 
            Suppression Events: 0
Time: 705.67, 
            Production Events: 0, 
            Suppression Events: 0
Time: 705.67, 
            Production Events: 0, 
            Suppression Events: 0
Time: 709.96, 
            Production Events: 0, 
            Suppression Events: 1
Time: 709.96, 
            Production Events: 0, 
            Suppression Events: 0
Time: 709.96, 
            Production Events: 0, 
            Suppression Events: 0
Time: 709.96, 
            Production Events: 0, 
            Suppression Events: 0
Time: 712.91, 
            Production Events: 0, 
            Suppression Events: 1
Time: 712.91, 
            Production Events: 0, 
            Suppression Events: 0
Time: 712.91, 
            Production Events: 0, 
            Suppression Events: 0
Time: 713.43, 
            Production Events: 0, 
            Suppression Events: 1
Time: 717.45, 
            Production Events: 0, 
            Suppression Events: 1
Time: 717.45, 
            Production Events: 0, 
            Suppression Events: 0
Time: 717.45, 
            Production Events: 0, 
            Suppression Events: 0
Time: 717.45, 
            Production Events: 0, 
            Suppression Events: 0
Time: 718.42, 
            Production Events: 0, 
            Suppression Events: 1
Time: 719.48, 
            Production Events: 1, 
            Suppression Events: 1
Time: 720.83, 
            Production Events: 0, 
            Suppression Events: 1
Time: 722.0, 
            Production Events: 0, 
            Suppression Events: 1
Time: 722.0, 
            Production Events: 0, 
            Suppression Events: 0
Time: 725.34, 
            Production Events: 0, 
            Suppression Events: 1
Time: 725.34, 
            Production Events: 0, 
            Suppression Events: 0
Time: 725.34, 
            Production Events: 0, 
            Suppression Events: 0
Time: 727.22, 
            Production Events: 1, 
            Suppression Events: 0
Time: 727.22, 
            Production Events: 0, 
            Suppression Events: 0
Time: 728.62, 
            Production Events: 0, 
            Suppression Events: 2
Time: 731.61, 
            Production Events: 1, 
            Suppression Events: 0
Time: 731.61, 
            Production Events: 0, 
            Suppression Events: 0
Time: 731.61, 
            Production Events: 0, 
            Suppression Events: 0
Time: 732.19, 
            Production Events: 0, 
            Suppression Events: 2
Time: 735.19, 
            Production Events: 0, 
            Suppression Events: 1
Time: 735.19, 
            Production Events: 0, 
            Suppression Events: 0
Time: 735.19, 
            Production Events: 0, 
            Suppression Events: 0
Time: 736.27, 
            Production Events: 0, 
            Suppression Events: 2
Time: 737.08, 
            Production Events: 0, 
            Suppression Events: 4
Time: 738.31, 
            Production Events: 1, 
            Suppression Events: 1
Time: 739.69, 
            Production Events: 0, 
            Suppression Events: 1
Time: 740.16, 
            Production Events: 0, 
            Suppression Events: 1
Time: 742.11, 
            Production Events: 0, 
            Suppression Events: 1
Time: 742.11, 
            Production Events: 0, 
            Suppression Events: 0
Time: 744.68, 
            Production Events: 0, 
            Suppression Events: 1
Time: 744.68, 
            Production Events: 0, 
            Suppression Events: 0
Time: 745.03, 
            Production Events: 0, 
            Suppression Events: 2
Time: 746.99, 
            Production Events: 0, 
            Suppression Events: 1
Time: 747.36, 
            Production Events: 1, 
            Suppression Events: 0
Time: 749.77, 
            Production Events: 1, 
            Suppression Events: 0
Time: 749.77, 
            Production Events: 0, 
            Suppression Events: 0
Time: 750.9, 
            Production Events: 0, 
            Suppression Events: 1
Time: 753.4, 
            Production Events: 0, 
            Suppression Events: 1
Time: 753.4, 
            Production Events: 0, 
            Suppression Events: 0
Time: 753.4, 
            Production Events: 0, 
            Suppression Events: 0
Time: 755.03, 
            Production Events: 0, 
            Suppression Events: 1
Time: 755.03, 
            Production Events: 0, 
            Suppression Events: 0
Time: 756.01, 
            Production Events: 1, 
            Suppression Events: 2
Time: 757.17, 
            Production Events: 0, 
            Suppression Events: 2
Time: 758.33, 
            Production Events: 0, 
            Suppression Events: 1
Time: 759.1, 
            Production Events: 0, 
            Suppression Events: 2
Time: 761.68, 
            Production Events: 1, 
            Suppression Events: 2
Time: 761.68, 
            Production Events: 0, 
            Suppression Events: 0
Time: 765.74, 
            Production Events: 0, 
            Suppression Events: 1
Time: 765.74, 
            Production Events: 0, 
            Suppression Events: 0
Time: 765.74, 
            Production Events: 0, 
            Suppression Events: 0
Time: 765.74, 
            Production Events: 0, 
            Suppression Events: 0
Time: 766.31, 
            Production Events: 0, 
            Suppression Events: 1
Time: 767.01, 
            Production Events: 0, 
            Suppression Events: 2
Time: 768.42, 
            Production Events: 1, 
            Suppression Events: 0
Time: 771.87, 
            Production Events: 0, 
            Suppression Events: 3
Time: 771.87, 
            Production Events: 0, 
            Suppression Events: 0
Time: 771.87, 
            Production Events: 0, 
            Suppression Events: 0
Time: 774.3, 
            Production Events: 0, 
            Suppression Events: 1
Time: 774.3, 
            Production Events: 0, 
            Suppression Events: 0
Time: 774.3, 
            Production Events: 0, 
            Suppression Events: 0
Time: 775.25, 
            Production Events: 0, 
            Suppression Events: 1
Time: 778.73, 
            Production Events: 0, 
            Suppression Events: 3
Time: 778.73, 
            Production Events: 0, 
            Suppression Events: 0
Time: 778.73, 
            Production Events: 0, 
            Suppression Events: 0
Time: 779.11, 
            Production Events: 0, 
            Suppression Events: 2
Time: 780.13, 
            Production Events: 2, 
            Suppression Events: 0
Time: 781.57, 
            Production Events: 0, 
            Suppression Events: 1
Time: 782.33, 
            Production Events: 0, 
            Suppression Events: 2
Time: 783.94, 
            Production Events: 0, 
            Suppression Events: 1
Time: 786.02, 
            Production Events: 0, 
            Suppression Events: 1
Time: 786.02, 
            Production Events: 0, 
            Suppression Events: 0
Time: 786.02, 
            Production Events: 0, 
            Suppression Events: 0
Time: 787.5, 
            Production Events: 0, 
            Suppression Events: 5
Time: 788.38, 
            Production Events: 0, 
            Suppression Events: 1
Time: 790.63, 
            Production Events: 0, 
            Suppression Events: 1
Time: 790.63, 
            Production Events: 0, 
            Suppression Events: 0
Time: 791.66, 
            Production Events: 0, 
            Suppression Events: 1
Time: 793.25, 
            Production Events: 0, 
            Suppression Events: 1
Time: 793.25, 
            Production Events: 0, 
            Suppression Events: 0
Time: 794.37, 
            Production Events: 0, 
            Suppression Events: 1
Time: 795.08, 
            Production Events: 0, 
            Suppression Events: 2
Time: 796.02, 
            Production Events: 2, 
            Suppression Events: 1
Time: 797.48, 
            Production Events: 0, 
            Suppression Events: 1
Time: 798.58, 
            Production Events: 0, 
            Suppression Events: 1
Time: 800.08, 
            Production Events: 0, 
            Suppression Events: 1
Time: 800.08, 
            Production Events: 0, 
            Suppression Events: 0
Time: 801.03, 
            Production Events: 0, 
            Suppression Events: 1
Time: 802.16, 
            Production Events: 1, 
            Suppression Events: 2
Time: 803.31, 
            Production Events: 0, 
            Suppression Events: 2
Time: 804.74, 
            Production Events: 0, 
            Suppression Events: 2
Time: 805.05, 
            Production Events: 1, 
            Suppression Events: 1
Time: 810.2, 
            Production Events: 1, 
            Suppression Events: 0
Time: 810.2, 
            Production Events: 0, 
            Suppression Events: 0
Time: 810.2, 
            Production Events: 0, 
            Suppression Events: 0
Time: 810.2, 
            Production Events: 0, 
            Suppression Events: 0
Time: 810.2, 
            Production Events: 0, 
            Suppression Events: 0
Time: 811.02, 
            Production Events: 0, 
            Suppression Events: 1
Time: 813.19, 
            Production Events: 1, 
            Suppression Events: 0
Time: 813.19, 
            Production Events: 0, 
            Suppression Events: 0
Time: 816.63, 
            Production Events: 2, 
            Suppression Events: 0
Time: 816.63, 
            Production Events: 0, 
            Suppression Events: 0
Time: 816.63, 
            Production Events: 0, 
            Suppression Events: 0
Time: 818.42, 
            Production Events: 0, 
            Suppression Events: 2
Time: 818.42, 
            Production Events: 0, 
            Suppression Events: 0
Time: 819.15, 
            Production Events: 0, 
            Suppression Events: 1
Time: 820.34, 
            Production Events: 1, 
            Suppression Events: 0
Time: 821.17, 
            Production Events: 0, 
            Suppression Events: 1
Time: 822.28, 
            Production Events: 1, 
            Suppression Events: 2
Time: 824.01, 
            Production Events: 0, 
            Suppression Events: 1
Time: 824.01, 
            Production Events: 0, 
            Suppression Events: 0
Time: 826.01, 
            Production Events: 0, 
            Suppression Events: 1
Time: 826.01, 
            Production Events: 0, 
            Suppression Events: 0
Time: 828.26, 
            Production Events: 1, 
            Suppression Events: 0
Time: 828.26, 
            Production Events: 0, 
            Suppression Events: 0
Time: 830.48, 
            Production Events: 0, 
            Suppression Events: 2
Time: 830.48, 
            Production Events: 0, 
            Suppression Events: 0
Time: 831.34, 
            Production Events: 0, 
            Suppression Events: 2
Time: 832.55, 
            Production Events: 1, 
            Suppression Events: 1
Time: 834.15, 
            Production Events: 0, 
            Suppression Events: 1
Time: 834.15, 
            Production Events: 0, 
            Suppression Events: 0
Time: 836.17, 
            Production Events: 1, 
            Suppression Events: 1
Time: 836.17, 
            Production Events: 0, 
            Suppression Events: 0
Time: 837.42, 
            Production Events: 1, 
            Suppression Events: 1
Time: 838.77, 
            Production Events: 0, 
            Suppression Events: 3
Time: 840.55, 
            Production Events: 0, 
            Suppression Events: 1
Time: 840.55, 
            Production Events: 0, 
            Suppression Events: 0
Time: 841.48, 
            Production Events: 0, 
            Suppression Events: 1
Time: 842.57, 
            Production Events: 0, 
            Suppression Events: 4
Time: 843.01, 
            Production Events: 0, 
            Suppression Events: 1
Time: 845.84, 
            Production Events: 0, 
            Suppression Events: 1
Time: 845.84, 
            Production Events: 0, 
            Suppression Events: 0
Time: 846.02, 
            Production Events: 0, 
            Suppression Events: 1
Time: 848.16, 
            Production Events: 1, 
            Suppression Events: 0
Time: 848.16, 
            Production Events: 0, 
            Suppression Events: 0
Time: 849.68, 
            Production Events: 0, 
            Suppression Events: 1
Time: 850.55, 
            Production Events: 1, 
            Suppression Events: 1
Time: 851.47, 
            Production Events: 0, 
            Suppression Events: 1
Time: 852.37, 
            Production Events: 0, 
            Suppression Events: 1
Time: 853.66, 
            Production Events: 0, 
            Suppression Events: 1
Time: 856.85, 
            Production Events: 0, 
            Suppression Events: 2
Time: 856.85, 
            Production Events: 0, 
            Suppression Events: 0
Time: 856.85, 
            Production Events: 0, 
            Suppression Events: 0
Time: 857.1, 
            Production Events: 0, 
            Suppression Events: 2
Time: 859.98, 
            Production Events: 1, 
            Suppression Events: 1
Time: 859.98, 
            Production Events: 0, 
            Suppression Events: 0
Time: 860.65, 
            Production Events: 0, 
            Suppression Events: 1
Time: 862.21, 
            Production Events: 0, 
            Suppression Events: 1
Time: 862.21, 
            Production Events: 0, 
            Suppression Events: 0
Time: 865.25, 
            Production Events: 1, 
            Suppression Events: 1
Time: 865.25, 
            Production Events: 0, 
            Suppression Events: 0
Time: 865.25, 
            Production Events: 0, 
            Suppression Events: 0
Time: 868.66, 
            Production Events: 0, 
            Suppression Events: 1
Time: 868.66, 
            Production Events: 0, 
            Suppression Events: 0
Time: 868.66, 
            Production Events: 0, 
            Suppression Events: 0
Time: 869.22, 
            Production Events: 0, 
            Suppression Events: 2
Time: 871.53, 
            Production Events: 1, 
            Suppression Events: 2
Time: 871.53, 
            Production Events: 0, 
            Suppression Events: 0
Time: 874.09, 
            Production Events: 0, 
            Suppression Events: 1
Time: 874.09, 
            Production Events: 0, 
            Suppression Events: 0
Time: 874.09, 
            Production Events: 0, 
            Suppression Events: 0
Time: 875.19, 
            Production Events: 1, 
            Suppression Events: 1
Time: 876.06, 
            Production Events: 1, 
            Suppression Events: 0
Time: 877.41, 
            Production Events: 0, 
            Suppression Events: 1
Time: 878.46, 
            Production Events: 0, 
            Suppression Events: 1
Time: 879.49, 
            Production Events: 0, 
            Suppression Events: 1
Time: 880.03, 
            Production Events: 0, 
            Suppression Events: 1
Time: 885.03, 
            Production Events: 0, 
            Suppression Events: 2
Time: 885.03, 
            Production Events: 0, 
            Suppression Events: 0
Time: 885.03, 
            Production Events: 0, 
            Suppression Events: 0
Time: 885.03, 
            Production Events: 0, 
            Suppression Events: 0
Time: 885.03, 
            Production Events: 0, 
            Suppression Events: 0
Time: 886.38, 
            Production Events: 1, 
            Suppression Events: 2
Time: 889.11, 
            Production Events: 0, 
            Suppression Events: 2
Time: 889.11, 
            Production Events: 0, 
            Suppression Events: 0
Time: 889.11, 
            Production Events: 0, 
            Suppression Events: 0
Time: 890.67, 
            Production Events: 0, 
            Suppression Events: 1
Time: 891.09, 
            Production Events: 0, 
            Suppression Events: 1
Time: 892.22, 
            Production Events: 0, 
            Suppression Events: 1
Time: 893.97, 
            Production Events: 0, 
            Suppression Events: 3
Time: 894.82, 
            Production Events: 0, 
            Suppression Events: 1
Time: 895.22, 
            Production Events: 0, 
            Suppression Events: 1
Time: 896.84, 
            Production Events: 0, 
            Suppression Events: 3
Time: 897.08, 
            Production Events: 0, 
            Suppression Events: 1
Time: 898.04, 
            Production Events: 0, 
            Suppression Events: 1
Time: 901.91, 
            Production Events: 0, 
            Suppression Events: 1
Time: 901.91, 
            Production Events: 0, 
            Suppression Events: 0
Time: 901.91, 
            Production Events: 0, 
            Suppression Events: 0
Time: 902.55, 
            Production Events: 0, 
            Suppression Events: 1
Time: 903.66, 
            Production Events: 0, 
            Suppression Events: 2
Time: 904.37, 
            Production Events: 0, 
            Suppression Events: 1
Time: 905.53, 
            Production Events: 0, 
            Suppression Events: 1
Time: 906.33, 
            Production Events: 0, 
            Suppression Events: 1
Time: 910.8, 
            Production Events: 1, 
            Suppression Events: 1
Time: 910.8, 
            Production Events: 0, 
            Suppression Events: 0
Time: 910.8, 
            Production Events: 0, 
            Suppression Events: 0
Time: 910.8, 
            Production Events: 0, 
            Suppression Events: 0
Time: 911.11, 
            Production Events: 0, 
            Suppression Events: 1
Time: 914.89, 
            Production Events: 1, 
            Suppression Events: 1
Time: 914.89, 
            Production Events: 0, 
            Suppression Events: 0
Time: 914.89, 
            Production Events: 0, 
            Suppression Events: 0
Time: 915.53, 
            Production Events: 1, 
            Suppression Events: 0
Time: 916.42, 
            Production Events: 0, 
            Suppression Events: 1
Time: 917.25, 
            Production Events: 0, 
            Suppression Events: 2
Time: 918.73, 
            Production Events: 0, 
            Suppression Events: 2
Time: 919.28, 
            Production Events: 0, 
            Suppression Events: 1
Time: 920.05, 
            Production Events: 0, 
            Suppression Events: 1
Time: 923.05, 
            Production Events: 0, 
            Suppression Events: 4
Time: 923.05, 
            Production Events: 0, 
            Suppression Events: 0
Time: 923.05, 
            Production Events: 0, 
            Suppression Events: 0
Time: 924.89, 
            Production Events: 0, 
            Suppression Events: 1
Time: 925.53, 
            Production Events: 0, 
            Suppression Events: 1
Time: 927.43, 
            Production Events: 0, 
            Suppression Events: 1
Time: 927.43, 
            Production Events: 0, 
            Suppression Events: 0
Time: 929.84, 
            Production Events: 1, 
            Suppression Events: 0
Time: 929.84, 
            Production Events: 0, 
            Suppression Events: 0
Time: 930.36, 
            Production Events: 1, 
            Suppression Events: 1
Time: 934.19, 
            Production Events: 0, 
            Suppression Events: 1
Time: 934.19, 
            Production Events: 0, 
            Suppression Events: 0
Time: 934.19, 
            Production Events: 0, 
            Suppression Events: 0
Time: 934.19, 
            Production Events: 0, 
            Suppression Events: 0
Time: 936.27, 
            Production Events: 1, 
            Suppression Events: 2
Time: 936.27, 
            Production Events: 0, 
            Suppression Events: 0
Time: 937.19, 
            Production Events: 1, 
            Suppression Events: 2
Time: 938.08, 
            Production Events: 1, 
            Suppression Events: 0
Time: 939.04, 
            Production Events: 0, 
            Suppression Events: 2
Time: 940.35, 
            Production Events: 1, 
            Suppression Events: 0
Time: 942.31, 
            Production Events: 0, 
            Suppression Events: 2
Time: 942.31, 
            Production Events: 0, 
            Suppression Events: 0
Time: 946.34, 
            Production Events: 0, 
            Suppression Events: 1
Time: 946.34, 
            Production Events: 0, 
            Suppression Events: 0
Time: 946.34, 
            Production Events: 0, 
            Suppression Events: 0
Time: 946.34, 
            Production Events: 0, 
            Suppression Events: 0
Time: 948.83, 
            Production Events: 1, 
            Suppression Events: 2
Time: 948.83, 
            Production Events: 0, 
            Suppression Events: 0
Time: 949.49, 
            Production Events: 0, 
            Suppression Events: 1
Time: 950.68, 
            Production Events: 0, 
            Suppression Events: 1
Time: 951.57, 
            Production Events: 0, 
            Suppression Events: 1
Time: 953.41, 
            Production Events: 0, 
            Suppression Events: 1
Time: 953.41, 
            Production Events: 0, 
            Suppression Events: 0
Time: 954.46, 
            Production Events: 0, 
            Suppression Events: 1
Time: 955.87, 
            Production Events: 0, 
            Suppression Events: 3
Time: 956.69, 
            Production Events: 0, 
            Suppression Events: 1
Time: 957.3, 
            Production Events: 0, 
            Suppression Events: 1
Time: 958.73, 
            Production Events: 0, 
            Suppression Events: 4
Time: 960.83, 
            Production Events: 0, 
            Suppression Events: 2
Time: 960.83, 
            Production Events: 0, 
            Suppression Events: 0
Time: 961.1, 
            Production Events: 0, 
            Suppression Events: 1
Time: 964.58, 
            Production Events: 2, 
            Suppression Events: 4
Time: 964.58, 
            Production Events: 0, 
            Suppression Events: 0
Time: 964.58, 
            Production Events: 0, 
            Suppression Events: 0
Time: 965.51, 
            Production Events: 0, 
            Suppression Events: 1
Time: 967.02, 
            Production Events: 0, 
            Suppression Events: 1
Time: 967.02, 
            Production Events: 0, 
            Suppression Events: 0
Time: 968.83, 
            Production Events: 0, 
            Suppression Events: 1
Time: 969.28, 
            Production Events: 0, 
            Suppression Events: 1
Time: 972.14, 
            Production Events: 1, 
            Suppression Events: 2
Time: 972.14, 
            Production Events: 0, 
            Suppression Events: 0
Time: 972.14, 
            Production Events: 0, 
            Suppression Events: 0
Time: 974.18, 
            Production Events: 1, 
            Suppression Events: 1
Time: 974.18, 
            Production Events: 0, 
            Suppression Events: 0
Time: 975.47, 
            Production Events: 1, 
            Suppression Events: 0
Time: 978.89, 
            Production Events: 0, 
            Suppression Events: 2
Time: 978.89, 
            Production Events: 0, 
            Suppression Events: 0
Time: 978.89, 
            Production Events: 0, 
            Suppression Events: 0
Time: 981.75, 
            Production Events: 0, 
            Suppression Events: 1
Time: 981.75, 
            Production Events: 0, 
            Suppression Events: 0
Time: 981.75, 
            Production Events: 0, 
            Suppression Events: 0
Time: 983.52, 
            Production Events: 0, 
            Suppression Events: 1
Time: 983.52, 
            Production Events: 0, 
            Suppression Events: 0
Time: 984.62, 
            Production Events: 0, 
            Suppression Events: 2
Time: 987.0, 
            Production Events: 0, 
            Suppression Events: 2
Time: 987.0, 
            Production Events: 0, 
            Suppression Events: 0
Time: 987.0, 
            Production Events: 0, 
            Suppression Events: 0
Time: 989.5, 
            Production Events: 0, 
            Suppression Events: 1
Time: 989.5, 
            Production Events: 0, 
            Suppression Events: 0
Time: 991.29, 
            Production Events: 1, 
            Suppression Events: 0
Time: 991.29, 
            Production Events: 0, 
            Suppression Events: 0
Time: 992.42, 
            Production Events: 0, 
            Suppression Events: 1
Time: 993.19, 
            Production Events: 0, 
            Suppression Events: 2
Time: 994.0, 
            Production Events: 0, 
            Suppression Events: 1
Time: 996.23, 
            Production Events: 0, 
            Suppression Events: 1
Time: 996.23, 
            Production Events: 0, 
            Suppression Events: 0
Time: 997.01, 
            Production Events: 0, 
            Suppression Events: 1
Time: 999.32, 
            Production Events: 0, 
            Suppression Events: 2
Time: 999.32, 
            Production Events: 0, 
            Suppression Events: 0
Time: 1000.82, 
            Production Events: 0, 
            Suppression Events: 1
Simulation completed:
  Final time: 1000.8173112471574
  Total events: 961
  Wall time: 6265.95 seconds

Saving simulation results with clean separation...
Task evolution saved to: 5t5b/5t5b_mfcsb/data/param_80_rep_1_2025-11-21_153340/states.csv
Events saved to: 5t5b/5t5b_mfcsb/data/param_80_rep_1_2025-11-21_153340/events.csv
Saving event log (raw and DataFrame)...
log DataFrame size: (966, 9)
short view:
59 DataFrame
 Row  time     bee1_id  bee2_id  task_id  task_1   task_2   task_3     task_4 
      Float64  Int64    Int64    Int64    Float64  Float64  Float64    Float6 

   1      0.0        1        0        0   0.1041   0.1046  0.150968    0.015 
   2      0.0        2        0        0   0.0762   0.0963  0.0885065   0.045
   3      0.0        3        0        0   0.1132   0.0969  0.169906    0.1
   4      0.0        4        0        0   0.1246   0.0866  0.0832053   0.154
   5      0.0        5        0        0   0.0996   0.1267  0.143669    0.097 
                                                               2 columns omittedEvent log saved to: 5t5b/5t5b_mfcsb/data/param_80_rep_1_2025-11-21_153340/event_log.json
Event log DataFrame saved to: 5t5b/5t5b_mfcsb/data/param_80_rep_1_2025-11-21_153340/event_log.csv
Metadata and configuration saved to: 5t5b/5t5b_mfcsb/data/param_80_rep_1_2025-11-21_153340/config.json
Task index mapping saved to: 5t5b/5t5b_mfcsb/data/param_80_rep_1_2025-11-21_153340/task_index_mapping.json
All results saved to directory: 5t5b/5t5b_mfcsb/data/param_80_rep_1_2025-11-21_153340
Simulation completed successfully!
Job finished at: Fri Nov 21 05:18:35 PM CET 2025
